2019-03-02 02:04:37,791 [I] 	(at main.py:29) 
2019-03-02 02:04:37,791 [I] ===== START - RUN ==============================================	(at main.py:32) 
2019-03-02 02:04:37,792 [D] Title: RUN, Job key: RUN_2019-03-02_02:04:37	(at main.py:40) 
2019-03-02 02:04:37,792 [I] Load config file.	(at main.py:56) 
2019-03-02 02:04:37,792 [D] Loading config from ['/home/bohrok/Documents/DM/output/orbs/mug/2/config/config.ini']	(at config.py:16) 
2019-03-02 02:04:37,792 [D] Load config successfully!	(at config.py:19) 
2019-03-02 02:04:37,792 [D] Initialize directory: .	(at workspace.py:10) 
2019-03-02 02:04:37,792 [I] Initialize workspace.	(at main.py:64) 
2019-03-02 02:04:37,792 [I] Working directory path: /home/bohrok/Documents/DM/output/orbs/mug/2/work	(at workspace.py:41) 
2019-03-02 02:04:37,794 [D] Record the config on workspace.	(at workspace.py:62) 
2019-03-02 02:04:37,794 [I] No PRE stage.	(at main.py:73) 
2019-03-02 02:04:37,794 [I] Construct SliceSpace.	(at main.py:76) 
2019-03-02 02:04:37,794 [I] Compile the system.	(at slicespace.py:148) 
2019-03-02 02:04:37,833 [I] Execute the system.	(at slicespace.py:160) 
2019-03-02 02:04:37,840 [I] Compile the system again (sanity check).	(at slicespace.py:174) 
2019-03-02 02:04:37,878 [I] Execute the system again (sanity check).	(at slicespace.py:188) 
2019-03-02 02:04:37,889 [I] Construct deletion operators.	(at main.py:80) 
2019-03-02 02:04:37,889 [I] Run ORBS stage.	(at main.py:85) 
2019-03-02 02:04:37,890 [I] ORBS starts...	(at orbs.py:53) 
2019-03-02 02:04:37,906 [D] subprocess cmd: ['source compile.sh /home/bohrok/Documents/DM/output/orbs/mug/2/work'], stdout: b''	(at ex_script.py:45) 
2019-03-02 02:04:37,907 [D] -:F:n:WD_1:mug.c:63	(at logger.py:129) 
2019-03-02 02:04:37,924 [D] subprocess cmd: ['source compile.sh /home/bohrok/Documents/DM/output/orbs/mug/2/work'], stdout: b''	(at ex_script.py:45) 
2019-03-02 02:04:37,924 [D] ┌:F:n:WD_2:mug.c:63	(at logger.py:129) 
2019-03-02 02:04:37,924 [D] └:F:n:WD_2:mug.c:62	(at logger.py:129) 
2019-03-02 02:04:37,940 [D] subprocess cmd: ['source compile.sh /home/bohrok/Documents/DM/output/orbs/mug/2/work'], stdout: b''	(at ex_script.py:45) 
2019-03-02 02:04:37,941 [D] ┌:F:n:WD_3:mug.c:63	(at logger.py:129) 
2019-03-02 02:04:37,941 [D] |:F:n:WD_3:mug.c:62	(at logger.py:129) 
2019-03-02 02:04:37,941 [D] └:F:n:WD_3:mug.c:61	(at logger.py:129) 
2019-03-02 02:04:37,990 [D] -:P:n:WD_1:mug.c:62	(at logger.py:129) 
2019-03-02 02:04:38,006 [D] subprocess cmd: ['source compile.sh /home/bohrok/Documents/DM/output/orbs/mug/2/work'], stdout: b''	(at ex_script.py:45) 
2019-03-02 02:04:38,006 [D] -:F:n:WD_1:mug.c:61	(at logger.py:129) 
2019-03-02 02:04:38,022 [D] subprocess cmd: ['source compile.sh /home/bohrok/Documents/DM/output/orbs/mug/2/work'], stdout: b''	(at ex_script.py:45) 
2019-03-02 02:04:38,022 [D] ┌:F:n:WD_2:mug.c:61	(at logger.py:129) 
2019-03-02 02:04:38,022 [D] └:F:n:WD_2:mug.c:60	(at logger.py:129) 
2019-03-02 02:04:38,059 [D] subprocess cmd: ['source compile.sh /home/bohrok/Documents/DM/output/orbs/mug/2/work'], stdout: b''	(at ex_script.py:45) 
2019-03-02 02:04:38,059 [D] ┌:F:n:WD_3:mug.c:61	(at logger.py:129) 
2019-03-02 02:04:38,059 [D] |:F:n:WD_3:mug.c:60	(at logger.py:129) 
2019-03-02 02:04:38,059 [D] └:F:n:WD_3:mug.c:59	(at logger.py:129) 
2019-03-02 02:04:38,075 [D] subprocess cmd: ['source compile.sh /home/bohrok/Documents/DM/output/orbs/mug/2/work'], stdout: b''	(at ex_script.py:45) 
2019-03-02 02:04:38,075 [D] -:F:n:WD_1:mug.c:60	(at logger.py:129) 
2019-03-02 02:04:38,092 [D] subprocess cmd: ['source compile.sh /home/bohrok/Documents/DM/output/orbs/mug/2/work'], stdout: b''	(at ex_script.py:45) 
2019-03-02 02:04:38,092 [D] ┌:F:n:WD_2:mug.c:60	(at logger.py:129) 
2019-03-02 02:04:38,092 [D] └:F:n:WD_2:mug.c:59	(at logger.py:129) 
2019-03-02 02:04:38,109 [D] subprocess cmd: ['source compile.sh /home/bohrok/Documents/DM/output/orbs/mug/2/work'], stdout: b''	(at ex_script.py:45) 
2019-03-02 02:04:38,110 [D] ┌:F:n:WD_3:mug.c:60	(at logger.py:129) 
2019-03-02 02:04:38,110 [D] |:F:n:WD_3:mug.c:59	(at logger.py:129) 
2019-03-02 02:04:38,110 [D] └:F:n:WD_3:mug.c:58	(at logger.py:129) 
2019-03-02 02:04:38,127 [D] subprocess cmd: ['source compile.sh /home/bohrok/Documents/DM/output/orbs/mug/2/work'], stdout: b''	(at ex_script.py:45) 
2019-03-02 02:04:38,128 [D] -:F:n:WD_1:mug.c:59	(at logger.py:129) 
2019-03-02 02:04:38,145 [D] subprocess cmd: ['source compile.sh /home/bohrok/Documents/DM/output/orbs/mug/2/work'], stdout: b''	(at ex_script.py:45) 
2019-03-02 02:04:38,145 [D] ┌:F:n:WD_2:mug.c:59	(at logger.py:129) 
2019-03-02 02:04:38,145 [D] └:F:n:WD_2:mug.c:58	(at logger.py:129) 
2019-03-02 02:04:38,163 [D] subprocess cmd: ['source compile.sh /home/bohrok/Documents/DM/output/orbs/mug/2/work'], stdout: b''	(at ex_script.py:45) 
2019-03-02 02:04:38,164 [D] ┌:F:n:WD_3:mug.c:59	(at logger.py:129) 
2019-03-02 02:04:38,164 [D] |:F:n:WD_3:mug.c:58	(at logger.py:129) 
2019-03-02 02:04:38,164 [D] └:F:n:WD_3:mug.c:57	(at logger.py:129) 
2019-03-02 02:04:38,211 [D] -:P:n:WD_1:mug.c:58	(at logger.py:129) 
2019-03-02 02:04:38,230 [D] subprocess cmd: ['source compile.sh /home/bohrok/Documents/DM/output/orbs/mug/2/work'], stdout: b''	(at ex_script.py:45) 
2019-03-02 02:04:38,230 [D] -:F:n:WD_1:mug.c:57	(at logger.py:129) 
2019-03-02 02:04:38,248 [D] subprocess cmd: ['source compile.sh /home/bohrok/Documents/DM/output/orbs/mug/2/work'], stdout: b''	(at ex_script.py:45) 
2019-03-02 02:04:38,249 [D] ┌:F:n:WD_2:mug.c:57	(at logger.py:129) 
2019-03-02 02:04:38,249 [D] └:F:n:WD_2:mug.c:56	(at logger.py:129) 
2019-03-02 02:04:38,291 [D] subprocess cmd: ['source compile.sh /home/bohrok/Documents/DM/output/orbs/mug/2/work'], stdout: b''	(at ex_script.py:45) 
2019-03-02 02:04:38,291 [D] ┌:F:n:WD_3:mug.c:57	(at logger.py:129) 
2019-03-02 02:04:38,291 [D] |:F:n:WD_3:mug.c:56	(at logger.py:129) 
2019-03-02 02:04:38,291 [D] └:F:n:WD_3:mug.c:55	(at logger.py:129) 
2019-03-02 02:04:38,307 [D] subprocess cmd: ['source compile.sh /home/bohrok/Documents/DM/output/orbs/mug/2/work'], stdout: b''	(at ex_script.py:45) 
2019-03-02 02:04:38,307 [D] -:F:n:WD_1:mug.c:56	(at logger.py:129) 
2019-03-02 02:04:38,323 [D] subprocess cmd: ['source compile.sh /home/bohrok/Documents/DM/output/orbs/mug/2/work'], stdout: b''	(at ex_script.py:45) 
2019-03-02 02:04:38,323 [D] ┌:F:n:WD_2:mug.c:56	(at logger.py:129) 
2019-03-02 02:04:38,323 [D] └:F:n:WD_2:mug.c:55	(at logger.py:129) 
2019-03-02 02:04:38,339 [D] subprocess cmd: ['source compile.sh /home/bohrok/Documents/DM/output/orbs/mug/2/work'], stdout: b''	(at ex_script.py:45) 
2019-03-02 02:04:38,339 [D] ┌:F:n:WD_3:mug.c:56	(at logger.py:129) 
2019-03-02 02:04:38,339 [D] |:F:n:WD_3:mug.c:55	(at logger.py:129) 
2019-03-02 02:04:38,339 [D] └:F:n:WD_3:mug.c:54	(at logger.py:129) 
2019-03-02 02:04:38,355 [D] subprocess cmd: ['source compile.sh /home/bohrok/Documents/DM/output/orbs/mug/2/work'], stdout: b''	(at ex_script.py:45) 
2019-03-02 02:04:38,355 [D] -:F:n:WD_1:mug.c:55	(at logger.py:129) 
2019-03-02 02:04:38,371 [D] subprocess cmd: ['source compile.sh /home/bohrok/Documents/DM/output/orbs/mug/2/work'], stdout: b''	(at ex_script.py:45) 
2019-03-02 02:04:38,371 [D] ┌:F:n:WD_2:mug.c:55	(at logger.py:129) 
2019-03-02 02:04:38,371 [D] └:F:n:WD_2:mug.c:54	(at logger.py:129) 
2019-03-02 02:04:38,389 [D] subprocess cmd: ['source compile.sh /home/bohrok/Documents/DM/output/orbs/mug/2/work'], stdout: b''	(at ex_script.py:45) 
2019-03-02 02:04:38,389 [D] ┌:F:n:WD_3:mug.c:55	(at logger.py:129) 
2019-03-02 02:04:38,389 [D] |:F:n:WD_3:mug.c:54	(at logger.py:129) 
2019-03-02 02:04:38,389 [D] └:F:n:WD_3:mug.c:53	(at logger.py:129) 
2019-03-02 02:04:38,637 [D] subprocess cmd: ['source execute.sh /home/bohrok/Documents/DM/output/orbs/mug/2/work'], stdout: b'execute.sh: line 9: 16138 Killed                  timeout --signal=KILL 0.1 ./mug.exe 4 -4 0 > ./outputs/output0\nexecute.sh: line 15: 16140 Killed                  timeout --signal=KILL 0.1 ./mug.exe 4 4 0 > ./outputs/output1\n'	(at ex_script.py:45) 
2019-03-02 02:04:38,637 [D] -:C:n:WD_1:mug.c:54	(at logger.py:129) 
2019-03-02 02:04:38,651 [D] subprocess cmd: ['source compile.sh /home/bohrok/Documents/DM/output/orbs/mug/2/work'], stdout: b''	(at ex_script.py:45) 
2019-03-02 02:04:38,651 [D] ┌:F:n:WD_2:mug.c:54	(at logger.py:129) 
2019-03-02 02:04:38,651 [D] └:F:n:WD_2:mug.c:53	(at logger.py:129) 
2019-03-02 02:04:38,667 [D] subprocess cmd: ['source compile.sh /home/bohrok/Documents/DM/output/orbs/mug/2/work'], stdout: b''	(at ex_script.py:45) 
2019-03-02 02:04:38,667 [D] ┌:F:n:WD_3:mug.c:54	(at logger.py:129) 
2019-03-02 02:04:38,668 [D] |:F:n:WD_3:mug.c:53	(at logger.py:129) 
2019-03-02 02:04:38,668 [D] └:F:n:WD_3:mug.c:52	(at logger.py:129) 
2019-03-02 02:04:38,683 [D] subprocess cmd: ['source compile.sh /home/bohrok/Documents/DM/output/orbs/mug/2/work'], stdout: b''	(at ex_script.py:45) 
2019-03-02 02:04:38,684 [D] -:F:n:WD_1:mug.c:53	(at logger.py:129) 
2019-03-02 02:04:38,699 [D] subprocess cmd: ['source compile.sh /home/bohrok/Documents/DM/output/orbs/mug/2/work'], stdout: b''	(at ex_script.py:45) 
2019-03-02 02:04:38,699 [D] ┌:F:n:WD_2:mug.c:53	(at logger.py:129) 
2019-03-02 02:04:38,700 [D] └:F:n:WD_2:mug.c:52	(at logger.py:129) 
2019-03-02 02:04:38,737 [D] subprocess cmd: ['source compile.sh /home/bohrok/Documents/DM/output/orbs/mug/2/work'], stdout: b''	(at ex_script.py:45) 
2019-03-02 02:04:38,737 [D] ┌:F:n:WD_3:mug.c:53	(at logger.py:129) 
2019-03-02 02:04:38,737 [D] |:F:n:WD_3:mug.c:52	(at logger.py:129) 
2019-03-02 02:04:38,737 [D] └:F:n:WD_3:mug.c:51	(at logger.py:129) 
2019-03-02 02:04:38,752 [D] subprocess cmd: ['source compile.sh /home/bohrok/Documents/DM/output/orbs/mug/2/work'], stdout: b''	(at ex_script.py:45) 
2019-03-02 02:04:38,752 [D] -:F:n:WD_1:mug.c:52	(at logger.py:129) 
2019-03-02 02:04:38,767 [D] subprocess cmd: ['source compile.sh /home/bohrok/Documents/DM/output/orbs/mug/2/work'], stdout: b''	(at ex_script.py:45) 
2019-03-02 02:04:38,767 [D] ┌:F:n:WD_2:mug.c:52	(at logger.py:129) 
2019-03-02 02:04:38,767 [D] └:F:n:WD_2:mug.c:51	(at logger.py:129) 
2019-03-02 02:04:38,783 [D] subprocess cmd: ['source compile.sh /home/bohrok/Documents/DM/output/orbs/mug/2/work'], stdout: b''	(at ex_script.py:45) 
2019-03-02 02:04:38,783 [D] ┌:F:n:WD_3:mug.c:52	(at logger.py:129) 
2019-03-02 02:04:38,783 [D] |:F:n:WD_3:mug.c:51	(at logger.py:129) 
2019-03-02 02:04:38,783 [D] └:F:n:WD_3:mug.c:50	(at logger.py:129) 
2019-03-02 02:04:38,799 [D] subprocess cmd: ['source compile.sh /home/bohrok/Documents/DM/output/orbs/mug/2/work'], stdout: b''	(at ex_script.py:45) 
2019-03-02 02:04:38,799 [D] -:F:n:WD_1:mug.c:51	(at logger.py:129) 
2019-03-02 02:04:38,818 [D] subprocess cmd: ['source compile.sh /home/bohrok/Documents/DM/output/orbs/mug/2/work'], stdout: b''	(at ex_script.py:45) 
2019-03-02 02:04:38,818 [D] ┌:F:n:WD_2:mug.c:51	(at logger.py:129) 
2019-03-02 02:04:38,818 [D] └:F:n:WD_2:mug.c:50	(at logger.py:129) 
2019-03-02 02:04:38,834 [D] subprocess cmd: ['source compile.sh /home/bohrok/Documents/DM/output/orbs/mug/2/work'], stdout: b''	(at ex_script.py:45) 
2019-03-02 02:04:38,834 [D] ┌:F:n:WD_3:mug.c:51	(at logger.py:129) 
2019-03-02 02:04:38,834 [D] |:F:n:WD_3:mug.c:50	(at logger.py:129) 
2019-03-02 02:04:38,834 [D] └:F:n:WD_3:mug.c:49	(at logger.py:129) 
2019-03-02 02:04:38,850 [D] subprocess cmd: ['source compile.sh /home/bohrok/Documents/DM/output/orbs/mug/2/work'], stdout: b''	(at ex_script.py:45) 
2019-03-02 02:04:38,850 [D] -:F:n:WD_1:mug.c:50	(at logger.py:129) 
2019-03-02 02:04:38,865 [D] subprocess cmd: ['source compile.sh /home/bohrok/Documents/DM/output/orbs/mug/2/work'], stdout: b''	(at ex_script.py:45) 
2019-03-02 02:04:38,866 [D] ┌:F:n:WD_2:mug.c:50	(at logger.py:129) 
2019-03-02 02:04:38,866 [D] └:F:n:WD_2:mug.c:49	(at logger.py:129) 
2019-03-02 02:04:38,881 [D] subprocess cmd: ['source compile.sh /home/bohrok/Documents/DM/output/orbs/mug/2/work'], stdout: b''	(at ex_script.py:45) 
2019-03-02 02:04:38,882 [D] ┌:F:n:WD_3:mug.c:50	(at logger.py:129) 
2019-03-02 02:04:38,882 [D] |:F:n:WD_3:mug.c:49	(at logger.py:129) 
2019-03-02 02:04:38,882 [D] └:F:n:WD_3:mug.c:48	(at logger.py:129) 
2019-03-02 02:04:38,925 [D] -:P:n:WD_1:mug.c:49	(at logger.py:129) 
2019-03-02 02:04:38,941 [D] subprocess cmd: ['source compile.sh /home/bohrok/Documents/DM/output/orbs/mug/2/work'], stdout: b''	(at ex_script.py:45) 
2019-03-02 02:04:38,941 [D] -:F:n:WD_1:mug.c:48	(at logger.py:129) 
2019-03-02 02:04:38,958 [D] subprocess cmd: ['source compile.sh /home/bohrok/Documents/DM/output/orbs/mug/2/work'], stdout: b''	(at ex_script.py:45) 
2019-03-02 02:04:38,958 [D] ┌:F:n:WD_2:mug.c:48	(at logger.py:129) 
2019-03-02 02:04:38,958 [D] └:F:n:WD_2:mug.c:47	(at logger.py:129) 
2019-03-02 02:04:38,999 [D] ┌:P:c:WD_3:mug.c:48	(at logger.py:129) 
2019-03-02 02:04:38,999 [D] |:P:c:WD_3:mug.c:47	(at logger.py:129) 
2019-03-02 02:04:38,999 [D] └:P:c:WD_3:mug.c:46	(at logger.py:129) 
2019-03-02 02:04:39,000 [D]  : : :pass:mug.c:47	(at logger.py:129) 
2019-03-02 02:04:39,000 [D]  : : :pass:mug.c:46	(at logger.py:129) 
2019-03-02 02:04:39,050 [D] -:P:n:WD_1:mug.c:45	(at logger.py:129) 
2019-03-02 02:04:39,067 [D] subprocess cmd: ['source compile.sh /home/bohrok/Documents/DM/output/orbs/mug/2/work'], stdout: b''	(at ex_script.py:45) 
2019-03-02 02:04:39,067 [D] -:F:n:WD_1:mug.c:44	(at logger.py:129) 
2019-03-02 02:04:39,084 [D] subprocess cmd: ['source compile.sh /home/bohrok/Documents/DM/output/orbs/mug/2/work'], stdout: b''	(at ex_script.py:45) 
2019-03-02 02:04:39,084 [D] ┌:F:n:WD_2:mug.c:44	(at logger.py:129) 
2019-03-02 02:04:39,084 [D] └:F:n:WD_2:mug.c:43	(at logger.py:129) 
2019-03-02 02:04:39,102 [D] subprocess cmd: ['source compile.sh /home/bohrok/Documents/DM/output/orbs/mug/2/work'], stdout: b''	(at ex_script.py:45) 
2019-03-02 02:04:39,102 [D] ┌:F:n:WD_3:mug.c:44	(at logger.py:129) 
2019-03-02 02:04:39,102 [D] |:F:n:WD_3:mug.c:43	(at logger.py:129) 
2019-03-02 02:04:39,102 [D] └:F:n:WD_3:mug.c:42	(at logger.py:129) 
2019-03-02 02:04:39,140 [D] -:P:c:WD_1:mug.c:43	(at logger.py:129) 
2019-03-02 02:04:39,157 [D] subprocess cmd: ['source compile.sh /home/bohrok/Documents/DM/output/orbs/mug/2/work'], stdout: b''	(at ex_script.py:45) 
2019-03-02 02:04:39,157 [D] -:F:n:WD_1:mug.c:42	(at logger.py:129) 
2019-03-02 02:04:39,178 [D] subprocess cmd: ['source compile.sh /home/bohrok/Documents/DM/output/orbs/mug/2/work'], stdout: b''	(at ex_script.py:45) 
2019-03-02 02:04:39,178 [D] ┌:F:n:WD_2:mug.c:42	(at logger.py:129) 
2019-03-02 02:04:39,178 [D] └:F:n:WD_2:mug.c:41	(at logger.py:129) 
2019-03-02 02:04:39,218 [D] subprocess cmd: ['source compile.sh /home/bohrok/Documents/DM/output/orbs/mug/2/work'], stdout: b''	(at ex_script.py:45) 
2019-03-02 02:04:39,218 [D] ┌:F:n:WD_3:mug.c:42	(at logger.py:129) 
2019-03-02 02:04:39,218 [D] |:F:n:WD_3:mug.c:41	(at logger.py:129) 
2019-03-02 02:04:39,218 [D] └:F:n:WD_3:mug.c:40	(at logger.py:129) 
2019-03-02 02:04:39,234 [D] subprocess cmd: ['source compile.sh /home/bohrok/Documents/DM/output/orbs/mug/2/work'], stdout: b''	(at ex_script.py:45) 
2019-03-02 02:04:39,234 [D] -:F:n:WD_1:mug.c:41	(at logger.py:129) 
2019-03-02 02:04:39,251 [D] subprocess cmd: ['source compile.sh /home/bohrok/Documents/DM/output/orbs/mug/2/work'], stdout: b''	(at ex_script.py:45) 
2019-03-02 02:04:39,251 [D] ┌:F:n:WD_2:mug.c:41	(at logger.py:129) 
2019-03-02 02:04:39,251 [D] └:F:n:WD_2:mug.c:40	(at logger.py:129) 
2019-03-02 02:04:39,267 [D] subprocess cmd: ['source compile.sh /home/bohrok/Documents/DM/output/orbs/mug/2/work'], stdout: b''	(at ex_script.py:45) 
2019-03-02 02:04:39,267 [D] ┌:F:n:WD_3:mug.c:41	(at logger.py:129) 
2019-03-02 02:04:39,267 [D] |:F:n:WD_3:mug.c:40	(at logger.py:129) 
2019-03-02 02:04:39,267 [D] └:F:n:WD_3:mug.c:39	(at logger.py:129) 
2019-03-02 02:04:39,283 [D] subprocess cmd: ['source compile.sh /home/bohrok/Documents/DM/output/orbs/mug/2/work'], stdout: b''	(at ex_script.py:45) 
2019-03-02 02:04:39,283 [D] -:F:n:WD_1:mug.c:40	(at logger.py:129) 
2019-03-02 02:04:39,298 [D] subprocess cmd: ['source compile.sh /home/bohrok/Documents/DM/output/orbs/mug/2/work'], stdout: b''	(at ex_script.py:45) 
2019-03-02 02:04:39,299 [D] ┌:F:n:WD_2:mug.c:40	(at logger.py:129) 
2019-03-02 02:04:39,299 [D] └:F:n:WD_2:mug.c:39	(at logger.py:129) 
2019-03-02 02:04:39,314 [D] subprocess cmd: ['source compile.sh /home/bohrok/Documents/DM/output/orbs/mug/2/work'], stdout: b''	(at ex_script.py:45) 
2019-03-02 02:04:39,315 [D] ┌:F:n:WD_3:mug.c:40	(at logger.py:129) 
2019-03-02 02:04:39,315 [D] |:F:n:WD_3:mug.c:39	(at logger.py:129) 
2019-03-02 02:04:39,315 [D] └:F:n:WD_3:mug.c:38	(at logger.py:129) 
2019-03-02 02:04:39,332 [D] subprocess cmd: ['source compile.sh /home/bohrok/Documents/DM/output/orbs/mug/2/work'], stdout: b''	(at ex_script.py:45) 
2019-03-02 02:04:39,332 [D] -:F:n:WD_1:mug.c:39	(at logger.py:129) 
2019-03-02 02:04:39,349 [D] subprocess cmd: ['source compile.sh /home/bohrok/Documents/DM/output/orbs/mug/2/work'], stdout: b''	(at ex_script.py:45) 
2019-03-02 02:04:39,350 [D] ┌:F:n:WD_2:mug.c:39	(at logger.py:129) 
2019-03-02 02:04:39,350 [D] └:F:n:WD_2:mug.c:38	(at logger.py:129) 
2019-03-02 02:04:39,367 [D] subprocess cmd: ['source compile.sh /home/bohrok/Documents/DM/output/orbs/mug/2/work'], stdout: b''	(at ex_script.py:45) 
2019-03-02 02:04:39,367 [D] ┌:F:n:WD_3:mug.c:39	(at logger.py:129) 
2019-03-02 02:04:39,367 [D] |:F:n:WD_3:mug.c:38	(at logger.py:129) 
2019-03-02 02:04:39,367 [D] └:F:n:WD_3:mug.c:37	(at logger.py:129) 
2019-03-02 02:04:39,413 [D] -:P:n:WD_1:mug.c:38	(at logger.py:129) 
2019-03-02 02:04:39,430 [D] subprocess cmd: ['source compile.sh /home/bohrok/Documents/DM/output/orbs/mug/2/work'], stdout: b''	(at ex_script.py:45) 
2019-03-02 02:04:39,430 [D] -:F:n:WD_1:mug.c:37	(at logger.py:129) 
2019-03-02 02:04:39,447 [D] subprocess cmd: ['source compile.sh /home/bohrok/Documents/DM/output/orbs/mug/2/work'], stdout: b''	(at ex_script.py:45) 
2019-03-02 02:04:39,448 [D] ┌:F:n:WD_2:mug.c:37	(at logger.py:129) 
2019-03-02 02:04:39,448 [D] └:F:n:WD_2:mug.c:36	(at logger.py:129) 
2019-03-02 02:04:39,489 [D] ┌:P:c:WD_3:mug.c:37	(at logger.py:129) 
2019-03-02 02:04:39,489 [D] |:P:c:WD_3:mug.c:36	(at logger.py:129) 
2019-03-02 02:04:39,489 [D] └:P:c:WD_3:mug.c:35	(at logger.py:129) 
2019-03-02 02:04:39,489 [D]  : : :pass:mug.c:36	(at logger.py:129) 
2019-03-02 02:04:39,489 [D]  : : :pass:mug.c:35	(at logger.py:129) 
2019-03-02 02:04:39,538 [D] -:P:n:WD_1:mug.c:34	(at logger.py:129) 
2019-03-02 02:04:39,554 [D] subprocess cmd: ['source compile.sh /home/bohrok/Documents/DM/output/orbs/mug/2/work'], stdout: b''	(at ex_script.py:45) 
2019-03-02 02:04:39,554 [D] -:F:n:WD_1:mug.c:33	(at logger.py:129) 
2019-03-02 02:04:39,568 [D] subprocess cmd: ['source compile.sh /home/bohrok/Documents/DM/output/orbs/mug/2/work'], stdout: b''	(at ex_script.py:45) 
2019-03-02 02:04:39,569 [D] ┌:F:n:WD_2:mug.c:33	(at logger.py:129) 
2019-03-02 02:04:39,569 [D] └:F:n:WD_2:mug.c:32	(at logger.py:129) 
2019-03-02 02:04:39,584 [D] subprocess cmd: ['source compile.sh /home/bohrok/Documents/DM/output/orbs/mug/2/work'], stdout: b''	(at ex_script.py:45) 
2019-03-02 02:04:39,584 [D] ┌:F:n:WD_3:mug.c:33	(at logger.py:129) 
2019-03-02 02:04:39,584 [D] |:F:n:WD_3:mug.c:32	(at logger.py:129) 
2019-03-02 02:04:39,584 [D] └:F:n:WD_3:mug.c:31	(at logger.py:129) 
2019-03-02 02:04:39,622 [D] -:P:c:WD_1:mug.c:32	(at logger.py:129) 
2019-03-02 02:04:39,637 [D] subprocess cmd: ['source compile.sh /home/bohrok/Documents/DM/output/orbs/mug/2/work'], stdout: b''	(at ex_script.py:45) 
2019-03-02 02:04:39,638 [D] -:F:n:WD_1:mug.c:31	(at logger.py:129) 
2019-03-02 02:04:39,653 [D] subprocess cmd: ['source compile.sh /home/bohrok/Documents/DM/output/orbs/mug/2/work'], stdout: b''	(at ex_script.py:45) 
2019-03-02 02:04:39,653 [D] ┌:F:n:WD_2:mug.c:31	(at logger.py:129) 
2019-03-02 02:04:39,653 [D] └:F:n:WD_2:mug.c:30	(at logger.py:129) 
2019-03-02 02:04:39,690 [D] subprocess cmd: ['source compile.sh /home/bohrok/Documents/DM/output/orbs/mug/2/work'], stdout: b''	(at ex_script.py:45) 
2019-03-02 02:04:39,690 [D] ┌:F:n:WD_3:mug.c:31	(at logger.py:129) 
2019-03-02 02:04:39,690 [D] |:F:n:WD_3:mug.c:30	(at logger.py:129) 
2019-03-02 02:04:39,690 [D] └:F:n:WD_3:mug.c:29	(at logger.py:129) 
2019-03-02 02:04:39,704 [D] subprocess cmd: ['source compile.sh /home/bohrok/Documents/DM/output/orbs/mug/2/work'], stdout: b''	(at ex_script.py:45) 
2019-03-02 02:04:39,705 [D] -:F:n:WD_1:mug.c:30	(at logger.py:129) 
2019-03-02 02:04:39,719 [D] subprocess cmd: ['source compile.sh /home/bohrok/Documents/DM/output/orbs/mug/2/work'], stdout: b''	(at ex_script.py:45) 
2019-03-02 02:04:39,720 [D] ┌:F:n:WD_2:mug.c:30	(at logger.py:129) 
2019-03-02 02:04:39,720 [D] └:F:n:WD_2:mug.c:29	(at logger.py:129) 
2019-03-02 02:04:39,737 [D] subprocess cmd: ['source compile.sh /home/bohrok/Documents/DM/output/orbs/mug/2/work'], stdout: b''	(at ex_script.py:45) 
2019-03-02 02:04:39,737 [D] ┌:F:n:WD_3:mug.c:30	(at logger.py:129) 
2019-03-02 02:04:39,737 [D] |:F:n:WD_3:mug.c:29	(at logger.py:129) 
2019-03-02 02:04:39,737 [D] └:F:n:WD_3:mug.c:28	(at logger.py:129) 
2019-03-02 02:04:39,753 [D] subprocess cmd: ['source compile.sh /home/bohrok/Documents/DM/output/orbs/mug/2/work'], stdout: b''	(at ex_script.py:45) 
2019-03-02 02:04:39,753 [D] -:F:n:WD_1:mug.c:29	(at logger.py:129) 
2019-03-02 02:04:39,768 [D] subprocess cmd: ['source compile.sh /home/bohrok/Documents/DM/output/orbs/mug/2/work'], stdout: b''	(at ex_script.py:45) 
2019-03-02 02:04:39,768 [D] ┌:F:n:WD_2:mug.c:29	(at logger.py:129) 
2019-03-02 02:04:39,768 [D] └:F:n:WD_2:mug.c:28	(at logger.py:129) 
2019-03-02 02:04:39,784 [D] subprocess cmd: ['source compile.sh /home/bohrok/Documents/DM/output/orbs/mug/2/work'], stdout: b''	(at ex_script.py:45) 
2019-03-02 02:04:39,784 [D] ┌:F:n:WD_3:mug.c:29	(at logger.py:129) 
2019-03-02 02:04:39,785 [D] |:F:n:WD_3:mug.c:28	(at logger.py:129) 
2019-03-02 02:04:39,785 [D] └:F:n:WD_3:mug.c:27	(at logger.py:129) 
2019-03-02 02:04:39,829 [D] -:P:n:WD_1:mug.c:28	(at logger.py:129) 
2019-03-02 02:04:39,850 [D] subprocess cmd: ['source compile.sh /home/bohrok/Documents/DM/output/orbs/mug/2/work'], stdout: b''	(at ex_script.py:45) 
2019-03-02 02:04:39,850 [D] -:F:n:WD_1:mug.c:27	(at logger.py:129) 
2019-03-02 02:04:39,868 [D] subprocess cmd: ['source compile.sh /home/bohrok/Documents/DM/output/orbs/mug/2/work'], stdout: b''	(at ex_script.py:45) 
2019-03-02 02:04:39,869 [D] ┌:F:n:WD_2:mug.c:27	(at logger.py:129) 
2019-03-02 02:04:39,869 [D] └:F:n:WD_2:mug.c:26	(at logger.py:129) 
2019-03-02 02:04:39,886 [D] subprocess cmd: ['source compile.sh /home/bohrok/Documents/DM/output/orbs/mug/2/work'], stdout: b''	(at ex_script.py:45) 
2019-03-02 02:04:39,887 [D] ┌:F:n:WD_3:mug.c:27	(at logger.py:129) 
2019-03-02 02:04:39,887 [D] |:F:n:WD_3:mug.c:26	(at logger.py:129) 
2019-03-02 02:04:39,887 [D] └:F:n:WD_3:mug.c:25	(at logger.py:129) 
2019-03-02 02:04:40,236 [D] subprocess cmd: ['source execute.sh /home/bohrok/Documents/DM/output/orbs/mug/2/work'], stdout: b'execute.sh: line 9: 16472 Killed                  timeout --signal=KILL 0.1 ./mug.exe 4 -4 0 > ./outputs/output0\nexecute.sh: line 15: 16474 Killed                  timeout --signal=KILL 0.1 ./mug.exe 4 4 0 > ./outputs/output1\nexecute.sh: line 21: 16476 Killed                  timeout --signal=KILL 0.1 ./mug.exe -4 4 0 > ./outputs/output2\n'	(at ex_script.py:45) 
2019-03-02 02:04:40,236 [D] -:C:n:WD_1:mug.c:26	(at logger.py:129) 
2019-03-02 02:04:40,251 [D] subprocess cmd: ['source compile.sh /home/bohrok/Documents/DM/output/orbs/mug/2/work'], stdout: b''	(at ex_script.py:45) 
2019-03-02 02:04:40,251 [D] ┌:F:n:WD_2:mug.c:26	(at logger.py:129) 
2019-03-02 02:04:40,252 [D] └:F:n:WD_2:mug.c:25	(at logger.py:129) 
2019-03-02 02:04:40,270 [D] subprocess cmd: ['source compile.sh /home/bohrok/Documents/DM/output/orbs/mug/2/work'], stdout: b''	(at ex_script.py:45) 
2019-03-02 02:04:40,270 [D] ┌:F:n:WD_3:mug.c:26	(at logger.py:129) 
2019-03-02 02:04:40,270 [D] |:F:n:WD_3:mug.c:25	(at logger.py:129) 
2019-03-02 02:04:40,270 [D] └:F:n:WD_3:mug.c:24	(at logger.py:129) 
2019-03-02 02:04:40,286 [D] subprocess cmd: ['source compile.sh /home/bohrok/Documents/DM/output/orbs/mug/2/work'], stdout: b''	(at ex_script.py:45) 
2019-03-02 02:04:40,286 [D] -:F:n:WD_1:mug.c:25	(at logger.py:129) 
2019-03-02 02:04:40,300 [D] subprocess cmd: ['source compile.sh /home/bohrok/Documents/DM/output/orbs/mug/2/work'], stdout: b''	(at ex_script.py:45) 
2019-03-02 02:04:40,301 [D] ┌:F:n:WD_2:mug.c:25	(at logger.py:129) 
2019-03-02 02:04:40,301 [D] └:F:n:WD_2:mug.c:24	(at logger.py:129) 
2019-03-02 02:04:40,316 [D] subprocess cmd: ['source compile.sh /home/bohrok/Documents/DM/output/orbs/mug/2/work'], stdout: b''	(at ex_script.py:45) 
2019-03-02 02:04:40,317 [D] ┌:F:n:WD_3:mug.c:25	(at logger.py:129) 
2019-03-02 02:04:40,317 [D] |:F:n:WD_3:mug.c:24	(at logger.py:129) 
2019-03-02 02:04:40,317 [D] └:F:n:WD_3:mug.c:23	(at logger.py:129) 
2019-03-02 02:04:40,363 [D] -:P:n:WD_1:mug.c:24	(at logger.py:129) 
2019-03-02 02:04:40,410 [D] -:P:n:WD_1:mug.c:23	(at logger.py:129) 
2019-03-02 02:04:40,426 [D] subprocess cmd: ['source compile.sh /home/bohrok/Documents/DM/output/orbs/mug/2/work'], stdout: b''	(at ex_script.py:45) 
2019-03-02 02:04:40,426 [D] -:F:n:WD_1:mug.c:22	(at logger.py:129) 
2019-03-02 02:04:40,441 [D] subprocess cmd: ['source compile.sh /home/bohrok/Documents/DM/output/orbs/mug/2/work'], stdout: b''	(at ex_script.py:45) 
2019-03-02 02:04:40,441 [D] ┌:F:n:WD_2:mug.c:22	(at logger.py:129) 
2019-03-02 02:04:40,441 [D] └:F:n:WD_2:mug.c:21	(at logger.py:129) 
2019-03-02 02:04:40,457 [D] subprocess cmd: ['source compile.sh /home/bohrok/Documents/DM/output/orbs/mug/2/work'], stdout: b''	(at ex_script.py:45) 
2019-03-02 02:04:40,457 [D] ┌:F:n:WD_3:mug.c:22	(at logger.py:129) 
2019-03-02 02:04:40,457 [D] |:F:n:WD_3:mug.c:21	(at logger.py:129) 
2019-03-02 02:04:40,458 [D] └:F:n:WD_3:mug.c:20	(at logger.py:129) 
2019-03-02 02:04:40,507 [D] -:P:n:WD_1:mug.c:21	(at logger.py:129) 
2019-03-02 02:04:40,521 [D] subprocess cmd: ['source compile.sh /home/bohrok/Documents/DM/output/orbs/mug/2/work'], stdout: b''	(at ex_script.py:45) 
2019-03-02 02:04:40,522 [D] -:F:n:WD_1:mug.c:20	(at logger.py:129) 
2019-03-02 02:04:40,538 [D] subprocess cmd: ['source compile.sh /home/bohrok/Documents/DM/output/orbs/mug/2/work'], stdout: b''	(at ex_script.py:45) 
2019-03-02 02:04:40,538 [D] ┌:F:n:WD_2:mug.c:20	(at logger.py:129) 
2019-03-02 02:04:40,538 [D] └:F:n:WD_2:mug.c:19	(at logger.py:129) 
2019-03-02 02:04:40,553 [D] subprocess cmd: ['source compile.sh /home/bohrok/Documents/DM/output/orbs/mug/2/work'], stdout: b''	(at ex_script.py:45) 
2019-03-02 02:04:40,553 [D] ┌:F:n:WD_3:mug.c:20	(at logger.py:129) 
2019-03-02 02:04:40,553 [D] |:F:n:WD_3:mug.c:19	(at logger.py:129) 
2019-03-02 02:04:40,553 [D] └:F:n:WD_3:mug.c:18	(at logger.py:129) 
2019-03-02 02:04:40,601 [D] -:P:n:WD_1:mug.c:19	(at logger.py:129) 
2019-03-02 02:04:40,650 [D] -:P:n:WD_1:mug.c:18	(at logger.py:129) 
2019-03-02 02:04:40,686 [D] -:P:c:WD_1:mug.c:17	(at logger.py:129) 
2019-03-02 02:04:40,729 [D] subprocess cmd: ['source execute.sh /home/bohrok/Documents/DM/output/orbs/mug/2/work'], stdout: b''	(at ex_script.py:45) 
2019-03-02 02:04:40,729 [D] -:C:n:WD_1:mug.c:16	(at logger.py:129) 
2019-03-02 02:04:40,776 [D] subprocess cmd: ['source execute.sh /home/bohrok/Documents/DM/output/orbs/mug/2/work'], stdout: b''	(at ex_script.py:45) 
2019-03-02 02:04:40,776 [D] ┌:C:n:WD_2:mug.c:16	(at logger.py:129) 
2019-03-02 02:04:40,776 [D] └:C:n:WD_2:mug.c:15	(at logger.py:129) 
2019-03-02 02:04:40,824 [D] subprocess cmd: ['source execute.sh /home/bohrok/Documents/DM/output/orbs/mug/2/work'], stdout: b''	(at ex_script.py:45) 
2019-03-02 02:04:40,825 [D] ┌:C:n:WD_3:mug.c:16	(at logger.py:129) 
2019-03-02 02:04:40,825 [D] |:C:n:WD_3:mug.c:15	(at logger.py:129) 
2019-03-02 02:04:40,825 [D] └:C:n:WD_3:mug.c:14	(at logger.py:129) 
2019-03-02 02:04:40,872 [D] -:C:n:WD_1:mug.c:15	(at logger.py:129) 
2019-03-02 02:04:40,916 [D] ┌:C:n:WD_2:mug.c:15	(at logger.py:129) 
2019-03-02 02:04:40,916 [D] └:C:n:WD_2:mug.c:14	(at logger.py:129) 
2019-03-02 02:04:40,951 [D] ┌:C:c:WD_3:mug.c:15	(at logger.py:129) 
2019-03-02 02:04:40,952 [D] |:C:c:WD_3:mug.c:14	(at logger.py:129) 
2019-03-02 02:04:40,952 [D] └:C:c:WD_3:mug.c:13	(at logger.py:129) 
2019-03-02 02:04:40,995 [D] -:P:n:WD_1:mug.c:14	(at logger.py:129) 
2019-03-02 02:04:41,034 [D] -:P:c:WD_1:mug.c:13	(at logger.py:129) 
2019-03-02 02:04:41,050 [D] subprocess cmd: ['source compile.sh /home/bohrok/Documents/DM/output/orbs/mug/2/work'], stdout: b''	(at ex_script.py:45) 
2019-03-02 02:04:41,050 [D] -:F:n:WD_1:mug.c:12	(at logger.py:129) 
2019-03-02 02:04:41,067 [D] subprocess cmd: ['source compile.sh /home/bohrok/Documents/DM/output/orbs/mug/2/work'], stdout: b''	(at ex_script.py:45) 
2019-03-02 02:04:41,068 [D] ┌:F:n:WD_2:mug.c:12	(at logger.py:129) 
2019-03-02 02:04:41,068 [D] └:F:n:WD_2:mug.c:11	(at logger.py:129) 
2019-03-02 02:04:41,088 [D] subprocess cmd: ['source compile.sh /home/bohrok/Documents/DM/output/orbs/mug/2/work'], stdout: b''	(at ex_script.py:45) 
2019-03-02 02:04:41,088 [D] ┌:F:n:WD_3:mug.c:12	(at logger.py:129) 
2019-03-02 02:04:41,088 [D] |:F:n:WD_3:mug.c:11	(at logger.py:129) 
2019-03-02 02:04:41,088 [D] └:F:n:WD_3:mug.c:10	(at logger.py:129) 
2019-03-02 02:04:41,104 [D] subprocess cmd: ['source compile.sh /home/bohrok/Documents/DM/output/orbs/mug/2/work'], stdout: b''	(at ex_script.py:45) 
2019-03-02 02:04:41,104 [D] -:F:n:WD_1:mug.c:11	(at logger.py:129) 
2019-03-02 02:04:41,119 [D] subprocess cmd: ['source compile.sh /home/bohrok/Documents/DM/output/orbs/mug/2/work'], stdout: b''	(at ex_script.py:45) 
2019-03-02 02:04:41,119 [D] ┌:F:n:WD_2:mug.c:11	(at logger.py:129) 
2019-03-02 02:04:41,119 [D] └:F:n:WD_2:mug.c:10	(at logger.py:129) 
2019-03-02 02:04:41,134 [D] subprocess cmd: ['source compile.sh /home/bohrok/Documents/DM/output/orbs/mug/2/work'], stdout: b''	(at ex_script.py:45) 
2019-03-02 02:04:41,134 [D] ┌:F:n:WD_3:mug.c:11	(at logger.py:129) 
2019-03-02 02:04:41,134 [D] |:F:n:WD_3:mug.c:10	(at logger.py:129) 
2019-03-02 02:04:41,135 [D] └:F:n:WD_3:mug.c:9	(at logger.py:129) 
2019-03-02 02:04:41,150 [D] subprocess cmd: ['source compile.sh /home/bohrok/Documents/DM/output/orbs/mug/2/work'], stdout: b''	(at ex_script.py:45) 
2019-03-02 02:04:41,150 [D] -:F:n:WD_1:mug.c:10	(at logger.py:129) 
2019-03-02 02:04:41,166 [D] subprocess cmd: ['source compile.sh /home/bohrok/Documents/DM/output/orbs/mug/2/work'], stdout: b''	(at ex_script.py:45) 
2019-03-02 02:04:41,166 [D] ┌:F:n:WD_2:mug.c:10	(at logger.py:129) 
2019-03-02 02:04:41,166 [D] └:F:n:WD_2:mug.c:9	(at logger.py:129) 
2019-03-02 02:04:41,183 [D] subprocess cmd: ['source compile.sh /home/bohrok/Documents/DM/output/orbs/mug/2/work'], stdout: b''	(at ex_script.py:45) 
2019-03-02 02:04:41,183 [D] ┌:F:n:WD_3:mug.c:10	(at logger.py:129) 
2019-03-02 02:04:41,183 [D] |:F:n:WD_3:mug.c:9	(at logger.py:129) 
2019-03-02 02:04:41,183 [D] └:F:n:WD_3:mug.c:8	(at logger.py:129) 
2019-03-02 02:04:41,200 [D] subprocess cmd: ['source compile.sh /home/bohrok/Documents/DM/output/orbs/mug/2/work'], stdout: b''	(at ex_script.py:45) 
2019-03-02 02:04:41,200 [D] -:F:n:WD_1:mug.c:9	(at logger.py:129) 
2019-03-02 02:04:41,216 [D] subprocess cmd: ['source compile.sh /home/bohrok/Documents/DM/output/orbs/mug/2/work'], stdout: b''	(at ex_script.py:45) 
2019-03-02 02:04:41,216 [D] ┌:F:n:WD_2:mug.c:9	(at logger.py:129) 
2019-03-02 02:04:41,217 [D] └:F:n:WD_2:mug.c:8	(at logger.py:129) 
2019-03-02 02:04:41,232 [D] subprocess cmd: ['source compile.sh /home/bohrok/Documents/DM/output/orbs/mug/2/work'], stdout: b''	(at ex_script.py:45) 
2019-03-02 02:04:41,232 [D] ┌:F:n:WD_3:mug.c:9	(at logger.py:129) 
2019-03-02 02:04:41,232 [D] |:F:n:WD_3:mug.c:8	(at logger.py:129) 
2019-03-02 02:04:41,232 [D] └:F:n:WD_3:mug.c:7	(at logger.py:129) 
2019-03-02 02:04:41,272 [D] -:P:c:WD_1:mug.c:8	(at logger.py:129) 
2019-03-02 02:04:41,308 [D] -:P:c:WD_1:mug.c:7	(at logger.py:129) 
2019-03-02 02:04:41,352 [D] -:P:n:WD_1:mug.c:6	(at logger.py:129) 
2019-03-02 02:04:41,389 [D] -:P:c:WD_1:mug.c:5	(at logger.py:129) 
2019-03-02 02:04:41,428 [D] -:P:c:WD_1:mug.c:4	(at logger.py:129) 
2019-03-02 02:04:41,444 [D] subprocess cmd: ['source compile.sh /home/bohrok/Documents/DM/output/orbs/mug/2/work'], stdout: b''	(at ex_script.py:45) 
2019-03-02 02:04:41,445 [D] -:F:n:WD_1:mug.c:3	(at logger.py:129) 
2019-03-02 02:04:41,459 [D] subprocess cmd: ['source compile.sh /home/bohrok/Documents/DM/output/orbs/mug/2/work'], stdout: b''	(at ex_script.py:45) 
2019-03-02 02:04:41,460 [D] ┌:F:n:WD_2:mug.c:3	(at logger.py:129) 
2019-03-02 02:04:41,460 [D] └:F:n:WD_2:mug.c:2	(at logger.py:129) 
2019-03-02 02:04:41,471 [D] subprocess cmd: ['source compile.sh /home/bohrok/Documents/DM/output/orbs/mug/2/work'], stdout: b''	(at ex_script.py:45) 
2019-03-02 02:04:41,471 [D] ┌:F:n:WD_3:mug.c:3	(at logger.py:129) 
2019-03-02 02:04:41,471 [D] |:F:n:WD_3:mug.c:2	(at logger.py:129) 
2019-03-02 02:04:41,471 [D] └:F:n:WD_3:mug.c:1	(at logger.py:129) 
2019-03-02 02:04:41,515 [D] -:P:n:WD_1:mug.c:2	(at logger.py:129) 
2019-03-02 02:04:41,551 [D] -:P:c:WD_1:mug.c:1	(at logger.py:129) 
2019-03-02 02:04:41,551 [D] comp_cached_cnt:0	(at logger.py:134) 
2019-03-02 02:04:41,551 [D] compile_cnt:129	(at logger.py:134) 
2019-03-02 02:04:41,551 [D] execute_cnt:22	(at logger.py:134) 
2019-03-02 02:04:41,551 [D] fail_del_cnt:8	(at logger.py:134) 
2019-03-02 02:04:41,551 [D] iter_idx:1	(at logger.py:134) 
2019-03-02 02:04:41,551 [D] reuse_cnt:12	(at logger.py:134) 
2019-03-02 02:04:41,551 [D] succ_del_cnt:26	(at logger.py:134) 
2019-03-02 02:04:41,551 [D] time:3.661121368408203	(at logger.py:134) 
2019-03-02 02:04:41,551 [D] deletion:30	(at logger.py:136) 
2019-03-02 02:04:41,552 [I] Iteration 1 finished	(at orbs.py:87) 
2019-03-02 02:04:41,562 [D] subprocess cmd: ['source compile.sh /home/bohrok/Documents/DM/output/orbs/mug/2/work'], stdout: b''	(at ex_script.py:45) 
2019-03-02 02:04:41,562 [D] -:F:n:WD_1:mug.c:63	(at logger.py:129) 
2019-03-02 02:04:41,575 [D] subprocess cmd: ['source compile.sh /home/bohrok/Documents/DM/output/orbs/mug/2/work'], stdout: b''	(at ex_script.py:45) 
2019-03-02 02:04:41,575 [D] ┌:F:n:WD_2:mug.c:63	(at logger.py:129) 
2019-03-02 02:04:41,575 [D] └:F:n:WD_2:mug.c:61	(at logger.py:129) 
2019-03-02 02:04:41,616 [D] ┌:P:n:WD_3:mug.c:63	(at logger.py:129) 
2019-03-02 02:04:41,616 [D] |:P:n:WD_3:mug.c:61	(at logger.py:129) 
2019-03-02 02:04:41,616 [D] └:P:n:WD_3:mug.c:60	(at logger.py:129) 
2019-03-02 02:04:41,616 [D]  : : :pass:mug.c:62	(at logger.py:129) 
2019-03-02 02:04:41,617 [D]  : : :pass:mug.c:61	(at logger.py:129) 
2019-03-02 02:04:41,617 [D]  : : :pass:mug.c:60	(at logger.py:129) 
2019-03-02 02:04:41,628 [D] subprocess cmd: ['source compile.sh /home/bohrok/Documents/DM/output/orbs/mug/2/work'], stdout: b''	(at ex_script.py:45) 
2019-03-02 02:04:41,628 [D] -:F:n:WD_1:mug.c:59	(at logger.py:129) 
2019-03-02 02:04:41,640 [D] subprocess cmd: ['source compile.sh /home/bohrok/Documents/DM/output/orbs/mug/2/work'], stdout: b''	(at ex_script.py:45) 
2019-03-02 02:04:41,640 [D] ┌:F:n:WD_2:mug.c:59	(at logger.py:129) 
2019-03-02 02:04:41,640 [D] └:F:n:WD_2:mug.c:57	(at logger.py:129) 
2019-03-02 02:04:41,688 [D] ┌:P:n:WD_3:mug.c:59	(at logger.py:129) 
2019-03-02 02:04:41,689 [D] |:P:n:WD_3:mug.c:57	(at logger.py:129) 
2019-03-02 02:04:41,689 [D] └:P:n:WD_3:mug.c:56	(at logger.py:129) 
2019-03-02 02:04:41,689 [D]  : : :pass:mug.c:58	(at logger.py:129) 
2019-03-02 02:04:41,689 [D]  : : :pass:mug.c:57	(at logger.py:129) 
2019-03-02 02:04:41,689 [D]  : : :pass:mug.c:56	(at logger.py:129) 
2019-03-02 02:04:41,700 [D] subprocess cmd: ['source compile.sh /home/bohrok/Documents/DM/output/orbs/mug/2/work'], stdout: b''	(at ex_script.py:45) 
2019-03-02 02:04:41,700 [D] -:F:n:WD_1:mug.c:55	(at logger.py:129) 
2019-03-02 02:04:41,712 [D] subprocess cmd: ['source compile.sh /home/bohrok/Documents/DM/output/orbs/mug/2/work'], stdout: b''	(at ex_script.py:45) 
2019-03-02 02:04:41,712 [D] ┌:F:n:WD_2:mug.c:55	(at logger.py:129) 
2019-03-02 02:04:41,712 [D] └:F:n:WD_2:mug.c:54	(at logger.py:129) 
2019-03-02 02:04:41,725 [D] subprocess cmd: ['source compile.sh /home/bohrok/Documents/DM/output/orbs/mug/2/work'], stdout: b''	(at ex_script.py:45) 
2019-03-02 02:04:41,725 [D] ┌:F:n:WD_3:mug.c:55	(at logger.py:129) 
2019-03-02 02:04:41,725 [D] |:F:n:WD_3:mug.c:54	(at logger.py:129) 
2019-03-02 02:04:41,725 [D] └:F:n:WD_3:mug.c:53	(at logger.py:129) 
2019-03-02 02:04:41,769 [D] -:P:n:WD_1:mug.c:54	(at logger.py:129) 
2019-03-02 02:04:41,780 [D] subprocess cmd: ['source compile.sh /home/bohrok/Documents/DM/output/orbs/mug/2/work'], stdout: b''	(at ex_script.py:45) 
2019-03-02 02:04:41,780 [D] -:F:n:WD_1:mug.c:53	(at logger.py:129) 
2019-03-02 02:04:41,793 [D] subprocess cmd: ['source compile.sh /home/bohrok/Documents/DM/output/orbs/mug/2/work'], stdout: b''	(at ex_script.py:45) 
2019-03-02 02:04:41,794 [D] ┌:F:n:WD_2:mug.c:53	(at logger.py:129) 
2019-03-02 02:04:41,794 [D] └:F:n:WD_2:mug.c:52	(at logger.py:129) 
2019-03-02 02:04:41,828 [D] subprocess cmd: ['source compile.sh /home/bohrok/Documents/DM/output/orbs/mug/2/work'], stdout: b''	(at ex_script.py:45) 
2019-03-02 02:04:41,829 [D] ┌:F:n:WD_3:mug.c:53	(at logger.py:129) 
2019-03-02 02:04:41,829 [D] |:F:n:WD_3:mug.c:52	(at logger.py:129) 
2019-03-02 02:04:41,829 [D] └:F:n:WD_3:mug.c:51	(at logger.py:129) 
2019-03-02 02:04:41,842 [D] subprocess cmd: ['source compile.sh /home/bohrok/Documents/DM/output/orbs/mug/2/work'], stdout: b''	(at ex_script.py:45) 
2019-03-02 02:04:41,843 [D] -:F:n:WD_1:mug.c:52	(at logger.py:129) 
2019-03-02 02:04:41,854 [D] subprocess cmd: ['source compile.sh /home/bohrok/Documents/DM/output/orbs/mug/2/work'], stdout: b''	(at ex_script.py:45) 
2019-03-02 02:04:41,854 [D] ┌:F:n:WD_2:mug.c:52	(at logger.py:129) 
2019-03-02 02:04:41,854 [D] └:F:n:WD_2:mug.c:51	(at logger.py:129) 
2019-03-02 02:04:41,864 [D] subprocess cmd: ['source compile.sh /home/bohrok/Documents/DM/output/orbs/mug/2/work'], stdout: b''	(at ex_script.py:45) 
2019-03-02 02:04:41,865 [D] ┌:F:n:WD_3:mug.c:52	(at logger.py:129) 
2019-03-02 02:04:41,865 [D] |:F:n:WD_3:mug.c:51	(at logger.py:129) 
2019-03-02 02:04:41,865 [D] └:F:n:WD_3:mug.c:50	(at logger.py:129) 
2019-03-02 02:04:41,876 [D] subprocess cmd: ['source compile.sh /home/bohrok/Documents/DM/output/orbs/mug/2/work'], stdout: b''	(at ex_script.py:45) 
2019-03-02 02:04:41,876 [D] -:F:n:WD_1:mug.c:51	(at logger.py:129) 
2019-03-02 02:04:41,888 [D] subprocess cmd: ['source compile.sh /home/bohrok/Documents/DM/output/orbs/mug/2/work'], stdout: b''	(at ex_script.py:45) 
2019-03-02 02:04:41,888 [D] ┌:F:n:WD_2:mug.c:51	(at logger.py:129) 
2019-03-02 02:04:41,888 [D] └:F:n:WD_2:mug.c:50	(at logger.py:129) 
2019-03-02 02:04:41,899 [D] subprocess cmd: ['source compile.sh /home/bohrok/Documents/DM/output/orbs/mug/2/work'], stdout: b''	(at ex_script.py:45) 
2019-03-02 02:04:41,899 [D] ┌:F:n:WD_3:mug.c:51	(at logger.py:129) 
2019-03-02 02:04:41,899 [D] |:F:n:WD_3:mug.c:50	(at logger.py:129) 
2019-03-02 02:04:41,899 [D] └:F:n:WD_3:mug.c:44	(at logger.py:129) 
2019-03-02 02:04:41,911 [D] subprocess cmd: ['source compile.sh /home/bohrok/Documents/DM/output/orbs/mug/2/work'], stdout: b''	(at ex_script.py:45) 
2019-03-02 02:04:41,912 [D] -:F:n:WD_1:mug.c:50	(at logger.py:129) 
2019-03-02 02:04:41,944 [D] ┌:P:c:WD_2:mug.c:50	(at logger.py:129) 
2019-03-02 02:04:41,944 [D] └:P:c:WD_2:mug.c:44	(at logger.py:129) 
2019-03-02 02:04:41,944 [D]  : : :pass:mug.c:49	(at logger.py:129) 
2019-03-02 02:04:41,944 [D]  : : :pass:mug.c:48	(at logger.py:129) 
2019-03-02 02:04:41,944 [D]  : : :pass:mug.c:47	(at logger.py:129) 
2019-03-02 02:04:41,944 [D]  : : :pass:mug.c:46	(at logger.py:129) 
2019-03-02 02:04:41,944 [D]  : : :pass:mug.c:45	(at logger.py:129) 
2019-03-02 02:04:41,944 [D]  : : :pass:mug.c:44	(at logger.py:129) 
2019-03-02 02:04:41,945 [D]  : : :pass:mug.c:43	(at logger.py:129) 
2019-03-02 02:04:41,956 [D] subprocess cmd: ['source compile.sh /home/bohrok/Documents/DM/output/orbs/mug/2/work'], stdout: b''	(at ex_script.py:45) 
2019-03-02 02:04:41,956 [D] -:F:n:WD_1:mug.c:42	(at logger.py:129) 
2019-03-02 02:04:41,966 [D] subprocess cmd: ['source compile.sh /home/bohrok/Documents/DM/output/orbs/mug/2/work'], stdout: b''	(at ex_script.py:45) 
2019-03-02 02:04:41,967 [D] ┌:F:n:WD_2:mug.c:42	(at logger.py:129) 
2019-03-02 02:04:41,967 [D] └:F:n:WD_2:mug.c:41	(at logger.py:129) 
2019-03-02 02:04:42,011 [D] ┌:P:n:WD_3:mug.c:42	(at logger.py:129) 
2019-03-02 02:04:42,011 [D] |:P:n:WD_3:mug.c:41	(at logger.py:129) 
2019-03-02 02:04:42,011 [D] └:P:n:WD_3:mug.c:40	(at logger.py:129) 
2019-03-02 02:04:42,011 [D]  : : :pass:mug.c:41	(at logger.py:129) 
2019-03-02 02:04:42,011 [D]  : : :pass:mug.c:40	(at logger.py:129) 
2019-03-02 02:04:42,023 [D] subprocess cmd: ['source compile.sh /home/bohrok/Documents/DM/output/orbs/mug/2/work'], stdout: b''	(at ex_script.py:45) 
2019-03-02 02:04:42,024 [D] -:F:n:WD_1:mug.c:39	(at logger.py:129) 
2019-03-02 02:04:42,055 [D] ┌:P:c:WD_2:mug.c:39	(at logger.py:129) 
2019-03-02 02:04:42,055 [D] └:P:c:WD_2:mug.c:33	(at logger.py:129) 
2019-03-02 02:04:42,055 [D]  : : :pass:mug.c:38	(at logger.py:129) 
2019-03-02 02:04:42,055 [D]  : : :pass:mug.c:37	(at logger.py:129) 
2019-03-02 02:04:42,055 [D]  : : :pass:mug.c:36	(at logger.py:129) 
2019-03-02 02:04:42,055 [D]  : : :pass:mug.c:35	(at logger.py:129) 
2019-03-02 02:04:42,055 [D]  : : :pass:mug.c:34	(at logger.py:129) 
2019-03-02 02:04:42,055 [D]  : : :pass:mug.c:33	(at logger.py:129) 
2019-03-02 02:04:42,055 [D]  : : :pass:mug.c:32	(at logger.py:129) 
2019-03-02 02:04:42,066 [D] subprocess cmd: ['source compile.sh /home/bohrok/Documents/DM/output/orbs/mug/2/work'], stdout: b''	(at ex_script.py:45) 
2019-03-02 02:04:42,066 [D] -:F:n:WD_1:mug.c:31	(at logger.py:129) 
2019-03-02 02:04:42,076 [D] subprocess cmd: ['source compile.sh /home/bohrok/Documents/DM/output/orbs/mug/2/work'], stdout: b''	(at ex_script.py:45) 
2019-03-02 02:04:42,077 [D] ┌:F:n:WD_2:mug.c:31	(at logger.py:129) 
2019-03-02 02:04:42,077 [D] └:F:n:WD_2:mug.c:30	(at logger.py:129) 
2019-03-02 02:04:42,116 [D] ┌:P:n:WD_3:mug.c:31	(at logger.py:129) 
2019-03-02 02:04:42,116 [D] |:P:n:WD_3:mug.c:30	(at logger.py:129) 
2019-03-02 02:04:42,116 [D] └:P:n:WD_3:mug.c:29	(at logger.py:129) 
2019-03-02 02:04:42,117 [D]  : : :pass:mug.c:30	(at logger.py:129) 
2019-03-02 02:04:42,117 [D]  : : :pass:mug.c:29	(at logger.py:129) 
2019-03-02 02:04:42,117 [D]  : : :pass:mug.c:28	(at logger.py:129) 
2019-03-02 02:04:42,127 [D] subprocess cmd: ['source compile.sh /home/bohrok/Documents/DM/output/orbs/mug/2/work'], stdout: b''	(at ex_script.py:45) 
2019-03-02 02:04:42,127 [D] -:F:n:WD_1:mug.c:27	(at logger.py:129) 
2019-03-02 02:04:42,139 [D] subprocess cmd: ['source compile.sh /home/bohrok/Documents/DM/output/orbs/mug/2/work'], stdout: b''	(at ex_script.py:45) 
2019-03-02 02:04:42,139 [D] ┌:F:n:WD_2:mug.c:27	(at logger.py:129) 
2019-03-02 02:04:42,139 [D] └:F:n:WD_2:mug.c:26	(at logger.py:129) 
2019-03-02 02:04:42,150 [D] subprocess cmd: ['source compile.sh /home/bohrok/Documents/DM/output/orbs/mug/2/work'], stdout: b''	(at ex_script.py:45) 
2019-03-02 02:04:42,150 [D] ┌:F:n:WD_3:mug.c:27	(at logger.py:129) 
2019-03-02 02:04:42,150 [D] |:F:n:WD_3:mug.c:26	(at logger.py:129) 
2019-03-02 02:04:42,150 [D] └:F:n:WD_3:mug.c:25	(at logger.py:129) 
2019-03-02 02:04:42,193 [D] -:P:n:WD_1:mug.c:26	(at logger.py:129) 
2019-03-02 02:04:42,204 [D] subprocess cmd: ['source compile.sh /home/bohrok/Documents/DM/output/orbs/mug/2/work'], stdout: b''	(at ex_script.py:45) 
2019-03-02 02:04:42,205 [D] -:F:n:WD_1:mug.c:25	(at logger.py:129) 
2019-03-02 02:04:42,236 [D] ┌:P:c:WD_2:mug.c:25	(at logger.py:129) 
2019-03-02 02:04:42,236 [D] └:P:c:WD_2:mug.c:22	(at logger.py:129) 
2019-03-02 02:04:42,236 [D]  : : :pass:mug.c:24	(at logger.py:129) 
2019-03-02 02:04:42,236 [D]  : : :pass:mug.c:23	(at logger.py:129) 
2019-03-02 02:04:42,236 [D]  : : :pass:mug.c:22	(at logger.py:129) 
2019-03-02 02:04:42,236 [D]  : : :pass:mug.c:21	(at logger.py:129) 
2019-03-02 02:04:42,246 [D] subprocess cmd: ['source compile.sh /home/bohrok/Documents/DM/output/orbs/mug/2/work'], stdout: b''	(at ex_script.py:45) 
2019-03-02 02:04:42,247 [D] -:F:n:WD_1:mug.c:20	(at logger.py:129) 
2019-03-02 02:04:42,259 [D] subprocess cmd: ['source compile.sh /home/bohrok/Documents/DM/output/orbs/mug/2/work'], stdout: b''	(at ex_script.py:45) 
2019-03-02 02:04:42,259 [D] ┌:F:n:WD_2:mug.c:20	(at logger.py:129) 
2019-03-02 02:04:42,259 [D] └:F:n:WD_2:mug.c:16	(at logger.py:129) 
2019-03-02 02:04:42,269 [D] subprocess cmd: ['source compile.sh /home/bohrok/Documents/DM/output/orbs/mug/2/work'], stdout: b''	(at ex_script.py:45) 
2019-03-02 02:04:42,270 [D] ┌:F:n:WD_3:mug.c:20	(at logger.py:129) 
2019-03-02 02:04:42,270 [D] |:F:n:WD_3:mug.c:16	(at logger.py:129) 
2019-03-02 02:04:42,270 [D] └:F:n:WD_3:mug.c:15	(at logger.py:129) 
2019-03-02 02:04:42,270 [D]  : : :pass:mug.c:19	(at logger.py:129) 
2019-03-02 02:04:42,270 [D]  : : :pass:mug.c:18	(at logger.py:129) 
2019-03-02 02:04:42,270 [D]  : : :pass:mug.c:17	(at logger.py:129) 
2019-03-02 02:04:42,311 [D] subprocess cmd: ['source execute.sh /home/bohrok/Documents/DM/output/orbs/mug/2/work'], stdout: b''	(at ex_script.py:45) 
2019-03-02 02:04:42,311 [D] -:C:n:WD_1:mug.c:16	(at logger.py:129) 
2019-03-02 02:04:42,352 [D] subprocess cmd: ['source execute.sh /home/bohrok/Documents/DM/output/orbs/mug/2/work'], stdout: b''	(at ex_script.py:45) 
2019-03-02 02:04:42,352 [D] ┌:C:n:WD_2:mug.c:16	(at logger.py:129) 
2019-03-02 02:04:42,353 [D] └:C:n:WD_2:mug.c:15	(at logger.py:129) 
2019-03-02 02:04:42,384 [D] ┌:C:c:WD_3:mug.c:16	(at logger.py:129) 
2019-03-02 02:04:42,384 [D] |:C:c:WD_3:mug.c:15	(at logger.py:129) 
2019-03-02 02:04:42,384 [D] └:C:c:WD_3:mug.c:12	(at logger.py:129) 
2019-03-02 02:04:42,425 [D] -:C:n:WD_1:mug.c:15	(at logger.py:129) 
2019-03-02 02:04:42,437 [D] subprocess cmd: ['source compile.sh /home/bohrok/Documents/DM/output/orbs/mug/2/work'], stdout: b''	(at ex_script.py:45) 
2019-03-02 02:04:42,437 [D] ┌:F:n:WD_2:mug.c:15	(at logger.py:129) 
2019-03-02 02:04:42,437 [D] └:F:n:WD_2:mug.c:12	(at logger.py:129) 
2019-03-02 02:04:42,447 [D] subprocess cmd: ['source compile.sh /home/bohrok/Documents/DM/output/orbs/mug/2/work'], stdout: b''	(at ex_script.py:45) 
2019-03-02 02:04:42,447 [D] ┌:F:n:WD_3:mug.c:15	(at logger.py:129) 
2019-03-02 02:04:42,447 [D] |:F:n:WD_3:mug.c:12	(at logger.py:129) 
2019-03-02 02:04:42,447 [D] └:F:n:WD_3:mug.c:11	(at logger.py:129) 
2019-03-02 02:04:42,447 [D]  : : :pass:mug.c:14	(at logger.py:129) 
2019-03-02 02:04:42,447 [D]  : : :pass:mug.c:13	(at logger.py:129) 
2019-03-02 02:04:42,460 [D] subprocess cmd: ['source compile.sh /home/bohrok/Documents/DM/output/orbs/mug/2/work'], stdout: b''	(at ex_script.py:45) 
2019-03-02 02:04:42,460 [D] -:F:n:WD_1:mug.c:12	(at logger.py:129) 
2019-03-02 02:04:42,472 [D] subprocess cmd: ['source compile.sh /home/bohrok/Documents/DM/output/orbs/mug/2/work'], stdout: b''	(at ex_script.py:45) 
2019-03-02 02:04:42,472 [D] ┌:F:n:WD_2:mug.c:12	(at logger.py:129) 
2019-03-02 02:04:42,472 [D] └:F:n:WD_2:mug.c:11	(at logger.py:129) 
2019-03-02 02:04:42,482 [D] subprocess cmd: ['source compile.sh /home/bohrok/Documents/DM/output/orbs/mug/2/work'], stdout: b''	(at ex_script.py:45) 
2019-03-02 02:04:42,482 [D] ┌:F:n:WD_3:mug.c:12	(at logger.py:129) 
2019-03-02 02:04:42,482 [D] |:F:n:WD_3:mug.c:11	(at logger.py:129) 
2019-03-02 02:04:42,483 [D] └:F:n:WD_3:mug.c:10	(at logger.py:129) 
2019-03-02 02:04:42,517 [D] -:P:c:WD_1:mug.c:11	(at logger.py:129) 
2019-03-02 02:04:42,528 [D] subprocess cmd: ['source compile.sh /home/bohrok/Documents/DM/output/orbs/mug/2/work'], stdout: b''	(at ex_script.py:45) 
2019-03-02 02:04:42,528 [D] -:F:n:WD_1:mug.c:10	(at logger.py:129) 
2019-03-02 02:04:42,540 [D] subprocess cmd: ['source compile.sh /home/bohrok/Documents/DM/output/orbs/mug/2/work'], stdout: b''	(at ex_script.py:45) 
2019-03-02 02:04:42,540 [D] ┌:F:n:WD_2:mug.c:10	(at logger.py:129) 
2019-03-02 02:04:42,540 [D] └:F:n:WD_2:mug.c:9	(at logger.py:129) 
2019-03-02 02:04:42,551 [D] subprocess cmd: ['source compile.sh /home/bohrok/Documents/DM/output/orbs/mug/2/work'], stdout: b''	(at ex_script.py:45) 
2019-03-02 02:04:42,551 [D] ┌:F:n:WD_3:mug.c:10	(at logger.py:129) 
2019-03-02 02:04:42,551 [D] |:F:n:WD_3:mug.c:9	(at logger.py:129) 
2019-03-02 02:04:42,551 [D] └:F:n:WD_3:mug.c:3	(at logger.py:129) 
2019-03-02 02:04:42,562 [D] subprocess cmd: ['source compile.sh /home/bohrok/Documents/DM/output/orbs/mug/2/work'], stdout: b''	(at ex_script.py:45) 
2019-03-02 02:04:42,562 [D] -:F:n:WD_1:mug.c:9	(at logger.py:129) 
2019-03-02 02:04:42,575 [D] subprocess cmd: ['source compile.sh /home/bohrok/Documents/DM/output/orbs/mug/2/work'], stdout: b''	(at ex_script.py:45) 
2019-03-02 02:04:42,575 [D] ┌:F:n:WD_2:mug.c:9	(at logger.py:129) 
2019-03-02 02:04:42,575 [D] └:F:n:WD_2:mug.c:3	(at logger.py:129) 
2019-03-02 02:04:42,575 [D] ┌:F:n:WD_3:mug.c:9	(at logger.py:129) 
2019-03-02 02:04:42,575 [D] └:F:n:WD_3:mug.c:3	(at logger.py:129) 
2019-03-02 02:04:42,575 [D]  : : :pass:mug.c:8	(at logger.py:129) 
2019-03-02 02:04:42,575 [D]  : : :pass:mug.c:7	(at logger.py:129) 
2019-03-02 02:04:42,575 [D]  : : :pass:mug.c:6	(at logger.py:129) 
2019-03-02 02:04:42,575 [D]  : : :pass:mug.c:5	(at logger.py:129) 
2019-03-02 02:04:42,576 [D]  : : :pass:mug.c:4	(at logger.py:129) 
2019-03-02 02:04:42,607 [D] -:P:c:WD_1:mug.c:3	(at logger.py:129) 
2019-03-02 02:04:42,607 [D]  : : :pass:mug.c:2	(at logger.py:129) 
2019-03-02 02:04:42,607 [D]  : : :pass:mug.c:1	(at logger.py:129) 
2019-03-02 02:04:42,607 [D] comp_cached_cnt:1	(at logger.py:134) 
2019-03-02 02:04:42,607 [D] compile_cnt:54	(at logger.py:134) 
2019-03-02 02:04:42,607 [D] execute_cnt:9	(at logger.py:134) 
2019-03-02 02:04:42,607 [D] fail_del_cnt:4	(at logger.py:134) 
2019-03-02 02:04:42,607 [D] iter_idx:2	(at logger.py:134) 
2019-03-02 02:04:42,607 [D] reuse_cnt:6	(at logger.py:134) 
2019-03-02 02:04:42,607 [D] succ_del_cnt:11	(at logger.py:134) 
2019-03-02 02:04:42,607 [D] time:1.0548648834228516	(at logger.py:134) 
2019-03-02 02:04:42,607 [D] deletion:52	(at logger.py:136) 
2019-03-02 02:04:42,607 [I] Iteration 2 finished	(at orbs.py:87) 
2019-03-02 02:04:42,608 [D]  : : :pass:mug.c:63	(at logger.py:129) 
2019-03-02 02:04:42,608 [D]  : : :pass:mug.c:62	(at logger.py:129) 
2019-03-02 02:04:42,608 [D]  : : :pass:mug.c:61	(at logger.py:129) 
2019-03-02 02:04:42,608 [D]  : : :pass:mug.c:60	(at logger.py:129) 
2019-03-02 02:04:42,608 [D]  : : :pass:mug.c:59	(at logger.py:129) 
2019-03-02 02:04:42,608 [D]  : : :pass:mug.c:58	(at logger.py:129) 
2019-03-02 02:04:42,608 [D]  : : :pass:mug.c:57	(at logger.py:129) 
2019-03-02 02:04:42,608 [D]  : : :pass:mug.c:56	(at logger.py:129) 
2019-03-02 02:04:42,618 [D] subprocess cmd: ['source compile.sh /home/bohrok/Documents/DM/output/orbs/mug/2/work'], stdout: b''	(at ex_script.py:45) 
2019-03-02 02:04:42,618 [D] -:F:n:WD_1:mug.c:55	(at logger.py:129) 
2019-03-02 02:04:42,629 [D] subprocess cmd: ['source compile.sh /home/bohrok/Documents/DM/output/orbs/mug/2/work'], stdout: b''	(at ex_script.py:45) 
2019-03-02 02:04:42,629 [D] ┌:F:n:WD_2:mug.c:55	(at logger.py:129) 
2019-03-02 02:04:42,629 [D] └:F:n:WD_2:mug.c:53	(at logger.py:129) 
2019-03-02 02:04:42,674 [D] ┌:P:n:WD_3:mug.c:55	(at logger.py:129) 
2019-03-02 02:04:42,674 [D] |:P:n:WD_3:mug.c:53	(at logger.py:129) 
2019-03-02 02:04:42,674 [D] └:P:n:WD_3:mug.c:52	(at logger.py:129) 
2019-03-02 02:04:42,674 [D]  : : :pass:mug.c:54	(at logger.py:129) 
2019-03-02 02:04:42,674 [D]  : : :pass:mug.c:53	(at logger.py:129) 
2019-03-02 02:04:42,674 [D]  : : :pass:mug.c:52	(at logger.py:129) 
2019-03-02 02:04:42,685 [D] subprocess cmd: ['source compile.sh /home/bohrok/Documents/DM/output/orbs/mug/2/work'], stdout: b''	(at ex_script.py:45) 
2019-03-02 02:04:42,686 [D] -:F:n:WD_1:mug.c:51	(at logger.py:129) 
2019-03-02 02:04:42,697 [D] subprocess cmd: ['source compile.sh /home/bohrok/Documents/DM/output/orbs/mug/2/work'], stdout: b''	(at ex_script.py:45) 
2019-03-02 02:04:42,697 [D] ┌:F:n:WD_2:mug.c:51	(at logger.py:129) 
2019-03-02 02:04:42,697 [D] └:F:n:WD_2:mug.c:27	(at logger.py:129) 
2019-03-02 02:04:42,710 [D] subprocess cmd: ['source compile.sh /home/bohrok/Documents/DM/output/orbs/mug/2/work'], stdout: b''	(at ex_script.py:45) 
2019-03-02 02:04:42,710 [D] ┌:F:n:WD_3:mug.c:51	(at logger.py:129) 
2019-03-02 02:04:42,710 [D] |:F:n:WD_3:mug.c:27	(at logger.py:129) 
2019-03-02 02:04:42,710 [D] └:F:n:WD_3:mug.c:20	(at logger.py:129) 
2019-03-02 02:04:42,710 [D]  : : :pass:mug.c:50	(at logger.py:129) 
2019-03-02 02:04:42,710 [D]  : : :pass:mug.c:49	(at logger.py:129) 
2019-03-02 02:04:42,710 [D]  : : :pass:mug.c:48	(at logger.py:129) 
2019-03-02 02:04:42,710 [D]  : : :pass:mug.c:47	(at logger.py:129) 
2019-03-02 02:04:42,710 [D]  : : :pass:mug.c:46	(at logger.py:129) 
2019-03-02 02:04:42,710 [D]  : : :pass:mug.c:45	(at logger.py:129) 
2019-03-02 02:04:42,710 [D]  : : :pass:mug.c:44	(at logger.py:129) 
2019-03-02 02:04:42,710 [D]  : : :pass:mug.c:43	(at logger.py:129) 
2019-03-02 02:04:42,710 [D]  : : :pass:mug.c:42	(at logger.py:129) 
2019-03-02 02:04:42,711 [D]  : : :pass:mug.c:41	(at logger.py:129) 
2019-03-02 02:04:42,711 [D]  : : :pass:mug.c:40	(at logger.py:129) 
2019-03-02 02:04:42,711 [D]  : : :pass:mug.c:39	(at logger.py:129) 
2019-03-02 02:04:42,711 [D]  : : :pass:mug.c:38	(at logger.py:129) 
2019-03-02 02:04:42,711 [D]  : : :pass:mug.c:37	(at logger.py:129) 
2019-03-02 02:04:42,711 [D]  : : :pass:mug.c:36	(at logger.py:129) 
2019-03-02 02:04:42,711 [D]  : : :pass:mug.c:35	(at logger.py:129) 
2019-03-02 02:04:42,711 [D]  : : :pass:mug.c:34	(at logger.py:129) 
2019-03-02 02:04:42,711 [D]  : : :pass:mug.c:33	(at logger.py:129) 
2019-03-02 02:04:42,711 [D]  : : :pass:mug.c:32	(at logger.py:129) 
2019-03-02 02:04:42,711 [D]  : : :pass:mug.c:31	(at logger.py:129) 
2019-03-02 02:04:42,711 [D]  : : :pass:mug.c:30	(at logger.py:129) 
2019-03-02 02:04:42,711 [D]  : : :pass:mug.c:29	(at logger.py:129) 
2019-03-02 02:04:42,711 [D]  : : :pass:mug.c:28	(at logger.py:129) 
2019-03-02 02:04:42,723 [D] subprocess cmd: ['source compile.sh /home/bohrok/Documents/DM/output/orbs/mug/2/work'], stdout: b''	(at ex_script.py:45) 
2019-03-02 02:04:42,723 [D] -:F:n:WD_1:mug.c:27	(at logger.py:129) 
2019-03-02 02:04:42,755 [D] ┌:P:c:WD_2:mug.c:27	(at logger.py:129) 
2019-03-02 02:04:42,755 [D] └:P:c:WD_2:mug.c:20	(at logger.py:129) 
2019-03-02 02:04:42,755 [D]  : : :pass:mug.c:26	(at logger.py:129) 
2019-03-02 02:04:42,755 [D]  : : :pass:mug.c:25	(at logger.py:129) 
2019-03-02 02:04:42,755 [D]  : : :pass:mug.c:24	(at logger.py:129) 
2019-03-02 02:04:42,755 [D]  : : :pass:mug.c:23	(at logger.py:129) 
2019-03-02 02:04:42,756 [D]  : : :pass:mug.c:22	(at logger.py:129) 
2019-03-02 02:04:42,756 [D]  : : :pass:mug.c:21	(at logger.py:129) 
2019-03-02 02:04:42,756 [D]  : : :pass:mug.c:20	(at logger.py:129) 
2019-03-02 02:04:42,756 [D]  : : :pass:mug.c:19	(at logger.py:129) 
2019-03-02 02:04:42,756 [D]  : : :pass:mug.c:18	(at logger.py:129) 
2019-03-02 02:04:42,756 [D]  : : :pass:mug.c:17	(at logger.py:129) 
2019-03-02 02:04:42,795 [D] subprocess cmd: ['source execute.sh /home/bohrok/Documents/DM/output/orbs/mug/2/work'], stdout: b''	(at ex_script.py:45) 
2019-03-02 02:04:42,795 [D] -:C:n:WD_1:mug.c:16	(at logger.py:129) 
2019-03-02 02:04:42,833 [D] subprocess cmd: ['source execute.sh /home/bohrok/Documents/DM/output/orbs/mug/2/work'], stdout: b''	(at ex_script.py:45) 
2019-03-02 02:04:42,833 [D] ┌:C:n:WD_2:mug.c:16	(at logger.py:129) 
2019-03-02 02:04:42,833 [D] └:C:n:WD_2:mug.c:15	(at logger.py:129) 
2019-03-02 02:04:42,871 [D] ┌:C:c:WD_3:mug.c:16	(at logger.py:129) 
2019-03-02 02:04:42,872 [D] |:C:c:WD_3:mug.c:15	(at logger.py:129) 
2019-03-02 02:04:42,872 [D] └:C:c:WD_3:mug.c:12	(at logger.py:129) 
2019-03-02 02:04:42,914 [D] -:C:n:WD_1:mug.c:15	(at logger.py:129) 
2019-03-02 02:04:42,927 [D] subprocess cmd: ['source compile.sh /home/bohrok/Documents/DM/output/orbs/mug/2/work'], stdout: b''	(at ex_script.py:45) 
2019-03-02 02:04:42,927 [D] ┌:F:n:WD_2:mug.c:15	(at logger.py:129) 
2019-03-02 02:04:42,927 [D] └:F:n:WD_2:mug.c:12	(at logger.py:129) 
2019-03-02 02:04:42,938 [D] subprocess cmd: ['source compile.sh /home/bohrok/Documents/DM/output/orbs/mug/2/work'], stdout: b''	(at ex_script.py:45) 
2019-03-02 02:04:42,939 [D] ┌:F:n:WD_3:mug.c:15	(at logger.py:129) 
2019-03-02 02:04:42,939 [D] |:F:n:WD_3:mug.c:12	(at logger.py:129) 
2019-03-02 02:04:42,939 [D] └:F:n:WD_3:mug.c:10	(at logger.py:129) 
2019-03-02 02:04:42,939 [D]  : : :pass:mug.c:14	(at logger.py:129) 
2019-03-02 02:04:42,939 [D]  : : :pass:mug.c:13	(at logger.py:129) 
2019-03-02 02:04:42,949 [D] subprocess cmd: ['source compile.sh /home/bohrok/Documents/DM/output/orbs/mug/2/work'], stdout: b''	(at ex_script.py:45) 
2019-03-02 02:04:42,949 [D] -:F:n:WD_1:mug.c:12	(at logger.py:129) 
2019-03-02 02:04:42,961 [D] subprocess cmd: ['source compile.sh /home/bohrok/Documents/DM/output/orbs/mug/2/work'], stdout: b''	(at ex_script.py:45) 
2019-03-02 02:04:42,961 [D] ┌:F:n:WD_2:mug.c:12	(at logger.py:129) 
2019-03-02 02:04:42,961 [D] └:F:n:WD_2:mug.c:10	(at logger.py:129) 
2019-03-02 02:04:42,973 [D] subprocess cmd: ['source compile.sh /home/bohrok/Documents/DM/output/orbs/mug/2/work'], stdout: b''	(at ex_script.py:45) 
2019-03-02 02:04:42,973 [D] ┌:F:n:WD_3:mug.c:12	(at logger.py:129) 
2019-03-02 02:04:42,973 [D] |:F:n:WD_3:mug.c:10	(at logger.py:129) 
2019-03-02 02:04:42,973 [D] └:F:n:WD_3:mug.c:9	(at logger.py:129) 
2019-03-02 02:04:42,974 [D]  : : :pass:mug.c:11	(at logger.py:129) 
2019-03-02 02:04:42,986 [D] subprocess cmd: ['source compile.sh /home/bohrok/Documents/DM/output/orbs/mug/2/work'], stdout: b''	(at ex_script.py:45) 
2019-03-02 02:04:42,987 [D] -:F:n:WD_1:mug.c:10	(at logger.py:129) 
2019-03-02 02:04:42,998 [D] subprocess cmd: ['source compile.sh /home/bohrok/Documents/DM/output/orbs/mug/2/work'], stdout: b''	(at ex_script.py:45) 
2019-03-02 02:04:42,999 [D] ┌:F:n:WD_2:mug.c:10	(at logger.py:129) 
2019-03-02 02:04:42,999 [D] └:F:n:WD_2:mug.c:9	(at logger.py:129) 
2019-03-02 02:04:42,999 [D] ┌:F:n:WD_3:mug.c:10	(at logger.py:129) 
2019-03-02 02:04:42,999 [D] └:F:n:WD_3:mug.c:9	(at logger.py:129) 
2019-03-02 02:04:43,011 [D] subprocess cmd: ['source compile.sh /home/bohrok/Documents/DM/output/orbs/mug/2/work'], stdout: b''	(at ex_script.py:45) 
2019-03-02 02:04:43,012 [D] -:F:n:WD_1:mug.c:9	(at logger.py:129) 
2019-03-02 02:04:43,012 [D] -:F:n:WD_2:mug.c:9	(at logger.py:129) 
2019-03-02 02:04:43,012 [D] -:F:n:WD_3:mug.c:9	(at logger.py:129) 
2019-03-02 02:04:43,012 [D]  : : :pass:mug.c:8	(at logger.py:129) 
2019-03-02 02:04:43,012 [D]  : : :pass:mug.c:7	(at logger.py:129) 
2019-03-02 02:04:43,012 [D]  : : :pass:mug.c:6	(at logger.py:129) 
2019-03-02 02:04:43,012 [D]  : : :pass:mug.c:5	(at logger.py:129) 
2019-03-02 02:04:43,012 [D]  : : :pass:mug.c:4	(at logger.py:129) 
2019-03-02 02:04:43,012 [D]  : : :pass:mug.c:3	(at logger.py:129) 
2019-03-02 02:04:43,012 [D]  : : :pass:mug.c:2	(at logger.py:129) 
2019-03-02 02:04:43,013 [D]  : : :pass:mug.c:1	(at logger.py:129) 
2019-03-02 02:04:43,013 [D] comp_cached_cnt:3	(at logger.py:134) 
2019-03-02 02:04:43,013 [D] compile_cnt:20	(at logger.py:134) 
2019-03-02 02:04:43,013 [D] execute_cnt:4	(at logger.py:134) 
2019-03-02 02:04:43,013 [D] fail_del_cnt:4	(at logger.py:134) 
2019-03-02 02:04:43,013 [D] iter_idx:3	(at logger.py:134) 
2019-03-02 02:04:43,013 [D] reuse_cnt:2	(at logger.py:134) 
2019-03-02 02:04:43,013 [D] succ_del_cnt:2	(at logger.py:134) 
2019-03-02 02:04:43,013 [D] time:0.4048736095428467	(at logger.py:134) 
2019-03-02 02:04:43,013 [D] deletion:57	(at logger.py:136) 
2019-03-02 02:04:43,013 [I] Iteration 3 finished	(at orbs.py:87) 
2019-03-02 02:04:43,014 [D]  : : :pass:mug.c:63	(at logger.py:129) 
2019-03-02 02:04:43,014 [D]  : : :pass:mug.c:62	(at logger.py:129) 
2019-03-02 02:04:43,014 [D]  : : :pass:mug.c:61	(at logger.py:129) 
2019-03-02 02:04:43,014 [D]  : : :pass:mug.c:60	(at logger.py:129) 
2019-03-02 02:04:43,014 [D]  : : :pass:mug.c:59	(at logger.py:129) 
2019-03-02 02:04:43,014 [D]  : : :pass:mug.c:58	(at logger.py:129) 
2019-03-02 02:04:43,014 [D]  : : :pass:mug.c:57	(at logger.py:129) 
2019-03-02 02:04:43,014 [D]  : : :pass:mug.c:56	(at logger.py:129) 
2019-03-02 02:04:43,014 [D]  : : :pass:mug.c:55	(at logger.py:129) 
2019-03-02 02:04:43,014 [D]  : : :pass:mug.c:54	(at logger.py:129) 
2019-03-02 02:04:43,014 [D]  : : :pass:mug.c:53	(at logger.py:129) 
2019-03-02 02:04:43,014 [D]  : : :pass:mug.c:52	(at logger.py:129) 
2019-03-02 02:04:43,014 [D] -:F:n:WD_1:mug.c:51	(at logger.py:129) 
2019-03-02 02:04:43,028 [D] subprocess cmd: ['source compile.sh /home/bohrok/Documents/DM/output/orbs/mug/2/work'], stdout: b''	(at ex_script.py:45) 
2019-03-02 02:04:43,028 [D] ┌:F:n:WD_2:mug.c:51	(at logger.py:129) 
2019-03-02 02:04:43,028 [D] └:F:n:WD_2:mug.c:16	(at logger.py:129) 
2019-03-02 02:04:43,041 [D] subprocess cmd: ['source compile.sh /home/bohrok/Documents/DM/output/orbs/mug/2/work'], stdout: b''	(at ex_script.py:45) 
2019-03-02 02:04:43,041 [D] ┌:F:n:WD_3:mug.c:51	(at logger.py:129) 
2019-03-02 02:04:43,041 [D] |:F:n:WD_3:mug.c:16	(at logger.py:129) 
2019-03-02 02:04:43,041 [D] └:F:n:WD_3:mug.c:15	(at logger.py:129) 
2019-03-02 02:04:43,041 [D]  : : :pass:mug.c:50	(at logger.py:129) 
2019-03-02 02:04:43,041 [D]  : : :pass:mug.c:49	(at logger.py:129) 
2019-03-02 02:04:43,042 [D]  : : :pass:mug.c:48	(at logger.py:129) 
2019-03-02 02:04:43,042 [D]  : : :pass:mug.c:47	(at logger.py:129) 
2019-03-02 02:04:43,042 [D]  : : :pass:mug.c:46	(at logger.py:129) 
2019-03-02 02:04:43,042 [D]  : : :pass:mug.c:45	(at logger.py:129) 
2019-03-02 02:04:43,042 [D]  : : :pass:mug.c:44	(at logger.py:129) 
2019-03-02 02:04:43,042 [D]  : : :pass:mug.c:43	(at logger.py:129) 
2019-03-02 02:04:43,042 [D]  : : :pass:mug.c:42	(at logger.py:129) 
2019-03-02 02:04:43,042 [D]  : : :pass:mug.c:41	(at logger.py:129) 
2019-03-02 02:04:43,042 [D]  : : :pass:mug.c:40	(at logger.py:129) 
2019-03-02 02:04:43,042 [D]  : : :pass:mug.c:39	(at logger.py:129) 
2019-03-02 02:04:43,042 [D]  : : :pass:mug.c:38	(at logger.py:129) 
2019-03-02 02:04:43,042 [D]  : : :pass:mug.c:37	(at logger.py:129) 
2019-03-02 02:04:43,042 [D]  : : :pass:mug.c:36	(at logger.py:129) 
2019-03-02 02:04:43,042 [D]  : : :pass:mug.c:35	(at logger.py:129) 
2019-03-02 02:04:43,042 [D]  : : :pass:mug.c:34	(at logger.py:129) 
2019-03-02 02:04:43,042 [D]  : : :pass:mug.c:33	(at logger.py:129) 
2019-03-02 02:04:43,042 [D]  : : :pass:mug.c:32	(at logger.py:129) 
2019-03-02 02:04:43,043 [D]  : : :pass:mug.c:31	(at logger.py:129) 
2019-03-02 02:04:43,043 [D]  : : :pass:mug.c:30	(at logger.py:129) 
2019-03-02 02:04:43,043 [D]  : : :pass:mug.c:29	(at logger.py:129) 
2019-03-02 02:04:43,043 [D]  : : :pass:mug.c:28	(at logger.py:129) 
2019-03-02 02:04:43,043 [D]  : : :pass:mug.c:27	(at logger.py:129) 
2019-03-02 02:04:43,043 [D]  : : :pass:mug.c:26	(at logger.py:129) 
2019-03-02 02:04:43,043 [D]  : : :pass:mug.c:25	(at logger.py:129) 
2019-03-02 02:04:43,043 [D]  : : :pass:mug.c:24	(at logger.py:129) 
2019-03-02 02:04:43,043 [D]  : : :pass:mug.c:23	(at logger.py:129) 
2019-03-02 02:04:43,043 [D]  : : :pass:mug.c:22	(at logger.py:129) 
2019-03-02 02:04:43,043 [D]  : : :pass:mug.c:21	(at logger.py:129) 
2019-03-02 02:04:43,043 [D]  : : :pass:mug.c:20	(at logger.py:129) 
2019-03-02 02:04:43,043 [D]  : : :pass:mug.c:19	(at logger.py:129) 
2019-03-02 02:04:43,043 [D]  : : :pass:mug.c:18	(at logger.py:129) 
2019-03-02 02:04:43,043 [D]  : : :pass:mug.c:17	(at logger.py:129) 
2019-03-02 02:04:43,043 [D] -:C:c:WD_1:mug.c:16	(at logger.py:129) 
2019-03-02 02:04:43,044 [D] ┌:C:c:WD_2:mug.c:16	(at logger.py:129) 
2019-03-02 02:04:43,044 [D] └:C:c:WD_2:mug.c:15	(at logger.py:129) 
2019-03-02 02:04:43,044 [D] ┌:C:c:WD_3:mug.c:16	(at logger.py:129) 
2019-03-02 02:04:43,044 [D] |:C:c:WD_3:mug.c:15	(at logger.py:129) 
2019-03-02 02:04:43,044 [D] └:C:c:WD_3:mug.c:12	(at logger.py:129) 
2019-03-02 02:04:43,044 [D] -:C:c:WD_1:mug.c:15	(at logger.py:129) 
2019-03-02 02:04:43,044 [D] ┌:F:n:WD_2:mug.c:15	(at logger.py:129) 
2019-03-02 02:04:43,044 [D] └:F:n:WD_2:mug.c:12	(at logger.py:129) 
2019-03-02 02:04:43,044 [D] ┌:F:n:WD_3:mug.c:15	(at logger.py:129) 
2019-03-02 02:04:43,044 [D] |:F:n:WD_3:mug.c:12	(at logger.py:129) 
2019-03-02 02:04:43,044 [D] └:F:n:WD_3:mug.c:10	(at logger.py:129) 
2019-03-02 02:04:43,044 [D]  : : :pass:mug.c:14	(at logger.py:129) 
2019-03-02 02:04:43,044 [D]  : : :pass:mug.c:13	(at logger.py:129) 
2019-03-02 02:04:43,044 [D] -:F:n:WD_1:mug.c:12	(at logger.py:129) 
2019-03-02 02:04:43,045 [D] ┌:F:n:WD_2:mug.c:12	(at logger.py:129) 
2019-03-02 02:04:43,045 [D] └:F:n:WD_2:mug.c:10	(at logger.py:129) 
2019-03-02 02:04:43,045 [D] ┌:F:n:WD_3:mug.c:12	(at logger.py:129) 
2019-03-02 02:04:43,045 [D] |:F:n:WD_3:mug.c:10	(at logger.py:129) 
2019-03-02 02:04:43,045 [D] └:F:n:WD_3:mug.c:9	(at logger.py:129) 
2019-03-02 02:04:43,045 [D]  : : :pass:mug.c:11	(at logger.py:129) 
2019-03-02 02:04:43,045 [D] -:F:n:WD_1:mug.c:10	(at logger.py:129) 
2019-03-02 02:04:43,045 [D] ┌:F:n:WD_2:mug.c:10	(at logger.py:129) 
2019-03-02 02:04:43,045 [D] └:F:n:WD_2:mug.c:9	(at logger.py:129) 
2019-03-02 02:04:43,045 [D] ┌:F:n:WD_3:mug.c:10	(at logger.py:129) 
2019-03-02 02:04:43,045 [D] └:F:n:WD_3:mug.c:9	(at logger.py:129) 
2019-03-02 02:04:43,045 [D] -:F:n:WD_1:mug.c:9	(at logger.py:129) 
2019-03-02 02:04:43,045 [D] -:F:n:WD_2:mug.c:9	(at logger.py:129) 
2019-03-02 02:04:43,045 [D] -:F:n:WD_3:mug.c:9	(at logger.py:129) 
2019-03-02 02:04:43,046 [D]  : : :pass:mug.c:8	(at logger.py:129) 
2019-03-02 02:04:43,046 [D]  : : :pass:mug.c:7	(at logger.py:129) 
2019-03-02 02:04:43,046 [D]  : : :pass:mug.c:6	(at logger.py:129) 
2019-03-02 02:04:43,046 [D]  : : :pass:mug.c:5	(at logger.py:129) 
2019-03-02 02:04:43,046 [D]  : : :pass:mug.c:4	(at logger.py:129) 
2019-03-02 02:04:43,046 [D]  : : :pass:mug.c:3	(at logger.py:129) 
2019-03-02 02:04:43,046 [D]  : : :pass:mug.c:2	(at logger.py:129) 
2019-03-02 02:04:43,046 [D]  : : :pass:mug.c:1	(at logger.py:129) 
2019-03-02 02:04:43,046 [D] comp_cached_cnt:16	(at logger.py:134) 
2019-03-02 02:04:43,046 [D] compile_cnt:2	(at logger.py:134) 
2019-03-02 02:04:43,046 [D] execute_cnt:0	(at logger.py:134) 
2019-03-02 02:04:43,046 [D] fail_del_cnt:4	(at logger.py:134) 
2019-03-02 02:04:43,046 [D] iter_idx:4	(at logger.py:134) 
2019-03-02 02:04:43,046 [D] reuse_cnt:4	(at logger.py:134) 
2019-03-02 02:04:43,046 [D] succ_del_cnt:0	(at logger.py:134) 
2019-03-02 02:04:43,046 [D] time:0.03237724304199219	(at logger.py:134) 
2019-03-02 02:04:43,046 [D] deletion:57	(at logger.py:136) 
2019-03-02 02:04:43,047 [I] Iteration 4 finished	(at orbs.py:87) 
2019-03-02 02:04:43,047 [D] total_lines:63	(at logger.py:74) 
2019-03-02 02:04:43,047 [D] iteration_cnt:4	(at logger.py:75) 
2019-03-02 02:04:43,047 [D] comp_cached_cnt:20	(at logger.py:79) 
2019-03-02 02:04:43,047 [D] compile_cnt:205	(at logger.py:79) 
2019-03-02 02:04:43,047 [D] execute_cnt:35	(at logger.py:79) 
2019-03-02 02:04:43,047 [D] fail_del_cnt:20	(at logger.py:79) 
2019-03-02 02:04:43,047 [D] reuse_cnt:24	(at logger.py:79) 
2019-03-02 02:04:43,047 [D] succ_del_cnt:39	(at logger.py:79) 
2019-03-02 02:04:43,047 [D] time:5.157421112060547	(at logger.py:80) 
2019-03-02 02:04:43,047 [D] deletion:57	(at logger.py:82) 
2019-03-02 02:04:43,047 [I] ORBS fin.	(at orbs.py:91) 
2019-03-02 02:04:43,047 [I] ===== END - RUN ==============================================	(at main.py:95) 
2019-03-02 02:04:43,047 [I] 	(at main.py:96) 
