2019-02-12 21:28:08,360 [D] -:F:n:WD_1:mbe.c:79	(at logger.py:129) 
2019-02-12 21:28:08,380 [D] ┌:F:n:WD_2:mbe.c:79	(at logger.py:129) 
2019-02-12 21:28:08,380 [D] └:F:n:WD_2:mbe.c:78	(at logger.py:129) 
2019-02-12 21:28:08,403 [D] ┌:F:n:WD_3:mbe.c:79	(at logger.py:129) 
2019-02-12 21:28:08,403 [D] |:F:n:WD_3:mbe.c:78	(at logger.py:129) 
2019-02-12 21:28:08,403 [D] └:F:n:WD_3:mbe.c:77	(at logger.py:129) 
2019-02-12 21:28:08,455 [D] -:P:n:WD_1:mbe.c:78	(at logger.py:129) 
2019-02-12 21:28:08,474 [D] -:F:n:WD_1:mbe.c:77	(at logger.py:129) 
2019-02-12 21:28:08,493 [D] ┌:F:n:WD_2:mbe.c:77	(at logger.py:129) 
2019-02-12 21:28:08,493 [D] └:F:n:WD_2:mbe.c:76	(at logger.py:129) 
2019-02-12 21:28:08,513 [D] ┌:F:n:WD_3:mbe.c:77	(at logger.py:129) 
2019-02-12 21:28:08,513 [D] |:F:n:WD_3:mbe.c:76	(at logger.py:129) 
2019-02-12 21:28:08,513 [D] └:F:n:WD_3:mbe.c:75	(at logger.py:129) 
2019-02-12 21:28:08,533 [D] -:F:n:WD_1:mbe.c:76	(at logger.py:129) 
2019-02-12 21:28:08,552 [D] ┌:F:n:WD_2:mbe.c:76	(at logger.py:129) 
2019-02-12 21:28:08,552 [D] └:F:n:WD_2:mbe.c:75	(at logger.py:129) 
2019-02-12 21:28:08,568 [D] ┌:F:n:WD_3:mbe.c:76	(at logger.py:129) 
2019-02-12 21:28:08,568 [D] |:F:n:WD_3:mbe.c:75	(at logger.py:129) 
2019-02-12 21:28:08,568 [D] └:F:n:WD_3:mbe.c:74	(at logger.py:129) 
2019-02-12 21:28:08,604 [D] -:P:c:WD_1:mbe.c:75	(at logger.py:129) 
2019-02-12 21:28:08,622 [D] -:F:n:WD_1:mbe.c:74	(at logger.py:129) 
2019-02-12 21:28:08,642 [D] ┌:F:n:WD_2:mbe.c:74	(at logger.py:129) 
2019-02-12 21:28:08,642 [D] └:F:n:WD_2:mbe.c:73	(at logger.py:129) 
2019-02-12 21:28:08,660 [D] ┌:F:n:WD_3:mbe.c:74	(at logger.py:129) 
2019-02-12 21:28:08,660 [D] |:F:n:WD_3:mbe.c:73	(at logger.py:129) 
2019-02-12 21:28:08,660 [D] └:F:n:WD_3:mbe.c:72	(at logger.py:129) 
2019-02-12 21:28:09,709 [D] -:C:n:WD_1:mbe.c:73	(at logger.py:129) 
2019-02-12 21:28:09,965 [D] ┌:F:n:WD_2:mbe.c:73	(at logger.py:129) 
2019-02-12 21:28:09,965 [D] └:F:n:WD_2:mbe.c:72	(at logger.py:129) 
2019-02-12 21:28:10,150 [D] ┌:F:n:WD_3:mbe.c:73	(at logger.py:129) 
2019-02-12 21:28:10,150 [D] |:F:n:WD_3:mbe.c:72	(at logger.py:129) 
2019-02-12 21:28:10,151 [D] └:F:n:WD_3:mbe.c:71	(at logger.py:129) 
2019-02-12 21:28:10,172 [D] -:F:n:WD_1:mbe.c:72	(at logger.py:129) 
2019-02-12 21:28:10,192 [D] ┌:F:n:WD_2:mbe.c:72	(at logger.py:129) 
2019-02-12 21:28:10,192 [D] └:F:n:WD_2:mbe.c:71	(at logger.py:129) 
2019-02-12 21:28:10,209 [D] ┌:F:n:WD_3:mbe.c:72	(at logger.py:129) 
2019-02-12 21:28:10,209 [D] |:F:n:WD_3:mbe.c:71	(at logger.py:129) 
2019-02-12 21:28:10,209 [D] └:F:n:WD_3:mbe.c:70	(at logger.py:129) 
2019-02-12 21:28:10,227 [D] -:F:n:WD_1:mbe.c:71	(at logger.py:129) 
2019-02-12 21:28:10,246 [D] ┌:F:n:WD_2:mbe.c:71	(at logger.py:129) 
2019-02-12 21:28:10,246 [D] └:F:n:WD_2:mbe.c:70	(at logger.py:129) 
2019-02-12 21:28:10,269 [D] ┌:F:n:WD_3:mbe.c:71	(at logger.py:129) 
2019-02-12 21:28:10,269 [D] |:F:n:WD_3:mbe.c:70	(at logger.py:129) 
2019-02-12 21:28:10,269 [D] └:F:n:WD_3:mbe.c:69	(at logger.py:129) 
2019-02-12 21:28:10,317 [D] -:P:c:WD_1:mbe.c:70	(at logger.py:129) 
2019-02-12 21:28:10,337 [D] -:F:n:WD_1:mbe.c:69	(at logger.py:129) 
2019-02-12 21:28:10,359 [D] ┌:F:n:WD_2:mbe.c:69	(at logger.py:129) 
2019-02-12 21:28:10,359 [D] └:F:n:WD_2:mbe.c:68	(at logger.py:129) 
2019-02-12 21:28:10,376 [D] ┌:F:n:WD_3:mbe.c:69	(at logger.py:129) 
2019-02-12 21:28:10,376 [D] |:F:n:WD_3:mbe.c:68	(at logger.py:129) 
2019-02-12 21:28:10,376 [D] └:F:n:WD_3:mbe.c:67	(at logger.py:129) 
2019-02-12 21:28:10,432 [D] -:C:n:WD_1:mbe.c:68	(at logger.py:129) 
2019-02-12 21:28:10,451 [D] ┌:F:n:WD_2:mbe.c:68	(at logger.py:129) 
2019-02-12 21:28:10,452 [D] └:F:n:WD_2:mbe.c:67	(at logger.py:129) 
2019-02-12 21:28:10,468 [D] ┌:F:n:WD_3:mbe.c:68	(at logger.py:129) 
2019-02-12 21:28:10,468 [D] |:F:n:WD_3:mbe.c:67	(at logger.py:129) 
2019-02-12 21:28:10,468 [D] └:F:n:WD_3:mbe.c:66	(at logger.py:129) 
2019-02-12 21:28:10,488 [D] -:F:n:WD_1:mbe.c:67	(at logger.py:129) 
2019-02-12 21:28:10,509 [D] ┌:F:n:WD_2:mbe.c:67	(at logger.py:129) 
2019-02-12 21:28:10,509 [D] └:F:n:WD_2:mbe.c:66	(at logger.py:129) 
2019-02-12 21:28:10,540 [D] ┌:F:n:WD_3:mbe.c:67	(at logger.py:129) 
2019-02-12 21:28:10,540 [D] |:F:n:WD_3:mbe.c:66	(at logger.py:129) 
2019-02-12 21:28:10,540 [D] └:F:n:WD_3:mbe.c:65	(at logger.py:129) 
2019-02-12 21:28:10,562 [D] -:F:n:WD_1:mbe.c:66	(at logger.py:129) 
2019-02-12 21:28:10,585 [D] ┌:F:n:WD_2:mbe.c:66	(at logger.py:129) 
2019-02-12 21:28:10,585 [D] └:F:n:WD_2:mbe.c:65	(at logger.py:129) 
2019-02-12 21:28:10,608 [D] ┌:F:n:WD_3:mbe.c:66	(at logger.py:129) 
2019-02-12 21:28:10,608 [D] |:F:n:WD_3:mbe.c:65	(at logger.py:129) 
2019-02-12 21:28:10,608 [D] └:F:n:WD_3:mbe.c:64	(at logger.py:129) 
2019-02-12 21:28:10,653 [D] -:P:c:WD_1:mbe.c:65	(at logger.py:129) 
2019-02-12 21:28:10,673 [D] -:F:n:WD_1:mbe.c:64	(at logger.py:129) 
2019-02-12 21:28:10,690 [D] ┌:F:n:WD_2:mbe.c:64	(at logger.py:129) 
2019-02-12 21:28:10,690 [D] └:F:n:WD_2:mbe.c:63	(at logger.py:129) 
2019-02-12 21:28:10,706 [D] ┌:F:n:WD_3:mbe.c:64	(at logger.py:129) 
2019-02-12 21:28:10,706 [D] |:F:n:WD_3:mbe.c:63	(at logger.py:129) 
2019-02-12 21:28:10,706 [D] └:F:n:WD_3:mbe.c:62	(at logger.py:129) 
2019-02-12 21:28:11,772 [D] -:C:n:WD_1:mbe.c:63	(at logger.py:129) 
2019-02-12 21:28:11,793 [D] ┌:F:n:WD_2:mbe.c:63	(at logger.py:129) 
2019-02-12 21:28:11,793 [D] └:F:n:WD_2:mbe.c:62	(at logger.py:129) 
2019-02-12 21:28:11,825 [D] ┌:F:n:WD_3:mbe.c:63	(at logger.py:129) 
2019-02-12 21:28:11,825 [D] |:F:n:WD_3:mbe.c:62	(at logger.py:129) 
2019-02-12 21:28:11,826 [D] └:F:n:WD_3:mbe.c:61	(at logger.py:129) 
2019-02-12 21:28:11,842 [D] -:F:n:WD_1:mbe.c:62	(at logger.py:129) 
2019-02-12 21:28:11,862 [D] ┌:F:n:WD_2:mbe.c:62	(at logger.py:129) 
2019-02-12 21:28:11,862 [D] └:F:n:WD_2:mbe.c:61	(at logger.py:129) 
2019-02-12 21:28:11,884 [D] ┌:F:n:WD_3:mbe.c:62	(at logger.py:129) 
2019-02-12 21:28:11,884 [D] |:F:n:WD_3:mbe.c:61	(at logger.py:129) 
2019-02-12 21:28:11,884 [D] └:F:n:WD_3:mbe.c:60	(at logger.py:129) 
2019-02-12 21:28:11,903 [D] -:F:n:WD_1:mbe.c:61	(at logger.py:129) 
2019-02-12 21:28:11,922 [D] ┌:F:n:WD_2:mbe.c:61	(at logger.py:129) 
2019-02-12 21:28:11,922 [D] └:F:n:WD_2:mbe.c:60	(at logger.py:129) 
2019-02-12 21:28:11,939 [D] ┌:F:n:WD_3:mbe.c:61	(at logger.py:129) 
2019-02-12 21:28:11,939 [D] |:F:n:WD_3:mbe.c:60	(at logger.py:129) 
2019-02-12 21:28:11,940 [D] └:F:n:WD_3:mbe.c:59	(at logger.py:129) 
2019-02-12 21:28:11,979 [D] -:P:c:WD_1:mbe.c:60	(at logger.py:129) 
2019-02-12 21:28:11,998 [D] -:F:n:WD_1:mbe.c:59	(at logger.py:129) 
2019-02-12 21:28:12,029 [D] ┌:F:n:WD_2:mbe.c:59	(at logger.py:129) 
2019-02-12 21:28:12,029 [D] └:F:n:WD_2:mbe.c:58	(at logger.py:129) 
2019-02-12 21:28:12,051 [D] ┌:F:n:WD_3:mbe.c:59	(at logger.py:129) 
2019-02-12 21:28:12,051 [D] |:F:n:WD_3:mbe.c:58	(at logger.py:129) 
2019-02-12 21:28:12,051 [D] └:F:n:WD_3:mbe.c:57	(at logger.py:129) 
2019-02-12 21:28:13,115 [D] -:C:n:WD_1:mbe.c:58	(at logger.py:129) 
2019-02-12 21:28:13,160 [D] ┌:C:c:WD_2:mbe.c:58	(at logger.py:129) 
2019-02-12 21:28:13,160 [D] └:C:c:WD_2:mbe.c:57	(at logger.py:129) 
2019-02-12 21:28:13,187 [D] ┌:F:n:WD_3:mbe.c:58	(at logger.py:129) 
2019-02-12 21:28:13,187 [D] |:F:n:WD_3:mbe.c:57	(at logger.py:129) 
2019-02-12 21:28:13,187 [D] └:F:n:WD_3:mbe.c:56	(at logger.py:129) 
2019-02-12 21:28:13,225 [D] -:P:c:WD_1:mbe.c:57	(at logger.py:129) 
2019-02-12 21:28:13,241 [D] -:F:n:WD_1:mbe.c:56	(at logger.py:129) 
2019-02-12 21:28:13,257 [D] ┌:F:n:WD_2:mbe.c:56	(at logger.py:129) 
2019-02-12 21:28:13,257 [D] └:F:n:WD_2:mbe.c:55	(at logger.py:129) 
2019-02-12 21:28:13,341 [D] ┌:C:n:WD_3:mbe.c:56	(at logger.py:129) 
2019-02-12 21:28:13,341 [D] |:C:n:WD_3:mbe.c:55	(at logger.py:129) 
2019-02-12 21:28:13,341 [D] └:C:n:WD_3:mbe.c:54	(at logger.py:129) 
2019-02-12 21:28:13,396 [D] -:C:n:WD_1:mbe.c:55	(at logger.py:129) 
2019-02-12 21:28:13,415 [D] ┌:F:n:WD_2:mbe.c:55	(at logger.py:129) 
2019-02-12 21:28:13,415 [D] └:F:n:WD_2:mbe.c:54	(at logger.py:129) 
2019-02-12 21:28:13,431 [D] ┌:F:n:WD_3:mbe.c:55	(at logger.py:129) 
2019-02-12 21:28:13,432 [D] |:F:n:WD_3:mbe.c:54	(at logger.py:129) 
2019-02-12 21:28:13,432 [D] └:F:n:WD_3:mbe.c:53	(at logger.py:129) 
2019-02-12 21:28:13,448 [D] -:F:n:WD_1:mbe.c:54	(at logger.py:129) 
2019-02-12 21:28:13,463 [D] ┌:F:n:WD_2:mbe.c:54	(at logger.py:129) 
2019-02-12 21:28:13,463 [D] └:F:n:WD_2:mbe.c:53	(at logger.py:129) 
2019-02-12 21:28:13,483 [D] ┌:F:n:WD_3:mbe.c:54	(at logger.py:129) 
2019-02-12 21:28:13,483 [D] |:F:n:WD_3:mbe.c:53	(at logger.py:129) 
2019-02-12 21:28:13,483 [D] └:F:n:WD_3:mbe.c:52	(at logger.py:129) 
2019-02-12 21:28:14,543 [D] -:C:n:WD_1:mbe.c:53	(at logger.py:129) 
2019-02-12 21:28:14,566 [D] ┌:F:n:WD_2:mbe.c:53	(at logger.py:129) 
2019-02-12 21:28:14,566 [D] └:F:n:WD_2:mbe.c:52	(at logger.py:129) 
2019-02-12 21:28:14,585 [D] ┌:F:n:WD_3:mbe.c:53	(at logger.py:129) 
2019-02-12 21:28:14,585 [D] |:F:n:WD_3:mbe.c:52	(at logger.py:129) 
2019-02-12 21:28:14,585 [D] └:F:n:WD_3:mbe.c:51	(at logger.py:129) 
2019-02-12 21:28:14,600 [D] -:F:n:WD_1:mbe.c:52	(at logger.py:129) 
2019-02-12 21:28:14,616 [D] ┌:F:n:WD_2:mbe.c:52	(at logger.py:129) 
2019-02-12 21:28:14,616 [D] └:F:n:WD_2:mbe.c:51	(at logger.py:129) 
2019-02-12 21:28:14,636 [D] ┌:F:n:WD_3:mbe.c:52	(at logger.py:129) 
2019-02-12 21:28:14,636 [D] |:F:n:WD_3:mbe.c:51	(at logger.py:129) 
2019-02-12 21:28:14,636 [D] └:F:n:WD_3:mbe.c:50	(at logger.py:129) 
2019-02-12 21:28:14,654 [D] -:F:n:WD_1:mbe.c:51	(at logger.py:129) 
2019-02-12 21:28:14,673 [D] ┌:F:n:WD_2:mbe.c:51	(at logger.py:129) 
2019-02-12 21:28:14,673 [D] └:F:n:WD_2:mbe.c:50	(at logger.py:129) 
2019-02-12 21:28:14,691 [D] ┌:F:n:WD_3:mbe.c:51	(at logger.py:129) 
2019-02-12 21:28:14,691 [D] |:F:n:WD_3:mbe.c:50	(at logger.py:129) 
2019-02-12 21:28:14,691 [D] └:F:n:WD_3:mbe.c:49	(at logger.py:129) 
2019-02-12 21:28:14,727 [D] -:P:c:WD_1:mbe.c:50	(at logger.py:129) 
2019-02-12 21:28:14,745 [D] -:F:n:WD_1:mbe.c:49	(at logger.py:129) 
2019-02-12 21:28:14,769 [D] ┌:F:n:WD_2:mbe.c:49	(at logger.py:129) 
2019-02-12 21:28:14,769 [D] └:F:n:WD_2:mbe.c:48	(at logger.py:129) 
2019-02-12 21:28:14,797 [D] ┌:F:n:WD_3:mbe.c:49	(at logger.py:129) 
2019-02-12 21:28:14,797 [D] |:F:n:WD_3:mbe.c:48	(at logger.py:129) 
2019-02-12 21:28:14,797 [D] └:F:n:WD_3:mbe.c:47	(at logger.py:129) 
2019-02-12 21:28:14,817 [D] -:F:n:WD_1:mbe.c:48	(at logger.py:129) 
2019-02-12 21:28:15,066 [D] ┌:F:n:WD_2:mbe.c:48	(at logger.py:129) 
2019-02-12 21:28:15,066 [D] └:F:n:WD_2:mbe.c:47	(at logger.py:129) 
2019-02-12 21:28:15,488 [D] ┌:F:n:WD_3:mbe.c:48	(at logger.py:129) 
2019-02-12 21:28:15,488 [D] |:F:n:WD_3:mbe.c:47	(at logger.py:129) 
2019-02-12 21:28:15,488 [D] └:F:n:WD_3:mbe.c:46	(at logger.py:129) 
2019-02-12 21:28:16,867 [D] -:C:n:WD_1:mbe.c:47	(at logger.py:129) 
2019-02-12 21:28:16,884 [D] ┌:F:n:WD_2:mbe.c:47	(at logger.py:129) 
2019-02-12 21:28:16,884 [D] └:F:n:WD_2:mbe.c:46	(at logger.py:129) 
2019-02-12 21:28:16,902 [D] ┌:F:n:WD_3:mbe.c:47	(at logger.py:129) 
2019-02-12 21:28:16,902 [D] |:F:n:WD_3:mbe.c:46	(at logger.py:129) 
2019-02-12 21:28:16,902 [D] └:F:n:WD_3:mbe.c:45	(at logger.py:129) 
2019-02-12 21:28:16,923 [D] -:F:n:WD_1:mbe.c:46	(at logger.py:129) 
2019-02-12 21:28:16,940 [D] ┌:F:n:WD_2:mbe.c:46	(at logger.py:129) 
2019-02-12 21:28:16,941 [D] └:F:n:WD_2:mbe.c:45	(at logger.py:129) 
2019-02-12 21:28:16,983 [D] ┌:C:c:WD_3:mbe.c:46	(at logger.py:129) 
2019-02-12 21:28:16,983 [D] |:C:c:WD_3:mbe.c:45	(at logger.py:129) 
2019-02-12 21:28:16,983 [D] └:C:c:WD_3:mbe.c:44	(at logger.py:129) 
2019-02-12 21:28:17,036 [D] -:P:c:WD_1:mbe.c:45	(at logger.py:129) 
2019-02-12 21:28:17,056 [D] -:F:n:WD_1:mbe.c:44	(at logger.py:129) 
2019-02-12 21:28:17,075 [D] ┌:F:n:WD_2:mbe.c:44	(at logger.py:129) 
2019-02-12 21:28:17,075 [D] └:F:n:WD_2:mbe.c:43	(at logger.py:129) 
2019-02-12 21:28:17,141 [D] ┌:C:n:WD_3:mbe.c:44	(at logger.py:129) 
2019-02-12 21:28:17,142 [D] |:C:n:WD_3:mbe.c:43	(at logger.py:129) 
2019-02-12 21:28:17,142 [D] └:C:n:WD_3:mbe.c:42	(at logger.py:129) 
2019-02-12 21:28:17,198 [D] -:C:n:WD_1:mbe.c:43	(at logger.py:129) 
2019-02-12 21:28:17,217 [D] ┌:F:n:WD_2:mbe.c:43	(at logger.py:129) 
2019-02-12 21:28:17,217 [D] └:F:n:WD_2:mbe.c:42	(at logger.py:129) 
2019-02-12 21:28:17,237 [D] ┌:F:n:WD_3:mbe.c:43	(at logger.py:129) 
2019-02-12 21:28:17,237 [D] |:F:n:WD_3:mbe.c:42	(at logger.py:129) 
2019-02-12 21:28:17,237 [D] └:F:n:WD_3:mbe.c:41	(at logger.py:129) 
2019-02-12 21:28:17,258 [D] -:F:n:WD_1:mbe.c:42	(at logger.py:129) 
2019-02-12 21:28:17,279 [D] ┌:F:n:WD_2:mbe.c:42	(at logger.py:129) 
2019-02-12 21:28:17,279 [D] └:F:n:WD_2:mbe.c:41	(at logger.py:129) 
2019-02-12 21:28:17,299 [D] ┌:F:n:WD_3:mbe.c:42	(at logger.py:129) 
2019-02-12 21:28:17,299 [D] |:F:n:WD_3:mbe.c:41	(at logger.py:129) 
2019-02-12 21:28:17,299 [D] └:F:n:WD_3:mbe.c:40	(at logger.py:129) 
2019-02-12 21:28:18,351 [D] -:C:n:WD_1:mbe.c:41	(at logger.py:129) 
2019-02-12 21:28:18,368 [D] ┌:F:n:WD_2:mbe.c:41	(at logger.py:129) 
2019-02-12 21:28:18,368 [D] └:F:n:WD_2:mbe.c:40	(at logger.py:129) 
2019-02-12 21:28:18,385 [D] ┌:F:n:WD_3:mbe.c:41	(at logger.py:129) 
2019-02-12 21:28:18,385 [D] |:F:n:WD_3:mbe.c:40	(at logger.py:129) 
2019-02-12 21:28:18,385 [D] └:F:n:WD_3:mbe.c:39	(at logger.py:129) 
2019-02-12 21:28:18,403 [D] -:F:n:WD_1:mbe.c:40	(at logger.py:129) 
2019-02-12 21:28:18,422 [D] ┌:F:n:WD_2:mbe.c:40	(at logger.py:129) 
2019-02-12 21:28:18,422 [D] └:F:n:WD_2:mbe.c:39	(at logger.py:129) 
2019-02-12 21:28:18,441 [D] ┌:F:n:WD_3:mbe.c:40	(at logger.py:129) 
2019-02-12 21:28:18,441 [D] |:F:n:WD_3:mbe.c:39	(at logger.py:129) 
2019-02-12 21:28:18,441 [D] └:F:n:WD_3:mbe.c:38	(at logger.py:129) 
2019-02-12 21:28:18,459 [D] -:F:n:WD_1:mbe.c:39	(at logger.py:129) 
2019-02-12 21:28:18,479 [D] ┌:F:n:WD_2:mbe.c:39	(at logger.py:129) 
2019-02-12 21:28:18,479 [D] └:F:n:WD_2:mbe.c:38	(at logger.py:129) 
2019-02-12 21:28:18,501 [D] ┌:F:n:WD_3:mbe.c:39	(at logger.py:129) 
2019-02-12 21:28:18,501 [D] |:F:n:WD_3:mbe.c:38	(at logger.py:129) 
2019-02-12 21:28:18,501 [D] └:F:n:WD_3:mbe.c:37	(at logger.py:129) 
2019-02-12 21:28:18,551 [D] -:P:c:WD_1:mbe.c:38	(at logger.py:129) 
2019-02-12 21:28:18,571 [D] -:F:n:WD_1:mbe.c:37	(at logger.py:129) 
2019-02-12 21:28:18,591 [D] ┌:F:n:WD_2:mbe.c:37	(at logger.py:129) 
2019-02-12 21:28:18,591 [D] └:F:n:WD_2:mbe.c:36	(at logger.py:129) 
2019-02-12 21:28:18,611 [D] ┌:F:n:WD_3:mbe.c:37	(at logger.py:129) 
2019-02-12 21:28:18,611 [D] |:F:n:WD_3:mbe.c:36	(at logger.py:129) 
2019-02-12 21:28:18,611 [D] └:F:n:WD_3:mbe.c:35	(at logger.py:129) 
2019-02-12 21:28:18,670 [D] -:P:n:WD_1:mbe.c:36	(at logger.py:129) 
2019-02-12 21:28:18,687 [D] -:F:n:WD_1:mbe.c:35	(at logger.py:129) 
2019-02-12 21:28:18,705 [D] ┌:F:n:WD_2:mbe.c:35	(at logger.py:129) 
2019-02-12 21:28:18,705 [D] └:F:n:WD_2:mbe.c:34	(at logger.py:129) 
2019-02-12 21:28:18,724 [D] ┌:F:n:WD_3:mbe.c:35	(at logger.py:129) 
2019-02-12 21:28:18,725 [D] |:F:n:WD_3:mbe.c:34	(at logger.py:129) 
2019-02-12 21:28:18,725 [D] └:F:n:WD_3:mbe.c:33	(at logger.py:129) 
2019-02-12 21:28:18,744 [D] -:F:n:WD_1:mbe.c:34	(at logger.py:129) 
2019-02-12 21:28:18,768 [D] ┌:F:n:WD_2:mbe.c:34	(at logger.py:129) 
2019-02-12 21:28:18,768 [D] └:F:n:WD_2:mbe.c:33	(at logger.py:129) 
2019-02-12 21:28:18,792 [D] ┌:F:n:WD_3:mbe.c:34	(at logger.py:129) 
2019-02-12 21:28:18,792 [D] |:F:n:WD_3:mbe.c:33	(at logger.py:129) 
2019-02-12 21:28:18,792 [D] └:F:n:WD_3:mbe.c:32	(at logger.py:129) 
2019-02-12 21:28:19,851 [D] -:C:n:WD_1:mbe.c:33	(at logger.py:129) 
2019-02-12 21:28:20,904 [D] ┌:C:n:WD_2:mbe.c:33	(at logger.py:129) 
2019-02-12 21:28:20,904 [D] └:C:n:WD_2:mbe.c:32	(at logger.py:129) 
2019-02-12 21:28:21,066 [D] ┌:F:n:WD_3:mbe.c:33	(at logger.py:129) 
2019-02-12 21:28:21,066 [D] |:F:n:WD_3:mbe.c:32	(at logger.py:129) 
2019-02-12 21:28:21,066 [D] └:F:n:WD_3:mbe.c:31	(at logger.py:129) 
2019-02-12 21:28:21,388 [D] -:C:n:WD_1:mbe.c:32	(at logger.py:129) 
2019-02-12 21:28:21,649 [D] ┌:F:n:WD_2:mbe.c:32	(at logger.py:129) 
2019-02-12 21:28:21,649 [D] └:F:n:WD_2:mbe.c:31	(at logger.py:129) 
2019-02-12 21:28:21,898 [D] ┌:F:n:WD_3:mbe.c:32	(at logger.py:129) 
2019-02-12 21:28:21,898 [D] |:F:n:WD_3:mbe.c:31	(at logger.py:129) 
2019-02-12 21:28:21,899 [D] └:F:n:WD_3:mbe.c:30	(at logger.py:129) 
2019-02-12 21:28:22,132 [D] -:F:n:WD_1:mbe.c:31	(at logger.py:129) 
2019-02-12 21:28:22,155 [D] ┌:F:n:WD_2:mbe.c:31	(at logger.py:129) 
2019-02-12 21:28:22,155 [D] └:F:n:WD_2:mbe.c:30	(at logger.py:129) 
2019-02-12 21:28:23,203 [D] ┌:C:n:WD_3:mbe.c:31	(at logger.py:129) 
2019-02-12 21:28:23,203 [D] |:C:n:WD_3:mbe.c:30	(at logger.py:129) 
2019-02-12 21:28:23,203 [D] └:C:n:WD_3:mbe.c:29	(at logger.py:129) 
2019-02-12 21:28:23,264 [D] -:C:n:WD_1:mbe.c:30	(at logger.py:129) 
2019-02-12 21:28:23,287 [D] ┌:F:n:WD_2:mbe.c:30	(at logger.py:129) 
2019-02-12 21:28:23,287 [D] └:F:n:WD_2:mbe.c:29	(at logger.py:129) 
2019-02-12 21:28:23,307 [D] ┌:F:n:WD_3:mbe.c:30	(at logger.py:129) 
2019-02-12 21:28:23,307 [D] |:F:n:WD_3:mbe.c:29	(at logger.py:129) 
2019-02-12 21:28:23,307 [D] └:F:n:WD_3:mbe.c:28	(at logger.py:129) 
2019-02-12 21:28:23,330 [D] -:F:n:WD_1:mbe.c:29	(at logger.py:129) 
2019-02-12 21:28:23,349 [D] ┌:F:n:WD_2:mbe.c:29	(at logger.py:129) 
2019-02-12 21:28:23,349 [D] └:F:n:WD_2:mbe.c:28	(at logger.py:129) 
2019-02-12 21:28:23,368 [D] ┌:F:n:WD_3:mbe.c:29	(at logger.py:129) 
2019-02-12 21:28:23,368 [D] |:F:n:WD_3:mbe.c:28	(at logger.py:129) 
2019-02-12 21:28:23,368 [D] └:F:n:WD_3:mbe.c:27	(at logger.py:129) 
2019-02-12 21:28:23,412 [D] -:P:c:WD_1:mbe.c:28	(at logger.py:129) 
2019-02-12 21:28:23,469 [D] -:C:n:WD_1:mbe.c:27	(at logger.py:129) 
2019-02-12 21:28:24,527 [D] ┌:C:n:WD_2:mbe.c:27	(at logger.py:129) 
2019-02-12 21:28:24,528 [D] └:C:n:WD_2:mbe.c:26	(at logger.py:129) 
2019-02-12 21:28:24,546 [D] ┌:F:n:WD_3:mbe.c:27	(at logger.py:129) 
2019-02-12 21:28:24,546 [D] |:F:n:WD_3:mbe.c:26	(at logger.py:129) 
2019-02-12 21:28:24,546 [D] └:F:n:WD_3:mbe.c:25	(at logger.py:129) 
2019-02-12 21:28:25,597 [D] -:C:n:WD_1:mbe.c:26	(at logger.py:129) 
2019-02-12 21:28:25,611 [D] ┌:F:n:WD_2:mbe.c:26	(at logger.py:129) 
2019-02-12 21:28:25,611 [D] └:F:n:WD_2:mbe.c:25	(at logger.py:129) 
2019-02-12 21:28:25,630 [D] ┌:F:n:WD_3:mbe.c:26	(at logger.py:129) 
2019-02-12 21:28:25,630 [D] |:F:n:WD_3:mbe.c:25	(at logger.py:129) 
2019-02-12 21:28:25,630 [D] └:F:n:WD_3:mbe.c:24	(at logger.py:129) 
2019-02-12 21:28:25,645 [D] -:F:n:WD_1:mbe.c:25	(at logger.py:129) 
2019-02-12 21:28:25,661 [D] ┌:F:n:WD_2:mbe.c:25	(at logger.py:129) 
2019-02-12 21:28:25,661 [D] └:F:n:WD_2:mbe.c:24	(at logger.py:129) 
2019-02-12 21:28:25,676 [D] ┌:F:n:WD_3:mbe.c:25	(at logger.py:129) 
2019-02-12 21:28:25,676 [D] |:F:n:WD_3:mbe.c:24	(at logger.py:129) 
2019-02-12 21:28:25,676 [D] └:F:n:WD_3:mbe.c:23	(at logger.py:129) 
2019-02-12 21:28:25,691 [D] -:F:n:WD_1:mbe.c:24	(at logger.py:129) 
2019-02-12 21:28:25,707 [D] ┌:F:n:WD_2:mbe.c:24	(at logger.py:129) 
2019-02-12 21:28:25,707 [D] └:F:n:WD_2:mbe.c:23	(at logger.py:129) 
2019-02-12 21:28:25,723 [D] ┌:F:n:WD_3:mbe.c:24	(at logger.py:129) 
2019-02-12 21:28:25,723 [D] |:F:n:WD_3:mbe.c:23	(at logger.py:129) 
2019-02-12 21:28:25,723 [D] └:F:n:WD_3:mbe.c:22	(at logger.py:129) 
2019-02-12 21:28:25,740 [D] -:F:n:WD_1:mbe.c:23	(at logger.py:129) 
2019-02-12 21:28:25,756 [D] ┌:F:n:WD_2:mbe.c:23	(at logger.py:129) 
2019-02-12 21:28:25,756 [D] └:F:n:WD_2:mbe.c:22	(at logger.py:129) 
2019-02-12 21:28:25,772 [D] ┌:F:n:WD_3:mbe.c:23	(at logger.py:129) 
2019-02-12 21:28:25,772 [D] |:F:n:WD_3:mbe.c:22	(at logger.py:129) 
2019-02-12 21:28:25,772 [D] └:F:n:WD_3:mbe.c:21	(at logger.py:129) 
2019-02-12 21:28:25,838 [D] -:C:n:WD_1:mbe.c:22	(at logger.py:129) 
2019-02-12 21:28:25,876 [D] ┌:C:c:WD_2:mbe.c:22	(at logger.py:129) 
2019-02-12 21:28:25,876 [D] └:C:c:WD_2:mbe.c:21	(at logger.py:129) 
2019-02-12 21:28:25,924 [D] ┌:C:n:WD_3:mbe.c:22	(at logger.py:129) 
2019-02-12 21:28:25,924 [D] |:C:n:WD_3:mbe.c:21	(at logger.py:129) 
2019-02-12 21:28:25,924 [D] └:C:n:WD_3:mbe.c:20	(at logger.py:129) 
2019-02-12 21:28:25,967 [D] -:P:c:WD_1:mbe.c:21	(at logger.py:129) 
2019-02-12 21:28:26,032 [D] -:C:n:WD_1:mbe.c:20	(at logger.py:129) 
2019-02-12 21:28:26,090 [D] ┌:C:n:WD_2:mbe.c:20	(at logger.py:129) 
2019-02-12 21:28:26,090 [D] └:C:n:WD_2:mbe.c:19	(at logger.py:129) 
2019-02-12 21:28:26,134 [D] ┌:C:c:WD_3:mbe.c:20	(at logger.py:129) 
2019-02-12 21:28:26,135 [D] |:C:c:WD_3:mbe.c:19	(at logger.py:129) 
2019-02-12 21:28:26,135 [D] └:C:c:WD_3:mbe.c:18	(at logger.py:129) 
2019-02-12 21:28:26,188 [D] -:C:n:WD_1:mbe.c:19	(at logger.py:129) 
2019-02-12 21:28:26,232 [D] ┌:C:c:WD_2:mbe.c:19	(at logger.py:129) 
2019-02-12 21:28:26,232 [D] └:C:c:WD_2:mbe.c:18	(at logger.py:129) 
2019-02-12 21:28:26,249 [D] ┌:F:n:WD_3:mbe.c:19	(at logger.py:129) 
2019-02-12 21:28:26,249 [D] |:F:n:WD_3:mbe.c:18	(at logger.py:129) 
2019-02-12 21:28:26,249 [D] └:F:n:WD_3:mbe.c:17	(at logger.py:129) 
2019-02-12 21:28:26,297 [D] -:P:c:WD_1:mbe.c:18	(at logger.py:129) 
2019-02-12 21:28:26,318 [D] -:F:n:WD_1:mbe.c:17	(at logger.py:129) 
2019-02-12 21:28:26,340 [D] ┌:F:n:WD_2:mbe.c:17	(at logger.py:129) 
2019-02-12 21:28:26,340 [D] └:F:n:WD_2:mbe.c:16	(at logger.py:129) 
2019-02-12 21:28:26,362 [D] ┌:F:n:WD_3:mbe.c:17	(at logger.py:129) 
2019-02-12 21:28:26,362 [D] |:F:n:WD_3:mbe.c:16	(at logger.py:129) 
2019-02-12 21:28:26,362 [D] └:F:n:WD_3:mbe.c:15	(at logger.py:129) 
2019-02-12 21:28:26,386 [D] -:F:n:WD_1:mbe.c:16	(at logger.py:129) 
2019-02-12 21:28:26,403 [D] ┌:F:n:WD_2:mbe.c:16	(at logger.py:129) 
2019-02-12 21:28:26,403 [D] └:F:n:WD_2:mbe.c:15	(at logger.py:129) 
2019-02-12 21:28:26,420 [D] ┌:F:n:WD_3:mbe.c:16	(at logger.py:129) 
2019-02-12 21:28:26,420 [D] |:F:n:WD_3:mbe.c:15	(at logger.py:129) 
2019-02-12 21:28:26,420 [D] └:F:n:WD_3:mbe.c:14	(at logger.py:129) 
2019-02-12 21:28:26,437 [D] -:F:n:WD_1:mbe.c:15	(at logger.py:129) 
2019-02-12 21:28:26,454 [D] ┌:F:n:WD_2:mbe.c:15	(at logger.py:129) 
2019-02-12 21:28:26,454 [D] └:F:n:WD_2:mbe.c:14	(at logger.py:129) 
2019-02-12 21:28:26,474 [D] ┌:F:n:WD_3:mbe.c:15	(at logger.py:129) 
2019-02-12 21:28:26,475 [D] |:F:n:WD_3:mbe.c:14	(at logger.py:129) 
2019-02-12 21:28:26,475 [D] └:F:n:WD_3:mbe.c:13	(at logger.py:129) 
2019-02-12 21:28:26,491 [D] -:F:n:WD_1:mbe.c:14	(at logger.py:129) 
2019-02-12 21:28:26,508 [D] ┌:F:n:WD_2:mbe.c:14	(at logger.py:129) 
2019-02-12 21:28:26,508 [D] └:F:n:WD_2:mbe.c:13	(at logger.py:129) 
2019-02-12 21:28:26,534 [D] ┌:F:n:WD_3:mbe.c:14	(at logger.py:129) 
2019-02-12 21:28:26,534 [D] |:F:n:WD_3:mbe.c:13	(at logger.py:129) 
2019-02-12 21:28:26,534 [D] └:F:n:WD_3:mbe.c:12	(at logger.py:129) 
2019-02-12 21:28:26,578 [D] -:P:c:WD_1:mbe.c:13	(at logger.py:129) 
2019-02-12 21:28:26,725 [D] -:P:n:WD_1:mbe.c:12	(at logger.py:129) 
2019-02-12 21:28:26,998 [D] -:P:n:WD_1:mbe.c:11	(at logger.py:129) 
2019-02-12 21:28:27,241 [D] -:P:n:WD_1:mbe.c:10	(at logger.py:129) 
2019-02-12 21:28:27,526 [D] -:P:c:WD_1:mbe.c:9	(at logger.py:129) 
2019-02-12 21:28:27,614 [D] -:P:n:WD_1:mbe.c:8	(at logger.py:129) 
2019-02-12 21:28:27,665 [D] -:P:n:WD_1:mbe.c:7	(at logger.py:129) 
2019-02-12 21:28:27,706 [D] -:P:c:WD_1:mbe.c:6	(at logger.py:129) 
2019-02-12 21:28:27,756 [D] -:P:n:WD_1:mbe.c:5	(at logger.py:129) 
2019-02-12 21:28:27,768 [D] -:F:n:WD_1:mbe.c:4	(at logger.py:129) 
2019-02-12 21:28:27,788 [D] ┌:F:n:WD_2:mbe.c:4	(at logger.py:129) 
2019-02-12 21:28:27,788 [D] └:F:n:WD_2:mbe.c:3	(at logger.py:129) 
2019-02-12 21:28:27,801 [D] ┌:F:n:WD_3:mbe.c:4	(at logger.py:129) 
2019-02-12 21:28:27,802 [D] |:F:n:WD_3:mbe.c:3	(at logger.py:129) 
2019-02-12 21:28:27,802 [D] └:F:n:WD_3:mbe.c:2	(at logger.py:129) 
2019-02-12 21:28:27,816 [D] -:F:n:WD_1:mbe.c:3	(at logger.py:129) 
2019-02-12 21:28:27,833 [D] ┌:F:n:WD_2:mbe.c:3	(at logger.py:129) 
2019-02-12 21:28:27,833 [D] └:F:n:WD_2:mbe.c:2	(at logger.py:129) 
2019-02-12 21:28:27,875 [D] ┌:P:c:WD_3:mbe.c:3	(at logger.py:129) 
2019-02-12 21:28:27,875 [D] |:P:c:WD_3:mbe.c:2	(at logger.py:129) 
2019-02-12 21:28:27,875 [D] └:P:c:WD_3:mbe.c:1	(at logger.py:129) 
2019-02-12 21:28:27,875 [D]  : : :pass:mbe.c:2	(at logger.py:129) 
2019-02-12 21:28:27,875 [D]  : : :pass:mbe.c:1	(at logger.py:129) 
2019-02-12 21:28:27,876 [D] comp_cached_cnt:0	(at logger.py:134) 
2019-02-12 21:28:27,876 [D] compile_cnt:187	(at logger.py:134) 
2019-02-12 21:28:27,876 [D] execute_cnt:32	(at logger.py:134) 
2019-02-12 21:28:27,876 [D] fail_del_cnt:29	(at logger.py:134) 
2019-02-12 21:28:27,876 [D] iter_idx:1	(at logger.py:134) 
2019-02-12 21:28:27,876 [D] reuse_cnt:20	(at logger.py:134) 
2019-02-12 21:28:27,876 [D] succ_del_cnt:23	(at logger.py:134) 
2019-02-12 21:28:27,876 [D] time:19.535964012145996	(at logger.py:134) 
2019-02-12 21:28:27,876 [D] deletion:25	(at logger.py:136) 
