2019-03-02 22:11:13,150 [I] output_path: output/model/mug/ff2l/simple_bayes	(at model.py:166) 
2019-03-02 22:11:13,151 [I] factor_size: 9	(at model.py:121) 
2019-03-02 22:11:13,151 [I] response_size: 15	(at model.py:122) 
2019-03-02 22:11:13,171 [I] Criteria path loaded (path:output/original/mug/scripts/test/criteria)	(at model.py:43) 
2019-03-02 22:11:13,171 [I] unique response cnt: 9	(at model.py:179) 
2019-03-02 22:11:13,171 [I] 1 1 0 0 1 0 0 0 0 0 0 0 0 0 0	(at model.py:181) 
2019-03-02 22:11:13,171 [I] 1 1 1 1 1 1 1 1 1 1 1 1 1 1 1	(at model.py:181) 
2019-03-02 22:11:13,171 [I] 1 0 0 1 1 0 0 0 1 0 0 0 0 0 0	(at model.py:181) 
2019-03-02 22:11:13,171 [I] 1 0 0 1 1 0 0 0 0 0 0 0 0 0 0	(at model.py:181) 
2019-03-02 22:11:13,171 [I] 1 0 0 1 1 0 0 1 0 0 0 0 0 0 0	(at model.py:181) 
2019-03-02 22:11:13,171 [I] 1 0 1 0 1 0 0 0 0 0 0 0 0 0 0	(at model.py:181) 
2019-03-02 22:11:13,171 [I] 1 0 1 1 1 0 0 0 0 0 0 0 0 0 0	(at model.py:181) 
2019-03-02 22:11:13,171 [I] 1 1 1 0 1 1 0 0 0 1 1 0 1 0 1	(at model.py:181) 
2019-03-02 22:11:13,171 [I] 1 0 0 0 1 0 0 0 0 0 0 0 0 0 0	(at model.py:181) 
2019-03-02 22:11:13,171 [I] Criterion ORBS:14:5:i (1): response_idx:2, vector_idx:11	(at model.py:135) 
2019-03-02 22:11:13,172 [I] inferred factor:
[0 1 1 1 1 1 1 1 1]	(at model.py:145) 
2019-03-02 22:11:14,022 [I] succ: True	(at model.py:150) 
2019-03-02 22:11:14,022 [I] response:
[1 0 1 0 1 0 0 0 0 0 0 0 0 0 0]	(at model.py:151) 
2019-03-02 22:11:14,023 [I] Criterion ORBS:15:5:c (2): response_idx:3, vector_idx:12	(at model.py:135) 
2019-03-02 22:11:14,023 [I] inferred factor:
[1 0 1 1 1 1 1 1 1]	(at model.py:145) 
2019-03-02 22:11:15,415 [I] succ: True	(at model.py:150) 
2019-03-02 22:11:15,415 [I] response:
[1 0 0 1 1 0 0 0 0 0 0 0 0 0 0]	(at model.py:151) 
2019-03-02 22:11:15,415 [I] Criterion ORBS:16:5:x (3): response_idx:4, vector_idx:13	(at model.py:135) 
2019-03-02 22:11:15,415 [I] inferred factor:
[0 0 0 0 0 0 0 0 0]	(at model.py:145) 
2019-03-02 22:11:15,604 [I] succ: True	(at model.py:150) 
2019-03-02 22:11:15,604 [I] response:
[1 1 1 1 1 1 1 1 1 1 1 1 1 1 1]	(at model.py:151) 
2019-03-02 22:11:15,604 [I] Criterion ORBS:17:14:i (4): response_idx:5, vector_idx:14	(at model.py:135) 
2019-03-02 22:11:15,605 [I] inferred factor:
[0 1 0 1 0 1 0 1 1]	(at model.py:145) 
2019-03-02 22:11:15,975 [I] succ: True	(at model.py:150) 
2019-03-02 22:11:15,975 [I] response:
[1 1 1 0 1 1 0 0 0 1 1 0 1 0 1]	(at model.py:151) 
2019-03-02 22:11:15,975 [I] Criterion ORBS:19:15:c (5): response_idx:6, vector_idx:15	(at model.py:135) 
2019-03-02 22:11:15,976 [I] inferred factor:
[0 0 0 1 0 0 0 0 0]	(at model.py:145) 
2019-03-02 22:11:16,134 [I] succ: True	(at model.py:150) 
2019-03-02 22:11:16,134 [I] response:
[1 1 1 1 1 1 1 1 1 1 1 1 1 1 1]	(at model.py:151) 
2019-03-02 22:11:16,134 [I] Criterion ORBS:21:13:x (6): response_idx:7, vector_idx:16	(at model.py:135) 
2019-03-02 22:11:16,134 [I] inferred factor:
[1 0 1 1 1 0 1 0 1]	(at model.py:145) 
2019-03-02 22:11:17,280 [I] succ: True	(at model.py:150) 
2019-03-02 22:11:17,281 [I] response:
[1 0 0 1 1 0 0 1 0 0 0 0 0 0 0]	(at model.py:151) 
2019-03-02 22:11:17,281 [I] Criterion ORBS:22:13:c (7): response_idx:8, vector_idx:17	(at model.py:135) 
2019-03-02 22:11:17,281 [I] inferred factor:
[1 0 0 1 1 0 0 1 0]	(at model.py:145) 
2019-03-02 22:11:18,481 [I] succ: True	(at model.py:150) 
2019-03-02 22:11:18,482 [I] response:
[1 0 0 1 1 0 0 0 1 0 0 0 0 0 0]	(at model.py:151) 
2019-03-02 22:11:18,482 [I] Criterion ORBS:24:15:i (8): response_idx:9, vector_idx:18	(at model.py:135) 
2019-03-02 22:11:18,482 [I] inferred factor:
[0 1 0 1 0 1 0 1 1]	(at model.py:145) 
2019-03-02 22:11:19,053 [I] succ: True	(at model.py:150) 
2019-03-02 22:11:19,054 [I] response:
[1 1 1 0 1 1 0 0 0 1 1 0 1 0 1]	(at model.py:151) 
2019-03-02 22:11:19,054 [I] Criterion ORBS:24:9:i (9): response_idx:10, vector_idx:19	(at model.py:135) 
2019-03-02 22:11:19,054 [I] inferred factor:
[0 1 0 1 0 1 0 1 1]	(at model.py:145) 
2019-03-02 22:11:19,459 [I] succ: True	(at model.py:150) 
2019-03-02 22:11:19,459 [I] response:
[1 1 1 0 1 1 0 0 0 1 1 0 1 0 1]	(at model.py:151) 
2019-03-02 22:11:19,459 [I] Criterion ORBS:26:20:x (10): response_idx:11, vector_idx:20	(at model.py:135) 
2019-03-02 22:11:19,459 [I] inferred factor:
[0 0 0 1 0 0 0 0 0]	(at model.py:145) 
2019-03-02 22:11:19,896 [I] succ: True	(at model.py:150) 
2019-03-02 22:11:19,897 [I] response:
[1 1 1 1 1 1 1 1 1 1 1 1 1 1 1]	(at model.py:151) 
2019-03-02 22:11:19,897 [I] Criterion ORBS:30:9:i (11): response_idx:12, vector_idx:21	(at model.py:135) 
2019-03-02 22:11:19,897 [I] inferred factor:
[0 1 0 1 0 1 0 1 1]	(at model.py:145) 
2019-03-02 22:11:20,469 [I] succ: True	(at model.py:150) 
2019-03-02 22:11:20,470 [I] response:
[1 1 1 0 1 1 0 0 0 1 1 0 1 0 1]	(at model.py:151) 
2019-03-02 22:11:20,470 [I] Criterion ORBS:41:9:i (12): response_idx:13, vector_idx:22	(at model.py:135) 
2019-03-02 22:11:20,470 [I] inferred factor:
[0 0 0 1 0 0 0 0 0]	(at model.py:145) 
2019-03-02 22:11:20,609 [I] succ: True	(at model.py:150) 
2019-03-02 22:11:20,610 [I] response:
[1 1 1 1 1 1 1 1 1 1 1 1 1 1 1]	(at model.py:151) 
2019-03-02 22:11:20,610 [I] Criterion ORBS:52:12:i (13): response_idx:14, vector_idx:23	(at model.py:135) 
2019-03-02 22:11:20,610 [I] inferred factor:
[0 1 0 1 0 1 0 1 1]	(at model.py:145) 
2019-03-02 22:11:21,201 [I] succ: True	(at model.py:150) 
2019-03-02 22:11:21,202 [I] response:
[1 1 1 0 1 1 0 0 0 1 1 0 1 0 1]	(at model.py:151) 
2019-03-02 22:11:21,202 [I] success rate: 1.0	(at model.py:190) 
