2019-03-02 02:02:21,918 [I] 	(at main.py:29) 
2019-03-02 02:02:21,918 [I] ===== START - RUN ==============================================	(at main.py:32) 
2019-03-02 02:02:21,918 [D] Title: RUN, Job key: RUN_2019-03-02_02:02:21	(at main.py:40) 
2019-03-02 02:02:21,918 [I] Load config file.	(at main.py:56) 
2019-03-02 02:02:21,919 [D] Loading config from ['/home/bohrok/Documents/DM/output/orbs/wc/9/config/config.ini']	(at config.py:16) 
2019-03-02 02:02:21,919 [D] Load config successfully!	(at config.py:19) 
2019-03-02 02:02:21,919 [D] Initialize directory: .	(at workspace.py:10) 
2019-03-02 02:02:21,919 [I] Initialize workspace.	(at main.py:64) 
2019-03-02 02:02:21,919 [I] Working directory path: /home/bohrok/Documents/DM/output/orbs/wc/9/work	(at workspace.py:41) 
2019-03-02 02:02:21,921 [D] Record the config on workspace.	(at workspace.py:62) 
2019-03-02 02:02:21,921 [I] No PRE stage.	(at main.py:73) 
2019-03-02 02:02:21,921 [I] Construct SliceSpace.	(at main.py:76) 
2019-03-02 02:02:21,921 [I] Compile the system.	(at slicespace.py:148) 
2019-03-02 02:02:21,958 [I] Execute the system.	(at slicespace.py:160) 
2019-03-02 02:02:21,974 [I] Compile the system again (sanity check).	(at slicespace.py:174) 
2019-03-02 02:02:22,013 [I] Execute the system again (sanity check).	(at slicespace.py:188) 
2019-03-02 02:02:22,026 [I] Construct deletion operators.	(at main.py:80) 
2019-03-02 02:02:22,027 [I] Run ORBS stage.	(at main.py:85) 
2019-03-02 02:02:22,028 [I] ORBS starts...	(at orbs.py:53) 
2019-03-02 02:02:22,043 [D] subprocess cmd: ['source compile.sh /home/bohrok/Documents/DM/output/orbs/wc/9/work'], stdout: b''	(at ex_script.py:45) 
2019-03-02 02:02:22,043 [D] -:F:n:WD_1:wc.c:48	(at logger.py:129) 
2019-03-02 02:02:22,058 [D] subprocess cmd: ['source compile.sh /home/bohrok/Documents/DM/output/orbs/wc/9/work'], stdout: b''	(at ex_script.py:45) 
2019-03-02 02:02:22,059 [D] ┌:F:n:WD_2:wc.c:48	(at logger.py:129) 
2019-03-02 02:02:22,059 [D] └:F:n:WD_2:wc.c:47	(at logger.py:129) 
2019-03-02 02:02:22,076 [D] subprocess cmd: ['source compile.sh /home/bohrok/Documents/DM/output/orbs/wc/9/work'], stdout: b''	(at ex_script.py:45) 
2019-03-02 02:02:22,076 [D] ┌:F:n:WD_3:wc.c:48	(at logger.py:129) 
2019-03-02 02:02:22,076 [D] |:F:n:WD_3:wc.c:47	(at logger.py:129) 
2019-03-02 02:02:22,077 [D] └:F:n:WD_3:wc.c:46	(at logger.py:129) 
2019-03-02 02:02:22,092 [D] subprocess cmd: ['source compile.sh /home/bohrok/Documents/DM/output/orbs/wc/9/work'], stdout: b''	(at ex_script.py:45) 
2019-03-02 02:02:22,092 [D] -:F:n:WD_1:wc.c:47	(at logger.py:129) 
2019-03-02 02:02:22,108 [D] subprocess cmd: ['source compile.sh /home/bohrok/Documents/DM/output/orbs/wc/9/work'], stdout: b''	(at ex_script.py:45) 
2019-03-02 02:02:22,108 [D] ┌:F:n:WD_2:wc.c:47	(at logger.py:129) 
2019-03-02 02:02:22,109 [D] └:F:n:WD_2:wc.c:46	(at logger.py:129) 
2019-03-02 02:02:22,125 [D] subprocess cmd: ['source compile.sh /home/bohrok/Documents/DM/output/orbs/wc/9/work'], stdout: b''	(at ex_script.py:45) 
2019-03-02 02:02:22,126 [D] ┌:F:n:WD_3:wc.c:47	(at logger.py:129) 
2019-03-02 02:02:22,126 [D] |:F:n:WD_3:wc.c:46	(at logger.py:129) 
2019-03-02 02:02:22,126 [D] └:F:n:WD_3:wc.c:45	(at logger.py:129) 
2019-03-02 02:02:22,181 [D] -:P:n:WD_1:wc.c:46	(at logger.py:129) 
2019-03-02 02:02:22,196 [D] subprocess cmd: ['source compile.sh /home/bohrok/Documents/DM/output/orbs/wc/9/work'], stdout: b''	(at ex_script.py:45) 
2019-03-02 02:02:22,196 [D] -:F:n:WD_1:wc.c:45	(at logger.py:129) 
2019-03-02 02:02:22,210 [D] subprocess cmd: ['source compile.sh /home/bohrok/Documents/DM/output/orbs/wc/9/work'], stdout: b''	(at ex_script.py:45) 
2019-03-02 02:02:22,211 [D] ┌:F:n:WD_2:wc.c:45	(at logger.py:129) 
2019-03-02 02:02:22,211 [D] └:F:n:WD_2:wc.c:44	(at logger.py:129) 
2019-03-02 02:02:22,250 [D] ┌:P:c:WD_3:wc.c:45	(at logger.py:129) 
2019-03-02 02:02:22,250 [D] |:P:c:WD_3:wc.c:44	(at logger.py:129) 
2019-03-02 02:02:22,250 [D] └:P:c:WD_3:wc.c:43	(at logger.py:129) 
2019-03-02 02:02:22,250 [D]  : : :pass:wc.c:44	(at logger.py:129) 
2019-03-02 02:02:22,250 [D]  : : :pass:wc.c:43	(at logger.py:129) 
2019-03-02 02:02:22,300 [D] -:P:n:WD_1:wc.c:42	(at logger.py:129) 
2019-03-02 02:02:22,315 [D] subprocess cmd: ['source compile.sh /home/bohrok/Documents/DM/output/orbs/wc/9/work'], stdout: b''	(at ex_script.py:45) 
2019-03-02 02:02:22,315 [D] -:F:n:WD_1:wc.c:41	(at logger.py:129) 
2019-03-02 02:02:22,329 [D] subprocess cmd: ['source compile.sh /home/bohrok/Documents/DM/output/orbs/wc/9/work'], stdout: b''	(at ex_script.py:45) 
2019-03-02 02:02:22,329 [D] ┌:F:n:WD_2:wc.c:41	(at logger.py:129) 
2019-03-02 02:02:22,329 [D] └:F:n:WD_2:wc.c:40	(at logger.py:129) 
2019-03-02 02:02:22,342 [D] subprocess cmd: ['source compile.sh /home/bohrok/Documents/DM/output/orbs/wc/9/work'], stdout: b''	(at ex_script.py:45) 
2019-03-02 02:02:22,342 [D] ┌:F:n:WD_3:wc.c:41	(at logger.py:129) 
2019-03-02 02:02:22,342 [D] |:F:n:WD_3:wc.c:40	(at logger.py:129) 
2019-03-02 02:02:22,342 [D] └:F:n:WD_3:wc.c:39	(at logger.py:129) 
2019-03-02 02:02:22,357 [D] subprocess cmd: ['source compile.sh /home/bohrok/Documents/DM/output/orbs/wc/9/work'], stdout: b''	(at ex_script.py:45) 
2019-03-02 02:02:22,357 [D] -:F:n:WD_1:wc.c:40	(at logger.py:129) 
2019-03-02 02:02:22,397 [D] ┌:P:c:WD_2:wc.c:40	(at logger.py:129) 
2019-03-02 02:02:22,397 [D] └:P:c:WD_2:wc.c:39	(at logger.py:129) 
2019-03-02 02:02:22,397 [D]  : : :pass:wc.c:39	(at logger.py:129) 
2019-03-02 02:02:22,446 [D] -:P:n:WD_1:wc.c:38	(at logger.py:129) 
2019-03-02 02:02:22,460 [D] subprocess cmd: ['source compile.sh /home/bohrok/Documents/DM/output/orbs/wc/9/work'], stdout: b''	(at ex_script.py:45) 
2019-03-02 02:02:22,461 [D] -:F:n:WD_1:wc.c:37	(at logger.py:129) 
2019-03-02 02:02:22,475 [D] subprocess cmd: ['source compile.sh /home/bohrok/Documents/DM/output/orbs/wc/9/work'], stdout: b''	(at ex_script.py:45) 
2019-03-02 02:02:22,476 [D] ┌:F:n:WD_2:wc.c:37	(at logger.py:129) 
2019-03-02 02:02:22,476 [D] └:F:n:WD_2:wc.c:36	(at logger.py:129) 
2019-03-02 02:02:22,516 [D] subprocess cmd: ['source compile.sh /home/bohrok/Documents/DM/output/orbs/wc/9/work'], stdout: b''	(at ex_script.py:45) 
2019-03-02 02:02:22,516 [D] ┌:F:n:WD_3:wc.c:37	(at logger.py:129) 
2019-03-02 02:02:22,516 [D] |:F:n:WD_3:wc.c:36	(at logger.py:129) 
2019-03-02 02:02:22,516 [D] └:F:n:WD_3:wc.c:35	(at logger.py:129) 
2019-03-02 02:02:22,528 [D] subprocess cmd: ['source compile.sh /home/bohrok/Documents/DM/output/orbs/wc/9/work'], stdout: b''	(at ex_script.py:45) 
2019-03-02 02:02:22,529 [D] -:F:n:WD_1:wc.c:36	(at logger.py:129) 
2019-03-02 02:02:22,542 [D] subprocess cmd: ['source compile.sh /home/bohrok/Documents/DM/output/orbs/wc/9/work'], stdout: b''	(at ex_script.py:45) 
2019-03-02 02:02:22,542 [D] ┌:F:n:WD_2:wc.c:36	(at logger.py:129) 
2019-03-02 02:02:22,542 [D] └:F:n:WD_2:wc.c:35	(at logger.py:129) 
2019-03-02 02:02:22,557 [D] subprocess cmd: ['source compile.sh /home/bohrok/Documents/DM/output/orbs/wc/9/work'], stdout: b''	(at ex_script.py:45) 
2019-03-02 02:02:22,557 [D] ┌:F:n:WD_3:wc.c:36	(at logger.py:129) 
2019-03-02 02:02:22,557 [D] |:F:n:WD_3:wc.c:35	(at logger.py:129) 
2019-03-02 02:02:22,557 [D] └:F:n:WD_3:wc.c:34	(at logger.py:129) 
2019-03-02 02:02:22,572 [D] subprocess cmd: ['source compile.sh /home/bohrok/Documents/DM/output/orbs/wc/9/work'], stdout: b''	(at ex_script.py:45) 
2019-03-02 02:02:22,573 [D] -:F:n:WD_1:wc.c:35	(at logger.py:129) 
2019-03-02 02:02:22,588 [D] subprocess cmd: ['source compile.sh /home/bohrok/Documents/DM/output/orbs/wc/9/work'], stdout: b''	(at ex_script.py:45) 
2019-03-02 02:02:22,588 [D] ┌:F:n:WD_2:wc.c:35	(at logger.py:129) 
2019-03-02 02:02:22,588 [D] └:F:n:WD_2:wc.c:34	(at logger.py:129) 
2019-03-02 02:02:22,601 [D] subprocess cmd: ['source compile.sh /home/bohrok/Documents/DM/output/orbs/wc/9/work'], stdout: b''	(at ex_script.py:45) 
2019-03-02 02:02:22,602 [D] ┌:F:n:WD_3:wc.c:35	(at logger.py:129) 
2019-03-02 02:02:22,602 [D] |:F:n:WD_3:wc.c:34	(at logger.py:129) 
2019-03-02 02:02:22,602 [D] └:F:n:WD_3:wc.c:33	(at logger.py:129) 
2019-03-02 02:02:22,615 [D] subprocess cmd: ['source compile.sh /home/bohrok/Documents/DM/output/orbs/wc/9/work'], stdout: b''	(at ex_script.py:45) 
2019-03-02 02:02:22,615 [D] -:F:n:WD_1:wc.c:34	(at logger.py:129) 
2019-03-02 02:02:22,628 [D] subprocess cmd: ['source compile.sh /home/bohrok/Documents/DM/output/orbs/wc/9/work'], stdout: b''	(at ex_script.py:45) 
2019-03-02 02:02:22,628 [D] ┌:F:n:WD_2:wc.c:34	(at logger.py:129) 
2019-03-02 02:02:22,628 [D] └:F:n:WD_2:wc.c:33	(at logger.py:129) 
2019-03-02 02:02:22,643 [D] subprocess cmd: ['source compile.sh /home/bohrok/Documents/DM/output/orbs/wc/9/work'], stdout: b''	(at ex_script.py:45) 
2019-03-02 02:02:22,643 [D] ┌:F:n:WD_3:wc.c:34	(at logger.py:129) 
2019-03-02 02:02:22,643 [D] |:F:n:WD_3:wc.c:33	(at logger.py:129) 
2019-03-02 02:02:22,644 [D] └:F:n:WD_3:wc.c:32	(at logger.py:129) 
2019-03-02 02:02:22,662 [D] subprocess cmd: ['source compile.sh /home/bohrok/Documents/DM/output/orbs/wc/9/work'], stdout: b''	(at ex_script.py:45) 
2019-03-02 02:02:22,663 [D] -:F:n:WD_1:wc.c:33	(at logger.py:129) 
2019-03-02 02:02:22,680 [D] subprocess cmd: ['source compile.sh /home/bohrok/Documents/DM/output/orbs/wc/9/work'], stdout: b''	(at ex_script.py:45) 
2019-03-02 02:02:22,681 [D] ┌:F:n:WD_2:wc.c:33	(at logger.py:129) 
2019-03-02 02:02:22,681 [D] └:F:n:WD_2:wc.c:32	(at logger.py:129) 
2019-03-02 02:02:22,694 [D] subprocess cmd: ['source compile.sh /home/bohrok/Documents/DM/output/orbs/wc/9/work'], stdout: b''	(at ex_script.py:45) 
2019-03-02 02:02:22,695 [D] ┌:F:n:WD_3:wc.c:33	(at logger.py:129) 
2019-03-02 02:02:22,695 [D] |:F:n:WD_3:wc.c:32	(at logger.py:129) 
2019-03-02 02:02:22,695 [D] └:F:n:WD_3:wc.c:31	(at logger.py:129) 
2019-03-02 02:02:22,745 [D] -:P:n:WD_1:wc.c:32	(at logger.py:129) 
2019-03-02 02:02:22,759 [D] subprocess cmd: ['source compile.sh /home/bohrok/Documents/DM/output/orbs/wc/9/work'], stdout: b''	(at ex_script.py:45) 
2019-03-02 02:02:22,759 [D] -:F:n:WD_1:wc.c:31	(at logger.py:129) 
2019-03-02 02:02:22,775 [D] subprocess cmd: ['source compile.sh /home/bohrok/Documents/DM/output/orbs/wc/9/work'], stdout: b''	(at ex_script.py:45) 
2019-03-02 02:02:22,775 [D] ┌:F:n:WD_2:wc.c:31	(at logger.py:129) 
2019-03-02 02:02:22,775 [D] └:F:n:WD_2:wc.c:30	(at logger.py:129) 
2019-03-02 02:02:22,812 [D] ┌:P:c:WD_3:wc.c:31	(at logger.py:129) 
2019-03-02 02:02:22,812 [D] |:P:c:WD_3:wc.c:30	(at logger.py:129) 
2019-03-02 02:02:22,812 [D] └:P:c:WD_3:wc.c:29	(at logger.py:129) 
2019-03-02 02:02:22,812 [D]  : : :pass:wc.c:30	(at logger.py:129) 
2019-03-02 02:02:22,813 [D]  : : :pass:wc.c:29	(at logger.py:129) 
2019-03-02 02:02:22,831 [D] subprocess cmd: ['source compile.sh /home/bohrok/Documents/DM/output/orbs/wc/9/work'], stdout: b''	(at ex_script.py:45) 
2019-03-02 02:02:22,831 [D] -:F:n:WD_1:wc.c:28	(at logger.py:129) 
2019-03-02 02:02:22,848 [D] subprocess cmd: ['source compile.sh /home/bohrok/Documents/DM/output/orbs/wc/9/work'], stdout: b''	(at ex_script.py:45) 
2019-03-02 02:02:22,848 [D] ┌:F:n:WD_2:wc.c:28	(at logger.py:129) 
2019-03-02 02:02:22,848 [D] └:F:n:WD_2:wc.c:27	(at logger.py:129) 
2019-03-02 02:02:22,862 [D] subprocess cmd: ['source compile.sh /home/bohrok/Documents/DM/output/orbs/wc/9/work'], stdout: b''	(at ex_script.py:45) 
2019-03-02 02:02:22,862 [D] ┌:F:n:WD_3:wc.c:28	(at logger.py:129) 
2019-03-02 02:02:22,863 [D] |:F:n:WD_3:wc.c:27	(at logger.py:129) 
2019-03-02 02:02:22,863 [D] └:F:n:WD_3:wc.c:26	(at logger.py:129) 
2019-03-02 02:02:22,910 [D] -:P:n:WD_1:wc.c:27	(at logger.py:129) 
2019-03-02 02:02:22,960 [D] -:P:n:WD_1:wc.c:26	(at logger.py:129) 
2019-03-02 02:02:22,975 [D] subprocess cmd: ['source compile.sh /home/bohrok/Documents/DM/output/orbs/wc/9/work'], stdout: b''	(at ex_script.py:45) 
2019-03-02 02:02:22,975 [D] -:F:n:WD_1:wc.c:25	(at logger.py:129) 
2019-03-02 02:02:22,990 [D] subprocess cmd: ['source compile.sh /home/bohrok/Documents/DM/output/orbs/wc/9/work'], stdout: b''	(at ex_script.py:45) 
2019-03-02 02:02:22,990 [D] ┌:F:n:WD_2:wc.c:25	(at logger.py:129) 
2019-03-02 02:02:22,991 [D] └:F:n:WD_2:wc.c:24	(at logger.py:129) 
2019-03-02 02:02:23,005 [D] subprocess cmd: ['source compile.sh /home/bohrok/Documents/DM/output/orbs/wc/9/work'], stdout: b''	(at ex_script.py:45) 
2019-03-02 02:02:23,005 [D] ┌:F:n:WD_3:wc.c:25	(at logger.py:129) 
2019-03-02 02:02:23,005 [D] |:F:n:WD_3:wc.c:24	(at logger.py:129) 
2019-03-02 02:02:23,005 [D] └:F:n:WD_3:wc.c:23	(at logger.py:129) 
2019-03-02 02:02:23,040 [D] -:P:c:WD_1:wc.c:24	(at logger.py:129) 
2019-03-02 02:02:23,055 [D] subprocess cmd: ['source compile.sh /home/bohrok/Documents/DM/output/orbs/wc/9/work'], stdout: b''	(at ex_script.py:45) 
2019-03-02 02:02:23,055 [D] -:F:n:WD_1:wc.c:23	(at logger.py:129) 
2019-03-02 02:02:23,073 [D] subprocess cmd: ['source compile.sh /home/bohrok/Documents/DM/output/orbs/wc/9/work'], stdout: b''	(at ex_script.py:45) 
2019-03-02 02:02:23,074 [D] ┌:F:n:WD_2:wc.c:23	(at logger.py:129) 
2019-03-02 02:02:23,074 [D] └:F:n:WD_2:wc.c:22	(at logger.py:129) 
2019-03-02 02:02:23,120 [D] ┌:P:n:WD_3:wc.c:23	(at logger.py:129) 
2019-03-02 02:02:23,121 [D] |:P:n:WD_3:wc.c:22	(at logger.py:129) 
2019-03-02 02:02:23,121 [D] └:P:n:WD_3:wc.c:21	(at logger.py:129) 
2019-03-02 02:02:23,121 [D]  : : :pass:wc.c:22	(at logger.py:129) 
2019-03-02 02:02:23,121 [D]  : : :pass:wc.c:21	(at logger.py:129) 
2019-03-02 02:02:23,155 [D] -:P:c:WD_1:wc.c:20	(at logger.py:129) 
2019-03-02 02:02:23,200 [D] subprocess cmd: ['source execute.sh /home/bohrok/Documents/DM/output/orbs/wc/9/work'], stdout: b''	(at ex_script.py:45) 
2019-03-02 02:02:23,200 [D] -:C:n:WD_1:wc.c:19	(at logger.py:129) 
2019-03-02 02:02:23,245 [D] subprocess cmd: ['source execute.sh /home/bohrok/Documents/DM/output/orbs/wc/9/work'], stdout: b''	(at ex_script.py:45) 
2019-03-02 02:02:23,245 [D] ┌:C:n:WD_2:wc.c:19	(at logger.py:129) 
2019-03-02 02:02:23,245 [D] └:C:n:WD_2:wc.c:18	(at logger.py:129) 
2019-03-02 02:02:23,259 [D] subprocess cmd: ['source compile.sh /home/bohrok/Documents/DM/output/orbs/wc/9/work'], stdout: b''	(at ex_script.py:45) 
2019-03-02 02:02:23,259 [D] ┌:F:n:WD_3:wc.c:19	(at logger.py:129) 
2019-03-02 02:02:23,260 [D] |:F:n:WD_3:wc.c:18	(at logger.py:129) 
2019-03-02 02:02:23,260 [D] └:F:n:WD_3:wc.c:17	(at logger.py:129) 
2019-03-02 02:02:23,311 [D] -:C:n:WD_1:wc.c:18	(at logger.py:129) 
2019-03-02 02:02:23,326 [D] subprocess cmd: ['source compile.sh /home/bohrok/Documents/DM/output/orbs/wc/9/work'], stdout: b''	(at ex_script.py:45) 
2019-03-02 02:02:23,326 [D] ┌:F:n:WD_2:wc.c:18	(at logger.py:129) 
2019-03-02 02:02:23,326 [D] └:F:n:WD_2:wc.c:17	(at logger.py:129) 
2019-03-02 02:02:23,342 [D] subprocess cmd: ['source compile.sh /home/bohrok/Documents/DM/output/orbs/wc/9/work'], stdout: b''	(at ex_script.py:45) 
2019-03-02 02:02:23,342 [D] ┌:F:n:WD_3:wc.c:18	(at logger.py:129) 
2019-03-02 02:02:23,342 [D] |:F:n:WD_3:wc.c:17	(at logger.py:129) 
2019-03-02 02:02:23,342 [D] └:F:n:WD_3:wc.c:16	(at logger.py:129) 
2019-03-02 02:02:23,357 [D] subprocess cmd: ['source compile.sh /home/bohrok/Documents/DM/output/orbs/wc/9/work'], stdout: b''	(at ex_script.py:45) 
2019-03-02 02:02:23,357 [D] -:F:n:WD_1:wc.c:17	(at logger.py:129) 
2019-03-02 02:02:23,369 [D] subprocess cmd: ['source compile.sh /home/bohrok/Documents/DM/output/orbs/wc/9/work'], stdout: b''	(at ex_script.py:45) 
2019-03-02 02:02:23,370 [D] ┌:F:n:WD_2:wc.c:17	(at logger.py:129) 
2019-03-02 02:02:23,370 [D] └:F:n:WD_2:wc.c:16	(at logger.py:129) 
2019-03-02 02:02:23,383 [D] subprocess cmd: ['source compile.sh /home/bohrok/Documents/DM/output/orbs/wc/9/work'], stdout: b''	(at ex_script.py:45) 
2019-03-02 02:02:23,383 [D] ┌:F:n:WD_3:wc.c:17	(at logger.py:129) 
2019-03-02 02:02:23,383 [D] |:F:n:WD_3:wc.c:16	(at logger.py:129) 
2019-03-02 02:02:23,383 [D] └:F:n:WD_3:wc.c:15	(at logger.py:129) 
2019-03-02 02:02:23,427 [D] -:C:n:WD_1:wc.c:16	(at logger.py:129) 
2019-03-02 02:02:23,477 [D] ┌:C:n:WD_2:wc.c:16	(at logger.py:129) 
2019-03-02 02:02:23,477 [D] └:C:n:WD_2:wc.c:15	(at logger.py:129) 
2019-03-02 02:02:23,493 [D] subprocess cmd: ['source compile.sh /home/bohrok/Documents/DM/output/orbs/wc/9/work'], stdout: b''	(at ex_script.py:45) 
2019-03-02 02:02:23,493 [D] ┌:F:n:WD_3:wc.c:16	(at logger.py:129) 
2019-03-02 02:02:23,493 [D] |:F:n:WD_3:wc.c:15	(at logger.py:129) 
2019-03-02 02:02:23,493 [D] └:F:n:WD_3:wc.c:14	(at logger.py:129) 
2019-03-02 02:02:23,568 [D] -:C:n:WD_1:wc.c:15	(at logger.py:129) 
2019-03-02 02:02:23,581 [D] subprocess cmd: ['source compile.sh /home/bohrok/Documents/DM/output/orbs/wc/9/work'], stdout: b''	(at ex_script.py:45) 
2019-03-02 02:02:23,582 [D] ┌:F:n:WD_2:wc.c:15	(at logger.py:129) 
2019-03-02 02:02:23,582 [D] └:F:n:WD_2:wc.c:14	(at logger.py:129) 
2019-03-02 02:02:23,594 [D] subprocess cmd: ['source compile.sh /home/bohrok/Documents/DM/output/orbs/wc/9/work'], stdout: b''	(at ex_script.py:45) 
2019-03-02 02:02:23,594 [D] ┌:F:n:WD_3:wc.c:15	(at logger.py:129) 
2019-03-02 02:02:23,595 [D] |:F:n:WD_3:wc.c:14	(at logger.py:129) 
2019-03-02 02:02:23,595 [D] └:F:n:WD_3:wc.c:13	(at logger.py:129) 
2019-03-02 02:02:23,610 [D] subprocess cmd: ['source compile.sh /home/bohrok/Documents/DM/output/orbs/wc/9/work'], stdout: b''	(at ex_script.py:45) 
2019-03-02 02:02:23,610 [D] -:F:n:WD_1:wc.c:14	(at logger.py:129) 
2019-03-02 02:02:23,625 [D] subprocess cmd: ['source compile.sh /home/bohrok/Documents/DM/output/orbs/wc/9/work'], stdout: b''	(at ex_script.py:45) 
2019-03-02 02:02:23,625 [D] ┌:F:n:WD_2:wc.c:14	(at logger.py:129) 
2019-03-02 02:02:23,625 [D] └:F:n:WD_2:wc.c:13	(at logger.py:129) 
2019-03-02 02:02:23,639 [D] subprocess cmd: ['source compile.sh /home/bohrok/Documents/DM/output/orbs/wc/9/work'], stdout: b''	(at ex_script.py:45) 
2019-03-02 02:02:23,640 [D] ┌:F:n:WD_3:wc.c:14	(at logger.py:129) 
2019-03-02 02:02:23,640 [D] |:F:n:WD_3:wc.c:13	(at logger.py:129) 
2019-03-02 02:02:23,640 [D] └:F:n:WD_3:wc.c:12	(at logger.py:129) 
2019-03-02 02:02:23,685 [D] subprocess cmd: ['source execute.sh /home/bohrok/Documents/DM/output/orbs/wc/9/work'], stdout: b''	(at ex_script.py:45) 
2019-03-02 02:02:23,685 [D] -:C:n:WD_1:wc.c:13	(at logger.py:129) 
2019-03-02 02:02:23,729 [D] subprocess cmd: ['source execute.sh /home/bohrok/Documents/DM/output/orbs/wc/9/work'], stdout: b''	(at ex_script.py:45) 
2019-03-02 02:02:23,729 [D] ┌:C:n:WD_2:wc.c:13	(at logger.py:129) 
2019-03-02 02:02:23,730 [D] └:C:n:WD_2:wc.c:12	(at logger.py:129) 
2019-03-02 02:02:23,779 [D] subprocess cmd: ['source execute.sh /home/bohrok/Documents/DM/output/orbs/wc/9/work'], stdout: b''	(at ex_script.py:45) 
2019-03-02 02:02:23,779 [D] ┌:C:n:WD_3:wc.c:13	(at logger.py:129) 
2019-03-02 02:02:23,779 [D] |:C:n:WD_3:wc.c:12	(at logger.py:129) 
2019-03-02 02:02:23,779 [D] └:C:n:WD_3:wc.c:11	(at logger.py:129) 
2019-03-02 02:02:23,827 [D] -:C:n:WD_1:wc.c:12	(at logger.py:129) 
2019-03-02 02:02:23,877 [D] ┌:C:n:WD_2:wc.c:12	(at logger.py:129) 
2019-03-02 02:02:23,877 [D] └:C:n:WD_2:wc.c:11	(at logger.py:129) 
2019-03-02 02:02:23,927 [D] ┌:C:n:WD_3:wc.c:12	(at logger.py:129) 
2019-03-02 02:02:23,928 [D] |:C:n:WD_3:wc.c:11	(at logger.py:129) 
2019-03-02 02:02:23,928 [D] └:C:n:WD_3:wc.c:10	(at logger.py:129) 
2019-03-02 02:02:23,966 [D] -:C:c:WD_1:wc.c:11	(at logger.py:129) 
2019-03-02 02:02:24,013 [D] ┌:C:n:WD_2:wc.c:11	(at logger.py:129) 
2019-03-02 02:02:24,013 [D] └:C:n:WD_2:wc.c:10	(at logger.py:129) 
2019-03-02 02:02:24,027 [D] subprocess cmd: ['source compile.sh /home/bohrok/Documents/DM/output/orbs/wc/9/work'], stdout: b''	(at ex_script.py:45) 
2019-03-02 02:02:24,027 [D] ┌:F:n:WD_3:wc.c:11	(at logger.py:129) 
2019-03-02 02:02:24,027 [D] |:F:n:WD_3:wc.c:10	(at logger.py:129) 
2019-03-02 02:02:24,027 [D] └:F:n:WD_3:wc.c:9	(at logger.py:129) 
2019-03-02 02:02:24,087 [D] -:P:n:WD_1:wc.c:10	(at logger.py:129) 
2019-03-02 02:02:24,102 [D] subprocess cmd: ['source compile.sh /home/bohrok/Documents/DM/output/orbs/wc/9/work'], stdout: b''	(at ex_script.py:45) 
2019-03-02 02:02:24,102 [D] -:F:n:WD_1:wc.c:9	(at logger.py:129) 
2019-03-02 02:02:24,117 [D] subprocess cmd: ['source compile.sh /home/bohrok/Documents/DM/output/orbs/wc/9/work'], stdout: b''	(at ex_script.py:45) 
2019-03-02 02:02:24,117 [D] ┌:F:n:WD_2:wc.c:9	(at logger.py:129) 
2019-03-02 02:02:24,117 [D] └:F:n:WD_2:wc.c:8	(at logger.py:129) 
2019-03-02 02:02:24,132 [D] subprocess cmd: ['source compile.sh /home/bohrok/Documents/DM/output/orbs/wc/9/work'], stdout: b''	(at ex_script.py:45) 
2019-03-02 02:02:24,132 [D] ┌:F:n:WD_3:wc.c:9	(at logger.py:129) 
2019-03-02 02:02:24,132 [D] |:F:n:WD_3:wc.c:8	(at logger.py:129) 
2019-03-02 02:02:24,132 [D] └:F:n:WD_3:wc.c:7	(at logger.py:129) 
2019-03-02 02:02:24,147 [D] subprocess cmd: ['source compile.sh /home/bohrok/Documents/DM/output/orbs/wc/9/work'], stdout: b''	(at ex_script.py:45) 
2019-03-02 02:02:24,147 [D] -:F:n:WD_1:wc.c:8	(at logger.py:129) 
2019-03-02 02:02:24,163 [D] subprocess cmd: ['source compile.sh /home/bohrok/Documents/DM/output/orbs/wc/9/work'], stdout: b''	(at ex_script.py:45) 
2019-03-02 02:02:24,164 [D] ┌:F:n:WD_2:wc.c:8	(at logger.py:129) 
2019-03-02 02:02:24,164 [D] └:F:n:WD_2:wc.c:7	(at logger.py:129) 
2019-03-02 02:02:24,178 [D] subprocess cmd: ['source compile.sh /home/bohrok/Documents/DM/output/orbs/wc/9/work'], stdout: b''	(at ex_script.py:45) 
2019-03-02 02:02:24,178 [D] ┌:F:n:WD_3:wc.c:8	(at logger.py:129) 
2019-03-02 02:02:24,178 [D] |:F:n:WD_3:wc.c:7	(at logger.py:129) 
2019-03-02 02:02:24,178 [D] └:F:n:WD_3:wc.c:6	(at logger.py:129) 
2019-03-02 02:02:24,194 [D] subprocess cmd: ['source compile.sh /home/bohrok/Documents/DM/output/orbs/wc/9/work'], stdout: b''	(at ex_script.py:45) 
2019-03-02 02:02:24,194 [D] -:F:n:WD_1:wc.c:7	(at logger.py:129) 
2019-03-02 02:02:24,218 [D] subprocess cmd: ['source compile.sh /home/bohrok/Documents/DM/output/orbs/wc/9/work'], stdout: b''	(at ex_script.py:45) 
2019-03-02 02:02:24,218 [D] ┌:F:n:WD_2:wc.c:7	(at logger.py:129) 
2019-03-02 02:02:24,218 [D] └:F:n:WD_2:wc.c:6	(at logger.py:129) 
2019-03-02 02:02:24,234 [D] subprocess cmd: ['source compile.sh /home/bohrok/Documents/DM/output/orbs/wc/9/work'], stdout: b''	(at ex_script.py:45) 
2019-03-02 02:02:24,234 [D] ┌:F:n:WD_3:wc.c:7	(at logger.py:129) 
2019-03-02 02:02:24,234 [D] |:F:n:WD_3:wc.c:6	(at logger.py:129) 
2019-03-02 02:02:24,234 [D] └:F:n:WD_3:wc.c:5	(at logger.py:129) 
2019-03-02 02:02:24,253 [D] subprocess cmd: ['source compile.sh /home/bohrok/Documents/DM/output/orbs/wc/9/work'], stdout: b''	(at ex_script.py:45) 
2019-03-02 02:02:24,254 [D] -:F:n:WD_1:wc.c:6	(at logger.py:129) 
2019-03-02 02:02:24,271 [D] subprocess cmd: ['source compile.sh /home/bohrok/Documents/DM/output/orbs/wc/9/work'], stdout: b''	(at ex_script.py:45) 
2019-03-02 02:02:24,271 [D] ┌:F:n:WD_2:wc.c:6	(at logger.py:129) 
2019-03-02 02:02:24,272 [D] └:F:n:WD_2:wc.c:5	(at logger.py:129) 
2019-03-02 02:02:24,287 [D] subprocess cmd: ['source compile.sh /home/bohrok/Documents/DM/output/orbs/wc/9/work'], stdout: b''	(at ex_script.py:45) 
2019-03-02 02:02:24,288 [D] ┌:F:n:WD_3:wc.c:6	(at logger.py:129) 
2019-03-02 02:02:24,288 [D] |:F:n:WD_3:wc.c:5	(at logger.py:129) 
2019-03-02 02:02:24,288 [D] └:F:n:WD_3:wc.c:4	(at logger.py:129) 
2019-03-02 02:02:24,304 [D] subprocess cmd: ['source compile.sh /home/bohrok/Documents/DM/output/orbs/wc/9/work'], stdout: b''	(at ex_script.py:45) 
2019-03-02 02:02:24,305 [D] -:F:n:WD_1:wc.c:5	(at logger.py:129) 
2019-03-02 02:02:24,321 [D] subprocess cmd: ['source compile.sh /home/bohrok/Documents/DM/output/orbs/wc/9/work'], stdout: b''	(at ex_script.py:45) 
2019-03-02 02:02:24,322 [D] ┌:F:n:WD_2:wc.c:5	(at logger.py:129) 
2019-03-02 02:02:24,322 [D] └:F:n:WD_2:wc.c:4	(at logger.py:129) 
2019-03-02 02:02:24,338 [D] subprocess cmd: ['source compile.sh /home/bohrok/Documents/DM/output/orbs/wc/9/work'], stdout: b''	(at ex_script.py:45) 
2019-03-02 02:02:24,338 [D] ┌:F:n:WD_3:wc.c:5	(at logger.py:129) 
2019-03-02 02:02:24,338 [D] |:F:n:WD_3:wc.c:4	(at logger.py:129) 
2019-03-02 02:02:24,338 [D] └:F:n:WD_3:wc.c:3	(at logger.py:129) 
2019-03-02 02:02:24,354 [D] subprocess cmd: ['source compile.sh /home/bohrok/Documents/DM/output/orbs/wc/9/work'], stdout: b''	(at ex_script.py:45) 
2019-03-02 02:02:24,355 [D] -:F:n:WD_1:wc.c:4	(at logger.py:129) 
2019-03-02 02:02:24,372 [D] subprocess cmd: ['source compile.sh /home/bohrok/Documents/DM/output/orbs/wc/9/work'], stdout: b''	(at ex_script.py:45) 
2019-03-02 02:02:24,373 [D] ┌:F:n:WD_2:wc.c:4	(at logger.py:129) 
2019-03-02 02:02:24,373 [D] └:F:n:WD_2:wc.c:3	(at logger.py:129) 
2019-03-02 02:02:24,389 [D] subprocess cmd: ['source compile.sh /home/bohrok/Documents/DM/output/orbs/wc/9/work'], stdout: b''	(at ex_script.py:45) 
2019-03-02 02:02:24,389 [D] ┌:F:n:WD_3:wc.c:4	(at logger.py:129) 
2019-03-02 02:02:24,389 [D] |:F:n:WD_3:wc.c:3	(at logger.py:129) 
2019-03-02 02:02:24,389 [D] └:F:n:WD_3:wc.c:2	(at logger.py:129) 
2019-03-02 02:02:24,406 [D] subprocess cmd: ['source compile.sh /home/bohrok/Documents/DM/output/orbs/wc/9/work'], stdout: b''	(at ex_script.py:45) 
2019-03-02 02:02:24,406 [D] -:F:n:WD_1:wc.c:3	(at logger.py:129) 
2019-03-02 02:02:24,424 [D] subprocess cmd: ['source compile.sh /home/bohrok/Documents/DM/output/orbs/wc/9/work'], stdout: b''	(at ex_script.py:45) 
2019-03-02 02:02:24,424 [D] ┌:F:n:WD_2:wc.c:3	(at logger.py:129) 
2019-03-02 02:02:24,424 [D] └:F:n:WD_2:wc.c:2	(at logger.py:129) 
2019-03-02 02:02:24,438 [D] subprocess cmd: ['source compile.sh /home/bohrok/Documents/DM/output/orbs/wc/9/work'], stdout: b''	(at ex_script.py:45) 
2019-03-02 02:02:24,439 [D] ┌:F:n:WD_3:wc.c:3	(at logger.py:129) 
2019-03-02 02:02:24,439 [D] |:F:n:WD_3:wc.c:2	(at logger.py:129) 
2019-03-02 02:02:24,439 [D] └:F:n:WD_3:wc.c:1	(at logger.py:129) 
2019-03-02 02:02:24,480 [D] -:P:c:WD_1:wc.c:2	(at logger.py:129) 
2019-03-02 02:02:24,540 [D] -:P:n:WD_1:wc.c:1	(at logger.py:129) 
2019-03-02 02:02:24,540 [D] comp_cached_cnt:0	(at logger.py:134) 
2019-03-02 02:02:24,540 [D] compile_cnt:100	(at logger.py:134) 
2019-03-02 02:02:24,540 [D] execute_cnt:22	(at logger.py:134) 
2019-03-02 02:02:24,540 [D] fail_del_cnt:14	(at logger.py:134) 
2019-03-02 02:02:24,540 [D] iter_idx:1	(at logger.py:134) 
2019-03-02 02:02:24,540 [D] reuse_cnt:7	(at logger.py:134) 
2019-03-02 02:02:24,540 [D] succ_del_cnt:15	(at logger.py:134) 
2019-03-02 02:02:24,540 [D] time:2.5118918418884277	(at logger.py:134) 
2019-03-02 02:02:24,540 [D] deletion:22	(at logger.py:136) 
2019-03-02 02:02:24,541 [I] Iteration 1 finished	(at orbs.py:87) 
2019-03-02 02:02:24,553 [D] subprocess cmd: ['source compile.sh /home/bohrok/Documents/DM/output/orbs/wc/9/work'], stdout: b''	(at ex_script.py:45) 
2019-03-02 02:02:24,553 [D] -:F:n:WD_1:wc.c:48	(at logger.py:129) 
2019-03-02 02:02:24,565 [D] subprocess cmd: ['source compile.sh /home/bohrok/Documents/DM/output/orbs/wc/9/work'], stdout: b''	(at ex_script.py:45) 
2019-03-02 02:02:24,566 [D] ┌:F:n:WD_2:wc.c:48	(at logger.py:129) 
2019-03-02 02:02:24,566 [D] └:F:n:WD_2:wc.c:47	(at logger.py:129) 
2019-03-02 02:02:24,578 [D] subprocess cmd: ['source compile.sh /home/bohrok/Documents/DM/output/orbs/wc/9/work'], stdout: b''	(at ex_script.py:45) 
2019-03-02 02:02:24,578 [D] ┌:F:n:WD_3:wc.c:48	(at logger.py:129) 
2019-03-02 02:02:24,579 [D] |:F:n:WD_3:wc.c:47	(at logger.py:129) 
2019-03-02 02:02:24,579 [D] └:F:n:WD_3:wc.c:41	(at logger.py:129) 
2019-03-02 02:02:24,594 [D] subprocess cmd: ['source compile.sh /home/bohrok/Documents/DM/output/orbs/wc/9/work'], stdout: b''	(at ex_script.py:45) 
2019-03-02 02:02:24,594 [D] -:F:n:WD_1:wc.c:47	(at logger.py:129) 
2019-03-02 02:02:24,638 [D] ┌:P:c:WD_2:wc.c:47	(at logger.py:129) 
2019-03-02 02:02:24,638 [D] └:P:c:WD_2:wc.c:41	(at logger.py:129) 
2019-03-02 02:02:24,638 [D]  : : :pass:wc.c:46	(at logger.py:129) 
2019-03-02 02:02:24,638 [D]  : : :pass:wc.c:45	(at logger.py:129) 
2019-03-02 02:02:24,638 [D]  : : :pass:wc.c:44	(at logger.py:129) 
2019-03-02 02:02:24,638 [D]  : : :pass:wc.c:43	(at logger.py:129) 
2019-03-02 02:02:24,639 [D]  : : :pass:wc.c:42	(at logger.py:129) 
2019-03-02 02:02:24,639 [D]  : : :pass:wc.c:41	(at logger.py:129) 
2019-03-02 02:02:24,639 [D]  : : :pass:wc.c:40	(at logger.py:129) 
2019-03-02 02:02:24,639 [D]  : : :pass:wc.c:39	(at logger.py:129) 
2019-03-02 02:02:24,639 [D]  : : :pass:wc.c:38	(at logger.py:129) 
2019-03-02 02:02:24,652 [D] subprocess cmd: ['source compile.sh /home/bohrok/Documents/DM/output/orbs/wc/9/work'], stdout: b''	(at ex_script.py:45) 
2019-03-02 02:02:24,653 [D] -:F:n:WD_1:wc.c:37	(at logger.py:129) 
2019-03-02 02:02:24,663 [D] subprocess cmd: ['source compile.sh /home/bohrok/Documents/DM/output/orbs/wc/9/work'], stdout: b''	(at ex_script.py:45) 
2019-03-02 02:02:24,664 [D] ┌:F:n:WD_2:wc.c:37	(at logger.py:129) 
2019-03-02 02:02:24,664 [D] └:F:n:WD_2:wc.c:36	(at logger.py:129) 
2019-03-02 02:02:24,717 [D] ┌:P:n:WD_3:wc.c:37	(at logger.py:129) 
2019-03-02 02:02:24,717 [D] |:P:n:WD_3:wc.c:36	(at logger.py:129) 
2019-03-02 02:02:24,718 [D] └:P:n:WD_3:wc.c:35	(at logger.py:129) 
2019-03-02 02:02:24,718 [D]  : : :pass:wc.c:36	(at logger.py:129) 
2019-03-02 02:02:24,718 [D]  : : :pass:wc.c:35	(at logger.py:129) 
2019-03-02 02:02:24,729 [D] subprocess cmd: ['source compile.sh /home/bohrok/Documents/DM/output/orbs/wc/9/work'], stdout: b''	(at ex_script.py:45) 
2019-03-02 02:02:24,729 [D] -:F:n:WD_1:wc.c:34	(at logger.py:129) 
2019-03-02 02:02:24,743 [D] subprocess cmd: ['source compile.sh /home/bohrok/Documents/DM/output/orbs/wc/9/work'], stdout: b''	(at ex_script.py:45) 
2019-03-02 02:02:24,743 [D] ┌:F:n:WD_2:wc.c:34	(at logger.py:129) 
2019-03-02 02:02:24,743 [D] └:F:n:WD_2:wc.c:33	(at logger.py:129) 
2019-03-02 02:02:24,758 [D] subprocess cmd: ['source compile.sh /home/bohrok/Documents/DM/output/orbs/wc/9/work'], stdout: b''	(at ex_script.py:45) 
2019-03-02 02:02:24,758 [D] ┌:F:n:WD_3:wc.c:34	(at logger.py:129) 
2019-03-02 02:02:24,758 [D] |:F:n:WD_3:wc.c:33	(at logger.py:129) 
2019-03-02 02:02:24,758 [D] └:F:n:WD_3:wc.c:28	(at logger.py:129) 
2019-03-02 02:02:24,770 [D] subprocess cmd: ['source compile.sh /home/bohrok/Documents/DM/output/orbs/wc/9/work'], stdout: b''	(at ex_script.py:45) 
2019-03-02 02:02:24,771 [D] -:F:n:WD_1:wc.c:33	(at logger.py:129) 
2019-03-02 02:02:24,782 [D] subprocess cmd: ['source compile.sh /home/bohrok/Documents/DM/output/orbs/wc/9/work'], stdout: b''	(at ex_script.py:45) 
2019-03-02 02:02:24,783 [D] ┌:F:n:WD_2:wc.c:33	(at logger.py:129) 
2019-03-02 02:02:24,783 [D] └:F:n:WD_2:wc.c:28	(at logger.py:129) 
2019-03-02 02:02:24,795 [D] subprocess cmd: ['source compile.sh /home/bohrok/Documents/DM/output/orbs/wc/9/work'], stdout: b''	(at ex_script.py:45) 
2019-03-02 02:02:24,795 [D] ┌:F:n:WD_3:wc.c:33	(at logger.py:129) 
2019-03-02 02:02:24,795 [D] |:F:n:WD_3:wc.c:28	(at logger.py:129) 
2019-03-02 02:02:24,796 [D] └:F:n:WD_3:wc.c:25	(at logger.py:129) 
2019-03-02 02:02:24,796 [D]  : : :pass:wc.c:32	(at logger.py:129) 
2019-03-02 02:02:24,796 [D]  : : :pass:wc.c:31	(at logger.py:129) 
2019-03-02 02:02:24,796 [D]  : : :pass:wc.c:30	(at logger.py:129) 
2019-03-02 02:02:24,796 [D]  : : :pass:wc.c:29	(at logger.py:129) 
2019-03-02 02:02:24,810 [D] subprocess cmd: ['source compile.sh /home/bohrok/Documents/DM/output/orbs/wc/9/work'], stdout: b''	(at ex_script.py:45) 
2019-03-02 02:02:24,811 [D] -:F:n:WD_1:wc.c:28	(at logger.py:129) 
2019-03-02 02:02:24,848 [D] ┌:P:c:WD_2:wc.c:28	(at logger.py:129) 
2019-03-02 02:02:24,849 [D] └:P:c:WD_2:wc.c:25	(at logger.py:129) 
2019-03-02 02:02:24,849 [D]  : : :pass:wc.c:27	(at logger.py:129) 
2019-03-02 02:02:24,849 [D]  : : :pass:wc.c:26	(at logger.py:129) 
2019-03-02 02:02:24,849 [D]  : : :pass:wc.c:25	(at logger.py:129) 
2019-03-02 02:02:24,849 [D]  : : :pass:wc.c:24	(at logger.py:129) 
2019-03-02 02:02:24,849 [D]  : : :pass:wc.c:23	(at logger.py:129) 
2019-03-02 02:02:24,849 [D]  : : :pass:wc.c:22	(at logger.py:129) 
2019-03-02 02:02:24,849 [D]  : : :pass:wc.c:21	(at logger.py:129) 
2019-03-02 02:02:24,850 [D]  : : :pass:wc.c:20	(at logger.py:129) 
2019-03-02 02:02:24,898 [D] subprocess cmd: ['source execute.sh /home/bohrok/Documents/DM/output/orbs/wc/9/work'], stdout: b''	(at ex_script.py:45) 
2019-03-02 02:02:24,898 [D] -:C:n:WD_1:wc.c:19	(at logger.py:129) 
2019-03-02 02:02:24,946 [D] subprocess cmd: ['source execute.sh /home/bohrok/Documents/DM/output/orbs/wc/9/work'], stdout: b''	(at ex_script.py:45) 
2019-03-02 02:02:24,946 [D] ┌:C:n:WD_2:wc.c:19	(at logger.py:129) 
2019-03-02 02:02:24,946 [D] └:C:n:WD_2:wc.c:18	(at logger.py:129) 
2019-03-02 02:02:24,960 [D] subprocess cmd: ['source compile.sh /home/bohrok/Documents/DM/output/orbs/wc/9/work'], stdout: b''	(at ex_script.py:45) 
2019-03-02 02:02:24,960 [D] ┌:F:n:WD_3:wc.c:19	(at logger.py:129) 
2019-03-02 02:02:24,960 [D] |:F:n:WD_3:wc.c:18	(at logger.py:129) 
2019-03-02 02:02:24,960 [D] └:F:n:WD_3:wc.c:17	(at logger.py:129) 
2019-03-02 02:02:25,009 [D] -:C:n:WD_1:wc.c:18	(at logger.py:129) 
2019-03-02 02:02:25,024 [D] subprocess cmd: ['source compile.sh /home/bohrok/Documents/DM/output/orbs/wc/9/work'], stdout: b''	(at ex_script.py:45) 
2019-03-02 02:02:25,024 [D] ┌:F:n:WD_2:wc.c:18	(at logger.py:129) 
2019-03-02 02:02:25,024 [D] └:F:n:WD_2:wc.c:17	(at logger.py:129) 
2019-03-02 02:02:25,036 [D] subprocess cmd: ['source compile.sh /home/bohrok/Documents/DM/output/orbs/wc/9/work'], stdout: b''	(at ex_script.py:45) 
2019-03-02 02:02:25,037 [D] ┌:F:n:WD_3:wc.c:18	(at logger.py:129) 
2019-03-02 02:02:25,037 [D] |:F:n:WD_3:wc.c:17	(at logger.py:129) 
2019-03-02 02:02:25,037 [D] └:F:n:WD_3:wc.c:16	(at logger.py:129) 
2019-03-02 02:02:25,049 [D] subprocess cmd: ['source compile.sh /home/bohrok/Documents/DM/output/orbs/wc/9/work'], stdout: b''	(at ex_script.py:45) 
2019-03-02 02:02:25,049 [D] -:F:n:WD_1:wc.c:17	(at logger.py:129) 
2019-03-02 02:02:25,063 [D] subprocess cmd: ['source compile.sh /home/bohrok/Documents/DM/output/orbs/wc/9/work'], stdout: b''	(at ex_script.py:45) 
2019-03-02 02:02:25,063 [D] ┌:F:n:WD_2:wc.c:17	(at logger.py:129) 
2019-03-02 02:02:25,063 [D] └:F:n:WD_2:wc.c:16	(at logger.py:129) 
2019-03-02 02:02:25,078 [D] subprocess cmd: ['source compile.sh /home/bohrok/Documents/DM/output/orbs/wc/9/work'], stdout: b''	(at ex_script.py:45) 
2019-03-02 02:02:25,078 [D] ┌:F:n:WD_3:wc.c:17	(at logger.py:129) 
2019-03-02 02:02:25,079 [D] |:F:n:WD_3:wc.c:16	(at logger.py:129) 
2019-03-02 02:02:25,079 [D] └:F:n:WD_3:wc.c:15	(at logger.py:129) 
2019-03-02 02:02:25,131 [D] -:C:n:WD_1:wc.c:16	(at logger.py:129) 
2019-03-02 02:02:25,183 [D] ┌:C:n:WD_2:wc.c:16	(at logger.py:129) 
2019-03-02 02:02:25,183 [D] └:C:n:WD_2:wc.c:15	(at logger.py:129) 
2019-03-02 02:02:25,194 [D] subprocess cmd: ['source compile.sh /home/bohrok/Documents/DM/output/orbs/wc/9/work'], stdout: b''	(at ex_script.py:45) 
2019-03-02 02:02:25,194 [D] ┌:F:n:WD_3:wc.c:16	(at logger.py:129) 
2019-03-02 02:02:25,194 [D] |:F:n:WD_3:wc.c:15	(at logger.py:129) 
2019-03-02 02:02:25,194 [D] └:F:n:WD_3:wc.c:14	(at logger.py:129) 
2019-03-02 02:02:25,243 [D] -:P:n:WD_1:wc.c:15	(at logger.py:129) 
2019-03-02 02:02:25,254 [D] subprocess cmd: ['source compile.sh /home/bohrok/Documents/DM/output/orbs/wc/9/work'], stdout: b''	(at ex_script.py:45) 
2019-03-02 02:02:25,254 [D] -:F:n:WD_1:wc.c:14	(at logger.py:129) 
2019-03-02 02:02:25,265 [D] subprocess cmd: ['source compile.sh /home/bohrok/Documents/DM/output/orbs/wc/9/work'], stdout: b''	(at ex_script.py:45) 
2019-03-02 02:02:25,266 [D] ┌:F:n:WD_2:wc.c:14	(at logger.py:129) 
2019-03-02 02:02:25,266 [D] └:F:n:WD_2:wc.c:13	(at logger.py:129) 
2019-03-02 02:02:25,276 [D] subprocess cmd: ['source compile.sh /home/bohrok/Documents/DM/output/orbs/wc/9/work'], stdout: b''	(at ex_script.py:45) 
2019-03-02 02:02:25,277 [D] ┌:F:n:WD_3:wc.c:14	(at logger.py:129) 
2019-03-02 02:02:25,277 [D] |:F:n:WD_3:wc.c:13	(at logger.py:129) 
2019-03-02 02:02:25,277 [D] └:F:n:WD_3:wc.c:12	(at logger.py:129) 
2019-03-02 02:02:25,319 [D] subprocess cmd: ['source execute.sh /home/bohrok/Documents/DM/output/orbs/wc/9/work'], stdout: b''	(at ex_script.py:45) 
2019-03-02 02:02:25,319 [D] -:C:n:WD_1:wc.c:13	(at logger.py:129) 
2019-03-02 02:02:25,360 [D] subprocess cmd: ['source execute.sh /home/bohrok/Documents/DM/output/orbs/wc/9/work'], stdout: b''	(at ex_script.py:45) 
2019-03-02 02:02:25,360 [D] ┌:C:n:WD_2:wc.c:13	(at logger.py:129) 
2019-03-02 02:02:25,360 [D] └:C:n:WD_2:wc.c:12	(at logger.py:129) 
2019-03-02 02:02:25,403 [D] subprocess cmd: ['source execute.sh /home/bohrok/Documents/DM/output/orbs/wc/9/work'], stdout: b''	(at ex_script.py:45) 
2019-03-02 02:02:25,403 [D] ┌:C:n:WD_3:wc.c:13	(at logger.py:129) 
2019-03-02 02:02:25,403 [D] |:C:n:WD_3:wc.c:12	(at logger.py:129) 
2019-03-02 02:02:25,403 [D] └:C:n:WD_3:wc.c:11	(at logger.py:129) 
2019-03-02 02:02:25,444 [D] -:C:n:WD_1:wc.c:12	(at logger.py:129) 
2019-03-02 02:02:25,492 [D] ┌:C:n:WD_2:wc.c:12	(at logger.py:129) 
2019-03-02 02:02:25,492 [D] └:C:n:WD_2:wc.c:11	(at logger.py:129) 
2019-03-02 02:02:25,503 [D] subprocess cmd: ['source compile.sh /home/bohrok/Documents/DM/output/orbs/wc/9/work'], stdout: b''	(at ex_script.py:45) 
2019-03-02 02:02:25,503 [D] ┌:F:n:WD_3:wc.c:12	(at logger.py:129) 
2019-03-02 02:02:25,503 [D] |:F:n:WD_3:wc.c:11	(at logger.py:129) 
2019-03-02 02:02:25,503 [D] └:F:n:WD_3:wc.c:9	(at logger.py:129) 
2019-03-02 02:02:25,535 [D] -:C:c:WD_1:wc.c:11	(at logger.py:129) 
2019-03-02 02:02:25,545 [D] subprocess cmd: ['source compile.sh /home/bohrok/Documents/DM/output/orbs/wc/9/work'], stdout: b''	(at ex_script.py:45) 
2019-03-02 02:02:25,545 [D] ┌:F:n:WD_2:wc.c:11	(at logger.py:129) 
2019-03-02 02:02:25,545 [D] └:F:n:WD_2:wc.c:9	(at logger.py:129) 
2019-03-02 02:02:25,558 [D] subprocess cmd: ['source compile.sh /home/bohrok/Documents/DM/output/orbs/wc/9/work'], stdout: b''	(at ex_script.py:45) 
2019-03-02 02:02:25,559 [D] ┌:F:n:WD_3:wc.c:11	(at logger.py:129) 
2019-03-02 02:02:25,559 [D] |:F:n:WD_3:wc.c:9	(at logger.py:129) 
2019-03-02 02:02:25,559 [D] └:F:n:WD_3:wc.c:8	(at logger.py:129) 
2019-03-02 02:02:25,559 [D]  : : :pass:wc.c:10	(at logger.py:129) 
2019-03-02 02:02:25,571 [D] subprocess cmd: ['source compile.sh /home/bohrok/Documents/DM/output/orbs/wc/9/work'], stdout: b''	(at ex_script.py:45) 
2019-03-02 02:02:25,571 [D] -:F:n:WD_1:wc.c:9	(at logger.py:129) 
2019-03-02 02:02:25,582 [D] subprocess cmd: ['source compile.sh /home/bohrok/Documents/DM/output/orbs/wc/9/work'], stdout: b''	(at ex_script.py:45) 
2019-03-02 02:02:25,582 [D] ┌:F:n:WD_2:wc.c:9	(at logger.py:129) 
2019-03-02 02:02:25,582 [D] └:F:n:WD_2:wc.c:8	(at logger.py:129) 
2019-03-02 02:02:25,593 [D] subprocess cmd: ['source compile.sh /home/bohrok/Documents/DM/output/orbs/wc/9/work'], stdout: b''	(at ex_script.py:45) 
2019-03-02 02:02:25,593 [D] ┌:F:n:WD_3:wc.c:9	(at logger.py:129) 
2019-03-02 02:02:25,593 [D] |:F:n:WD_3:wc.c:8	(at logger.py:129) 
2019-03-02 02:02:25,593 [D] └:F:n:WD_3:wc.c:7	(at logger.py:129) 
2019-03-02 02:02:25,604 [D] subprocess cmd: ['source compile.sh /home/bohrok/Documents/DM/output/orbs/wc/9/work'], stdout: b''	(at ex_script.py:45) 
2019-03-02 02:02:25,605 [D] -:F:n:WD_1:wc.c:8	(at logger.py:129) 
2019-03-02 02:02:25,617 [D] subprocess cmd: ['source compile.sh /home/bohrok/Documents/DM/output/orbs/wc/9/work'], stdout: b''	(at ex_script.py:45) 
2019-03-02 02:02:25,617 [D] ┌:F:n:WD_2:wc.c:8	(at logger.py:129) 
2019-03-02 02:02:25,617 [D] └:F:n:WD_2:wc.c:7	(at logger.py:129) 
2019-03-02 02:02:25,628 [D] subprocess cmd: ['source compile.sh /home/bohrok/Documents/DM/output/orbs/wc/9/work'], stdout: b''	(at ex_script.py:45) 
2019-03-02 02:02:25,628 [D] ┌:F:n:WD_3:wc.c:8	(at logger.py:129) 
2019-03-02 02:02:25,628 [D] |:F:n:WD_3:wc.c:7	(at logger.py:129) 
2019-03-02 02:02:25,628 [D] └:F:n:WD_3:wc.c:6	(at logger.py:129) 
2019-03-02 02:02:25,643 [D] subprocess cmd: ['source compile.sh /home/bohrok/Documents/DM/output/orbs/wc/9/work'], stdout: b''	(at ex_script.py:45) 
2019-03-02 02:02:25,643 [D] -:F:n:WD_1:wc.c:7	(at logger.py:129) 
2019-03-02 02:02:25,657 [D] subprocess cmd: ['source compile.sh /home/bohrok/Documents/DM/output/orbs/wc/9/work'], stdout: b''	(at ex_script.py:45) 
2019-03-02 02:02:25,657 [D] ┌:F:n:WD_2:wc.c:7	(at logger.py:129) 
2019-03-02 02:02:25,657 [D] └:F:n:WD_2:wc.c:6	(at logger.py:129) 
2019-03-02 02:02:25,672 [D] subprocess cmd: ['source compile.sh /home/bohrok/Documents/DM/output/orbs/wc/9/work'], stdout: b''	(at ex_script.py:45) 
2019-03-02 02:02:25,673 [D] ┌:F:n:WD_3:wc.c:7	(at logger.py:129) 
2019-03-02 02:02:25,673 [D] |:F:n:WD_3:wc.c:6	(at logger.py:129) 
2019-03-02 02:02:25,673 [D] └:F:n:WD_3:wc.c:5	(at logger.py:129) 
2019-03-02 02:02:25,687 [D] subprocess cmd: ['source compile.sh /home/bohrok/Documents/DM/output/orbs/wc/9/work'], stdout: b''	(at ex_script.py:45) 
2019-03-02 02:02:25,687 [D] -:F:n:WD_1:wc.c:6	(at logger.py:129) 
2019-03-02 02:02:25,701 [D] subprocess cmd: ['source compile.sh /home/bohrok/Documents/DM/output/orbs/wc/9/work'], stdout: b''	(at ex_script.py:45) 
2019-03-02 02:02:25,701 [D] ┌:F:n:WD_2:wc.c:6	(at logger.py:129) 
2019-03-02 02:02:25,701 [D] └:F:n:WD_2:wc.c:5	(at logger.py:129) 
2019-03-02 02:02:25,714 [D] subprocess cmd: ['source compile.sh /home/bohrok/Documents/DM/output/orbs/wc/9/work'], stdout: b''	(at ex_script.py:45) 
2019-03-02 02:02:25,714 [D] ┌:F:n:WD_3:wc.c:6	(at logger.py:129) 
2019-03-02 02:02:25,715 [D] |:F:n:WD_3:wc.c:5	(at logger.py:129) 
2019-03-02 02:02:25,715 [D] └:F:n:WD_3:wc.c:4	(at logger.py:129) 
2019-03-02 02:02:25,748 [D] -:P:c:WD_1:wc.c:5	(at logger.py:129) 
2019-03-02 02:02:25,764 [D] subprocess cmd: ['source compile.sh /home/bohrok/Documents/DM/output/orbs/wc/9/work'], stdout: b''	(at ex_script.py:45) 
2019-03-02 02:02:25,764 [D] -:F:n:WD_1:wc.c:4	(at logger.py:129) 
2019-03-02 02:02:25,851 [D] subprocess cmd: ['source compile.sh /home/bohrok/Documents/DM/output/orbs/wc/9/work'], stdout: b''	(at ex_script.py:45) 
2019-03-02 02:02:25,851 [D] ┌:F:n:WD_2:wc.c:4	(at logger.py:129) 
2019-03-02 02:02:25,851 [D] └:F:n:WD_2:wc.c:3	(at logger.py:129) 
2019-03-02 02:02:25,851 [D] ┌:F:n:WD_3:wc.c:4	(at logger.py:129) 
2019-03-02 02:02:25,851 [D] └:F:n:WD_3:wc.c:3	(at logger.py:129) 
2019-03-02 02:02:25,864 [D] subprocess cmd: ['source compile.sh /home/bohrok/Documents/DM/output/orbs/wc/9/work'], stdout: b''	(at ex_script.py:45) 
2019-03-02 02:02:25,864 [D] -:F:n:WD_1:wc.c:3	(at logger.py:129) 
2019-03-02 02:02:25,865 [D] -:F:n:WD_2:wc.c:3	(at logger.py:129) 
2019-03-02 02:02:25,865 [D] -:F:n:WD_3:wc.c:3	(at logger.py:129) 
2019-03-02 02:02:25,865 [D]  : : :pass:wc.c:2	(at logger.py:129) 
2019-03-02 02:02:25,865 [D]  : : :pass:wc.c:1	(at logger.py:129) 
2019-03-02 02:02:25,865 [D] comp_cached_cnt:3	(at logger.py:134) 
2019-03-02 02:02:25,865 [D] compile_cnt:57	(at logger.py:134) 
2019-03-02 02:02:25,865 [D] execute_cnt:12	(at logger.py:134) 
2019-03-02 02:02:25,865 [D] fail_del_cnt:11	(at logger.py:134) 
2019-03-02 02:02:25,865 [D] iter_idx:2	(at logger.py:134) 
2019-03-02 02:02:25,865 [D] reuse_cnt:4	(at logger.py:134) 
2019-03-02 02:02:25,866 [D] succ_del_cnt:5	(at logger.py:134) 
2019-03-02 02:02:25,866 [D] time:1.3241653442382812	(at logger.py:134) 
2019-03-02 02:02:25,866 [D] deletion:31	(at logger.py:136) 
2019-03-02 02:02:25,866 [I] Iteration 2 finished	(at orbs.py:87) 
2019-03-02 02:02:25,878 [D] subprocess cmd: ['source compile.sh /home/bohrok/Documents/DM/output/orbs/wc/9/work'], stdout: b''	(at ex_script.py:45) 
2019-03-02 02:02:25,878 [D] -:F:n:WD_1:wc.c:48	(at logger.py:129) 
2019-03-02 02:02:25,893 [D] subprocess cmd: ['source compile.sh /home/bohrok/Documents/DM/output/orbs/wc/9/work'], stdout: b''	(at ex_script.py:45) 
2019-03-02 02:02:25,894 [D] ┌:F:n:WD_2:wc.c:48	(at logger.py:129) 
2019-03-02 02:02:25,894 [D] └:F:n:WD_2:wc.c:34	(at logger.py:129) 
2019-03-02 02:02:25,907 [D] subprocess cmd: ['source compile.sh /home/bohrok/Documents/DM/output/orbs/wc/9/work'], stdout: b''	(at ex_script.py:45) 
2019-03-02 02:02:25,907 [D] ┌:F:n:WD_3:wc.c:48	(at logger.py:129) 
2019-03-02 02:02:25,907 [D] |:F:n:WD_3:wc.c:34	(at logger.py:129) 
2019-03-02 02:02:25,907 [D] └:F:n:WD_3:wc.c:33	(at logger.py:129) 
2019-03-02 02:02:25,908 [D]  : : :pass:wc.c:47	(at logger.py:129) 
2019-03-02 02:02:25,908 [D]  : : :pass:wc.c:46	(at logger.py:129) 
2019-03-02 02:02:25,908 [D]  : : :pass:wc.c:45	(at logger.py:129) 
2019-03-02 02:02:25,908 [D]  : : :pass:wc.c:44	(at logger.py:129) 
2019-03-02 02:02:25,908 [D]  : : :pass:wc.c:43	(at logger.py:129) 
2019-03-02 02:02:25,908 [D]  : : :pass:wc.c:42	(at logger.py:129) 
2019-03-02 02:02:25,908 [D]  : : :pass:wc.c:41	(at logger.py:129) 
2019-03-02 02:02:25,908 [D]  : : :pass:wc.c:40	(at logger.py:129) 
2019-03-02 02:02:25,908 [D]  : : :pass:wc.c:39	(at logger.py:129) 
2019-03-02 02:02:25,908 [D]  : : :pass:wc.c:38	(at logger.py:129) 
2019-03-02 02:02:25,908 [D]  : : :pass:wc.c:37	(at logger.py:129) 
2019-03-02 02:02:25,908 [D]  : : :pass:wc.c:36	(at logger.py:129) 
2019-03-02 02:02:25,908 [D]  : : :pass:wc.c:35	(at logger.py:129) 
2019-03-02 02:02:25,922 [D] subprocess cmd: ['source compile.sh /home/bohrok/Documents/DM/output/orbs/wc/9/work'], stdout: b''	(at ex_script.py:45) 
2019-03-02 02:02:25,922 [D] -:F:n:WD_1:wc.c:34	(at logger.py:129) 
2019-03-02 02:02:25,934 [D] subprocess cmd: ['source compile.sh /home/bohrok/Documents/DM/output/orbs/wc/9/work'], stdout: b''	(at ex_script.py:45) 
2019-03-02 02:02:25,934 [D] ┌:F:n:WD_2:wc.c:34	(at logger.py:129) 
2019-03-02 02:02:25,934 [D] └:F:n:WD_2:wc.c:33	(at logger.py:129) 
2019-03-02 02:02:25,945 [D] subprocess cmd: ['source compile.sh /home/bohrok/Documents/DM/output/orbs/wc/9/work'], stdout: b''	(at ex_script.py:45) 
2019-03-02 02:02:25,945 [D] ┌:F:n:WD_3:wc.c:34	(at logger.py:129) 
2019-03-02 02:02:25,945 [D] |:F:n:WD_3:wc.c:33	(at logger.py:129) 
2019-03-02 02:02:25,945 [D] └:F:n:WD_3:wc.c:19	(at logger.py:129) 
2019-03-02 02:02:25,961 [D] subprocess cmd: ['source compile.sh /home/bohrok/Documents/DM/output/orbs/wc/9/work'], stdout: b''	(at ex_script.py:45) 
2019-03-02 02:02:25,961 [D] -:F:n:WD_1:wc.c:33	(at logger.py:129) 
2019-03-02 02:02:25,975 [D] subprocess cmd: ['source compile.sh /home/bohrok/Documents/DM/output/orbs/wc/9/work'], stdout: b''	(at ex_script.py:45) 
2019-03-02 02:02:25,976 [D] ┌:F:n:WD_2:wc.c:33	(at logger.py:129) 
2019-03-02 02:02:25,976 [D] └:F:n:WD_2:wc.c:19	(at logger.py:129) 
2019-03-02 02:02:25,990 [D] subprocess cmd: ['source compile.sh /home/bohrok/Documents/DM/output/orbs/wc/9/work'], stdout: b''	(at ex_script.py:45) 
2019-03-02 02:02:25,991 [D] ┌:F:n:WD_3:wc.c:33	(at logger.py:129) 
2019-03-02 02:02:25,991 [D] |:F:n:WD_3:wc.c:19	(at logger.py:129) 
2019-03-02 02:02:25,991 [D] └:F:n:WD_3:wc.c:18	(at logger.py:129) 
2019-03-02 02:02:25,991 [D]  : : :pass:wc.c:32	(at logger.py:129) 
2019-03-02 02:02:25,991 [D]  : : :pass:wc.c:31	(at logger.py:129) 
2019-03-02 02:02:25,991 [D]  : : :pass:wc.c:30	(at logger.py:129) 
2019-03-02 02:02:25,991 [D]  : : :pass:wc.c:29	(at logger.py:129) 
2019-03-02 02:02:25,991 [D]  : : :pass:wc.c:28	(at logger.py:129) 
2019-03-02 02:02:25,991 [D]  : : :pass:wc.c:27	(at logger.py:129) 
2019-03-02 02:02:25,991 [D]  : : :pass:wc.c:26	(at logger.py:129) 
2019-03-02 02:02:25,991 [D]  : : :pass:wc.c:25	(at logger.py:129) 
2019-03-02 02:02:25,991 [D]  : : :pass:wc.c:24	(at logger.py:129) 
2019-03-02 02:02:25,991 [D]  : : :pass:wc.c:23	(at logger.py:129) 
2019-03-02 02:02:25,991 [D]  : : :pass:wc.c:22	(at logger.py:129) 
2019-03-02 02:02:25,991 [D]  : : :pass:wc.c:21	(at logger.py:129) 
2019-03-02 02:02:25,992 [D]  : : :pass:wc.c:20	(at logger.py:129) 
2019-03-02 02:02:26,045 [D] subprocess cmd: ['source execute.sh /home/bohrok/Documents/DM/output/orbs/wc/9/work'], stdout: b''	(at ex_script.py:45) 
2019-03-02 02:02:26,045 [D] -:C:n:WD_1:wc.c:19	(at logger.py:129) 
2019-03-02 02:02:26,110 [D] subprocess cmd: ['source execute.sh /home/bohrok/Documents/DM/output/orbs/wc/9/work'], stdout: b''	(at ex_script.py:45) 
2019-03-02 02:02:26,110 [D] ┌:C:n:WD_2:wc.c:19	(at logger.py:129) 
2019-03-02 02:02:26,110 [D] └:C:n:WD_2:wc.c:18	(at logger.py:129) 
2019-03-02 02:02:26,124 [D] subprocess cmd: ['source compile.sh /home/bohrok/Documents/DM/output/orbs/wc/9/work'], stdout: b''	(at ex_script.py:45) 
2019-03-02 02:02:26,124 [D] ┌:F:n:WD_3:wc.c:19	(at logger.py:129) 
2019-03-02 02:02:26,124 [D] |:F:n:WD_3:wc.c:18	(at logger.py:129) 
2019-03-02 02:02:26,124 [D] └:F:n:WD_3:wc.c:17	(at logger.py:129) 
2019-03-02 02:02:26,174 [D] -:C:n:WD_1:wc.c:18	(at logger.py:129) 
2019-03-02 02:02:26,186 [D] subprocess cmd: ['source compile.sh /home/bohrok/Documents/DM/output/orbs/wc/9/work'], stdout: b''	(at ex_script.py:45) 
2019-03-02 02:02:26,186 [D] ┌:F:n:WD_2:wc.c:18	(at logger.py:129) 
2019-03-02 02:02:26,186 [D] └:F:n:WD_2:wc.c:17	(at logger.py:129) 
2019-03-02 02:02:26,197 [D] subprocess cmd: ['source compile.sh /home/bohrok/Documents/DM/output/orbs/wc/9/work'], stdout: b''	(at ex_script.py:45) 
2019-03-02 02:02:26,197 [D] ┌:F:n:WD_3:wc.c:18	(at logger.py:129) 
2019-03-02 02:02:26,198 [D] |:F:n:WD_3:wc.c:17	(at logger.py:129) 
2019-03-02 02:02:26,198 [D] └:F:n:WD_3:wc.c:16	(at logger.py:129) 
2019-03-02 02:02:26,211 [D] subprocess cmd: ['source compile.sh /home/bohrok/Documents/DM/output/orbs/wc/9/work'], stdout: b''	(at ex_script.py:45) 
2019-03-02 02:02:26,211 [D] -:F:n:WD_1:wc.c:17	(at logger.py:129) 
2019-03-02 02:02:26,224 [D] subprocess cmd: ['source compile.sh /home/bohrok/Documents/DM/output/orbs/wc/9/work'], stdout: b''	(at ex_script.py:45) 
2019-03-02 02:02:26,224 [D] ┌:F:n:WD_2:wc.c:17	(at logger.py:129) 
2019-03-02 02:02:26,224 [D] └:F:n:WD_2:wc.c:16	(at logger.py:129) 
2019-03-02 02:02:26,238 [D] subprocess cmd: ['source compile.sh /home/bohrok/Documents/DM/output/orbs/wc/9/work'], stdout: b''	(at ex_script.py:45) 
2019-03-02 02:02:26,238 [D] ┌:F:n:WD_3:wc.c:17	(at logger.py:129) 
2019-03-02 02:02:26,238 [D] |:F:n:WD_3:wc.c:16	(at logger.py:129) 
2019-03-02 02:02:26,238 [D] └:F:n:WD_3:wc.c:14	(at logger.py:129) 
2019-03-02 02:02:26,273 [D] -:C:c:WD_1:wc.c:16	(at logger.py:129) 
2019-03-02 02:02:26,285 [D] subprocess cmd: ['source compile.sh /home/bohrok/Documents/DM/output/orbs/wc/9/work'], stdout: b''	(at ex_script.py:45) 
2019-03-02 02:02:26,285 [D] ┌:F:n:WD_2:wc.c:16	(at logger.py:129) 
2019-03-02 02:02:26,285 [D] └:F:n:WD_2:wc.c:14	(at logger.py:129) 
2019-03-02 02:02:26,295 [D] subprocess cmd: ['source compile.sh /home/bohrok/Documents/DM/output/orbs/wc/9/work'], stdout: b''	(at ex_script.py:45) 
2019-03-02 02:02:26,295 [D] ┌:F:n:WD_3:wc.c:16	(at logger.py:129) 
2019-03-02 02:02:26,295 [D] |:F:n:WD_3:wc.c:14	(at logger.py:129) 
2019-03-02 02:02:26,295 [D] └:F:n:WD_3:wc.c:13	(at logger.py:129) 
2019-03-02 02:02:26,295 [D]  : : :pass:wc.c:15	(at logger.py:129) 
2019-03-02 02:02:26,308 [D] subprocess cmd: ['source compile.sh /home/bohrok/Documents/DM/output/orbs/wc/9/work'], stdout: b''	(at ex_script.py:45) 
2019-03-02 02:02:26,309 [D] -:F:n:WD_1:wc.c:14	(at logger.py:129) 
2019-03-02 02:02:26,320 [D] subprocess cmd: ['source compile.sh /home/bohrok/Documents/DM/output/orbs/wc/9/work'], stdout: b''	(at ex_script.py:45) 
2019-03-02 02:02:26,320 [D] ┌:F:n:WD_2:wc.c:14	(at logger.py:129) 
2019-03-02 02:02:26,320 [D] └:F:n:WD_2:wc.c:13	(at logger.py:129) 
2019-03-02 02:02:26,331 [D] subprocess cmd: ['source compile.sh /home/bohrok/Documents/DM/output/orbs/wc/9/work'], stdout: b''	(at ex_script.py:45) 
2019-03-02 02:02:26,331 [D] ┌:F:n:WD_3:wc.c:14	(at logger.py:129) 
2019-03-02 02:02:26,331 [D] |:F:n:WD_3:wc.c:13	(at logger.py:129) 
2019-03-02 02:02:26,331 [D] └:F:n:WD_3:wc.c:12	(at logger.py:129) 
2019-03-02 02:02:26,367 [D] -:C:c:WD_1:wc.c:13	(at logger.py:129) 
2019-03-02 02:02:26,402 [D] ┌:C:c:WD_2:wc.c:13	(at logger.py:129) 
2019-03-02 02:02:26,402 [D] └:C:c:WD_2:wc.c:12	(at logger.py:129) 
2019-03-02 02:02:26,433 [D] ┌:C:c:WD_3:wc.c:13	(at logger.py:129) 
2019-03-02 02:02:26,433 [D] |:C:c:WD_3:wc.c:12	(at logger.py:129) 
2019-03-02 02:02:26,433 [D] └:C:c:WD_3:wc.c:11	(at logger.py:129) 
2019-03-02 02:02:26,470 [D] -:C:c:WD_1:wc.c:12	(at logger.py:129) 
2019-03-02 02:02:26,503 [D] ┌:C:c:WD_2:wc.c:12	(at logger.py:129) 
2019-03-02 02:02:26,503 [D] └:C:c:WD_2:wc.c:11	(at logger.py:129) 
2019-03-02 02:02:26,513 [D] subprocess cmd: ['source compile.sh /home/bohrok/Documents/DM/output/orbs/wc/9/work'], stdout: b''	(at ex_script.py:45) 
2019-03-02 02:02:26,513 [D] ┌:F:n:WD_3:wc.c:12	(at logger.py:129) 
2019-03-02 02:02:26,513 [D] |:F:n:WD_3:wc.c:11	(at logger.py:129) 
2019-03-02 02:02:26,513 [D] └:F:n:WD_3:wc.c:9	(at logger.py:129) 
2019-03-02 02:02:26,547 [D] -:C:c:WD_1:wc.c:11	(at logger.py:129) 
2019-03-02 02:02:26,559 [D] subprocess cmd: ['source compile.sh /home/bohrok/Documents/DM/output/orbs/wc/9/work'], stdout: b''	(at ex_script.py:45) 
2019-03-02 02:02:26,559 [D] ┌:F:n:WD_2:wc.c:11	(at logger.py:129) 
2019-03-02 02:02:26,560 [D] └:F:n:WD_2:wc.c:9	(at logger.py:129) 
2019-03-02 02:02:26,570 [D] subprocess cmd: ['source compile.sh /home/bohrok/Documents/DM/output/orbs/wc/9/work'], stdout: b''	(at ex_script.py:45) 
2019-03-02 02:02:26,571 [D] ┌:F:n:WD_3:wc.c:11	(at logger.py:129) 
2019-03-02 02:02:26,571 [D] |:F:n:WD_3:wc.c:9	(at logger.py:129) 
2019-03-02 02:02:26,571 [D] └:F:n:WD_3:wc.c:8	(at logger.py:129) 
2019-03-02 02:02:26,571 [D]  : : :pass:wc.c:10	(at logger.py:129) 
2019-03-02 02:02:26,581 [D] subprocess cmd: ['source compile.sh /home/bohrok/Documents/DM/output/orbs/wc/9/work'], stdout: b''	(at ex_script.py:45) 
2019-03-02 02:02:26,581 [D] -:F:n:WD_1:wc.c:9	(at logger.py:129) 
2019-03-02 02:02:26,594 [D] subprocess cmd: ['source compile.sh /home/bohrok/Documents/DM/output/orbs/wc/9/work'], stdout: b''	(at ex_script.py:45) 
2019-03-02 02:02:26,595 [D] ┌:F:n:WD_2:wc.c:9	(at logger.py:129) 
2019-03-02 02:02:26,595 [D] └:F:n:WD_2:wc.c:8	(at logger.py:129) 
2019-03-02 02:02:26,606 [D] subprocess cmd: ['source compile.sh /home/bohrok/Documents/DM/output/orbs/wc/9/work'], stdout: b''	(at ex_script.py:45) 
2019-03-02 02:02:26,606 [D] ┌:F:n:WD_3:wc.c:9	(at logger.py:129) 
2019-03-02 02:02:26,606 [D] |:F:n:WD_3:wc.c:8	(at logger.py:129) 
2019-03-02 02:02:26,606 [D] └:F:n:WD_3:wc.c:7	(at logger.py:129) 
2019-03-02 02:02:26,618 [D] subprocess cmd: ['source compile.sh /home/bohrok/Documents/DM/output/orbs/wc/9/work'], stdout: b''	(at ex_script.py:45) 
2019-03-02 02:02:26,619 [D] -:F:n:WD_1:wc.c:8	(at logger.py:129) 
2019-03-02 02:02:26,629 [D] subprocess cmd: ['source compile.sh /home/bohrok/Documents/DM/output/orbs/wc/9/work'], stdout: b''	(at ex_script.py:45) 
2019-03-02 02:02:26,630 [D] ┌:F:n:WD_2:wc.c:8	(at logger.py:129) 
2019-03-02 02:02:26,630 [D] └:F:n:WD_2:wc.c:7	(at logger.py:129) 
2019-03-02 02:02:26,644 [D] subprocess cmd: ['source compile.sh /home/bohrok/Documents/DM/output/orbs/wc/9/work'], stdout: b''	(at ex_script.py:45) 
2019-03-02 02:02:26,644 [D] ┌:F:n:WD_3:wc.c:8	(at logger.py:129) 
2019-03-02 02:02:26,644 [D] |:F:n:WD_3:wc.c:7	(at logger.py:129) 
2019-03-02 02:02:26,644 [D] └:F:n:WD_3:wc.c:6	(at logger.py:129) 
2019-03-02 02:02:26,655 [D] subprocess cmd: ['source compile.sh /home/bohrok/Documents/DM/output/orbs/wc/9/work'], stdout: b''	(at ex_script.py:45) 
2019-03-02 02:02:26,656 [D] -:F:n:WD_1:wc.c:7	(at logger.py:129) 
2019-03-02 02:02:26,656 [D] ┌:F:n:WD_2:wc.c:7	(at logger.py:129) 
2019-03-02 02:02:26,656 [D] └:F:n:WD_2:wc.c:6	(at logger.py:129) 
2019-03-02 02:02:26,666 [D] subprocess cmd: ['source compile.sh /home/bohrok/Documents/DM/output/orbs/wc/9/work'], stdout: b''	(at ex_script.py:45) 
2019-03-02 02:02:26,666 [D] ┌:F:n:WD_3:wc.c:7	(at logger.py:129) 
2019-03-02 02:02:26,667 [D] |:F:n:WD_3:wc.c:6	(at logger.py:129) 
2019-03-02 02:02:26,667 [D] └:F:n:WD_3:wc.c:4	(at logger.py:129) 
2019-03-02 02:02:26,667 [D] -:F:n:WD_1:wc.c:6	(at logger.py:129) 
2019-03-02 02:02:26,667 [D] ┌:F:n:WD_2:wc.c:6	(at logger.py:129) 
2019-03-02 02:02:26,667 [D] └:F:n:WD_2:wc.c:4	(at logger.py:129) 
2019-03-02 02:02:26,679 [D] subprocess cmd: ['source compile.sh /home/bohrok/Documents/DM/output/orbs/wc/9/work'], stdout: b''	(at ex_script.py:45) 
2019-03-02 02:02:26,680 [D] ┌:F:n:WD_3:wc.c:6	(at logger.py:129) 
2019-03-02 02:02:26,680 [D] |:F:n:WD_3:wc.c:4	(at logger.py:129) 
2019-03-02 02:02:26,680 [D] └:F:n:WD_3:wc.c:3	(at logger.py:129) 
2019-03-02 02:02:26,680 [D]  : : :pass:wc.c:5	(at logger.py:129) 
2019-03-02 02:02:26,680 [D] -:F:n:WD_1:wc.c:4	(at logger.py:129) 
2019-03-02 02:02:26,681 [D] ┌:F:n:WD_2:wc.c:4	(at logger.py:129) 
2019-03-02 02:02:26,681 [D] └:F:n:WD_2:wc.c:3	(at logger.py:129) 
2019-03-02 02:02:26,681 [D] ┌:F:n:WD_3:wc.c:4	(at logger.py:129) 
2019-03-02 02:02:26,681 [D] └:F:n:WD_3:wc.c:3	(at logger.py:129) 
2019-03-02 02:02:26,681 [D] -:F:n:WD_1:wc.c:3	(at logger.py:129) 
2019-03-02 02:02:26,681 [D] -:F:n:WD_2:wc.c:3	(at logger.py:129) 
2019-03-02 02:02:26,681 [D] -:F:n:WD_3:wc.c:3	(at logger.py:129) 
2019-03-02 02:02:26,681 [D]  : : :pass:wc.c:2	(at logger.py:129) 
2019-03-02 02:02:26,681 [D]  : : :pass:wc.c:1	(at logger.py:129) 
2019-03-02 02:02:26,681 [D] comp_cached_cnt:9	(at logger.py:134) 
2019-03-02 02:02:26,682 [D] compile_cnt:42	(at logger.py:134) 
2019-03-02 02:02:26,682 [D] execute_cnt:3	(at logger.py:134) 
2019-03-02 02:02:26,682 [D] fail_del_cnt:10	(at logger.py:134) 
2019-03-02 02:02:26,682 [D] iter_idx:3	(at logger.py:134) 
2019-03-02 02:02:26,682 [D] reuse_cnt:7	(at logger.py:134) 
2019-03-02 02:02:26,682 [D] succ_del_cnt:0	(at logger.py:134) 
2019-03-02 02:02:26,682 [D] time:0.8152017593383789	(at logger.py:134) 
2019-03-02 02:02:26,682 [D] deletion:31	(at logger.py:136) 
2019-03-02 02:02:26,682 [I] Iteration 3 finished	(at orbs.py:87) 
2019-03-02 02:02:26,683 [D] total_lines:48	(at logger.py:74) 
2019-03-02 02:02:26,683 [D] iteration_cnt:3	(at logger.py:75) 
2019-03-02 02:02:26,683 [D] comp_cached_cnt:12	(at logger.py:79) 
2019-03-02 02:02:26,683 [D] compile_cnt:199	(at logger.py:79) 
2019-03-02 02:02:26,683 [D] execute_cnt:37	(at logger.py:79) 
2019-03-02 02:02:26,683 [D] fail_del_cnt:35	(at logger.py:79) 
2019-03-02 02:02:26,683 [D] reuse_cnt:18	(at logger.py:79) 
2019-03-02 02:02:26,683 [D] succ_del_cnt:20	(at logger.py:79) 
2019-03-02 02:02:26,683 [D] time:4.655519247055054	(at logger.py:80) 
2019-03-02 02:02:26,683 [D] deletion:31	(at logger.py:82) 
2019-03-02 02:02:26,683 [I] ORBS fin.	(at orbs.py:91) 
2019-03-02 02:02:26,683 [I] ===== END - RUN ==============================================	(at main.py:95) 
2019-03-02 02:02:26,683 [I] 	(at main.py:96) 
