2019-03-02 02:01:56,719 [D] -:F:n:WD_1:wc.c:48	(at logger.py:129) 
2019-03-02 02:01:56,734 [D] ┌:F:n:WD_2:wc.c:48	(at logger.py:129) 
2019-03-02 02:01:56,735 [D] └:F:n:WD_2:wc.c:47	(at logger.py:129) 
2019-03-02 02:01:56,748 [D] ┌:F:n:WD_3:wc.c:48	(at logger.py:129) 
2019-03-02 02:01:56,748 [D] |:F:n:WD_3:wc.c:47	(at logger.py:129) 
2019-03-02 02:01:56,748 [D] └:F:n:WD_3:wc.c:46	(at logger.py:129) 
2019-03-02 02:01:56,761 [D] -:F:n:WD_1:wc.c:47	(at logger.py:129) 
2019-03-02 02:01:56,774 [D] ┌:F:n:WD_2:wc.c:47	(at logger.py:129) 
2019-03-02 02:01:56,774 [D] └:F:n:WD_2:wc.c:46	(at logger.py:129) 
2019-03-02 02:01:56,787 [D] ┌:F:n:WD_3:wc.c:47	(at logger.py:129) 
2019-03-02 02:01:56,787 [D] |:F:n:WD_3:wc.c:46	(at logger.py:129) 
2019-03-02 02:01:56,787 [D] └:F:n:WD_3:wc.c:45	(at logger.py:129) 
2019-03-02 02:01:56,842 [D] -:P:n:WD_1:wc.c:46	(at logger.py:129) 
2019-03-02 02:01:56,856 [D] -:F:n:WD_1:wc.c:45	(at logger.py:129) 
2019-03-02 02:01:56,869 [D] ┌:F:n:WD_2:wc.c:45	(at logger.py:129) 
2019-03-02 02:01:56,869 [D] └:F:n:WD_2:wc.c:44	(at logger.py:129) 
2019-03-02 02:01:56,906 [D] ┌:P:c:WD_3:wc.c:45	(at logger.py:129) 
2019-03-02 02:01:56,906 [D] |:P:c:WD_3:wc.c:44	(at logger.py:129) 
2019-03-02 02:01:56,906 [D] └:P:c:WD_3:wc.c:43	(at logger.py:129) 
2019-03-02 02:01:56,906 [D]  : : :pass:wc.c:44	(at logger.py:129) 
2019-03-02 02:01:56,906 [D]  : : :pass:wc.c:43	(at logger.py:129) 
2019-03-02 02:01:56,954 [D] -:P:n:WD_1:wc.c:42	(at logger.py:129) 
2019-03-02 02:01:56,968 [D] -:F:n:WD_1:wc.c:41	(at logger.py:129) 
2019-03-02 02:01:56,982 [D] ┌:F:n:WD_2:wc.c:41	(at logger.py:129) 
2019-03-02 02:01:56,982 [D] └:F:n:WD_2:wc.c:40	(at logger.py:129) 
2019-03-02 02:01:56,996 [D] ┌:F:n:WD_3:wc.c:41	(at logger.py:129) 
2019-03-02 02:01:56,996 [D] |:F:n:WD_3:wc.c:40	(at logger.py:129) 
2019-03-02 02:01:56,996 [D] └:F:n:WD_3:wc.c:39	(at logger.py:129) 
2019-03-02 02:01:57,010 [D] -:F:n:WD_1:wc.c:40	(at logger.py:129) 
2019-03-02 02:01:57,044 [D] ┌:P:c:WD_2:wc.c:40	(at logger.py:129) 
2019-03-02 02:01:57,044 [D] └:P:c:WD_2:wc.c:39	(at logger.py:129) 
2019-03-02 02:01:57,045 [D]  : : :pass:wc.c:39	(at logger.py:129) 
2019-03-02 02:01:57,090 [D] -:P:n:WD_1:wc.c:38	(at logger.py:129) 
2019-03-02 02:01:57,105 [D] -:F:n:WD_1:wc.c:37	(at logger.py:129) 
2019-03-02 02:01:57,119 [D] ┌:F:n:WD_2:wc.c:37	(at logger.py:129) 
2019-03-02 02:01:57,120 [D] └:F:n:WD_2:wc.c:36	(at logger.py:129) 
2019-03-02 02:01:57,153 [D] ┌:F:n:WD_3:wc.c:37	(at logger.py:129) 
2019-03-02 02:01:57,153 [D] |:F:n:WD_3:wc.c:36	(at logger.py:129) 
2019-03-02 02:01:57,153 [D] └:F:n:WD_3:wc.c:35	(at logger.py:129) 
2019-03-02 02:01:57,169 [D] -:F:n:WD_1:wc.c:36	(at logger.py:129) 
2019-03-02 02:01:57,182 [D] ┌:F:n:WD_2:wc.c:36	(at logger.py:129) 
2019-03-02 02:01:57,182 [D] └:F:n:WD_2:wc.c:35	(at logger.py:129) 
2019-03-02 02:01:57,196 [D] ┌:F:n:WD_3:wc.c:36	(at logger.py:129) 
2019-03-02 02:01:57,196 [D] |:F:n:WD_3:wc.c:35	(at logger.py:129) 
2019-03-02 02:01:57,196 [D] └:F:n:WD_3:wc.c:34	(at logger.py:129) 
2019-03-02 02:01:57,209 [D] -:F:n:WD_1:wc.c:35	(at logger.py:129) 
2019-03-02 02:01:57,223 [D] ┌:F:n:WD_2:wc.c:35	(at logger.py:129) 
2019-03-02 02:01:57,223 [D] └:F:n:WD_2:wc.c:34	(at logger.py:129) 
2019-03-02 02:01:57,237 [D] ┌:F:n:WD_3:wc.c:35	(at logger.py:129) 
2019-03-02 02:01:57,237 [D] |:F:n:WD_3:wc.c:34	(at logger.py:129) 
2019-03-02 02:01:57,237 [D] └:F:n:WD_3:wc.c:33	(at logger.py:129) 
2019-03-02 02:01:57,253 [D] -:F:n:WD_1:wc.c:34	(at logger.py:129) 
2019-03-02 02:01:57,270 [D] ┌:F:n:WD_2:wc.c:34	(at logger.py:129) 
2019-03-02 02:01:57,270 [D] └:F:n:WD_2:wc.c:33	(at logger.py:129) 
2019-03-02 02:01:57,285 [D] ┌:F:n:WD_3:wc.c:34	(at logger.py:129) 
2019-03-02 02:01:57,285 [D] |:F:n:WD_3:wc.c:33	(at logger.py:129) 
2019-03-02 02:01:57,285 [D] └:F:n:WD_3:wc.c:32	(at logger.py:129) 
2019-03-02 02:01:57,299 [D] -:F:n:WD_1:wc.c:33	(at logger.py:129) 
2019-03-02 02:01:57,314 [D] ┌:F:n:WD_2:wc.c:33	(at logger.py:129) 
2019-03-02 02:01:57,314 [D] └:F:n:WD_2:wc.c:32	(at logger.py:129) 
2019-03-02 02:01:57,329 [D] ┌:F:n:WD_3:wc.c:33	(at logger.py:129) 
2019-03-02 02:01:57,329 [D] |:F:n:WD_3:wc.c:32	(at logger.py:129) 
2019-03-02 02:01:57,329 [D] └:F:n:WD_3:wc.c:31	(at logger.py:129) 
2019-03-02 02:01:57,375 [D] -:P:n:WD_1:wc.c:32	(at logger.py:129) 
2019-03-02 02:01:57,422 [D] -:F:n:WD_1:wc.c:31	(at logger.py:129) 
2019-03-02 02:01:57,475 [D] ┌:F:n:WD_2:wc.c:31	(at logger.py:129) 
2019-03-02 02:01:57,475 [D] └:F:n:WD_2:wc.c:30	(at logger.py:129) 
2019-03-02 02:01:57,513 [D] ┌:P:c:WD_3:wc.c:31	(at logger.py:129) 
2019-03-02 02:01:57,513 [D] |:P:c:WD_3:wc.c:30	(at logger.py:129) 
2019-03-02 02:01:57,513 [D] └:P:c:WD_3:wc.c:29	(at logger.py:129) 
2019-03-02 02:01:57,513 [D]  : : :pass:wc.c:30	(at logger.py:129) 
2019-03-02 02:01:57,513 [D]  : : :pass:wc.c:29	(at logger.py:129) 
2019-03-02 02:01:57,526 [D] -:F:n:WD_1:wc.c:28	(at logger.py:129) 
2019-03-02 02:01:57,540 [D] ┌:F:n:WD_2:wc.c:28	(at logger.py:129) 
2019-03-02 02:01:57,540 [D] └:F:n:WD_2:wc.c:27	(at logger.py:129) 
2019-03-02 02:01:57,554 [D] ┌:F:n:WD_3:wc.c:28	(at logger.py:129) 
2019-03-02 02:01:57,554 [D] |:F:n:WD_3:wc.c:27	(at logger.py:129) 
2019-03-02 02:01:57,554 [D] └:F:n:WD_3:wc.c:26	(at logger.py:129) 
2019-03-02 02:01:57,603 [D] -:P:n:WD_1:wc.c:27	(at logger.py:129) 
2019-03-02 02:01:57,648 [D] -:P:n:WD_1:wc.c:26	(at logger.py:129) 
2019-03-02 02:01:57,661 [D] -:F:n:WD_1:wc.c:25	(at logger.py:129) 
2019-03-02 02:01:57,675 [D] ┌:F:n:WD_2:wc.c:25	(at logger.py:129) 
2019-03-02 02:01:57,675 [D] └:F:n:WD_2:wc.c:24	(at logger.py:129) 
2019-03-02 02:01:57,688 [D] ┌:F:n:WD_3:wc.c:25	(at logger.py:129) 
2019-03-02 02:01:57,688 [D] |:F:n:WD_3:wc.c:24	(at logger.py:129) 
2019-03-02 02:01:57,688 [D] └:F:n:WD_3:wc.c:23	(at logger.py:129) 
2019-03-02 02:01:57,722 [D] -:P:c:WD_1:wc.c:24	(at logger.py:129) 
2019-03-02 02:01:57,738 [D] -:F:n:WD_1:wc.c:23	(at logger.py:129) 
2019-03-02 02:01:57,753 [D] ┌:F:n:WD_2:wc.c:23	(at logger.py:129) 
2019-03-02 02:01:57,753 [D] └:F:n:WD_2:wc.c:22	(at logger.py:129) 
2019-03-02 02:01:57,803 [D] ┌:P:n:WD_3:wc.c:23	(at logger.py:129) 
2019-03-02 02:01:57,804 [D] |:P:n:WD_3:wc.c:22	(at logger.py:129) 
2019-03-02 02:01:57,804 [D] └:P:n:WD_3:wc.c:21	(at logger.py:129) 
2019-03-02 02:01:57,804 [D]  : : :pass:wc.c:22	(at logger.py:129) 
2019-03-02 02:01:57,804 [D]  : : :pass:wc.c:21	(at logger.py:129) 
2019-03-02 02:01:57,853 [D] -:P:n:WD_1:wc.c:20	(at logger.py:129) 
2019-03-02 02:01:57,868 [D] -:F:n:WD_1:wc.c:19	(at logger.py:129) 
2019-03-02 02:01:57,881 [D] ┌:F:n:WD_2:wc.c:19	(at logger.py:129) 
2019-03-02 02:01:57,881 [D] └:F:n:WD_2:wc.c:18	(at logger.py:129) 
2019-03-02 02:01:57,896 [D] ┌:F:n:WD_3:wc.c:19	(at logger.py:129) 
2019-03-02 02:01:57,896 [D] |:F:n:WD_3:wc.c:18	(at logger.py:129) 
2019-03-02 02:01:57,896 [D] └:F:n:WD_3:wc.c:17	(at logger.py:129) 
2019-03-02 02:01:57,929 [D] -:P:c:WD_1:wc.c:18	(at logger.py:129) 
2019-03-02 02:01:57,971 [D] -:P:n:WD_1:wc.c:17	(at logger.py:129) 
2019-03-02 02:01:57,985 [D] -:F:n:WD_1:wc.c:16	(at logger.py:129) 
2019-03-02 02:01:57,998 [D] ┌:F:n:WD_2:wc.c:16	(at logger.py:129) 
2019-03-02 02:01:57,998 [D] └:F:n:WD_2:wc.c:15	(at logger.py:129) 
2019-03-02 02:01:58,011 [D] ┌:F:n:WD_3:wc.c:16	(at logger.py:129) 
2019-03-02 02:01:58,012 [D] |:F:n:WD_3:wc.c:15	(at logger.py:129) 
2019-03-02 02:01:58,012 [D] └:F:n:WD_3:wc.c:14	(at logger.py:129) 
2019-03-02 02:01:58,059 [D] -:P:n:WD_1:wc.c:15	(at logger.py:129) 
2019-03-02 02:01:58,096 [D] -:P:c:WD_1:wc.c:14	(at logger.py:129) 
2019-03-02 02:01:58,139 [D] -:C:n:WD_1:wc.c:13	(at logger.py:129) 
2019-03-02 02:01:58,187 [D] ┌:C:n:WD_2:wc.c:13	(at logger.py:129) 
2019-03-02 02:01:58,187 [D] └:C:n:WD_2:wc.c:12	(at logger.py:129) 
2019-03-02 02:01:58,233 [D] ┌:C:n:WD_3:wc.c:13	(at logger.py:129) 
2019-03-02 02:01:58,233 [D] |:C:n:WD_3:wc.c:12	(at logger.py:129) 
2019-03-02 02:01:58,233 [D] └:C:n:WD_3:wc.c:11	(at logger.py:129) 
2019-03-02 02:01:58,276 [D] -:P:n:WD_1:wc.c:12	(at logger.py:129) 
2019-03-02 02:01:58,322 [D] -:P:n:WD_1:wc.c:11	(at logger.py:129) 
2019-03-02 02:01:58,371 [D] -:P:n:WD_1:wc.c:10	(at logger.py:129) 
2019-03-02 02:01:58,406 [D] -:P:c:WD_1:wc.c:9	(at logger.py:129) 
2019-03-02 02:01:58,420 [D] -:F:n:WD_1:wc.c:8	(at logger.py:129) 
2019-03-02 02:01:58,434 [D] ┌:F:n:WD_2:wc.c:8	(at logger.py:129) 
2019-03-02 02:01:58,435 [D] └:F:n:WD_2:wc.c:7	(at logger.py:129) 
2019-03-02 02:01:58,448 [D] ┌:F:n:WD_3:wc.c:8	(at logger.py:129) 
2019-03-02 02:01:58,448 [D] |:F:n:WD_3:wc.c:7	(at logger.py:129) 
2019-03-02 02:01:58,448 [D] └:F:n:WD_3:wc.c:6	(at logger.py:129) 
2019-03-02 02:01:58,482 [D] -:P:c:WD_1:wc.c:7	(at logger.py:129) 
2019-03-02 02:01:58,516 [D] -:P:c:WD_1:wc.c:6	(at logger.py:129) 
2019-03-02 02:01:58,551 [D] -:P:c:WD_1:wc.c:5	(at logger.py:129) 
2019-03-02 02:01:58,565 [D] -:F:n:WD_1:wc.c:4	(at logger.py:129) 
2019-03-02 02:01:58,579 [D] ┌:F:n:WD_2:wc.c:4	(at logger.py:129) 
2019-03-02 02:01:58,579 [D] └:F:n:WD_2:wc.c:3	(at logger.py:129) 
2019-03-02 02:01:58,593 [D] ┌:F:n:WD_3:wc.c:4	(at logger.py:129) 
2019-03-02 02:01:58,593 [D] |:F:n:WD_3:wc.c:3	(at logger.py:129) 
2019-03-02 02:01:58,593 [D] └:F:n:WD_3:wc.c:2	(at logger.py:129) 
2019-03-02 02:01:58,606 [D] -:F:n:WD_1:wc.c:3	(at logger.py:129) 
2019-03-02 02:01:58,620 [D] ┌:F:n:WD_2:wc.c:3	(at logger.py:129) 
2019-03-02 02:01:58,620 [D] └:F:n:WD_2:wc.c:2	(at logger.py:129) 
2019-03-02 02:01:58,632 [D] ┌:F:n:WD_3:wc.c:3	(at logger.py:129) 
2019-03-02 02:01:58,632 [D] |:F:n:WD_3:wc.c:2	(at logger.py:129) 
2019-03-02 02:01:58,632 [D] └:F:n:WD_3:wc.c:1	(at logger.py:129) 
2019-03-02 02:01:58,667 [D] -:P:c:WD_1:wc.c:2	(at logger.py:129) 
2019-03-02 02:01:58,699 [D] -:P:c:WD_1:wc.c:1	(at logger.py:129) 
2019-03-02 02:01:58,699 [D] comp_cached_cnt:0	(at logger.py:134) 
2019-03-02 02:01:58,699 [D] compile_cnt:80	(at logger.py:134) 
2019-03-02 02:01:58,699 [D] execute_cnt:16	(at logger.py:134) 
2019-03-02 02:01:58,699 [D] fail_del_cnt:3	(at logger.py:134) 
2019-03-02 02:01:58,700 [D] iter_idx:1	(at logger.py:134) 
2019-03-02 02:01:58,700 [D] reuse_cnt:12	(at logger.py:134) 
2019-03-02 02:01:58,700 [D] succ_del_cnt:25	(at logger.py:134) 
2019-03-02 02:01:58,700 [D] time:1.9940667152404785	(at logger.py:134) 
2019-03-02 02:01:58,700 [D] deletion:32	(at logger.py:136) 
