2019-03-02 02:02:16,597 [I] 	(at main.py:29) 
2019-03-02 02:02:16,598 [I] ===== START - RUN ==============================================	(at main.py:32) 
2019-03-02 02:02:16,598 [D] Title: RUN, Job key: RUN_2019-03-02_02:02:16	(at main.py:40) 
2019-03-02 02:02:16,598 [I] Load config file.	(at main.py:56) 
2019-03-02 02:02:16,598 [D] Loading config from ['/home/bohrok/Documents/DM/output/orbs/wc/8/config/config.ini']	(at config.py:16) 
2019-03-02 02:02:16,598 [D] Load config successfully!	(at config.py:19) 
2019-03-02 02:02:16,598 [D] Initialize directory: .	(at workspace.py:10) 
2019-03-02 02:02:16,598 [I] Initialize workspace.	(at main.py:64) 
2019-03-02 02:02:16,598 [I] Working directory path: /home/bohrok/Documents/DM/output/orbs/wc/8/work	(at workspace.py:41) 
2019-03-02 02:02:16,600 [D] Record the config on workspace.	(at workspace.py:62) 
2019-03-02 02:02:16,600 [I] No PRE stage.	(at main.py:73) 
2019-03-02 02:02:16,600 [I] Construct SliceSpace.	(at main.py:76) 
2019-03-02 02:02:16,600 [I] Compile the system.	(at slicespace.py:148) 
2019-03-02 02:02:16,632 [I] Execute the system.	(at slicespace.py:160) 
2019-03-02 02:02:16,644 [I] Compile the system again (sanity check).	(at slicespace.py:174) 
2019-03-02 02:02:16,677 [I] Execute the system again (sanity check).	(at slicespace.py:188) 
2019-03-02 02:02:16,689 [I] Construct deletion operators.	(at main.py:80) 
2019-03-02 02:02:16,689 [I] Run ORBS stage.	(at main.py:85) 
2019-03-02 02:02:16,690 [I] ORBS starts...	(at orbs.py:53) 
2019-03-02 02:02:16,704 [D] subprocess cmd: ['source compile.sh /home/bohrok/Documents/DM/output/orbs/wc/8/work'], stdout: b''	(at ex_script.py:45) 
2019-03-02 02:02:16,705 [D] -:F:n:WD_1:wc.c:48	(at logger.py:129) 
2019-03-02 02:02:16,719 [D] subprocess cmd: ['source compile.sh /home/bohrok/Documents/DM/output/orbs/wc/8/work'], stdout: b''	(at ex_script.py:45) 
2019-03-02 02:02:16,719 [D] ┌:F:n:WD_2:wc.c:48	(at logger.py:129) 
2019-03-02 02:02:16,719 [D] └:F:n:WD_2:wc.c:47	(at logger.py:129) 
2019-03-02 02:02:16,732 [D] subprocess cmd: ['source compile.sh /home/bohrok/Documents/DM/output/orbs/wc/8/work'], stdout: b''	(at ex_script.py:45) 
2019-03-02 02:02:16,733 [D] ┌:F:n:WD_3:wc.c:48	(at logger.py:129) 
2019-03-02 02:02:16,733 [D] |:F:n:WD_3:wc.c:47	(at logger.py:129) 
2019-03-02 02:02:16,733 [D] └:F:n:WD_3:wc.c:46	(at logger.py:129) 
2019-03-02 02:02:16,749 [D] subprocess cmd: ['source compile.sh /home/bohrok/Documents/DM/output/orbs/wc/8/work'], stdout: b''	(at ex_script.py:45) 
2019-03-02 02:02:16,749 [D] -:F:n:WD_1:wc.c:47	(at logger.py:129) 
2019-03-02 02:02:16,763 [D] subprocess cmd: ['source compile.sh /home/bohrok/Documents/DM/output/orbs/wc/8/work'], stdout: b''	(at ex_script.py:45) 
2019-03-02 02:02:16,763 [D] ┌:F:n:WD_2:wc.c:47	(at logger.py:129) 
2019-03-02 02:02:16,763 [D] └:F:n:WD_2:wc.c:46	(at logger.py:129) 
2019-03-02 02:02:16,776 [D] subprocess cmd: ['source compile.sh /home/bohrok/Documents/DM/output/orbs/wc/8/work'], stdout: b''	(at ex_script.py:45) 
2019-03-02 02:02:16,776 [D] ┌:F:n:WD_3:wc.c:47	(at logger.py:129) 
2019-03-02 02:02:16,776 [D] |:F:n:WD_3:wc.c:46	(at logger.py:129) 
2019-03-02 02:02:16,776 [D] └:F:n:WD_3:wc.c:45	(at logger.py:129) 
2019-03-02 02:02:16,821 [D] -:P:n:WD_1:wc.c:46	(at logger.py:129) 
2019-03-02 02:02:16,837 [D] subprocess cmd: ['source compile.sh /home/bohrok/Documents/DM/output/orbs/wc/8/work'], stdout: b''	(at ex_script.py:45) 
2019-03-02 02:02:16,837 [D] -:F:n:WD_1:wc.c:45	(at logger.py:129) 
2019-03-02 02:02:16,852 [D] subprocess cmd: ['source compile.sh /home/bohrok/Documents/DM/output/orbs/wc/8/work'], stdout: b''	(at ex_script.py:45) 
2019-03-02 02:02:16,852 [D] ┌:F:n:WD_2:wc.c:45	(at logger.py:129) 
2019-03-02 02:02:16,852 [D] └:F:n:WD_2:wc.c:44	(at logger.py:129) 
2019-03-02 02:02:16,888 [D] ┌:P:c:WD_3:wc.c:45	(at logger.py:129) 
2019-03-02 02:02:16,888 [D] |:P:c:WD_3:wc.c:44	(at logger.py:129) 
2019-03-02 02:02:16,888 [D] └:P:c:WD_3:wc.c:43	(at logger.py:129) 
2019-03-02 02:02:16,888 [D]  : : :pass:wc.c:44	(at logger.py:129) 
2019-03-02 02:02:16,888 [D]  : : :pass:wc.c:43	(at logger.py:129) 
2019-03-02 02:02:16,937 [D] -:P:n:WD_1:wc.c:42	(at logger.py:129) 
2019-03-02 02:02:16,951 [D] subprocess cmd: ['source compile.sh /home/bohrok/Documents/DM/output/orbs/wc/8/work'], stdout: b''	(at ex_script.py:45) 
2019-03-02 02:02:16,952 [D] -:F:n:WD_1:wc.c:41	(at logger.py:129) 
2019-03-02 02:02:16,965 [D] subprocess cmd: ['source compile.sh /home/bohrok/Documents/DM/output/orbs/wc/8/work'], stdout: b''	(at ex_script.py:45) 
2019-03-02 02:02:16,965 [D] ┌:F:n:WD_2:wc.c:41	(at logger.py:129) 
2019-03-02 02:02:16,965 [D] └:F:n:WD_2:wc.c:40	(at logger.py:129) 
2019-03-02 02:02:16,977 [D] subprocess cmd: ['source compile.sh /home/bohrok/Documents/DM/output/orbs/wc/8/work'], stdout: b''	(at ex_script.py:45) 
2019-03-02 02:02:16,978 [D] ┌:F:n:WD_3:wc.c:41	(at logger.py:129) 
2019-03-02 02:02:16,978 [D] |:F:n:WD_3:wc.c:40	(at logger.py:129) 
2019-03-02 02:02:16,978 [D] └:F:n:WD_3:wc.c:39	(at logger.py:129) 
2019-03-02 02:02:16,991 [D] subprocess cmd: ['source compile.sh /home/bohrok/Documents/DM/output/orbs/wc/8/work'], stdout: b''	(at ex_script.py:45) 
2019-03-02 02:02:16,991 [D] -:F:n:WD_1:wc.c:40	(at logger.py:129) 
2019-03-02 02:02:17,025 [D] ┌:P:c:WD_2:wc.c:40	(at logger.py:129) 
2019-03-02 02:02:17,026 [D] └:P:c:WD_2:wc.c:39	(at logger.py:129) 
2019-03-02 02:02:17,026 [D]  : : :pass:wc.c:39	(at logger.py:129) 
2019-03-02 02:02:17,077 [D] -:P:n:WD_1:wc.c:38	(at logger.py:129) 
2019-03-02 02:02:17,090 [D] subprocess cmd: ['source compile.sh /home/bohrok/Documents/DM/output/orbs/wc/8/work'], stdout: b''	(at ex_script.py:45) 
2019-03-02 02:02:17,090 [D] -:F:n:WD_1:wc.c:37	(at logger.py:129) 
2019-03-02 02:02:17,104 [D] subprocess cmd: ['source compile.sh /home/bohrok/Documents/DM/output/orbs/wc/8/work'], stdout: b''	(at ex_script.py:45) 
2019-03-02 02:02:17,104 [D] ┌:F:n:WD_2:wc.c:37	(at logger.py:129) 
2019-03-02 02:02:17,104 [D] └:F:n:WD_2:wc.c:36	(at logger.py:129) 
2019-03-02 02:02:17,139 [D] subprocess cmd: ['source compile.sh /home/bohrok/Documents/DM/output/orbs/wc/8/work'], stdout: b''	(at ex_script.py:45) 
2019-03-02 02:02:17,140 [D] ┌:F:n:WD_3:wc.c:37	(at logger.py:129) 
2019-03-02 02:02:17,140 [D] |:F:n:WD_3:wc.c:36	(at logger.py:129) 
2019-03-02 02:02:17,140 [D] └:F:n:WD_3:wc.c:35	(at logger.py:129) 
2019-03-02 02:02:17,154 [D] subprocess cmd: ['source compile.sh /home/bohrok/Documents/DM/output/orbs/wc/8/work'], stdout: b''	(at ex_script.py:45) 
2019-03-02 02:02:17,155 [D] -:F:n:WD_1:wc.c:36	(at logger.py:129) 
2019-03-02 02:02:17,169 [D] subprocess cmd: ['source compile.sh /home/bohrok/Documents/DM/output/orbs/wc/8/work'], stdout: b''	(at ex_script.py:45) 
2019-03-02 02:02:17,169 [D] ┌:F:n:WD_2:wc.c:36	(at logger.py:129) 
2019-03-02 02:02:17,169 [D] └:F:n:WD_2:wc.c:35	(at logger.py:129) 
2019-03-02 02:02:17,184 [D] subprocess cmd: ['source compile.sh /home/bohrok/Documents/DM/output/orbs/wc/8/work'], stdout: b''	(at ex_script.py:45) 
2019-03-02 02:02:17,184 [D] ┌:F:n:WD_3:wc.c:36	(at logger.py:129) 
2019-03-02 02:02:17,184 [D] |:F:n:WD_3:wc.c:35	(at logger.py:129) 
2019-03-02 02:02:17,184 [D] └:F:n:WD_3:wc.c:34	(at logger.py:129) 
2019-03-02 02:02:17,198 [D] subprocess cmd: ['source compile.sh /home/bohrok/Documents/DM/output/orbs/wc/8/work'], stdout: b''	(at ex_script.py:45) 
2019-03-02 02:02:17,198 [D] -:F:n:WD_1:wc.c:35	(at logger.py:129) 
2019-03-02 02:02:17,212 [D] subprocess cmd: ['source compile.sh /home/bohrok/Documents/DM/output/orbs/wc/8/work'], stdout: b''	(at ex_script.py:45) 
2019-03-02 02:02:17,212 [D] ┌:F:n:WD_2:wc.c:35	(at logger.py:129) 
2019-03-02 02:02:17,212 [D] └:F:n:WD_2:wc.c:34	(at logger.py:129) 
2019-03-02 02:02:17,225 [D] subprocess cmd: ['source compile.sh /home/bohrok/Documents/DM/output/orbs/wc/8/work'], stdout: b''	(at ex_script.py:45) 
2019-03-02 02:02:17,225 [D] ┌:F:n:WD_3:wc.c:35	(at logger.py:129) 
2019-03-02 02:02:17,225 [D] |:F:n:WD_3:wc.c:34	(at logger.py:129) 
2019-03-02 02:02:17,225 [D] └:F:n:WD_3:wc.c:33	(at logger.py:129) 
2019-03-02 02:02:17,239 [D] subprocess cmd: ['source compile.sh /home/bohrok/Documents/DM/output/orbs/wc/8/work'], stdout: b''	(at ex_script.py:45) 
2019-03-02 02:02:17,240 [D] -:F:n:WD_1:wc.c:34	(at logger.py:129) 
2019-03-02 02:02:17,255 [D] subprocess cmd: ['source compile.sh /home/bohrok/Documents/DM/output/orbs/wc/8/work'], stdout: b''	(at ex_script.py:45) 
2019-03-02 02:02:17,255 [D] ┌:F:n:WD_2:wc.c:34	(at logger.py:129) 
2019-03-02 02:02:17,255 [D] └:F:n:WD_2:wc.c:33	(at logger.py:129) 
2019-03-02 02:02:17,270 [D] subprocess cmd: ['source compile.sh /home/bohrok/Documents/DM/output/orbs/wc/8/work'], stdout: b''	(at ex_script.py:45) 
2019-03-02 02:02:17,271 [D] ┌:F:n:WD_3:wc.c:34	(at logger.py:129) 
2019-03-02 02:02:17,271 [D] |:F:n:WD_3:wc.c:33	(at logger.py:129) 
2019-03-02 02:02:17,271 [D] └:F:n:WD_3:wc.c:32	(at logger.py:129) 
2019-03-02 02:02:17,287 [D] subprocess cmd: ['source compile.sh /home/bohrok/Documents/DM/output/orbs/wc/8/work'], stdout: b''	(at ex_script.py:45) 
2019-03-02 02:02:17,287 [D] -:F:n:WD_1:wc.c:33	(at logger.py:129) 
2019-03-02 02:02:17,302 [D] subprocess cmd: ['source compile.sh /home/bohrok/Documents/DM/output/orbs/wc/8/work'], stdout: b''	(at ex_script.py:45) 
2019-03-02 02:02:17,302 [D] ┌:F:n:WD_2:wc.c:33	(at logger.py:129) 
2019-03-02 02:02:17,302 [D] └:F:n:WD_2:wc.c:32	(at logger.py:129) 
2019-03-02 02:02:17,315 [D] subprocess cmd: ['source compile.sh /home/bohrok/Documents/DM/output/orbs/wc/8/work'], stdout: b''	(at ex_script.py:45) 
2019-03-02 02:02:17,315 [D] ┌:F:n:WD_3:wc.c:33	(at logger.py:129) 
2019-03-02 02:02:17,316 [D] |:F:n:WD_3:wc.c:32	(at logger.py:129) 
2019-03-02 02:02:17,316 [D] └:F:n:WD_3:wc.c:31	(at logger.py:129) 
2019-03-02 02:02:17,361 [D] -:P:n:WD_1:wc.c:32	(at logger.py:129) 
2019-03-02 02:02:17,373 [D] subprocess cmd: ['source compile.sh /home/bohrok/Documents/DM/output/orbs/wc/8/work'], stdout: b''	(at ex_script.py:45) 
2019-03-02 02:02:17,373 [D] -:F:n:WD_1:wc.c:31	(at logger.py:129) 
2019-03-02 02:02:17,386 [D] subprocess cmd: ['source compile.sh /home/bohrok/Documents/DM/output/orbs/wc/8/work'], stdout: b''	(at ex_script.py:45) 
2019-03-02 02:02:17,386 [D] ┌:F:n:WD_2:wc.c:31	(at logger.py:129) 
2019-03-02 02:02:17,387 [D] └:F:n:WD_2:wc.c:30	(at logger.py:129) 
2019-03-02 02:02:17,467 [D] ┌:P:c:WD_3:wc.c:31	(at logger.py:129) 
2019-03-02 02:02:17,468 [D] |:P:c:WD_3:wc.c:30	(at logger.py:129) 
2019-03-02 02:02:17,468 [D] └:P:c:WD_3:wc.c:29	(at logger.py:129) 
2019-03-02 02:02:17,468 [D]  : : :pass:wc.c:30	(at logger.py:129) 
2019-03-02 02:02:17,468 [D]  : : :pass:wc.c:29	(at logger.py:129) 
2019-03-02 02:02:17,495 [D] subprocess cmd: ['source compile.sh /home/bohrok/Documents/DM/output/orbs/wc/8/work'], stdout: b''	(at ex_script.py:45) 
2019-03-02 02:02:17,496 [D] -:F:n:WD_1:wc.c:28	(at logger.py:129) 
2019-03-02 02:02:17,509 [D] subprocess cmd: ['source compile.sh /home/bohrok/Documents/DM/output/orbs/wc/8/work'], stdout: b''	(at ex_script.py:45) 
2019-03-02 02:02:17,510 [D] ┌:F:n:WD_2:wc.c:28	(at logger.py:129) 
2019-03-02 02:02:17,510 [D] └:F:n:WD_2:wc.c:27	(at logger.py:129) 
2019-03-02 02:02:17,522 [D] subprocess cmd: ['source compile.sh /home/bohrok/Documents/DM/output/orbs/wc/8/work'], stdout: b''	(at ex_script.py:45) 
2019-03-02 02:02:17,523 [D] ┌:F:n:WD_3:wc.c:28	(at logger.py:129) 
2019-03-02 02:02:17,523 [D] |:F:n:WD_3:wc.c:27	(at logger.py:129) 
2019-03-02 02:02:17,523 [D] └:F:n:WD_3:wc.c:26	(at logger.py:129) 
2019-03-02 02:02:17,571 [D] -:P:n:WD_1:wc.c:27	(at logger.py:129) 
2019-03-02 02:02:17,620 [D] -:P:n:WD_1:wc.c:26	(at logger.py:129) 
2019-03-02 02:02:17,634 [D] subprocess cmd: ['source compile.sh /home/bohrok/Documents/DM/output/orbs/wc/8/work'], stdout: b''	(at ex_script.py:45) 
2019-03-02 02:02:17,634 [D] -:F:n:WD_1:wc.c:25	(at logger.py:129) 
2019-03-02 02:02:17,647 [D] subprocess cmd: ['source compile.sh /home/bohrok/Documents/DM/output/orbs/wc/8/work'], stdout: b''	(at ex_script.py:45) 
2019-03-02 02:02:17,647 [D] ┌:F:n:WD_2:wc.c:25	(at logger.py:129) 
2019-03-02 02:02:17,647 [D] └:F:n:WD_2:wc.c:24	(at logger.py:129) 
2019-03-02 02:02:17,661 [D] subprocess cmd: ['source compile.sh /home/bohrok/Documents/DM/output/orbs/wc/8/work'], stdout: b''	(at ex_script.py:45) 
2019-03-02 02:02:17,661 [D] ┌:F:n:WD_3:wc.c:25	(at logger.py:129) 
2019-03-02 02:02:17,661 [D] |:F:n:WD_3:wc.c:24	(at logger.py:129) 
2019-03-02 02:02:17,661 [D] └:F:n:WD_3:wc.c:23	(at logger.py:129) 
2019-03-02 02:02:17,694 [D] -:P:c:WD_1:wc.c:24	(at logger.py:129) 
2019-03-02 02:02:17,706 [D] subprocess cmd: ['source compile.sh /home/bohrok/Documents/DM/output/orbs/wc/8/work'], stdout: b''	(at ex_script.py:45) 
2019-03-02 02:02:17,707 [D] -:F:n:WD_1:wc.c:23	(at logger.py:129) 
2019-03-02 02:02:17,721 [D] subprocess cmd: ['source compile.sh /home/bohrok/Documents/DM/output/orbs/wc/8/work'], stdout: b''	(at ex_script.py:45) 
2019-03-02 02:02:17,721 [D] ┌:F:n:WD_2:wc.c:23	(at logger.py:129) 
2019-03-02 02:02:17,721 [D] └:F:n:WD_2:wc.c:22	(at logger.py:129) 
2019-03-02 02:02:17,772 [D] ┌:P:n:WD_3:wc.c:23	(at logger.py:129) 
2019-03-02 02:02:17,773 [D] |:P:n:WD_3:wc.c:22	(at logger.py:129) 
2019-03-02 02:02:17,773 [D] └:P:n:WD_3:wc.c:21	(at logger.py:129) 
2019-03-02 02:02:17,773 [D]  : : :pass:wc.c:22	(at logger.py:129) 
2019-03-02 02:02:17,773 [D]  : : :pass:wc.c:21	(at logger.py:129) 
2019-03-02 02:02:17,822 [D] -:C:n:WD_1:wc.c:20	(at logger.py:129) 
2019-03-02 02:02:17,872 [D] subprocess cmd: ['source execute.sh /home/bohrok/Documents/DM/output/orbs/wc/8/work'], stdout: b''	(at ex_script.py:45) 
2019-03-02 02:02:17,872 [D] ┌:C:n:WD_2:wc.c:20	(at logger.py:129) 
2019-03-02 02:02:17,872 [D] └:C:n:WD_2:wc.c:19	(at logger.py:129) 
2019-03-02 02:02:17,910 [D] ┌:C:c:WD_3:wc.c:20	(at logger.py:129) 
2019-03-02 02:02:17,910 [D] |:C:c:WD_3:wc.c:19	(at logger.py:129) 
2019-03-02 02:02:17,910 [D] └:C:c:WD_3:wc.c:18	(at logger.py:129) 
2019-03-02 02:02:17,955 [D] subprocess cmd: ['source execute.sh /home/bohrok/Documents/DM/output/orbs/wc/8/work'], stdout: b''	(at ex_script.py:45) 
2019-03-02 02:02:17,955 [D] -:C:n:WD_1:wc.c:19	(at logger.py:129) 
2019-03-02 02:02:17,990 [D] ┌:C:c:WD_2:wc.c:19	(at logger.py:129) 
2019-03-02 02:02:17,990 [D] └:C:c:WD_2:wc.c:18	(at logger.py:129) 
2019-03-02 02:02:18,004 [D] subprocess cmd: ['source compile.sh /home/bohrok/Documents/DM/output/orbs/wc/8/work'], stdout: b''	(at ex_script.py:45) 
2019-03-02 02:02:18,005 [D] ┌:F:n:WD_3:wc.c:19	(at logger.py:129) 
2019-03-02 02:02:18,005 [D] |:F:n:WD_3:wc.c:18	(at logger.py:129) 
2019-03-02 02:02:18,005 [D] └:F:n:WD_3:wc.c:17	(at logger.py:129) 
2019-03-02 02:02:18,039 [D] -:P:c:WD_1:wc.c:18	(at logger.py:129) 
2019-03-02 02:02:18,053 [D] subprocess cmd: ['source compile.sh /home/bohrok/Documents/DM/output/orbs/wc/8/work'], stdout: b''	(at ex_script.py:45) 
2019-03-02 02:02:18,053 [D] -:F:n:WD_1:wc.c:17	(at logger.py:129) 
2019-03-02 02:02:18,068 [D] subprocess cmd: ['source compile.sh /home/bohrok/Documents/DM/output/orbs/wc/8/work'], stdout: b''	(at ex_script.py:45) 
2019-03-02 02:02:18,069 [D] ┌:F:n:WD_2:wc.c:17	(at logger.py:129) 
2019-03-02 02:02:18,069 [D] └:F:n:WD_2:wc.c:16	(at logger.py:129) 
2019-03-02 02:02:18,083 [D] subprocess cmd: ['source compile.sh /home/bohrok/Documents/DM/output/orbs/wc/8/work'], stdout: b''	(at ex_script.py:45) 
2019-03-02 02:02:18,083 [D] ┌:F:n:WD_3:wc.c:17	(at logger.py:129) 
2019-03-02 02:02:18,083 [D] |:F:n:WD_3:wc.c:16	(at logger.py:129) 
2019-03-02 02:02:18,084 [D] └:F:n:WD_3:wc.c:15	(at logger.py:129) 
2019-03-02 02:02:18,132 [D] -:C:n:WD_1:wc.c:16	(at logger.py:129) 
2019-03-02 02:02:18,179 [D] ┌:C:n:WD_2:wc.c:16	(at logger.py:129) 
2019-03-02 02:02:18,179 [D] └:C:n:WD_2:wc.c:15	(at logger.py:129) 
2019-03-02 02:02:18,190 [D] subprocess cmd: ['source compile.sh /home/bohrok/Documents/DM/output/orbs/wc/8/work'], stdout: b''	(at ex_script.py:45) 
2019-03-02 02:02:18,191 [D] ┌:F:n:WD_3:wc.c:16	(at logger.py:129) 
2019-03-02 02:02:18,191 [D] |:F:n:WD_3:wc.c:15	(at logger.py:129) 
2019-03-02 02:02:18,191 [D] └:F:n:WD_3:wc.c:14	(at logger.py:129) 
2019-03-02 02:02:18,239 [D] -:C:n:WD_1:wc.c:15	(at logger.py:129) 
2019-03-02 02:02:18,255 [D] subprocess cmd: ['source compile.sh /home/bohrok/Documents/DM/output/orbs/wc/8/work'], stdout: b''	(at ex_script.py:45) 
2019-03-02 02:02:18,255 [D] ┌:F:n:WD_2:wc.c:15	(at logger.py:129) 
2019-03-02 02:02:18,255 [D] └:F:n:WD_2:wc.c:14	(at logger.py:129) 
2019-03-02 02:02:18,270 [D] subprocess cmd: ['source compile.sh /home/bohrok/Documents/DM/output/orbs/wc/8/work'], stdout: b''	(at ex_script.py:45) 
2019-03-02 02:02:18,270 [D] ┌:F:n:WD_3:wc.c:15	(at logger.py:129) 
2019-03-02 02:02:18,270 [D] |:F:n:WD_3:wc.c:14	(at logger.py:129) 
2019-03-02 02:02:18,270 [D] └:F:n:WD_3:wc.c:13	(at logger.py:129) 
2019-03-02 02:02:18,284 [D] subprocess cmd: ['source compile.sh /home/bohrok/Documents/DM/output/orbs/wc/8/work'], stdout: b''	(at ex_script.py:45) 
2019-03-02 02:02:18,284 [D] -:F:n:WD_1:wc.c:14	(at logger.py:129) 
2019-03-02 02:02:18,297 [D] subprocess cmd: ['source compile.sh /home/bohrok/Documents/DM/output/orbs/wc/8/work'], stdout: b''	(at ex_script.py:45) 
2019-03-02 02:02:18,297 [D] ┌:F:n:WD_2:wc.c:14	(at logger.py:129) 
2019-03-02 02:02:18,297 [D] └:F:n:WD_2:wc.c:13	(at logger.py:129) 
2019-03-02 02:02:18,310 [D] subprocess cmd: ['source compile.sh /home/bohrok/Documents/DM/output/orbs/wc/8/work'], stdout: b''	(at ex_script.py:45) 
2019-03-02 02:02:18,310 [D] ┌:F:n:WD_3:wc.c:14	(at logger.py:129) 
2019-03-02 02:02:18,310 [D] |:F:n:WD_3:wc.c:13	(at logger.py:129) 
2019-03-02 02:02:18,311 [D] └:F:n:WD_3:wc.c:12	(at logger.py:129) 
2019-03-02 02:02:18,357 [D] subprocess cmd: ['source execute.sh /home/bohrok/Documents/DM/output/orbs/wc/8/work'], stdout: b''	(at ex_script.py:45) 
2019-03-02 02:02:18,357 [D] -:C:n:WD_1:wc.c:13	(at logger.py:129) 
2019-03-02 02:02:18,406 [D] subprocess cmd: ['source execute.sh /home/bohrok/Documents/DM/output/orbs/wc/8/work'], stdout: b''	(at ex_script.py:45) 
2019-03-02 02:02:18,406 [D] ┌:C:n:WD_2:wc.c:13	(at logger.py:129) 
2019-03-02 02:02:18,406 [D] └:C:n:WD_2:wc.c:12	(at logger.py:129) 
2019-03-02 02:02:18,454 [D] subprocess cmd: ['source execute.sh /home/bohrok/Documents/DM/output/orbs/wc/8/work'], stdout: b''	(at ex_script.py:45) 
2019-03-02 02:02:18,455 [D] ┌:C:n:WD_3:wc.c:13	(at logger.py:129) 
2019-03-02 02:02:18,455 [D] |:C:n:WD_3:wc.c:12	(at logger.py:129) 
2019-03-02 02:02:18,455 [D] └:C:n:WD_3:wc.c:11	(at logger.py:129) 
2019-03-02 02:02:18,505 [D] -:C:n:WD_1:wc.c:12	(at logger.py:129) 
2019-03-02 02:02:18,554 [D] ┌:C:n:WD_2:wc.c:12	(at logger.py:129) 
2019-03-02 02:02:18,554 [D] └:C:n:WD_2:wc.c:11	(at logger.py:129) 
2019-03-02 02:02:18,598 [D] ┌:C:n:WD_3:wc.c:12	(at logger.py:129) 
2019-03-02 02:02:18,598 [D] |:C:n:WD_3:wc.c:11	(at logger.py:129) 
2019-03-02 02:02:18,598 [D] └:C:n:WD_3:wc.c:10	(at logger.py:129) 
2019-03-02 02:02:18,631 [D] -:C:c:WD_1:wc.c:11	(at logger.py:129) 
2019-03-02 02:02:18,679 [D] ┌:C:n:WD_2:wc.c:11	(at logger.py:129) 
2019-03-02 02:02:18,679 [D] └:C:n:WD_2:wc.c:10	(at logger.py:129) 
2019-03-02 02:02:18,692 [D] subprocess cmd: ['source compile.sh /home/bohrok/Documents/DM/output/orbs/wc/8/work'], stdout: b''	(at ex_script.py:45) 
2019-03-02 02:02:18,692 [D] ┌:F:n:WD_3:wc.c:11	(at logger.py:129) 
2019-03-02 02:02:18,693 [D] |:F:n:WD_3:wc.c:10	(at logger.py:129) 
2019-03-02 02:02:18,693 [D] └:F:n:WD_3:wc.c:9	(at logger.py:129) 
2019-03-02 02:02:18,739 [D] -:P:n:WD_1:wc.c:10	(at logger.py:129) 
2019-03-02 02:02:18,753 [D] subprocess cmd: ['source compile.sh /home/bohrok/Documents/DM/output/orbs/wc/8/work'], stdout: b''	(at ex_script.py:45) 
2019-03-02 02:02:18,753 [D] -:F:n:WD_1:wc.c:9	(at logger.py:129) 
2019-03-02 02:02:18,766 [D] subprocess cmd: ['source compile.sh /home/bohrok/Documents/DM/output/orbs/wc/8/work'], stdout: b''	(at ex_script.py:45) 
2019-03-02 02:02:18,767 [D] ┌:F:n:WD_2:wc.c:9	(at logger.py:129) 
2019-03-02 02:02:18,767 [D] └:F:n:WD_2:wc.c:8	(at logger.py:129) 
2019-03-02 02:02:18,779 [D] subprocess cmd: ['source compile.sh /home/bohrok/Documents/DM/output/orbs/wc/8/work'], stdout: b''	(at ex_script.py:45) 
2019-03-02 02:02:18,780 [D] ┌:F:n:WD_3:wc.c:9	(at logger.py:129) 
2019-03-02 02:02:18,780 [D] |:F:n:WD_3:wc.c:8	(at logger.py:129) 
2019-03-02 02:02:18,780 [D] └:F:n:WD_3:wc.c:7	(at logger.py:129) 
2019-03-02 02:02:18,792 [D] subprocess cmd: ['source compile.sh /home/bohrok/Documents/DM/output/orbs/wc/8/work'], stdout: b''	(at ex_script.py:45) 
2019-03-02 02:02:18,792 [D] -:F:n:WD_1:wc.c:8	(at logger.py:129) 
2019-03-02 02:02:18,807 [D] subprocess cmd: ['source compile.sh /home/bohrok/Documents/DM/output/orbs/wc/8/work'], stdout: b''	(at ex_script.py:45) 
2019-03-02 02:02:18,807 [D] ┌:F:n:WD_2:wc.c:8	(at logger.py:129) 
2019-03-02 02:02:18,807 [D] └:F:n:WD_2:wc.c:7	(at logger.py:129) 
2019-03-02 02:02:18,822 [D] subprocess cmd: ['source compile.sh /home/bohrok/Documents/DM/output/orbs/wc/8/work'], stdout: b''	(at ex_script.py:45) 
2019-03-02 02:02:18,823 [D] ┌:F:n:WD_3:wc.c:8	(at logger.py:129) 
2019-03-02 02:02:18,823 [D] |:F:n:WD_3:wc.c:7	(at logger.py:129) 
2019-03-02 02:02:18,823 [D] └:F:n:WD_3:wc.c:6	(at logger.py:129) 
2019-03-02 02:02:18,838 [D] subprocess cmd: ['source compile.sh /home/bohrok/Documents/DM/output/orbs/wc/8/work'], stdout: b''	(at ex_script.py:45) 
2019-03-02 02:02:18,839 [D] -:F:n:WD_1:wc.c:7	(at logger.py:129) 
2019-03-02 02:02:18,853 [D] subprocess cmd: ['source compile.sh /home/bohrok/Documents/DM/output/orbs/wc/8/work'], stdout: b''	(at ex_script.py:45) 
2019-03-02 02:02:18,854 [D] ┌:F:n:WD_2:wc.c:7	(at logger.py:129) 
2019-03-02 02:02:18,854 [D] └:F:n:WD_2:wc.c:6	(at logger.py:129) 
2019-03-02 02:02:18,867 [D] subprocess cmd: ['source compile.sh /home/bohrok/Documents/DM/output/orbs/wc/8/work'], stdout: b''	(at ex_script.py:45) 
2019-03-02 02:02:18,867 [D] ┌:F:n:WD_3:wc.c:7	(at logger.py:129) 
2019-03-02 02:02:18,868 [D] |:F:n:WD_3:wc.c:6	(at logger.py:129) 
2019-03-02 02:02:18,868 [D] └:F:n:WD_3:wc.c:5	(at logger.py:129) 
2019-03-02 02:02:18,880 [D] subprocess cmd: ['source compile.sh /home/bohrok/Documents/DM/output/orbs/wc/8/work'], stdout: b''	(at ex_script.py:45) 
2019-03-02 02:02:18,881 [D] -:F:n:WD_1:wc.c:6	(at logger.py:129) 
2019-03-02 02:02:18,894 [D] subprocess cmd: ['source compile.sh /home/bohrok/Documents/DM/output/orbs/wc/8/work'], stdout: b''	(at ex_script.py:45) 
2019-03-02 02:02:18,894 [D] ┌:F:n:WD_2:wc.c:6	(at logger.py:129) 
2019-03-02 02:02:18,894 [D] └:F:n:WD_2:wc.c:5	(at logger.py:129) 
2019-03-02 02:02:18,907 [D] subprocess cmd: ['source compile.sh /home/bohrok/Documents/DM/output/orbs/wc/8/work'], stdout: b''	(at ex_script.py:45) 
2019-03-02 02:02:18,907 [D] ┌:F:n:WD_3:wc.c:6	(at logger.py:129) 
2019-03-02 02:02:18,907 [D] |:F:n:WD_3:wc.c:5	(at logger.py:129) 
2019-03-02 02:02:18,907 [D] └:F:n:WD_3:wc.c:4	(at logger.py:129) 
2019-03-02 02:02:18,922 [D] subprocess cmd: ['source compile.sh /home/bohrok/Documents/DM/output/orbs/wc/8/work'], stdout: b''	(at ex_script.py:45) 
2019-03-02 02:02:18,923 [D] -:F:n:WD_1:wc.c:5	(at logger.py:129) 
2019-03-02 02:02:18,938 [D] subprocess cmd: ['source compile.sh /home/bohrok/Documents/DM/output/orbs/wc/8/work'], stdout: b''	(at ex_script.py:45) 
2019-03-02 02:02:18,938 [D] ┌:F:n:WD_2:wc.c:5	(at logger.py:129) 
2019-03-02 02:02:18,938 [D] └:F:n:WD_2:wc.c:4	(at logger.py:129) 
2019-03-02 02:02:18,953 [D] subprocess cmd: ['source compile.sh /home/bohrok/Documents/DM/output/orbs/wc/8/work'], stdout: b''	(at ex_script.py:45) 
2019-03-02 02:02:18,953 [D] ┌:F:n:WD_3:wc.c:5	(at logger.py:129) 
2019-03-02 02:02:18,953 [D] |:F:n:WD_3:wc.c:4	(at logger.py:129) 
2019-03-02 02:02:18,953 [D] └:F:n:WD_3:wc.c:3	(at logger.py:129) 
2019-03-02 02:02:18,968 [D] subprocess cmd: ['source compile.sh /home/bohrok/Documents/DM/output/orbs/wc/8/work'], stdout: b''	(at ex_script.py:45) 
2019-03-02 02:02:18,968 [D] -:F:n:WD_1:wc.c:4	(at logger.py:129) 
2019-03-02 02:02:18,983 [D] subprocess cmd: ['source compile.sh /home/bohrok/Documents/DM/output/orbs/wc/8/work'], stdout: b''	(at ex_script.py:45) 
2019-03-02 02:02:18,983 [D] ┌:F:n:WD_2:wc.c:4	(at logger.py:129) 
2019-03-02 02:02:18,983 [D] └:F:n:WD_2:wc.c:3	(at logger.py:129) 
2019-03-02 02:02:18,999 [D] subprocess cmd: ['source compile.sh /home/bohrok/Documents/DM/output/orbs/wc/8/work'], stdout: b''	(at ex_script.py:45) 
2019-03-02 02:02:18,999 [D] ┌:F:n:WD_3:wc.c:4	(at logger.py:129) 
2019-03-02 02:02:18,999 [D] |:F:n:WD_3:wc.c:3	(at logger.py:129) 
2019-03-02 02:02:18,999 [D] └:F:n:WD_3:wc.c:2	(at logger.py:129) 
2019-03-02 02:02:19,013 [D] subprocess cmd: ['source compile.sh /home/bohrok/Documents/DM/output/orbs/wc/8/work'], stdout: b''	(at ex_script.py:45) 
2019-03-02 02:02:19,013 [D] -:F:n:WD_1:wc.c:3	(at logger.py:129) 
2019-03-02 02:02:19,027 [D] subprocess cmd: ['source compile.sh /home/bohrok/Documents/DM/output/orbs/wc/8/work'], stdout: b''	(at ex_script.py:45) 
2019-03-02 02:02:19,027 [D] ┌:F:n:WD_2:wc.c:3	(at logger.py:129) 
2019-03-02 02:02:19,027 [D] └:F:n:WD_2:wc.c:2	(at logger.py:129) 
2019-03-02 02:02:19,038 [D] subprocess cmd: ['source compile.sh /home/bohrok/Documents/DM/output/orbs/wc/8/work'], stdout: b''	(at ex_script.py:45) 
2019-03-02 02:02:19,039 [D] ┌:F:n:WD_3:wc.c:3	(at logger.py:129) 
2019-03-02 02:02:19,039 [D] |:F:n:WD_3:wc.c:2	(at logger.py:129) 
2019-03-02 02:02:19,039 [D] └:F:n:WD_3:wc.c:1	(at logger.py:129) 
2019-03-02 02:02:19,075 [D] -:P:c:WD_1:wc.c:2	(at logger.py:129) 
2019-03-02 02:02:19,123 [D] -:P:n:WD_1:wc.c:1	(at logger.py:129) 
2019-03-02 02:02:19,123 [D] comp_cached_cnt:0	(at logger.py:134) 
2019-03-02 02:02:19,123 [D] compile_cnt:100	(at logger.py:134) 
2019-03-02 02:02:19,123 [D] execute_cnt:22	(at logger.py:134) 
2019-03-02 02:02:19,123 [D] fail_del_cnt:16	(at logger.py:134) 
2019-03-02 02:02:19,123 [D] iter_idx:1	(at logger.py:134) 
2019-03-02 02:02:19,123 [D] reuse_cnt:9	(at logger.py:134) 
2019-03-02 02:02:19,123 [D] succ_del_cnt:15	(at logger.py:134) 
2019-03-02 02:02:19,123 [D] time:2.4326751232147217	(at logger.py:134) 
2019-03-02 02:02:19,123 [D] deletion:22	(at logger.py:136) 
2019-03-02 02:02:19,124 [I] Iteration 1 finished	(at orbs.py:87) 
2019-03-02 02:02:19,136 [D] subprocess cmd: ['source compile.sh /home/bohrok/Documents/DM/output/orbs/wc/8/work'], stdout: b''	(at ex_script.py:45) 
2019-03-02 02:02:19,136 [D] -:F:n:WD_1:wc.c:48	(at logger.py:129) 
2019-03-02 02:02:19,148 [D] subprocess cmd: ['source compile.sh /home/bohrok/Documents/DM/output/orbs/wc/8/work'], stdout: b''	(at ex_script.py:45) 
2019-03-02 02:02:19,148 [D] ┌:F:n:WD_2:wc.c:48	(at logger.py:129) 
2019-03-02 02:02:19,148 [D] └:F:n:WD_2:wc.c:47	(at logger.py:129) 
2019-03-02 02:02:19,158 [D] subprocess cmd: ['source compile.sh /home/bohrok/Documents/DM/output/orbs/wc/8/work'], stdout: b''	(at ex_script.py:45) 
2019-03-02 02:02:19,158 [D] ┌:F:n:WD_3:wc.c:48	(at logger.py:129) 
2019-03-02 02:02:19,158 [D] |:F:n:WD_3:wc.c:47	(at logger.py:129) 
2019-03-02 02:02:19,158 [D] └:F:n:WD_3:wc.c:41	(at logger.py:129) 
2019-03-02 02:02:19,171 [D] subprocess cmd: ['source compile.sh /home/bohrok/Documents/DM/output/orbs/wc/8/work'], stdout: b''	(at ex_script.py:45) 
2019-03-02 02:02:19,171 [D] -:F:n:WD_1:wc.c:47	(at logger.py:129) 
2019-03-02 02:02:19,202 [D] ┌:P:c:WD_2:wc.c:47	(at logger.py:129) 
2019-03-02 02:02:19,202 [D] └:P:c:WD_2:wc.c:41	(at logger.py:129) 
2019-03-02 02:02:19,202 [D]  : : :pass:wc.c:46	(at logger.py:129) 
2019-03-02 02:02:19,202 [D]  : : :pass:wc.c:45	(at logger.py:129) 
2019-03-02 02:02:19,202 [D]  : : :pass:wc.c:44	(at logger.py:129) 
2019-03-02 02:02:19,203 [D]  : : :pass:wc.c:43	(at logger.py:129) 
2019-03-02 02:02:19,203 [D]  : : :pass:wc.c:42	(at logger.py:129) 
2019-03-02 02:02:19,203 [D]  : : :pass:wc.c:41	(at logger.py:129) 
2019-03-02 02:02:19,203 [D]  : : :pass:wc.c:40	(at logger.py:129) 
2019-03-02 02:02:19,203 [D]  : : :pass:wc.c:39	(at logger.py:129) 
2019-03-02 02:02:19,203 [D]  : : :pass:wc.c:38	(at logger.py:129) 
2019-03-02 02:02:19,214 [D] subprocess cmd: ['source compile.sh /home/bohrok/Documents/DM/output/orbs/wc/8/work'], stdout: b''	(at ex_script.py:45) 
2019-03-02 02:02:19,214 [D] -:F:n:WD_1:wc.c:37	(at logger.py:129) 
2019-03-02 02:02:19,223 [D] subprocess cmd: ['source compile.sh /home/bohrok/Documents/DM/output/orbs/wc/8/work'], stdout: b''	(at ex_script.py:45) 
2019-03-02 02:02:19,223 [D] ┌:F:n:WD_2:wc.c:37	(at logger.py:129) 
2019-03-02 02:02:19,223 [D] └:F:n:WD_2:wc.c:36	(at logger.py:129) 
2019-03-02 02:02:19,270 [D] ┌:P:n:WD_3:wc.c:37	(at logger.py:129) 
2019-03-02 02:02:19,270 [D] |:P:n:WD_3:wc.c:36	(at logger.py:129) 
2019-03-02 02:02:19,270 [D] └:P:n:WD_3:wc.c:35	(at logger.py:129) 
2019-03-02 02:02:19,270 [D]  : : :pass:wc.c:36	(at logger.py:129) 
2019-03-02 02:02:19,270 [D]  : : :pass:wc.c:35	(at logger.py:129) 
2019-03-02 02:02:19,282 [D] subprocess cmd: ['source compile.sh /home/bohrok/Documents/DM/output/orbs/wc/8/work'], stdout: b''	(at ex_script.py:45) 
2019-03-02 02:02:19,282 [D] -:F:n:WD_1:wc.c:34	(at logger.py:129) 
2019-03-02 02:02:19,293 [D] subprocess cmd: ['source compile.sh /home/bohrok/Documents/DM/output/orbs/wc/8/work'], stdout: b''	(at ex_script.py:45) 
2019-03-02 02:02:19,293 [D] ┌:F:n:WD_2:wc.c:34	(at logger.py:129) 
2019-03-02 02:02:19,293 [D] └:F:n:WD_2:wc.c:33	(at logger.py:129) 
2019-03-02 02:02:19,305 [D] subprocess cmd: ['source compile.sh /home/bohrok/Documents/DM/output/orbs/wc/8/work'], stdout: b''	(at ex_script.py:45) 
2019-03-02 02:02:19,305 [D] ┌:F:n:WD_3:wc.c:34	(at logger.py:129) 
2019-03-02 02:02:19,305 [D] |:F:n:WD_3:wc.c:33	(at logger.py:129) 
2019-03-02 02:02:19,305 [D] └:F:n:WD_3:wc.c:28	(at logger.py:129) 
2019-03-02 02:02:19,316 [D] subprocess cmd: ['source compile.sh /home/bohrok/Documents/DM/output/orbs/wc/8/work'], stdout: b''	(at ex_script.py:45) 
2019-03-02 02:02:19,316 [D] -:F:n:WD_1:wc.c:33	(at logger.py:129) 
2019-03-02 02:02:19,327 [D] subprocess cmd: ['source compile.sh /home/bohrok/Documents/DM/output/orbs/wc/8/work'], stdout: b''	(at ex_script.py:45) 
2019-03-02 02:02:19,327 [D] ┌:F:n:WD_2:wc.c:33	(at logger.py:129) 
2019-03-02 02:02:19,327 [D] └:F:n:WD_2:wc.c:28	(at logger.py:129) 
2019-03-02 02:02:19,338 [D] subprocess cmd: ['source compile.sh /home/bohrok/Documents/DM/output/orbs/wc/8/work'], stdout: b''	(at ex_script.py:45) 
2019-03-02 02:02:19,338 [D] ┌:F:n:WD_3:wc.c:33	(at logger.py:129) 
2019-03-02 02:02:19,338 [D] |:F:n:WD_3:wc.c:28	(at logger.py:129) 
2019-03-02 02:02:19,338 [D] └:F:n:WD_3:wc.c:25	(at logger.py:129) 
2019-03-02 02:02:19,338 [D]  : : :pass:wc.c:32	(at logger.py:129) 
2019-03-02 02:02:19,338 [D]  : : :pass:wc.c:31	(at logger.py:129) 
2019-03-02 02:02:19,338 [D]  : : :pass:wc.c:30	(at logger.py:129) 
2019-03-02 02:02:19,338 [D]  : : :pass:wc.c:29	(at logger.py:129) 
2019-03-02 02:02:19,351 [D] subprocess cmd: ['source compile.sh /home/bohrok/Documents/DM/output/orbs/wc/8/work'], stdout: b''	(at ex_script.py:45) 
2019-03-02 02:02:19,351 [D] -:F:n:WD_1:wc.c:28	(at logger.py:129) 
2019-03-02 02:02:19,382 [D] ┌:P:c:WD_2:wc.c:28	(at logger.py:129) 
2019-03-02 02:02:19,382 [D] └:P:c:WD_2:wc.c:25	(at logger.py:129) 
2019-03-02 02:02:19,383 [D]  : : :pass:wc.c:27	(at logger.py:129) 
2019-03-02 02:02:19,383 [D]  : : :pass:wc.c:26	(at logger.py:129) 
2019-03-02 02:02:19,383 [D]  : : :pass:wc.c:25	(at logger.py:129) 
2019-03-02 02:02:19,383 [D]  : : :pass:wc.c:24	(at logger.py:129) 
2019-03-02 02:02:19,383 [D]  : : :pass:wc.c:23	(at logger.py:129) 
2019-03-02 02:02:19,383 [D]  : : :pass:wc.c:22	(at logger.py:129) 
2019-03-02 02:02:19,383 [D]  : : :pass:wc.c:21	(at logger.py:129) 
2019-03-02 02:02:19,425 [D] -:C:n:WD_1:wc.c:20	(at logger.py:129) 
2019-03-02 02:02:19,472 [D] subprocess cmd: ['source execute.sh /home/bohrok/Documents/DM/output/orbs/wc/8/work'], stdout: b''	(at ex_script.py:45) 
2019-03-02 02:02:19,472 [D] ┌:C:n:WD_2:wc.c:20	(at logger.py:129) 
2019-03-02 02:02:19,472 [D] └:C:n:WD_2:wc.c:19	(at logger.py:129) 
2019-03-02 02:02:19,485 [D] subprocess cmd: ['source compile.sh /home/bohrok/Documents/DM/output/orbs/wc/8/work'], stdout: b''	(at ex_script.py:45) 
2019-03-02 02:02:19,485 [D] ┌:F:n:WD_3:wc.c:20	(at logger.py:129) 
2019-03-02 02:02:19,485 [D] |:F:n:WD_3:wc.c:19	(at logger.py:129) 
2019-03-02 02:02:19,485 [D] └:F:n:WD_3:wc.c:17	(at logger.py:129) 
2019-03-02 02:02:19,529 [D] subprocess cmd: ['source execute.sh /home/bohrok/Documents/DM/output/orbs/wc/8/work'], stdout: b''	(at ex_script.py:45) 
2019-03-02 02:02:19,530 [D] -:C:n:WD_1:wc.c:19	(at logger.py:129) 
2019-03-02 02:02:19,539 [D] subprocess cmd: ['source compile.sh /home/bohrok/Documents/DM/output/orbs/wc/8/work'], stdout: b''	(at ex_script.py:45) 
2019-03-02 02:02:19,540 [D] ┌:F:n:WD_2:wc.c:19	(at logger.py:129) 
2019-03-02 02:02:19,540 [D] └:F:n:WD_2:wc.c:17	(at logger.py:129) 
2019-03-02 02:02:19,552 [D] subprocess cmd: ['source compile.sh /home/bohrok/Documents/DM/output/orbs/wc/8/work'], stdout: b''	(at ex_script.py:45) 
2019-03-02 02:02:19,552 [D] ┌:F:n:WD_3:wc.c:19	(at logger.py:129) 
2019-03-02 02:02:19,553 [D] |:F:n:WD_3:wc.c:17	(at logger.py:129) 
2019-03-02 02:02:19,553 [D] └:F:n:WD_3:wc.c:16	(at logger.py:129) 
2019-03-02 02:02:19,553 [D]  : : :pass:wc.c:18	(at logger.py:129) 
2019-03-02 02:02:19,565 [D] subprocess cmd: ['source compile.sh /home/bohrok/Documents/DM/output/orbs/wc/8/work'], stdout: b''	(at ex_script.py:45) 
2019-03-02 02:02:19,565 [D] -:F:n:WD_1:wc.c:17	(at logger.py:129) 
2019-03-02 02:02:19,574 [D] subprocess cmd: ['source compile.sh /home/bohrok/Documents/DM/output/orbs/wc/8/work'], stdout: b''	(at ex_script.py:45) 
2019-03-02 02:02:19,575 [D] ┌:F:n:WD_2:wc.c:17	(at logger.py:129) 
2019-03-02 02:02:19,575 [D] └:F:n:WD_2:wc.c:16	(at logger.py:129) 
2019-03-02 02:02:19,587 [D] subprocess cmd: ['source compile.sh /home/bohrok/Documents/DM/output/orbs/wc/8/work'], stdout: b''	(at ex_script.py:45) 
2019-03-02 02:02:19,587 [D] ┌:F:n:WD_3:wc.c:17	(at logger.py:129) 
2019-03-02 02:02:19,587 [D] |:F:n:WD_3:wc.c:16	(at logger.py:129) 
2019-03-02 02:02:19,587 [D] └:F:n:WD_3:wc.c:15	(at logger.py:129) 
2019-03-02 02:02:19,633 [D] -:C:n:WD_1:wc.c:16	(at logger.py:129) 
2019-03-02 02:02:19,678 [D] ┌:C:n:WD_2:wc.c:16	(at logger.py:129) 
2019-03-02 02:02:19,678 [D] └:C:n:WD_2:wc.c:15	(at logger.py:129) 
2019-03-02 02:02:19,690 [D] subprocess cmd: ['source compile.sh /home/bohrok/Documents/DM/output/orbs/wc/8/work'], stdout: b''	(at ex_script.py:45) 
2019-03-02 02:02:19,690 [D] ┌:F:n:WD_3:wc.c:16	(at logger.py:129) 
2019-03-02 02:02:19,690 [D] |:F:n:WD_3:wc.c:15	(at logger.py:129) 
2019-03-02 02:02:19,690 [D] └:F:n:WD_3:wc.c:14	(at logger.py:129) 
2019-03-02 02:02:19,740 [D] -:P:n:WD_1:wc.c:15	(at logger.py:129) 
2019-03-02 02:02:19,753 [D] subprocess cmd: ['source compile.sh /home/bohrok/Documents/DM/output/orbs/wc/8/work'], stdout: b''	(at ex_script.py:45) 
2019-03-02 02:02:19,753 [D] -:F:n:WD_1:wc.c:14	(at logger.py:129) 
2019-03-02 02:02:19,764 [D] subprocess cmd: ['source compile.sh /home/bohrok/Documents/DM/output/orbs/wc/8/work'], stdout: b''	(at ex_script.py:45) 
2019-03-02 02:02:19,764 [D] ┌:F:n:WD_2:wc.c:14	(at logger.py:129) 
2019-03-02 02:02:19,764 [D] └:F:n:WD_2:wc.c:13	(at logger.py:129) 
2019-03-02 02:02:19,774 [D] subprocess cmd: ['source compile.sh /home/bohrok/Documents/DM/output/orbs/wc/8/work'], stdout: b''	(at ex_script.py:45) 
2019-03-02 02:02:19,775 [D] ┌:F:n:WD_3:wc.c:14	(at logger.py:129) 
2019-03-02 02:02:19,775 [D] |:F:n:WD_3:wc.c:13	(at logger.py:129) 
2019-03-02 02:02:19,775 [D] └:F:n:WD_3:wc.c:12	(at logger.py:129) 
2019-03-02 02:02:19,823 [D] subprocess cmd: ['source execute.sh /home/bohrok/Documents/DM/output/orbs/wc/8/work'], stdout: b''	(at ex_script.py:45) 
2019-03-02 02:02:19,823 [D] -:C:n:WD_1:wc.c:13	(at logger.py:129) 
2019-03-02 02:02:19,868 [D] subprocess cmd: ['source execute.sh /home/bohrok/Documents/DM/output/orbs/wc/8/work'], stdout: b''	(at ex_script.py:45) 
2019-03-02 02:02:19,869 [D] ┌:C:n:WD_2:wc.c:13	(at logger.py:129) 
2019-03-02 02:02:19,869 [D] └:C:n:WD_2:wc.c:12	(at logger.py:129) 
2019-03-02 02:02:19,911 [D] subprocess cmd: ['source execute.sh /home/bohrok/Documents/DM/output/orbs/wc/8/work'], stdout: b''	(at ex_script.py:45) 
2019-03-02 02:02:19,911 [D] ┌:C:n:WD_3:wc.c:13	(at logger.py:129) 
2019-03-02 02:02:19,911 [D] |:C:n:WD_3:wc.c:12	(at logger.py:129) 
2019-03-02 02:02:19,912 [D] └:C:n:WD_3:wc.c:11	(at logger.py:129) 
2019-03-02 02:02:19,957 [D] -:C:n:WD_1:wc.c:12	(at logger.py:129) 
2019-03-02 02:02:20,003 [D] ┌:C:n:WD_2:wc.c:12	(at logger.py:129) 
2019-03-02 02:02:20,003 [D] └:C:n:WD_2:wc.c:11	(at logger.py:129) 
2019-03-02 02:02:20,014 [D] subprocess cmd: ['source compile.sh /home/bohrok/Documents/DM/output/orbs/wc/8/work'], stdout: b''	(at ex_script.py:45) 
2019-03-02 02:02:20,014 [D] ┌:F:n:WD_3:wc.c:12	(at logger.py:129) 
2019-03-02 02:02:20,015 [D] |:F:n:WD_3:wc.c:11	(at logger.py:129) 
2019-03-02 02:02:20,015 [D] └:F:n:WD_3:wc.c:9	(at logger.py:129) 
2019-03-02 02:02:20,045 [D] -:C:c:WD_1:wc.c:11	(at logger.py:129) 
2019-03-02 02:02:20,056 [D] subprocess cmd: ['source compile.sh /home/bohrok/Documents/DM/output/orbs/wc/8/work'], stdout: b''	(at ex_script.py:45) 
2019-03-02 02:02:20,056 [D] ┌:F:n:WD_2:wc.c:11	(at logger.py:129) 
2019-03-02 02:02:20,056 [D] └:F:n:WD_2:wc.c:9	(at logger.py:129) 
2019-03-02 02:02:20,070 [D] subprocess cmd: ['source compile.sh /home/bohrok/Documents/DM/output/orbs/wc/8/work'], stdout: b''	(at ex_script.py:45) 
2019-03-02 02:02:20,070 [D] ┌:F:n:WD_3:wc.c:11	(at logger.py:129) 
2019-03-02 02:02:20,071 [D] |:F:n:WD_3:wc.c:9	(at logger.py:129) 
2019-03-02 02:02:20,071 [D] └:F:n:WD_3:wc.c:8	(at logger.py:129) 
2019-03-02 02:02:20,071 [D]  : : :pass:wc.c:10	(at logger.py:129) 
2019-03-02 02:02:20,083 [D] subprocess cmd: ['source compile.sh /home/bohrok/Documents/DM/output/orbs/wc/8/work'], stdout: b''	(at ex_script.py:45) 
2019-03-02 02:02:20,083 [D] -:F:n:WD_1:wc.c:9	(at logger.py:129) 
2019-03-02 02:02:20,094 [D] subprocess cmd: ['source compile.sh /home/bohrok/Documents/DM/output/orbs/wc/8/work'], stdout: b''	(at ex_script.py:45) 
2019-03-02 02:02:20,094 [D] ┌:F:n:WD_2:wc.c:9	(at logger.py:129) 
2019-03-02 02:02:20,094 [D] └:F:n:WD_2:wc.c:8	(at logger.py:129) 
2019-03-02 02:02:20,106 [D] subprocess cmd: ['source compile.sh /home/bohrok/Documents/DM/output/orbs/wc/8/work'], stdout: b''	(at ex_script.py:45) 
2019-03-02 02:02:20,106 [D] ┌:F:n:WD_3:wc.c:9	(at logger.py:129) 
2019-03-02 02:02:20,106 [D] |:F:n:WD_3:wc.c:8	(at logger.py:129) 
2019-03-02 02:02:20,106 [D] └:F:n:WD_3:wc.c:7	(at logger.py:129) 
2019-03-02 02:02:20,119 [D] subprocess cmd: ['source compile.sh /home/bohrok/Documents/DM/output/orbs/wc/8/work'], stdout: b''	(at ex_script.py:45) 
2019-03-02 02:02:20,119 [D] -:F:n:WD_1:wc.c:8	(at logger.py:129) 
2019-03-02 02:02:20,131 [D] subprocess cmd: ['source compile.sh /home/bohrok/Documents/DM/output/orbs/wc/8/work'], stdout: b''	(at ex_script.py:45) 
2019-03-02 02:02:20,132 [D] ┌:F:n:WD_2:wc.c:8	(at logger.py:129) 
2019-03-02 02:02:20,132 [D] └:F:n:WD_2:wc.c:7	(at logger.py:129) 
2019-03-02 02:02:20,143 [D] subprocess cmd: ['source compile.sh /home/bohrok/Documents/DM/output/orbs/wc/8/work'], stdout: b''	(at ex_script.py:45) 
2019-03-02 02:02:20,143 [D] ┌:F:n:WD_3:wc.c:8	(at logger.py:129) 
2019-03-02 02:02:20,143 [D] |:F:n:WD_3:wc.c:7	(at logger.py:129) 
2019-03-02 02:02:20,143 [D] └:F:n:WD_3:wc.c:6	(at logger.py:129) 
2019-03-02 02:02:20,156 [D] subprocess cmd: ['source compile.sh /home/bohrok/Documents/DM/output/orbs/wc/8/work'], stdout: b''	(at ex_script.py:45) 
2019-03-02 02:02:20,156 [D] -:F:n:WD_1:wc.c:7	(at logger.py:129) 
2019-03-02 02:02:20,170 [D] subprocess cmd: ['source compile.sh /home/bohrok/Documents/DM/output/orbs/wc/8/work'], stdout: b''	(at ex_script.py:45) 
2019-03-02 02:02:20,170 [D] ┌:F:n:WD_2:wc.c:7	(at logger.py:129) 
2019-03-02 02:02:20,171 [D] └:F:n:WD_2:wc.c:6	(at logger.py:129) 
2019-03-02 02:02:20,182 [D] subprocess cmd: ['source compile.sh /home/bohrok/Documents/DM/output/orbs/wc/8/work'], stdout: b''	(at ex_script.py:45) 
2019-03-02 02:02:20,182 [D] ┌:F:n:WD_3:wc.c:7	(at logger.py:129) 
2019-03-02 02:02:20,182 [D] |:F:n:WD_3:wc.c:6	(at logger.py:129) 
2019-03-02 02:02:20,182 [D] └:F:n:WD_3:wc.c:5	(at logger.py:129) 
2019-03-02 02:02:20,191 [D] subprocess cmd: ['source compile.sh /home/bohrok/Documents/DM/output/orbs/wc/8/work'], stdout: b''	(at ex_script.py:45) 
2019-03-02 02:02:20,192 [D] -:F:n:WD_1:wc.c:6	(at logger.py:129) 
2019-03-02 02:02:20,205 [D] subprocess cmd: ['source compile.sh /home/bohrok/Documents/DM/output/orbs/wc/8/work'], stdout: b''	(at ex_script.py:45) 
2019-03-02 02:02:20,205 [D] ┌:F:n:WD_2:wc.c:6	(at logger.py:129) 
2019-03-02 02:02:20,205 [D] └:F:n:WD_2:wc.c:5	(at logger.py:129) 
2019-03-02 02:02:20,216 [D] subprocess cmd: ['source compile.sh /home/bohrok/Documents/DM/output/orbs/wc/8/work'], stdout: b''	(at ex_script.py:45) 
2019-03-02 02:02:20,217 [D] ┌:F:n:WD_3:wc.c:6	(at logger.py:129) 
2019-03-02 02:02:20,217 [D] |:F:n:WD_3:wc.c:5	(at logger.py:129) 
2019-03-02 02:02:20,217 [D] └:F:n:WD_3:wc.c:4	(at logger.py:129) 
2019-03-02 02:02:20,248 [D] -:P:c:WD_1:wc.c:5	(at logger.py:129) 
2019-03-02 02:02:20,258 [D] subprocess cmd: ['source compile.sh /home/bohrok/Documents/DM/output/orbs/wc/8/work'], stdout: b''	(at ex_script.py:45) 
2019-03-02 02:02:20,258 [D] -:F:n:WD_1:wc.c:4	(at logger.py:129) 
2019-03-02 02:02:20,271 [D] subprocess cmd: ['source compile.sh /home/bohrok/Documents/DM/output/orbs/wc/8/work'], stdout: b''	(at ex_script.py:45) 
2019-03-02 02:02:20,271 [D] ┌:F:n:WD_2:wc.c:4	(at logger.py:129) 
2019-03-02 02:02:20,271 [D] └:F:n:WD_2:wc.c:3	(at logger.py:129) 
2019-03-02 02:02:20,272 [D] ┌:F:n:WD_3:wc.c:4	(at logger.py:129) 
2019-03-02 02:02:20,272 [D] └:F:n:WD_3:wc.c:3	(at logger.py:129) 
2019-03-02 02:02:20,283 [D] subprocess cmd: ['source compile.sh /home/bohrok/Documents/DM/output/orbs/wc/8/work'], stdout: b''	(at ex_script.py:45) 
2019-03-02 02:02:20,284 [D] -:F:n:WD_1:wc.c:3	(at logger.py:129) 
2019-03-02 02:02:20,284 [D] -:F:n:WD_2:wc.c:3	(at logger.py:129) 
2019-03-02 02:02:20,284 [D] -:F:n:WD_3:wc.c:3	(at logger.py:129) 
2019-03-02 02:02:20,284 [D]  : : :pass:wc.c:2	(at logger.py:129) 
2019-03-02 02:02:20,284 [D]  : : :pass:wc.c:1	(at logger.py:129) 
2019-03-02 02:02:20,284 [D] comp_cached_cnt:3	(at logger.py:134) 
2019-03-02 02:02:20,284 [D] compile_cnt:57	(at logger.py:134) 
2019-03-02 02:02:20,284 [D] execute_cnt:12	(at logger.py:134) 
2019-03-02 02:02:20,284 [D] fail_del_cnt:11	(at logger.py:134) 
2019-03-02 02:02:20,284 [D] iter_idx:2	(at logger.py:134) 
2019-03-02 02:02:20,284 [D] reuse_cnt:4	(at logger.py:134) 
2019-03-02 02:02:20,284 [D] succ_del_cnt:5	(at logger.py:134) 
2019-03-02 02:02:20,285 [D] time:1.1602730751037598	(at logger.py:134) 
2019-03-02 02:02:20,285 [D] deletion:31	(at logger.py:136) 
2019-03-02 02:02:20,285 [I] Iteration 2 finished	(at orbs.py:87) 
2019-03-02 02:02:20,297 [D] subprocess cmd: ['source compile.sh /home/bohrok/Documents/DM/output/orbs/wc/8/work'], stdout: b''	(at ex_script.py:45) 
2019-03-02 02:02:20,298 [D] -:F:n:WD_1:wc.c:48	(at logger.py:129) 
2019-03-02 02:02:20,308 [D] subprocess cmd: ['source compile.sh /home/bohrok/Documents/DM/output/orbs/wc/8/work'], stdout: b''	(at ex_script.py:45) 
2019-03-02 02:02:20,308 [D] ┌:F:n:WD_2:wc.c:48	(at logger.py:129) 
2019-03-02 02:02:20,308 [D] └:F:n:WD_2:wc.c:34	(at logger.py:129) 
2019-03-02 02:02:20,321 [D] subprocess cmd: ['source compile.sh /home/bohrok/Documents/DM/output/orbs/wc/8/work'], stdout: b''	(at ex_script.py:45) 
2019-03-02 02:02:20,321 [D] ┌:F:n:WD_3:wc.c:48	(at logger.py:129) 
2019-03-02 02:02:20,321 [D] |:F:n:WD_3:wc.c:34	(at logger.py:129) 
2019-03-02 02:02:20,321 [D] └:F:n:WD_3:wc.c:33	(at logger.py:129) 
2019-03-02 02:02:20,322 [D]  : : :pass:wc.c:47	(at logger.py:129) 
2019-03-02 02:02:20,322 [D]  : : :pass:wc.c:46	(at logger.py:129) 
2019-03-02 02:02:20,322 [D]  : : :pass:wc.c:45	(at logger.py:129) 
2019-03-02 02:02:20,322 [D]  : : :pass:wc.c:44	(at logger.py:129) 
2019-03-02 02:02:20,322 [D]  : : :pass:wc.c:43	(at logger.py:129) 
2019-03-02 02:02:20,322 [D]  : : :pass:wc.c:42	(at logger.py:129) 
2019-03-02 02:02:20,322 [D]  : : :pass:wc.c:41	(at logger.py:129) 
2019-03-02 02:02:20,322 [D]  : : :pass:wc.c:40	(at logger.py:129) 
2019-03-02 02:02:20,322 [D]  : : :pass:wc.c:39	(at logger.py:129) 
2019-03-02 02:02:20,322 [D]  : : :pass:wc.c:38	(at logger.py:129) 
2019-03-02 02:02:20,322 [D]  : : :pass:wc.c:37	(at logger.py:129) 
2019-03-02 02:02:20,322 [D]  : : :pass:wc.c:36	(at logger.py:129) 
2019-03-02 02:02:20,322 [D]  : : :pass:wc.c:35	(at logger.py:129) 
2019-03-02 02:02:20,335 [D] subprocess cmd: ['source compile.sh /home/bohrok/Documents/DM/output/orbs/wc/8/work'], stdout: b''	(at ex_script.py:45) 
2019-03-02 02:02:20,335 [D] -:F:n:WD_1:wc.c:34	(at logger.py:129) 
2019-03-02 02:02:20,387 [D] subprocess cmd: ['source compile.sh /home/bohrok/Documents/DM/output/orbs/wc/8/work'], stdout: b''	(at ex_script.py:45) 
2019-03-02 02:02:20,387 [D] ┌:F:n:WD_2:wc.c:34	(at logger.py:129) 
2019-03-02 02:02:20,387 [D] └:F:n:WD_2:wc.c:33	(at logger.py:129) 
2019-03-02 02:02:20,400 [D] subprocess cmd: ['source compile.sh /home/bohrok/Documents/DM/output/orbs/wc/8/work'], stdout: b''	(at ex_script.py:45) 
2019-03-02 02:02:20,401 [D] ┌:F:n:WD_3:wc.c:34	(at logger.py:129) 
2019-03-02 02:02:20,401 [D] |:F:n:WD_3:wc.c:33	(at logger.py:129) 
2019-03-02 02:02:20,401 [D] └:F:n:WD_3:wc.c:20	(at logger.py:129) 
2019-03-02 02:02:20,412 [D] subprocess cmd: ['source compile.sh /home/bohrok/Documents/DM/output/orbs/wc/8/work'], stdout: b''	(at ex_script.py:45) 
2019-03-02 02:02:20,413 [D] -:F:n:WD_1:wc.c:33	(at logger.py:129) 
2019-03-02 02:02:20,423 [D] subprocess cmd: ['source compile.sh /home/bohrok/Documents/DM/output/orbs/wc/8/work'], stdout: b''	(at ex_script.py:45) 
2019-03-02 02:02:20,424 [D] ┌:F:n:WD_2:wc.c:33	(at logger.py:129) 
2019-03-02 02:02:20,424 [D] └:F:n:WD_2:wc.c:20	(at logger.py:129) 
2019-03-02 02:02:20,436 [D] subprocess cmd: ['source compile.sh /home/bohrok/Documents/DM/output/orbs/wc/8/work'], stdout: b''	(at ex_script.py:45) 
2019-03-02 02:02:20,437 [D] ┌:F:n:WD_3:wc.c:33	(at logger.py:129) 
2019-03-02 02:02:20,437 [D] |:F:n:WD_3:wc.c:20	(at logger.py:129) 
2019-03-02 02:02:20,437 [D] └:F:n:WD_3:wc.c:19	(at logger.py:129) 
2019-03-02 02:02:20,437 [D]  : : :pass:wc.c:32	(at logger.py:129) 
2019-03-02 02:02:20,437 [D]  : : :pass:wc.c:31	(at logger.py:129) 
2019-03-02 02:02:20,437 [D]  : : :pass:wc.c:30	(at logger.py:129) 
2019-03-02 02:02:20,437 [D]  : : :pass:wc.c:29	(at logger.py:129) 
2019-03-02 02:02:20,437 [D]  : : :pass:wc.c:28	(at logger.py:129) 
2019-03-02 02:02:20,437 [D]  : : :pass:wc.c:27	(at logger.py:129) 
2019-03-02 02:02:20,437 [D]  : : :pass:wc.c:26	(at logger.py:129) 
2019-03-02 02:02:20,437 [D]  : : :pass:wc.c:25	(at logger.py:129) 
2019-03-02 02:02:20,437 [D]  : : :pass:wc.c:24	(at logger.py:129) 
2019-03-02 02:02:20,437 [D]  : : :pass:wc.c:23	(at logger.py:129) 
2019-03-02 02:02:20,437 [D]  : : :pass:wc.c:22	(at logger.py:129) 
2019-03-02 02:02:20,437 [D]  : : :pass:wc.c:21	(at logger.py:129) 
2019-03-02 02:02:20,483 [D] -:C:n:WD_1:wc.c:20	(at logger.py:129) 
2019-03-02 02:02:20,524 [D] subprocess cmd: ['source execute.sh /home/bohrok/Documents/DM/output/orbs/wc/8/work'], stdout: b''	(at ex_script.py:45) 
2019-03-02 02:02:20,525 [D] ┌:C:n:WD_2:wc.c:20	(at logger.py:129) 
2019-03-02 02:02:20,525 [D] └:C:n:WD_2:wc.c:19	(at logger.py:129) 
2019-03-02 02:02:20,634 [D] subprocess cmd: ['source compile.sh /home/bohrok/Documents/DM/output/orbs/wc/8/work'], stdout: b''	(at ex_script.py:45) 
2019-03-02 02:02:20,634 [D] ┌:F:n:WD_3:wc.c:20	(at logger.py:129) 
2019-03-02 02:02:20,634 [D] |:F:n:WD_3:wc.c:19	(at logger.py:129) 
2019-03-02 02:02:20,635 [D] └:F:n:WD_3:wc.c:17	(at logger.py:129) 
2019-03-02 02:02:20,693 [D] subprocess cmd: ['source execute.sh /home/bohrok/Documents/DM/output/orbs/wc/8/work'], stdout: b''	(at ex_script.py:45) 
2019-03-02 02:02:20,694 [D] -:C:n:WD_1:wc.c:19	(at logger.py:129) 
2019-03-02 02:02:20,764 [D] subprocess cmd: ['source compile.sh /home/bohrok/Documents/DM/output/orbs/wc/8/work'], stdout: b''	(at ex_script.py:45) 
2019-03-02 02:02:20,765 [D] ┌:F:n:WD_2:wc.c:19	(at logger.py:129) 
2019-03-02 02:02:20,765 [D] └:F:n:WD_2:wc.c:17	(at logger.py:129) 
2019-03-02 02:02:20,802 [D] subprocess cmd: ['source compile.sh /home/bohrok/Documents/DM/output/orbs/wc/8/work'], stdout: b''	(at ex_script.py:45) 
2019-03-02 02:02:20,803 [D] ┌:F:n:WD_3:wc.c:19	(at logger.py:129) 
2019-03-02 02:02:20,803 [D] |:F:n:WD_3:wc.c:17	(at logger.py:129) 
2019-03-02 02:02:20,803 [D] └:F:n:WD_3:wc.c:16	(at logger.py:129) 
2019-03-02 02:02:20,803 [D]  : : :pass:wc.c:18	(at logger.py:129) 
2019-03-02 02:02:20,820 [D] subprocess cmd: ['source compile.sh /home/bohrok/Documents/DM/output/orbs/wc/8/work'], stdout: b''	(at ex_script.py:45) 
2019-03-02 02:02:20,820 [D] -:F:n:WD_1:wc.c:17	(at logger.py:129) 
2019-03-02 02:02:20,837 [D] subprocess cmd: ['source compile.sh /home/bohrok/Documents/DM/output/orbs/wc/8/work'], stdout: b''	(at ex_script.py:45) 
2019-03-02 02:02:20,837 [D] ┌:F:n:WD_2:wc.c:17	(at logger.py:129) 
2019-03-02 02:02:20,837 [D] └:F:n:WD_2:wc.c:16	(at logger.py:129) 
2019-03-02 02:02:20,852 [D] subprocess cmd: ['source compile.sh /home/bohrok/Documents/DM/output/orbs/wc/8/work'], stdout: b''	(at ex_script.py:45) 
2019-03-02 02:02:20,852 [D] ┌:F:n:WD_3:wc.c:17	(at logger.py:129) 
2019-03-02 02:02:20,852 [D] |:F:n:WD_3:wc.c:16	(at logger.py:129) 
2019-03-02 02:02:20,852 [D] └:F:n:WD_3:wc.c:14	(at logger.py:129) 
2019-03-02 02:02:20,886 [D] -:C:c:WD_1:wc.c:16	(at logger.py:129) 
2019-03-02 02:02:20,897 [D] subprocess cmd: ['source compile.sh /home/bohrok/Documents/DM/output/orbs/wc/8/work'], stdout: b''	(at ex_script.py:45) 
2019-03-02 02:02:20,897 [D] ┌:F:n:WD_2:wc.c:16	(at logger.py:129) 
2019-03-02 02:02:20,897 [D] └:F:n:WD_2:wc.c:14	(at logger.py:129) 
2019-03-02 02:02:20,908 [D] subprocess cmd: ['source compile.sh /home/bohrok/Documents/DM/output/orbs/wc/8/work'], stdout: b''	(at ex_script.py:45) 
2019-03-02 02:02:20,908 [D] ┌:F:n:WD_3:wc.c:16	(at logger.py:129) 
2019-03-02 02:02:20,908 [D] |:F:n:WD_3:wc.c:14	(at logger.py:129) 
2019-03-02 02:02:20,908 [D] └:F:n:WD_3:wc.c:13	(at logger.py:129) 
2019-03-02 02:02:20,908 [D]  : : :pass:wc.c:15	(at logger.py:129) 
2019-03-02 02:02:20,921 [D] subprocess cmd: ['source compile.sh /home/bohrok/Documents/DM/output/orbs/wc/8/work'], stdout: b''	(at ex_script.py:45) 
2019-03-02 02:02:20,921 [D] -:F:n:WD_1:wc.c:14	(at logger.py:129) 
2019-03-02 02:02:20,932 [D] subprocess cmd: ['source compile.sh /home/bohrok/Documents/DM/output/orbs/wc/8/work'], stdout: b''	(at ex_script.py:45) 
2019-03-02 02:02:20,933 [D] ┌:F:n:WD_2:wc.c:14	(at logger.py:129) 
2019-03-02 02:02:20,933 [D] └:F:n:WD_2:wc.c:13	(at logger.py:129) 
2019-03-02 02:02:20,943 [D] subprocess cmd: ['source compile.sh /home/bohrok/Documents/DM/output/orbs/wc/8/work'], stdout: b''	(at ex_script.py:45) 
2019-03-02 02:02:20,943 [D] ┌:F:n:WD_3:wc.c:14	(at logger.py:129) 
2019-03-02 02:02:20,943 [D] |:F:n:WD_3:wc.c:13	(at logger.py:129) 
2019-03-02 02:02:20,943 [D] └:F:n:WD_3:wc.c:12	(at logger.py:129) 
2019-03-02 02:02:20,976 [D] -:C:c:WD_1:wc.c:13	(at logger.py:129) 
2019-03-02 02:02:21,010 [D] ┌:C:c:WD_2:wc.c:13	(at logger.py:129) 
2019-03-02 02:02:21,010 [D] └:C:c:WD_2:wc.c:12	(at logger.py:129) 
2019-03-02 02:02:21,041 [D] ┌:C:c:WD_3:wc.c:13	(at logger.py:129) 
2019-03-02 02:02:21,041 [D] |:C:c:WD_3:wc.c:12	(at logger.py:129) 
2019-03-02 02:02:21,041 [D] └:C:c:WD_3:wc.c:11	(at logger.py:129) 
2019-03-02 02:02:21,076 [D] -:C:c:WD_1:wc.c:12	(at logger.py:129) 
2019-03-02 02:02:21,112 [D] ┌:C:c:WD_2:wc.c:12	(at logger.py:129) 
2019-03-02 02:02:21,113 [D] └:C:c:WD_2:wc.c:11	(at logger.py:129) 
2019-03-02 02:02:21,123 [D] subprocess cmd: ['source compile.sh /home/bohrok/Documents/DM/output/orbs/wc/8/work'], stdout: b''	(at ex_script.py:45) 
2019-03-02 02:02:21,123 [D] ┌:F:n:WD_3:wc.c:12	(at logger.py:129) 
2019-03-02 02:02:21,123 [D] |:F:n:WD_3:wc.c:11	(at logger.py:129) 
2019-03-02 02:02:21,123 [D] └:F:n:WD_3:wc.c:9	(at logger.py:129) 
2019-03-02 02:02:21,154 [D] -:C:c:WD_1:wc.c:11	(at logger.py:129) 
2019-03-02 02:02:21,164 [D] subprocess cmd: ['source compile.sh /home/bohrok/Documents/DM/output/orbs/wc/8/work'], stdout: b''	(at ex_script.py:45) 
2019-03-02 02:02:21,165 [D] ┌:F:n:WD_2:wc.c:11	(at logger.py:129) 
2019-03-02 02:02:21,165 [D] └:F:n:WD_2:wc.c:9	(at logger.py:129) 
2019-03-02 02:02:21,174 [D] subprocess cmd: ['source compile.sh /home/bohrok/Documents/DM/output/orbs/wc/8/work'], stdout: b''	(at ex_script.py:45) 
2019-03-02 02:02:21,175 [D] ┌:F:n:WD_3:wc.c:11	(at logger.py:129) 
2019-03-02 02:02:21,175 [D] |:F:n:WD_3:wc.c:9	(at logger.py:129) 
2019-03-02 02:02:21,175 [D] └:F:n:WD_3:wc.c:8	(at logger.py:129) 
2019-03-02 02:02:21,175 [D]  : : :pass:wc.c:10	(at logger.py:129) 
2019-03-02 02:02:21,187 [D] subprocess cmd: ['source compile.sh /home/bohrok/Documents/DM/output/orbs/wc/8/work'], stdout: b''	(at ex_script.py:45) 
2019-03-02 02:02:21,187 [D] -:F:n:WD_1:wc.c:9	(at logger.py:129) 
2019-03-02 02:02:21,199 [D] subprocess cmd: ['source compile.sh /home/bohrok/Documents/DM/output/orbs/wc/8/work'], stdout: b''	(at ex_script.py:45) 
2019-03-02 02:02:21,199 [D] ┌:F:n:WD_2:wc.c:9	(at logger.py:129) 
2019-03-02 02:02:21,199 [D] └:F:n:WD_2:wc.c:8	(at logger.py:129) 
2019-03-02 02:02:21,209 [D] subprocess cmd: ['source compile.sh /home/bohrok/Documents/DM/output/orbs/wc/8/work'], stdout: b''	(at ex_script.py:45) 
2019-03-02 02:02:21,209 [D] ┌:F:n:WD_3:wc.c:9	(at logger.py:129) 
2019-03-02 02:02:21,209 [D] |:F:n:WD_3:wc.c:8	(at logger.py:129) 
2019-03-02 02:02:21,209 [D] └:F:n:WD_3:wc.c:7	(at logger.py:129) 
2019-03-02 02:02:21,222 [D] subprocess cmd: ['source compile.sh /home/bohrok/Documents/DM/output/orbs/wc/8/work'], stdout: b''	(at ex_script.py:45) 
2019-03-02 02:02:21,222 [D] -:F:n:WD_1:wc.c:8	(at logger.py:129) 
2019-03-02 02:02:21,235 [D] subprocess cmd: ['source compile.sh /home/bohrok/Documents/DM/output/orbs/wc/8/work'], stdout: b''	(at ex_script.py:45) 
2019-03-02 02:02:21,235 [D] ┌:F:n:WD_2:wc.c:8	(at logger.py:129) 
2019-03-02 02:02:21,235 [D] └:F:n:WD_2:wc.c:7	(at logger.py:129) 
2019-03-02 02:02:21,246 [D] subprocess cmd: ['source compile.sh /home/bohrok/Documents/DM/output/orbs/wc/8/work'], stdout: b''	(at ex_script.py:45) 
2019-03-02 02:02:21,246 [D] ┌:F:n:WD_3:wc.c:8	(at logger.py:129) 
2019-03-02 02:02:21,247 [D] |:F:n:WD_3:wc.c:7	(at logger.py:129) 
2019-03-02 02:02:21,247 [D] └:F:n:WD_3:wc.c:6	(at logger.py:129) 
2019-03-02 02:02:21,258 [D] subprocess cmd: ['source compile.sh /home/bohrok/Documents/DM/output/orbs/wc/8/work'], stdout: b''	(at ex_script.py:45) 
2019-03-02 02:02:21,258 [D] -:F:n:WD_1:wc.c:7	(at logger.py:129) 
2019-03-02 02:02:21,258 [D] ┌:F:n:WD_2:wc.c:7	(at logger.py:129) 
2019-03-02 02:02:21,258 [D] └:F:n:WD_2:wc.c:6	(at logger.py:129) 
2019-03-02 02:02:21,272 [D] subprocess cmd: ['source compile.sh /home/bohrok/Documents/DM/output/orbs/wc/8/work'], stdout: b''	(at ex_script.py:45) 
2019-03-02 02:02:21,272 [D] ┌:F:n:WD_3:wc.c:7	(at logger.py:129) 
2019-03-02 02:02:21,273 [D] |:F:n:WD_3:wc.c:6	(at logger.py:129) 
2019-03-02 02:02:21,273 [D] └:F:n:WD_3:wc.c:4	(at logger.py:129) 
2019-03-02 02:02:21,273 [D] -:F:n:WD_1:wc.c:6	(at logger.py:129) 
2019-03-02 02:02:21,273 [D] ┌:F:n:WD_2:wc.c:6	(at logger.py:129) 
2019-03-02 02:02:21,273 [D] └:F:n:WD_2:wc.c:4	(at logger.py:129) 
2019-03-02 02:02:21,286 [D] subprocess cmd: ['source compile.sh /home/bohrok/Documents/DM/output/orbs/wc/8/work'], stdout: b''	(at ex_script.py:45) 
2019-03-02 02:02:21,286 [D] ┌:F:n:WD_3:wc.c:6	(at logger.py:129) 
2019-03-02 02:02:21,286 [D] |:F:n:WD_3:wc.c:4	(at logger.py:129) 
2019-03-02 02:02:21,286 [D] └:F:n:WD_3:wc.c:3	(at logger.py:129) 
2019-03-02 02:02:21,286 [D]  : : :pass:wc.c:5	(at logger.py:129) 
2019-03-02 02:02:21,286 [D] -:F:n:WD_1:wc.c:4	(at logger.py:129) 
2019-03-02 02:02:21,287 [D] ┌:F:n:WD_2:wc.c:4	(at logger.py:129) 
2019-03-02 02:02:21,287 [D] └:F:n:WD_2:wc.c:3	(at logger.py:129) 
2019-03-02 02:02:21,287 [D] ┌:F:n:WD_3:wc.c:4	(at logger.py:129) 
2019-03-02 02:02:21,287 [D] └:F:n:WD_3:wc.c:3	(at logger.py:129) 
2019-03-02 02:02:21,287 [D] -:F:n:WD_1:wc.c:3	(at logger.py:129) 
2019-03-02 02:02:21,287 [D] -:F:n:WD_2:wc.c:3	(at logger.py:129) 
2019-03-02 02:02:21,287 [D] -:F:n:WD_3:wc.c:3	(at logger.py:129) 
2019-03-02 02:02:21,287 [D]  : : :pass:wc.c:2	(at logger.py:129) 
2019-03-02 02:02:21,287 [D]  : : :pass:wc.c:1	(at logger.py:129) 
2019-03-02 02:02:21,287 [D] comp_cached_cnt:9	(at logger.py:134) 
2019-03-02 02:02:21,287 [D] compile_cnt:42	(at logger.py:134) 
2019-03-02 02:02:21,287 [D] execute_cnt:3	(at logger.py:134) 
2019-03-02 02:02:21,287 [D] fail_del_cnt:10	(at logger.py:134) 
2019-03-02 02:02:21,287 [D] iter_idx:3	(at logger.py:134) 
2019-03-02 02:02:21,287 [D] reuse_cnt:7	(at logger.py:134) 
2019-03-02 02:02:21,288 [D] succ_del_cnt:0	(at logger.py:134) 
2019-03-02 02:02:21,288 [D] time:1.0021307468414307	(at logger.py:134) 
2019-03-02 02:02:21,288 [D] deletion:31	(at logger.py:136) 
2019-03-02 02:02:21,288 [I] Iteration 3 finished	(at orbs.py:87) 
2019-03-02 02:02:21,288 [D] total_lines:48	(at logger.py:74) 
2019-03-02 02:02:21,288 [D] iteration_cnt:3	(at logger.py:75) 
2019-03-02 02:02:21,288 [D] comp_cached_cnt:12	(at logger.py:79) 
2019-03-02 02:02:21,288 [D] compile_cnt:199	(at logger.py:79) 
2019-03-02 02:02:21,288 [D] execute_cnt:37	(at logger.py:79) 
2019-03-02 02:02:21,288 [D] fail_del_cnt:37	(at logger.py:79) 
2019-03-02 02:02:21,288 [D] reuse_cnt:20	(at logger.py:79) 
2019-03-02 02:02:21,288 [D] succ_del_cnt:20	(at logger.py:79) 
2019-03-02 02:02:21,288 [D] time:4.598464727401733	(at logger.py:80) 
2019-03-02 02:02:21,288 [D] deletion:31	(at logger.py:82) 
2019-03-02 02:02:21,289 [I] ORBS fin.	(at orbs.py:91) 
2019-03-02 02:02:21,289 [I] ===== END - RUN ==============================================	(at main.py:95) 
2019-03-02 02:02:21,289 [I] 	(at main.py:96) 
