2019-03-02 02:02:16,705 [D] -:F:n:WD_1:wc.c:48	(at logger.py:129) 
2019-03-02 02:02:16,719 [D] ┌:F:n:WD_2:wc.c:48	(at logger.py:129) 
2019-03-02 02:02:16,719 [D] └:F:n:WD_2:wc.c:47	(at logger.py:129) 
2019-03-02 02:02:16,733 [D] ┌:F:n:WD_3:wc.c:48	(at logger.py:129) 
2019-03-02 02:02:16,733 [D] |:F:n:WD_3:wc.c:47	(at logger.py:129) 
2019-03-02 02:02:16,733 [D] └:F:n:WD_3:wc.c:46	(at logger.py:129) 
2019-03-02 02:02:16,749 [D] -:F:n:WD_1:wc.c:47	(at logger.py:129) 
2019-03-02 02:02:16,763 [D] ┌:F:n:WD_2:wc.c:47	(at logger.py:129) 
2019-03-02 02:02:16,763 [D] └:F:n:WD_2:wc.c:46	(at logger.py:129) 
2019-03-02 02:02:16,776 [D] ┌:F:n:WD_3:wc.c:47	(at logger.py:129) 
2019-03-02 02:02:16,776 [D] |:F:n:WD_3:wc.c:46	(at logger.py:129) 
2019-03-02 02:02:16,776 [D] └:F:n:WD_3:wc.c:45	(at logger.py:129) 
2019-03-02 02:02:16,821 [D] -:P:n:WD_1:wc.c:46	(at logger.py:129) 
2019-03-02 02:02:16,837 [D] -:F:n:WD_1:wc.c:45	(at logger.py:129) 
2019-03-02 02:02:16,852 [D] ┌:F:n:WD_2:wc.c:45	(at logger.py:129) 
2019-03-02 02:02:16,852 [D] └:F:n:WD_2:wc.c:44	(at logger.py:129) 
2019-03-02 02:02:16,888 [D] ┌:P:c:WD_3:wc.c:45	(at logger.py:129) 
2019-03-02 02:02:16,888 [D] |:P:c:WD_3:wc.c:44	(at logger.py:129) 
2019-03-02 02:02:16,888 [D] └:P:c:WD_3:wc.c:43	(at logger.py:129) 
2019-03-02 02:02:16,888 [D]  : : :pass:wc.c:44	(at logger.py:129) 
2019-03-02 02:02:16,888 [D]  : : :pass:wc.c:43	(at logger.py:129) 
2019-03-02 02:02:16,937 [D] -:P:n:WD_1:wc.c:42	(at logger.py:129) 
2019-03-02 02:02:16,952 [D] -:F:n:WD_1:wc.c:41	(at logger.py:129) 
2019-03-02 02:02:16,965 [D] ┌:F:n:WD_2:wc.c:41	(at logger.py:129) 
2019-03-02 02:02:16,965 [D] └:F:n:WD_2:wc.c:40	(at logger.py:129) 
2019-03-02 02:02:16,978 [D] ┌:F:n:WD_3:wc.c:41	(at logger.py:129) 
2019-03-02 02:02:16,978 [D] |:F:n:WD_3:wc.c:40	(at logger.py:129) 
2019-03-02 02:02:16,978 [D] └:F:n:WD_3:wc.c:39	(at logger.py:129) 
2019-03-02 02:02:16,991 [D] -:F:n:WD_1:wc.c:40	(at logger.py:129) 
2019-03-02 02:02:17,025 [D] ┌:P:c:WD_2:wc.c:40	(at logger.py:129) 
2019-03-02 02:02:17,026 [D] └:P:c:WD_2:wc.c:39	(at logger.py:129) 
2019-03-02 02:02:17,026 [D]  : : :pass:wc.c:39	(at logger.py:129) 
2019-03-02 02:02:17,077 [D] -:P:n:WD_1:wc.c:38	(at logger.py:129) 
2019-03-02 02:02:17,090 [D] -:F:n:WD_1:wc.c:37	(at logger.py:129) 
2019-03-02 02:02:17,104 [D] ┌:F:n:WD_2:wc.c:37	(at logger.py:129) 
2019-03-02 02:02:17,104 [D] └:F:n:WD_2:wc.c:36	(at logger.py:129) 
2019-03-02 02:02:17,140 [D] ┌:F:n:WD_3:wc.c:37	(at logger.py:129) 
2019-03-02 02:02:17,140 [D] |:F:n:WD_3:wc.c:36	(at logger.py:129) 
2019-03-02 02:02:17,140 [D] └:F:n:WD_3:wc.c:35	(at logger.py:129) 
2019-03-02 02:02:17,155 [D] -:F:n:WD_1:wc.c:36	(at logger.py:129) 
2019-03-02 02:02:17,169 [D] ┌:F:n:WD_2:wc.c:36	(at logger.py:129) 
2019-03-02 02:02:17,169 [D] └:F:n:WD_2:wc.c:35	(at logger.py:129) 
2019-03-02 02:02:17,184 [D] ┌:F:n:WD_3:wc.c:36	(at logger.py:129) 
2019-03-02 02:02:17,184 [D] |:F:n:WD_3:wc.c:35	(at logger.py:129) 
2019-03-02 02:02:17,184 [D] └:F:n:WD_3:wc.c:34	(at logger.py:129) 
2019-03-02 02:02:17,198 [D] -:F:n:WD_1:wc.c:35	(at logger.py:129) 
2019-03-02 02:02:17,212 [D] ┌:F:n:WD_2:wc.c:35	(at logger.py:129) 
2019-03-02 02:02:17,212 [D] └:F:n:WD_2:wc.c:34	(at logger.py:129) 
2019-03-02 02:02:17,225 [D] ┌:F:n:WD_3:wc.c:35	(at logger.py:129) 
2019-03-02 02:02:17,225 [D] |:F:n:WD_3:wc.c:34	(at logger.py:129) 
2019-03-02 02:02:17,225 [D] └:F:n:WD_3:wc.c:33	(at logger.py:129) 
2019-03-02 02:02:17,240 [D] -:F:n:WD_1:wc.c:34	(at logger.py:129) 
2019-03-02 02:02:17,255 [D] ┌:F:n:WD_2:wc.c:34	(at logger.py:129) 
2019-03-02 02:02:17,255 [D] └:F:n:WD_2:wc.c:33	(at logger.py:129) 
2019-03-02 02:02:17,271 [D] ┌:F:n:WD_3:wc.c:34	(at logger.py:129) 
2019-03-02 02:02:17,271 [D] |:F:n:WD_3:wc.c:33	(at logger.py:129) 
2019-03-02 02:02:17,271 [D] └:F:n:WD_3:wc.c:32	(at logger.py:129) 
2019-03-02 02:02:17,287 [D] -:F:n:WD_1:wc.c:33	(at logger.py:129) 
2019-03-02 02:02:17,302 [D] ┌:F:n:WD_2:wc.c:33	(at logger.py:129) 
2019-03-02 02:02:17,302 [D] └:F:n:WD_2:wc.c:32	(at logger.py:129) 
2019-03-02 02:02:17,315 [D] ┌:F:n:WD_3:wc.c:33	(at logger.py:129) 
2019-03-02 02:02:17,316 [D] |:F:n:WD_3:wc.c:32	(at logger.py:129) 
2019-03-02 02:02:17,316 [D] └:F:n:WD_3:wc.c:31	(at logger.py:129) 
2019-03-02 02:02:17,361 [D] -:P:n:WD_1:wc.c:32	(at logger.py:129) 
2019-03-02 02:02:17,373 [D] -:F:n:WD_1:wc.c:31	(at logger.py:129) 
2019-03-02 02:02:17,386 [D] ┌:F:n:WD_2:wc.c:31	(at logger.py:129) 
2019-03-02 02:02:17,387 [D] └:F:n:WD_2:wc.c:30	(at logger.py:129) 
2019-03-02 02:02:17,467 [D] ┌:P:c:WD_3:wc.c:31	(at logger.py:129) 
2019-03-02 02:02:17,468 [D] |:P:c:WD_3:wc.c:30	(at logger.py:129) 
2019-03-02 02:02:17,468 [D] └:P:c:WD_3:wc.c:29	(at logger.py:129) 
2019-03-02 02:02:17,468 [D]  : : :pass:wc.c:30	(at logger.py:129) 
2019-03-02 02:02:17,468 [D]  : : :pass:wc.c:29	(at logger.py:129) 
2019-03-02 02:02:17,496 [D] -:F:n:WD_1:wc.c:28	(at logger.py:129) 
2019-03-02 02:02:17,510 [D] ┌:F:n:WD_2:wc.c:28	(at logger.py:129) 
2019-03-02 02:02:17,510 [D] └:F:n:WD_2:wc.c:27	(at logger.py:129) 
2019-03-02 02:02:17,523 [D] ┌:F:n:WD_3:wc.c:28	(at logger.py:129) 
2019-03-02 02:02:17,523 [D] |:F:n:WD_3:wc.c:27	(at logger.py:129) 
2019-03-02 02:02:17,523 [D] └:F:n:WD_3:wc.c:26	(at logger.py:129) 
2019-03-02 02:02:17,571 [D] -:P:n:WD_1:wc.c:27	(at logger.py:129) 
2019-03-02 02:02:17,620 [D] -:P:n:WD_1:wc.c:26	(at logger.py:129) 
2019-03-02 02:02:17,634 [D] -:F:n:WD_1:wc.c:25	(at logger.py:129) 
2019-03-02 02:02:17,647 [D] ┌:F:n:WD_2:wc.c:25	(at logger.py:129) 
2019-03-02 02:02:17,647 [D] └:F:n:WD_2:wc.c:24	(at logger.py:129) 
2019-03-02 02:02:17,661 [D] ┌:F:n:WD_3:wc.c:25	(at logger.py:129) 
2019-03-02 02:02:17,661 [D] |:F:n:WD_3:wc.c:24	(at logger.py:129) 
2019-03-02 02:02:17,661 [D] └:F:n:WD_3:wc.c:23	(at logger.py:129) 
2019-03-02 02:02:17,694 [D] -:P:c:WD_1:wc.c:24	(at logger.py:129) 
2019-03-02 02:02:17,707 [D] -:F:n:WD_1:wc.c:23	(at logger.py:129) 
2019-03-02 02:02:17,721 [D] ┌:F:n:WD_2:wc.c:23	(at logger.py:129) 
2019-03-02 02:02:17,721 [D] └:F:n:WD_2:wc.c:22	(at logger.py:129) 
2019-03-02 02:02:17,772 [D] ┌:P:n:WD_3:wc.c:23	(at logger.py:129) 
2019-03-02 02:02:17,773 [D] |:P:n:WD_3:wc.c:22	(at logger.py:129) 
2019-03-02 02:02:17,773 [D] └:P:n:WD_3:wc.c:21	(at logger.py:129) 
2019-03-02 02:02:17,773 [D]  : : :pass:wc.c:22	(at logger.py:129) 
2019-03-02 02:02:17,773 [D]  : : :pass:wc.c:21	(at logger.py:129) 
2019-03-02 02:02:17,822 [D] -:C:n:WD_1:wc.c:20	(at logger.py:129) 
2019-03-02 02:02:17,872 [D] ┌:C:n:WD_2:wc.c:20	(at logger.py:129) 
2019-03-02 02:02:17,872 [D] └:C:n:WD_2:wc.c:19	(at logger.py:129) 
2019-03-02 02:02:17,910 [D] ┌:C:c:WD_3:wc.c:20	(at logger.py:129) 
2019-03-02 02:02:17,910 [D] |:C:c:WD_3:wc.c:19	(at logger.py:129) 
2019-03-02 02:02:17,910 [D] └:C:c:WD_3:wc.c:18	(at logger.py:129) 
2019-03-02 02:02:17,955 [D] -:C:n:WD_1:wc.c:19	(at logger.py:129) 
2019-03-02 02:02:17,990 [D] ┌:C:c:WD_2:wc.c:19	(at logger.py:129) 
2019-03-02 02:02:17,990 [D] └:C:c:WD_2:wc.c:18	(at logger.py:129) 
2019-03-02 02:02:18,005 [D] ┌:F:n:WD_3:wc.c:19	(at logger.py:129) 
2019-03-02 02:02:18,005 [D] |:F:n:WD_3:wc.c:18	(at logger.py:129) 
2019-03-02 02:02:18,005 [D] └:F:n:WD_3:wc.c:17	(at logger.py:129) 
2019-03-02 02:02:18,039 [D] -:P:c:WD_1:wc.c:18	(at logger.py:129) 
2019-03-02 02:02:18,053 [D] -:F:n:WD_1:wc.c:17	(at logger.py:129) 
2019-03-02 02:02:18,069 [D] ┌:F:n:WD_2:wc.c:17	(at logger.py:129) 
2019-03-02 02:02:18,069 [D] └:F:n:WD_2:wc.c:16	(at logger.py:129) 
2019-03-02 02:02:18,083 [D] ┌:F:n:WD_3:wc.c:17	(at logger.py:129) 
2019-03-02 02:02:18,083 [D] |:F:n:WD_3:wc.c:16	(at logger.py:129) 
2019-03-02 02:02:18,084 [D] └:F:n:WD_3:wc.c:15	(at logger.py:129) 
2019-03-02 02:02:18,132 [D] -:C:n:WD_1:wc.c:16	(at logger.py:129) 
2019-03-02 02:02:18,179 [D] ┌:C:n:WD_2:wc.c:16	(at logger.py:129) 
2019-03-02 02:02:18,179 [D] └:C:n:WD_2:wc.c:15	(at logger.py:129) 
2019-03-02 02:02:18,191 [D] ┌:F:n:WD_3:wc.c:16	(at logger.py:129) 
2019-03-02 02:02:18,191 [D] |:F:n:WD_3:wc.c:15	(at logger.py:129) 
2019-03-02 02:02:18,191 [D] └:F:n:WD_3:wc.c:14	(at logger.py:129) 
2019-03-02 02:02:18,239 [D] -:C:n:WD_1:wc.c:15	(at logger.py:129) 
2019-03-02 02:02:18,255 [D] ┌:F:n:WD_2:wc.c:15	(at logger.py:129) 
2019-03-02 02:02:18,255 [D] └:F:n:WD_2:wc.c:14	(at logger.py:129) 
2019-03-02 02:02:18,270 [D] ┌:F:n:WD_3:wc.c:15	(at logger.py:129) 
2019-03-02 02:02:18,270 [D] |:F:n:WD_3:wc.c:14	(at logger.py:129) 
2019-03-02 02:02:18,270 [D] └:F:n:WD_3:wc.c:13	(at logger.py:129) 
2019-03-02 02:02:18,284 [D] -:F:n:WD_1:wc.c:14	(at logger.py:129) 
2019-03-02 02:02:18,297 [D] ┌:F:n:WD_2:wc.c:14	(at logger.py:129) 
2019-03-02 02:02:18,297 [D] └:F:n:WD_2:wc.c:13	(at logger.py:129) 
2019-03-02 02:02:18,310 [D] ┌:F:n:WD_3:wc.c:14	(at logger.py:129) 
2019-03-02 02:02:18,310 [D] |:F:n:WD_3:wc.c:13	(at logger.py:129) 
2019-03-02 02:02:18,311 [D] └:F:n:WD_3:wc.c:12	(at logger.py:129) 
2019-03-02 02:02:18,357 [D] -:C:n:WD_1:wc.c:13	(at logger.py:129) 
2019-03-02 02:02:18,406 [D] ┌:C:n:WD_2:wc.c:13	(at logger.py:129) 
2019-03-02 02:02:18,406 [D] └:C:n:WD_2:wc.c:12	(at logger.py:129) 
2019-03-02 02:02:18,455 [D] ┌:C:n:WD_3:wc.c:13	(at logger.py:129) 
2019-03-02 02:02:18,455 [D] |:C:n:WD_3:wc.c:12	(at logger.py:129) 
2019-03-02 02:02:18,455 [D] └:C:n:WD_3:wc.c:11	(at logger.py:129) 
2019-03-02 02:02:18,505 [D] -:C:n:WD_1:wc.c:12	(at logger.py:129) 
2019-03-02 02:02:18,554 [D] ┌:C:n:WD_2:wc.c:12	(at logger.py:129) 
2019-03-02 02:02:18,554 [D] └:C:n:WD_2:wc.c:11	(at logger.py:129) 
2019-03-02 02:02:18,598 [D] ┌:C:n:WD_3:wc.c:12	(at logger.py:129) 
2019-03-02 02:02:18,598 [D] |:C:n:WD_3:wc.c:11	(at logger.py:129) 
2019-03-02 02:02:18,598 [D] └:C:n:WD_3:wc.c:10	(at logger.py:129) 
2019-03-02 02:02:18,631 [D] -:C:c:WD_1:wc.c:11	(at logger.py:129) 
2019-03-02 02:02:18,679 [D] ┌:C:n:WD_2:wc.c:11	(at logger.py:129) 
2019-03-02 02:02:18,679 [D] └:C:n:WD_2:wc.c:10	(at logger.py:129) 
2019-03-02 02:02:18,692 [D] ┌:F:n:WD_3:wc.c:11	(at logger.py:129) 
2019-03-02 02:02:18,693 [D] |:F:n:WD_3:wc.c:10	(at logger.py:129) 
2019-03-02 02:02:18,693 [D] └:F:n:WD_3:wc.c:9	(at logger.py:129) 
2019-03-02 02:02:18,739 [D] -:P:n:WD_1:wc.c:10	(at logger.py:129) 
2019-03-02 02:02:18,753 [D] -:F:n:WD_1:wc.c:9	(at logger.py:129) 
2019-03-02 02:02:18,767 [D] ┌:F:n:WD_2:wc.c:9	(at logger.py:129) 
2019-03-02 02:02:18,767 [D] └:F:n:WD_2:wc.c:8	(at logger.py:129) 
2019-03-02 02:02:18,780 [D] ┌:F:n:WD_3:wc.c:9	(at logger.py:129) 
2019-03-02 02:02:18,780 [D] |:F:n:WD_3:wc.c:8	(at logger.py:129) 
2019-03-02 02:02:18,780 [D] └:F:n:WD_3:wc.c:7	(at logger.py:129) 
2019-03-02 02:02:18,792 [D] -:F:n:WD_1:wc.c:8	(at logger.py:129) 
2019-03-02 02:02:18,807 [D] ┌:F:n:WD_2:wc.c:8	(at logger.py:129) 
2019-03-02 02:02:18,807 [D] └:F:n:WD_2:wc.c:7	(at logger.py:129) 
2019-03-02 02:02:18,823 [D] ┌:F:n:WD_3:wc.c:8	(at logger.py:129) 
2019-03-02 02:02:18,823 [D] |:F:n:WD_3:wc.c:7	(at logger.py:129) 
2019-03-02 02:02:18,823 [D] └:F:n:WD_3:wc.c:6	(at logger.py:129) 
2019-03-02 02:02:18,839 [D] -:F:n:WD_1:wc.c:7	(at logger.py:129) 
2019-03-02 02:02:18,854 [D] ┌:F:n:WD_2:wc.c:7	(at logger.py:129) 
2019-03-02 02:02:18,854 [D] └:F:n:WD_2:wc.c:6	(at logger.py:129) 
2019-03-02 02:02:18,867 [D] ┌:F:n:WD_3:wc.c:7	(at logger.py:129) 
2019-03-02 02:02:18,868 [D] |:F:n:WD_3:wc.c:6	(at logger.py:129) 
2019-03-02 02:02:18,868 [D] └:F:n:WD_3:wc.c:5	(at logger.py:129) 
2019-03-02 02:02:18,881 [D] -:F:n:WD_1:wc.c:6	(at logger.py:129) 
2019-03-02 02:02:18,894 [D] ┌:F:n:WD_2:wc.c:6	(at logger.py:129) 
2019-03-02 02:02:18,894 [D] └:F:n:WD_2:wc.c:5	(at logger.py:129) 
2019-03-02 02:02:18,907 [D] ┌:F:n:WD_3:wc.c:6	(at logger.py:129) 
2019-03-02 02:02:18,907 [D] |:F:n:WD_3:wc.c:5	(at logger.py:129) 
2019-03-02 02:02:18,907 [D] └:F:n:WD_3:wc.c:4	(at logger.py:129) 
2019-03-02 02:02:18,923 [D] -:F:n:WD_1:wc.c:5	(at logger.py:129) 
2019-03-02 02:02:18,938 [D] ┌:F:n:WD_2:wc.c:5	(at logger.py:129) 
2019-03-02 02:02:18,938 [D] └:F:n:WD_2:wc.c:4	(at logger.py:129) 
2019-03-02 02:02:18,953 [D] ┌:F:n:WD_3:wc.c:5	(at logger.py:129) 
2019-03-02 02:02:18,953 [D] |:F:n:WD_3:wc.c:4	(at logger.py:129) 
2019-03-02 02:02:18,953 [D] └:F:n:WD_3:wc.c:3	(at logger.py:129) 
2019-03-02 02:02:18,968 [D] -:F:n:WD_1:wc.c:4	(at logger.py:129) 
2019-03-02 02:02:18,983 [D] ┌:F:n:WD_2:wc.c:4	(at logger.py:129) 
2019-03-02 02:02:18,983 [D] └:F:n:WD_2:wc.c:3	(at logger.py:129) 
2019-03-02 02:02:18,999 [D] ┌:F:n:WD_3:wc.c:4	(at logger.py:129) 
2019-03-02 02:02:18,999 [D] |:F:n:WD_3:wc.c:3	(at logger.py:129) 
2019-03-02 02:02:18,999 [D] └:F:n:WD_3:wc.c:2	(at logger.py:129) 
2019-03-02 02:02:19,013 [D] -:F:n:WD_1:wc.c:3	(at logger.py:129) 
2019-03-02 02:02:19,027 [D] ┌:F:n:WD_2:wc.c:3	(at logger.py:129) 
2019-03-02 02:02:19,027 [D] └:F:n:WD_2:wc.c:2	(at logger.py:129) 
2019-03-02 02:02:19,039 [D] ┌:F:n:WD_3:wc.c:3	(at logger.py:129) 
2019-03-02 02:02:19,039 [D] |:F:n:WD_3:wc.c:2	(at logger.py:129) 
2019-03-02 02:02:19,039 [D] └:F:n:WD_3:wc.c:1	(at logger.py:129) 
2019-03-02 02:02:19,075 [D] -:P:c:WD_1:wc.c:2	(at logger.py:129) 
2019-03-02 02:02:19,123 [D] -:P:n:WD_1:wc.c:1	(at logger.py:129) 
2019-03-02 02:02:19,123 [D] comp_cached_cnt:0	(at logger.py:134) 
2019-03-02 02:02:19,123 [D] compile_cnt:100	(at logger.py:134) 
2019-03-02 02:02:19,123 [D] execute_cnt:22	(at logger.py:134) 
2019-03-02 02:02:19,123 [D] fail_del_cnt:16	(at logger.py:134) 
2019-03-02 02:02:19,123 [D] iter_idx:1	(at logger.py:134) 
2019-03-02 02:02:19,123 [D] reuse_cnt:9	(at logger.py:134) 
2019-03-02 02:02:19,123 [D] succ_del_cnt:15	(at logger.py:134) 
2019-03-02 02:02:19,123 [D] time:2.4326751232147217	(at logger.py:134) 
2019-03-02 02:02:19,123 [D] deletion:22	(at logger.py:136) 
