2019-03-02 02:02:04,426 [I] 	(at main.py:29) 
2019-03-02 02:02:04,426 [I] ===== START - RUN ==============================================	(at main.py:32) 
2019-03-02 02:02:04,426 [D] Title: RUN, Job key: RUN_2019-03-02_02:02:04	(at main.py:40) 
2019-03-02 02:02:04,426 [I] Load config file.	(at main.py:56) 
2019-03-02 02:02:04,426 [D] Loading config from ['/home/bohrok/Documents/DM/output/orbs/wc/5/config/config.ini']	(at config.py:16) 
2019-03-02 02:02:04,426 [D] Load config successfully!	(at config.py:19) 
2019-03-02 02:02:04,426 [D] Initialize directory: .	(at workspace.py:10) 
2019-03-02 02:02:04,426 [I] Initialize workspace.	(at main.py:64) 
2019-03-02 02:02:04,426 [I] Working directory path: /home/bohrok/Documents/DM/output/orbs/wc/5/work	(at workspace.py:41) 
2019-03-02 02:02:04,428 [D] Record the config on workspace.	(at workspace.py:62) 
2019-03-02 02:02:04,428 [I] No PRE stage.	(at main.py:73) 
2019-03-02 02:02:04,428 [I] Construct SliceSpace.	(at main.py:76) 
2019-03-02 02:02:04,429 [I] Compile the system.	(at slicespace.py:148) 
2019-03-02 02:02:04,463 [I] Execute the system.	(at slicespace.py:160) 
2019-03-02 02:02:04,478 [I] Compile the system again (sanity check).	(at slicespace.py:174) 
2019-03-02 02:02:04,513 [I] Execute the system again (sanity check).	(at slicespace.py:188) 
2019-03-02 02:02:04,525 [I] Construct deletion operators.	(at main.py:80) 
2019-03-02 02:02:04,525 [I] Run ORBS stage.	(at main.py:85) 
2019-03-02 02:02:04,525 [I] ORBS starts...	(at orbs.py:53) 
2019-03-02 02:02:04,539 [D] subprocess cmd: ['source compile.sh /home/bohrok/Documents/DM/output/orbs/wc/5/work'], stdout: b''	(at ex_script.py:45) 
2019-03-02 02:02:04,539 [D] -:F:n:WD_1:wc.c:48	(at logger.py:129) 
2019-03-02 02:02:04,551 [D] subprocess cmd: ['source compile.sh /home/bohrok/Documents/DM/output/orbs/wc/5/work'], stdout: b''	(at ex_script.py:45) 
2019-03-02 02:02:04,552 [D] ┌:F:n:WD_2:wc.c:48	(at logger.py:129) 
2019-03-02 02:02:04,552 [D] └:F:n:WD_2:wc.c:47	(at logger.py:129) 
2019-03-02 02:02:04,566 [D] subprocess cmd: ['source compile.sh /home/bohrok/Documents/DM/output/orbs/wc/5/work'], stdout: b''	(at ex_script.py:45) 
2019-03-02 02:02:04,566 [D] ┌:F:n:WD_3:wc.c:48	(at logger.py:129) 
2019-03-02 02:02:04,566 [D] |:F:n:WD_3:wc.c:47	(at logger.py:129) 
2019-03-02 02:02:04,566 [D] └:F:n:WD_3:wc.c:46	(at logger.py:129) 
2019-03-02 02:02:04,578 [D] subprocess cmd: ['source compile.sh /home/bohrok/Documents/DM/output/orbs/wc/5/work'], stdout: b''	(at ex_script.py:45) 
2019-03-02 02:02:04,579 [D] -:F:n:WD_1:wc.c:47	(at logger.py:129) 
2019-03-02 02:02:04,593 [D] subprocess cmd: ['source compile.sh /home/bohrok/Documents/DM/output/orbs/wc/5/work'], stdout: b''	(at ex_script.py:45) 
2019-03-02 02:02:04,593 [D] ┌:F:n:WD_2:wc.c:47	(at logger.py:129) 
2019-03-02 02:02:04,593 [D] └:F:n:WD_2:wc.c:46	(at logger.py:129) 
2019-03-02 02:02:04,607 [D] subprocess cmd: ['source compile.sh /home/bohrok/Documents/DM/output/orbs/wc/5/work'], stdout: b''	(at ex_script.py:45) 
2019-03-02 02:02:04,607 [D] ┌:F:n:WD_3:wc.c:47	(at logger.py:129) 
2019-03-02 02:02:04,607 [D] |:F:n:WD_3:wc.c:46	(at logger.py:129) 
2019-03-02 02:02:04,608 [D] └:F:n:WD_3:wc.c:45	(at logger.py:129) 
2019-03-02 02:02:04,653 [D] -:P:n:WD_1:wc.c:46	(at logger.py:129) 
2019-03-02 02:02:04,666 [D] subprocess cmd: ['source compile.sh /home/bohrok/Documents/DM/output/orbs/wc/5/work'], stdout: b''	(at ex_script.py:45) 
2019-03-02 02:02:04,666 [D] -:F:n:WD_1:wc.c:45	(at logger.py:129) 
2019-03-02 02:02:04,679 [D] subprocess cmd: ['source compile.sh /home/bohrok/Documents/DM/output/orbs/wc/5/work'], stdout: b''	(at ex_script.py:45) 
2019-03-02 02:02:04,679 [D] ┌:F:n:WD_2:wc.c:45	(at logger.py:129) 
2019-03-02 02:02:04,679 [D] └:F:n:WD_2:wc.c:44	(at logger.py:129) 
2019-03-02 02:02:04,715 [D] ┌:P:c:WD_3:wc.c:45	(at logger.py:129) 
2019-03-02 02:02:04,715 [D] |:P:c:WD_3:wc.c:44	(at logger.py:129) 
2019-03-02 02:02:04,715 [D] └:P:c:WD_3:wc.c:43	(at logger.py:129) 
2019-03-02 02:02:04,715 [D]  : : :pass:wc.c:44	(at logger.py:129) 
2019-03-02 02:02:04,715 [D]  : : :pass:wc.c:43	(at logger.py:129) 
2019-03-02 02:02:04,759 [D] -:P:n:WD_1:wc.c:42	(at logger.py:129) 
2019-03-02 02:02:04,773 [D] subprocess cmd: ['source compile.sh /home/bohrok/Documents/DM/output/orbs/wc/5/work'], stdout: b''	(at ex_script.py:45) 
2019-03-02 02:02:04,774 [D] -:F:n:WD_1:wc.c:41	(at logger.py:129) 
2019-03-02 02:02:04,789 [D] subprocess cmd: ['source compile.sh /home/bohrok/Documents/DM/output/orbs/wc/5/work'], stdout: b''	(at ex_script.py:45) 
2019-03-02 02:02:04,789 [D] ┌:F:n:WD_2:wc.c:41	(at logger.py:129) 
2019-03-02 02:02:04,789 [D] └:F:n:WD_2:wc.c:40	(at logger.py:129) 
2019-03-02 02:02:04,802 [D] subprocess cmd: ['source compile.sh /home/bohrok/Documents/DM/output/orbs/wc/5/work'], stdout: b''	(at ex_script.py:45) 
2019-03-02 02:02:04,802 [D] ┌:F:n:WD_3:wc.c:41	(at logger.py:129) 
2019-03-02 02:02:04,802 [D] |:F:n:WD_3:wc.c:40	(at logger.py:129) 
2019-03-02 02:02:04,802 [D] └:F:n:WD_3:wc.c:39	(at logger.py:129) 
2019-03-02 02:02:04,816 [D] subprocess cmd: ['source compile.sh /home/bohrok/Documents/DM/output/orbs/wc/5/work'], stdout: b''	(at ex_script.py:45) 
2019-03-02 02:02:04,816 [D] -:F:n:WD_1:wc.c:40	(at logger.py:129) 
2019-03-02 02:02:04,850 [D] ┌:P:c:WD_2:wc.c:40	(at logger.py:129) 
2019-03-02 02:02:04,851 [D] └:P:c:WD_2:wc.c:39	(at logger.py:129) 
2019-03-02 02:02:04,851 [D]  : : :pass:wc.c:39	(at logger.py:129) 
2019-03-02 02:02:04,898 [D] -:P:n:WD_1:wc.c:38	(at logger.py:129) 
2019-03-02 02:02:04,910 [D] subprocess cmd: ['source compile.sh /home/bohrok/Documents/DM/output/orbs/wc/5/work'], stdout: b''	(at ex_script.py:45) 
2019-03-02 02:02:04,910 [D] -:F:n:WD_1:wc.c:37	(at logger.py:129) 
2019-03-02 02:02:04,924 [D] subprocess cmd: ['source compile.sh /home/bohrok/Documents/DM/output/orbs/wc/5/work'], stdout: b''	(at ex_script.py:45) 
2019-03-02 02:02:04,924 [D] ┌:F:n:WD_2:wc.c:37	(at logger.py:129) 
2019-03-02 02:02:04,924 [D] └:F:n:WD_2:wc.c:36	(at logger.py:129) 
2019-03-02 02:02:04,956 [D] subprocess cmd: ['source compile.sh /home/bohrok/Documents/DM/output/orbs/wc/5/work'], stdout: b''	(at ex_script.py:45) 
2019-03-02 02:02:04,956 [D] ┌:F:n:WD_3:wc.c:37	(at logger.py:129) 
2019-03-02 02:02:04,956 [D] |:F:n:WD_3:wc.c:36	(at logger.py:129) 
2019-03-02 02:02:04,956 [D] └:F:n:WD_3:wc.c:35	(at logger.py:129) 
2019-03-02 02:02:04,968 [D] subprocess cmd: ['source compile.sh /home/bohrok/Documents/DM/output/orbs/wc/5/work'], stdout: b''	(at ex_script.py:45) 
2019-03-02 02:02:04,968 [D] -:F:n:WD_1:wc.c:36	(at logger.py:129) 
2019-03-02 02:02:04,981 [D] subprocess cmd: ['source compile.sh /home/bohrok/Documents/DM/output/orbs/wc/5/work'], stdout: b''	(at ex_script.py:45) 
2019-03-02 02:02:04,981 [D] ┌:F:n:WD_2:wc.c:36	(at logger.py:129) 
2019-03-02 02:02:04,982 [D] └:F:n:WD_2:wc.c:35	(at logger.py:129) 
2019-03-02 02:02:04,995 [D] subprocess cmd: ['source compile.sh /home/bohrok/Documents/DM/output/orbs/wc/5/work'], stdout: b''	(at ex_script.py:45) 
2019-03-02 02:02:04,995 [D] ┌:F:n:WD_3:wc.c:36	(at logger.py:129) 
2019-03-02 02:02:04,995 [D] |:F:n:WD_3:wc.c:35	(at logger.py:129) 
2019-03-02 02:02:04,995 [D] └:F:n:WD_3:wc.c:34	(at logger.py:129) 
2019-03-02 02:02:05,011 [D] subprocess cmd: ['source compile.sh /home/bohrok/Documents/DM/output/orbs/wc/5/work'], stdout: b''	(at ex_script.py:45) 
2019-03-02 02:02:05,011 [D] -:F:n:WD_1:wc.c:35	(at logger.py:129) 
2019-03-02 02:02:05,026 [D] subprocess cmd: ['source compile.sh /home/bohrok/Documents/DM/output/orbs/wc/5/work'], stdout: b''	(at ex_script.py:45) 
2019-03-02 02:02:05,026 [D] ┌:F:n:WD_2:wc.c:35	(at logger.py:129) 
2019-03-02 02:02:05,027 [D] └:F:n:WD_2:wc.c:34	(at logger.py:129) 
2019-03-02 02:02:05,041 [D] subprocess cmd: ['source compile.sh /home/bohrok/Documents/DM/output/orbs/wc/5/work'], stdout: b''	(at ex_script.py:45) 
2019-03-02 02:02:05,042 [D] ┌:F:n:WD_3:wc.c:35	(at logger.py:129) 
2019-03-02 02:02:05,042 [D] |:F:n:WD_3:wc.c:34	(at logger.py:129) 
2019-03-02 02:02:05,042 [D] └:F:n:WD_3:wc.c:33	(at logger.py:129) 
2019-03-02 02:02:05,056 [D] subprocess cmd: ['source compile.sh /home/bohrok/Documents/DM/output/orbs/wc/5/work'], stdout: b''	(at ex_script.py:45) 
2019-03-02 02:02:05,056 [D] -:F:n:WD_1:wc.c:34	(at logger.py:129) 
2019-03-02 02:02:05,071 [D] subprocess cmd: ['source compile.sh /home/bohrok/Documents/DM/output/orbs/wc/5/work'], stdout: b''	(at ex_script.py:45) 
2019-03-02 02:02:05,071 [D] ┌:F:n:WD_2:wc.c:34	(at logger.py:129) 
2019-03-02 02:02:05,071 [D] └:F:n:WD_2:wc.c:33	(at logger.py:129) 
2019-03-02 02:02:05,085 [D] subprocess cmd: ['source compile.sh /home/bohrok/Documents/DM/output/orbs/wc/5/work'], stdout: b''	(at ex_script.py:45) 
2019-03-02 02:02:05,085 [D] ┌:F:n:WD_3:wc.c:34	(at logger.py:129) 
2019-03-02 02:02:05,085 [D] |:F:n:WD_3:wc.c:33	(at logger.py:129) 
2019-03-02 02:02:05,085 [D] └:F:n:WD_3:wc.c:32	(at logger.py:129) 
2019-03-02 02:02:05,099 [D] subprocess cmd: ['source compile.sh /home/bohrok/Documents/DM/output/orbs/wc/5/work'], stdout: b''	(at ex_script.py:45) 
2019-03-02 02:02:05,099 [D] -:F:n:WD_1:wc.c:33	(at logger.py:129) 
2019-03-02 02:02:05,112 [D] subprocess cmd: ['source compile.sh /home/bohrok/Documents/DM/output/orbs/wc/5/work'], stdout: b''	(at ex_script.py:45) 
2019-03-02 02:02:05,113 [D] ┌:F:n:WD_2:wc.c:33	(at logger.py:129) 
2019-03-02 02:02:05,113 [D] └:F:n:WD_2:wc.c:32	(at logger.py:129) 
2019-03-02 02:02:05,127 [D] subprocess cmd: ['source compile.sh /home/bohrok/Documents/DM/output/orbs/wc/5/work'], stdout: b''	(at ex_script.py:45) 
2019-03-02 02:02:05,127 [D] ┌:F:n:WD_3:wc.c:33	(at logger.py:129) 
2019-03-02 02:02:05,127 [D] |:F:n:WD_3:wc.c:32	(at logger.py:129) 
2019-03-02 02:02:05,127 [D] └:F:n:WD_3:wc.c:31	(at logger.py:129) 
2019-03-02 02:02:05,176 [D] -:P:n:WD_1:wc.c:32	(at logger.py:129) 
2019-03-02 02:02:05,190 [D] subprocess cmd: ['source compile.sh /home/bohrok/Documents/DM/output/orbs/wc/5/work'], stdout: b''	(at ex_script.py:45) 
2019-03-02 02:02:05,190 [D] -:F:n:WD_1:wc.c:31	(at logger.py:129) 
2019-03-02 02:02:05,203 [D] subprocess cmd: ['source compile.sh /home/bohrok/Documents/DM/output/orbs/wc/5/work'], stdout: b''	(at ex_script.py:45) 
2019-03-02 02:02:05,203 [D] ┌:F:n:WD_2:wc.c:31	(at logger.py:129) 
2019-03-02 02:02:05,203 [D] └:F:n:WD_2:wc.c:30	(at logger.py:129) 
2019-03-02 02:02:05,237 [D] ┌:P:c:WD_3:wc.c:31	(at logger.py:129) 
2019-03-02 02:02:05,237 [D] |:P:c:WD_3:wc.c:30	(at logger.py:129) 
2019-03-02 02:02:05,237 [D] └:P:c:WD_3:wc.c:29	(at logger.py:129) 
2019-03-02 02:02:05,237 [D]  : : :pass:wc.c:30	(at logger.py:129) 
2019-03-02 02:02:05,237 [D]  : : :pass:wc.c:29	(at logger.py:129) 
2019-03-02 02:02:05,250 [D] subprocess cmd: ['source compile.sh /home/bohrok/Documents/DM/output/orbs/wc/5/work'], stdout: b''	(at ex_script.py:45) 
2019-03-02 02:02:05,250 [D] -:F:n:WD_1:wc.c:28	(at logger.py:129) 
2019-03-02 02:02:05,264 [D] subprocess cmd: ['source compile.sh /home/bohrok/Documents/DM/output/orbs/wc/5/work'], stdout: b''	(at ex_script.py:45) 
2019-03-02 02:02:05,264 [D] ┌:F:n:WD_2:wc.c:28	(at logger.py:129) 
2019-03-02 02:02:05,264 [D] └:F:n:WD_2:wc.c:27	(at logger.py:129) 
2019-03-02 02:02:05,282 [D] subprocess cmd: ['source compile.sh /home/bohrok/Documents/DM/output/orbs/wc/5/work'], stdout: b''	(at ex_script.py:45) 
2019-03-02 02:02:05,282 [D] ┌:F:n:WD_3:wc.c:28	(at logger.py:129) 
2019-03-02 02:02:05,282 [D] |:F:n:WD_3:wc.c:27	(at logger.py:129) 
2019-03-02 02:02:05,282 [D] └:F:n:WD_3:wc.c:26	(at logger.py:129) 
2019-03-02 02:02:05,328 [D] -:P:n:WD_1:wc.c:27	(at logger.py:129) 
2019-03-02 02:02:05,375 [D] -:P:n:WD_1:wc.c:26	(at logger.py:129) 
2019-03-02 02:02:05,388 [D] subprocess cmd: ['source compile.sh /home/bohrok/Documents/DM/output/orbs/wc/5/work'], stdout: b''	(at ex_script.py:45) 
2019-03-02 02:02:05,388 [D] -:F:n:WD_1:wc.c:25	(at logger.py:129) 
2019-03-02 02:02:05,401 [D] subprocess cmd: ['source compile.sh /home/bohrok/Documents/DM/output/orbs/wc/5/work'], stdout: b''	(at ex_script.py:45) 
2019-03-02 02:02:05,401 [D] ┌:F:n:WD_2:wc.c:25	(at logger.py:129) 
2019-03-02 02:02:05,401 [D] └:F:n:WD_2:wc.c:24	(at logger.py:129) 
2019-03-02 02:02:05,414 [D] subprocess cmd: ['source compile.sh /home/bohrok/Documents/DM/output/orbs/wc/5/work'], stdout: b''	(at ex_script.py:45) 
2019-03-02 02:02:05,414 [D] ┌:F:n:WD_3:wc.c:25	(at logger.py:129) 
2019-03-02 02:02:05,414 [D] |:F:n:WD_3:wc.c:24	(at logger.py:129) 
2019-03-02 02:02:05,414 [D] └:F:n:WD_3:wc.c:23	(at logger.py:129) 
2019-03-02 02:02:05,448 [D] -:P:c:WD_1:wc.c:24	(at logger.py:129) 
2019-03-02 02:02:05,461 [D] subprocess cmd: ['source compile.sh /home/bohrok/Documents/DM/output/orbs/wc/5/work'], stdout: b''	(at ex_script.py:45) 
2019-03-02 02:02:05,461 [D] -:F:n:WD_1:wc.c:23	(at logger.py:129) 
2019-03-02 02:02:05,476 [D] subprocess cmd: ['source compile.sh /home/bohrok/Documents/DM/output/orbs/wc/5/work'], stdout: b''	(at ex_script.py:45) 
2019-03-02 02:02:05,476 [D] ┌:F:n:WD_2:wc.c:23	(at logger.py:129) 
2019-03-02 02:02:05,476 [D] └:F:n:WD_2:wc.c:22	(at logger.py:129) 
2019-03-02 02:02:05,524 [D] ┌:P:n:WD_3:wc.c:23	(at logger.py:129) 
2019-03-02 02:02:05,525 [D] |:P:n:WD_3:wc.c:22	(at logger.py:129) 
2019-03-02 02:02:05,525 [D] └:P:n:WD_3:wc.c:21	(at logger.py:129) 
2019-03-02 02:02:05,525 [D]  : : :pass:wc.c:22	(at logger.py:129) 
2019-03-02 02:02:05,525 [D]  : : :pass:wc.c:21	(at logger.py:129) 
2019-03-02 02:02:05,568 [D] -:P:n:WD_1:wc.c:20	(at logger.py:129) 
2019-03-02 02:02:05,581 [D] subprocess cmd: ['source compile.sh /home/bohrok/Documents/DM/output/orbs/wc/5/work'], stdout: b''	(at ex_script.py:45) 
2019-03-02 02:02:05,582 [D] -:F:n:WD_1:wc.c:19	(at logger.py:129) 
2019-03-02 02:02:05,594 [D] subprocess cmd: ['source compile.sh /home/bohrok/Documents/DM/output/orbs/wc/5/work'], stdout: b''	(at ex_script.py:45) 
2019-03-02 02:02:05,594 [D] ┌:F:n:WD_2:wc.c:19	(at logger.py:129) 
2019-03-02 02:02:05,594 [D] └:F:n:WD_2:wc.c:18	(at logger.py:129) 
2019-03-02 02:02:05,607 [D] subprocess cmd: ['source compile.sh /home/bohrok/Documents/DM/output/orbs/wc/5/work'], stdout: b''	(at ex_script.py:45) 
2019-03-02 02:02:05,608 [D] ┌:F:n:WD_3:wc.c:19	(at logger.py:129) 
2019-03-02 02:02:05,608 [D] |:F:n:WD_3:wc.c:18	(at logger.py:129) 
2019-03-02 02:02:05,608 [D] └:F:n:WD_3:wc.c:17	(at logger.py:129) 
2019-03-02 02:02:05,640 [D] -:P:c:WD_1:wc.c:18	(at logger.py:129) 
2019-03-02 02:02:05,686 [D] -:C:n:WD_1:wc.c:17	(at logger.py:129) 
2019-03-02 02:02:05,729 [D] subprocess cmd: ['source execute.sh /home/bohrok/Documents/DM/output/orbs/wc/5/work'], stdout: b''	(at ex_script.py:45) 
2019-03-02 02:02:05,729 [D] ┌:C:n:WD_2:wc.c:17	(at logger.py:129) 
2019-03-02 02:02:05,729 [D] └:C:n:WD_2:wc.c:16	(at logger.py:129) 
2019-03-02 02:02:05,764 [D] ┌:C:c:WD_3:wc.c:17	(at logger.py:129) 
2019-03-02 02:02:05,764 [D] |:C:c:WD_3:wc.c:16	(at logger.py:129) 
2019-03-02 02:02:05,764 [D] └:C:c:WD_3:wc.c:15	(at logger.py:129) 
2019-03-02 02:02:05,810 [D] subprocess cmd: ['source execute.sh /home/bohrok/Documents/DM/output/orbs/wc/5/work'], stdout: b''	(at ex_script.py:45) 
2019-03-02 02:02:05,810 [D] -:C:n:WD_1:wc.c:16	(at logger.py:129) 
2019-03-02 02:02:05,843 [D] ┌:C:c:WD_2:wc.c:16	(at logger.py:129) 
2019-03-02 02:02:05,844 [D] └:C:c:WD_2:wc.c:15	(at logger.py:129) 
2019-03-02 02:02:05,857 [D] subprocess cmd: ['source compile.sh /home/bohrok/Documents/DM/output/orbs/wc/5/work'], stdout: b''	(at ex_script.py:45) 
2019-03-02 02:02:05,858 [D] ┌:F:n:WD_3:wc.c:16	(at logger.py:129) 
2019-03-02 02:02:05,858 [D] |:F:n:WD_3:wc.c:15	(at logger.py:129) 
2019-03-02 02:02:05,858 [D] └:F:n:WD_3:wc.c:14	(at logger.py:129) 
2019-03-02 02:02:05,890 [D] -:P:c:WD_1:wc.c:15	(at logger.py:129) 
2019-03-02 02:02:05,903 [D] subprocess cmd: ['source compile.sh /home/bohrok/Documents/DM/output/orbs/wc/5/work'], stdout: b''	(at ex_script.py:45) 
2019-03-02 02:02:05,903 [D] -:F:n:WD_1:wc.c:14	(at logger.py:129) 
2019-03-02 02:02:05,916 [D] subprocess cmd: ['source compile.sh /home/bohrok/Documents/DM/output/orbs/wc/5/work'], stdout: b''	(at ex_script.py:45) 
2019-03-02 02:02:05,916 [D] ┌:F:n:WD_2:wc.c:14	(at logger.py:129) 
2019-03-02 02:02:05,916 [D] └:F:n:WD_2:wc.c:13	(at logger.py:129) 
2019-03-02 02:02:05,929 [D] subprocess cmd: ['source compile.sh /home/bohrok/Documents/DM/output/orbs/wc/5/work'], stdout: b''	(at ex_script.py:45) 
2019-03-02 02:02:05,930 [D] ┌:F:n:WD_3:wc.c:14	(at logger.py:129) 
2019-03-02 02:02:05,930 [D] |:F:n:WD_3:wc.c:13	(at logger.py:129) 
2019-03-02 02:02:05,930 [D] └:F:n:WD_3:wc.c:12	(at logger.py:129) 
2019-03-02 02:02:05,977 [D] -:C:n:WD_1:wc.c:13	(at logger.py:129) 
2019-03-02 02:02:06,025 [D] ┌:C:n:WD_2:wc.c:13	(at logger.py:129) 
2019-03-02 02:02:06,025 [D] └:C:n:WD_2:wc.c:12	(at logger.py:129) 
2019-03-02 02:02:06,071 [D] ┌:C:n:WD_3:wc.c:13	(at logger.py:129) 
2019-03-02 02:02:06,071 [D] |:C:n:WD_3:wc.c:12	(at logger.py:129) 
2019-03-02 02:02:06,071 [D] └:C:n:WD_3:wc.c:11	(at logger.py:129) 
2019-03-02 02:02:06,116 [D] -:P:n:WD_1:wc.c:12	(at logger.py:129) 
2019-03-02 02:02:06,161 [D] -:P:n:WD_1:wc.c:11	(at logger.py:129) 
2019-03-02 02:02:06,209 [D] -:C:n:WD_1:wc.c:10	(at logger.py:129) 
2019-03-02 02:02:06,223 [D] subprocess cmd: ['source compile.sh /home/bohrok/Documents/DM/output/orbs/wc/5/work'], stdout: b''	(at ex_script.py:45) 
2019-03-02 02:02:06,223 [D] ┌:F:n:WD_2:wc.c:10	(at logger.py:129) 
2019-03-02 02:02:06,223 [D] └:F:n:WD_2:wc.c:9	(at logger.py:129) 
2019-03-02 02:02:06,236 [D] subprocess cmd: ['source compile.sh /home/bohrok/Documents/DM/output/orbs/wc/5/work'], stdout: b''	(at ex_script.py:45) 
2019-03-02 02:02:06,236 [D] ┌:F:n:WD_3:wc.c:10	(at logger.py:129) 
2019-03-02 02:02:06,236 [D] |:F:n:WD_3:wc.c:9	(at logger.py:129) 
2019-03-02 02:02:06,236 [D] └:F:n:WD_3:wc.c:8	(at logger.py:129) 
2019-03-02 02:02:06,249 [D] subprocess cmd: ['source compile.sh /home/bohrok/Documents/DM/output/orbs/wc/5/work'], stdout: b''	(at ex_script.py:45) 
2019-03-02 02:02:06,249 [D] -:F:n:WD_1:wc.c:9	(at logger.py:129) 
2019-03-02 02:02:06,262 [D] subprocess cmd: ['source compile.sh /home/bohrok/Documents/DM/output/orbs/wc/5/work'], stdout: b''	(at ex_script.py:45) 
2019-03-02 02:02:06,262 [D] ┌:F:n:WD_2:wc.c:9	(at logger.py:129) 
2019-03-02 02:02:06,262 [D] └:F:n:WD_2:wc.c:8	(at logger.py:129) 
2019-03-02 02:02:06,276 [D] subprocess cmd: ['source compile.sh /home/bohrok/Documents/DM/output/orbs/wc/5/work'], stdout: b''	(at ex_script.py:45) 
2019-03-02 02:02:06,277 [D] ┌:F:n:WD_3:wc.c:9	(at logger.py:129) 
2019-03-02 02:02:06,277 [D] |:F:n:WD_3:wc.c:8	(at logger.py:129) 
2019-03-02 02:02:06,277 [D] └:F:n:WD_3:wc.c:7	(at logger.py:129) 
2019-03-02 02:02:06,310 [D] -:P:c:WD_1:wc.c:8	(at logger.py:129) 
2019-03-02 02:02:06,343 [D] -:P:c:WD_1:wc.c:7	(at logger.py:129) 
2019-03-02 02:02:06,376 [D] -:P:c:WD_1:wc.c:6	(at logger.py:129) 
2019-03-02 02:02:06,389 [D] subprocess cmd: ['source compile.sh /home/bohrok/Documents/DM/output/orbs/wc/5/work'], stdout: b''	(at ex_script.py:45) 
2019-03-02 02:02:06,389 [D] -:F:n:WD_1:wc.c:5	(at logger.py:129) 
2019-03-02 02:02:06,401 [D] subprocess cmd: ['source compile.sh /home/bohrok/Documents/DM/output/orbs/wc/5/work'], stdout: b''	(at ex_script.py:45) 
2019-03-02 02:02:06,402 [D] ┌:F:n:WD_2:wc.c:5	(at logger.py:129) 
2019-03-02 02:02:06,402 [D] └:F:n:WD_2:wc.c:4	(at logger.py:129) 
2019-03-02 02:02:06,413 [D] subprocess cmd: ['source compile.sh /home/bohrok/Documents/DM/output/orbs/wc/5/work'], stdout: b''	(at ex_script.py:45) 
2019-03-02 02:02:06,413 [D] ┌:F:n:WD_3:wc.c:5	(at logger.py:129) 
2019-03-02 02:02:06,414 [D] |:F:n:WD_3:wc.c:4	(at logger.py:129) 
2019-03-02 02:02:06,414 [D] └:F:n:WD_3:wc.c:3	(at logger.py:129) 
2019-03-02 02:02:06,427 [D] subprocess cmd: ['source compile.sh /home/bohrok/Documents/DM/output/orbs/wc/5/work'], stdout: b''	(at ex_script.py:45) 
2019-03-02 02:02:06,428 [D] -:F:n:WD_1:wc.c:4	(at logger.py:129) 
2019-03-02 02:02:06,442 [D] subprocess cmd: ['source compile.sh /home/bohrok/Documents/DM/output/orbs/wc/5/work'], stdout: b''	(at ex_script.py:45) 
2019-03-02 02:02:06,442 [D] ┌:F:n:WD_2:wc.c:4	(at logger.py:129) 
2019-03-02 02:02:06,442 [D] └:F:n:WD_2:wc.c:3	(at logger.py:129) 
2019-03-02 02:02:06,458 [D] subprocess cmd: ['source compile.sh /home/bohrok/Documents/DM/output/orbs/wc/5/work'], stdout: b''	(at ex_script.py:45) 
2019-03-02 02:02:06,458 [D] ┌:F:n:WD_3:wc.c:4	(at logger.py:129) 
2019-03-02 02:02:06,458 [D] |:F:n:WD_3:wc.c:3	(at logger.py:129) 
2019-03-02 02:02:06,458 [D] └:F:n:WD_3:wc.c:2	(at logger.py:129) 
2019-03-02 02:02:06,471 [D] subprocess cmd: ['source compile.sh /home/bohrok/Documents/DM/output/orbs/wc/5/work'], stdout: b''	(at ex_script.py:45) 
2019-03-02 02:02:06,472 [D] -:F:n:WD_1:wc.c:3	(at logger.py:129) 
2019-03-02 02:02:06,484 [D] subprocess cmd: ['source compile.sh /home/bohrok/Documents/DM/output/orbs/wc/5/work'], stdout: b''	(at ex_script.py:45) 
2019-03-02 02:02:06,485 [D] ┌:F:n:WD_2:wc.c:3	(at logger.py:129) 
2019-03-02 02:02:06,485 [D] └:F:n:WD_2:wc.c:2	(at logger.py:129) 
2019-03-02 02:02:06,495 [D] subprocess cmd: ['source compile.sh /home/bohrok/Documents/DM/output/orbs/wc/5/work'], stdout: b''	(at ex_script.py:45) 
2019-03-02 02:02:06,495 [D] ┌:F:n:WD_3:wc.c:3	(at logger.py:129) 
2019-03-02 02:02:06,495 [D] |:F:n:WD_3:wc.c:2	(at logger.py:129) 
2019-03-02 02:02:06,495 [D] └:F:n:WD_3:wc.c:1	(at logger.py:129) 
2019-03-02 02:02:06,533 [D] -:P:c:WD_1:wc.c:2	(at logger.py:129) 
2019-03-02 02:02:06,581 [D] -:P:n:WD_1:wc.c:1	(at logger.py:129) 
2019-03-02 02:02:06,581 [D] comp_cached_cnt:0	(at logger.py:134) 
2019-03-02 02:02:06,581 [D] compile_cnt:88	(at logger.py:134) 
2019-03-02 02:02:06,581 [D] execute_cnt:18	(at logger.py:134) 
2019-03-02 02:02:06,582 [D] fail_del_cnt:9	(at logger.py:134) 
2019-03-02 02:02:06,582 [D] iter_idx:1	(at logger.py:134) 
2019-03-02 02:02:06,582 [D] reuse_cnt:12	(at logger.py:134) 
2019-03-02 02:02:06,582 [D] succ_del_cnt:21	(at logger.py:134) 
2019-03-02 02:02:06,582 [D] time:2.0555150508880615	(at logger.py:134) 
2019-03-02 02:02:06,582 [D] deletion:28	(at logger.py:136) 
2019-03-02 02:02:06,583 [I] Iteration 1 finished	(at orbs.py:87) 
2019-03-02 02:02:06,593 [D] subprocess cmd: ['source compile.sh /home/bohrok/Documents/DM/output/orbs/wc/5/work'], stdout: b''	(at ex_script.py:45) 
2019-03-02 02:02:06,593 [D] -:F:n:WD_1:wc.c:48	(at logger.py:129) 
2019-03-02 02:02:06,603 [D] subprocess cmd: ['source compile.sh /home/bohrok/Documents/DM/output/orbs/wc/5/work'], stdout: b''	(at ex_script.py:45) 
2019-03-02 02:02:06,604 [D] ┌:F:n:WD_2:wc.c:48	(at logger.py:129) 
2019-03-02 02:02:06,604 [D] └:F:n:WD_2:wc.c:47	(at logger.py:129) 
2019-03-02 02:02:06,614 [D] subprocess cmd: ['source compile.sh /home/bohrok/Documents/DM/output/orbs/wc/5/work'], stdout: b''	(at ex_script.py:45) 
2019-03-02 02:02:06,614 [D] ┌:F:n:WD_3:wc.c:48	(at logger.py:129) 
2019-03-02 02:02:06,614 [D] |:F:n:WD_3:wc.c:47	(at logger.py:129) 
2019-03-02 02:02:06,614 [D] └:F:n:WD_3:wc.c:41	(at logger.py:129) 
2019-03-02 02:02:06,625 [D] subprocess cmd: ['source compile.sh /home/bohrok/Documents/DM/output/orbs/wc/5/work'], stdout: b''	(at ex_script.py:45) 
2019-03-02 02:02:06,626 [D] -:F:n:WD_1:wc.c:47	(at logger.py:129) 
2019-03-02 02:02:06,658 [D] ┌:P:c:WD_2:wc.c:47	(at logger.py:129) 
2019-03-02 02:02:06,658 [D] └:P:c:WD_2:wc.c:41	(at logger.py:129) 
2019-03-02 02:02:06,658 [D]  : : :pass:wc.c:46	(at logger.py:129) 
2019-03-02 02:02:06,658 [D]  : : :pass:wc.c:45	(at logger.py:129) 
2019-03-02 02:02:06,658 [D]  : : :pass:wc.c:44	(at logger.py:129) 
2019-03-02 02:02:06,658 [D]  : : :pass:wc.c:43	(at logger.py:129) 
2019-03-02 02:02:06,658 [D]  : : :pass:wc.c:42	(at logger.py:129) 
2019-03-02 02:02:06,658 [D]  : : :pass:wc.c:41	(at logger.py:129) 
2019-03-02 02:02:06,658 [D]  : : :pass:wc.c:40	(at logger.py:129) 
2019-03-02 02:02:06,658 [D]  : : :pass:wc.c:39	(at logger.py:129) 
2019-03-02 02:02:06,658 [D]  : : :pass:wc.c:38	(at logger.py:129) 
2019-03-02 02:02:06,671 [D] subprocess cmd: ['source compile.sh /home/bohrok/Documents/DM/output/orbs/wc/5/work'], stdout: b''	(at ex_script.py:45) 
2019-03-02 02:02:06,671 [D] -:F:n:WD_1:wc.c:37	(at logger.py:129) 
2019-03-02 02:02:06,684 [D] subprocess cmd: ['source compile.sh /home/bohrok/Documents/DM/output/orbs/wc/5/work'], stdout: b''	(at ex_script.py:45) 
2019-03-02 02:02:06,684 [D] ┌:F:n:WD_2:wc.c:37	(at logger.py:129) 
2019-03-02 02:02:06,684 [D] └:F:n:WD_2:wc.c:36	(at logger.py:129) 
2019-03-02 02:02:06,729 [D] ┌:P:n:WD_3:wc.c:37	(at logger.py:129) 
2019-03-02 02:02:06,730 [D] |:P:n:WD_3:wc.c:36	(at logger.py:129) 
2019-03-02 02:02:06,730 [D] └:P:n:WD_3:wc.c:35	(at logger.py:129) 
2019-03-02 02:02:06,730 [D]  : : :pass:wc.c:36	(at logger.py:129) 
2019-03-02 02:02:06,730 [D]  : : :pass:wc.c:35	(at logger.py:129) 
2019-03-02 02:02:06,743 [D] subprocess cmd: ['source compile.sh /home/bohrok/Documents/DM/output/orbs/wc/5/work'], stdout: b''	(at ex_script.py:45) 
2019-03-02 02:02:06,743 [D] -:F:n:WD_1:wc.c:34	(at logger.py:129) 
2019-03-02 02:02:06,754 [D] subprocess cmd: ['source compile.sh /home/bohrok/Documents/DM/output/orbs/wc/5/work'], stdout: b''	(at ex_script.py:45) 
2019-03-02 02:02:06,754 [D] ┌:F:n:WD_2:wc.c:34	(at logger.py:129) 
2019-03-02 02:02:06,754 [D] └:F:n:WD_2:wc.c:33	(at logger.py:129) 
2019-03-02 02:02:06,766 [D] subprocess cmd: ['source compile.sh /home/bohrok/Documents/DM/output/orbs/wc/5/work'], stdout: b''	(at ex_script.py:45) 
2019-03-02 02:02:06,767 [D] ┌:F:n:WD_3:wc.c:34	(at logger.py:129) 
2019-03-02 02:02:06,767 [D] |:F:n:WD_3:wc.c:33	(at logger.py:129) 
2019-03-02 02:02:06,767 [D] └:F:n:WD_3:wc.c:28	(at logger.py:129) 
2019-03-02 02:02:06,778 [D] subprocess cmd: ['source compile.sh /home/bohrok/Documents/DM/output/orbs/wc/5/work'], stdout: b''	(at ex_script.py:45) 
2019-03-02 02:02:06,779 [D] -:F:n:WD_1:wc.c:33	(at logger.py:129) 
2019-03-02 02:02:06,792 [D] subprocess cmd: ['source compile.sh /home/bohrok/Documents/DM/output/orbs/wc/5/work'], stdout: b''	(at ex_script.py:45) 
2019-03-02 02:02:06,792 [D] ┌:F:n:WD_2:wc.c:33	(at logger.py:129) 
2019-03-02 02:02:06,792 [D] └:F:n:WD_2:wc.c:28	(at logger.py:129) 
2019-03-02 02:02:06,803 [D] subprocess cmd: ['source compile.sh /home/bohrok/Documents/DM/output/orbs/wc/5/work'], stdout: b''	(at ex_script.py:45) 
2019-03-02 02:02:06,803 [D] ┌:F:n:WD_3:wc.c:33	(at logger.py:129) 
2019-03-02 02:02:06,803 [D] |:F:n:WD_3:wc.c:28	(at logger.py:129) 
2019-03-02 02:02:06,803 [D] └:F:n:WD_3:wc.c:25	(at logger.py:129) 
2019-03-02 02:02:06,803 [D]  : : :pass:wc.c:32	(at logger.py:129) 
2019-03-02 02:02:06,803 [D]  : : :pass:wc.c:31	(at logger.py:129) 
2019-03-02 02:02:06,803 [D]  : : :pass:wc.c:30	(at logger.py:129) 
2019-03-02 02:02:06,803 [D]  : : :pass:wc.c:29	(at logger.py:129) 
2019-03-02 02:02:06,814 [D] subprocess cmd: ['source compile.sh /home/bohrok/Documents/DM/output/orbs/wc/5/work'], stdout: b''	(at ex_script.py:45) 
2019-03-02 02:02:06,814 [D] -:F:n:WD_1:wc.c:28	(at logger.py:129) 
2019-03-02 02:02:06,850 [D] ┌:P:c:WD_2:wc.c:28	(at logger.py:129) 
2019-03-02 02:02:06,850 [D] └:P:c:WD_2:wc.c:25	(at logger.py:129) 
2019-03-02 02:02:06,850 [D]  : : :pass:wc.c:27	(at logger.py:129) 
2019-03-02 02:02:06,850 [D]  : : :pass:wc.c:26	(at logger.py:129) 
2019-03-02 02:02:06,850 [D]  : : :pass:wc.c:25	(at logger.py:129) 
2019-03-02 02:02:06,851 [D]  : : :pass:wc.c:24	(at logger.py:129) 
2019-03-02 02:02:06,851 [D]  : : :pass:wc.c:23	(at logger.py:129) 
2019-03-02 02:02:06,851 [D]  : : :pass:wc.c:22	(at logger.py:129) 
2019-03-02 02:02:06,851 [D]  : : :pass:wc.c:21	(at logger.py:129) 
2019-03-02 02:02:06,851 [D]  : : :pass:wc.c:20	(at logger.py:129) 
2019-03-02 02:02:06,863 [D] subprocess cmd: ['source compile.sh /home/bohrok/Documents/DM/output/orbs/wc/5/work'], stdout: b''	(at ex_script.py:45) 
2019-03-02 02:02:06,863 [D] -:F:n:WD_1:wc.c:19	(at logger.py:129) 
2019-03-02 02:02:06,875 [D] subprocess cmd: ['source compile.sh /home/bohrok/Documents/DM/output/orbs/wc/5/work'], stdout: b''	(at ex_script.py:45) 
2019-03-02 02:02:06,876 [D] ┌:F:n:WD_2:wc.c:19	(at logger.py:129) 
2019-03-02 02:02:06,876 [D] └:F:n:WD_2:wc.c:17	(at logger.py:129) 
2019-03-02 02:02:06,887 [D] subprocess cmd: ['source compile.sh /home/bohrok/Documents/DM/output/orbs/wc/5/work'], stdout: b''	(at ex_script.py:45) 
2019-03-02 02:02:06,887 [D] ┌:F:n:WD_3:wc.c:19	(at logger.py:129) 
2019-03-02 02:02:06,887 [D] |:F:n:WD_3:wc.c:17	(at logger.py:129) 
2019-03-02 02:02:06,887 [D] └:F:n:WD_3:wc.c:16	(at logger.py:129) 
2019-03-02 02:02:06,887 [D]  : : :pass:wc.c:18	(at logger.py:129) 
2019-03-02 02:02:06,931 [D] -:C:n:WD_1:wc.c:17	(at logger.py:129) 
2019-03-02 02:02:06,977 [D] subprocess cmd: ['source execute.sh /home/bohrok/Documents/DM/output/orbs/wc/5/work'], stdout: b''	(at ex_script.py:45) 
2019-03-02 02:02:06,977 [D] ┌:C:n:WD_2:wc.c:17	(at logger.py:129) 
2019-03-02 02:02:06,977 [D] └:C:n:WD_2:wc.c:16	(at logger.py:129) 
2019-03-02 02:02:06,988 [D] subprocess cmd: ['source compile.sh /home/bohrok/Documents/DM/output/orbs/wc/5/work'], stdout: b''	(at ex_script.py:45) 
2019-03-02 02:02:06,989 [D] ┌:F:n:WD_3:wc.c:17	(at logger.py:129) 
2019-03-02 02:02:06,989 [D] |:F:n:WD_3:wc.c:16	(at logger.py:129) 
2019-03-02 02:02:06,989 [D] └:F:n:WD_3:wc.c:14	(at logger.py:129) 
2019-03-02 02:02:07,036 [D] subprocess cmd: ['source execute.sh /home/bohrok/Documents/DM/output/orbs/wc/5/work'], stdout: b''	(at ex_script.py:45) 
2019-03-02 02:02:07,036 [D] -:C:n:WD_1:wc.c:16	(at logger.py:129) 
2019-03-02 02:02:07,046 [D] subprocess cmd: ['source compile.sh /home/bohrok/Documents/DM/output/orbs/wc/5/work'], stdout: b''	(at ex_script.py:45) 
2019-03-02 02:02:07,046 [D] ┌:F:n:WD_2:wc.c:16	(at logger.py:129) 
2019-03-02 02:02:07,046 [D] └:F:n:WD_2:wc.c:14	(at logger.py:129) 
2019-03-02 02:02:07,060 [D] subprocess cmd: ['source compile.sh /home/bohrok/Documents/DM/output/orbs/wc/5/work'], stdout: b''	(at ex_script.py:45) 
2019-03-02 02:02:07,060 [D] ┌:F:n:WD_3:wc.c:16	(at logger.py:129) 
2019-03-02 02:02:07,060 [D] |:F:n:WD_3:wc.c:14	(at logger.py:129) 
2019-03-02 02:02:07,060 [D] └:F:n:WD_3:wc.c:13	(at logger.py:129) 
2019-03-02 02:02:07,060 [D]  : : :pass:wc.c:15	(at logger.py:129) 
2019-03-02 02:02:07,073 [D] subprocess cmd: ['source compile.sh /home/bohrok/Documents/DM/output/orbs/wc/5/work'], stdout: b''	(at ex_script.py:45) 
2019-03-02 02:02:07,073 [D] -:F:n:WD_1:wc.c:14	(at logger.py:129) 
2019-03-02 02:02:07,084 [D] subprocess cmd: ['source compile.sh /home/bohrok/Documents/DM/output/orbs/wc/5/work'], stdout: b''	(at ex_script.py:45) 
2019-03-02 02:02:07,085 [D] ┌:F:n:WD_2:wc.c:14	(at logger.py:129) 
2019-03-02 02:02:07,085 [D] └:F:n:WD_2:wc.c:13	(at logger.py:129) 
2019-03-02 02:02:07,095 [D] subprocess cmd: ['source compile.sh /home/bohrok/Documents/DM/output/orbs/wc/5/work'], stdout: b''	(at ex_script.py:45) 
2019-03-02 02:02:07,095 [D] ┌:F:n:WD_3:wc.c:14	(at logger.py:129) 
2019-03-02 02:02:07,095 [D] |:F:n:WD_3:wc.c:13	(at logger.py:129) 
2019-03-02 02:02:07,095 [D] └:F:n:WD_3:wc.c:10	(at logger.py:129) 
2019-03-02 02:02:07,193 [D] -:C:n:WD_1:wc.c:13	(at logger.py:129) 
2019-03-02 02:02:07,254 [D] ┌:C:n:WD_2:wc.c:13	(at logger.py:129) 
2019-03-02 02:02:07,254 [D] └:C:n:WD_2:wc.c:10	(at logger.py:129) 
2019-03-02 02:02:07,291 [D] ┌:C:c:WD_3:wc.c:13	(at logger.py:129) 
2019-03-02 02:02:07,291 [D] |:C:c:WD_3:wc.c:10	(at logger.py:129) 
2019-03-02 02:02:07,291 [D] └:C:c:WD_3:wc.c:9	(at logger.py:129) 
2019-03-02 02:02:07,291 [D]  : : :pass:wc.c:12	(at logger.py:129) 
2019-03-02 02:02:07,291 [D]  : : :pass:wc.c:11	(at logger.py:129) 
2019-03-02 02:02:07,334 [D] -:C:n:WD_1:wc.c:10	(at logger.py:129) 
2019-03-02 02:02:07,344 [D] subprocess cmd: ['source compile.sh /home/bohrok/Documents/DM/output/orbs/wc/5/work'], stdout: b''	(at ex_script.py:45) 
2019-03-02 02:02:07,345 [D] ┌:F:n:WD_2:wc.c:10	(at logger.py:129) 
2019-03-02 02:02:07,345 [D] └:F:n:WD_2:wc.c:9	(at logger.py:129) 
2019-03-02 02:02:07,357 [D] subprocess cmd: ['source compile.sh /home/bohrok/Documents/DM/output/orbs/wc/5/work'], stdout: b''	(at ex_script.py:45) 
2019-03-02 02:02:07,357 [D] ┌:F:n:WD_3:wc.c:10	(at logger.py:129) 
2019-03-02 02:02:07,357 [D] |:F:n:WD_3:wc.c:9	(at logger.py:129) 
2019-03-02 02:02:07,357 [D] └:F:n:WD_3:wc.c:5	(at logger.py:129) 
2019-03-02 02:02:07,423 [D] subprocess cmd: ['source compile.sh /home/bohrok/Documents/DM/output/orbs/wc/5/work'], stdout: b''	(at ex_script.py:45) 
2019-03-02 02:02:07,423 [D] -:F:n:WD_1:wc.c:9	(at logger.py:129) 
2019-03-02 02:02:07,468 [D] subprocess cmd: ['source compile.sh /home/bohrok/Documents/DM/output/orbs/wc/5/work'], stdout: b''	(at ex_script.py:45) 
2019-03-02 02:02:07,469 [D] ┌:F:n:WD_2:wc.c:9	(at logger.py:129) 
2019-03-02 02:02:07,469 [D] └:F:n:WD_2:wc.c:5	(at logger.py:129) 
2019-03-02 02:02:07,483 [D] subprocess cmd: ['source compile.sh /home/bohrok/Documents/DM/output/orbs/wc/5/work'], stdout: b''	(at ex_script.py:45) 
2019-03-02 02:02:07,483 [D] ┌:F:n:WD_3:wc.c:9	(at logger.py:129) 
2019-03-02 02:02:07,483 [D] |:F:n:WD_3:wc.c:5	(at logger.py:129) 
2019-03-02 02:02:07,483 [D] └:F:n:WD_3:wc.c:4	(at logger.py:129) 
2019-03-02 02:02:07,483 [D]  : : :pass:wc.c:8	(at logger.py:129) 
2019-03-02 02:02:07,483 [D]  : : :pass:wc.c:7	(at logger.py:129) 
2019-03-02 02:02:07,483 [D]  : : :pass:wc.c:6	(at logger.py:129) 
2019-03-02 02:02:07,495 [D] subprocess cmd: ['source compile.sh /home/bohrok/Documents/DM/output/orbs/wc/5/work'], stdout: b''	(at ex_script.py:45) 
2019-03-02 02:02:07,495 [D] -:F:n:WD_1:wc.c:5	(at logger.py:129) 
2019-03-02 02:02:07,506 [D] subprocess cmd: ['source compile.sh /home/bohrok/Documents/DM/output/orbs/wc/5/work'], stdout: b''	(at ex_script.py:45) 
2019-03-02 02:02:07,506 [D] ┌:F:n:WD_2:wc.c:5	(at logger.py:129) 
2019-03-02 02:02:07,506 [D] └:F:n:WD_2:wc.c:4	(at logger.py:129) 
2019-03-02 02:02:07,518 [D] subprocess cmd: ['source compile.sh /home/bohrok/Documents/DM/output/orbs/wc/5/work'], stdout: b''	(at ex_script.py:45) 
2019-03-02 02:02:07,518 [D] ┌:F:n:WD_3:wc.c:5	(at logger.py:129) 
2019-03-02 02:02:07,518 [D] |:F:n:WD_3:wc.c:4	(at logger.py:129) 
2019-03-02 02:02:07,518 [D] └:F:n:WD_3:wc.c:3	(at logger.py:129) 
2019-03-02 02:02:07,528 [D] subprocess cmd: ['source compile.sh /home/bohrok/Documents/DM/output/orbs/wc/5/work'], stdout: b''	(at ex_script.py:45) 
2019-03-02 02:02:07,529 [D] -:F:n:WD_1:wc.c:4	(at logger.py:129) 
2019-03-02 02:02:07,541 [D] subprocess cmd: ['source compile.sh /home/bohrok/Documents/DM/output/orbs/wc/5/work'], stdout: b''	(at ex_script.py:45) 
2019-03-02 02:02:07,542 [D] ┌:F:n:WD_2:wc.c:4	(at logger.py:129) 
2019-03-02 02:02:07,542 [D] └:F:n:WD_2:wc.c:3	(at logger.py:129) 
2019-03-02 02:02:07,542 [D] ┌:F:n:WD_3:wc.c:4	(at logger.py:129) 
2019-03-02 02:02:07,542 [D] └:F:n:WD_3:wc.c:3	(at logger.py:129) 
2019-03-02 02:02:07,552 [D] subprocess cmd: ['source compile.sh /home/bohrok/Documents/DM/output/orbs/wc/5/work'], stdout: b''	(at ex_script.py:45) 
2019-03-02 02:02:07,552 [D] -:F:n:WD_1:wc.c:3	(at logger.py:129) 
2019-03-02 02:02:07,552 [D] -:F:n:WD_2:wc.c:3	(at logger.py:129) 
2019-03-02 02:02:07,553 [D] -:F:n:WD_3:wc.c:3	(at logger.py:129) 
2019-03-02 02:02:07,553 [D]  : : :pass:wc.c:2	(at logger.py:129) 
2019-03-02 02:02:07,553 [D]  : : :pass:wc.c:1	(at logger.py:129) 
2019-03-02 02:02:07,553 [D] comp_cached_cnt:3	(at logger.py:134) 
2019-03-02 02:02:07,553 [D] compile_cnt:43	(at logger.py:134) 
2019-03-02 02:02:07,553 [D] execute_cnt:7	(at logger.py:134) 
2019-03-02 02:02:07,553 [D] fail_del_cnt:7	(at logger.py:134) 
2019-03-02 02:02:07,553 [D] iter_idx:2	(at logger.py:134) 
2019-03-02 02:02:07,553 [D] reuse_cnt:3	(at logger.py:134) 
2019-03-02 02:02:07,553 [D] succ_del_cnt:3	(at logger.py:134) 
2019-03-02 02:02:07,553 [D] time:0.9695980548858643	(at logger.py:134) 
2019-03-02 02:02:07,554 [D] deletion:35	(at logger.py:136) 
2019-03-02 02:02:07,554 [I] Iteration 2 finished	(at orbs.py:87) 
2019-03-02 02:02:07,564 [D] subprocess cmd: ['source compile.sh /home/bohrok/Documents/DM/output/orbs/wc/5/work'], stdout: b''	(at ex_script.py:45) 
2019-03-02 02:02:07,564 [D] -:F:n:WD_1:wc.c:48	(at logger.py:129) 
2019-03-02 02:02:07,576 [D] subprocess cmd: ['source compile.sh /home/bohrok/Documents/DM/output/orbs/wc/5/work'], stdout: b''	(at ex_script.py:45) 
2019-03-02 02:02:07,577 [D] ┌:F:n:WD_2:wc.c:48	(at logger.py:129) 
2019-03-02 02:02:07,577 [D] └:F:n:WD_2:wc.c:34	(at logger.py:129) 
2019-03-02 02:02:07,588 [D] subprocess cmd: ['source compile.sh /home/bohrok/Documents/DM/output/orbs/wc/5/work'], stdout: b''	(at ex_script.py:45) 
2019-03-02 02:02:07,588 [D] ┌:F:n:WD_3:wc.c:48	(at logger.py:129) 
2019-03-02 02:02:07,588 [D] |:F:n:WD_3:wc.c:34	(at logger.py:129) 
2019-03-02 02:02:07,588 [D] └:F:n:WD_3:wc.c:33	(at logger.py:129) 
2019-03-02 02:02:07,588 [D]  : : :pass:wc.c:47	(at logger.py:129) 
2019-03-02 02:02:07,588 [D]  : : :pass:wc.c:46	(at logger.py:129) 
2019-03-02 02:02:07,589 [D]  : : :pass:wc.c:45	(at logger.py:129) 
2019-03-02 02:02:07,589 [D]  : : :pass:wc.c:44	(at logger.py:129) 
2019-03-02 02:02:07,589 [D]  : : :pass:wc.c:43	(at logger.py:129) 
2019-03-02 02:02:07,589 [D]  : : :pass:wc.c:42	(at logger.py:129) 
2019-03-02 02:02:07,589 [D]  : : :pass:wc.c:41	(at logger.py:129) 
2019-03-02 02:02:07,589 [D]  : : :pass:wc.c:40	(at logger.py:129) 
2019-03-02 02:02:07,589 [D]  : : :pass:wc.c:39	(at logger.py:129) 
2019-03-02 02:02:07,589 [D]  : : :pass:wc.c:38	(at logger.py:129) 
2019-03-02 02:02:07,589 [D]  : : :pass:wc.c:37	(at logger.py:129) 
2019-03-02 02:02:07,589 [D]  : : :pass:wc.c:36	(at logger.py:129) 
2019-03-02 02:02:07,589 [D]  : : :pass:wc.c:35	(at logger.py:129) 
2019-03-02 02:02:07,601 [D] subprocess cmd: ['source compile.sh /home/bohrok/Documents/DM/output/orbs/wc/5/work'], stdout: b''	(at ex_script.py:45) 
2019-03-02 02:02:07,601 [D] -:F:n:WD_1:wc.c:34	(at logger.py:129) 
2019-03-02 02:02:07,611 [D] subprocess cmd: ['source compile.sh /home/bohrok/Documents/DM/output/orbs/wc/5/work'], stdout: b''	(at ex_script.py:45) 
2019-03-02 02:02:07,612 [D] ┌:F:n:WD_2:wc.c:34	(at logger.py:129) 
2019-03-02 02:02:07,612 [D] └:F:n:WD_2:wc.c:33	(at logger.py:129) 
2019-03-02 02:02:07,623 [D] subprocess cmd: ['source compile.sh /home/bohrok/Documents/DM/output/orbs/wc/5/work'], stdout: b''	(at ex_script.py:45) 
2019-03-02 02:02:07,624 [D] ┌:F:n:WD_3:wc.c:34	(at logger.py:129) 
2019-03-02 02:02:07,624 [D] |:F:n:WD_3:wc.c:33	(at logger.py:129) 
2019-03-02 02:02:07,624 [D] └:F:n:WD_3:wc.c:19	(at logger.py:129) 
2019-03-02 02:02:07,624 [D] -:F:n:WD_1:wc.c:33	(at logger.py:129) 
2019-03-02 02:02:07,656 [D] ┌:P:c:WD_2:wc.c:33	(at logger.py:129) 
2019-03-02 02:02:07,656 [D] └:P:c:WD_2:wc.c:19	(at logger.py:129) 
2019-03-02 02:02:07,656 [D]  : : :pass:wc.c:32	(at logger.py:129) 
2019-03-02 02:02:07,656 [D]  : : :pass:wc.c:31	(at logger.py:129) 
2019-03-02 02:02:07,657 [D]  : : :pass:wc.c:30	(at logger.py:129) 
2019-03-02 02:02:07,657 [D]  : : :pass:wc.c:29	(at logger.py:129) 
2019-03-02 02:02:07,657 [D]  : : :pass:wc.c:28	(at logger.py:129) 
2019-03-02 02:02:07,657 [D]  : : :pass:wc.c:27	(at logger.py:129) 
2019-03-02 02:02:07,657 [D]  : : :pass:wc.c:26	(at logger.py:129) 
2019-03-02 02:02:07,657 [D]  : : :pass:wc.c:25	(at logger.py:129) 
2019-03-02 02:02:07,657 [D]  : : :pass:wc.c:24	(at logger.py:129) 
2019-03-02 02:02:07,657 [D]  : : :pass:wc.c:23	(at logger.py:129) 
2019-03-02 02:02:07,657 [D]  : : :pass:wc.c:22	(at logger.py:129) 
2019-03-02 02:02:07,657 [D]  : : :pass:wc.c:21	(at logger.py:129) 
2019-03-02 02:02:07,657 [D]  : : :pass:wc.c:20	(at logger.py:129) 
2019-03-02 02:02:07,657 [D]  : : :pass:wc.c:19	(at logger.py:129) 
2019-03-02 02:02:07,657 [D]  : : :pass:wc.c:18	(at logger.py:129) 
2019-03-02 02:02:07,690 [D] -:C:c:WD_1:wc.c:17	(at logger.py:129) 
2019-03-02 02:02:07,723 [D] ┌:C:c:WD_2:wc.c:17	(at logger.py:129) 
2019-03-02 02:02:07,723 [D] └:C:c:WD_2:wc.c:16	(at logger.py:129) 
2019-03-02 02:02:07,734 [D] subprocess cmd: ['source compile.sh /home/bohrok/Documents/DM/output/orbs/wc/5/work'], stdout: b''	(at ex_script.py:45) 
2019-03-02 02:02:07,734 [D] ┌:F:n:WD_3:wc.c:17	(at logger.py:129) 
2019-03-02 02:02:07,734 [D] |:F:n:WD_3:wc.c:16	(at logger.py:129) 
2019-03-02 02:02:07,734 [D] └:F:n:WD_3:wc.c:14	(at logger.py:129) 
2019-03-02 02:02:07,764 [D] -:C:c:WD_1:wc.c:16	(at logger.py:129) 
2019-03-02 02:02:07,777 [D] subprocess cmd: ['source compile.sh /home/bohrok/Documents/DM/output/orbs/wc/5/work'], stdout: b''	(at ex_script.py:45) 
2019-03-02 02:02:07,777 [D] ┌:F:n:WD_2:wc.c:16	(at logger.py:129) 
2019-03-02 02:02:07,777 [D] └:F:n:WD_2:wc.c:14	(at logger.py:129) 
2019-03-02 02:02:07,788 [D] subprocess cmd: ['source compile.sh /home/bohrok/Documents/DM/output/orbs/wc/5/work'], stdout: b''	(at ex_script.py:45) 
2019-03-02 02:02:07,788 [D] ┌:F:n:WD_3:wc.c:16	(at logger.py:129) 
2019-03-02 02:02:07,788 [D] |:F:n:WD_3:wc.c:14	(at logger.py:129) 
2019-03-02 02:02:07,788 [D] └:F:n:WD_3:wc.c:13	(at logger.py:129) 
2019-03-02 02:02:07,788 [D]  : : :pass:wc.c:15	(at logger.py:129) 
2019-03-02 02:02:07,798 [D] subprocess cmd: ['source compile.sh /home/bohrok/Documents/DM/output/orbs/wc/5/work'], stdout: b''	(at ex_script.py:45) 
2019-03-02 02:02:07,798 [D] -:F:n:WD_1:wc.c:14	(at logger.py:129) 
2019-03-02 02:02:07,810 [D] subprocess cmd: ['source compile.sh /home/bohrok/Documents/DM/output/orbs/wc/5/work'], stdout: b''	(at ex_script.py:45) 
2019-03-02 02:02:07,811 [D] ┌:F:n:WD_2:wc.c:14	(at logger.py:129) 
2019-03-02 02:02:07,811 [D] └:F:n:WD_2:wc.c:13	(at logger.py:129) 
2019-03-02 02:02:07,822 [D] subprocess cmd: ['source compile.sh /home/bohrok/Documents/DM/output/orbs/wc/5/work'], stdout: b''	(at ex_script.py:45) 
2019-03-02 02:02:07,822 [D] ┌:F:n:WD_3:wc.c:14	(at logger.py:129) 
2019-03-02 02:02:07,823 [D] |:F:n:WD_3:wc.c:13	(at logger.py:129) 
2019-03-02 02:02:07,823 [D] └:F:n:WD_3:wc.c:10	(at logger.py:129) 
2019-03-02 02:02:07,857 [D] -:C:c:WD_1:wc.c:13	(at logger.py:129) 
2019-03-02 02:02:07,891 [D] ┌:C:c:WD_2:wc.c:13	(at logger.py:129) 
2019-03-02 02:02:07,891 [D] └:C:c:WD_2:wc.c:10	(at logger.py:129) 
2019-03-02 02:02:07,924 [D] ┌:C:c:WD_3:wc.c:13	(at logger.py:129) 
2019-03-02 02:02:07,925 [D] |:C:c:WD_3:wc.c:10	(at logger.py:129) 
2019-03-02 02:02:07,925 [D] └:C:c:WD_3:wc.c:9	(at logger.py:129) 
2019-03-02 02:02:07,925 [D]  : : :pass:wc.c:12	(at logger.py:129) 
2019-03-02 02:02:07,925 [D]  : : :pass:wc.c:11	(at logger.py:129) 
2019-03-02 02:02:07,955 [D] -:C:c:WD_1:wc.c:10	(at logger.py:129) 
2019-03-02 02:02:07,965 [D] subprocess cmd: ['source compile.sh /home/bohrok/Documents/DM/output/orbs/wc/5/work'], stdout: b''	(at ex_script.py:45) 
2019-03-02 02:02:07,965 [D] ┌:F:n:WD_2:wc.c:10	(at logger.py:129) 
2019-03-02 02:02:07,965 [D] └:F:n:WD_2:wc.c:9	(at logger.py:129) 
2019-03-02 02:02:07,977 [D] subprocess cmd: ['source compile.sh /home/bohrok/Documents/DM/output/orbs/wc/5/work'], stdout: b''	(at ex_script.py:45) 
2019-03-02 02:02:07,977 [D] ┌:F:n:WD_3:wc.c:10	(at logger.py:129) 
2019-03-02 02:02:07,977 [D] |:F:n:WD_3:wc.c:9	(at logger.py:129) 
2019-03-02 02:02:07,977 [D] └:F:n:WD_3:wc.c:5	(at logger.py:129) 
2019-03-02 02:02:07,988 [D] subprocess cmd: ['source compile.sh /home/bohrok/Documents/DM/output/orbs/wc/5/work'], stdout: b''	(at ex_script.py:45) 
2019-03-02 02:02:07,988 [D] -:F:n:WD_1:wc.c:9	(at logger.py:129) 
2019-03-02 02:02:07,998 [D] subprocess cmd: ['source compile.sh /home/bohrok/Documents/DM/output/orbs/wc/5/work'], stdout: b''	(at ex_script.py:45) 
2019-03-02 02:02:07,999 [D] ┌:F:n:WD_2:wc.c:9	(at logger.py:129) 
2019-03-02 02:02:07,999 [D] └:F:n:WD_2:wc.c:5	(at logger.py:129) 
2019-03-02 02:02:08,011 [D] subprocess cmd: ['source compile.sh /home/bohrok/Documents/DM/output/orbs/wc/5/work'], stdout: b''	(at ex_script.py:45) 
2019-03-02 02:02:08,011 [D] ┌:F:n:WD_3:wc.c:9	(at logger.py:129) 
2019-03-02 02:02:08,011 [D] |:F:n:WD_3:wc.c:5	(at logger.py:129) 
2019-03-02 02:02:08,011 [D] └:F:n:WD_3:wc.c:4	(at logger.py:129) 
2019-03-02 02:02:08,011 [D]  : : :pass:wc.c:8	(at logger.py:129) 
2019-03-02 02:02:08,012 [D]  : : :pass:wc.c:7	(at logger.py:129) 
2019-03-02 02:02:08,012 [D]  : : :pass:wc.c:6	(at logger.py:129) 
2019-03-02 02:02:08,024 [D] subprocess cmd: ['source compile.sh /home/bohrok/Documents/DM/output/orbs/wc/5/work'], stdout: b''	(at ex_script.py:45) 
2019-03-02 02:02:08,024 [D] -:F:n:WD_1:wc.c:5	(at logger.py:129) 
2019-03-02 02:02:08,035 [D] subprocess cmd: ['source compile.sh /home/bohrok/Documents/DM/output/orbs/wc/5/work'], stdout: b''	(at ex_script.py:45) 
2019-03-02 02:02:08,036 [D] ┌:F:n:WD_2:wc.c:5	(at logger.py:129) 
2019-03-02 02:02:08,036 [D] └:F:n:WD_2:wc.c:4	(at logger.py:129) 
2019-03-02 02:02:08,047 [D] subprocess cmd: ['source compile.sh /home/bohrok/Documents/DM/output/orbs/wc/5/work'], stdout: b''	(at ex_script.py:45) 
2019-03-02 02:02:08,047 [D] ┌:F:n:WD_3:wc.c:5	(at logger.py:129) 
2019-03-02 02:02:08,047 [D] |:F:n:WD_3:wc.c:4	(at logger.py:129) 
2019-03-02 02:02:08,047 [D] └:F:n:WD_3:wc.c:3	(at logger.py:129) 
2019-03-02 02:02:08,060 [D] subprocess cmd: ['source compile.sh /home/bohrok/Documents/DM/output/orbs/wc/5/work'], stdout: b''	(at ex_script.py:45) 
2019-03-02 02:02:08,061 [D] -:F:n:WD_1:wc.c:4	(at logger.py:129) 
2019-03-02 02:02:08,072 [D] subprocess cmd: ['source compile.sh /home/bohrok/Documents/DM/output/orbs/wc/5/work'], stdout: b''	(at ex_script.py:45) 
2019-03-02 02:02:08,073 [D] ┌:F:n:WD_2:wc.c:4	(at logger.py:129) 
2019-03-02 02:02:08,073 [D] └:F:n:WD_2:wc.c:3	(at logger.py:129) 
2019-03-02 02:02:08,073 [D] ┌:F:n:WD_3:wc.c:4	(at logger.py:129) 
2019-03-02 02:02:08,073 [D] └:F:n:WD_3:wc.c:3	(at logger.py:129) 
2019-03-02 02:02:08,083 [D] subprocess cmd: ['source compile.sh /home/bohrok/Documents/DM/output/orbs/wc/5/work'], stdout: b''	(at ex_script.py:45) 
2019-03-02 02:02:08,083 [D] -:F:n:WD_1:wc.c:3	(at logger.py:129) 
2019-03-02 02:02:08,084 [D] -:F:n:WD_2:wc.c:3	(at logger.py:129) 
2019-03-02 02:02:08,084 [D] -:F:n:WD_3:wc.c:3	(at logger.py:129) 
2019-03-02 02:02:08,084 [D]  : : :pass:wc.c:2	(at logger.py:129) 
2019-03-02 02:02:08,084 [D]  : : :pass:wc.c:1	(at logger.py:129) 
2019-03-02 02:02:08,084 [D] comp_cached_cnt:4	(at logger.py:134) 
2019-03-02 02:02:08,084 [D] compile_cnt:31	(at logger.py:134) 
2019-03-02 02:02:08,084 [D] execute_cnt:0	(at logger.py:134) 
2019-03-02 02:02:08,085 [D] fail_del_cnt:7	(at logger.py:134) 
2019-03-02 02:02:08,085 [D] iter_idx:3	(at logger.py:134) 
2019-03-02 02:02:08,085 [D] reuse_cnt:8	(at logger.py:134) 
2019-03-02 02:02:08,085 [D] succ_del_cnt:1	(at logger.py:134) 
2019-03-02 02:02:08,085 [D] time:0.5301210880279541	(at logger.py:134) 
2019-03-02 02:02:08,085 [D] deletion:37	(at logger.py:136) 
2019-03-02 02:02:08,085 [I] Iteration 3 finished	(at orbs.py:87) 
2019-03-02 02:02:08,098 [D] subprocess cmd: ['source compile.sh /home/bohrok/Documents/DM/output/orbs/wc/5/work'], stdout: b''	(at ex_script.py:45) 
2019-03-02 02:02:08,098 [D] -:F:n:WD_1:wc.c:48	(at logger.py:129) 
2019-03-02 02:02:08,111 [D] subprocess cmd: ['source compile.sh /home/bohrok/Documents/DM/output/orbs/wc/5/work'], stdout: b''	(at ex_script.py:45) 
2019-03-02 02:02:08,112 [D] ┌:F:n:WD_2:wc.c:48	(at logger.py:129) 
2019-03-02 02:02:08,112 [D] └:F:n:WD_2:wc.c:34	(at logger.py:129) 
2019-03-02 02:02:08,124 [D] subprocess cmd: ['source compile.sh /home/bohrok/Documents/DM/output/orbs/wc/5/work'], stdout: b''	(at ex_script.py:45) 
2019-03-02 02:02:08,124 [D] ┌:F:n:WD_3:wc.c:48	(at logger.py:129) 
2019-03-02 02:02:08,124 [D] |:F:n:WD_3:wc.c:34	(at logger.py:129) 
2019-03-02 02:02:08,124 [D] └:F:n:WD_3:wc.c:17	(at logger.py:129) 
2019-03-02 02:02:08,124 [D]  : : :pass:wc.c:47	(at logger.py:129) 
2019-03-02 02:02:08,124 [D]  : : :pass:wc.c:46	(at logger.py:129) 
2019-03-02 02:02:08,124 [D]  : : :pass:wc.c:45	(at logger.py:129) 
2019-03-02 02:02:08,124 [D]  : : :pass:wc.c:44	(at logger.py:129) 
2019-03-02 02:02:08,124 [D]  : : :pass:wc.c:43	(at logger.py:129) 
2019-03-02 02:02:08,124 [D]  : : :pass:wc.c:42	(at logger.py:129) 
2019-03-02 02:02:08,124 [D]  : : :pass:wc.c:41	(at logger.py:129) 
2019-03-02 02:02:08,124 [D]  : : :pass:wc.c:40	(at logger.py:129) 
2019-03-02 02:02:08,124 [D]  : : :pass:wc.c:39	(at logger.py:129) 
2019-03-02 02:02:08,125 [D]  : : :pass:wc.c:38	(at logger.py:129) 
2019-03-02 02:02:08,125 [D]  : : :pass:wc.c:37	(at logger.py:129) 
2019-03-02 02:02:08,125 [D]  : : :pass:wc.c:36	(at logger.py:129) 
2019-03-02 02:02:08,125 [D]  : : :pass:wc.c:35	(at logger.py:129) 
2019-03-02 02:02:08,125 [D] -:F:n:WD_1:wc.c:34	(at logger.py:129) 
2019-03-02 02:02:08,136 [D] subprocess cmd: ['source compile.sh /home/bohrok/Documents/DM/output/orbs/wc/5/work'], stdout: b''	(at ex_script.py:45) 
2019-03-02 02:02:08,136 [D] ┌:F:n:WD_2:wc.c:34	(at logger.py:129) 
2019-03-02 02:02:08,136 [D] └:F:n:WD_2:wc.c:17	(at logger.py:129) 
2019-03-02 02:02:08,147 [D] subprocess cmd: ['source compile.sh /home/bohrok/Documents/DM/output/orbs/wc/5/work'], stdout: b''	(at ex_script.py:45) 
2019-03-02 02:02:08,147 [D] ┌:F:n:WD_3:wc.c:34	(at logger.py:129) 
2019-03-02 02:02:08,147 [D] |:F:n:WD_3:wc.c:17	(at logger.py:129) 
2019-03-02 02:02:08,147 [D] └:F:n:WD_3:wc.c:16	(at logger.py:129) 
2019-03-02 02:02:08,147 [D]  : : :pass:wc.c:33	(at logger.py:129) 
2019-03-02 02:02:08,147 [D]  : : :pass:wc.c:32	(at logger.py:129) 
2019-03-02 02:02:08,147 [D]  : : :pass:wc.c:31	(at logger.py:129) 
2019-03-02 02:02:08,147 [D]  : : :pass:wc.c:30	(at logger.py:129) 
2019-03-02 02:02:08,147 [D]  : : :pass:wc.c:29	(at logger.py:129) 
2019-03-02 02:02:08,147 [D]  : : :pass:wc.c:28	(at logger.py:129) 
2019-03-02 02:02:08,147 [D]  : : :pass:wc.c:27	(at logger.py:129) 
2019-03-02 02:02:08,148 [D]  : : :pass:wc.c:26	(at logger.py:129) 
2019-03-02 02:02:08,148 [D]  : : :pass:wc.c:25	(at logger.py:129) 
2019-03-02 02:02:08,148 [D]  : : :pass:wc.c:24	(at logger.py:129) 
2019-03-02 02:02:08,148 [D]  : : :pass:wc.c:23	(at logger.py:129) 
2019-03-02 02:02:08,148 [D]  : : :pass:wc.c:22	(at logger.py:129) 
2019-03-02 02:02:08,148 [D]  : : :pass:wc.c:21	(at logger.py:129) 
2019-03-02 02:02:08,148 [D]  : : :pass:wc.c:20	(at logger.py:129) 
2019-03-02 02:02:08,148 [D]  : : :pass:wc.c:19	(at logger.py:129) 
2019-03-02 02:02:08,148 [D]  : : :pass:wc.c:18	(at logger.py:129) 
2019-03-02 02:02:08,148 [D] -:C:c:WD_1:wc.c:17	(at logger.py:129) 
2019-03-02 02:02:08,148 [D] ┌:C:c:WD_2:wc.c:17	(at logger.py:129) 
2019-03-02 02:02:08,148 [D] └:C:c:WD_2:wc.c:16	(at logger.py:129) 
2019-03-02 02:02:08,149 [D] ┌:F:n:WD_3:wc.c:17	(at logger.py:129) 
2019-03-02 02:02:08,149 [D] |:F:n:WD_3:wc.c:16	(at logger.py:129) 
2019-03-02 02:02:08,149 [D] └:F:n:WD_3:wc.c:14	(at logger.py:129) 
2019-03-02 02:02:08,149 [D] -:C:c:WD_1:wc.c:16	(at logger.py:129) 
2019-03-02 02:02:08,149 [D] ┌:F:n:WD_2:wc.c:16	(at logger.py:129) 
2019-03-02 02:02:08,149 [D] └:F:n:WD_2:wc.c:14	(at logger.py:129) 
2019-03-02 02:02:08,149 [D] ┌:F:n:WD_3:wc.c:16	(at logger.py:129) 
2019-03-02 02:02:08,149 [D] |:F:n:WD_3:wc.c:14	(at logger.py:129) 
2019-03-02 02:02:08,149 [D] └:F:n:WD_3:wc.c:13	(at logger.py:129) 
2019-03-02 02:02:08,149 [D]  : : :pass:wc.c:15	(at logger.py:129) 
2019-03-02 02:02:08,149 [D] -:F:n:WD_1:wc.c:14	(at logger.py:129) 
2019-03-02 02:02:08,149 [D] ┌:F:n:WD_2:wc.c:14	(at logger.py:129) 
2019-03-02 02:02:08,149 [D] └:F:n:WD_2:wc.c:13	(at logger.py:129) 
2019-03-02 02:02:08,150 [D] ┌:F:n:WD_3:wc.c:14	(at logger.py:129) 
2019-03-02 02:02:08,150 [D] |:F:n:WD_3:wc.c:13	(at logger.py:129) 
2019-03-02 02:02:08,150 [D] └:F:n:WD_3:wc.c:10	(at logger.py:129) 
2019-03-02 02:02:08,150 [D] -:C:c:WD_1:wc.c:13	(at logger.py:129) 
2019-03-02 02:02:08,150 [D] ┌:C:c:WD_2:wc.c:13	(at logger.py:129) 
2019-03-02 02:02:08,150 [D] └:C:c:WD_2:wc.c:10	(at logger.py:129) 
2019-03-02 02:02:08,150 [D] ┌:C:c:WD_3:wc.c:13	(at logger.py:129) 
2019-03-02 02:02:08,150 [D] |:C:c:WD_3:wc.c:10	(at logger.py:129) 
2019-03-02 02:02:08,150 [D] └:C:c:WD_3:wc.c:9	(at logger.py:129) 
2019-03-02 02:02:08,150 [D]  : : :pass:wc.c:12	(at logger.py:129) 
2019-03-02 02:02:08,150 [D]  : : :pass:wc.c:11	(at logger.py:129) 
2019-03-02 02:02:08,150 [D] -:C:c:WD_1:wc.c:10	(at logger.py:129) 
2019-03-02 02:02:08,150 [D] ┌:F:n:WD_2:wc.c:10	(at logger.py:129) 
2019-03-02 02:02:08,150 [D] └:F:n:WD_2:wc.c:9	(at logger.py:129) 
2019-03-02 02:02:08,151 [D] ┌:F:n:WD_3:wc.c:10	(at logger.py:129) 
2019-03-02 02:02:08,151 [D] |:F:n:WD_3:wc.c:9	(at logger.py:129) 
2019-03-02 02:02:08,151 [D] └:F:n:WD_3:wc.c:5	(at logger.py:129) 
2019-03-02 02:02:08,151 [D] -:F:n:WD_1:wc.c:9	(at logger.py:129) 
2019-03-02 02:02:08,151 [D] ┌:F:n:WD_2:wc.c:9	(at logger.py:129) 
2019-03-02 02:02:08,151 [D] └:F:n:WD_2:wc.c:5	(at logger.py:129) 
2019-03-02 02:02:08,151 [D] ┌:F:n:WD_3:wc.c:9	(at logger.py:129) 
2019-03-02 02:02:08,151 [D] |:F:n:WD_3:wc.c:5	(at logger.py:129) 
2019-03-02 02:02:08,151 [D] └:F:n:WD_3:wc.c:4	(at logger.py:129) 
2019-03-02 02:02:08,151 [D]  : : :pass:wc.c:8	(at logger.py:129) 
2019-03-02 02:02:08,151 [D]  : : :pass:wc.c:7	(at logger.py:129) 
2019-03-02 02:02:08,151 [D]  : : :pass:wc.c:6	(at logger.py:129) 
2019-03-02 02:02:08,151 [D] -:F:n:WD_1:wc.c:5	(at logger.py:129) 
2019-03-02 02:02:08,151 [D] ┌:F:n:WD_2:wc.c:5	(at logger.py:129) 
2019-03-02 02:02:08,151 [D] └:F:n:WD_2:wc.c:4	(at logger.py:129) 
2019-03-02 02:02:08,152 [D] ┌:F:n:WD_3:wc.c:5	(at logger.py:129) 
2019-03-02 02:02:08,152 [D] |:F:n:WD_3:wc.c:4	(at logger.py:129) 
2019-03-02 02:02:08,152 [D] └:F:n:WD_3:wc.c:3	(at logger.py:129) 
2019-03-02 02:02:08,152 [D] -:F:n:WD_1:wc.c:4	(at logger.py:129) 
2019-03-02 02:02:08,152 [D] ┌:F:n:WD_2:wc.c:4	(at logger.py:129) 
2019-03-02 02:02:08,152 [D] └:F:n:WD_2:wc.c:3	(at logger.py:129) 
2019-03-02 02:02:08,152 [D] ┌:F:n:WD_3:wc.c:4	(at logger.py:129) 
2019-03-02 02:02:08,152 [D] └:F:n:WD_3:wc.c:3	(at logger.py:129) 
2019-03-02 02:02:08,152 [D] -:F:n:WD_1:wc.c:3	(at logger.py:129) 
2019-03-02 02:02:08,152 [D] -:F:n:WD_2:wc.c:3	(at logger.py:129) 
2019-03-02 02:02:08,152 [D] -:F:n:WD_3:wc.c:3	(at logger.py:129) 
2019-03-02 02:02:08,152 [D]  : : :pass:wc.c:2	(at logger.py:129) 
2019-03-02 02:02:08,152 [D]  : : :pass:wc.c:1	(at logger.py:129) 
2019-03-02 02:02:08,153 [D] comp_cached_cnt:28	(at logger.py:134) 
2019-03-02 02:02:08,153 [D] compile_cnt:5	(at logger.py:134) 
2019-03-02 02:02:08,153 [D] execute_cnt:0	(at logger.py:134) 
2019-03-02 02:02:08,153 [D] fail_del_cnt:7	(at logger.py:134) 
2019-03-02 02:02:08,153 [D] iter_idx:4	(at logger.py:134) 
2019-03-02 02:02:08,153 [D] reuse_cnt:7	(at logger.py:134) 
2019-03-02 02:02:08,153 [D] succ_del_cnt:0	(at logger.py:134) 
2019-03-02 02:02:08,153 [D] time:0.06670427322387695	(at logger.py:134) 
2019-03-02 02:02:08,153 [D] deletion:37	(at logger.py:136) 
2019-03-02 02:02:08,154 [I] Iteration 4 finished	(at orbs.py:87) 
2019-03-02 02:02:08,154 [D] total_lines:48	(at logger.py:74) 
2019-03-02 02:02:08,154 [D] iteration_cnt:4	(at logger.py:75) 
2019-03-02 02:02:08,154 [D] comp_cached_cnt:35	(at logger.py:79) 
2019-03-02 02:02:08,154 [D] compile_cnt:167	(at logger.py:79) 
2019-03-02 02:02:08,154 [D] execute_cnt:25	(at logger.py:79) 
2019-03-02 02:02:08,154 [D] fail_del_cnt:30	(at logger.py:79) 
2019-03-02 02:02:08,154 [D] reuse_cnt:30	(at logger.py:79) 
2019-03-02 02:02:08,154 [D] succ_del_cnt:25	(at logger.py:79) 
2019-03-02 02:02:08,154 [D] time:3.628723621368408	(at logger.py:80) 
2019-03-02 02:02:08,154 [D] deletion:37	(at logger.py:82) 
2019-03-02 02:02:08,154 [I] ORBS fin.	(at orbs.py:91) 
2019-03-02 02:02:08,155 [I] ===== END - RUN ==============================================	(at main.py:95) 
2019-03-02 02:02:08,155 [I] 	(at main.py:96) 
