2019-03-02 02:02:52,517 [I] 	(at main.py:29) 
2019-03-02 02:02:52,517 [I] ===== START - RUN ==============================================	(at main.py:32) 
2019-03-02 02:02:52,517 [D] Title: RUN, Job key: RUN_2019-03-02_02:02:52	(at main.py:40) 
2019-03-02 02:02:52,517 [I] Load config file.	(at main.py:56) 
2019-03-02 02:02:52,517 [D] Loading config from ['/home/bohrok/Documents/DM/output/orbs/wc/14/config/config.ini']	(at config.py:16) 
2019-03-02 02:02:52,518 [D] Load config successfully!	(at config.py:19) 
2019-03-02 02:02:52,518 [D] Initialize directory: .	(at workspace.py:10) 
2019-03-02 02:02:52,518 [I] Initialize workspace.	(at main.py:64) 
2019-03-02 02:02:52,518 [I] Working directory path: /home/bohrok/Documents/DM/output/orbs/wc/14/work	(at workspace.py:41) 
2019-03-02 02:02:52,519 [D] Record the config on workspace.	(at workspace.py:62) 
2019-03-02 02:02:52,519 [I] No PRE stage.	(at main.py:73) 
2019-03-02 02:02:52,519 [I] Construct SliceSpace.	(at main.py:76) 
2019-03-02 02:02:52,520 [I] Compile the system.	(at slicespace.py:148) 
2019-03-02 02:02:52,553 [I] Execute the system.	(at slicespace.py:160) 
2019-03-02 02:02:52,567 [I] Compile the system again (sanity check).	(at slicespace.py:174) 
2019-03-02 02:02:52,601 [I] Execute the system again (sanity check).	(at slicespace.py:188) 
2019-03-02 02:02:52,614 [I] Construct deletion operators.	(at main.py:80) 
2019-03-02 02:02:52,615 [I] Run ORBS stage.	(at main.py:85) 
2019-03-02 02:02:52,615 [I] ORBS starts...	(at orbs.py:53) 
2019-03-02 02:02:52,628 [D] subprocess cmd: ['source compile.sh /home/bohrok/Documents/DM/output/orbs/wc/14/work'], stdout: b''	(at ex_script.py:45) 
2019-03-02 02:02:52,629 [D] -:F:n:WD_1:wc.c:48	(at logger.py:129) 
2019-03-02 02:02:52,641 [D] subprocess cmd: ['source compile.sh /home/bohrok/Documents/DM/output/orbs/wc/14/work'], stdout: b''	(at ex_script.py:45) 
2019-03-02 02:02:52,641 [D] ┌:F:n:WD_2:wc.c:48	(at logger.py:129) 
2019-03-02 02:02:52,641 [D] └:F:n:WD_2:wc.c:47	(at logger.py:129) 
2019-03-02 02:02:52,655 [D] subprocess cmd: ['source compile.sh /home/bohrok/Documents/DM/output/orbs/wc/14/work'], stdout: b''	(at ex_script.py:45) 
2019-03-02 02:02:52,655 [D] ┌:F:n:WD_3:wc.c:48	(at logger.py:129) 
2019-03-02 02:02:52,655 [D] |:F:n:WD_3:wc.c:47	(at logger.py:129) 
2019-03-02 02:02:52,655 [D] └:F:n:WD_3:wc.c:46	(at logger.py:129) 
2019-03-02 02:02:52,669 [D] subprocess cmd: ['source compile.sh /home/bohrok/Documents/DM/output/orbs/wc/14/work'], stdout: b''	(at ex_script.py:45) 
2019-03-02 02:02:52,669 [D] -:F:n:WD_1:wc.c:47	(at logger.py:129) 
2019-03-02 02:02:52,684 [D] subprocess cmd: ['source compile.sh /home/bohrok/Documents/DM/output/orbs/wc/14/work'], stdout: b''	(at ex_script.py:45) 
2019-03-02 02:02:52,685 [D] ┌:F:n:WD_2:wc.c:47	(at logger.py:129) 
2019-03-02 02:02:52,685 [D] └:F:n:WD_2:wc.c:46	(at logger.py:129) 
2019-03-02 02:02:52,699 [D] subprocess cmd: ['source compile.sh /home/bohrok/Documents/DM/output/orbs/wc/14/work'], stdout: b''	(at ex_script.py:45) 
2019-03-02 02:02:52,700 [D] ┌:F:n:WD_3:wc.c:47	(at logger.py:129) 
2019-03-02 02:02:52,700 [D] |:F:n:WD_3:wc.c:46	(at logger.py:129) 
2019-03-02 02:02:52,700 [D] └:F:n:WD_3:wc.c:45	(at logger.py:129) 
2019-03-02 02:02:52,748 [D] -:C:n:WD_1:wc.c:46	(at logger.py:129) 
2019-03-02 02:02:52,762 [D] subprocess cmd: ['source compile.sh /home/bohrok/Documents/DM/output/orbs/wc/14/work'], stdout: b''	(at ex_script.py:45) 
2019-03-02 02:02:52,762 [D] ┌:F:n:WD_2:wc.c:46	(at logger.py:129) 
2019-03-02 02:02:52,762 [D] └:F:n:WD_2:wc.c:45	(at logger.py:129) 
2019-03-02 02:02:52,775 [D] subprocess cmd: ['source compile.sh /home/bohrok/Documents/DM/output/orbs/wc/14/work'], stdout: b''	(at ex_script.py:45) 
2019-03-02 02:02:52,775 [D] ┌:F:n:WD_3:wc.c:46	(at logger.py:129) 
2019-03-02 02:02:52,775 [D] |:F:n:WD_3:wc.c:45	(at logger.py:129) 
2019-03-02 02:02:52,775 [D] └:F:n:WD_3:wc.c:44	(at logger.py:129) 
2019-03-02 02:02:52,790 [D] subprocess cmd: ['source compile.sh /home/bohrok/Documents/DM/output/orbs/wc/14/work'], stdout: b''	(at ex_script.py:45) 
2019-03-02 02:02:52,790 [D] -:F:n:WD_1:wc.c:45	(at logger.py:129) 
2019-03-02 02:02:52,805 [D] subprocess cmd: ['source compile.sh /home/bohrok/Documents/DM/output/orbs/wc/14/work'], stdout: b''	(at ex_script.py:45) 
2019-03-02 02:02:52,806 [D] ┌:F:n:WD_2:wc.c:45	(at logger.py:129) 
2019-03-02 02:02:52,806 [D] └:F:n:WD_2:wc.c:44	(at logger.py:129) 
2019-03-02 02:02:52,841 [D] ┌:C:c:WD_3:wc.c:45	(at logger.py:129) 
2019-03-02 02:02:52,842 [D] |:C:c:WD_3:wc.c:44	(at logger.py:129) 
2019-03-02 02:02:52,842 [D] └:C:c:WD_3:wc.c:43	(at logger.py:129) 
2019-03-02 02:02:52,881 [D] -:P:c:WD_1:wc.c:44	(at logger.py:129) 
2019-03-02 02:02:52,895 [D] subprocess cmd: ['source compile.sh /home/bohrok/Documents/DM/output/orbs/wc/14/work'], stdout: b''	(at ex_script.py:45) 
2019-03-02 02:02:52,895 [D] -:F:n:WD_1:wc.c:43	(at logger.py:129) 
2019-03-02 02:02:52,908 [D] subprocess cmd: ['source compile.sh /home/bohrok/Documents/DM/output/orbs/wc/14/work'], stdout: b''	(at ex_script.py:45) 
2019-03-02 02:02:52,908 [D] ┌:F:n:WD_2:wc.c:43	(at logger.py:129) 
2019-03-02 02:02:52,908 [D] └:F:n:WD_2:wc.c:42	(at logger.py:129) 
2019-03-02 02:02:52,953 [D] ┌:C:n:WD_3:wc.c:43	(at logger.py:129) 
2019-03-02 02:02:52,953 [D] |:C:n:WD_3:wc.c:42	(at logger.py:129) 
2019-03-02 02:02:52,953 [D] └:C:n:WD_3:wc.c:41	(at logger.py:129) 
2019-03-02 02:02:53,002 [D] subprocess cmd: ['source execute.sh /home/bohrok/Documents/DM/output/orbs/wc/14/work'], stdout: b''	(at ex_script.py:45) 
2019-03-02 02:02:53,002 [D] -:C:n:WD_1:wc.c:42	(at logger.py:129) 
2019-03-02 02:02:53,016 [D] subprocess cmd: ['source compile.sh /home/bohrok/Documents/DM/output/orbs/wc/14/work'], stdout: b''	(at ex_script.py:45) 
2019-03-02 02:02:53,016 [D] ┌:F:n:WD_2:wc.c:42	(at logger.py:129) 
2019-03-02 02:02:53,016 [D] └:F:n:WD_2:wc.c:41	(at logger.py:129) 
2019-03-02 02:02:53,031 [D] subprocess cmd: ['source compile.sh /home/bohrok/Documents/DM/output/orbs/wc/14/work'], stdout: b''	(at ex_script.py:45) 
2019-03-02 02:02:53,031 [D] ┌:F:n:WD_3:wc.c:42	(at logger.py:129) 
2019-03-02 02:02:53,031 [D] |:F:n:WD_3:wc.c:41	(at logger.py:129) 
2019-03-02 02:02:53,031 [D] └:F:n:WD_3:wc.c:40	(at logger.py:129) 
2019-03-02 02:02:53,044 [D] subprocess cmd: ['source compile.sh /home/bohrok/Documents/DM/output/orbs/wc/14/work'], stdout: b''	(at ex_script.py:45) 
2019-03-02 02:02:53,044 [D] -:F:n:WD_1:wc.c:41	(at logger.py:129) 
2019-03-02 02:02:53,057 [D] subprocess cmd: ['source compile.sh /home/bohrok/Documents/DM/output/orbs/wc/14/work'], stdout: b''	(at ex_script.py:45) 
2019-03-02 02:02:53,057 [D] ┌:F:n:WD_2:wc.c:41	(at logger.py:129) 
2019-03-02 02:02:53,058 [D] └:F:n:WD_2:wc.c:40	(at logger.py:129) 
2019-03-02 02:02:53,074 [D] subprocess cmd: ['source compile.sh /home/bohrok/Documents/DM/output/orbs/wc/14/work'], stdout: b''	(at ex_script.py:45) 
2019-03-02 02:02:53,075 [D] ┌:F:n:WD_3:wc.c:41	(at logger.py:129) 
2019-03-02 02:02:53,075 [D] |:F:n:WD_3:wc.c:40	(at logger.py:129) 
2019-03-02 02:02:53,075 [D] └:F:n:WD_3:wc.c:39	(at logger.py:129) 
2019-03-02 02:02:53,088 [D] subprocess cmd: ['source compile.sh /home/bohrok/Documents/DM/output/orbs/wc/14/work'], stdout: b''	(at ex_script.py:45) 
2019-03-02 02:02:53,088 [D] -:F:n:WD_1:wc.c:40	(at logger.py:129) 
2019-03-02 02:02:53,136 [D] ┌:C:n:WD_2:wc.c:40	(at logger.py:129) 
2019-03-02 02:02:53,136 [D] └:C:n:WD_2:wc.c:39	(at logger.py:129) 
2019-03-02 02:02:53,185 [D] ┌:C:n:WD_3:wc.c:40	(at logger.py:129) 
2019-03-02 02:02:53,185 [D] |:C:n:WD_3:wc.c:39	(at logger.py:129) 
2019-03-02 02:02:53,185 [D] └:C:n:WD_3:wc.c:38	(at logger.py:129) 
2019-03-02 02:02:53,199 [D] subprocess cmd: ['source compile.sh /home/bohrok/Documents/DM/output/orbs/wc/14/work'], stdout: b''	(at ex_script.py:45) 
2019-03-02 02:02:53,199 [D] -:F:n:WD_1:wc.c:39	(at logger.py:129) 
2019-03-02 02:02:53,212 [D] subprocess cmd: ['source compile.sh /home/bohrok/Documents/DM/output/orbs/wc/14/work'], stdout: b''	(at ex_script.py:45) 
2019-03-02 02:02:53,212 [D] ┌:F:n:WD_2:wc.c:39	(at logger.py:129) 
2019-03-02 02:02:53,212 [D] └:F:n:WD_2:wc.c:38	(at logger.py:129) 
2019-03-02 02:02:53,224 [D] subprocess cmd: ['source compile.sh /home/bohrok/Documents/DM/output/orbs/wc/14/work'], stdout: b''	(at ex_script.py:45) 
2019-03-02 02:02:53,225 [D] ┌:F:n:WD_3:wc.c:39	(at logger.py:129) 
2019-03-02 02:02:53,225 [D] |:F:n:WD_3:wc.c:38	(at logger.py:129) 
2019-03-02 02:02:53,225 [D] └:F:n:WD_3:wc.c:37	(at logger.py:129) 
2019-03-02 02:02:53,270 [D] -:P:n:WD_1:wc.c:38	(at logger.py:129) 
2019-03-02 02:02:53,285 [D] subprocess cmd: ['source compile.sh /home/bohrok/Documents/DM/output/orbs/wc/14/work'], stdout: b''	(at ex_script.py:45) 
2019-03-02 02:02:53,285 [D] -:F:n:WD_1:wc.c:37	(at logger.py:129) 
2019-03-02 02:02:53,299 [D] subprocess cmd: ['source compile.sh /home/bohrok/Documents/DM/output/orbs/wc/14/work'], stdout: b''	(at ex_script.py:45) 
2019-03-02 02:02:53,299 [D] ┌:F:n:WD_2:wc.c:37	(at logger.py:129) 
2019-03-02 02:02:53,299 [D] └:F:n:WD_2:wc.c:36	(at logger.py:129) 
2019-03-02 02:02:53,333 [D] subprocess cmd: ['source compile.sh /home/bohrok/Documents/DM/output/orbs/wc/14/work'], stdout: b''	(at ex_script.py:45) 
2019-03-02 02:02:53,333 [D] ┌:F:n:WD_3:wc.c:37	(at logger.py:129) 
2019-03-02 02:02:53,333 [D] |:F:n:WD_3:wc.c:36	(at logger.py:129) 
2019-03-02 02:02:53,334 [D] └:F:n:WD_3:wc.c:35	(at logger.py:129) 
2019-03-02 02:02:53,346 [D] subprocess cmd: ['source compile.sh /home/bohrok/Documents/DM/output/orbs/wc/14/work'], stdout: b''	(at ex_script.py:45) 
2019-03-02 02:02:53,346 [D] -:F:n:WD_1:wc.c:36	(at logger.py:129) 
2019-03-02 02:02:53,359 [D] subprocess cmd: ['source compile.sh /home/bohrok/Documents/DM/output/orbs/wc/14/work'], stdout: b''	(at ex_script.py:45) 
2019-03-02 02:02:53,359 [D] ┌:F:n:WD_2:wc.c:36	(at logger.py:129) 
2019-03-02 02:02:53,359 [D] └:F:n:WD_2:wc.c:35	(at logger.py:129) 
2019-03-02 02:02:53,373 [D] subprocess cmd: ['source compile.sh /home/bohrok/Documents/DM/output/orbs/wc/14/work'], stdout: b''	(at ex_script.py:45) 
2019-03-02 02:02:53,373 [D] ┌:F:n:WD_3:wc.c:36	(at logger.py:129) 
2019-03-02 02:02:53,373 [D] |:F:n:WD_3:wc.c:35	(at logger.py:129) 
2019-03-02 02:02:53,374 [D] └:F:n:WD_3:wc.c:34	(at logger.py:129) 
2019-03-02 02:02:53,386 [D] subprocess cmd: ['source compile.sh /home/bohrok/Documents/DM/output/orbs/wc/14/work'], stdout: b''	(at ex_script.py:45) 
2019-03-02 02:02:53,386 [D] -:F:n:WD_1:wc.c:35	(at logger.py:129) 
2019-03-02 02:02:53,403 [D] subprocess cmd: ['source compile.sh /home/bohrok/Documents/DM/output/orbs/wc/14/work'], stdout: b''	(at ex_script.py:45) 
2019-03-02 02:02:53,403 [D] ┌:F:n:WD_2:wc.c:35	(at logger.py:129) 
2019-03-02 02:02:53,403 [D] └:F:n:WD_2:wc.c:34	(at logger.py:129) 
2019-03-02 02:02:53,417 [D] subprocess cmd: ['source compile.sh /home/bohrok/Documents/DM/output/orbs/wc/14/work'], stdout: b''	(at ex_script.py:45) 
2019-03-02 02:02:53,418 [D] ┌:F:n:WD_3:wc.c:35	(at logger.py:129) 
2019-03-02 02:02:53,418 [D] |:F:n:WD_3:wc.c:34	(at logger.py:129) 
2019-03-02 02:02:53,418 [D] └:F:n:WD_3:wc.c:33	(at logger.py:129) 
2019-03-02 02:02:53,430 [D] subprocess cmd: ['source compile.sh /home/bohrok/Documents/DM/output/orbs/wc/14/work'], stdout: b''	(at ex_script.py:45) 
2019-03-02 02:02:53,431 [D] -:F:n:WD_1:wc.c:34	(at logger.py:129) 
2019-03-02 02:02:53,444 [D] subprocess cmd: ['source compile.sh /home/bohrok/Documents/DM/output/orbs/wc/14/work'], stdout: b''	(at ex_script.py:45) 
2019-03-02 02:02:53,444 [D] ┌:F:n:WD_2:wc.c:34	(at logger.py:129) 
2019-03-02 02:02:53,444 [D] └:F:n:WD_2:wc.c:33	(at logger.py:129) 
2019-03-02 02:02:53,457 [D] subprocess cmd: ['source compile.sh /home/bohrok/Documents/DM/output/orbs/wc/14/work'], stdout: b''	(at ex_script.py:45) 
2019-03-02 02:02:53,458 [D] ┌:F:n:WD_3:wc.c:34	(at logger.py:129) 
2019-03-02 02:02:53,458 [D] |:F:n:WD_3:wc.c:33	(at logger.py:129) 
2019-03-02 02:02:53,458 [D] └:F:n:WD_3:wc.c:32	(at logger.py:129) 
2019-03-02 02:02:53,471 [D] subprocess cmd: ['source compile.sh /home/bohrok/Documents/DM/output/orbs/wc/14/work'], stdout: b''	(at ex_script.py:45) 
2019-03-02 02:02:53,471 [D] -:F:n:WD_1:wc.c:33	(at logger.py:129) 
2019-03-02 02:02:53,484 [D] subprocess cmd: ['source compile.sh /home/bohrok/Documents/DM/output/orbs/wc/14/work'], stdout: b''	(at ex_script.py:45) 
2019-03-02 02:02:53,485 [D] ┌:F:n:WD_2:wc.c:33	(at logger.py:129) 
2019-03-02 02:02:53,485 [D] └:F:n:WD_2:wc.c:32	(at logger.py:129) 
2019-03-02 02:02:53,499 [D] subprocess cmd: ['source compile.sh /home/bohrok/Documents/DM/output/orbs/wc/14/work'], stdout: b''	(at ex_script.py:45) 
2019-03-02 02:02:53,499 [D] ┌:F:n:WD_3:wc.c:33	(at logger.py:129) 
2019-03-02 02:02:53,499 [D] |:F:n:WD_3:wc.c:32	(at logger.py:129) 
2019-03-02 02:02:53,499 [D] └:F:n:WD_3:wc.c:31	(at logger.py:129) 
2019-03-02 02:02:53,544 [D] -:C:n:WD_1:wc.c:32	(at logger.py:129) 
2019-03-02 02:02:53,557 [D] subprocess cmd: ['source compile.sh /home/bohrok/Documents/DM/output/orbs/wc/14/work'], stdout: b''	(at ex_script.py:45) 
2019-03-02 02:02:53,557 [D] ┌:F:n:WD_2:wc.c:32	(at logger.py:129) 
2019-03-02 02:02:53,557 [D] └:F:n:WD_2:wc.c:31	(at logger.py:129) 
2019-03-02 02:02:53,571 [D] subprocess cmd: ['source compile.sh /home/bohrok/Documents/DM/output/orbs/wc/14/work'], stdout: b''	(at ex_script.py:45) 
2019-03-02 02:02:53,571 [D] ┌:F:n:WD_3:wc.c:32	(at logger.py:129) 
2019-03-02 02:02:53,571 [D] |:F:n:WD_3:wc.c:31	(at logger.py:129) 
2019-03-02 02:02:53,571 [D] └:F:n:WD_3:wc.c:30	(at logger.py:129) 
2019-03-02 02:02:53,585 [D] subprocess cmd: ['source compile.sh /home/bohrok/Documents/DM/output/orbs/wc/14/work'], stdout: b''	(at ex_script.py:45) 
2019-03-02 02:02:53,585 [D] -:F:n:WD_1:wc.c:31	(at logger.py:129) 
2019-03-02 02:02:53,600 [D] subprocess cmd: ['source compile.sh /home/bohrok/Documents/DM/output/orbs/wc/14/work'], stdout: b''	(at ex_script.py:45) 
2019-03-02 02:02:53,600 [D] ┌:F:n:WD_2:wc.c:31	(at logger.py:129) 
2019-03-02 02:02:53,600 [D] └:F:n:WD_2:wc.c:30	(at logger.py:129) 
2019-03-02 02:02:53,646 [D] ┌:C:n:WD_3:wc.c:31	(at logger.py:129) 
2019-03-02 02:02:53,646 [D] |:C:n:WD_3:wc.c:30	(at logger.py:129) 
2019-03-02 02:02:53,646 [D] └:C:n:WD_3:wc.c:29	(at logger.py:129) 
2019-03-02 02:02:53,690 [D] -:C:n:WD_1:wc.c:30	(at logger.py:129) 
2019-03-02 02:02:53,704 [D] subprocess cmd: ['source compile.sh /home/bohrok/Documents/DM/output/orbs/wc/14/work'], stdout: b''	(at ex_script.py:45) 
2019-03-02 02:02:53,704 [D] ┌:F:n:WD_2:wc.c:30	(at logger.py:129) 
2019-03-02 02:02:53,705 [D] └:F:n:WD_2:wc.c:29	(at logger.py:129) 
2019-03-02 02:02:53,719 [D] subprocess cmd: ['source compile.sh /home/bohrok/Documents/DM/output/orbs/wc/14/work'], stdout: b''	(at ex_script.py:45) 
2019-03-02 02:02:53,719 [D] ┌:F:n:WD_3:wc.c:30	(at logger.py:129) 
2019-03-02 02:02:53,719 [D] |:F:n:WD_3:wc.c:29	(at logger.py:129) 
2019-03-02 02:02:53,719 [D] └:F:n:WD_3:wc.c:28	(at logger.py:129) 
2019-03-02 02:02:53,734 [D] subprocess cmd: ['source compile.sh /home/bohrok/Documents/DM/output/orbs/wc/14/work'], stdout: b''	(at ex_script.py:45) 
2019-03-02 02:02:53,734 [D] -:F:n:WD_1:wc.c:29	(at logger.py:129) 
2019-03-02 02:02:53,749 [D] subprocess cmd: ['source compile.sh /home/bohrok/Documents/DM/output/orbs/wc/14/work'], stdout: b''	(at ex_script.py:45) 
2019-03-02 02:02:53,750 [D] ┌:F:n:WD_2:wc.c:29	(at logger.py:129) 
2019-03-02 02:02:53,750 [D] └:F:n:WD_2:wc.c:28	(at logger.py:129) 
2019-03-02 02:02:53,763 [D] subprocess cmd: ['source compile.sh /home/bohrok/Documents/DM/output/orbs/wc/14/work'], stdout: b''	(at ex_script.py:45) 
2019-03-02 02:02:53,763 [D] ┌:F:n:WD_3:wc.c:29	(at logger.py:129) 
2019-03-02 02:02:53,764 [D] |:F:n:WD_3:wc.c:28	(at logger.py:129) 
2019-03-02 02:02:53,764 [D] └:F:n:WD_3:wc.c:27	(at logger.py:129) 
2019-03-02 02:02:53,777 [D] subprocess cmd: ['source compile.sh /home/bohrok/Documents/DM/output/orbs/wc/14/work'], stdout: b''	(at ex_script.py:45) 
2019-03-02 02:02:53,778 [D] -:F:n:WD_1:wc.c:28	(at logger.py:129) 
2019-03-02 02:02:53,791 [D] subprocess cmd: ['source compile.sh /home/bohrok/Documents/DM/output/orbs/wc/14/work'], stdout: b''	(at ex_script.py:45) 
2019-03-02 02:02:53,791 [D] ┌:F:n:WD_2:wc.c:28	(at logger.py:129) 
2019-03-02 02:02:53,791 [D] └:F:n:WD_2:wc.c:27	(at logger.py:129) 
2019-03-02 02:02:53,804 [D] subprocess cmd: ['source compile.sh /home/bohrok/Documents/DM/output/orbs/wc/14/work'], stdout: b''	(at ex_script.py:45) 
2019-03-02 02:02:53,804 [D] ┌:F:n:WD_3:wc.c:28	(at logger.py:129) 
2019-03-02 02:02:53,805 [D] |:F:n:WD_3:wc.c:27	(at logger.py:129) 
2019-03-02 02:02:53,805 [D] └:F:n:WD_3:wc.c:26	(at logger.py:129) 
2019-03-02 02:02:53,840 [D] -:P:c:WD_1:wc.c:27	(at logger.py:129) 
2019-03-02 02:02:53,886 [D] subprocess cmd: ['source execute.sh /home/bohrok/Documents/DM/output/orbs/wc/14/work'], stdout: b''	(at ex_script.py:45) 
2019-03-02 02:02:53,886 [D] -:C:n:WD_1:wc.c:26	(at logger.py:129) 
2019-03-02 02:02:53,935 [D] subprocess cmd: ['source execute.sh /home/bohrok/Documents/DM/output/orbs/wc/14/work'], stdout: b''	(at ex_script.py:45) 
2019-03-02 02:02:53,935 [D] ┌:C:n:WD_2:wc.c:26	(at logger.py:129) 
2019-03-02 02:02:53,935 [D] └:C:n:WD_2:wc.c:25	(at logger.py:129) 
2019-03-02 02:02:53,985 [D] subprocess cmd: ['source execute.sh /home/bohrok/Documents/DM/output/orbs/wc/14/work'], stdout: b''	(at ex_script.py:45) 
2019-03-02 02:02:53,985 [D] ┌:C:n:WD_3:wc.c:26	(at logger.py:129) 
2019-03-02 02:02:53,985 [D] |:C:n:WD_3:wc.c:25	(at logger.py:129) 
2019-03-02 02:02:53,985 [D] └:C:n:WD_3:wc.c:24	(at logger.py:129) 
2019-03-02 02:02:54,037 [D] -:C:n:WD_1:wc.c:25	(at logger.py:129) 
2019-03-02 02:02:54,088 [D] ┌:C:n:WD_2:wc.c:25	(at logger.py:129) 
2019-03-02 02:02:54,089 [D] └:C:n:WD_2:wc.c:24	(at logger.py:129) 
2019-03-02 02:02:54,103 [D] subprocess cmd: ['source compile.sh /home/bohrok/Documents/DM/output/orbs/wc/14/work'], stdout: b''	(at ex_script.py:45) 
2019-03-02 02:02:54,103 [D] ┌:F:n:WD_3:wc.c:25	(at logger.py:129) 
2019-03-02 02:02:54,103 [D] |:F:n:WD_3:wc.c:24	(at logger.py:129) 
2019-03-02 02:02:54,103 [D] └:F:n:WD_3:wc.c:23	(at logger.py:129) 
2019-03-02 02:02:54,154 [D] -:P:n:WD_1:wc.c:24	(at logger.py:129) 
2019-03-02 02:02:54,168 [D] subprocess cmd: ['source compile.sh /home/bohrok/Documents/DM/output/orbs/wc/14/work'], stdout: b''	(at ex_script.py:45) 
2019-03-02 02:02:54,168 [D] -:F:n:WD_1:wc.c:23	(at logger.py:129) 
2019-03-02 02:02:54,182 [D] subprocess cmd: ['source compile.sh /home/bohrok/Documents/DM/output/orbs/wc/14/work'], stdout: b''	(at ex_script.py:45) 
2019-03-02 02:02:54,183 [D] ┌:F:n:WD_2:wc.c:23	(at logger.py:129) 
2019-03-02 02:02:54,183 [D] └:F:n:WD_2:wc.c:22	(at logger.py:129) 
2019-03-02 02:02:54,196 [D] subprocess cmd: ['source compile.sh /home/bohrok/Documents/DM/output/orbs/wc/14/work'], stdout: b''	(at ex_script.py:45) 
2019-03-02 02:02:54,196 [D] ┌:F:n:WD_3:wc.c:23	(at logger.py:129) 
2019-03-02 02:02:54,197 [D] |:F:n:WD_3:wc.c:22	(at logger.py:129) 
2019-03-02 02:02:54,197 [D] └:F:n:WD_3:wc.c:21	(at logger.py:129) 
2019-03-02 02:02:54,243 [D] -:C:n:WD_1:wc.c:22	(at logger.py:129) 
2019-03-02 02:02:54,258 [D] subprocess cmd: ['source compile.sh /home/bohrok/Documents/DM/output/orbs/wc/14/work'], stdout: b''	(at ex_script.py:45) 
2019-03-02 02:02:54,258 [D] ┌:F:n:WD_2:wc.c:22	(at logger.py:129) 
2019-03-02 02:02:54,258 [D] └:F:n:WD_2:wc.c:21	(at logger.py:129) 
2019-03-02 02:02:54,270 [D] subprocess cmd: ['source compile.sh /home/bohrok/Documents/DM/output/orbs/wc/14/work'], stdout: b''	(at ex_script.py:45) 
2019-03-02 02:02:54,271 [D] ┌:F:n:WD_3:wc.c:22	(at logger.py:129) 
2019-03-02 02:02:54,271 [D] |:F:n:WD_3:wc.c:21	(at logger.py:129) 
2019-03-02 02:02:54,271 [D] └:F:n:WD_3:wc.c:20	(at logger.py:129) 
2019-03-02 02:02:54,286 [D] subprocess cmd: ['source compile.sh /home/bohrok/Documents/DM/output/orbs/wc/14/work'], stdout: b''	(at ex_script.py:45) 
2019-03-02 02:02:54,286 [D] -:F:n:WD_1:wc.c:21	(at logger.py:129) 
2019-03-02 02:02:54,300 [D] subprocess cmd: ['source compile.sh /home/bohrok/Documents/DM/output/orbs/wc/14/work'], stdout: b''	(at ex_script.py:45) 
2019-03-02 02:02:54,300 [D] ┌:F:n:WD_2:wc.c:21	(at logger.py:129) 
2019-03-02 02:02:54,300 [D] └:F:n:WD_2:wc.c:20	(at logger.py:129) 
2019-03-02 02:02:54,348 [D] ┌:C:n:WD_3:wc.c:21	(at logger.py:129) 
2019-03-02 02:02:54,348 [D] |:C:n:WD_3:wc.c:20	(at logger.py:129) 
2019-03-02 02:02:54,348 [D] └:C:n:WD_3:wc.c:19	(at logger.py:129) 
2019-03-02 02:02:54,362 [D] subprocess cmd: ['source compile.sh /home/bohrok/Documents/DM/output/orbs/wc/14/work'], stdout: b''	(at ex_script.py:45) 
2019-03-02 02:02:54,362 [D] -:F:n:WD_1:wc.c:20	(at logger.py:129) 
2019-03-02 02:02:54,376 [D] subprocess cmd: ['source compile.sh /home/bohrok/Documents/DM/output/orbs/wc/14/work'], stdout: b''	(at ex_script.py:45) 
2019-03-02 02:02:54,376 [D] ┌:F:n:WD_2:wc.c:20	(at logger.py:129) 
2019-03-02 02:02:54,376 [D] └:F:n:WD_2:wc.c:19	(at logger.py:129) 
2019-03-02 02:02:54,388 [D] subprocess cmd: ['source compile.sh /home/bohrok/Documents/DM/output/orbs/wc/14/work'], stdout: b''	(at ex_script.py:45) 
2019-03-02 02:02:54,388 [D] ┌:F:n:WD_3:wc.c:20	(at logger.py:129) 
2019-03-02 02:02:54,388 [D] |:F:n:WD_3:wc.c:19	(at logger.py:129) 
2019-03-02 02:02:54,388 [D] └:F:n:WD_3:wc.c:18	(at logger.py:129) 
2019-03-02 02:02:54,403 [D] subprocess cmd: ['source compile.sh /home/bohrok/Documents/DM/output/orbs/wc/14/work'], stdout: b''	(at ex_script.py:45) 
2019-03-02 02:02:54,403 [D] -:F:n:WD_1:wc.c:19	(at logger.py:129) 
2019-03-02 02:02:54,417 [D] subprocess cmd: ['source compile.sh /home/bohrok/Documents/DM/output/orbs/wc/14/work'], stdout: b''	(at ex_script.py:45) 
2019-03-02 02:02:54,418 [D] ┌:F:n:WD_2:wc.c:19	(at logger.py:129) 
2019-03-02 02:02:54,418 [D] └:F:n:WD_2:wc.c:18	(at logger.py:129) 
2019-03-02 02:02:54,466 [D] subprocess cmd: ['source execute.sh /home/bohrok/Documents/DM/output/orbs/wc/14/work'], stdout: b''	(at ex_script.py:45) 
2019-03-02 02:02:54,466 [D] ┌:C:n:WD_3:wc.c:19	(at logger.py:129) 
2019-03-02 02:02:54,466 [D] |:C:n:WD_3:wc.c:18	(at logger.py:129) 
2019-03-02 02:02:54,466 [D] └:C:n:WD_3:wc.c:17	(at logger.py:129) 
2019-03-02 02:02:54,512 [D] -:P:n:WD_1:wc.c:18	(at logger.py:129) 
2019-03-02 02:02:54,526 [D] subprocess cmd: ['source compile.sh /home/bohrok/Documents/DM/output/orbs/wc/14/work'], stdout: b''	(at ex_script.py:45) 
2019-03-02 02:02:54,526 [D] -:F:n:WD_1:wc.c:17	(at logger.py:129) 
2019-03-02 02:02:54,538 [D] subprocess cmd: ['source compile.sh /home/bohrok/Documents/DM/output/orbs/wc/14/work'], stdout: b''	(at ex_script.py:45) 
2019-03-02 02:02:54,539 [D] ┌:F:n:WD_2:wc.c:17	(at logger.py:129) 
2019-03-02 02:02:54,539 [D] └:F:n:WD_2:wc.c:16	(at logger.py:129) 
2019-03-02 02:02:54,552 [D] subprocess cmd: ['source compile.sh /home/bohrok/Documents/DM/output/orbs/wc/14/work'], stdout: b''	(at ex_script.py:45) 
2019-03-02 02:02:54,552 [D] ┌:F:n:WD_3:wc.c:17	(at logger.py:129) 
2019-03-02 02:02:54,552 [D] |:F:n:WD_3:wc.c:16	(at logger.py:129) 
2019-03-02 02:02:54,552 [D] └:F:n:WD_3:wc.c:15	(at logger.py:129) 
2019-03-02 02:02:54,586 [D] -:P:c:WD_1:wc.c:16	(at logger.py:129) 
2019-03-02 02:02:54,634 [D] -:P:n:WD_1:wc.c:15	(at logger.py:129) 
2019-03-02 02:02:54,648 [D] subprocess cmd: ['source compile.sh /home/bohrok/Documents/DM/output/orbs/wc/14/work'], stdout: b''	(at ex_script.py:45) 
2019-03-02 02:02:54,648 [D] -:F:n:WD_1:wc.c:14	(at logger.py:129) 
2019-03-02 02:02:54,662 [D] subprocess cmd: ['source compile.sh /home/bohrok/Documents/DM/output/orbs/wc/14/work'], stdout: b''	(at ex_script.py:45) 
2019-03-02 02:02:54,663 [D] ┌:F:n:WD_2:wc.c:14	(at logger.py:129) 
2019-03-02 02:02:54,663 [D] └:F:n:WD_2:wc.c:13	(at logger.py:129) 
2019-03-02 02:02:54,677 [D] subprocess cmd: ['source compile.sh /home/bohrok/Documents/DM/output/orbs/wc/14/work'], stdout: b''	(at ex_script.py:45) 
2019-03-02 02:02:54,677 [D] ┌:F:n:WD_3:wc.c:14	(at logger.py:129) 
2019-03-02 02:02:54,677 [D] |:F:n:WD_3:wc.c:13	(at logger.py:129) 
2019-03-02 02:02:54,677 [D] └:F:n:WD_3:wc.c:12	(at logger.py:129) 
2019-03-02 02:02:54,727 [D] -:C:n:WD_1:wc.c:13	(at logger.py:129) 
2019-03-02 02:02:54,774 [D] subprocess cmd: ['source execute.sh /home/bohrok/Documents/DM/output/orbs/wc/14/work'], stdout: b''	(at ex_script.py:45) 
2019-03-02 02:02:54,774 [D] ┌:C:n:WD_2:wc.c:13	(at logger.py:129) 
2019-03-02 02:02:54,775 [D] └:C:n:WD_2:wc.c:12	(at logger.py:129) 
2019-03-02 02:02:54,820 [D] subprocess cmd: ['source execute.sh /home/bohrok/Documents/DM/output/orbs/wc/14/work'], stdout: b''	(at ex_script.py:45) 
2019-03-02 02:02:54,820 [D] ┌:C:n:WD_3:wc.c:13	(at logger.py:129) 
2019-03-02 02:02:54,820 [D] |:C:n:WD_3:wc.c:12	(at logger.py:129) 
2019-03-02 02:02:54,820 [D] └:C:n:WD_3:wc.c:11	(at logger.py:129) 
2019-03-02 02:02:54,869 [D] -:P:n:WD_1:wc.c:12	(at logger.py:129) 
2019-03-02 02:02:54,920 [D] -:C:n:WD_1:wc.c:11	(at logger.py:129) 
2019-03-02 02:02:54,969 [D] ┌:C:n:WD_2:wc.c:11	(at logger.py:129) 
2019-03-02 02:02:54,969 [D] └:C:n:WD_2:wc.c:10	(at logger.py:129) 
2019-03-02 02:02:54,982 [D] subprocess cmd: ['source compile.sh /home/bohrok/Documents/DM/output/orbs/wc/14/work'], stdout: b''	(at ex_script.py:45) 
2019-03-02 02:02:54,982 [D] ┌:F:n:WD_3:wc.c:11	(at logger.py:129) 
2019-03-02 02:02:54,983 [D] |:F:n:WD_3:wc.c:10	(at logger.py:129) 
2019-03-02 02:02:54,983 [D] └:F:n:WD_3:wc.c:9	(at logger.py:129) 
2019-03-02 02:02:55,025 [D] -:P:n:WD_1:wc.c:10	(at logger.py:129) 
2019-03-02 02:02:55,038 [D] subprocess cmd: ['source compile.sh /home/bohrok/Documents/DM/output/orbs/wc/14/work'], stdout: b''	(at ex_script.py:45) 
2019-03-02 02:02:55,038 [D] -:F:n:WD_1:wc.c:9	(at logger.py:129) 
2019-03-02 02:02:55,053 [D] subprocess cmd: ['source compile.sh /home/bohrok/Documents/DM/output/orbs/wc/14/work'], stdout: b''	(at ex_script.py:45) 
2019-03-02 02:02:55,053 [D] ┌:F:n:WD_2:wc.c:9	(at logger.py:129) 
2019-03-02 02:02:55,053 [D] └:F:n:WD_2:wc.c:8	(at logger.py:129) 
2019-03-02 02:02:55,069 [D] subprocess cmd: ['source compile.sh /home/bohrok/Documents/DM/output/orbs/wc/14/work'], stdout: b''	(at ex_script.py:45) 
2019-03-02 02:02:55,069 [D] ┌:F:n:WD_3:wc.c:9	(at logger.py:129) 
2019-03-02 02:02:55,069 [D] |:F:n:WD_3:wc.c:8	(at logger.py:129) 
2019-03-02 02:02:55,069 [D] └:F:n:WD_3:wc.c:7	(at logger.py:129) 
2019-03-02 02:02:55,106 [D] -:P:c:WD_1:wc.c:8	(at logger.py:129) 
2019-03-02 02:02:55,121 [D] subprocess cmd: ['source compile.sh /home/bohrok/Documents/DM/output/orbs/wc/14/work'], stdout: b''	(at ex_script.py:45) 
2019-03-02 02:02:55,121 [D] -:F:n:WD_1:wc.c:7	(at logger.py:129) 
2019-03-02 02:02:55,137 [D] subprocess cmd: ['source compile.sh /home/bohrok/Documents/DM/output/orbs/wc/14/work'], stdout: b''	(at ex_script.py:45) 
2019-03-02 02:02:55,137 [D] ┌:F:n:WD_2:wc.c:7	(at logger.py:129) 
2019-03-02 02:02:55,137 [D] └:F:n:WD_2:wc.c:6	(at logger.py:129) 
2019-03-02 02:02:55,152 [D] subprocess cmd: ['source compile.sh /home/bohrok/Documents/DM/output/orbs/wc/14/work'], stdout: b''	(at ex_script.py:45) 
2019-03-02 02:02:55,152 [D] ┌:F:n:WD_3:wc.c:7	(at logger.py:129) 
2019-03-02 02:02:55,152 [D] |:F:n:WD_3:wc.c:6	(at logger.py:129) 
2019-03-02 02:02:55,152 [D] └:F:n:WD_3:wc.c:5	(at logger.py:129) 
2019-03-02 02:02:55,186 [D] -:P:c:WD_1:wc.c:6	(at logger.py:129) 
2019-03-02 02:02:55,223 [D] -:P:c:WD_1:wc.c:5	(at logger.py:129) 
2019-03-02 02:02:55,237 [D] subprocess cmd: ['source compile.sh /home/bohrok/Documents/DM/output/orbs/wc/14/work'], stdout: b''	(at ex_script.py:45) 
2019-03-02 02:02:55,237 [D] -:F:n:WD_1:wc.c:4	(at logger.py:129) 
2019-03-02 02:02:55,252 [D] subprocess cmd: ['source compile.sh /home/bohrok/Documents/DM/output/orbs/wc/14/work'], stdout: b''	(at ex_script.py:45) 
2019-03-02 02:02:55,252 [D] ┌:F:n:WD_2:wc.c:4	(at logger.py:129) 
2019-03-02 02:02:55,252 [D] └:F:n:WD_2:wc.c:3	(at logger.py:129) 
2019-03-02 02:02:55,266 [D] subprocess cmd: ['source compile.sh /home/bohrok/Documents/DM/output/orbs/wc/14/work'], stdout: b''	(at ex_script.py:45) 
2019-03-02 02:02:55,267 [D] ┌:F:n:WD_3:wc.c:4	(at logger.py:129) 
2019-03-02 02:02:55,267 [D] |:F:n:WD_3:wc.c:3	(at logger.py:129) 
2019-03-02 02:02:55,267 [D] └:F:n:WD_3:wc.c:2	(at logger.py:129) 
2019-03-02 02:02:55,280 [D] subprocess cmd: ['source compile.sh /home/bohrok/Documents/DM/output/orbs/wc/14/work'], stdout: b''	(at ex_script.py:45) 
2019-03-02 02:02:55,281 [D] -:F:n:WD_1:wc.c:3	(at logger.py:129) 
2019-03-02 02:02:55,294 [D] subprocess cmd: ['source compile.sh /home/bohrok/Documents/DM/output/orbs/wc/14/work'], stdout: b''	(at ex_script.py:45) 
2019-03-02 02:02:55,295 [D] ┌:F:n:WD_2:wc.c:3	(at logger.py:129) 
2019-03-02 02:02:55,295 [D] └:F:n:WD_2:wc.c:2	(at logger.py:129) 
2019-03-02 02:02:55,305 [D] subprocess cmd: ['source compile.sh /home/bohrok/Documents/DM/output/orbs/wc/14/work'], stdout: b''	(at ex_script.py:45) 
2019-03-02 02:02:55,305 [D] ┌:F:n:WD_3:wc.c:3	(at logger.py:129) 
2019-03-02 02:02:55,306 [D] |:F:n:WD_3:wc.c:2	(at logger.py:129) 
2019-03-02 02:02:55,306 [D] └:F:n:WD_3:wc.c:1	(at logger.py:129) 
2019-03-02 02:02:55,319 [D] subprocess cmd: ['source compile.sh /home/bohrok/Documents/DM/output/orbs/wc/14/work'], stdout: b''	(at ex_script.py:45) 
2019-03-02 02:02:55,320 [D] -:F:n:WD_1:wc.c:2	(at logger.py:129) 
2019-03-02 02:02:55,333 [D] subprocess cmd: ['source compile.sh /home/bohrok/Documents/DM/output/orbs/wc/14/work'], stdout: b''	(at ex_script.py:45) 
2019-03-02 02:02:55,333 [D] ┌:F:n:WD_2:wc.c:2	(at logger.py:129) 
2019-03-02 02:02:55,333 [D] └:F:n:WD_2:wc.c:1	(at logger.py:129) 
2019-03-02 02:02:55,333 [D] ┌:F:n:WD_3:wc.c:2	(at logger.py:129) 
2019-03-02 02:02:55,333 [D] └:F:n:WD_3:wc.c:1	(at logger.py:129) 
2019-03-02 02:02:55,378 [D] -:P:n:WD_1:wc.c:1	(at logger.py:129) 
2019-03-02 02:02:55,378 [D] comp_cached_cnt:1	(at logger.py:134) 
2019-03-02 02:02:55,378 [D] compile_cnt:117	(at logger.py:134) 
2019-03-02 02:02:55,378 [D] execute_cnt:28	(at logger.py:134) 
2019-03-02 02:02:55,379 [D] fail_del_cnt:22	(at logger.py:134) 
2019-03-02 02:02:55,379 [D] iter_idx:1	(at logger.py:134) 
2019-03-02 02:02:55,379 [D] reuse_cnt:7	(at logger.py:134) 
2019-03-02 02:02:55,379 [D] succ_del_cnt:13	(at logger.py:134) 
2019-03-02 02:02:55,379 [D] time:2.7631783485412598	(at logger.py:134) 
2019-03-02 02:02:55,379 [D] deletion:13	(at logger.py:136) 
2019-03-02 02:02:55,379 [I] Iteration 1 finished	(at orbs.py:87) 
2019-03-02 02:02:55,389 [D] subprocess cmd: ['source compile.sh /home/bohrok/Documents/DM/output/orbs/wc/14/work'], stdout: b''	(at ex_script.py:45) 
2019-03-02 02:02:55,389 [D] -:F:n:WD_1:wc.c:48	(at logger.py:129) 
2019-03-02 02:02:55,400 [D] subprocess cmd: ['source compile.sh /home/bohrok/Documents/DM/output/orbs/wc/14/work'], stdout: b''	(at ex_script.py:45) 
2019-03-02 02:02:55,401 [D] ┌:F:n:WD_2:wc.c:48	(at logger.py:129) 
2019-03-02 02:02:55,401 [D] └:F:n:WD_2:wc.c:47	(at logger.py:129) 
2019-03-02 02:02:55,412 [D] subprocess cmd: ['source compile.sh /home/bohrok/Documents/DM/output/orbs/wc/14/work'], stdout: b''	(at ex_script.py:45) 
2019-03-02 02:02:55,412 [D] ┌:F:n:WD_3:wc.c:48	(at logger.py:129) 
2019-03-02 02:02:55,412 [D] |:F:n:WD_3:wc.c:47	(at logger.py:129) 
2019-03-02 02:02:55,412 [D] └:F:n:WD_3:wc.c:46	(at logger.py:129) 
2019-03-02 02:02:55,422 [D] subprocess cmd: ['source compile.sh /home/bohrok/Documents/DM/output/orbs/wc/14/work'], stdout: b''	(at ex_script.py:45) 
2019-03-02 02:02:55,423 [D] -:F:n:WD_1:wc.c:47	(at logger.py:129) 
2019-03-02 02:02:55,434 [D] subprocess cmd: ['source compile.sh /home/bohrok/Documents/DM/output/orbs/wc/14/work'], stdout: b''	(at ex_script.py:45) 
2019-03-02 02:02:55,434 [D] ┌:F:n:WD_2:wc.c:47	(at logger.py:129) 
2019-03-02 02:02:55,434 [D] └:F:n:WD_2:wc.c:46	(at logger.py:129) 
2019-03-02 02:02:55,480 [D] ┌:C:n:WD_3:wc.c:47	(at logger.py:129) 
2019-03-02 02:02:55,480 [D] |:C:n:WD_3:wc.c:46	(at logger.py:129) 
2019-03-02 02:02:55,480 [D] └:C:n:WD_3:wc.c:45	(at logger.py:129) 
2019-03-02 02:02:55,512 [D] -:C:c:WD_1:wc.c:46	(at logger.py:129) 
2019-03-02 02:02:55,522 [D] subprocess cmd: ['source compile.sh /home/bohrok/Documents/DM/output/orbs/wc/14/work'], stdout: b''	(at ex_script.py:45) 
2019-03-02 02:02:55,522 [D] ┌:F:n:WD_2:wc.c:46	(at logger.py:129) 
2019-03-02 02:02:55,522 [D] └:F:n:WD_2:wc.c:45	(at logger.py:129) 
2019-03-02 02:02:55,522 [D] ┌:C:c:WD_3:wc.c:46	(at logger.py:129) 
2019-03-02 02:02:55,522 [D] |:C:c:WD_3:wc.c:45	(at logger.py:129) 
2019-03-02 02:02:55,522 [D] └:C:c:WD_3:wc.c:43	(at logger.py:129) 
2019-03-02 02:02:55,534 [D] subprocess cmd: ['source compile.sh /home/bohrok/Documents/DM/output/orbs/wc/14/work'], stdout: b''	(at ex_script.py:45) 
2019-03-02 02:02:55,535 [D] -:F:n:WD_1:wc.c:45	(at logger.py:129) 
2019-03-02 02:02:55,566 [D] ┌:C:c:WD_2:wc.c:45	(at logger.py:129) 
2019-03-02 02:02:55,566 [D] └:C:c:WD_2:wc.c:43	(at logger.py:129) 
2019-03-02 02:02:55,610 [D] ┌:C:n:WD_3:wc.c:45	(at logger.py:129) 
2019-03-02 02:02:55,610 [D] |:C:n:WD_3:wc.c:43	(at logger.py:129) 
2019-03-02 02:02:55,610 [D] └:C:n:WD_3:wc.c:42	(at logger.py:129) 
2019-03-02 02:02:55,610 [D]  : : :pass:wc.c:44	(at logger.py:129) 
2019-03-02 02:02:55,620 [D] subprocess cmd: ['source compile.sh /home/bohrok/Documents/DM/output/orbs/wc/14/work'], stdout: b''	(at ex_script.py:45) 
2019-03-02 02:02:55,621 [D] -:F:n:WD_1:wc.c:43	(at logger.py:129) 
2019-03-02 02:02:55,633 [D] subprocess cmd: ['source compile.sh /home/bohrok/Documents/DM/output/orbs/wc/14/work'], stdout: b''	(at ex_script.py:45) 
2019-03-02 02:02:55,633 [D] ┌:F:n:WD_2:wc.c:43	(at logger.py:129) 
2019-03-02 02:02:55,633 [D] └:F:n:WD_2:wc.c:42	(at logger.py:129) 
2019-03-02 02:02:55,633 [D] ┌:C:c:WD_3:wc.c:43	(at logger.py:129) 
2019-03-02 02:02:55,633 [D] |:C:c:WD_3:wc.c:42	(at logger.py:129) 
2019-03-02 02:02:55,633 [D] └:C:c:WD_3:wc.c:41	(at logger.py:129) 
2019-03-02 02:02:55,678 [D] subprocess cmd: ['source execute.sh /home/bohrok/Documents/DM/output/orbs/wc/14/work'], stdout: b''	(at ex_script.py:45) 
2019-03-02 02:02:55,678 [D] -:C:n:WD_1:wc.c:42	(at logger.py:129) 
2019-03-02 02:02:55,688 [D] subprocess cmd: ['source compile.sh /home/bohrok/Documents/DM/output/orbs/wc/14/work'], stdout: b''	(at ex_script.py:45) 
2019-03-02 02:02:55,688 [D] ┌:F:n:WD_2:wc.c:42	(at logger.py:129) 
2019-03-02 02:02:55,688 [D] └:F:n:WD_2:wc.c:41	(at logger.py:129) 
2019-03-02 02:02:55,700 [D] subprocess cmd: ['source compile.sh /home/bohrok/Documents/DM/output/orbs/wc/14/work'], stdout: b''	(at ex_script.py:45) 
2019-03-02 02:02:55,700 [D] ┌:F:n:WD_3:wc.c:42	(at logger.py:129) 
2019-03-02 02:02:55,701 [D] |:F:n:WD_3:wc.c:41	(at logger.py:129) 
2019-03-02 02:02:55,701 [D] └:F:n:WD_3:wc.c:40	(at logger.py:129) 
2019-03-02 02:02:55,712 [D] subprocess cmd: ['source compile.sh /home/bohrok/Documents/DM/output/orbs/wc/14/work'], stdout: b''	(at ex_script.py:45) 
2019-03-02 02:02:55,713 [D] -:F:n:WD_1:wc.c:41	(at logger.py:129) 
2019-03-02 02:02:55,723 [D] subprocess cmd: ['source compile.sh /home/bohrok/Documents/DM/output/orbs/wc/14/work'], stdout: b''	(at ex_script.py:45) 
2019-03-02 02:02:55,723 [D] ┌:F:n:WD_2:wc.c:41	(at logger.py:129) 
2019-03-02 02:02:55,723 [D] └:F:n:WD_2:wc.c:40	(at logger.py:129) 
2019-03-02 02:02:55,735 [D] subprocess cmd: ['source compile.sh /home/bohrok/Documents/DM/output/orbs/wc/14/work'], stdout: b''	(at ex_script.py:45) 
2019-03-02 02:02:55,735 [D] ┌:F:n:WD_3:wc.c:41	(at logger.py:129) 
2019-03-02 02:02:55,735 [D] |:F:n:WD_3:wc.c:40	(at logger.py:129) 
2019-03-02 02:02:55,736 [D] └:F:n:WD_3:wc.c:39	(at logger.py:129) 
2019-03-02 02:02:55,748 [D] subprocess cmd: ['source compile.sh /home/bohrok/Documents/DM/output/orbs/wc/14/work'], stdout: b''	(at ex_script.py:45) 
2019-03-02 02:02:55,748 [D] -:F:n:WD_1:wc.c:40	(at logger.py:129) 
2019-03-02 02:02:55,790 [D] ┌:C:n:WD_2:wc.c:40	(at logger.py:129) 
2019-03-02 02:02:55,791 [D] └:C:n:WD_2:wc.c:39	(at logger.py:129) 
2019-03-02 02:02:55,802 [D] subprocess cmd: ['source compile.sh /home/bohrok/Documents/DM/output/orbs/wc/14/work'], stdout: b''	(at ex_script.py:45) 
2019-03-02 02:02:55,802 [D] ┌:F:n:WD_3:wc.c:40	(at logger.py:129) 
2019-03-02 02:02:55,802 [D] |:F:n:WD_3:wc.c:39	(at logger.py:129) 
2019-03-02 02:02:55,802 [D] └:F:n:WD_3:wc.c:37	(at logger.py:129) 
2019-03-02 02:02:55,815 [D] subprocess cmd: ['source compile.sh /home/bohrok/Documents/DM/output/orbs/wc/14/work'], stdout: b''	(at ex_script.py:45) 
2019-03-02 02:02:55,815 [D] -:F:n:WD_1:wc.c:39	(at logger.py:129) 
2019-03-02 02:02:55,827 [D] subprocess cmd: ['source compile.sh /home/bohrok/Documents/DM/output/orbs/wc/14/work'], stdout: b''	(at ex_script.py:45) 
2019-03-02 02:02:55,827 [D] ┌:F:n:WD_2:wc.c:39	(at logger.py:129) 
2019-03-02 02:02:55,827 [D] └:F:n:WD_2:wc.c:37	(at logger.py:129) 
2019-03-02 02:02:55,837 [D] subprocess cmd: ['source compile.sh /home/bohrok/Documents/DM/output/orbs/wc/14/work'], stdout: b''	(at ex_script.py:45) 
2019-03-02 02:02:55,837 [D] ┌:F:n:WD_3:wc.c:39	(at logger.py:129) 
2019-03-02 02:02:55,837 [D] |:F:n:WD_3:wc.c:37	(at logger.py:129) 
2019-03-02 02:02:55,838 [D] └:F:n:WD_3:wc.c:36	(at logger.py:129) 
2019-03-02 02:02:55,838 [D]  : : :pass:wc.c:38	(at logger.py:129) 
2019-03-02 02:02:55,850 [D] subprocess cmd: ['source compile.sh /home/bohrok/Documents/DM/output/orbs/wc/14/work'], stdout: b''	(at ex_script.py:45) 
2019-03-02 02:02:55,851 [D] -:F:n:WD_1:wc.c:37	(at logger.py:129) 
2019-03-02 02:02:55,863 [D] subprocess cmd: ['source compile.sh /home/bohrok/Documents/DM/output/orbs/wc/14/work'], stdout: b''	(at ex_script.py:45) 
2019-03-02 02:02:55,863 [D] ┌:F:n:WD_2:wc.c:37	(at logger.py:129) 
2019-03-02 02:02:55,863 [D] └:F:n:WD_2:wc.c:36	(at logger.py:129) 
2019-03-02 02:02:55,899 [D] subprocess cmd: ['source compile.sh /home/bohrok/Documents/DM/output/orbs/wc/14/work'], stdout: b''	(at ex_script.py:45) 
2019-03-02 02:02:55,899 [D] ┌:F:n:WD_3:wc.c:37	(at logger.py:129) 
2019-03-02 02:02:55,899 [D] |:F:n:WD_3:wc.c:36	(at logger.py:129) 
2019-03-02 02:02:55,899 [D] └:F:n:WD_3:wc.c:35	(at logger.py:129) 
2019-03-02 02:02:55,910 [D] subprocess cmd: ['source compile.sh /home/bohrok/Documents/DM/output/orbs/wc/14/work'], stdout: b''	(at ex_script.py:45) 
2019-03-02 02:02:55,910 [D] -:F:n:WD_1:wc.c:36	(at logger.py:129) 
2019-03-02 02:02:55,920 [D] subprocess cmd: ['source compile.sh /home/bohrok/Documents/DM/output/orbs/wc/14/work'], stdout: b''	(at ex_script.py:45) 
2019-03-02 02:02:55,921 [D] ┌:F:n:WD_2:wc.c:36	(at logger.py:129) 
2019-03-02 02:02:55,921 [D] └:F:n:WD_2:wc.c:35	(at logger.py:129) 
2019-03-02 02:02:55,932 [D] subprocess cmd: ['source compile.sh /home/bohrok/Documents/DM/output/orbs/wc/14/work'], stdout: b''	(at ex_script.py:45) 
2019-03-02 02:02:55,933 [D] ┌:F:n:WD_3:wc.c:36	(at logger.py:129) 
2019-03-02 02:02:55,933 [D] |:F:n:WD_3:wc.c:35	(at logger.py:129) 
2019-03-02 02:02:55,933 [D] └:F:n:WD_3:wc.c:34	(at logger.py:129) 
2019-03-02 02:02:55,944 [D] subprocess cmd: ['source compile.sh /home/bohrok/Documents/DM/output/orbs/wc/14/work'], stdout: b''	(at ex_script.py:45) 
2019-03-02 02:02:55,945 [D] -:F:n:WD_1:wc.c:35	(at logger.py:129) 
2019-03-02 02:02:55,955 [D] subprocess cmd: ['source compile.sh /home/bohrok/Documents/DM/output/orbs/wc/14/work'], stdout: b''	(at ex_script.py:45) 
2019-03-02 02:02:55,955 [D] ┌:F:n:WD_2:wc.c:35	(at logger.py:129) 
2019-03-02 02:02:55,955 [D] └:F:n:WD_2:wc.c:34	(at logger.py:129) 
2019-03-02 02:02:55,969 [D] subprocess cmd: ['source compile.sh /home/bohrok/Documents/DM/output/orbs/wc/14/work'], stdout: b''	(at ex_script.py:45) 
2019-03-02 02:02:55,970 [D] ┌:F:n:WD_3:wc.c:35	(at logger.py:129) 
2019-03-02 02:02:55,970 [D] |:F:n:WD_3:wc.c:34	(at logger.py:129) 
2019-03-02 02:02:55,970 [D] └:F:n:WD_3:wc.c:33	(at logger.py:129) 
2019-03-02 02:02:55,982 [D] subprocess cmd: ['source compile.sh /home/bohrok/Documents/DM/output/orbs/wc/14/work'], stdout: b''	(at ex_script.py:45) 
2019-03-02 02:02:55,982 [D] -:F:n:WD_1:wc.c:34	(at logger.py:129) 
2019-03-02 02:02:55,994 [D] subprocess cmd: ['source compile.sh /home/bohrok/Documents/DM/output/orbs/wc/14/work'], stdout: b''	(at ex_script.py:45) 
2019-03-02 02:02:55,994 [D] ┌:F:n:WD_2:wc.c:34	(at logger.py:129) 
2019-03-02 02:02:55,995 [D] └:F:n:WD_2:wc.c:33	(at logger.py:129) 
2019-03-02 02:02:56,005 [D] subprocess cmd: ['source compile.sh /home/bohrok/Documents/DM/output/orbs/wc/14/work'], stdout: b''	(at ex_script.py:45) 
2019-03-02 02:02:56,006 [D] ┌:F:n:WD_3:wc.c:34	(at logger.py:129) 
2019-03-02 02:02:56,006 [D] |:F:n:WD_3:wc.c:33	(at logger.py:129) 
2019-03-02 02:02:56,006 [D] └:F:n:WD_3:wc.c:32	(at logger.py:129) 
2019-03-02 02:02:56,019 [D] subprocess cmd: ['source compile.sh /home/bohrok/Documents/DM/output/orbs/wc/14/work'], stdout: b''	(at ex_script.py:45) 
2019-03-02 02:02:56,019 [D] -:F:n:WD_1:wc.c:33	(at logger.py:129) 
2019-03-02 02:02:56,031 [D] subprocess cmd: ['source compile.sh /home/bohrok/Documents/DM/output/orbs/wc/14/work'], stdout: b''	(at ex_script.py:45) 
2019-03-02 02:02:56,031 [D] ┌:F:n:WD_2:wc.c:33	(at logger.py:129) 
2019-03-02 02:02:56,031 [D] └:F:n:WD_2:wc.c:32	(at logger.py:129) 
2019-03-02 02:02:56,044 [D] subprocess cmd: ['source compile.sh /home/bohrok/Documents/DM/output/orbs/wc/14/work'], stdout: b''	(at ex_script.py:45) 
2019-03-02 02:02:56,044 [D] ┌:F:n:WD_3:wc.c:33	(at logger.py:129) 
2019-03-02 02:02:56,044 [D] |:F:n:WD_3:wc.c:32	(at logger.py:129) 
2019-03-02 02:02:56,044 [D] └:F:n:WD_3:wc.c:31	(at logger.py:129) 
2019-03-02 02:02:56,091 [D] -:C:n:WD_1:wc.c:32	(at logger.py:129) 
2019-03-02 02:02:56,104 [D] subprocess cmd: ['source compile.sh /home/bohrok/Documents/DM/output/orbs/wc/14/work'], stdout: b''	(at ex_script.py:45) 
2019-03-02 02:02:56,104 [D] ┌:F:n:WD_2:wc.c:32	(at logger.py:129) 
2019-03-02 02:02:56,104 [D] └:F:n:WD_2:wc.c:31	(at logger.py:129) 
2019-03-02 02:02:56,116 [D] subprocess cmd: ['source compile.sh /home/bohrok/Documents/DM/output/orbs/wc/14/work'], stdout: b''	(at ex_script.py:45) 
2019-03-02 02:02:56,116 [D] ┌:F:n:WD_3:wc.c:32	(at logger.py:129) 
2019-03-02 02:02:56,116 [D] |:F:n:WD_3:wc.c:31	(at logger.py:129) 
2019-03-02 02:02:56,116 [D] └:F:n:WD_3:wc.c:30	(at logger.py:129) 
2019-03-02 02:02:56,127 [D] subprocess cmd: ['source compile.sh /home/bohrok/Documents/DM/output/orbs/wc/14/work'], stdout: b''	(at ex_script.py:45) 
2019-03-02 02:02:56,128 [D] -:F:n:WD_1:wc.c:31	(at logger.py:129) 
2019-03-02 02:02:56,139 [D] subprocess cmd: ['source compile.sh /home/bohrok/Documents/DM/output/orbs/wc/14/work'], stdout: b''	(at ex_script.py:45) 
2019-03-02 02:02:56,139 [D] ┌:F:n:WD_2:wc.c:31	(at logger.py:129) 
2019-03-02 02:02:56,139 [D] └:F:n:WD_2:wc.c:30	(at logger.py:129) 
2019-03-02 02:02:56,186 [D] ┌:C:n:WD_3:wc.c:31	(at logger.py:129) 
2019-03-02 02:02:56,187 [D] |:C:n:WD_3:wc.c:30	(at logger.py:129) 
2019-03-02 02:02:56,187 [D] └:C:n:WD_3:wc.c:29	(at logger.py:129) 
2019-03-02 02:02:56,231 [D] -:C:n:WD_1:wc.c:30	(at logger.py:129) 
2019-03-02 02:02:56,243 [D] subprocess cmd: ['source compile.sh /home/bohrok/Documents/DM/output/orbs/wc/14/work'], stdout: b''	(at ex_script.py:45) 
2019-03-02 02:02:56,243 [D] ┌:F:n:WD_2:wc.c:30	(at logger.py:129) 
2019-03-02 02:02:56,243 [D] └:F:n:WD_2:wc.c:29	(at logger.py:129) 
2019-03-02 02:02:56,254 [D] subprocess cmd: ['source compile.sh /home/bohrok/Documents/DM/output/orbs/wc/14/work'], stdout: b''	(at ex_script.py:45) 
2019-03-02 02:02:56,254 [D] ┌:F:n:WD_3:wc.c:30	(at logger.py:129) 
2019-03-02 02:02:56,254 [D] |:F:n:WD_3:wc.c:29	(at logger.py:129) 
2019-03-02 02:02:56,254 [D] └:F:n:WD_3:wc.c:28	(at logger.py:129) 
2019-03-02 02:02:56,267 [D] subprocess cmd: ['source compile.sh /home/bohrok/Documents/DM/output/orbs/wc/14/work'], stdout: b''	(at ex_script.py:45) 
2019-03-02 02:02:56,267 [D] -:F:n:WD_1:wc.c:29	(at logger.py:129) 
2019-03-02 02:02:56,278 [D] subprocess cmd: ['source compile.sh /home/bohrok/Documents/DM/output/orbs/wc/14/work'], stdout: b''	(at ex_script.py:45) 
2019-03-02 02:02:56,279 [D] ┌:F:n:WD_2:wc.c:29	(at logger.py:129) 
2019-03-02 02:02:56,279 [D] └:F:n:WD_2:wc.c:28	(at logger.py:129) 
2019-03-02 02:02:56,289 [D] subprocess cmd: ['source compile.sh /home/bohrok/Documents/DM/output/orbs/wc/14/work'], stdout: b''	(at ex_script.py:45) 
2019-03-02 02:02:56,289 [D] ┌:F:n:WD_3:wc.c:29	(at logger.py:129) 
2019-03-02 02:02:56,289 [D] |:F:n:WD_3:wc.c:28	(at logger.py:129) 
2019-03-02 02:02:56,289 [D] └:F:n:WD_3:wc.c:26	(at logger.py:129) 
2019-03-02 02:02:56,302 [D] subprocess cmd: ['source compile.sh /home/bohrok/Documents/DM/output/orbs/wc/14/work'], stdout: b''	(at ex_script.py:45) 
2019-03-02 02:02:56,302 [D] -:F:n:WD_1:wc.c:28	(at logger.py:129) 
2019-03-02 02:02:56,314 [D] subprocess cmd: ['source compile.sh /home/bohrok/Documents/DM/output/orbs/wc/14/work'], stdout: b''	(at ex_script.py:45) 
2019-03-02 02:02:56,314 [D] ┌:F:n:WD_2:wc.c:28	(at logger.py:129) 
2019-03-02 02:02:56,314 [D] └:F:n:WD_2:wc.c:26	(at logger.py:129) 
2019-03-02 02:02:56,326 [D] subprocess cmd: ['source compile.sh /home/bohrok/Documents/DM/output/orbs/wc/14/work'], stdout: b''	(at ex_script.py:45) 
2019-03-02 02:02:56,326 [D] ┌:F:n:WD_3:wc.c:28	(at logger.py:129) 
2019-03-02 02:02:56,326 [D] |:F:n:WD_3:wc.c:26	(at logger.py:129) 
2019-03-02 02:02:56,326 [D] └:F:n:WD_3:wc.c:25	(at logger.py:129) 
2019-03-02 02:02:56,326 [D]  : : :pass:wc.c:27	(at logger.py:129) 
2019-03-02 02:02:56,374 [D] subprocess cmd: ['source execute.sh /home/bohrok/Documents/DM/output/orbs/wc/14/work'], stdout: b''	(at ex_script.py:45) 
2019-03-02 02:02:56,374 [D] -:C:n:WD_1:wc.c:26	(at logger.py:129) 
2019-03-02 02:02:56,421 [D] subprocess cmd: ['source execute.sh /home/bohrok/Documents/DM/output/orbs/wc/14/work'], stdout: b''	(at ex_script.py:45) 
2019-03-02 02:02:56,421 [D] ┌:C:n:WD_2:wc.c:26	(at logger.py:129) 
2019-03-02 02:02:56,421 [D] └:C:n:WD_2:wc.c:25	(at logger.py:129) 
2019-03-02 02:02:56,434 [D] subprocess cmd: ['source compile.sh /home/bohrok/Documents/DM/output/orbs/wc/14/work'], stdout: b''	(at ex_script.py:45) 
2019-03-02 02:02:56,435 [D] ┌:F:n:WD_3:wc.c:26	(at logger.py:129) 
2019-03-02 02:02:56,435 [D] |:F:n:WD_3:wc.c:25	(at logger.py:129) 
2019-03-02 02:02:56,435 [D] └:F:n:WD_3:wc.c:23	(at logger.py:129) 
2019-03-02 02:02:56,484 [D] -:C:n:WD_1:wc.c:25	(at logger.py:129) 
2019-03-02 02:02:56,498 [D] subprocess cmd: ['source compile.sh /home/bohrok/Documents/DM/output/orbs/wc/14/work'], stdout: b''	(at ex_script.py:45) 
2019-03-02 02:02:56,499 [D] ┌:F:n:WD_2:wc.c:25	(at logger.py:129) 
2019-03-02 02:02:56,499 [D] └:F:n:WD_2:wc.c:23	(at logger.py:129) 
2019-03-02 02:02:56,510 [D] subprocess cmd: ['source compile.sh /home/bohrok/Documents/DM/output/orbs/wc/14/work'], stdout: b''	(at ex_script.py:45) 
2019-03-02 02:02:56,510 [D] ┌:F:n:WD_3:wc.c:25	(at logger.py:129) 
2019-03-02 02:02:56,510 [D] |:F:n:WD_3:wc.c:23	(at logger.py:129) 
2019-03-02 02:02:56,510 [D] └:F:n:WD_3:wc.c:22	(at logger.py:129) 
2019-03-02 02:02:56,510 [D]  : : :pass:wc.c:24	(at logger.py:129) 
2019-03-02 02:02:56,522 [D] subprocess cmd: ['source compile.sh /home/bohrok/Documents/DM/output/orbs/wc/14/work'], stdout: b''	(at ex_script.py:45) 
2019-03-02 02:02:56,522 [D] -:F:n:WD_1:wc.c:23	(at logger.py:129) 
2019-03-02 02:02:56,535 [D] subprocess cmd: ['source compile.sh /home/bohrok/Documents/DM/output/orbs/wc/14/work'], stdout: b''	(at ex_script.py:45) 
2019-03-02 02:02:56,535 [D] ┌:F:n:WD_2:wc.c:23	(at logger.py:129) 
2019-03-02 02:02:56,535 [D] └:F:n:WD_2:wc.c:22	(at logger.py:129) 
2019-03-02 02:02:56,548 [D] subprocess cmd: ['source compile.sh /home/bohrok/Documents/DM/output/orbs/wc/14/work'], stdout: b''	(at ex_script.py:45) 
2019-03-02 02:02:56,548 [D] ┌:F:n:WD_3:wc.c:23	(at logger.py:129) 
2019-03-02 02:02:56,548 [D] |:F:n:WD_3:wc.c:22	(at logger.py:129) 
2019-03-02 02:02:56,548 [D] └:F:n:WD_3:wc.c:21	(at logger.py:129) 
2019-03-02 02:02:56,594 [D] -:C:n:WD_1:wc.c:22	(at logger.py:129) 
2019-03-02 02:02:56,604 [D] subprocess cmd: ['source compile.sh /home/bohrok/Documents/DM/output/orbs/wc/14/work'], stdout: b''	(at ex_script.py:45) 
2019-03-02 02:02:56,604 [D] ┌:F:n:WD_2:wc.c:22	(at logger.py:129) 
2019-03-02 02:02:56,604 [D] └:F:n:WD_2:wc.c:21	(at logger.py:129) 
2019-03-02 02:02:56,617 [D] subprocess cmd: ['source compile.sh /home/bohrok/Documents/DM/output/orbs/wc/14/work'], stdout: b''	(at ex_script.py:45) 
2019-03-02 02:02:56,617 [D] ┌:F:n:WD_3:wc.c:22	(at logger.py:129) 
2019-03-02 02:02:56,618 [D] |:F:n:WD_3:wc.c:21	(at logger.py:129) 
2019-03-02 02:02:56,618 [D] └:F:n:WD_3:wc.c:20	(at logger.py:129) 
2019-03-02 02:02:56,629 [D] subprocess cmd: ['source compile.sh /home/bohrok/Documents/DM/output/orbs/wc/14/work'], stdout: b''	(at ex_script.py:45) 
2019-03-02 02:02:56,629 [D] -:F:n:WD_1:wc.c:21	(at logger.py:129) 
2019-03-02 02:02:56,639 [D] subprocess cmd: ['source compile.sh /home/bohrok/Documents/DM/output/orbs/wc/14/work'], stdout: b''	(at ex_script.py:45) 
2019-03-02 02:02:56,639 [D] ┌:F:n:WD_2:wc.c:21	(at logger.py:129) 
2019-03-02 02:02:56,639 [D] └:F:n:WD_2:wc.c:20	(at logger.py:129) 
2019-03-02 02:02:56,651 [D] subprocess cmd: ['source compile.sh /home/bohrok/Documents/DM/output/orbs/wc/14/work'], stdout: b''	(at ex_script.py:45) 
2019-03-02 02:02:56,651 [D] ┌:F:n:WD_3:wc.c:21	(at logger.py:129) 
2019-03-02 02:02:56,651 [D] |:F:n:WD_3:wc.c:20	(at logger.py:129) 
2019-03-02 02:02:56,651 [D] └:F:n:WD_3:wc.c:19	(at logger.py:129) 
2019-03-02 02:02:56,664 [D] subprocess cmd: ['source compile.sh /home/bohrok/Documents/DM/output/orbs/wc/14/work'], stdout: b''	(at ex_script.py:45) 
2019-03-02 02:02:56,664 [D] -:F:n:WD_1:wc.c:20	(at logger.py:129) 
2019-03-02 02:02:56,677 [D] subprocess cmd: ['source compile.sh /home/bohrok/Documents/DM/output/orbs/wc/14/work'], stdout: b''	(at ex_script.py:45) 
2019-03-02 02:02:56,678 [D] ┌:F:n:WD_2:wc.c:20	(at logger.py:129) 
2019-03-02 02:02:56,678 [D] └:F:n:WD_2:wc.c:19	(at logger.py:129) 
2019-03-02 02:02:56,678 [D] ┌:F:n:WD_3:wc.c:20	(at logger.py:129) 
2019-03-02 02:02:56,678 [D] |:F:n:WD_3:wc.c:19	(at logger.py:129) 
2019-03-02 02:02:56,678 [D] └:F:n:WD_3:wc.c:17	(at logger.py:129) 
2019-03-02 02:02:56,689 [D] subprocess cmd: ['source compile.sh /home/bohrok/Documents/DM/output/orbs/wc/14/work'], stdout: b''	(at ex_script.py:45) 
2019-03-02 02:02:56,689 [D] -:F:n:WD_1:wc.c:19	(at logger.py:129) 
2019-03-02 02:02:56,724 [D] ┌:P:c:WD_2:wc.c:19	(at logger.py:129) 
2019-03-02 02:02:56,724 [D] └:P:c:WD_2:wc.c:17	(at logger.py:129) 
2019-03-02 02:02:56,724 [D]  : : :pass:wc.c:18	(at logger.py:129) 
2019-03-02 02:02:56,724 [D]  : : :pass:wc.c:17	(at logger.py:129) 
2019-03-02 02:02:56,724 [D]  : : :pass:wc.c:16	(at logger.py:129) 
2019-03-02 02:02:56,724 [D]  : : :pass:wc.c:15	(at logger.py:129) 
2019-03-02 02:02:56,736 [D] subprocess cmd: ['source compile.sh /home/bohrok/Documents/DM/output/orbs/wc/14/work'], stdout: b''	(at ex_script.py:45) 
2019-03-02 02:02:56,736 [D] -:F:n:WD_1:wc.c:14	(at logger.py:129) 
2019-03-02 02:02:56,747 [D] subprocess cmd: ['source compile.sh /home/bohrok/Documents/DM/output/orbs/wc/14/work'], stdout: b''	(at ex_script.py:45) 
2019-03-02 02:02:56,747 [D] ┌:F:n:WD_2:wc.c:14	(at logger.py:129) 
2019-03-02 02:02:56,747 [D] └:F:n:WD_2:wc.c:13	(at logger.py:129) 
2019-03-02 02:02:56,757 [D] subprocess cmd: ['source compile.sh /home/bohrok/Documents/DM/output/orbs/wc/14/work'], stdout: b''	(at ex_script.py:45) 
2019-03-02 02:02:56,757 [D] ┌:F:n:WD_3:wc.c:14	(at logger.py:129) 
2019-03-02 02:02:56,757 [D] |:F:n:WD_3:wc.c:13	(at logger.py:129) 
2019-03-02 02:02:56,757 [D] └:F:n:WD_3:wc.c:11	(at logger.py:129) 
2019-03-02 02:02:56,803 [D] subprocess cmd: ['source execute.sh /home/bohrok/Documents/DM/output/orbs/wc/14/work'], stdout: b''	(at ex_script.py:45) 
2019-03-02 02:02:56,803 [D] -:C:n:WD_1:wc.c:13	(at logger.py:129) 
2019-03-02 02:02:56,853 [D] subprocess cmd: ['source execute.sh /home/bohrok/Documents/DM/output/orbs/wc/14/work'], stdout: b''	(at ex_script.py:45) 
2019-03-02 02:02:56,853 [D] ┌:C:n:WD_2:wc.c:13	(at logger.py:129) 
2019-03-02 02:02:56,853 [D] └:C:n:WD_2:wc.c:11	(at logger.py:129) 
2019-03-02 02:02:56,864 [D] subprocess cmd: ['source compile.sh /home/bohrok/Documents/DM/output/orbs/wc/14/work'], stdout: b''	(at ex_script.py:45) 
2019-03-02 02:02:56,864 [D] ┌:F:n:WD_3:wc.c:13	(at logger.py:129) 
2019-03-02 02:02:56,864 [D] |:F:n:WD_3:wc.c:11	(at logger.py:129) 
2019-03-02 02:02:56,864 [D] └:F:n:WD_3:wc.c:9	(at logger.py:129) 
2019-03-02 02:02:56,865 [D]  : : :pass:wc.c:12	(at logger.py:129) 
2019-03-02 02:02:56,906 [D] -:C:n:WD_1:wc.c:11	(at logger.py:129) 
2019-03-02 02:02:56,917 [D] subprocess cmd: ['source compile.sh /home/bohrok/Documents/DM/output/orbs/wc/14/work'], stdout: b''	(at ex_script.py:45) 
2019-03-02 02:02:56,918 [D] ┌:F:n:WD_2:wc.c:11	(at logger.py:129) 
2019-03-02 02:02:56,918 [D] └:F:n:WD_2:wc.c:9	(at logger.py:129) 
2019-03-02 02:02:56,929 [D] subprocess cmd: ['source compile.sh /home/bohrok/Documents/DM/output/orbs/wc/14/work'], stdout: b''	(at ex_script.py:45) 
2019-03-02 02:02:56,929 [D] ┌:F:n:WD_3:wc.c:11	(at logger.py:129) 
2019-03-02 02:02:56,929 [D] |:F:n:WD_3:wc.c:9	(at logger.py:129) 
2019-03-02 02:02:56,929 [D] └:F:n:WD_3:wc.c:7	(at logger.py:129) 
2019-03-02 02:02:56,929 [D]  : : :pass:wc.c:10	(at logger.py:129) 
2019-03-02 02:02:56,939 [D] subprocess cmd: ['source compile.sh /home/bohrok/Documents/DM/output/orbs/wc/14/work'], stdout: b''	(at ex_script.py:45) 
2019-03-02 02:02:56,939 [D] -:F:n:WD_1:wc.c:9	(at logger.py:129) 
2019-03-02 02:02:56,952 [D] subprocess cmd: ['source compile.sh /home/bohrok/Documents/DM/output/orbs/wc/14/work'], stdout: b''	(at ex_script.py:45) 
2019-03-02 02:02:56,952 [D] ┌:F:n:WD_2:wc.c:9	(at logger.py:129) 
2019-03-02 02:02:56,952 [D] └:F:n:WD_2:wc.c:7	(at logger.py:129) 
2019-03-02 02:02:56,964 [D] subprocess cmd: ['source compile.sh /home/bohrok/Documents/DM/output/orbs/wc/14/work'], stdout: b''	(at ex_script.py:45) 
2019-03-02 02:02:56,964 [D] ┌:F:n:WD_3:wc.c:9	(at logger.py:129) 
2019-03-02 02:02:56,964 [D] |:F:n:WD_3:wc.c:7	(at logger.py:129) 
2019-03-02 02:02:56,965 [D] └:F:n:WD_3:wc.c:4	(at logger.py:129) 
2019-03-02 02:02:56,965 [D]  : : :pass:wc.c:8	(at logger.py:129) 
2019-03-02 02:02:56,977 [D] subprocess cmd: ['source compile.sh /home/bohrok/Documents/DM/output/orbs/wc/14/work'], stdout: b''	(at ex_script.py:45) 
2019-03-02 02:02:56,977 [D] -:F:n:WD_1:wc.c:7	(at logger.py:129) 
2019-03-02 02:02:56,988 [D] subprocess cmd: ['source compile.sh /home/bohrok/Documents/DM/output/orbs/wc/14/work'], stdout: b''	(at ex_script.py:45) 
2019-03-02 02:02:56,988 [D] ┌:F:n:WD_2:wc.c:7	(at logger.py:129) 
2019-03-02 02:02:56,988 [D] └:F:n:WD_2:wc.c:4	(at logger.py:129) 
2019-03-02 02:02:57,002 [D] subprocess cmd: ['source compile.sh /home/bohrok/Documents/DM/output/orbs/wc/14/work'], stdout: b''	(at ex_script.py:45) 
2019-03-02 02:02:57,002 [D] ┌:F:n:WD_3:wc.c:7	(at logger.py:129) 
2019-03-02 02:02:57,002 [D] |:F:n:WD_3:wc.c:4	(at logger.py:129) 
2019-03-02 02:02:57,002 [D] └:F:n:WD_3:wc.c:3	(at logger.py:129) 
2019-03-02 02:02:57,002 [D]  : : :pass:wc.c:6	(at logger.py:129) 
2019-03-02 02:02:57,002 [D]  : : :pass:wc.c:5	(at logger.py:129) 
2019-03-02 02:02:57,015 [D] subprocess cmd: ['source compile.sh /home/bohrok/Documents/DM/output/orbs/wc/14/work'], stdout: b''	(at ex_script.py:45) 
2019-03-02 02:02:57,015 [D] -:F:n:WD_1:wc.c:4	(at logger.py:129) 
2019-03-02 02:02:57,026 [D] subprocess cmd: ['source compile.sh /home/bohrok/Documents/DM/output/orbs/wc/14/work'], stdout: b''	(at ex_script.py:45) 
2019-03-02 02:02:57,027 [D] ┌:F:n:WD_2:wc.c:4	(at logger.py:129) 
2019-03-02 02:02:57,027 [D] └:F:n:WD_2:wc.c:3	(at logger.py:129) 
2019-03-02 02:02:57,039 [D] subprocess cmd: ['source compile.sh /home/bohrok/Documents/DM/output/orbs/wc/14/work'], stdout: b''	(at ex_script.py:45) 
2019-03-02 02:02:57,039 [D] ┌:F:n:WD_3:wc.c:4	(at logger.py:129) 
2019-03-02 02:02:57,039 [D] |:F:n:WD_3:wc.c:3	(at logger.py:129) 
2019-03-02 02:02:57,039 [D] └:F:n:WD_3:wc.c:2	(at logger.py:129) 
2019-03-02 02:02:57,052 [D] subprocess cmd: ['source compile.sh /home/bohrok/Documents/DM/output/orbs/wc/14/work'], stdout: b''	(at ex_script.py:45) 
2019-03-02 02:02:57,053 [D] -:F:n:WD_1:wc.c:3	(at logger.py:129) 
2019-03-02 02:02:57,068 [D] subprocess cmd: ['source compile.sh /home/bohrok/Documents/DM/output/orbs/wc/14/work'], stdout: b''	(at ex_script.py:45) 
2019-03-02 02:02:57,068 [D] ┌:F:n:WD_2:wc.c:3	(at logger.py:129) 
2019-03-02 02:02:57,068 [D] └:F:n:WD_2:wc.c:2	(at logger.py:129) 
2019-03-02 02:02:57,068 [D] ┌:F:n:WD_3:wc.c:3	(at logger.py:129) 
2019-03-02 02:02:57,069 [D] └:F:n:WD_3:wc.c:2	(at logger.py:129) 
2019-03-02 02:02:57,111 [D] subprocess cmd: ['source compile.sh /home/bohrok/Documents/DM/output/orbs/wc/14/work'], stdout: b''	(at ex_script.py:45) 
2019-03-02 02:02:57,111 [D] -:F:n:WD_1:wc.c:2	(at logger.py:129) 
2019-03-02 02:02:57,112 [D] -:F:n:WD_2:wc.c:2	(at logger.py:129) 
2019-03-02 02:02:57,112 [D] -:F:n:WD_3:wc.c:2	(at logger.py:129) 
2019-03-02 02:02:57,112 [D]  : : :pass:wc.c:1	(at logger.py:129) 
2019-03-02 02:02:57,112 [D] comp_cached_cnt:6	(at logger.py:134) 
2019-03-02 02:02:57,112 [D] compile_cnt:95	(at logger.py:134) 
2019-03-02 02:02:57,112 [D] execute_cnt:14	(at logger.py:134) 
2019-03-02 02:02:57,112 [D] fail_del_cnt:18	(at logger.py:134) 
2019-03-02 02:02:57,112 [D] iter_idx:2	(at logger.py:134) 
2019-03-02 02:02:57,112 [D] reuse_cnt:5	(at logger.py:134) 
2019-03-02 02:02:57,112 [D] succ_del_cnt:1	(at logger.py:134) 
2019-03-02 02:02:57,112 [D] time:1.7327790260314941	(at logger.py:134) 
2019-03-02 02:02:57,112 [D] deletion:15	(at logger.py:136) 
2019-03-02 02:02:57,113 [I] Iteration 2 finished	(at orbs.py:87) 
2019-03-02 02:02:57,135 [D] subprocess cmd: ['source compile.sh /home/bohrok/Documents/DM/output/orbs/wc/14/work'], stdout: b''	(at ex_script.py:45) 
2019-03-02 02:02:57,135 [D] -:F:n:WD_1:wc.c:48	(at logger.py:129) 
2019-03-02 02:02:57,147 [D] subprocess cmd: ['source compile.sh /home/bohrok/Documents/DM/output/orbs/wc/14/work'], stdout: b''	(at ex_script.py:45) 
2019-03-02 02:02:57,147 [D] ┌:F:n:WD_2:wc.c:48	(at logger.py:129) 
2019-03-02 02:02:57,147 [D] └:F:n:WD_2:wc.c:47	(at logger.py:129) 
2019-03-02 02:02:57,157 [D] subprocess cmd: ['source compile.sh /home/bohrok/Documents/DM/output/orbs/wc/14/work'], stdout: b''	(at ex_script.py:45) 
2019-03-02 02:02:57,157 [D] ┌:F:n:WD_3:wc.c:48	(at logger.py:129) 
2019-03-02 02:02:57,158 [D] |:F:n:WD_3:wc.c:47	(at logger.py:129) 
2019-03-02 02:02:57,158 [D] └:F:n:WD_3:wc.c:46	(at logger.py:129) 
2019-03-02 02:02:57,170 [D] subprocess cmd: ['source compile.sh /home/bohrok/Documents/DM/output/orbs/wc/14/work'], stdout: b''	(at ex_script.py:45) 
2019-03-02 02:02:57,170 [D] -:F:n:WD_1:wc.c:47	(at logger.py:129) 
2019-03-02 02:02:57,182 [D] subprocess cmd: ['source compile.sh /home/bohrok/Documents/DM/output/orbs/wc/14/work'], stdout: b''	(at ex_script.py:45) 
2019-03-02 02:02:57,183 [D] ┌:F:n:WD_2:wc.c:47	(at logger.py:129) 
2019-03-02 02:02:57,183 [D] └:F:n:WD_2:wc.c:46	(at logger.py:129) 
2019-03-02 02:02:57,218 [D] ┌:C:c:WD_3:wc.c:47	(at logger.py:129) 
2019-03-02 02:02:57,218 [D] |:C:c:WD_3:wc.c:46	(at logger.py:129) 
2019-03-02 02:02:57,218 [D] └:C:c:WD_3:wc.c:45	(at logger.py:129) 
2019-03-02 02:02:57,251 [D] -:C:c:WD_1:wc.c:46	(at logger.py:129) 
2019-03-02 02:02:57,263 [D] subprocess cmd: ['source compile.sh /home/bohrok/Documents/DM/output/orbs/wc/14/work'], stdout: b''	(at ex_script.py:45) 
2019-03-02 02:02:57,263 [D] ┌:F:n:WD_2:wc.c:46	(at logger.py:129) 
2019-03-02 02:02:57,263 [D] └:F:n:WD_2:wc.c:45	(at logger.py:129) 
2019-03-02 02:02:57,264 [D] ┌:C:c:WD_3:wc.c:46	(at logger.py:129) 
2019-03-02 02:02:57,264 [D] |:C:c:WD_3:wc.c:45	(at logger.py:129) 
2019-03-02 02:02:57,264 [D] └:C:c:WD_3:wc.c:43	(at logger.py:129) 
2019-03-02 02:02:57,273 [D] subprocess cmd: ['source compile.sh /home/bohrok/Documents/DM/output/orbs/wc/14/work'], stdout: b''	(at ex_script.py:45) 
2019-03-02 02:02:57,274 [D] -:F:n:WD_1:wc.c:45	(at logger.py:129) 
2019-03-02 02:02:57,308 [D] ┌:C:c:WD_2:wc.c:45	(at logger.py:129) 
2019-03-02 02:02:57,308 [D] └:C:c:WD_2:wc.c:43	(at logger.py:129) 
2019-03-02 02:02:57,342 [D] ┌:C:c:WD_3:wc.c:45	(at logger.py:129) 
2019-03-02 02:02:57,343 [D] |:C:c:WD_3:wc.c:43	(at logger.py:129) 
2019-03-02 02:02:57,343 [D] └:C:c:WD_3:wc.c:42	(at logger.py:129) 
2019-03-02 02:02:57,343 [D]  : : :pass:wc.c:44	(at logger.py:129) 
2019-03-02 02:02:57,353 [D] subprocess cmd: ['source compile.sh /home/bohrok/Documents/DM/output/orbs/wc/14/work'], stdout: b''	(at ex_script.py:45) 
2019-03-02 02:02:57,354 [D] -:F:n:WD_1:wc.c:43	(at logger.py:129) 
2019-03-02 02:02:57,366 [D] subprocess cmd: ['source compile.sh /home/bohrok/Documents/DM/output/orbs/wc/14/work'], stdout: b''	(at ex_script.py:45) 
2019-03-02 02:02:57,367 [D] ┌:F:n:WD_2:wc.c:43	(at logger.py:129) 
2019-03-02 02:02:57,367 [D] └:F:n:WD_2:wc.c:42	(at logger.py:129) 
2019-03-02 02:02:57,367 [D] ┌:C:c:WD_3:wc.c:43	(at logger.py:129) 
2019-03-02 02:02:57,367 [D] |:C:c:WD_3:wc.c:42	(at logger.py:129) 
2019-03-02 02:02:57,367 [D] └:C:c:WD_3:wc.c:41	(at logger.py:129) 
2019-03-02 02:02:57,398 [D] -:C:c:WD_1:wc.c:42	(at logger.py:129) 
2019-03-02 02:02:57,410 [D] subprocess cmd: ['source compile.sh /home/bohrok/Documents/DM/output/orbs/wc/14/work'], stdout: b''	(at ex_script.py:45) 
2019-03-02 02:02:57,410 [D] ┌:F:n:WD_2:wc.c:42	(at logger.py:129) 
2019-03-02 02:02:57,410 [D] └:F:n:WD_2:wc.c:41	(at logger.py:129) 
2019-03-02 02:02:57,420 [D] subprocess cmd: ['source compile.sh /home/bohrok/Documents/DM/output/orbs/wc/14/work'], stdout: b''	(at ex_script.py:45) 
2019-03-02 02:02:57,420 [D] ┌:F:n:WD_3:wc.c:42	(at logger.py:129) 
2019-03-02 02:02:57,420 [D] |:F:n:WD_3:wc.c:41	(at logger.py:129) 
2019-03-02 02:02:57,420 [D] └:F:n:WD_3:wc.c:40	(at logger.py:129) 
2019-03-02 02:02:57,432 [D] subprocess cmd: ['source compile.sh /home/bohrok/Documents/DM/output/orbs/wc/14/work'], stdout: b''	(at ex_script.py:45) 
2019-03-02 02:02:57,432 [D] -:F:n:WD_1:wc.c:41	(at logger.py:129) 
2019-03-02 02:02:57,441 [D] subprocess cmd: ['source compile.sh /home/bohrok/Documents/DM/output/orbs/wc/14/work'], stdout: b''	(at ex_script.py:45) 
2019-03-02 02:02:57,442 [D] ┌:F:n:WD_2:wc.c:41	(at logger.py:129) 
2019-03-02 02:02:57,442 [D] └:F:n:WD_2:wc.c:40	(at logger.py:129) 
2019-03-02 02:02:57,453 [D] subprocess cmd: ['source compile.sh /home/bohrok/Documents/DM/output/orbs/wc/14/work'], stdout: b''	(at ex_script.py:45) 
2019-03-02 02:02:57,454 [D] ┌:F:n:WD_3:wc.c:41	(at logger.py:129) 
2019-03-02 02:02:57,454 [D] |:F:n:WD_3:wc.c:40	(at logger.py:129) 
2019-03-02 02:02:57,454 [D] └:F:n:WD_3:wc.c:39	(at logger.py:129) 
2019-03-02 02:02:57,465 [D] subprocess cmd: ['source compile.sh /home/bohrok/Documents/DM/output/orbs/wc/14/work'], stdout: b''	(at ex_script.py:45) 
2019-03-02 02:02:57,465 [D] -:F:n:WD_1:wc.c:40	(at logger.py:129) 
2019-03-02 02:02:57,495 [D] ┌:C:c:WD_2:wc.c:40	(at logger.py:129) 
2019-03-02 02:02:57,495 [D] └:C:c:WD_2:wc.c:39	(at logger.py:129) 
2019-03-02 02:02:57,506 [D] subprocess cmd: ['source compile.sh /home/bohrok/Documents/DM/output/orbs/wc/14/work'], stdout: b''	(at ex_script.py:45) 
2019-03-02 02:02:57,506 [D] ┌:F:n:WD_3:wc.c:40	(at logger.py:129) 
2019-03-02 02:02:57,506 [D] |:F:n:WD_3:wc.c:39	(at logger.py:129) 
2019-03-02 02:02:57,506 [D] └:F:n:WD_3:wc.c:37	(at logger.py:129) 
2019-03-02 02:02:57,519 [D] subprocess cmd: ['source compile.sh /home/bohrok/Documents/DM/output/orbs/wc/14/work'], stdout: b''	(at ex_script.py:45) 
2019-03-02 02:02:57,519 [D] -:F:n:WD_1:wc.c:39	(at logger.py:129) 
2019-03-02 02:02:57,531 [D] subprocess cmd: ['source compile.sh /home/bohrok/Documents/DM/output/orbs/wc/14/work'], stdout: b''	(at ex_script.py:45) 
2019-03-02 02:02:57,531 [D] ┌:F:n:WD_2:wc.c:39	(at logger.py:129) 
2019-03-02 02:02:57,531 [D] └:F:n:WD_2:wc.c:37	(at logger.py:129) 
2019-03-02 02:02:57,541 [D] subprocess cmd: ['source compile.sh /home/bohrok/Documents/DM/output/orbs/wc/14/work'], stdout: b''	(at ex_script.py:45) 
2019-03-02 02:02:57,541 [D] ┌:F:n:WD_3:wc.c:39	(at logger.py:129) 
2019-03-02 02:02:57,541 [D] |:F:n:WD_3:wc.c:37	(at logger.py:129) 
2019-03-02 02:02:57,541 [D] └:F:n:WD_3:wc.c:36	(at logger.py:129) 
2019-03-02 02:02:57,542 [D]  : : :pass:wc.c:38	(at logger.py:129) 
2019-03-02 02:02:57,558 [D] subprocess cmd: ['source compile.sh /home/bohrok/Documents/DM/output/orbs/wc/14/work'], stdout: b''	(at ex_script.py:45) 
2019-03-02 02:02:57,558 [D] -:F:n:WD_1:wc.c:37	(at logger.py:129) 
2019-03-02 02:02:57,569 [D] subprocess cmd: ['source compile.sh /home/bohrok/Documents/DM/output/orbs/wc/14/work'], stdout: b''	(at ex_script.py:45) 
2019-03-02 02:02:57,570 [D] ┌:F:n:WD_2:wc.c:37	(at logger.py:129) 
2019-03-02 02:02:57,570 [D] └:F:n:WD_2:wc.c:36	(at logger.py:129) 
2019-03-02 02:02:57,601 [D] subprocess cmd: ['source compile.sh /home/bohrok/Documents/DM/output/orbs/wc/14/work'], stdout: b''	(at ex_script.py:45) 
2019-03-02 02:02:57,601 [D] ┌:F:n:WD_3:wc.c:37	(at logger.py:129) 
2019-03-02 02:02:57,601 [D] |:F:n:WD_3:wc.c:36	(at logger.py:129) 
2019-03-02 02:02:57,601 [D] └:F:n:WD_3:wc.c:35	(at logger.py:129) 
2019-03-02 02:02:57,612 [D] subprocess cmd: ['source compile.sh /home/bohrok/Documents/DM/output/orbs/wc/14/work'], stdout: b''	(at ex_script.py:45) 
2019-03-02 02:02:57,612 [D] -:F:n:WD_1:wc.c:36	(at logger.py:129) 
2019-03-02 02:02:57,623 [D] subprocess cmd: ['source compile.sh /home/bohrok/Documents/DM/output/orbs/wc/14/work'], stdout: b''	(at ex_script.py:45) 
2019-03-02 02:02:57,623 [D] ┌:F:n:WD_2:wc.c:36	(at logger.py:129) 
2019-03-02 02:02:57,623 [D] └:F:n:WD_2:wc.c:35	(at logger.py:129) 
2019-03-02 02:02:57,635 [D] subprocess cmd: ['source compile.sh /home/bohrok/Documents/DM/output/orbs/wc/14/work'], stdout: b''	(at ex_script.py:45) 
2019-03-02 02:02:57,636 [D] ┌:F:n:WD_3:wc.c:36	(at logger.py:129) 
2019-03-02 02:02:57,636 [D] |:F:n:WD_3:wc.c:35	(at logger.py:129) 
2019-03-02 02:02:57,636 [D] └:F:n:WD_3:wc.c:34	(at logger.py:129) 
2019-03-02 02:02:57,648 [D] subprocess cmd: ['source compile.sh /home/bohrok/Documents/DM/output/orbs/wc/14/work'], stdout: b''	(at ex_script.py:45) 
2019-03-02 02:02:57,648 [D] -:F:n:WD_1:wc.c:35	(at logger.py:129) 
2019-03-02 02:02:57,658 [D] subprocess cmd: ['source compile.sh /home/bohrok/Documents/DM/output/orbs/wc/14/work'], stdout: b''	(at ex_script.py:45) 
2019-03-02 02:02:57,659 [D] ┌:F:n:WD_2:wc.c:35	(at logger.py:129) 
2019-03-02 02:02:57,659 [D] └:F:n:WD_2:wc.c:34	(at logger.py:129) 
2019-03-02 02:02:57,672 [D] subprocess cmd: ['source compile.sh /home/bohrok/Documents/DM/output/orbs/wc/14/work'], stdout: b''	(at ex_script.py:45) 
2019-03-02 02:02:57,673 [D] ┌:F:n:WD_3:wc.c:35	(at logger.py:129) 
2019-03-02 02:02:57,673 [D] |:F:n:WD_3:wc.c:34	(at logger.py:129) 
2019-03-02 02:02:57,673 [D] └:F:n:WD_3:wc.c:33	(at logger.py:129) 
2019-03-02 02:02:57,685 [D] subprocess cmd: ['source compile.sh /home/bohrok/Documents/DM/output/orbs/wc/14/work'], stdout: b''	(at ex_script.py:45) 
2019-03-02 02:02:57,685 [D] -:F:n:WD_1:wc.c:34	(at logger.py:129) 
2019-03-02 02:02:57,698 [D] subprocess cmd: ['source compile.sh /home/bohrok/Documents/DM/output/orbs/wc/14/work'], stdout: b''	(at ex_script.py:45) 
2019-03-02 02:02:57,698 [D] ┌:F:n:WD_2:wc.c:34	(at logger.py:129) 
2019-03-02 02:02:57,698 [D] └:F:n:WD_2:wc.c:33	(at logger.py:129) 
2019-03-02 02:02:57,710 [D] subprocess cmd: ['source compile.sh /home/bohrok/Documents/DM/output/orbs/wc/14/work'], stdout: b''	(at ex_script.py:45) 
2019-03-02 02:02:57,711 [D] ┌:F:n:WD_3:wc.c:34	(at logger.py:129) 
2019-03-02 02:02:57,711 [D] |:F:n:WD_3:wc.c:33	(at logger.py:129) 
2019-03-02 02:02:57,711 [D] └:F:n:WD_3:wc.c:32	(at logger.py:129) 
2019-03-02 02:02:57,722 [D] subprocess cmd: ['source compile.sh /home/bohrok/Documents/DM/output/orbs/wc/14/work'], stdout: b''	(at ex_script.py:45) 
2019-03-02 02:02:57,722 [D] -:F:n:WD_1:wc.c:33	(at logger.py:129) 
2019-03-02 02:02:57,736 [D] subprocess cmd: ['source compile.sh /home/bohrok/Documents/DM/output/orbs/wc/14/work'], stdout: b''	(at ex_script.py:45) 
2019-03-02 02:02:57,736 [D] ┌:F:n:WD_2:wc.c:33	(at logger.py:129) 
2019-03-02 02:02:57,736 [D] └:F:n:WD_2:wc.c:32	(at logger.py:129) 
2019-03-02 02:02:57,747 [D] subprocess cmd: ['source compile.sh /home/bohrok/Documents/DM/output/orbs/wc/14/work'], stdout: b''	(at ex_script.py:45) 
2019-03-02 02:02:57,748 [D] ┌:F:n:WD_3:wc.c:33	(at logger.py:129) 
2019-03-02 02:02:57,748 [D] |:F:n:WD_3:wc.c:32	(at logger.py:129) 
2019-03-02 02:02:57,748 [D] └:F:n:WD_3:wc.c:31	(at logger.py:129) 
2019-03-02 02:02:57,784 [D] -:C:c:WD_1:wc.c:32	(at logger.py:129) 
2019-03-02 02:02:57,795 [D] subprocess cmd: ['source compile.sh /home/bohrok/Documents/DM/output/orbs/wc/14/work'], stdout: b''	(at ex_script.py:45) 
2019-03-02 02:02:57,796 [D] ┌:F:n:WD_2:wc.c:32	(at logger.py:129) 
2019-03-02 02:02:57,796 [D] └:F:n:WD_2:wc.c:31	(at logger.py:129) 
2019-03-02 02:02:57,807 [D] subprocess cmd: ['source compile.sh /home/bohrok/Documents/DM/output/orbs/wc/14/work'], stdout: b''	(at ex_script.py:45) 
2019-03-02 02:02:57,807 [D] ┌:F:n:WD_3:wc.c:32	(at logger.py:129) 
2019-03-02 02:02:57,807 [D] |:F:n:WD_3:wc.c:31	(at logger.py:129) 
2019-03-02 02:02:57,807 [D] └:F:n:WD_3:wc.c:30	(at logger.py:129) 
2019-03-02 02:02:57,819 [D] subprocess cmd: ['source compile.sh /home/bohrok/Documents/DM/output/orbs/wc/14/work'], stdout: b''	(at ex_script.py:45) 
2019-03-02 02:02:57,820 [D] -:F:n:WD_1:wc.c:31	(at logger.py:129) 
2019-03-02 02:02:57,832 [D] subprocess cmd: ['source compile.sh /home/bohrok/Documents/DM/output/orbs/wc/14/work'], stdout: b''	(at ex_script.py:45) 
2019-03-02 02:02:57,832 [D] ┌:F:n:WD_2:wc.c:31	(at logger.py:129) 
2019-03-02 02:02:57,833 [D] └:F:n:WD_2:wc.c:30	(at logger.py:129) 
2019-03-02 02:02:57,869 [D] ┌:C:c:WD_3:wc.c:31	(at logger.py:129) 
2019-03-02 02:02:57,869 [D] |:C:c:WD_3:wc.c:30	(at logger.py:129) 
2019-03-02 02:02:57,869 [D] └:C:c:WD_3:wc.c:29	(at logger.py:129) 
2019-03-02 02:02:57,901 [D] -:C:c:WD_1:wc.c:30	(at logger.py:129) 
2019-03-02 02:02:57,911 [D] subprocess cmd: ['source compile.sh /home/bohrok/Documents/DM/output/orbs/wc/14/work'], stdout: b''	(at ex_script.py:45) 
2019-03-02 02:02:57,912 [D] ┌:F:n:WD_2:wc.c:30	(at logger.py:129) 
2019-03-02 02:02:57,912 [D] └:F:n:WD_2:wc.c:29	(at logger.py:129) 
2019-03-02 02:02:57,922 [D] subprocess cmd: ['source compile.sh /home/bohrok/Documents/DM/output/orbs/wc/14/work'], stdout: b''	(at ex_script.py:45) 
2019-03-02 02:02:57,922 [D] ┌:F:n:WD_3:wc.c:30	(at logger.py:129) 
2019-03-02 02:02:57,923 [D] |:F:n:WD_3:wc.c:29	(at logger.py:129) 
2019-03-02 02:02:57,923 [D] └:F:n:WD_3:wc.c:28	(at logger.py:129) 
2019-03-02 02:02:57,934 [D] subprocess cmd: ['source compile.sh /home/bohrok/Documents/DM/output/orbs/wc/14/work'], stdout: b''	(at ex_script.py:45) 
2019-03-02 02:02:57,935 [D] -:F:n:WD_1:wc.c:29	(at logger.py:129) 
2019-03-02 02:02:57,946 [D] subprocess cmd: ['source compile.sh /home/bohrok/Documents/DM/output/orbs/wc/14/work'], stdout: b''	(at ex_script.py:45) 
2019-03-02 02:02:57,946 [D] ┌:F:n:WD_2:wc.c:29	(at logger.py:129) 
2019-03-02 02:02:57,946 [D] └:F:n:WD_2:wc.c:28	(at logger.py:129) 
2019-03-02 02:02:57,956 [D] subprocess cmd: ['source compile.sh /home/bohrok/Documents/DM/output/orbs/wc/14/work'], stdout: b''	(at ex_script.py:45) 
2019-03-02 02:02:57,957 [D] ┌:F:n:WD_3:wc.c:29	(at logger.py:129) 
2019-03-02 02:02:57,957 [D] |:F:n:WD_3:wc.c:28	(at logger.py:129) 
2019-03-02 02:02:57,957 [D] └:F:n:WD_3:wc.c:26	(at logger.py:129) 
2019-03-02 02:02:57,969 [D] subprocess cmd: ['source compile.sh /home/bohrok/Documents/DM/output/orbs/wc/14/work'], stdout: b''	(at ex_script.py:45) 
2019-03-02 02:02:57,969 [D] -:F:n:WD_1:wc.c:28	(at logger.py:129) 
2019-03-02 02:02:57,980 [D] subprocess cmd: ['source compile.sh /home/bohrok/Documents/DM/output/orbs/wc/14/work'], stdout: b''	(at ex_script.py:45) 
2019-03-02 02:02:57,981 [D] ┌:F:n:WD_2:wc.c:28	(at logger.py:129) 
2019-03-02 02:02:57,981 [D] └:F:n:WD_2:wc.c:26	(at logger.py:129) 
2019-03-02 02:02:57,992 [D] subprocess cmd: ['source compile.sh /home/bohrok/Documents/DM/output/orbs/wc/14/work'], stdout: b''	(at ex_script.py:45) 
2019-03-02 02:02:57,993 [D] ┌:F:n:WD_3:wc.c:28	(at logger.py:129) 
2019-03-02 02:02:57,993 [D] |:F:n:WD_3:wc.c:26	(at logger.py:129) 
2019-03-02 02:02:57,993 [D] └:F:n:WD_3:wc.c:25	(at logger.py:129) 
2019-03-02 02:02:57,993 [D]  : : :pass:wc.c:27	(at logger.py:129) 
2019-03-02 02:02:58,028 [D] -:C:c:WD_1:wc.c:26	(at logger.py:129) 
2019-03-02 02:02:58,059 [D] ┌:C:c:WD_2:wc.c:26	(at logger.py:129) 
2019-03-02 02:02:58,060 [D] └:C:c:WD_2:wc.c:25	(at logger.py:129) 
2019-03-02 02:02:58,071 [D] subprocess cmd: ['source compile.sh /home/bohrok/Documents/DM/output/orbs/wc/14/work'], stdout: b''	(at ex_script.py:45) 
2019-03-02 02:02:58,071 [D] ┌:F:n:WD_3:wc.c:26	(at logger.py:129) 
2019-03-02 02:02:58,071 [D] |:F:n:WD_3:wc.c:25	(at logger.py:129) 
2019-03-02 02:02:58,071 [D] └:F:n:WD_3:wc.c:23	(at logger.py:129) 
2019-03-02 02:02:58,102 [D] -:C:c:WD_1:wc.c:25	(at logger.py:129) 
2019-03-02 02:02:58,113 [D] subprocess cmd: ['source compile.sh /home/bohrok/Documents/DM/output/orbs/wc/14/work'], stdout: b''	(at ex_script.py:45) 
2019-03-02 02:02:58,113 [D] ┌:F:n:WD_2:wc.c:25	(at logger.py:129) 
2019-03-02 02:02:58,113 [D] └:F:n:WD_2:wc.c:23	(at logger.py:129) 
2019-03-02 02:02:58,123 [D] subprocess cmd: ['source compile.sh /home/bohrok/Documents/DM/output/orbs/wc/14/work'], stdout: b''	(at ex_script.py:45) 
2019-03-02 02:02:58,123 [D] ┌:F:n:WD_3:wc.c:25	(at logger.py:129) 
2019-03-02 02:02:58,123 [D] |:F:n:WD_3:wc.c:23	(at logger.py:129) 
2019-03-02 02:02:58,123 [D] └:F:n:WD_3:wc.c:22	(at logger.py:129) 
2019-03-02 02:02:58,123 [D]  : : :pass:wc.c:24	(at logger.py:129) 
2019-03-02 02:02:58,135 [D] subprocess cmd: ['source compile.sh /home/bohrok/Documents/DM/output/orbs/wc/14/work'], stdout: b''	(at ex_script.py:45) 
2019-03-02 02:02:58,136 [D] -:F:n:WD_1:wc.c:23	(at logger.py:129) 
2019-03-02 02:02:58,146 [D] subprocess cmd: ['source compile.sh /home/bohrok/Documents/DM/output/orbs/wc/14/work'], stdout: b''	(at ex_script.py:45) 
2019-03-02 02:02:58,146 [D] ┌:F:n:WD_2:wc.c:23	(at logger.py:129) 
2019-03-02 02:02:58,147 [D] └:F:n:WD_2:wc.c:22	(at logger.py:129) 
2019-03-02 02:02:58,156 [D] subprocess cmd: ['source compile.sh /home/bohrok/Documents/DM/output/orbs/wc/14/work'], stdout: b''	(at ex_script.py:45) 
2019-03-02 02:02:58,157 [D] ┌:F:n:WD_3:wc.c:23	(at logger.py:129) 
2019-03-02 02:02:58,157 [D] |:F:n:WD_3:wc.c:22	(at logger.py:129) 
2019-03-02 02:02:58,157 [D] └:F:n:WD_3:wc.c:21	(at logger.py:129) 
2019-03-02 02:02:58,189 [D] -:C:c:WD_1:wc.c:22	(at logger.py:129) 
2019-03-02 02:02:58,201 [D] subprocess cmd: ['source compile.sh /home/bohrok/Documents/DM/output/orbs/wc/14/work'], stdout: b''	(at ex_script.py:45) 
2019-03-02 02:02:58,202 [D] ┌:F:n:WD_2:wc.c:22	(at logger.py:129) 
2019-03-02 02:02:58,202 [D] └:F:n:WD_2:wc.c:21	(at logger.py:129) 
2019-03-02 02:02:58,212 [D] subprocess cmd: ['source compile.sh /home/bohrok/Documents/DM/output/orbs/wc/14/work'], stdout: b''	(at ex_script.py:45) 
2019-03-02 02:02:58,212 [D] ┌:F:n:WD_3:wc.c:22	(at logger.py:129) 
2019-03-02 02:02:58,212 [D] |:F:n:WD_3:wc.c:21	(at logger.py:129) 
2019-03-02 02:02:58,212 [D] └:F:n:WD_3:wc.c:20	(at logger.py:129) 
2019-03-02 02:02:58,223 [D] subprocess cmd: ['source compile.sh /home/bohrok/Documents/DM/output/orbs/wc/14/work'], stdout: b''	(at ex_script.py:45) 
2019-03-02 02:02:58,223 [D] -:F:n:WD_1:wc.c:21	(at logger.py:129) 
2019-03-02 02:02:58,235 [D] subprocess cmd: ['source compile.sh /home/bohrok/Documents/DM/output/orbs/wc/14/work'], stdout: b''	(at ex_script.py:45) 
2019-03-02 02:02:58,235 [D] ┌:F:n:WD_2:wc.c:21	(at logger.py:129) 
2019-03-02 02:02:58,235 [D] └:F:n:WD_2:wc.c:20	(at logger.py:129) 
2019-03-02 02:02:58,246 [D] subprocess cmd: ['source compile.sh /home/bohrok/Documents/DM/output/orbs/wc/14/work'], stdout: b''	(at ex_script.py:45) 
2019-03-02 02:02:58,246 [D] ┌:F:n:WD_3:wc.c:21	(at logger.py:129) 
2019-03-02 02:02:58,246 [D] |:F:n:WD_3:wc.c:20	(at logger.py:129) 
2019-03-02 02:02:58,246 [D] └:F:n:WD_3:wc.c:14	(at logger.py:129) 
2019-03-02 02:02:58,246 [D] -:F:n:WD_1:wc.c:20	(at logger.py:129) 
2019-03-02 02:02:58,258 [D] subprocess cmd: ['source compile.sh /home/bohrok/Documents/DM/output/orbs/wc/14/work'], stdout: b''	(at ex_script.py:45) 
2019-03-02 02:02:58,258 [D] ┌:F:n:WD_2:wc.c:20	(at logger.py:129) 
2019-03-02 02:02:58,258 [D] └:F:n:WD_2:wc.c:14	(at logger.py:129) 
2019-03-02 02:02:58,270 [D] subprocess cmd: ['source compile.sh /home/bohrok/Documents/DM/output/orbs/wc/14/work'], stdout: b''	(at ex_script.py:45) 
2019-03-02 02:02:58,270 [D] ┌:F:n:WD_3:wc.c:20	(at logger.py:129) 
2019-03-02 02:02:58,270 [D] |:F:n:WD_3:wc.c:14	(at logger.py:129) 
2019-03-02 02:02:58,270 [D] └:F:n:WD_3:wc.c:13	(at logger.py:129) 
2019-03-02 02:02:58,271 [D]  : : :pass:wc.c:19	(at logger.py:129) 
2019-03-02 02:02:58,271 [D]  : : :pass:wc.c:18	(at logger.py:129) 
2019-03-02 02:02:58,271 [D]  : : :pass:wc.c:17	(at logger.py:129) 
2019-03-02 02:02:58,271 [D]  : : :pass:wc.c:16	(at logger.py:129) 
2019-03-02 02:02:58,271 [D]  : : :pass:wc.c:15	(at logger.py:129) 
2019-03-02 02:02:58,271 [D] -:F:n:WD_1:wc.c:14	(at logger.py:129) 
2019-03-02 02:02:58,271 [D] ┌:F:n:WD_2:wc.c:14	(at logger.py:129) 
2019-03-02 02:02:58,271 [D] └:F:n:WD_2:wc.c:13	(at logger.py:129) 
2019-03-02 02:02:58,271 [D] ┌:F:n:WD_3:wc.c:14	(at logger.py:129) 
2019-03-02 02:02:58,271 [D] |:F:n:WD_3:wc.c:13	(at logger.py:129) 
2019-03-02 02:02:58,271 [D] └:F:n:WD_3:wc.c:11	(at logger.py:129) 
2019-03-02 02:02:58,271 [D] -:C:c:WD_1:wc.c:13	(at logger.py:129) 
2019-03-02 02:02:58,271 [D] ┌:C:c:WD_2:wc.c:13	(at logger.py:129) 
2019-03-02 02:02:58,272 [D] └:C:c:WD_2:wc.c:11	(at logger.py:129) 
2019-03-02 02:02:58,272 [D] ┌:F:n:WD_3:wc.c:13	(at logger.py:129) 
2019-03-02 02:02:58,272 [D] |:F:n:WD_3:wc.c:11	(at logger.py:129) 
2019-03-02 02:02:58,272 [D] └:F:n:WD_3:wc.c:9	(at logger.py:129) 
2019-03-02 02:02:58,272 [D]  : : :pass:wc.c:12	(at logger.py:129) 
2019-03-02 02:02:58,272 [D] -:C:c:WD_1:wc.c:11	(at logger.py:129) 
2019-03-02 02:02:58,272 [D] ┌:F:n:WD_2:wc.c:11	(at logger.py:129) 
2019-03-02 02:02:58,272 [D] └:F:n:WD_2:wc.c:9	(at logger.py:129) 
2019-03-02 02:02:58,272 [D] ┌:F:n:WD_3:wc.c:11	(at logger.py:129) 
2019-03-02 02:02:58,272 [D] |:F:n:WD_3:wc.c:9	(at logger.py:129) 
2019-03-02 02:02:58,272 [D] └:F:n:WD_3:wc.c:7	(at logger.py:129) 
2019-03-02 02:02:58,272 [D]  : : :pass:wc.c:10	(at logger.py:129) 
2019-03-02 02:02:58,272 [D] -:F:n:WD_1:wc.c:9	(at logger.py:129) 
2019-03-02 02:02:58,272 [D] ┌:F:n:WD_2:wc.c:9	(at logger.py:129) 
2019-03-02 02:02:58,273 [D] └:F:n:WD_2:wc.c:7	(at logger.py:129) 
2019-03-02 02:02:58,273 [D] ┌:F:n:WD_3:wc.c:9	(at logger.py:129) 
2019-03-02 02:02:58,273 [D] |:F:n:WD_3:wc.c:7	(at logger.py:129) 
2019-03-02 02:02:58,273 [D] └:F:n:WD_3:wc.c:4	(at logger.py:129) 
2019-03-02 02:02:58,273 [D]  : : :pass:wc.c:8	(at logger.py:129) 
2019-03-02 02:02:58,273 [D] -:F:n:WD_1:wc.c:7	(at logger.py:129) 
2019-03-02 02:02:58,273 [D] ┌:F:n:WD_2:wc.c:7	(at logger.py:129) 
2019-03-02 02:02:58,273 [D] └:F:n:WD_2:wc.c:4	(at logger.py:129) 
2019-03-02 02:02:58,273 [D] ┌:F:n:WD_3:wc.c:7	(at logger.py:129) 
2019-03-02 02:02:58,273 [D] |:F:n:WD_3:wc.c:4	(at logger.py:129) 
2019-03-02 02:02:58,273 [D] └:F:n:WD_3:wc.c:3	(at logger.py:129) 
2019-03-02 02:02:58,273 [D]  : : :pass:wc.c:6	(at logger.py:129) 
2019-03-02 02:02:58,273 [D]  : : :pass:wc.c:5	(at logger.py:129) 
2019-03-02 02:02:58,273 [D] -:F:n:WD_1:wc.c:4	(at logger.py:129) 
2019-03-02 02:02:58,274 [D] ┌:F:n:WD_2:wc.c:4	(at logger.py:129) 
2019-03-02 02:02:58,274 [D] └:F:n:WD_2:wc.c:3	(at logger.py:129) 
2019-03-02 02:02:58,274 [D] ┌:F:n:WD_3:wc.c:4	(at logger.py:129) 
2019-03-02 02:02:58,274 [D] |:F:n:WD_3:wc.c:3	(at logger.py:129) 
2019-03-02 02:02:58,274 [D] └:F:n:WD_3:wc.c:2	(at logger.py:129) 
2019-03-02 02:02:58,274 [D] -:F:n:WD_1:wc.c:3	(at logger.py:129) 
2019-03-02 02:02:58,274 [D] ┌:F:n:WD_2:wc.c:3	(at logger.py:129) 
2019-03-02 02:02:58,274 [D] └:F:n:WD_2:wc.c:2	(at logger.py:129) 
2019-03-02 02:02:58,274 [D] ┌:F:n:WD_3:wc.c:3	(at logger.py:129) 
2019-03-02 02:02:58,274 [D] └:F:n:WD_3:wc.c:2	(at logger.py:129) 
2019-03-02 02:02:58,274 [D] -:F:n:WD_1:wc.c:2	(at logger.py:129) 
2019-03-02 02:02:58,274 [D] -:F:n:WD_2:wc.c:2	(at logger.py:129) 
2019-03-02 02:02:58,275 [D] -:F:n:WD_3:wc.c:2	(at logger.py:129) 
2019-03-02 02:02:58,275 [D]  : : :pass:wc.c:1	(at logger.py:129) 
2019-03-02 02:02:58,275 [D] comp_cached_cnt:27	(at logger.py:134) 
2019-03-02 02:02:58,275 [D] compile_cnt:72	(at logger.py:134) 
2019-03-02 02:02:58,275 [D] execute_cnt:0	(at logger.py:134) 
2019-03-02 02:02:58,275 [D] fail_del_cnt:18	(at logger.py:134) 
2019-03-02 02:02:58,275 [D] iter_idx:3	(at logger.py:134) 
2019-03-02 02:02:58,275 [D] reuse_cnt:18	(at logger.py:134) 
2019-03-02 02:02:58,275 [D] succ_del_cnt:0	(at logger.py:134) 
2019-03-02 02:02:58,275 [D] time:1.161649227142334	(at logger.py:134) 
2019-03-02 02:02:58,275 [D] deletion:15	(at logger.py:136) 
2019-03-02 02:02:58,275 [I] Iteration 3 finished	(at orbs.py:87) 
2019-03-02 02:02:58,275 [D] total_lines:48	(at logger.py:74) 
2019-03-02 02:02:58,276 [D] iteration_cnt:3	(at logger.py:75) 
2019-03-02 02:02:58,276 [D] comp_cached_cnt:34	(at logger.py:79) 
2019-03-02 02:02:58,276 [D] compile_cnt:284	(at logger.py:79) 
2019-03-02 02:02:58,276 [D] execute_cnt:42	(at logger.py:79) 
2019-03-02 02:02:58,276 [D] fail_del_cnt:58	(at logger.py:79) 
2019-03-02 02:02:58,276 [D] reuse_cnt:30	(at logger.py:79) 
2019-03-02 02:02:58,276 [D] succ_del_cnt:14	(at logger.py:79) 
2019-03-02 02:02:58,276 [D] time:5.660888671875	(at logger.py:80) 
2019-03-02 02:02:58,276 [D] deletion:15	(at logger.py:82) 
2019-03-02 02:02:58,276 [I] ORBS fin.	(at orbs.py:91) 
2019-03-02 02:02:58,276 [I] ===== END - RUN ==============================================	(at main.py:95) 
2019-03-02 02:02:58,276 [I] 	(at main.py:96) 
