2019-03-02 22:11:41,327 [I] output_path: output/model/mug/onehot/simple_bayes	(at model.py:166) 
2019-03-02 22:11:41,327 [I] factor_size: 9	(at model.py:121) 
2019-03-02 22:11:41,327 [I] response_size: 15	(at model.py:122) 
2019-03-02 22:11:41,345 [I] Criteria path loaded (path:output/original/mug/scripts/test/criteria)	(at model.py:43) 
2019-03-02 22:11:41,345 [I] unique response cnt: 7	(at model.py:179) 
2019-03-02 22:11:41,345 [I] 1 0 1 1 1 0 0 1 1 0 0 0 0 0 0	(at model.py:181) 
2019-03-02 22:11:41,345 [I] 1 1 0 1 1 0 0 1 1 0 0 1 0 0 0	(at model.py:181) 
2019-03-02 22:11:41,345 [I] 1 1 1 1 1 1 0 1 0 1 1 1 1 0 1	(at model.py:181) 
2019-03-02 22:11:41,345 [I] 1 1 1 1 1 1 0 0 0 1 1 0 1 0 1	(at model.py:181) 
2019-03-02 22:11:41,345 [I] 1 1 1 1 1 1 1 1 1 1 1 1 1 1 1	(at model.py:181) 
2019-03-02 22:11:41,345 [I] 1 1 1 1 1 1 1 0 1 1 1 0 1 1 1	(at model.py:181) 
2019-03-02 22:11:41,345 [I] 1 1 1 0 1 1 0 0 0 1 1 0 1 0 1	(at model.py:181) 
2019-03-02 22:11:41,345 [I] Criterion ORBS:14:5:i (1): response_idx:2, vector_idx:11	(at model.py:135) 
2019-03-02 22:11:41,346 [I] inferred factor:
[0 1 1 1 1 1 1 1 1]	(at model.py:145) 
2019-03-02 22:11:42,163 [I] succ: True	(at model.py:150) 
2019-03-02 22:11:42,163 [I] response:
[1 0 1 0 1 0 0 0 0 0 0 0 0 0 0]	(at model.py:151) 
2019-03-02 22:11:42,164 [I] Criterion ORBS:15:5:c (2): response_idx:3, vector_idx:12	(at model.py:135) 
2019-03-02 22:11:42,164 [I] inferred factor:
[1 0 1 1 1 1 1 1 1]	(at model.py:145) 
2019-03-02 22:11:43,001 [I] succ: True	(at model.py:150) 
2019-03-02 22:11:43,001 [I] response:
[1 0 0 1 1 0 0 0 0 0 0 0 0 0 0]	(at model.py:151) 
2019-03-02 22:11:43,002 [I] Criterion ORBS:16:5:x (3): response_idx:4, vector_idx:13	(at model.py:135) 
2019-03-02 22:11:43,002 [I] inferred factor:
[0 0 0 0 0 0 0 0 0]	(at model.py:145) 
2019-03-02 22:11:43,130 [I] succ: True	(at model.py:150) 
2019-03-02 22:11:43,130 [I] response:
[1 1 1 1 1 1 1 1 1 1 1 1 1 1 1]	(at model.py:151) 
2019-03-02 22:11:43,130 [I] Criterion ORBS:17:14:i (4): response_idx:5, vector_idx:14	(at model.py:135) 
2019-03-02 22:11:43,131 [I] inferred factor:
[0 1 1 1 0 1 0 1 1]	(at model.py:145) 
2019-03-02 22:11:43,251 [I] succ: True	(at model.py:150) 
2019-03-02 22:11:43,252 [I] response:
[1 1 1 0 1 1 0 0 0 1 1 0 1 0 1]	(at model.py:151) 
2019-03-02 22:11:43,252 [I] Criterion ORBS:19:15:c (5): response_idx:6, vector_idx:15	(at model.py:135) 
2019-03-02 22:11:43,252 [I] inferred factor:
[0 0 1 1 0 0 0 1 0]	(at model.py:145) 
2019-03-02 22:11:43,379 [I] succ: True	(at model.py:150) 
2019-03-02 22:11:43,380 [I] response:
[1 1 1 1 1 1 1 0 1 1 1 0 1 1 1]	(at model.py:151) 
2019-03-02 22:11:43,380 [I] Criterion ORBS:21:13:x (6): response_idx:7, vector_idx:16	(at model.py:135) 
2019-03-02 22:11:43,380 [I] inferred factor:
[1 0 1 1 1 0 1 0 1]	(at model.py:145) 
2019-03-02 22:11:44,189 [I] succ: True	(at model.py:150) 
2019-03-02 22:11:44,189 [I] response:
[1 0 0 1 1 0 0 1 0 0 0 0 0 0 0]	(at model.py:151) 
2019-03-02 22:11:44,190 [I] Criterion ORBS:22:13:c (7): response_idx:8, vector_idx:17	(at model.py:135) 
2019-03-02 22:11:44,190 [I] inferred factor:
[1 0 1 1 1 0 1 1 0]	(at model.py:145) 
2019-03-02 22:11:45,003 [I] succ: True	(at model.py:150) 
2019-03-02 22:11:45,004 [I] response:
[1 0 0 1 1 0 0 0 1 0 0 0 0 0 0]	(at model.py:151) 
2019-03-02 22:11:45,004 [I] Criterion ORBS:24:15:i (8): response_idx:9, vector_idx:18	(at model.py:135) 
2019-03-02 22:11:45,004 [I] inferred factor:
[0 1 1 1 0 1 0 1 1]	(at model.py:145) 
2019-03-02 22:11:45,125 [I] succ: True	(at model.py:150) 
2019-03-02 22:11:45,125 [I] response:
[1 1 1 0 1 1 0 0 0 1 1 0 1 0 1]	(at model.py:151) 
2019-03-02 22:11:45,125 [I] Criterion ORBS:24:9:i (9): response_idx:10, vector_idx:19	(at model.py:135) 
2019-03-02 22:11:45,125 [I] inferred factor:
[0 1 1 1 0 1 0 1 1]	(at model.py:145) 
2019-03-02 22:11:45,249 [I] succ: True	(at model.py:150) 
2019-03-02 22:11:45,250 [I] response:
[1 1 1 0 1 1 0 0 0 1 1 0 1 0 1]	(at model.py:151) 
2019-03-02 22:11:45,250 [I] Criterion ORBS:26:20:x (10): response_idx:11, vector_idx:20	(at model.py:135) 
2019-03-02 22:11:45,251 [I] inferred factor:
[1 0 1 1 0 0 0 0 1]	(at model.py:145) 
2019-03-02 22:11:45,641 [I] succ: True	(at model.py:150) 
2019-03-02 22:11:45,642 [I] response:
[1 1 0 1 1 0 0 1 0 0 0 1 0 0 0]	(at model.py:151) 
2019-03-02 22:11:45,642 [I] Criterion ORBS:30:9:i (11): response_idx:12, vector_idx:21	(at model.py:135) 
2019-03-02 22:11:45,642 [I] inferred factor:
[0 1 1 1 0 1 0 1 1]	(at model.py:145) 
2019-03-02 22:11:45,765 [I] succ: True	(at model.py:150) 
2019-03-02 22:11:45,765 [I] response:
[1 1 1 0 1 1 0 0 0 1 1 0 1 0 1]	(at model.py:151) 
2019-03-02 22:11:45,765 [I] Criterion ORBS:41:9:i (12): response_idx:13, vector_idx:22	(at model.py:135) 
2019-03-02 22:11:45,766 [I] inferred factor:
[0 0 1 1 0 0 0 1 0]	(at model.py:145) 
2019-03-02 22:11:45,891 [I] succ: True	(at model.py:150) 
2019-03-02 22:11:45,892 [I] response:
[1 1 1 1 1 1 1 0 1 1 1 0 1 1 1]	(at model.py:151) 
2019-03-02 22:11:45,892 [I] Criterion ORBS:52:12:i (13): response_idx:14, vector_idx:23	(at model.py:135) 
2019-03-02 22:11:45,892 [I] inferred factor:
[0 1 1 1 0 1 0 1 1]	(at model.py:145) 
2019-03-02 22:11:46,015 [I] succ: True	(at model.py:150) 
2019-03-02 22:11:46,015 [I] response:
[1 1 1 0 1 1 0 0 0 1 1 0 1 0 1]	(at model.py:151) 
2019-03-02 22:11:46,015 [I] success rate: 1.0	(at model.py:190) 
