2019-03-02 02:04:31,907 [I] 	(at main.py:29) 
2019-03-02 02:04:31,907 [I] ===== START - RUN ==============================================	(at main.py:32) 
2019-03-02 02:04:31,907 [D] Title: RUN, Job key: RUN_2019-03-02_02:04:31	(at main.py:40) 
2019-03-02 02:04:31,907 [I] Load config file.	(at main.py:56) 
2019-03-02 02:04:31,908 [D] Loading config from ['/home/bohrok/Documents/DM/output/orbs/mug/1/config/config.ini']	(at config.py:16) 
2019-03-02 02:04:31,908 [D] Load config successfully!	(at config.py:19) 
2019-03-02 02:04:31,908 [D] Initialize directory: .	(at workspace.py:10) 
2019-03-02 02:04:31,908 [I] Initialize workspace.	(at main.py:64) 
2019-03-02 02:04:31,908 [I] Working directory path: /home/bohrok/Documents/DM/output/orbs/mug/1/work	(at workspace.py:41) 
2019-03-02 02:04:31,910 [D] Record the config on workspace.	(at workspace.py:62) 
2019-03-02 02:04:31,910 [I] No PRE stage.	(at main.py:73) 
2019-03-02 02:04:31,911 [I] Construct SliceSpace.	(at main.py:76) 
2019-03-02 02:04:31,911 [I] Compile the system.	(at slicespace.py:148) 
2019-03-02 02:04:31,944 [I] Execute the system.	(at slicespace.py:160) 
2019-03-02 02:04:31,952 [I] Compile the system again (sanity check).	(at slicespace.py:174) 
2019-03-02 02:04:31,992 [I] Execute the system again (sanity check).	(at slicespace.py:188) 
2019-03-02 02:04:32,002 [I] Construct deletion operators.	(at main.py:80) 
2019-03-02 02:04:32,002 [I] Run ORBS stage.	(at main.py:85) 
2019-03-02 02:04:32,002 [I] ORBS starts...	(at orbs.py:53) 
2019-03-02 02:04:32,018 [D] subprocess cmd: ['source compile.sh /home/bohrok/Documents/DM/output/orbs/mug/1/work'], stdout: b''	(at ex_script.py:45) 
2019-03-02 02:04:32,018 [D] -:F:n:WD_1:mug.c:63	(at logger.py:129) 
2019-03-02 02:04:32,034 [D] subprocess cmd: ['source compile.sh /home/bohrok/Documents/DM/output/orbs/mug/1/work'], stdout: b''	(at ex_script.py:45) 
2019-03-02 02:04:32,034 [D] ┌:F:n:WD_2:mug.c:63	(at logger.py:129) 
2019-03-02 02:04:32,034 [D] └:F:n:WD_2:mug.c:62	(at logger.py:129) 
2019-03-02 02:04:32,052 [D] subprocess cmd: ['source compile.sh /home/bohrok/Documents/DM/output/orbs/mug/1/work'], stdout: b''	(at ex_script.py:45) 
2019-03-02 02:04:32,052 [D] ┌:F:n:WD_3:mug.c:63	(at logger.py:129) 
2019-03-02 02:04:32,052 [D] |:F:n:WD_3:mug.c:62	(at logger.py:129) 
2019-03-02 02:04:32,052 [D] └:F:n:WD_3:mug.c:61	(at logger.py:129) 
2019-03-02 02:04:32,102 [D] -:P:n:WD_1:mug.c:62	(at logger.py:129) 
2019-03-02 02:04:32,118 [D] subprocess cmd: ['source compile.sh /home/bohrok/Documents/DM/output/orbs/mug/1/work'], stdout: b''	(at ex_script.py:45) 
2019-03-02 02:04:32,118 [D] -:F:n:WD_1:mug.c:61	(at logger.py:129) 
2019-03-02 02:04:32,135 [D] subprocess cmd: ['source compile.sh /home/bohrok/Documents/DM/output/orbs/mug/1/work'], stdout: b''	(at ex_script.py:45) 
2019-03-02 02:04:32,135 [D] ┌:F:n:WD_2:mug.c:61	(at logger.py:129) 
2019-03-02 02:04:32,135 [D] └:F:n:WD_2:mug.c:60	(at logger.py:129) 
2019-03-02 02:04:32,173 [D] subprocess cmd: ['source compile.sh /home/bohrok/Documents/DM/output/orbs/mug/1/work'], stdout: b''	(at ex_script.py:45) 
2019-03-02 02:04:32,174 [D] ┌:F:n:WD_3:mug.c:61	(at logger.py:129) 
2019-03-02 02:04:32,174 [D] |:F:n:WD_3:mug.c:60	(at logger.py:129) 
2019-03-02 02:04:32,174 [D] └:F:n:WD_3:mug.c:59	(at logger.py:129) 
2019-03-02 02:04:32,191 [D] subprocess cmd: ['source compile.sh /home/bohrok/Documents/DM/output/orbs/mug/1/work'], stdout: b''	(at ex_script.py:45) 
2019-03-02 02:04:32,191 [D] -:F:n:WD_1:mug.c:60	(at logger.py:129) 
2019-03-02 02:04:32,207 [D] subprocess cmd: ['source compile.sh /home/bohrok/Documents/DM/output/orbs/mug/1/work'], stdout: b''	(at ex_script.py:45) 
2019-03-02 02:04:32,208 [D] ┌:F:n:WD_2:mug.c:60	(at logger.py:129) 
2019-03-02 02:04:32,208 [D] └:F:n:WD_2:mug.c:59	(at logger.py:129) 
2019-03-02 02:04:32,226 [D] subprocess cmd: ['source compile.sh /home/bohrok/Documents/DM/output/orbs/mug/1/work'], stdout: b''	(at ex_script.py:45) 
2019-03-02 02:04:32,226 [D] ┌:F:n:WD_3:mug.c:60	(at logger.py:129) 
2019-03-02 02:04:32,227 [D] |:F:n:WD_3:mug.c:59	(at logger.py:129) 
2019-03-02 02:04:32,227 [D] └:F:n:WD_3:mug.c:58	(at logger.py:129) 
2019-03-02 02:04:32,242 [D] subprocess cmd: ['source compile.sh /home/bohrok/Documents/DM/output/orbs/mug/1/work'], stdout: b''	(at ex_script.py:45) 
2019-03-02 02:04:32,242 [D] -:F:n:WD_1:mug.c:59	(at logger.py:129) 
2019-03-02 02:04:32,258 [D] subprocess cmd: ['source compile.sh /home/bohrok/Documents/DM/output/orbs/mug/1/work'], stdout: b''	(at ex_script.py:45) 
2019-03-02 02:04:32,258 [D] ┌:F:n:WD_2:mug.c:59	(at logger.py:129) 
2019-03-02 02:04:32,258 [D] └:F:n:WD_2:mug.c:58	(at logger.py:129) 
2019-03-02 02:04:32,278 [D] subprocess cmd: ['source compile.sh /home/bohrok/Documents/DM/output/orbs/mug/1/work'], stdout: b''	(at ex_script.py:45) 
2019-03-02 02:04:32,278 [D] ┌:F:n:WD_3:mug.c:59	(at logger.py:129) 
2019-03-02 02:04:32,278 [D] |:F:n:WD_3:mug.c:58	(at logger.py:129) 
2019-03-02 02:04:32,278 [D] └:F:n:WD_3:mug.c:57	(at logger.py:129) 
2019-03-02 02:04:32,327 [D] -:P:n:WD_1:mug.c:58	(at logger.py:129) 
2019-03-02 02:04:32,343 [D] subprocess cmd: ['source compile.sh /home/bohrok/Documents/DM/output/orbs/mug/1/work'], stdout: b''	(at ex_script.py:45) 
2019-03-02 02:04:32,343 [D] -:F:n:WD_1:mug.c:57	(at logger.py:129) 
2019-03-02 02:04:32,361 [D] subprocess cmd: ['source compile.sh /home/bohrok/Documents/DM/output/orbs/mug/1/work'], stdout: b''	(at ex_script.py:45) 
2019-03-02 02:04:32,361 [D] ┌:F:n:WD_2:mug.c:57	(at logger.py:129) 
2019-03-02 02:04:32,361 [D] └:F:n:WD_2:mug.c:56	(at logger.py:129) 
2019-03-02 02:04:32,395 [D] subprocess cmd: ['source compile.sh /home/bohrok/Documents/DM/output/orbs/mug/1/work'], stdout: b''	(at ex_script.py:45) 
2019-03-02 02:04:32,396 [D] ┌:F:n:WD_3:mug.c:57	(at logger.py:129) 
2019-03-02 02:04:32,396 [D] |:F:n:WD_3:mug.c:56	(at logger.py:129) 
2019-03-02 02:04:32,396 [D] └:F:n:WD_3:mug.c:55	(at logger.py:129) 
2019-03-02 02:04:32,410 [D] subprocess cmd: ['source compile.sh /home/bohrok/Documents/DM/output/orbs/mug/1/work'], stdout: b''	(at ex_script.py:45) 
2019-03-02 02:04:32,411 [D] -:F:n:WD_1:mug.c:56	(at logger.py:129) 
2019-03-02 02:04:32,426 [D] subprocess cmd: ['source compile.sh /home/bohrok/Documents/DM/output/orbs/mug/1/work'], stdout: b''	(at ex_script.py:45) 
2019-03-02 02:04:32,426 [D] ┌:F:n:WD_2:mug.c:56	(at logger.py:129) 
2019-03-02 02:04:32,426 [D] └:F:n:WD_2:mug.c:55	(at logger.py:129) 
2019-03-02 02:04:32,442 [D] subprocess cmd: ['source compile.sh /home/bohrok/Documents/DM/output/orbs/mug/1/work'], stdout: b''	(at ex_script.py:45) 
2019-03-02 02:04:32,443 [D] ┌:F:n:WD_3:mug.c:56	(at logger.py:129) 
2019-03-02 02:04:32,443 [D] |:F:n:WD_3:mug.c:55	(at logger.py:129) 
2019-03-02 02:04:32,443 [D] └:F:n:WD_3:mug.c:54	(at logger.py:129) 
2019-03-02 02:04:32,459 [D] subprocess cmd: ['source compile.sh /home/bohrok/Documents/DM/output/orbs/mug/1/work'], stdout: b''	(at ex_script.py:45) 
2019-03-02 02:04:32,459 [D] -:F:n:WD_1:mug.c:55	(at logger.py:129) 
2019-03-02 02:04:32,476 [D] subprocess cmd: ['source compile.sh /home/bohrok/Documents/DM/output/orbs/mug/1/work'], stdout: b''	(at ex_script.py:45) 
2019-03-02 02:04:32,476 [D] ┌:F:n:WD_2:mug.c:55	(at logger.py:129) 
2019-03-02 02:04:32,476 [D] └:F:n:WD_2:mug.c:54	(at logger.py:129) 
2019-03-02 02:04:32,493 [D] subprocess cmd: ['source compile.sh /home/bohrok/Documents/DM/output/orbs/mug/1/work'], stdout: b''	(at ex_script.py:45) 
2019-03-02 02:04:32,493 [D] ┌:F:n:WD_3:mug.c:55	(at logger.py:129) 
2019-03-02 02:04:32,493 [D] |:F:n:WD_3:mug.c:54	(at logger.py:129) 
2019-03-02 02:04:32,493 [D] └:F:n:WD_3:mug.c:53	(at logger.py:129) 
2019-03-02 02:04:32,789 [D] subprocess cmd: ['source execute.sh /home/bohrok/Documents/DM/output/orbs/mug/1/work'], stdout: b'execute.sh: line 9: 14685 Killed                  timeout --signal=KILL 0.1 ./mug.exe 4 -4 0 > ./outputs/output0\nexecute.sh: line 15: 14687 Killed                  timeout --signal=KILL 0.1 ./mug.exe 4 4 0 > ./outputs/output1\n'	(at ex_script.py:45) 
2019-03-02 02:04:32,790 [D] -:C:n:WD_1:mug.c:54	(at logger.py:129) 
2019-03-02 02:04:32,805 [D] subprocess cmd: ['source compile.sh /home/bohrok/Documents/DM/output/orbs/mug/1/work'], stdout: b''	(at ex_script.py:45) 
2019-03-02 02:04:32,805 [D] ┌:F:n:WD_2:mug.c:54	(at logger.py:129) 
2019-03-02 02:04:32,805 [D] └:F:n:WD_2:mug.c:53	(at logger.py:129) 
2019-03-02 02:04:32,821 [D] subprocess cmd: ['source compile.sh /home/bohrok/Documents/DM/output/orbs/mug/1/work'], stdout: b''	(at ex_script.py:45) 
2019-03-02 02:04:32,821 [D] ┌:F:n:WD_3:mug.c:54	(at logger.py:129) 
2019-03-02 02:04:32,822 [D] |:F:n:WD_3:mug.c:53	(at logger.py:129) 
2019-03-02 02:04:32,822 [D] └:F:n:WD_3:mug.c:52	(at logger.py:129) 
2019-03-02 02:04:32,842 [D] subprocess cmd: ['source compile.sh /home/bohrok/Documents/DM/output/orbs/mug/1/work'], stdout: b''	(at ex_script.py:45) 
2019-03-02 02:04:32,842 [D] -:F:n:WD_1:mug.c:53	(at logger.py:129) 
2019-03-02 02:04:32,860 [D] subprocess cmd: ['source compile.sh /home/bohrok/Documents/DM/output/orbs/mug/1/work'], stdout: b''	(at ex_script.py:45) 
2019-03-02 02:04:32,860 [D] ┌:F:n:WD_2:mug.c:53	(at logger.py:129) 
2019-03-02 02:04:32,860 [D] └:F:n:WD_2:mug.c:52	(at logger.py:129) 
2019-03-02 02:04:32,900 [D] subprocess cmd: ['source compile.sh /home/bohrok/Documents/DM/output/orbs/mug/1/work'], stdout: b''	(at ex_script.py:45) 
2019-03-02 02:04:32,900 [D] ┌:F:n:WD_3:mug.c:53	(at logger.py:129) 
2019-03-02 02:04:32,900 [D] |:F:n:WD_3:mug.c:52	(at logger.py:129) 
2019-03-02 02:04:32,900 [D] └:F:n:WD_3:mug.c:51	(at logger.py:129) 
2019-03-02 02:04:32,916 [D] subprocess cmd: ['source compile.sh /home/bohrok/Documents/DM/output/orbs/mug/1/work'], stdout: b''	(at ex_script.py:45) 
2019-03-02 02:04:32,917 [D] -:F:n:WD_1:mug.c:52	(at logger.py:129) 
2019-03-02 02:04:32,933 [D] subprocess cmd: ['source compile.sh /home/bohrok/Documents/DM/output/orbs/mug/1/work'], stdout: b''	(at ex_script.py:45) 
2019-03-02 02:04:32,933 [D] ┌:F:n:WD_2:mug.c:52	(at logger.py:129) 
2019-03-02 02:04:32,933 [D] └:F:n:WD_2:mug.c:51	(at logger.py:129) 
2019-03-02 02:04:32,949 [D] subprocess cmd: ['source compile.sh /home/bohrok/Documents/DM/output/orbs/mug/1/work'], stdout: b''	(at ex_script.py:45) 
2019-03-02 02:04:32,949 [D] ┌:F:n:WD_3:mug.c:52	(at logger.py:129) 
2019-03-02 02:04:32,949 [D] |:F:n:WD_3:mug.c:51	(at logger.py:129) 
2019-03-02 02:04:32,949 [D] └:F:n:WD_3:mug.c:50	(at logger.py:129) 
2019-03-02 02:04:32,964 [D] subprocess cmd: ['source compile.sh /home/bohrok/Documents/DM/output/orbs/mug/1/work'], stdout: b''	(at ex_script.py:45) 
2019-03-02 02:04:32,965 [D] -:F:n:WD_1:mug.c:51	(at logger.py:129) 
2019-03-02 02:04:32,981 [D] subprocess cmd: ['source compile.sh /home/bohrok/Documents/DM/output/orbs/mug/1/work'], stdout: b''	(at ex_script.py:45) 
2019-03-02 02:04:32,981 [D] ┌:F:n:WD_2:mug.c:51	(at logger.py:129) 
2019-03-02 02:04:32,981 [D] └:F:n:WD_2:mug.c:50	(at logger.py:129) 
2019-03-02 02:04:32,996 [D] subprocess cmd: ['source compile.sh /home/bohrok/Documents/DM/output/orbs/mug/1/work'], stdout: b''	(at ex_script.py:45) 
2019-03-02 02:04:32,997 [D] ┌:F:n:WD_3:mug.c:51	(at logger.py:129) 
2019-03-02 02:04:32,997 [D] |:F:n:WD_3:mug.c:50	(at logger.py:129) 
2019-03-02 02:04:32,997 [D] └:F:n:WD_3:mug.c:49	(at logger.py:129) 
2019-03-02 02:04:33,013 [D] subprocess cmd: ['source compile.sh /home/bohrok/Documents/DM/output/orbs/mug/1/work'], stdout: b''	(at ex_script.py:45) 
2019-03-02 02:04:33,013 [D] -:F:n:WD_1:mug.c:50	(at logger.py:129) 
2019-03-02 02:04:33,031 [D] subprocess cmd: ['source compile.sh /home/bohrok/Documents/DM/output/orbs/mug/1/work'], stdout: b''	(at ex_script.py:45) 
2019-03-02 02:04:33,031 [D] ┌:F:n:WD_2:mug.c:50	(at logger.py:129) 
2019-03-02 02:04:33,032 [D] └:F:n:WD_2:mug.c:49	(at logger.py:129) 
2019-03-02 02:04:33,048 [D] subprocess cmd: ['source compile.sh /home/bohrok/Documents/DM/output/orbs/mug/1/work'], stdout: b''	(at ex_script.py:45) 
2019-03-02 02:04:33,048 [D] ┌:F:n:WD_3:mug.c:50	(at logger.py:129) 
2019-03-02 02:04:33,048 [D] |:F:n:WD_3:mug.c:49	(at logger.py:129) 
2019-03-02 02:04:33,048 [D] └:F:n:WD_3:mug.c:48	(at logger.py:129) 
2019-03-02 02:04:33,101 [D] -:P:n:WD_1:mug.c:49	(at logger.py:129) 
2019-03-02 02:04:33,117 [D] subprocess cmd: ['source compile.sh /home/bohrok/Documents/DM/output/orbs/mug/1/work'], stdout: b''	(at ex_script.py:45) 
2019-03-02 02:04:33,118 [D] -:F:n:WD_1:mug.c:48	(at logger.py:129) 
2019-03-02 02:04:33,134 [D] subprocess cmd: ['source compile.sh /home/bohrok/Documents/DM/output/orbs/mug/1/work'], stdout: b''	(at ex_script.py:45) 
2019-03-02 02:04:33,134 [D] ┌:F:n:WD_2:mug.c:48	(at logger.py:129) 
2019-03-02 02:04:33,134 [D] └:F:n:WD_2:mug.c:47	(at logger.py:129) 
2019-03-02 02:04:33,170 [D] ┌:P:c:WD_3:mug.c:48	(at logger.py:129) 
2019-03-02 02:04:33,170 [D] |:P:c:WD_3:mug.c:47	(at logger.py:129) 
2019-03-02 02:04:33,170 [D] └:P:c:WD_3:mug.c:46	(at logger.py:129) 
2019-03-02 02:04:33,170 [D]  : : :pass:mug.c:47	(at logger.py:129) 
2019-03-02 02:04:33,170 [D]  : : :pass:mug.c:46	(at logger.py:129) 
2019-03-02 02:04:33,219 [D] -:P:n:WD_1:mug.c:45	(at logger.py:129) 
2019-03-02 02:04:33,235 [D] subprocess cmd: ['source compile.sh /home/bohrok/Documents/DM/output/orbs/mug/1/work'], stdout: b''	(at ex_script.py:45) 
2019-03-02 02:04:33,235 [D] -:F:n:WD_1:mug.c:44	(at logger.py:129) 
2019-03-02 02:04:33,252 [D] subprocess cmd: ['source compile.sh /home/bohrok/Documents/DM/output/orbs/mug/1/work'], stdout: b''	(at ex_script.py:45) 
2019-03-02 02:04:33,252 [D] ┌:F:n:WD_2:mug.c:44	(at logger.py:129) 
2019-03-02 02:04:33,252 [D] └:F:n:WD_2:mug.c:43	(at logger.py:129) 
2019-03-02 02:04:33,269 [D] subprocess cmd: ['source compile.sh /home/bohrok/Documents/DM/output/orbs/mug/1/work'], stdout: b''	(at ex_script.py:45) 
2019-03-02 02:04:33,269 [D] ┌:F:n:WD_3:mug.c:44	(at logger.py:129) 
2019-03-02 02:04:33,270 [D] |:F:n:WD_3:mug.c:43	(at logger.py:129) 
2019-03-02 02:04:33,270 [D] └:F:n:WD_3:mug.c:42	(at logger.py:129) 
2019-03-02 02:04:33,307 [D] -:P:c:WD_1:mug.c:43	(at logger.py:129) 
2019-03-02 02:04:33,324 [D] subprocess cmd: ['source compile.sh /home/bohrok/Documents/DM/output/orbs/mug/1/work'], stdout: b''	(at ex_script.py:45) 
2019-03-02 02:04:33,324 [D] -:F:n:WD_1:mug.c:42	(at logger.py:129) 
2019-03-02 02:04:33,341 [D] subprocess cmd: ['source compile.sh /home/bohrok/Documents/DM/output/orbs/mug/1/work'], stdout: b''	(at ex_script.py:45) 
2019-03-02 02:04:33,342 [D] ┌:F:n:WD_2:mug.c:42	(at logger.py:129) 
2019-03-02 02:04:33,342 [D] └:F:n:WD_2:mug.c:41	(at logger.py:129) 
2019-03-02 02:04:33,381 [D] subprocess cmd: ['source compile.sh /home/bohrok/Documents/DM/output/orbs/mug/1/work'], stdout: b''	(at ex_script.py:45) 
2019-03-02 02:04:33,381 [D] ┌:F:n:WD_3:mug.c:42	(at logger.py:129) 
2019-03-02 02:04:33,381 [D] |:F:n:WD_3:mug.c:41	(at logger.py:129) 
2019-03-02 02:04:33,382 [D] └:F:n:WD_3:mug.c:40	(at logger.py:129) 
2019-03-02 02:04:33,396 [D] subprocess cmd: ['source compile.sh /home/bohrok/Documents/DM/output/orbs/mug/1/work'], stdout: b''	(at ex_script.py:45) 
2019-03-02 02:04:33,396 [D] -:F:n:WD_1:mug.c:41	(at logger.py:129) 
2019-03-02 02:04:33,412 [D] subprocess cmd: ['source compile.sh /home/bohrok/Documents/DM/output/orbs/mug/1/work'], stdout: b''	(at ex_script.py:45) 
2019-03-02 02:04:33,412 [D] ┌:F:n:WD_2:mug.c:41	(at logger.py:129) 
2019-03-02 02:04:33,412 [D] └:F:n:WD_2:mug.c:40	(at logger.py:129) 
2019-03-02 02:04:33,428 [D] subprocess cmd: ['source compile.sh /home/bohrok/Documents/DM/output/orbs/mug/1/work'], stdout: b''	(at ex_script.py:45) 
2019-03-02 02:04:33,428 [D] ┌:F:n:WD_3:mug.c:41	(at logger.py:129) 
2019-03-02 02:04:33,428 [D] |:F:n:WD_3:mug.c:40	(at logger.py:129) 
2019-03-02 02:04:33,428 [D] └:F:n:WD_3:mug.c:39	(at logger.py:129) 
2019-03-02 02:04:33,445 [D] subprocess cmd: ['source compile.sh /home/bohrok/Documents/DM/output/orbs/mug/1/work'], stdout: b''	(at ex_script.py:45) 
2019-03-02 02:04:33,446 [D] -:F:n:WD_1:mug.c:40	(at logger.py:129) 
2019-03-02 02:04:33,462 [D] subprocess cmd: ['source compile.sh /home/bohrok/Documents/DM/output/orbs/mug/1/work'], stdout: b''	(at ex_script.py:45) 
2019-03-02 02:04:33,462 [D] ┌:F:n:WD_2:mug.c:40	(at logger.py:129) 
2019-03-02 02:04:33,462 [D] └:F:n:WD_2:mug.c:39	(at logger.py:129) 
2019-03-02 02:04:33,480 [D] subprocess cmd: ['source compile.sh /home/bohrok/Documents/DM/output/orbs/mug/1/work'], stdout: b''	(at ex_script.py:45) 
2019-03-02 02:04:33,480 [D] ┌:F:n:WD_3:mug.c:40	(at logger.py:129) 
2019-03-02 02:04:33,480 [D] |:F:n:WD_3:mug.c:39	(at logger.py:129) 
2019-03-02 02:04:33,480 [D] └:F:n:WD_3:mug.c:38	(at logger.py:129) 
2019-03-02 02:04:33,497 [D] subprocess cmd: ['source compile.sh /home/bohrok/Documents/DM/output/orbs/mug/1/work'], stdout: b''	(at ex_script.py:45) 
2019-03-02 02:04:33,497 [D] -:F:n:WD_1:mug.c:39	(at logger.py:129) 
2019-03-02 02:04:33,514 [D] subprocess cmd: ['source compile.sh /home/bohrok/Documents/DM/output/orbs/mug/1/work'], stdout: b''	(at ex_script.py:45) 
2019-03-02 02:04:33,514 [D] ┌:F:n:WD_2:mug.c:39	(at logger.py:129) 
2019-03-02 02:04:33,514 [D] └:F:n:WD_2:mug.c:38	(at logger.py:129) 
2019-03-02 02:04:33,529 [D] subprocess cmd: ['source compile.sh /home/bohrok/Documents/DM/output/orbs/mug/1/work'], stdout: b''	(at ex_script.py:45) 
2019-03-02 02:04:33,530 [D] ┌:F:n:WD_3:mug.c:39	(at logger.py:129) 
2019-03-02 02:04:33,530 [D] |:F:n:WD_3:mug.c:38	(at logger.py:129) 
2019-03-02 02:04:33,530 [D] └:F:n:WD_3:mug.c:37	(at logger.py:129) 
2019-03-02 02:04:33,577 [D] -:P:n:WD_1:mug.c:38	(at logger.py:129) 
2019-03-02 02:04:33,594 [D] subprocess cmd: ['source compile.sh /home/bohrok/Documents/DM/output/orbs/mug/1/work'], stdout: b''	(at ex_script.py:45) 
2019-03-02 02:04:33,594 [D] -:F:n:WD_1:mug.c:37	(at logger.py:129) 
2019-03-02 02:04:33,611 [D] subprocess cmd: ['source compile.sh /home/bohrok/Documents/DM/output/orbs/mug/1/work'], stdout: b''	(at ex_script.py:45) 
2019-03-02 02:04:33,611 [D] ┌:F:n:WD_2:mug.c:37	(at logger.py:129) 
2019-03-02 02:04:33,611 [D] └:F:n:WD_2:mug.c:36	(at logger.py:129) 
2019-03-02 02:04:33,650 [D] ┌:P:c:WD_3:mug.c:37	(at logger.py:129) 
2019-03-02 02:04:33,650 [D] |:P:c:WD_3:mug.c:36	(at logger.py:129) 
2019-03-02 02:04:33,650 [D] └:P:c:WD_3:mug.c:35	(at logger.py:129) 
2019-03-02 02:04:33,650 [D]  : : :pass:mug.c:36	(at logger.py:129) 
2019-03-02 02:04:33,650 [D]  : : :pass:mug.c:35	(at logger.py:129) 
2019-03-02 02:04:33,694 [D] -:P:n:WD_1:mug.c:34	(at logger.py:129) 
2019-03-02 02:04:33,711 [D] subprocess cmd: ['source compile.sh /home/bohrok/Documents/DM/output/orbs/mug/1/work'], stdout: b''	(at ex_script.py:45) 
2019-03-02 02:04:33,711 [D] -:F:n:WD_1:mug.c:33	(at logger.py:129) 
2019-03-02 02:04:33,727 [D] subprocess cmd: ['source compile.sh /home/bohrok/Documents/DM/output/orbs/mug/1/work'], stdout: b''	(at ex_script.py:45) 
2019-03-02 02:04:33,727 [D] ┌:F:n:WD_2:mug.c:33	(at logger.py:129) 
2019-03-02 02:04:33,728 [D] └:F:n:WD_2:mug.c:32	(at logger.py:129) 
2019-03-02 02:04:33,746 [D] subprocess cmd: ['source compile.sh /home/bohrok/Documents/DM/output/orbs/mug/1/work'], stdout: b''	(at ex_script.py:45) 
2019-03-02 02:04:33,746 [D] ┌:F:n:WD_3:mug.c:33	(at logger.py:129) 
2019-03-02 02:04:33,746 [D] |:F:n:WD_3:mug.c:32	(at logger.py:129) 
2019-03-02 02:04:33,746 [D] └:F:n:WD_3:mug.c:31	(at logger.py:129) 
2019-03-02 02:04:33,785 [D] -:P:c:WD_1:mug.c:32	(at logger.py:129) 
2019-03-02 02:04:33,802 [D] subprocess cmd: ['source compile.sh /home/bohrok/Documents/DM/output/orbs/mug/1/work'], stdout: b''	(at ex_script.py:45) 
2019-03-02 02:04:33,803 [D] -:F:n:WD_1:mug.c:31	(at logger.py:129) 
2019-03-02 02:04:33,819 [D] subprocess cmd: ['source compile.sh /home/bohrok/Documents/DM/output/orbs/mug/1/work'], stdout: b''	(at ex_script.py:45) 
2019-03-02 02:04:33,819 [D] ┌:F:n:WD_2:mug.c:31	(at logger.py:129) 
2019-03-02 02:04:33,819 [D] └:F:n:WD_2:mug.c:30	(at logger.py:129) 
2019-03-02 02:04:33,857 [D] subprocess cmd: ['source compile.sh /home/bohrok/Documents/DM/output/orbs/mug/1/work'], stdout: b''	(at ex_script.py:45) 
2019-03-02 02:04:33,857 [D] ┌:F:n:WD_3:mug.c:31	(at logger.py:129) 
2019-03-02 02:04:33,857 [D] |:F:n:WD_3:mug.c:30	(at logger.py:129) 
2019-03-02 02:04:33,857 [D] └:F:n:WD_3:mug.c:29	(at logger.py:129) 
2019-03-02 02:04:33,876 [D] subprocess cmd: ['source compile.sh /home/bohrok/Documents/DM/output/orbs/mug/1/work'], stdout: b''	(at ex_script.py:45) 
2019-03-02 02:04:33,876 [D] -:F:n:WD_1:mug.c:30	(at logger.py:129) 
2019-03-02 02:04:33,896 [D] subprocess cmd: ['source compile.sh /home/bohrok/Documents/DM/output/orbs/mug/1/work'], stdout: b''	(at ex_script.py:45) 
2019-03-02 02:04:33,896 [D] ┌:F:n:WD_2:mug.c:30	(at logger.py:129) 
2019-03-02 02:04:33,896 [D] └:F:n:WD_2:mug.c:29	(at logger.py:129) 
2019-03-02 02:04:33,913 [D] subprocess cmd: ['source compile.sh /home/bohrok/Documents/DM/output/orbs/mug/1/work'], stdout: b''	(at ex_script.py:45) 
2019-03-02 02:04:33,914 [D] ┌:F:n:WD_3:mug.c:30	(at logger.py:129) 
2019-03-02 02:04:33,914 [D] |:F:n:WD_3:mug.c:29	(at logger.py:129) 
2019-03-02 02:04:33,914 [D] └:F:n:WD_3:mug.c:28	(at logger.py:129) 
2019-03-02 02:04:33,929 [D] subprocess cmd: ['source compile.sh /home/bohrok/Documents/DM/output/orbs/mug/1/work'], stdout: b''	(at ex_script.py:45) 
2019-03-02 02:04:33,930 [D] -:F:n:WD_1:mug.c:29	(at logger.py:129) 
2019-03-02 02:04:33,946 [D] subprocess cmd: ['source compile.sh /home/bohrok/Documents/DM/output/orbs/mug/1/work'], stdout: b''	(at ex_script.py:45) 
2019-03-02 02:04:33,946 [D] ┌:F:n:WD_2:mug.c:29	(at logger.py:129) 
2019-03-02 02:04:33,947 [D] └:F:n:WD_2:mug.c:28	(at logger.py:129) 
2019-03-02 02:04:33,962 [D] subprocess cmd: ['source compile.sh /home/bohrok/Documents/DM/output/orbs/mug/1/work'], stdout: b''	(at ex_script.py:45) 
2019-03-02 02:04:33,963 [D] ┌:F:n:WD_3:mug.c:29	(at logger.py:129) 
2019-03-02 02:04:33,963 [D] |:F:n:WD_3:mug.c:28	(at logger.py:129) 
2019-03-02 02:04:33,963 [D] └:F:n:WD_3:mug.c:27	(at logger.py:129) 
2019-03-02 02:04:34,009 [D] -:P:n:WD_1:mug.c:28	(at logger.py:129) 
2019-03-02 02:04:34,025 [D] subprocess cmd: ['source compile.sh /home/bohrok/Documents/DM/output/orbs/mug/1/work'], stdout: b''	(at ex_script.py:45) 
2019-03-02 02:04:34,025 [D] -:F:n:WD_1:mug.c:27	(at logger.py:129) 
2019-03-02 02:04:34,043 [D] subprocess cmd: ['source compile.sh /home/bohrok/Documents/DM/output/orbs/mug/1/work'], stdout: b''	(at ex_script.py:45) 
2019-03-02 02:04:34,043 [D] ┌:F:n:WD_2:mug.c:27	(at logger.py:129) 
2019-03-02 02:04:34,043 [D] └:F:n:WD_2:mug.c:26	(at logger.py:129) 
2019-03-02 02:04:34,062 [D] subprocess cmd: ['source compile.sh /home/bohrok/Documents/DM/output/orbs/mug/1/work'], stdout: b''	(at ex_script.py:45) 
2019-03-02 02:04:34,062 [D] ┌:F:n:WD_3:mug.c:27	(at logger.py:129) 
2019-03-02 02:04:34,062 [D] |:F:n:WD_3:mug.c:26	(at logger.py:129) 
2019-03-02 02:04:34,062 [D] └:F:n:WD_3:mug.c:25	(at logger.py:129) 
2019-03-02 02:04:34,409 [D] subprocess cmd: ['source execute.sh /home/bohrok/Documents/DM/output/orbs/mug/1/work'], stdout: b'execute.sh: line 9: 15020 Killed                  timeout --signal=KILL 0.1 ./mug.exe 4 -4 0 > ./outputs/output0\nexecute.sh: line 15: 15022 Killed                  timeout --signal=KILL 0.1 ./mug.exe 4 4 0 > ./outputs/output1\nexecute.sh: line 21: 15024 Killed                  timeout --signal=KILL 0.1 ./mug.exe -4 4 0 > ./outputs/output2\n'	(at ex_script.py:45) 
2019-03-02 02:04:34,409 [D] -:C:n:WD_1:mug.c:26	(at logger.py:129) 
2019-03-02 02:04:34,424 [D] subprocess cmd: ['source compile.sh /home/bohrok/Documents/DM/output/orbs/mug/1/work'], stdout: b''	(at ex_script.py:45) 
2019-03-02 02:04:34,424 [D] ┌:F:n:WD_2:mug.c:26	(at logger.py:129) 
2019-03-02 02:04:34,424 [D] └:F:n:WD_2:mug.c:25	(at logger.py:129) 
2019-03-02 02:04:34,440 [D] subprocess cmd: ['source compile.sh /home/bohrok/Documents/DM/output/orbs/mug/1/work'], stdout: b''	(at ex_script.py:45) 
2019-03-02 02:04:34,440 [D] ┌:F:n:WD_3:mug.c:26	(at logger.py:129) 
2019-03-02 02:04:34,440 [D] |:F:n:WD_3:mug.c:25	(at logger.py:129) 
2019-03-02 02:04:34,440 [D] └:F:n:WD_3:mug.c:24	(at logger.py:129) 
2019-03-02 02:04:34,458 [D] subprocess cmd: ['source compile.sh /home/bohrok/Documents/DM/output/orbs/mug/1/work'], stdout: b''	(at ex_script.py:45) 
2019-03-02 02:04:34,459 [D] -:F:n:WD_1:mug.c:25	(at logger.py:129) 
2019-03-02 02:04:34,478 [D] subprocess cmd: ['source compile.sh /home/bohrok/Documents/DM/output/orbs/mug/1/work'], stdout: b''	(at ex_script.py:45) 
2019-03-02 02:04:34,478 [D] ┌:F:n:WD_2:mug.c:25	(at logger.py:129) 
2019-03-02 02:04:34,478 [D] └:F:n:WD_2:mug.c:24	(at logger.py:129) 
2019-03-02 02:04:34,496 [D] subprocess cmd: ['source compile.sh /home/bohrok/Documents/DM/output/orbs/mug/1/work'], stdout: b''	(at ex_script.py:45) 
2019-03-02 02:04:34,497 [D] ┌:F:n:WD_3:mug.c:25	(at logger.py:129) 
2019-03-02 02:04:34,497 [D] |:F:n:WD_3:mug.c:24	(at logger.py:129) 
2019-03-02 02:04:34,497 [D] └:F:n:WD_3:mug.c:23	(at logger.py:129) 
2019-03-02 02:04:34,543 [D] -:P:n:WD_1:mug.c:24	(at logger.py:129) 
2019-03-02 02:04:34,589 [D] -:P:n:WD_1:mug.c:23	(at logger.py:129) 
2019-03-02 02:04:34,605 [D] subprocess cmd: ['source compile.sh /home/bohrok/Documents/DM/output/orbs/mug/1/work'], stdout: b''	(at ex_script.py:45) 
2019-03-02 02:04:34,606 [D] -:F:n:WD_1:mug.c:22	(at logger.py:129) 
2019-03-02 02:04:34,623 [D] subprocess cmd: ['source compile.sh /home/bohrok/Documents/DM/output/orbs/mug/1/work'], stdout: b''	(at ex_script.py:45) 
2019-03-02 02:04:34,623 [D] ┌:F:n:WD_2:mug.c:22	(at logger.py:129) 
2019-03-02 02:04:34,623 [D] └:F:n:WD_2:mug.c:21	(at logger.py:129) 
2019-03-02 02:04:34,640 [D] subprocess cmd: ['source compile.sh /home/bohrok/Documents/DM/output/orbs/mug/1/work'], stdout: b''	(at ex_script.py:45) 
2019-03-02 02:04:34,641 [D] ┌:F:n:WD_3:mug.c:22	(at logger.py:129) 
2019-03-02 02:04:34,641 [D] |:F:n:WD_3:mug.c:21	(at logger.py:129) 
2019-03-02 02:04:34,641 [D] └:F:n:WD_3:mug.c:20	(at logger.py:129) 
2019-03-02 02:04:34,689 [D] -:P:n:WD_1:mug.c:21	(at logger.py:129) 
2019-03-02 02:04:34,704 [D] subprocess cmd: ['source compile.sh /home/bohrok/Documents/DM/output/orbs/mug/1/work'], stdout: b''	(at ex_script.py:45) 
2019-03-02 02:04:34,705 [D] -:F:n:WD_1:mug.c:20	(at logger.py:129) 
2019-03-02 02:04:34,720 [D] subprocess cmd: ['source compile.sh /home/bohrok/Documents/DM/output/orbs/mug/1/work'], stdout: b''	(at ex_script.py:45) 
2019-03-02 02:04:34,720 [D] ┌:F:n:WD_2:mug.c:20	(at logger.py:129) 
2019-03-02 02:04:34,720 [D] └:F:n:WD_2:mug.c:19	(at logger.py:129) 
2019-03-02 02:04:34,735 [D] subprocess cmd: ['source compile.sh /home/bohrok/Documents/DM/output/orbs/mug/1/work'], stdout: b''	(at ex_script.py:45) 
2019-03-02 02:04:34,736 [D] ┌:F:n:WD_3:mug.c:20	(at logger.py:129) 
2019-03-02 02:04:34,736 [D] |:F:n:WD_3:mug.c:19	(at logger.py:129) 
2019-03-02 02:04:34,736 [D] └:F:n:WD_3:mug.c:18	(at logger.py:129) 
2019-03-02 02:04:34,781 [D] -:P:n:WD_1:mug.c:19	(at logger.py:129) 
2019-03-02 02:04:34,828 [D] -:P:n:WD_1:mug.c:18	(at logger.py:129) 
2019-03-02 02:04:34,877 [D] -:P:n:WD_1:mug.c:17	(at logger.py:129) 
2019-03-02 02:04:34,915 [D] -:P:c:WD_1:mug.c:16	(at logger.py:129) 
2019-03-02 02:04:34,962 [D] subprocess cmd: ['source execute.sh /home/bohrok/Documents/DM/output/orbs/mug/1/work'], stdout: b''	(at ex_script.py:45) 
2019-03-02 02:04:34,962 [D] -:C:n:WD_1:mug.c:15	(at logger.py:129) 
2019-03-02 02:04:35,007 [D] subprocess cmd: ['source execute.sh /home/bohrok/Documents/DM/output/orbs/mug/1/work'], stdout: b''	(at ex_script.py:45) 
2019-03-02 02:04:35,007 [D] ┌:C:n:WD_2:mug.c:15	(at logger.py:129) 
2019-03-02 02:04:35,008 [D] └:C:n:WD_2:mug.c:14	(at logger.py:129) 
2019-03-02 02:04:35,046 [D] ┌:C:c:WD_3:mug.c:15	(at logger.py:129) 
2019-03-02 02:04:35,047 [D] |:C:c:WD_3:mug.c:14	(at logger.py:129) 
2019-03-02 02:04:35,047 [D] └:C:c:WD_3:mug.c:13	(at logger.py:129) 
2019-03-02 02:04:35,095 [D] -:C:n:WD_1:mug.c:14	(at logger.py:129) 
2019-03-02 02:04:35,131 [D] ┌:C:c:WD_2:mug.c:14	(at logger.py:129) 
2019-03-02 02:04:35,131 [D] └:C:c:WD_2:mug.c:13	(at logger.py:129) 
2019-03-02 02:04:35,166 [D] ┌:C:c:WD_3:mug.c:14	(at logger.py:129) 
2019-03-02 02:04:35,166 [D] |:C:c:WD_3:mug.c:13	(at logger.py:129) 
2019-03-02 02:04:35,166 [D] └:C:c:WD_3:mug.c:12	(at logger.py:129) 
2019-03-02 02:04:35,200 [D] -:P:c:WD_1:mug.c:13	(at logger.py:129) 
2019-03-02 02:04:35,235 [D] -:P:c:WD_1:mug.c:12	(at logger.py:129) 
2019-03-02 02:04:35,251 [D] subprocess cmd: ['source compile.sh /home/bohrok/Documents/DM/output/orbs/mug/1/work'], stdout: b''	(at ex_script.py:45) 
2019-03-02 02:04:35,251 [D] -:F:n:WD_1:mug.c:11	(at logger.py:129) 
2019-03-02 02:04:35,266 [D] subprocess cmd: ['source compile.sh /home/bohrok/Documents/DM/output/orbs/mug/1/work'], stdout: b''	(at ex_script.py:45) 
2019-03-02 02:04:35,266 [D] ┌:F:n:WD_2:mug.c:11	(at logger.py:129) 
2019-03-02 02:04:35,266 [D] └:F:n:WD_2:mug.c:10	(at logger.py:129) 
2019-03-02 02:04:35,282 [D] subprocess cmd: ['source compile.sh /home/bohrok/Documents/DM/output/orbs/mug/1/work'], stdout: b''	(at ex_script.py:45) 
2019-03-02 02:04:35,282 [D] ┌:F:n:WD_3:mug.c:11	(at logger.py:129) 
2019-03-02 02:04:35,282 [D] |:F:n:WD_3:mug.c:10	(at logger.py:129) 
2019-03-02 02:04:35,282 [D] └:F:n:WD_3:mug.c:9	(at logger.py:129) 
2019-03-02 02:04:35,298 [D] subprocess cmd: ['source compile.sh /home/bohrok/Documents/DM/output/orbs/mug/1/work'], stdout: b''	(at ex_script.py:45) 
2019-03-02 02:04:35,298 [D] -:F:n:WD_1:mug.c:10	(at logger.py:129) 
2019-03-02 02:04:35,313 [D] subprocess cmd: ['source compile.sh /home/bohrok/Documents/DM/output/orbs/mug/1/work'], stdout: b''	(at ex_script.py:45) 
2019-03-02 02:04:35,313 [D] ┌:F:n:WD_2:mug.c:10	(at logger.py:129) 
2019-03-02 02:04:35,313 [D] └:F:n:WD_2:mug.c:9	(at logger.py:129) 
2019-03-02 02:04:35,329 [D] subprocess cmd: ['source compile.sh /home/bohrok/Documents/DM/output/orbs/mug/1/work'], stdout: b''	(at ex_script.py:45) 
2019-03-02 02:04:35,329 [D] ┌:F:n:WD_3:mug.c:10	(at logger.py:129) 
2019-03-02 02:04:35,330 [D] |:F:n:WD_3:mug.c:9	(at logger.py:129) 
2019-03-02 02:04:35,330 [D] └:F:n:WD_3:mug.c:8	(at logger.py:129) 
2019-03-02 02:04:35,345 [D] subprocess cmd: ['source compile.sh /home/bohrok/Documents/DM/output/orbs/mug/1/work'], stdout: b''	(at ex_script.py:45) 
2019-03-02 02:04:35,345 [D] -:F:n:WD_1:mug.c:9	(at logger.py:129) 
2019-03-02 02:04:35,363 [D] subprocess cmd: ['source compile.sh /home/bohrok/Documents/DM/output/orbs/mug/1/work'], stdout: b''	(at ex_script.py:45) 
2019-03-02 02:04:35,363 [D] ┌:F:n:WD_2:mug.c:9	(at logger.py:129) 
2019-03-02 02:04:35,363 [D] └:F:n:WD_2:mug.c:8	(at logger.py:129) 
2019-03-02 02:04:35,379 [D] subprocess cmd: ['source compile.sh /home/bohrok/Documents/DM/output/orbs/mug/1/work'], stdout: b''	(at ex_script.py:45) 
2019-03-02 02:04:35,379 [D] ┌:F:n:WD_3:mug.c:9	(at logger.py:129) 
2019-03-02 02:04:35,379 [D] |:F:n:WD_3:mug.c:8	(at logger.py:129) 
2019-03-02 02:04:35,379 [D] └:F:n:WD_3:mug.c:7	(at logger.py:129) 
2019-03-02 02:04:35,413 [D] -:P:c:WD_1:mug.c:8	(at logger.py:129) 
2019-03-02 02:04:35,449 [D] -:P:c:WD_1:mug.c:7	(at logger.py:129) 
2019-03-02 02:04:35,497 [D] -:P:n:WD_1:mug.c:6	(at logger.py:129) 
2019-03-02 02:04:35,534 [D] -:P:c:WD_1:mug.c:5	(at logger.py:129) 
2019-03-02 02:04:35,571 [D] -:P:c:WD_1:mug.c:4	(at logger.py:129) 
2019-03-02 02:04:35,586 [D] subprocess cmd: ['source compile.sh /home/bohrok/Documents/DM/output/orbs/mug/1/work'], stdout: b''	(at ex_script.py:45) 
2019-03-02 02:04:35,586 [D] -:F:n:WD_1:mug.c:3	(at logger.py:129) 
2019-03-02 02:04:35,599 [D] subprocess cmd: ['source compile.sh /home/bohrok/Documents/DM/output/orbs/mug/1/work'], stdout: b''	(at ex_script.py:45) 
2019-03-02 02:04:35,600 [D] ┌:F:n:WD_2:mug.c:3	(at logger.py:129) 
2019-03-02 02:04:35,600 [D] └:F:n:WD_2:mug.c:2	(at logger.py:129) 
2019-03-02 02:04:35,610 [D] subprocess cmd: ['source compile.sh /home/bohrok/Documents/DM/output/orbs/mug/1/work'], stdout: b''	(at ex_script.py:45) 
2019-03-02 02:04:35,610 [D] ┌:F:n:WD_3:mug.c:3	(at logger.py:129) 
2019-03-02 02:04:35,611 [D] |:F:n:WD_3:mug.c:2	(at logger.py:129) 
2019-03-02 02:04:35,611 [D] └:F:n:WD_3:mug.c:1	(at logger.py:129) 
2019-03-02 02:04:35,656 [D] -:P:n:WD_1:mug.c:2	(at logger.py:129) 
2019-03-02 02:04:35,688 [D] -:P:c:WD_1:mug.c:1	(at logger.py:129) 
2019-03-02 02:04:35,688 [D] comp_cached_cnt:0	(at logger.py:134) 
2019-03-02 02:04:35,688 [D] compile_cnt:127	(at logger.py:134) 
2019-03-02 02:04:35,688 [D] execute_cnt:20	(at logger.py:134) 
2019-03-02 02:04:35,689 [D] fail_del_cnt:8	(at logger.py:134) 
2019-03-02 02:04:35,689 [D] iter_idx:1	(at logger.py:134) 
2019-03-02 02:04:35,689 [D] reuse_cnt:15	(at logger.py:134) 
2019-03-02 02:04:35,689 [D] succ_del_cnt:27	(at logger.py:134) 
2019-03-02 02:04:35,689 [D] time:3.6856796741485596	(at logger.py:134) 
2019-03-02 02:04:35,689 [D] deletion:31	(at logger.py:136) 
2019-03-02 02:04:35,689 [I] Iteration 1 finished	(at orbs.py:87) 
2019-03-02 02:04:35,702 [D] subprocess cmd: ['source compile.sh /home/bohrok/Documents/DM/output/orbs/mug/1/work'], stdout: b''	(at ex_script.py:45) 
2019-03-02 02:04:35,702 [D] -:F:n:WD_1:mug.c:63	(at logger.py:129) 
2019-03-02 02:04:35,713 [D] subprocess cmd: ['source compile.sh /home/bohrok/Documents/DM/output/orbs/mug/1/work'], stdout: b''	(at ex_script.py:45) 
2019-03-02 02:04:35,713 [D] ┌:F:n:WD_2:mug.c:63	(at logger.py:129) 
2019-03-02 02:04:35,713 [D] └:F:n:WD_2:mug.c:61	(at logger.py:129) 
2019-03-02 02:04:35,756 [D] ┌:P:n:WD_3:mug.c:63	(at logger.py:129) 
2019-03-02 02:04:35,756 [D] |:P:n:WD_3:mug.c:61	(at logger.py:129) 
2019-03-02 02:04:35,756 [D] └:P:n:WD_3:mug.c:60	(at logger.py:129) 
2019-03-02 02:04:35,756 [D]  : : :pass:mug.c:62	(at logger.py:129) 
2019-03-02 02:04:35,756 [D]  : : :pass:mug.c:61	(at logger.py:129) 
2019-03-02 02:04:35,756 [D]  : : :pass:mug.c:60	(at logger.py:129) 
2019-03-02 02:04:35,767 [D] subprocess cmd: ['source compile.sh /home/bohrok/Documents/DM/output/orbs/mug/1/work'], stdout: b''	(at ex_script.py:45) 
2019-03-02 02:04:35,767 [D] -:F:n:WD_1:mug.c:59	(at logger.py:129) 
2019-03-02 02:04:35,779 [D] subprocess cmd: ['source compile.sh /home/bohrok/Documents/DM/output/orbs/mug/1/work'], stdout: b''	(at ex_script.py:45) 
2019-03-02 02:04:35,780 [D] ┌:F:n:WD_2:mug.c:59	(at logger.py:129) 
2019-03-02 02:04:35,780 [D] └:F:n:WD_2:mug.c:57	(at logger.py:129) 
2019-03-02 02:04:35,823 [D] ┌:P:n:WD_3:mug.c:59	(at logger.py:129) 
2019-03-02 02:04:35,823 [D] |:P:n:WD_3:mug.c:57	(at logger.py:129) 
2019-03-02 02:04:35,823 [D] └:P:n:WD_3:mug.c:56	(at logger.py:129) 
2019-03-02 02:04:35,823 [D]  : : :pass:mug.c:58	(at logger.py:129) 
2019-03-02 02:04:35,823 [D]  : : :pass:mug.c:57	(at logger.py:129) 
2019-03-02 02:04:35,823 [D]  : : :pass:mug.c:56	(at logger.py:129) 
2019-03-02 02:04:35,837 [D] subprocess cmd: ['source compile.sh /home/bohrok/Documents/DM/output/orbs/mug/1/work'], stdout: b''	(at ex_script.py:45) 
2019-03-02 02:04:35,837 [D] -:F:n:WD_1:mug.c:55	(at logger.py:129) 
2019-03-02 02:04:35,849 [D] subprocess cmd: ['source compile.sh /home/bohrok/Documents/DM/output/orbs/mug/1/work'], stdout: b''	(at ex_script.py:45) 
2019-03-02 02:04:35,850 [D] ┌:F:n:WD_2:mug.c:55	(at logger.py:129) 
2019-03-02 02:04:35,850 [D] └:F:n:WD_2:mug.c:54	(at logger.py:129) 
2019-03-02 02:04:35,860 [D] subprocess cmd: ['source compile.sh /home/bohrok/Documents/DM/output/orbs/mug/1/work'], stdout: b''	(at ex_script.py:45) 
2019-03-02 02:04:35,860 [D] ┌:F:n:WD_3:mug.c:55	(at logger.py:129) 
2019-03-02 02:04:35,860 [D] |:F:n:WD_3:mug.c:54	(at logger.py:129) 
2019-03-02 02:04:35,860 [D] └:F:n:WD_3:mug.c:53	(at logger.py:129) 
2019-03-02 02:04:35,904 [D] -:P:n:WD_1:mug.c:54	(at logger.py:129) 
2019-03-02 02:04:35,916 [D] subprocess cmd: ['source compile.sh /home/bohrok/Documents/DM/output/orbs/mug/1/work'], stdout: b''	(at ex_script.py:45) 
2019-03-02 02:04:35,916 [D] -:F:n:WD_1:mug.c:53	(at logger.py:129) 
2019-03-02 02:04:35,926 [D] subprocess cmd: ['source compile.sh /home/bohrok/Documents/DM/output/orbs/mug/1/work'], stdout: b''	(at ex_script.py:45) 
2019-03-02 02:04:35,926 [D] ┌:F:n:WD_2:mug.c:53	(at logger.py:129) 
2019-03-02 02:04:35,926 [D] └:F:n:WD_2:mug.c:52	(at logger.py:129) 
2019-03-02 02:04:35,962 [D] subprocess cmd: ['source compile.sh /home/bohrok/Documents/DM/output/orbs/mug/1/work'], stdout: b''	(at ex_script.py:45) 
2019-03-02 02:04:35,963 [D] ┌:F:n:WD_3:mug.c:53	(at logger.py:129) 
2019-03-02 02:04:35,963 [D] |:F:n:WD_3:mug.c:52	(at logger.py:129) 
2019-03-02 02:04:35,963 [D] └:F:n:WD_3:mug.c:51	(at logger.py:129) 
2019-03-02 02:04:35,973 [D] subprocess cmd: ['source compile.sh /home/bohrok/Documents/DM/output/orbs/mug/1/work'], stdout: b''	(at ex_script.py:45) 
2019-03-02 02:04:35,973 [D] -:F:n:WD_1:mug.c:52	(at logger.py:129) 
2019-03-02 02:04:35,985 [D] subprocess cmd: ['source compile.sh /home/bohrok/Documents/DM/output/orbs/mug/1/work'], stdout: b''	(at ex_script.py:45) 
2019-03-02 02:04:35,985 [D] ┌:F:n:WD_2:mug.c:52	(at logger.py:129) 
2019-03-02 02:04:35,985 [D] └:F:n:WD_2:mug.c:51	(at logger.py:129) 
2019-03-02 02:04:35,997 [D] subprocess cmd: ['source compile.sh /home/bohrok/Documents/DM/output/orbs/mug/1/work'], stdout: b''	(at ex_script.py:45) 
2019-03-02 02:04:35,998 [D] ┌:F:n:WD_3:mug.c:52	(at logger.py:129) 
2019-03-02 02:04:35,998 [D] |:F:n:WD_3:mug.c:51	(at logger.py:129) 
2019-03-02 02:04:35,998 [D] └:F:n:WD_3:mug.c:50	(at logger.py:129) 
2019-03-02 02:04:36,008 [D] subprocess cmd: ['source compile.sh /home/bohrok/Documents/DM/output/orbs/mug/1/work'], stdout: b''	(at ex_script.py:45) 
2019-03-02 02:04:36,009 [D] -:F:n:WD_1:mug.c:51	(at logger.py:129) 
2019-03-02 02:04:36,023 [D] subprocess cmd: ['source compile.sh /home/bohrok/Documents/DM/output/orbs/mug/1/work'], stdout: b''	(at ex_script.py:45) 
2019-03-02 02:04:36,023 [D] ┌:F:n:WD_2:mug.c:51	(at logger.py:129) 
2019-03-02 02:04:36,023 [D] └:F:n:WD_2:mug.c:50	(at logger.py:129) 
2019-03-02 02:04:36,035 [D] subprocess cmd: ['source compile.sh /home/bohrok/Documents/DM/output/orbs/mug/1/work'], stdout: b''	(at ex_script.py:45) 
2019-03-02 02:04:36,036 [D] ┌:F:n:WD_3:mug.c:51	(at logger.py:129) 
2019-03-02 02:04:36,036 [D] |:F:n:WD_3:mug.c:50	(at logger.py:129) 
2019-03-02 02:04:36,036 [D] └:F:n:WD_3:mug.c:44	(at logger.py:129) 
2019-03-02 02:04:36,048 [D] subprocess cmd: ['source compile.sh /home/bohrok/Documents/DM/output/orbs/mug/1/work'], stdout: b''	(at ex_script.py:45) 
2019-03-02 02:04:36,048 [D] -:F:n:WD_1:mug.c:50	(at logger.py:129) 
2019-03-02 02:04:36,081 [D] ┌:P:c:WD_2:mug.c:50	(at logger.py:129) 
2019-03-02 02:04:36,082 [D] └:P:c:WD_2:mug.c:44	(at logger.py:129) 
2019-03-02 02:04:36,082 [D]  : : :pass:mug.c:49	(at logger.py:129) 
2019-03-02 02:04:36,082 [D]  : : :pass:mug.c:48	(at logger.py:129) 
2019-03-02 02:04:36,082 [D]  : : :pass:mug.c:47	(at logger.py:129) 
2019-03-02 02:04:36,082 [D]  : : :pass:mug.c:46	(at logger.py:129) 
2019-03-02 02:04:36,082 [D]  : : :pass:mug.c:45	(at logger.py:129) 
2019-03-02 02:04:36,082 [D]  : : :pass:mug.c:44	(at logger.py:129) 
2019-03-02 02:04:36,082 [D]  : : :pass:mug.c:43	(at logger.py:129) 
2019-03-02 02:04:36,093 [D] subprocess cmd: ['source compile.sh /home/bohrok/Documents/DM/output/orbs/mug/1/work'], stdout: b''	(at ex_script.py:45) 
2019-03-02 02:04:36,093 [D] -:F:n:WD_1:mug.c:42	(at logger.py:129) 
2019-03-02 02:04:36,106 [D] subprocess cmd: ['source compile.sh /home/bohrok/Documents/DM/output/orbs/mug/1/work'], stdout: b''	(at ex_script.py:45) 
2019-03-02 02:04:36,106 [D] ┌:F:n:WD_2:mug.c:42	(at logger.py:129) 
2019-03-02 02:04:36,106 [D] └:F:n:WD_2:mug.c:41	(at logger.py:129) 
2019-03-02 02:04:36,149 [D] ┌:P:n:WD_3:mug.c:42	(at logger.py:129) 
2019-03-02 02:04:36,150 [D] |:P:n:WD_3:mug.c:41	(at logger.py:129) 
2019-03-02 02:04:36,150 [D] └:P:n:WD_3:mug.c:40	(at logger.py:129) 
2019-03-02 02:04:36,150 [D]  : : :pass:mug.c:41	(at logger.py:129) 
2019-03-02 02:04:36,150 [D]  : : :pass:mug.c:40	(at logger.py:129) 
2019-03-02 02:04:36,160 [D] subprocess cmd: ['source compile.sh /home/bohrok/Documents/DM/output/orbs/mug/1/work'], stdout: b''	(at ex_script.py:45) 
2019-03-02 02:04:36,161 [D] -:F:n:WD_1:mug.c:39	(at logger.py:129) 
2019-03-02 02:04:36,195 [D] ┌:P:c:WD_2:mug.c:39	(at logger.py:129) 
2019-03-02 02:04:36,195 [D] └:P:c:WD_2:mug.c:33	(at logger.py:129) 
2019-03-02 02:04:36,195 [D]  : : :pass:mug.c:38	(at logger.py:129) 
2019-03-02 02:04:36,196 [D]  : : :pass:mug.c:37	(at logger.py:129) 
2019-03-02 02:04:36,196 [D]  : : :pass:mug.c:36	(at logger.py:129) 
2019-03-02 02:04:36,196 [D]  : : :pass:mug.c:35	(at logger.py:129) 
2019-03-02 02:04:36,196 [D]  : : :pass:mug.c:34	(at logger.py:129) 
2019-03-02 02:04:36,196 [D]  : : :pass:mug.c:33	(at logger.py:129) 
2019-03-02 02:04:36,196 [D]  : : :pass:mug.c:32	(at logger.py:129) 
2019-03-02 02:04:36,206 [D] subprocess cmd: ['source compile.sh /home/bohrok/Documents/DM/output/orbs/mug/1/work'], stdout: b''	(at ex_script.py:45) 
2019-03-02 02:04:36,206 [D] -:F:n:WD_1:mug.c:31	(at logger.py:129) 
2019-03-02 02:04:36,217 [D] subprocess cmd: ['source compile.sh /home/bohrok/Documents/DM/output/orbs/mug/1/work'], stdout: b''	(at ex_script.py:45) 
2019-03-02 02:04:36,218 [D] ┌:F:n:WD_2:mug.c:31	(at logger.py:129) 
2019-03-02 02:04:36,218 [D] └:F:n:WD_2:mug.c:30	(at logger.py:129) 
2019-03-02 02:04:36,258 [D] ┌:P:n:WD_3:mug.c:31	(at logger.py:129) 
2019-03-02 02:04:36,259 [D] |:P:n:WD_3:mug.c:30	(at logger.py:129) 
2019-03-02 02:04:36,259 [D] └:P:n:WD_3:mug.c:29	(at logger.py:129) 
2019-03-02 02:04:36,259 [D]  : : :pass:mug.c:30	(at logger.py:129) 
2019-03-02 02:04:36,259 [D]  : : :pass:mug.c:29	(at logger.py:129) 
2019-03-02 02:04:36,259 [D]  : : :pass:mug.c:28	(at logger.py:129) 
2019-03-02 02:04:36,272 [D] subprocess cmd: ['source compile.sh /home/bohrok/Documents/DM/output/orbs/mug/1/work'], stdout: b''	(at ex_script.py:45) 
2019-03-02 02:04:36,272 [D] -:F:n:WD_1:mug.c:27	(at logger.py:129) 
2019-03-02 02:04:36,284 [D] subprocess cmd: ['source compile.sh /home/bohrok/Documents/DM/output/orbs/mug/1/work'], stdout: b''	(at ex_script.py:45) 
2019-03-02 02:04:36,284 [D] ┌:F:n:WD_2:mug.c:27	(at logger.py:129) 
2019-03-02 02:04:36,284 [D] └:F:n:WD_2:mug.c:26	(at logger.py:129) 
2019-03-02 02:04:36,295 [D] subprocess cmd: ['source compile.sh /home/bohrok/Documents/DM/output/orbs/mug/1/work'], stdout: b''	(at ex_script.py:45) 
2019-03-02 02:04:36,295 [D] ┌:F:n:WD_3:mug.c:27	(at logger.py:129) 
2019-03-02 02:04:36,295 [D] |:F:n:WD_3:mug.c:26	(at logger.py:129) 
2019-03-02 02:04:36,295 [D] └:F:n:WD_3:mug.c:25	(at logger.py:129) 
2019-03-02 02:04:36,340 [D] -:P:n:WD_1:mug.c:26	(at logger.py:129) 
2019-03-02 02:04:36,353 [D] subprocess cmd: ['source compile.sh /home/bohrok/Documents/DM/output/orbs/mug/1/work'], stdout: b''	(at ex_script.py:45) 
2019-03-02 02:04:36,353 [D] -:F:n:WD_1:mug.c:25	(at logger.py:129) 
2019-03-02 02:04:36,386 [D] ┌:P:c:WD_2:mug.c:25	(at logger.py:129) 
2019-03-02 02:04:36,386 [D] └:P:c:WD_2:mug.c:22	(at logger.py:129) 
2019-03-02 02:04:36,386 [D]  : : :pass:mug.c:24	(at logger.py:129) 
2019-03-02 02:04:36,386 [D]  : : :pass:mug.c:23	(at logger.py:129) 
2019-03-02 02:04:36,386 [D]  : : :pass:mug.c:22	(at logger.py:129) 
2019-03-02 02:04:36,386 [D]  : : :pass:mug.c:21	(at logger.py:129) 
2019-03-02 02:04:36,397 [D] subprocess cmd: ['source compile.sh /home/bohrok/Documents/DM/output/orbs/mug/1/work'], stdout: b''	(at ex_script.py:45) 
2019-03-02 02:04:36,398 [D] -:F:n:WD_1:mug.c:20	(at logger.py:129) 
2019-03-02 02:04:36,408 [D] subprocess cmd: ['source compile.sh /home/bohrok/Documents/DM/output/orbs/mug/1/work'], stdout: b''	(at ex_script.py:45) 
2019-03-02 02:04:36,408 [D] ┌:F:n:WD_2:mug.c:20	(at logger.py:129) 
2019-03-02 02:04:36,408 [D] └:F:n:WD_2:mug.c:15	(at logger.py:129) 
2019-03-02 02:04:36,420 [D] subprocess cmd: ['source compile.sh /home/bohrok/Documents/DM/output/orbs/mug/1/work'], stdout: b''	(at ex_script.py:45) 
2019-03-02 02:04:36,421 [D] ┌:F:n:WD_3:mug.c:20	(at logger.py:129) 
2019-03-02 02:04:36,421 [D] |:F:n:WD_3:mug.c:15	(at logger.py:129) 
2019-03-02 02:04:36,421 [D] └:F:n:WD_3:mug.c:14	(at logger.py:129) 
2019-03-02 02:04:36,421 [D]  : : :pass:mug.c:19	(at logger.py:129) 
2019-03-02 02:04:36,421 [D]  : : :pass:mug.c:18	(at logger.py:129) 
2019-03-02 02:04:36,421 [D]  : : :pass:mug.c:17	(at logger.py:129) 
2019-03-02 02:04:36,421 [D]  : : :pass:mug.c:16	(at logger.py:129) 
2019-03-02 02:04:36,463 [D] subprocess cmd: ['source execute.sh /home/bohrok/Documents/DM/output/orbs/mug/1/work'], stdout: b''	(at ex_script.py:45) 
2019-03-02 02:04:36,464 [D] -:C:n:WD_1:mug.c:15	(at logger.py:129) 
2019-03-02 02:04:36,506 [D] subprocess cmd: ['source execute.sh /home/bohrok/Documents/DM/output/orbs/mug/1/work'], stdout: b''	(at ex_script.py:45) 
2019-03-02 02:04:36,506 [D] ┌:C:n:WD_2:mug.c:15	(at logger.py:129) 
2019-03-02 02:04:36,507 [D] └:C:n:WD_2:mug.c:14	(at logger.py:129) 
2019-03-02 02:04:36,538 [D] ┌:C:c:WD_3:mug.c:15	(at logger.py:129) 
2019-03-02 02:04:36,539 [D] |:C:c:WD_3:mug.c:14	(at logger.py:129) 
2019-03-02 02:04:36,539 [D] └:C:c:WD_3:mug.c:11	(at logger.py:129) 
2019-03-02 02:04:36,579 [D] -:C:n:WD_1:mug.c:14	(at logger.py:129) 
2019-03-02 02:04:36,590 [D] subprocess cmd: ['source compile.sh /home/bohrok/Documents/DM/output/orbs/mug/1/work'], stdout: b''	(at ex_script.py:45) 
2019-03-02 02:04:36,590 [D] ┌:F:n:WD_2:mug.c:14	(at logger.py:129) 
2019-03-02 02:04:36,590 [D] └:F:n:WD_2:mug.c:11	(at logger.py:129) 
2019-03-02 02:04:36,602 [D] subprocess cmd: ['source compile.sh /home/bohrok/Documents/DM/output/orbs/mug/1/work'], stdout: b''	(at ex_script.py:45) 
2019-03-02 02:04:36,603 [D] ┌:F:n:WD_3:mug.c:14	(at logger.py:129) 
2019-03-02 02:04:36,603 [D] |:F:n:WD_3:mug.c:11	(at logger.py:129) 
2019-03-02 02:04:36,603 [D] └:F:n:WD_3:mug.c:10	(at logger.py:129) 
2019-03-02 02:04:36,603 [D]  : : :pass:mug.c:13	(at logger.py:129) 
2019-03-02 02:04:36,603 [D]  : : :pass:mug.c:12	(at logger.py:129) 
2019-03-02 02:04:36,614 [D] subprocess cmd: ['source compile.sh /home/bohrok/Documents/DM/output/orbs/mug/1/work'], stdout: b''	(at ex_script.py:45) 
2019-03-02 02:04:36,614 [D] -:F:n:WD_1:mug.c:11	(at logger.py:129) 
2019-03-02 02:04:36,624 [D] subprocess cmd: ['source compile.sh /home/bohrok/Documents/DM/output/orbs/mug/1/work'], stdout: b''	(at ex_script.py:45) 
2019-03-02 02:04:36,625 [D] ┌:F:n:WD_2:mug.c:11	(at logger.py:129) 
2019-03-02 02:04:36,625 [D] └:F:n:WD_2:mug.c:10	(at logger.py:129) 
2019-03-02 02:04:36,637 [D] subprocess cmd: ['source compile.sh /home/bohrok/Documents/DM/output/orbs/mug/1/work'], stdout: b''	(at ex_script.py:45) 
2019-03-02 02:04:36,637 [D] ┌:F:n:WD_3:mug.c:11	(at logger.py:129) 
2019-03-02 02:04:36,637 [D] |:F:n:WD_3:mug.c:10	(at logger.py:129) 
2019-03-02 02:04:36,637 [D] └:F:n:WD_3:mug.c:9	(at logger.py:129) 
2019-03-02 02:04:36,650 [D] subprocess cmd: ['source compile.sh /home/bohrok/Documents/DM/output/orbs/mug/1/work'], stdout: b''	(at ex_script.py:45) 
2019-03-02 02:04:36,650 [D] -:F:n:WD_1:mug.c:10	(at logger.py:129) 
2019-03-02 02:04:36,660 [D] subprocess cmd: ['source compile.sh /home/bohrok/Documents/DM/output/orbs/mug/1/work'], stdout: b''	(at ex_script.py:45) 
2019-03-02 02:04:36,660 [D] ┌:F:n:WD_2:mug.c:10	(at logger.py:129) 
2019-03-02 02:04:36,661 [D] └:F:n:WD_2:mug.c:9	(at logger.py:129) 
2019-03-02 02:04:36,672 [D] subprocess cmd: ['source compile.sh /home/bohrok/Documents/DM/output/orbs/mug/1/work'], stdout: b''	(at ex_script.py:45) 
2019-03-02 02:04:36,672 [D] ┌:F:n:WD_3:mug.c:10	(at logger.py:129) 
2019-03-02 02:04:36,673 [D] |:F:n:WD_3:mug.c:9	(at logger.py:129) 
2019-03-02 02:04:36,673 [D] └:F:n:WD_3:mug.c:3	(at logger.py:129) 
2019-03-02 02:04:36,683 [D] subprocess cmd: ['source compile.sh /home/bohrok/Documents/DM/output/orbs/mug/1/work'], stdout: b''	(at ex_script.py:45) 
2019-03-02 02:04:36,684 [D] -:F:n:WD_1:mug.c:9	(at logger.py:129) 
2019-03-02 02:04:36,693 [D] subprocess cmd: ['source compile.sh /home/bohrok/Documents/DM/output/orbs/mug/1/work'], stdout: b''	(at ex_script.py:45) 
2019-03-02 02:04:36,693 [D] ┌:F:n:WD_2:mug.c:9	(at logger.py:129) 
2019-03-02 02:04:36,693 [D] └:F:n:WD_2:mug.c:3	(at logger.py:129) 
2019-03-02 02:04:36,694 [D] ┌:F:n:WD_3:mug.c:9	(at logger.py:129) 
2019-03-02 02:04:36,694 [D] └:F:n:WD_3:mug.c:3	(at logger.py:129) 
2019-03-02 02:04:36,694 [D]  : : :pass:mug.c:8	(at logger.py:129) 
2019-03-02 02:04:36,694 [D]  : : :pass:mug.c:7	(at logger.py:129) 
2019-03-02 02:04:36,694 [D]  : : :pass:mug.c:6	(at logger.py:129) 
2019-03-02 02:04:36,694 [D]  : : :pass:mug.c:5	(at logger.py:129) 
2019-03-02 02:04:36,694 [D]  : : :pass:mug.c:4	(at logger.py:129) 
2019-03-02 02:04:36,729 [D] -:P:c:WD_1:mug.c:3	(at logger.py:129) 
2019-03-02 02:04:36,729 [D]  : : :pass:mug.c:2	(at logger.py:129) 
2019-03-02 02:04:36,729 [D]  : : :pass:mug.c:1	(at logger.py:129) 
2019-03-02 02:04:36,729 [D] comp_cached_cnt:1	(at logger.py:134) 
2019-03-02 02:04:36,729 [D] compile_cnt:53	(at logger.py:134) 
2019-03-02 02:04:36,729 [D] execute_cnt:9	(at logger.py:134) 
2019-03-02 02:04:36,730 [D] fail_del_cnt:4	(at logger.py:134) 
2019-03-02 02:04:36,730 [D] iter_idx:2	(at logger.py:134) 
2019-03-02 02:04:36,730 [D] reuse_cnt:5	(at logger.py:134) 
2019-03-02 02:04:36,730 [D] succ_del_cnt:10	(at logger.py:134) 
2019-03-02 02:04:36,730 [D] time:1.0400855541229248	(at logger.py:134) 
2019-03-02 02:04:36,730 [D] deletion:52	(at logger.py:136) 
2019-03-02 02:04:36,730 [I] Iteration 2 finished	(at orbs.py:87) 
2019-03-02 02:04:36,730 [D]  : : :pass:mug.c:63	(at logger.py:129) 
2019-03-02 02:04:36,730 [D]  : : :pass:mug.c:62	(at logger.py:129) 
2019-03-02 02:04:36,730 [D]  : : :pass:mug.c:61	(at logger.py:129) 
2019-03-02 02:04:36,731 [D]  : : :pass:mug.c:60	(at logger.py:129) 
2019-03-02 02:04:36,731 [D]  : : :pass:mug.c:59	(at logger.py:129) 
2019-03-02 02:04:36,731 [D]  : : :pass:mug.c:58	(at logger.py:129) 
2019-03-02 02:04:36,731 [D]  : : :pass:mug.c:57	(at logger.py:129) 
2019-03-02 02:04:36,731 [D]  : : :pass:mug.c:56	(at logger.py:129) 
2019-03-02 02:04:36,742 [D] subprocess cmd: ['source compile.sh /home/bohrok/Documents/DM/output/orbs/mug/1/work'], stdout: b''	(at ex_script.py:45) 
2019-03-02 02:04:36,742 [D] -:F:n:WD_1:mug.c:55	(at logger.py:129) 
2019-03-02 02:04:36,754 [D] subprocess cmd: ['source compile.sh /home/bohrok/Documents/DM/output/orbs/mug/1/work'], stdout: b''	(at ex_script.py:45) 
2019-03-02 02:04:36,754 [D] ┌:F:n:WD_2:mug.c:55	(at logger.py:129) 
2019-03-02 02:04:36,755 [D] └:F:n:WD_2:mug.c:53	(at logger.py:129) 
2019-03-02 02:04:36,793 [D] ┌:P:n:WD_3:mug.c:55	(at logger.py:129) 
2019-03-02 02:04:36,793 [D] |:P:n:WD_3:mug.c:53	(at logger.py:129) 
2019-03-02 02:04:36,793 [D] └:P:n:WD_3:mug.c:52	(at logger.py:129) 
2019-03-02 02:04:36,794 [D]  : : :pass:mug.c:54	(at logger.py:129) 
2019-03-02 02:04:36,794 [D]  : : :pass:mug.c:53	(at logger.py:129) 
2019-03-02 02:04:36,794 [D]  : : :pass:mug.c:52	(at logger.py:129) 
2019-03-02 02:04:36,805 [D] subprocess cmd: ['source compile.sh /home/bohrok/Documents/DM/output/orbs/mug/1/work'], stdout: b''	(at ex_script.py:45) 
2019-03-02 02:04:36,805 [D] -:F:n:WD_1:mug.c:51	(at logger.py:129) 
2019-03-02 02:04:36,817 [D] subprocess cmd: ['source compile.sh /home/bohrok/Documents/DM/output/orbs/mug/1/work'], stdout: b''	(at ex_script.py:45) 
2019-03-02 02:04:36,817 [D] ┌:F:n:WD_2:mug.c:51	(at logger.py:129) 
2019-03-02 02:04:36,817 [D] └:F:n:WD_2:mug.c:27	(at logger.py:129) 
2019-03-02 02:04:36,827 [D] subprocess cmd: ['source compile.sh /home/bohrok/Documents/DM/output/orbs/mug/1/work'], stdout: b''	(at ex_script.py:45) 
2019-03-02 02:04:36,827 [D] ┌:F:n:WD_3:mug.c:51	(at logger.py:129) 
2019-03-02 02:04:36,827 [D] |:F:n:WD_3:mug.c:27	(at logger.py:129) 
2019-03-02 02:04:36,827 [D] └:F:n:WD_3:mug.c:20	(at logger.py:129) 
2019-03-02 02:04:36,828 [D]  : : :pass:mug.c:50	(at logger.py:129) 
2019-03-02 02:04:36,828 [D]  : : :pass:mug.c:49	(at logger.py:129) 
2019-03-02 02:04:36,828 [D]  : : :pass:mug.c:48	(at logger.py:129) 
2019-03-02 02:04:36,828 [D]  : : :pass:mug.c:47	(at logger.py:129) 
2019-03-02 02:04:36,828 [D]  : : :pass:mug.c:46	(at logger.py:129) 
2019-03-02 02:04:36,828 [D]  : : :pass:mug.c:45	(at logger.py:129) 
2019-03-02 02:04:36,828 [D]  : : :pass:mug.c:44	(at logger.py:129) 
2019-03-02 02:04:36,828 [D]  : : :pass:mug.c:43	(at logger.py:129) 
2019-03-02 02:04:36,828 [D]  : : :pass:mug.c:42	(at logger.py:129) 
2019-03-02 02:04:36,828 [D]  : : :pass:mug.c:41	(at logger.py:129) 
2019-03-02 02:04:36,828 [D]  : : :pass:mug.c:40	(at logger.py:129) 
2019-03-02 02:04:36,828 [D]  : : :pass:mug.c:39	(at logger.py:129) 
2019-03-02 02:04:36,828 [D]  : : :pass:mug.c:38	(at logger.py:129) 
2019-03-02 02:04:36,828 [D]  : : :pass:mug.c:37	(at logger.py:129) 
2019-03-02 02:04:36,828 [D]  : : :pass:mug.c:36	(at logger.py:129) 
2019-03-02 02:04:36,828 [D]  : : :pass:mug.c:35	(at logger.py:129) 
2019-03-02 02:04:36,828 [D]  : : :pass:mug.c:34	(at logger.py:129) 
2019-03-02 02:04:36,828 [D]  : : :pass:mug.c:33	(at logger.py:129) 
2019-03-02 02:04:36,828 [D]  : : :pass:mug.c:32	(at logger.py:129) 
2019-03-02 02:04:36,829 [D]  : : :pass:mug.c:31	(at logger.py:129) 
2019-03-02 02:04:36,829 [D]  : : :pass:mug.c:30	(at logger.py:129) 
2019-03-02 02:04:36,829 [D]  : : :pass:mug.c:29	(at logger.py:129) 
2019-03-02 02:04:36,829 [D]  : : :pass:mug.c:28	(at logger.py:129) 
2019-03-02 02:04:36,840 [D] subprocess cmd: ['source compile.sh /home/bohrok/Documents/DM/output/orbs/mug/1/work'], stdout: b''	(at ex_script.py:45) 
2019-03-02 02:04:36,840 [D] -:F:n:WD_1:mug.c:27	(at logger.py:129) 
2019-03-02 02:04:36,875 [D] ┌:P:c:WD_2:mug.c:27	(at logger.py:129) 
2019-03-02 02:04:36,875 [D] └:P:c:WD_2:mug.c:20	(at logger.py:129) 
2019-03-02 02:04:36,875 [D]  : : :pass:mug.c:26	(at logger.py:129) 
2019-03-02 02:04:36,875 [D]  : : :pass:mug.c:25	(at logger.py:129) 
2019-03-02 02:04:36,875 [D]  : : :pass:mug.c:24	(at logger.py:129) 
2019-03-02 02:04:36,875 [D]  : : :pass:mug.c:23	(at logger.py:129) 
2019-03-02 02:04:36,875 [D]  : : :pass:mug.c:22	(at logger.py:129) 
2019-03-02 02:04:36,875 [D]  : : :pass:mug.c:21	(at logger.py:129) 
2019-03-02 02:04:36,875 [D]  : : :pass:mug.c:20	(at logger.py:129) 
2019-03-02 02:04:36,875 [D]  : : :pass:mug.c:19	(at logger.py:129) 
2019-03-02 02:04:36,875 [D]  : : :pass:mug.c:18	(at logger.py:129) 
2019-03-02 02:04:36,875 [D]  : : :pass:mug.c:17	(at logger.py:129) 
2019-03-02 02:04:36,876 [D]  : : :pass:mug.c:16	(at logger.py:129) 
2019-03-02 02:04:36,917 [D] subprocess cmd: ['source execute.sh /home/bohrok/Documents/DM/output/orbs/mug/1/work'], stdout: b''	(at ex_script.py:45) 
2019-03-02 02:04:36,917 [D] -:C:n:WD_1:mug.c:15	(at logger.py:129) 
2019-03-02 02:04:36,956 [D] subprocess cmd: ['source execute.sh /home/bohrok/Documents/DM/output/orbs/mug/1/work'], stdout: b''	(at ex_script.py:45) 
2019-03-02 02:04:36,956 [D] ┌:C:n:WD_2:mug.c:15	(at logger.py:129) 
2019-03-02 02:04:36,956 [D] └:C:n:WD_2:mug.c:14	(at logger.py:129) 
2019-03-02 02:04:36,989 [D] ┌:C:c:WD_3:mug.c:15	(at logger.py:129) 
2019-03-02 02:04:36,990 [D] |:C:c:WD_3:mug.c:14	(at logger.py:129) 
2019-03-02 02:04:36,990 [D] └:C:c:WD_3:mug.c:11	(at logger.py:129) 
2019-03-02 02:04:37,031 [D] -:C:n:WD_1:mug.c:14	(at logger.py:129) 
2019-03-02 02:04:37,041 [D] subprocess cmd: ['source compile.sh /home/bohrok/Documents/DM/output/orbs/mug/1/work'], stdout: b''	(at ex_script.py:45) 
2019-03-02 02:04:37,042 [D] ┌:F:n:WD_2:mug.c:14	(at logger.py:129) 
2019-03-02 02:04:37,042 [D] └:F:n:WD_2:mug.c:11	(at logger.py:129) 
2019-03-02 02:04:37,056 [D] subprocess cmd: ['source compile.sh /home/bohrok/Documents/DM/output/orbs/mug/1/work'], stdout: b''	(at ex_script.py:45) 
2019-03-02 02:04:37,056 [D] ┌:F:n:WD_3:mug.c:14	(at logger.py:129) 
2019-03-02 02:04:37,056 [D] |:F:n:WD_3:mug.c:11	(at logger.py:129) 
2019-03-02 02:04:37,056 [D] └:F:n:WD_3:mug.c:10	(at logger.py:129) 
2019-03-02 02:04:37,056 [D]  : : :pass:mug.c:13	(at logger.py:129) 
2019-03-02 02:04:37,057 [D]  : : :pass:mug.c:12	(at logger.py:129) 
2019-03-02 02:04:37,072 [D] subprocess cmd: ['source compile.sh /home/bohrok/Documents/DM/output/orbs/mug/1/work'], stdout: b''	(at ex_script.py:45) 
2019-03-02 02:04:37,072 [D] -:F:n:WD_1:mug.c:11	(at logger.py:129) 
2019-03-02 02:04:37,085 [D] subprocess cmd: ['source compile.sh /home/bohrok/Documents/DM/output/orbs/mug/1/work'], stdout: b''	(at ex_script.py:45) 
2019-03-02 02:04:37,085 [D] ┌:F:n:WD_2:mug.c:11	(at logger.py:129) 
2019-03-02 02:04:37,085 [D] └:F:n:WD_2:mug.c:10	(at logger.py:129) 
2019-03-02 02:04:37,098 [D] subprocess cmd: ['source compile.sh /home/bohrok/Documents/DM/output/orbs/mug/1/work'], stdout: b''	(at ex_script.py:45) 
2019-03-02 02:04:37,098 [D] ┌:F:n:WD_3:mug.c:11	(at logger.py:129) 
2019-03-02 02:04:37,098 [D] |:F:n:WD_3:mug.c:10	(at logger.py:129) 
2019-03-02 02:04:37,098 [D] └:F:n:WD_3:mug.c:9	(at logger.py:129) 
2019-03-02 02:04:37,109 [D] subprocess cmd: ['source compile.sh /home/bohrok/Documents/DM/output/orbs/mug/1/work'], stdout: b''	(at ex_script.py:45) 
2019-03-02 02:04:37,109 [D] -:F:n:WD_1:mug.c:10	(at logger.py:129) 
2019-03-02 02:04:37,123 [D] subprocess cmd: ['source compile.sh /home/bohrok/Documents/DM/output/orbs/mug/1/work'], stdout: b''	(at ex_script.py:45) 
2019-03-02 02:04:37,123 [D] ┌:F:n:WD_2:mug.c:10	(at logger.py:129) 
2019-03-02 02:04:37,123 [D] └:F:n:WD_2:mug.c:9	(at logger.py:129) 
2019-03-02 02:04:37,123 [D] ┌:F:n:WD_3:mug.c:10	(at logger.py:129) 
2019-03-02 02:04:37,123 [D] └:F:n:WD_3:mug.c:9	(at logger.py:129) 
2019-03-02 02:04:37,135 [D] subprocess cmd: ['source compile.sh /home/bohrok/Documents/DM/output/orbs/mug/1/work'], stdout: b''	(at ex_script.py:45) 
2019-03-02 02:04:37,135 [D] -:F:n:WD_1:mug.c:9	(at logger.py:129) 
2019-03-02 02:04:37,135 [D] -:F:n:WD_2:mug.c:9	(at logger.py:129) 
2019-03-02 02:04:37,136 [D] -:F:n:WD_3:mug.c:9	(at logger.py:129) 
2019-03-02 02:04:37,136 [D]  : : :pass:mug.c:8	(at logger.py:129) 
2019-03-02 02:04:37,136 [D]  : : :pass:mug.c:7	(at logger.py:129) 
2019-03-02 02:04:37,136 [D]  : : :pass:mug.c:6	(at logger.py:129) 
2019-03-02 02:04:37,136 [D]  : : :pass:mug.c:5	(at logger.py:129) 
2019-03-02 02:04:37,136 [D]  : : :pass:mug.c:4	(at logger.py:129) 
2019-03-02 02:04:37,136 [D]  : : :pass:mug.c:3	(at logger.py:129) 
2019-03-02 02:04:37,136 [D]  : : :pass:mug.c:2	(at logger.py:129) 
2019-03-02 02:04:37,136 [D]  : : :pass:mug.c:1	(at logger.py:129) 
2019-03-02 02:04:37,136 [D] comp_cached_cnt:3	(at logger.py:134) 
2019-03-02 02:04:37,136 [D] compile_cnt:20	(at logger.py:134) 
2019-03-02 02:04:37,136 [D] execute_cnt:4	(at logger.py:134) 
2019-03-02 02:04:37,136 [D] fail_del_cnt:4	(at logger.py:134) 
2019-03-02 02:04:37,136 [D] iter_idx:3	(at logger.py:134) 
2019-03-02 02:04:37,136 [D] reuse_cnt:2	(at logger.py:134) 
2019-03-02 02:04:37,136 [D] succ_del_cnt:2	(at logger.py:134) 
2019-03-02 02:04:37,137 [D] time:0.40579962730407715	(at logger.py:134) 
2019-03-02 02:04:37,137 [D] deletion:57	(at logger.py:136) 
2019-03-02 02:04:37,137 [I] Iteration 3 finished	(at orbs.py:87) 
2019-03-02 02:04:37,137 [D]  : : :pass:mug.c:63	(at logger.py:129) 
2019-03-02 02:04:37,137 [D]  : : :pass:mug.c:62	(at logger.py:129) 
2019-03-02 02:04:37,137 [D]  : : :pass:mug.c:61	(at logger.py:129) 
2019-03-02 02:04:37,137 [D]  : : :pass:mug.c:60	(at logger.py:129) 
2019-03-02 02:04:37,137 [D]  : : :pass:mug.c:59	(at logger.py:129) 
2019-03-02 02:04:37,137 [D]  : : :pass:mug.c:58	(at logger.py:129) 
2019-03-02 02:04:37,137 [D]  : : :pass:mug.c:57	(at logger.py:129) 
2019-03-02 02:04:37,138 [D]  : : :pass:mug.c:56	(at logger.py:129) 
2019-03-02 02:04:37,138 [D]  : : :pass:mug.c:55	(at logger.py:129) 
2019-03-02 02:04:37,138 [D]  : : :pass:mug.c:54	(at logger.py:129) 
2019-03-02 02:04:37,138 [D]  : : :pass:mug.c:53	(at logger.py:129) 
2019-03-02 02:04:37,138 [D]  : : :pass:mug.c:52	(at logger.py:129) 
2019-03-02 02:04:37,138 [D] -:F:n:WD_1:mug.c:51	(at logger.py:129) 
2019-03-02 02:04:37,150 [D] subprocess cmd: ['source compile.sh /home/bohrok/Documents/DM/output/orbs/mug/1/work'], stdout: b''	(at ex_script.py:45) 
2019-03-02 02:04:37,150 [D] ┌:F:n:WD_2:mug.c:51	(at logger.py:129) 
2019-03-02 02:04:37,150 [D] └:F:n:WD_2:mug.c:15	(at logger.py:129) 
2019-03-02 02:04:37,160 [D] subprocess cmd: ['source compile.sh /home/bohrok/Documents/DM/output/orbs/mug/1/work'], stdout: b''	(at ex_script.py:45) 
2019-03-02 02:04:37,161 [D] ┌:F:n:WD_3:mug.c:51	(at logger.py:129) 
2019-03-02 02:04:37,161 [D] |:F:n:WD_3:mug.c:15	(at logger.py:129) 
2019-03-02 02:04:37,161 [D] └:F:n:WD_3:mug.c:14	(at logger.py:129) 
2019-03-02 02:04:37,161 [D]  : : :pass:mug.c:50	(at logger.py:129) 
2019-03-02 02:04:37,161 [D]  : : :pass:mug.c:49	(at logger.py:129) 
2019-03-02 02:04:37,161 [D]  : : :pass:mug.c:48	(at logger.py:129) 
2019-03-02 02:04:37,161 [D]  : : :pass:mug.c:47	(at logger.py:129) 
2019-03-02 02:04:37,161 [D]  : : :pass:mug.c:46	(at logger.py:129) 
2019-03-02 02:04:37,161 [D]  : : :pass:mug.c:45	(at logger.py:129) 
2019-03-02 02:04:37,161 [D]  : : :pass:mug.c:44	(at logger.py:129) 
2019-03-02 02:04:37,161 [D]  : : :pass:mug.c:43	(at logger.py:129) 
2019-03-02 02:04:37,161 [D]  : : :pass:mug.c:42	(at logger.py:129) 
2019-03-02 02:04:37,161 [D]  : : :pass:mug.c:41	(at logger.py:129) 
2019-03-02 02:04:37,161 [D]  : : :pass:mug.c:40	(at logger.py:129) 
2019-03-02 02:04:37,162 [D]  : : :pass:mug.c:39	(at logger.py:129) 
2019-03-02 02:04:37,162 [D]  : : :pass:mug.c:38	(at logger.py:129) 
2019-03-02 02:04:37,162 [D]  : : :pass:mug.c:37	(at logger.py:129) 
2019-03-02 02:04:37,162 [D]  : : :pass:mug.c:36	(at logger.py:129) 
2019-03-02 02:04:37,162 [D]  : : :pass:mug.c:35	(at logger.py:129) 
2019-03-02 02:04:37,162 [D]  : : :pass:mug.c:34	(at logger.py:129) 
2019-03-02 02:04:37,162 [D]  : : :pass:mug.c:33	(at logger.py:129) 
2019-03-02 02:04:37,162 [D]  : : :pass:mug.c:32	(at logger.py:129) 
2019-03-02 02:04:37,162 [D]  : : :pass:mug.c:31	(at logger.py:129) 
2019-03-02 02:04:37,162 [D]  : : :pass:mug.c:30	(at logger.py:129) 
2019-03-02 02:04:37,162 [D]  : : :pass:mug.c:29	(at logger.py:129) 
2019-03-02 02:04:37,162 [D]  : : :pass:mug.c:28	(at logger.py:129) 
2019-03-02 02:04:37,162 [D]  : : :pass:mug.c:27	(at logger.py:129) 
2019-03-02 02:04:37,162 [D]  : : :pass:mug.c:26	(at logger.py:129) 
2019-03-02 02:04:37,162 [D]  : : :pass:mug.c:25	(at logger.py:129) 
2019-03-02 02:04:37,163 [D]  : : :pass:mug.c:24	(at logger.py:129) 
2019-03-02 02:04:37,163 [D]  : : :pass:mug.c:23	(at logger.py:129) 
2019-03-02 02:04:37,163 [D]  : : :pass:mug.c:22	(at logger.py:129) 
2019-03-02 02:04:37,163 [D]  : : :pass:mug.c:21	(at logger.py:129) 
2019-03-02 02:04:37,163 [D]  : : :pass:mug.c:20	(at logger.py:129) 
2019-03-02 02:04:37,163 [D]  : : :pass:mug.c:19	(at logger.py:129) 
2019-03-02 02:04:37,163 [D]  : : :pass:mug.c:18	(at logger.py:129) 
2019-03-02 02:04:37,163 [D]  : : :pass:mug.c:17	(at logger.py:129) 
2019-03-02 02:04:37,163 [D]  : : :pass:mug.c:16	(at logger.py:129) 
2019-03-02 02:04:37,163 [D] -:C:c:WD_1:mug.c:15	(at logger.py:129) 
2019-03-02 02:04:37,163 [D] ┌:C:c:WD_2:mug.c:15	(at logger.py:129) 
2019-03-02 02:04:37,163 [D] └:C:c:WD_2:mug.c:14	(at logger.py:129) 
2019-03-02 02:04:37,163 [D] ┌:C:c:WD_3:mug.c:15	(at logger.py:129) 
2019-03-02 02:04:37,163 [D] |:C:c:WD_3:mug.c:14	(at logger.py:129) 
2019-03-02 02:04:37,164 [D] └:C:c:WD_3:mug.c:11	(at logger.py:129) 
2019-03-02 02:04:37,164 [D] -:C:c:WD_1:mug.c:14	(at logger.py:129) 
2019-03-02 02:04:37,164 [D] ┌:F:n:WD_2:mug.c:14	(at logger.py:129) 
2019-03-02 02:04:37,164 [D] └:F:n:WD_2:mug.c:11	(at logger.py:129) 
2019-03-02 02:04:37,164 [D] ┌:F:n:WD_3:mug.c:14	(at logger.py:129) 
2019-03-02 02:04:37,164 [D] |:F:n:WD_3:mug.c:11	(at logger.py:129) 
2019-03-02 02:04:37,164 [D] └:F:n:WD_3:mug.c:10	(at logger.py:129) 
2019-03-02 02:04:37,164 [D]  : : :pass:mug.c:13	(at logger.py:129) 
2019-03-02 02:04:37,164 [D]  : : :pass:mug.c:12	(at logger.py:129) 
2019-03-02 02:04:37,164 [D] -:F:n:WD_1:mug.c:11	(at logger.py:129) 
2019-03-02 02:04:37,164 [D] ┌:F:n:WD_2:mug.c:11	(at logger.py:129) 
2019-03-02 02:04:37,164 [D] └:F:n:WD_2:mug.c:10	(at logger.py:129) 
2019-03-02 02:04:37,164 [D] ┌:F:n:WD_3:mug.c:11	(at logger.py:129) 
2019-03-02 02:04:37,164 [D] |:F:n:WD_3:mug.c:10	(at logger.py:129) 
2019-03-02 02:04:37,164 [D] └:F:n:WD_3:mug.c:9	(at logger.py:129) 
2019-03-02 02:04:37,165 [D] -:F:n:WD_1:mug.c:10	(at logger.py:129) 
2019-03-02 02:04:37,165 [D] ┌:F:n:WD_2:mug.c:10	(at logger.py:129) 
2019-03-02 02:04:37,165 [D] └:F:n:WD_2:mug.c:9	(at logger.py:129) 
2019-03-02 02:04:37,165 [D] ┌:F:n:WD_3:mug.c:10	(at logger.py:129) 
2019-03-02 02:04:37,165 [D] └:F:n:WD_3:mug.c:9	(at logger.py:129) 
2019-03-02 02:04:37,165 [D] -:F:n:WD_1:mug.c:9	(at logger.py:129) 
2019-03-02 02:04:37,165 [D] -:F:n:WD_2:mug.c:9	(at logger.py:129) 
2019-03-02 02:04:37,165 [D] -:F:n:WD_3:mug.c:9	(at logger.py:129) 
2019-03-02 02:04:37,165 [D]  : : :pass:mug.c:8	(at logger.py:129) 
2019-03-02 02:04:37,165 [D]  : : :pass:mug.c:7	(at logger.py:129) 
2019-03-02 02:04:37,165 [D]  : : :pass:mug.c:6	(at logger.py:129) 
2019-03-02 02:04:37,165 [D]  : : :pass:mug.c:5	(at logger.py:129) 
2019-03-02 02:04:37,165 [D]  : : :pass:mug.c:4	(at logger.py:129) 
2019-03-02 02:04:37,165 [D]  : : :pass:mug.c:3	(at logger.py:129) 
2019-03-02 02:04:37,166 [D]  : : :pass:mug.c:2	(at logger.py:129) 
2019-03-02 02:04:37,166 [D]  : : :pass:mug.c:1	(at logger.py:129) 
2019-03-02 02:04:37,166 [D] comp_cached_cnt:16	(at logger.py:134) 
2019-03-02 02:04:37,166 [D] compile_cnt:2	(at logger.py:134) 
2019-03-02 02:04:37,166 [D] execute_cnt:0	(at logger.py:134) 
2019-03-02 02:04:37,166 [D] fail_del_cnt:4	(at logger.py:134) 
2019-03-02 02:04:37,166 [D] iter_idx:4	(at logger.py:134) 
2019-03-02 02:04:37,166 [D] reuse_cnt:4	(at logger.py:134) 
2019-03-02 02:04:37,166 [D] succ_del_cnt:0	(at logger.py:134) 
2019-03-02 02:04:37,166 [D] time:0.028587818145751953	(at logger.py:134) 
2019-03-02 02:04:37,166 [D] deletion:57	(at logger.py:136) 
2019-03-02 02:04:37,166 [I] Iteration 4 finished	(at orbs.py:87) 
2019-03-02 02:04:37,167 [D] total_lines:63	(at logger.py:74) 
2019-03-02 02:04:37,167 [D] iteration_cnt:4	(at logger.py:75) 
2019-03-02 02:04:37,167 [D] comp_cached_cnt:20	(at logger.py:79) 
2019-03-02 02:04:37,167 [D] compile_cnt:202	(at logger.py:79) 
2019-03-02 02:04:37,167 [D] execute_cnt:33	(at logger.py:79) 
2019-03-02 02:04:37,167 [D] fail_del_cnt:20	(at logger.py:79) 
2019-03-02 02:04:37,167 [D] reuse_cnt:26	(at logger.py:79) 
2019-03-02 02:04:37,167 [D] succ_del_cnt:39	(at logger.py:79) 
2019-03-02 02:04:37,167 [D] time:5.1644439697265625	(at logger.py:80) 
2019-03-02 02:04:37,167 [D] deletion:57	(at logger.py:82) 
2019-03-02 02:04:37,167 [I] ORBS fin.	(at orbs.py:91) 
2019-03-02 02:04:37,167 [I] ===== END - RUN ==============================================	(at main.py:95) 
2019-03-02 02:04:37,167 [I] 	(at main.py:96) 
