2019-02-12 21:27:04,106 [D]  : : :pass:mbe.c:81	(at logger.py:129) 
2019-02-12 21:27:04,106 [D]  : : :pass:mbe.c:80	(at logger.py:129) 
2019-02-12 21:27:04,106 [D]  : : :pass:mbe.c:79	(at logger.py:129) 
2019-02-12 21:27:04,106 [D]  : : :pass:mbe.c:78	(at logger.py:129) 
2019-02-12 21:27:04,106 [D]  : : :pass:mbe.c:77	(at logger.py:129) 
2019-02-12 21:27:04,122 [D] -:F:n:WD_1:mbe.c:76	(at logger.py:129) 
2019-02-12 21:27:04,142 [D] ┌:F:n:WD_2:mbe.c:76	(at logger.py:129) 
2019-02-12 21:27:04,143 [D] └:F:n:WD_2:mbe.c:75	(at logger.py:129) 
2019-02-12 21:27:04,160 [D] ┌:F:n:WD_3:mbe.c:76	(at logger.py:129) 
2019-02-12 21:27:04,160 [D] |:F:n:WD_3:mbe.c:75	(at logger.py:129) 
2019-02-12 21:27:04,160 [D] └:F:n:WD_3:mbe.c:74	(at logger.py:129) 
2019-02-12 21:27:04,219 [D] -:C:n:WD_1:mbe.c:75	(at logger.py:129) 
2019-02-12 21:27:04,236 [D] ┌:F:n:WD_2:mbe.c:75	(at logger.py:129) 
2019-02-12 21:27:04,236 [D] └:F:n:WD_2:mbe.c:74	(at logger.py:129) 
2019-02-12 21:27:04,253 [D] ┌:F:n:WD_3:mbe.c:75	(at logger.py:129) 
2019-02-12 21:27:04,253 [D] |:F:n:WD_3:mbe.c:74	(at logger.py:129) 
2019-02-12 21:27:04,253 [D] └:F:n:WD_3:mbe.c:73	(at logger.py:129) 
2019-02-12 21:27:04,272 [D] -:F:n:WD_1:mbe.c:74	(at logger.py:129) 
2019-02-12 21:27:04,298 [D] ┌:F:n:WD_2:mbe.c:74	(at logger.py:129) 
2019-02-12 21:27:04,298 [D] └:F:n:WD_2:mbe.c:73	(at logger.py:129) 
2019-02-12 21:27:04,319 [D] ┌:F:n:WD_3:mbe.c:74	(at logger.py:129) 
2019-02-12 21:27:04,320 [D] |:F:n:WD_3:mbe.c:73	(at logger.py:129) 
2019-02-12 21:27:04,320 [D] └:F:n:WD_3:mbe.c:71	(at logger.py:129) 
2019-02-12 21:27:04,339 [D] -:F:n:WD_1:mbe.c:73	(at logger.py:129) 
2019-02-12 21:27:04,355 [D] ┌:F:n:WD_2:mbe.c:73	(at logger.py:129) 
2019-02-12 21:27:04,355 [D] └:F:n:WD_2:mbe.c:71	(at logger.py:129) 
2019-02-12 21:27:04,372 [D] ┌:F:n:WD_3:mbe.c:73	(at logger.py:129) 
2019-02-12 21:27:04,372 [D] |:F:n:WD_3:mbe.c:71	(at logger.py:129) 
2019-02-12 21:27:04,372 [D] └:F:n:WD_3:mbe.c:70	(at logger.py:129) 
2019-02-12 21:27:04,372 [D]  : : :pass:mbe.c:72	(at logger.py:129) 
2019-02-12 21:27:04,389 [D] -:F:n:WD_1:mbe.c:71	(at logger.py:129) 
2019-02-12 21:27:04,407 [D] ┌:F:n:WD_2:mbe.c:71	(at logger.py:129) 
2019-02-12 21:27:04,407 [D] └:F:n:WD_2:mbe.c:70	(at logger.py:129) 
2019-02-12 21:27:04,425 [D] ┌:F:n:WD_3:mbe.c:71	(at logger.py:129) 
2019-02-12 21:27:04,425 [D] |:F:n:WD_3:mbe.c:70	(at logger.py:129) 
2019-02-12 21:27:04,425 [D] └:F:n:WD_3:mbe.c:69	(at logger.py:129) 
2019-02-12 21:27:04,480 [D] -:C:n:WD_1:mbe.c:70	(at logger.py:129) 
2019-02-12 21:27:04,500 [D] ┌:F:n:WD_2:mbe.c:70	(at logger.py:129) 
2019-02-12 21:27:04,500 [D] └:F:n:WD_2:mbe.c:69	(at logger.py:129) 
2019-02-12 21:27:04,519 [D] ┌:F:n:WD_3:mbe.c:70	(at logger.py:129) 
2019-02-12 21:27:04,520 [D] |:F:n:WD_3:mbe.c:69	(at logger.py:129) 
2019-02-12 21:27:04,520 [D] └:F:n:WD_3:mbe.c:68	(at logger.py:129) 
2019-02-12 21:27:04,538 [D] -:F:n:WD_1:mbe.c:69	(at logger.py:129) 
2019-02-12 21:27:04,554 [D] ┌:F:n:WD_2:mbe.c:69	(at logger.py:129) 
2019-02-12 21:27:04,554 [D] └:F:n:WD_2:mbe.c:68	(at logger.py:129) 
2019-02-12 21:27:04,599 [D] ┌:F:n:WD_3:mbe.c:69	(at logger.py:129) 
2019-02-12 21:27:04,599 [D] |:F:n:WD_3:mbe.c:68	(at logger.py:129) 
2019-02-12 21:27:04,599 [D] └:F:n:WD_3:mbe.c:66	(at logger.py:129) 
2019-02-12 21:27:04,617 [D] -:F:n:WD_1:mbe.c:68	(at logger.py:129) 
2019-02-12 21:27:04,635 [D] ┌:F:n:WD_2:mbe.c:68	(at logger.py:129) 
2019-02-12 21:27:04,635 [D] └:F:n:WD_2:mbe.c:66	(at logger.py:129) 
2019-02-12 21:27:04,653 [D] ┌:F:n:WD_3:mbe.c:68	(at logger.py:129) 
2019-02-12 21:27:04,653 [D] |:F:n:WD_3:mbe.c:66	(at logger.py:129) 
2019-02-12 21:27:04,653 [D] └:F:n:WD_3:mbe.c:65	(at logger.py:129) 
2019-02-12 21:27:04,654 [D]  : : :pass:mbe.c:67	(at logger.py:129) 
2019-02-12 21:27:04,670 [D] -:F:n:WD_1:mbe.c:66	(at logger.py:129) 
2019-02-12 21:27:04,688 [D] ┌:F:n:WD_2:mbe.c:66	(at logger.py:129) 
2019-02-12 21:27:04,688 [D] └:F:n:WD_2:mbe.c:65	(at logger.py:129) 
2019-02-12 21:27:04,705 [D] ┌:F:n:WD_3:mbe.c:66	(at logger.py:129) 
2019-02-12 21:27:04,705 [D] |:F:n:WD_3:mbe.c:65	(at logger.py:129) 
2019-02-12 21:27:04,705 [D] └:F:n:WD_3:mbe.c:64	(at logger.py:129) 
2019-02-12 21:27:04,761 [D] -:C:n:WD_1:mbe.c:65	(at logger.py:129) 
2019-02-12 21:27:04,785 [D] ┌:F:n:WD_2:mbe.c:65	(at logger.py:129) 
2019-02-12 21:27:04,785 [D] └:F:n:WD_2:mbe.c:64	(at logger.py:129) 
2019-02-12 21:27:04,806 [D] ┌:F:n:WD_3:mbe.c:65	(at logger.py:129) 
2019-02-12 21:27:04,806 [D] |:F:n:WD_3:mbe.c:64	(at logger.py:129) 
2019-02-12 21:27:04,806 [D] └:F:n:WD_3:mbe.c:63	(at logger.py:129) 
2019-02-12 21:27:04,828 [D] -:F:n:WD_1:mbe.c:64	(at logger.py:129) 
2019-02-12 21:27:04,848 [D] ┌:F:n:WD_2:mbe.c:64	(at logger.py:129) 
2019-02-12 21:27:04,848 [D] └:F:n:WD_2:mbe.c:63	(at logger.py:129) 
2019-02-12 21:27:04,892 [D] ┌:F:n:WD_3:mbe.c:64	(at logger.py:129) 
2019-02-12 21:27:04,892 [D] |:F:n:WD_3:mbe.c:63	(at logger.py:129) 
2019-02-12 21:27:04,892 [D] └:F:n:WD_3:mbe.c:61	(at logger.py:129) 
2019-02-12 21:27:04,909 [D] -:F:n:WD_1:mbe.c:63	(at logger.py:129) 
2019-02-12 21:27:04,925 [D] ┌:F:n:WD_2:mbe.c:63	(at logger.py:129) 
2019-02-12 21:27:04,926 [D] └:F:n:WD_2:mbe.c:61	(at logger.py:129) 
2019-02-12 21:27:04,946 [D] ┌:F:n:WD_3:mbe.c:63	(at logger.py:129) 
2019-02-12 21:27:04,946 [D] |:F:n:WD_3:mbe.c:61	(at logger.py:129) 
2019-02-12 21:27:04,946 [D] └:F:n:WD_3:mbe.c:58	(at logger.py:129) 
2019-02-12 21:27:04,946 [D]  : : :pass:mbe.c:62	(at logger.py:129) 
2019-02-12 21:27:05,024 [D] -:F:n:WD_1:mbe.c:61	(at logger.py:129) 
2019-02-12 21:27:05,042 [D] ┌:F:n:WD_2:mbe.c:61	(at logger.py:129) 
2019-02-12 21:27:05,042 [D] └:F:n:WD_2:mbe.c:58	(at logger.py:129) 
2019-02-12 21:27:05,062 [D] ┌:F:n:WD_3:mbe.c:61	(at logger.py:129) 
2019-02-12 21:27:05,062 [D] |:F:n:WD_3:mbe.c:58	(at logger.py:129) 
2019-02-12 21:27:05,062 [D] └:F:n:WD_3:mbe.c:57	(at logger.py:129) 
2019-02-12 21:27:05,062 [D]  : : :pass:mbe.c:60	(at logger.py:129) 
2019-02-12 21:27:05,063 [D]  : : :pass:mbe.c:59	(at logger.py:129) 
2019-02-12 21:27:05,080 [D] -:F:n:WD_1:mbe.c:58	(at logger.py:129) 
2019-02-12 21:27:05,098 [D] ┌:F:n:WD_2:mbe.c:58	(at logger.py:129) 
2019-02-12 21:27:05,098 [D] └:F:n:WD_2:mbe.c:57	(at logger.py:129) 
2019-02-12 21:27:05,114 [D] ┌:F:n:WD_3:mbe.c:58	(at logger.py:129) 
2019-02-12 21:27:05,114 [D] |:F:n:WD_3:mbe.c:57	(at logger.py:129) 
2019-02-12 21:27:05,114 [D] └:F:n:WD_3:mbe.c:56	(at logger.py:129) 
2019-02-12 21:27:05,163 [D] -:C:n:WD_1:mbe.c:57	(at logger.py:129) 
2019-02-12 21:27:05,180 [D] ┌:F:n:WD_2:mbe.c:57	(at logger.py:129) 
2019-02-12 21:27:05,180 [D] └:F:n:WD_2:mbe.c:56	(at logger.py:129) 
2019-02-12 21:27:05,196 [D] ┌:F:n:WD_3:mbe.c:57	(at logger.py:129) 
2019-02-12 21:27:05,196 [D] |:F:n:WD_3:mbe.c:56	(at logger.py:129) 
2019-02-12 21:27:05,196 [D] └:F:n:WD_3:mbe.c:55	(at logger.py:129) 
2019-02-12 21:27:05,211 [D] -:F:n:WD_1:mbe.c:56	(at logger.py:129) 
2019-02-12 21:27:05,225 [D] ┌:F:n:WD_2:mbe.c:56	(at logger.py:129) 
2019-02-12 21:27:05,225 [D] └:F:n:WD_2:mbe.c:55	(at logger.py:129) 
2019-02-12 21:27:05,238 [D] ┌:F:n:WD_3:mbe.c:56	(at logger.py:129) 
2019-02-12 21:27:05,238 [D] |:F:n:WD_3:mbe.c:55	(at logger.py:129) 
2019-02-12 21:27:05,238 [D] └:F:n:WD_3:mbe.c:54	(at logger.py:129) 
2019-02-12 21:27:06,294 [D] -:C:n:WD_1:mbe.c:55	(at logger.py:129) 
2019-02-12 21:27:06,310 [D] ┌:F:n:WD_2:mbe.c:55	(at logger.py:129) 
2019-02-12 21:27:06,310 [D] └:F:n:WD_2:mbe.c:54	(at logger.py:129) 
2019-02-12 21:27:06,329 [D] ┌:F:n:WD_3:mbe.c:55	(at logger.py:129) 
2019-02-12 21:27:06,329 [D] |:F:n:WD_3:mbe.c:54	(at logger.py:129) 
2019-02-12 21:27:06,329 [D] └:F:n:WD_3:mbe.c:53	(at logger.py:129) 
2019-02-12 21:27:06,345 [D] -:F:n:WD_1:mbe.c:54	(at logger.py:129) 
2019-02-12 21:27:06,363 [D] ┌:F:n:WD_2:mbe.c:54	(at logger.py:129) 
2019-02-12 21:27:06,363 [D] └:F:n:WD_2:mbe.c:53	(at logger.py:129) 
2019-02-12 21:27:06,380 [D] ┌:F:n:WD_3:mbe.c:54	(at logger.py:129) 
2019-02-12 21:27:06,380 [D] |:F:n:WD_3:mbe.c:53	(at logger.py:129) 
2019-02-12 21:27:06,380 [D] └:F:n:WD_3:mbe.c:51	(at logger.py:129) 
2019-02-12 21:27:06,399 [D] -:F:n:WD_1:mbe.c:53	(at logger.py:129) 
2019-02-12 21:27:06,415 [D] ┌:F:n:WD_2:mbe.c:53	(at logger.py:129) 
2019-02-12 21:27:06,415 [D] └:F:n:WD_2:mbe.c:51	(at logger.py:129) 
2019-02-12 21:27:06,432 [D] ┌:F:n:WD_3:mbe.c:53	(at logger.py:129) 
2019-02-12 21:27:06,432 [D] |:F:n:WD_3:mbe.c:51	(at logger.py:129) 
2019-02-12 21:27:06,432 [D] └:F:n:WD_3:mbe.c:46	(at logger.py:129) 
2019-02-12 21:27:06,432 [D]  : : :pass:mbe.c:52	(at logger.py:129) 
2019-02-12 21:27:06,450 [D] -:F:n:WD_1:mbe.c:51	(at logger.py:129) 
2019-02-12 21:27:06,467 [D] ┌:F:n:WD_2:mbe.c:51	(at logger.py:129) 
2019-02-12 21:27:06,467 [D] └:F:n:WD_2:mbe.c:46	(at logger.py:129) 
2019-02-12 21:27:06,486 [D] ┌:F:n:WD_3:mbe.c:51	(at logger.py:129) 
2019-02-12 21:27:06,486 [D] |:F:n:WD_3:mbe.c:46	(at logger.py:129) 
2019-02-12 21:27:06,486 [D] └:F:n:WD_3:mbe.c:45	(at logger.py:129) 
2019-02-12 21:27:06,486 [D]  : : :pass:mbe.c:50	(at logger.py:129) 
2019-02-12 21:27:06,486 [D]  : : :pass:mbe.c:49	(at logger.py:129) 
2019-02-12 21:27:06,486 [D]  : : :pass:mbe.c:48	(at logger.py:129) 
2019-02-12 21:27:06,486 [D]  : : :pass:mbe.c:47	(at logger.py:129) 
2019-02-12 21:27:06,486 [D] -:F:n:WD_1:mbe.c:46	(at logger.py:129) 
2019-02-12 21:27:06,487 [D] ┌:F:n:WD_2:mbe.c:46	(at logger.py:129) 
2019-02-12 21:27:06,487 [D] └:F:n:WD_2:mbe.c:45	(at logger.py:129) 
2019-02-12 21:27:06,487 [D] ┌:F:n:WD_3:mbe.c:46	(at logger.py:129) 
2019-02-12 21:27:06,487 [D] |:F:n:WD_3:mbe.c:45	(at logger.py:129) 
2019-02-12 21:27:06,487 [D] └:F:n:WD_3:mbe.c:44	(at logger.py:129) 
2019-02-12 21:27:06,487 [D] -:C:c:WD_1:mbe.c:45	(at logger.py:129) 
2019-02-12 21:27:06,487 [D] ┌:F:n:WD_2:mbe.c:45	(at logger.py:129) 
2019-02-12 21:27:06,487 [D] └:F:n:WD_2:mbe.c:44	(at logger.py:129) 
2019-02-12 21:27:06,487 [D] ┌:F:n:WD_3:mbe.c:45	(at logger.py:129) 
2019-02-12 21:27:06,487 [D] |:F:n:WD_3:mbe.c:44	(at logger.py:129) 
2019-02-12 21:27:06,488 [D] └:F:n:WD_3:mbe.c:43	(at logger.py:129) 
2019-02-12 21:27:06,488 [D] -:F:n:WD_1:mbe.c:44	(at logger.py:129) 
2019-02-12 21:27:06,488 [D] ┌:F:n:WD_2:mbe.c:44	(at logger.py:129) 
2019-02-12 21:27:06,488 [D] └:F:n:WD_2:mbe.c:43	(at logger.py:129) 
2019-02-12 21:27:06,488 [D] ┌:F:n:WD_3:mbe.c:44	(at logger.py:129) 
2019-02-12 21:27:06,488 [D] |:F:n:WD_3:mbe.c:43	(at logger.py:129) 
2019-02-12 21:27:06,488 [D] └:F:n:WD_3:mbe.c:42	(at logger.py:129) 
2019-02-12 21:27:06,488 [D] -:C:c:WD_1:mbe.c:43	(at logger.py:129) 
2019-02-12 21:27:06,489 [D] ┌:F:n:WD_2:mbe.c:43	(at logger.py:129) 
2019-02-12 21:27:06,489 [D] └:F:n:WD_2:mbe.c:42	(at logger.py:129) 
2019-02-12 21:27:06,489 [D] ┌:F:n:WD_3:mbe.c:43	(at logger.py:129) 
2019-02-12 21:27:06,489 [D] |:F:n:WD_3:mbe.c:42	(at logger.py:129) 
2019-02-12 21:27:06,489 [D] └:F:n:WD_3:mbe.c:41	(at logger.py:129) 
2019-02-12 21:27:06,489 [D] -:F:n:WD_1:mbe.c:42	(at logger.py:129) 
2019-02-12 21:27:06,489 [D] ┌:F:n:WD_2:mbe.c:42	(at logger.py:129) 
2019-02-12 21:27:06,490 [D] └:F:n:WD_2:mbe.c:41	(at logger.py:129) 
2019-02-12 21:27:06,490 [D] ┌:F:n:WD_3:mbe.c:42	(at logger.py:129) 
2019-02-12 21:27:06,490 [D] |:F:n:WD_3:mbe.c:41	(at logger.py:129) 
2019-02-12 21:27:06,490 [D] └:F:n:WD_3:mbe.c:39	(at logger.py:129) 
2019-02-12 21:27:06,490 [D] -:F:n:WD_1:mbe.c:41	(at logger.py:129) 
2019-02-12 21:27:06,490 [D] ┌:F:n:WD_2:mbe.c:41	(at logger.py:129) 
2019-02-12 21:27:06,490 [D] └:F:n:WD_2:mbe.c:39	(at logger.py:129) 
2019-02-12 21:27:06,490 [D] ┌:F:n:WD_3:mbe.c:41	(at logger.py:129) 
2019-02-12 21:27:06,490 [D] |:F:n:WD_3:mbe.c:39	(at logger.py:129) 
2019-02-12 21:27:06,490 [D] └:F:n:WD_3:mbe.c:37	(at logger.py:129) 
2019-02-12 21:27:06,490 [D]  : : :pass:mbe.c:40	(at logger.py:129) 
2019-02-12 21:27:06,491 [D] -:F:n:WD_1:mbe.c:39	(at logger.py:129) 
2019-02-12 21:27:06,491 [D] ┌:F:n:WD_2:mbe.c:39	(at logger.py:129) 
2019-02-12 21:27:06,491 [D] └:F:n:WD_2:mbe.c:37	(at logger.py:129) 
2019-02-12 21:27:06,491 [D] ┌:F:n:WD_3:mbe.c:39	(at logger.py:129) 
2019-02-12 21:27:06,491 [D] |:F:n:WD_3:mbe.c:37	(at logger.py:129) 
2019-02-12 21:27:06,491 [D] └:F:n:WD_3:mbe.c:36	(at logger.py:129) 
2019-02-12 21:27:06,491 [D]  : : :pass:mbe.c:38	(at logger.py:129) 
2019-02-12 21:27:06,491 [D] -:F:n:WD_1:mbe.c:37	(at logger.py:129) 
2019-02-12 21:27:06,491 [D] ┌:F:n:WD_2:mbe.c:37	(at logger.py:129) 
2019-02-12 21:27:06,491 [D] └:F:n:WD_2:mbe.c:36	(at logger.py:129) 
2019-02-12 21:27:06,491 [D] ┌:F:n:WD_3:mbe.c:37	(at logger.py:129) 
2019-02-12 21:27:06,491 [D] |:F:n:WD_3:mbe.c:36	(at logger.py:129) 
2019-02-12 21:27:06,492 [D] └:F:n:WD_3:mbe.c:34	(at logger.py:129) 
2019-02-12 21:27:06,492 [D] -:C:c:WD_1:mbe.c:36	(at logger.py:129) 
2019-02-12 21:27:06,492 [D] ┌:F:n:WD_2:mbe.c:36	(at logger.py:129) 
2019-02-12 21:27:06,492 [D] └:F:n:WD_2:mbe.c:34	(at logger.py:129) 
2019-02-12 21:27:06,492 [D] ┌:F:n:WD_3:mbe.c:36	(at logger.py:129) 
2019-02-12 21:27:06,492 [D] |:F:n:WD_3:mbe.c:34	(at logger.py:129) 
2019-02-12 21:27:06,492 [D] └:F:n:WD_3:mbe.c:33	(at logger.py:129) 
2019-02-12 21:27:06,492 [D]  : : :pass:mbe.c:35	(at logger.py:129) 
2019-02-12 21:27:06,492 [D] -:F:n:WD_1:mbe.c:34	(at logger.py:129) 
2019-02-12 21:27:06,492 [D] ┌:F:n:WD_2:mbe.c:34	(at logger.py:129) 
2019-02-12 21:27:06,492 [D] └:F:n:WD_2:mbe.c:33	(at logger.py:129) 
2019-02-12 21:27:06,493 [D] ┌:F:n:WD_3:mbe.c:34	(at logger.py:129) 
2019-02-12 21:27:06,493 [D] |:F:n:WD_3:mbe.c:33	(at logger.py:129) 
2019-02-12 21:27:06,493 [D] └:F:n:WD_3:mbe.c:32	(at logger.py:129) 
2019-02-12 21:27:06,493 [D] -:C:c:WD_1:mbe.c:33	(at logger.py:129) 
2019-02-12 21:27:06,493 [D] ┌:C:c:WD_2:mbe.c:33	(at logger.py:129) 
2019-02-12 21:27:06,493 [D] └:C:c:WD_2:mbe.c:32	(at logger.py:129) 
2019-02-12 21:27:06,493 [D] ┌:F:n:WD_3:mbe.c:33	(at logger.py:129) 
2019-02-12 21:27:06,493 [D] |:F:n:WD_3:mbe.c:32	(at logger.py:129) 
2019-02-12 21:27:06,493 [D] └:F:n:WD_3:mbe.c:31	(at logger.py:129) 
2019-02-12 21:27:06,493 [D] -:C:c:WD_1:mbe.c:32	(at logger.py:129) 
2019-02-12 21:27:06,493 [D] ┌:F:n:WD_2:mbe.c:32	(at logger.py:129) 
2019-02-12 21:27:06,493 [D] └:F:n:WD_2:mbe.c:31	(at logger.py:129) 
2019-02-12 21:27:06,494 [D] ┌:F:n:WD_3:mbe.c:32	(at logger.py:129) 
2019-02-12 21:27:06,494 [D] |:F:n:WD_3:mbe.c:31	(at logger.py:129) 
2019-02-12 21:27:06,494 [D] └:F:n:WD_3:mbe.c:30	(at logger.py:129) 
2019-02-12 21:27:06,494 [D] -:F:n:WD_1:mbe.c:31	(at logger.py:129) 
2019-02-12 21:27:06,494 [D] ┌:F:n:WD_2:mbe.c:31	(at logger.py:129) 
2019-02-12 21:27:06,494 [D] └:F:n:WD_2:mbe.c:30	(at logger.py:129) 
2019-02-12 21:27:06,494 [D] ┌:C:c:WD_3:mbe.c:31	(at logger.py:129) 
2019-02-12 21:27:06,494 [D] |:C:c:WD_3:mbe.c:30	(at logger.py:129) 
2019-02-12 21:27:06,494 [D] └:C:c:WD_3:mbe.c:29	(at logger.py:129) 
2019-02-12 21:27:06,494 [D] -:C:c:WD_1:mbe.c:30	(at logger.py:129) 
2019-02-12 21:27:06,494 [D] ┌:F:n:WD_2:mbe.c:30	(at logger.py:129) 
2019-02-12 21:27:06,495 [D] └:F:n:WD_2:mbe.c:29	(at logger.py:129) 
2019-02-12 21:27:06,495 [D] ┌:F:n:WD_3:mbe.c:30	(at logger.py:129) 
2019-02-12 21:27:06,495 [D] |:F:n:WD_3:mbe.c:29	(at logger.py:129) 
2019-02-12 21:27:06,495 [D] └:F:n:WD_3:mbe.c:28	(at logger.py:129) 
2019-02-12 21:27:06,495 [D] -:F:n:WD_1:mbe.c:29	(at logger.py:129) 
2019-02-12 21:27:06,495 [D] ┌:F:n:WD_2:mbe.c:29	(at logger.py:129) 
2019-02-12 21:27:06,495 [D] └:F:n:WD_2:mbe.c:28	(at logger.py:129) 
2019-02-12 21:27:06,495 [D] ┌:F:n:WD_3:mbe.c:29	(at logger.py:129) 
2019-02-12 21:27:06,495 [D] |:F:n:WD_3:mbe.c:28	(at logger.py:129) 
2019-02-12 21:27:06,495 [D] └:F:n:WD_3:mbe.c:27	(at logger.py:129) 
2019-02-12 21:27:06,495 [D] -:C:c:WD_1:mbe.c:28	(at logger.py:129) 
2019-02-12 21:27:06,496 [D] ┌:F:n:WD_2:mbe.c:28	(at logger.py:129) 
2019-02-12 21:27:06,496 [D] └:F:n:WD_2:mbe.c:27	(at logger.py:129) 
2019-02-12 21:27:06,496 [D] ┌:F:n:WD_3:mbe.c:28	(at logger.py:129) 
2019-02-12 21:27:06,496 [D] |:F:n:WD_3:mbe.c:27	(at logger.py:129) 
2019-02-12 21:27:06,496 [D] └:F:n:WD_3:mbe.c:26	(at logger.py:129) 
2019-02-12 21:27:06,496 [D] -:F:n:WD_1:mbe.c:27	(at logger.py:129) 
2019-02-12 21:27:06,496 [D] ┌:F:n:WD_2:mbe.c:27	(at logger.py:129) 
2019-02-12 21:27:06,496 [D] └:F:n:WD_2:mbe.c:26	(at logger.py:129) 
2019-02-12 21:27:06,496 [D] ┌:F:n:WD_3:mbe.c:27	(at logger.py:129) 
2019-02-12 21:27:06,496 [D] |:F:n:WD_3:mbe.c:26	(at logger.py:129) 
2019-02-12 21:27:06,496 [D] └:F:n:WD_3:mbe.c:25	(at logger.py:129) 
2019-02-12 21:27:06,496 [D] -:F:n:WD_1:mbe.c:26	(at logger.py:129) 
2019-02-12 21:27:06,497 [D] ┌:F:n:WD_2:mbe.c:26	(at logger.py:129) 
2019-02-12 21:27:06,497 [D] └:F:n:WD_2:mbe.c:25	(at logger.py:129) 
2019-02-12 21:27:06,497 [D] ┌:F:n:WD_3:mbe.c:26	(at logger.py:129) 
2019-02-12 21:27:06,497 [D] |:F:n:WD_3:mbe.c:25	(at logger.py:129) 
2019-02-12 21:27:06,497 [D] └:F:n:WD_3:mbe.c:24	(at logger.py:129) 
2019-02-12 21:27:06,497 [D] -:F:n:WD_1:mbe.c:25	(at logger.py:129) 
2019-02-12 21:27:06,497 [D] ┌:F:n:WD_2:mbe.c:25	(at logger.py:129) 
2019-02-12 21:27:06,497 [D] └:F:n:WD_2:mbe.c:24	(at logger.py:129) 
2019-02-12 21:27:06,497 [D] ┌:F:n:WD_3:mbe.c:25	(at logger.py:129) 
2019-02-12 21:27:06,497 [D] |:F:n:WD_3:mbe.c:24	(at logger.py:129) 
2019-02-12 21:27:06,498 [D] └:F:n:WD_3:mbe.c:23	(at logger.py:129) 
2019-02-12 21:27:06,498 [D] -:C:c:WD_1:mbe.c:24	(at logger.py:129) 
2019-02-12 21:27:06,498 [D] ┌:C:c:WD_2:mbe.c:24	(at logger.py:129) 
2019-02-12 21:27:06,498 [D] └:C:c:WD_2:mbe.c:23	(at logger.py:129) 
2019-02-12 21:27:06,498 [D] ┌:C:c:WD_3:mbe.c:24	(at logger.py:129) 
2019-02-12 21:27:06,498 [D] |:C:c:WD_3:mbe.c:23	(at logger.py:129) 
2019-02-12 21:27:06,498 [D] └:C:c:WD_3:mbe.c:20	(at logger.py:129) 
2019-02-12 21:27:06,498 [D] -:C:c:WD_1:mbe.c:23	(at logger.py:129) 
2019-02-12 21:27:06,498 [D] ┌:C:c:WD_2:mbe.c:23	(at logger.py:129) 
2019-02-12 21:27:06,498 [D] └:C:c:WD_2:mbe.c:20	(at logger.py:129) 
2019-02-12 21:27:06,498 [D] ┌:C:c:WD_3:mbe.c:23	(at logger.py:129) 
2019-02-12 21:27:06,499 [D] |:C:c:WD_3:mbe.c:20	(at logger.py:129) 
2019-02-12 21:27:06,499 [D] └:C:c:WD_3:mbe.c:19	(at logger.py:129) 
2019-02-12 21:27:06,499 [D]  : : :pass:mbe.c:22	(at logger.py:129) 
2019-02-12 21:27:06,499 [D]  : : :pass:mbe.c:21	(at logger.py:129) 
2019-02-12 21:27:06,499 [D] -:C:c:WD_1:mbe.c:20	(at logger.py:129) 
2019-02-12 21:27:06,499 [D] ┌:C:c:WD_2:mbe.c:20	(at logger.py:129) 
2019-02-12 21:27:06,499 [D] └:C:c:WD_2:mbe.c:19	(at logger.py:129) 
2019-02-12 21:27:06,499 [D] ┌:F:n:WD_3:mbe.c:20	(at logger.py:129) 
2019-02-12 21:27:06,499 [D] |:F:n:WD_3:mbe.c:19	(at logger.py:129) 
2019-02-12 21:27:06,499 [D] └:F:n:WD_3:mbe.c:17	(at logger.py:129) 
2019-02-12 21:27:06,499 [D] -:C:c:WD_1:mbe.c:19	(at logger.py:129) 
2019-02-12 21:27:06,499 [D] ┌:F:n:WD_2:mbe.c:19	(at logger.py:129) 
2019-02-12 21:27:06,500 [D] └:F:n:WD_2:mbe.c:17	(at logger.py:129) 
2019-02-12 21:27:06,500 [D] ┌:F:n:WD_3:mbe.c:19	(at logger.py:129) 
2019-02-12 21:27:06,500 [D] |:F:n:WD_3:mbe.c:17	(at logger.py:129) 
2019-02-12 21:27:06,500 [D] └:F:n:WD_3:mbe.c:16	(at logger.py:129) 
2019-02-12 21:27:06,500 [D]  : : :pass:mbe.c:18	(at logger.py:129) 
2019-02-12 21:27:06,500 [D] -:F:n:WD_1:mbe.c:17	(at logger.py:129) 
2019-02-12 21:27:06,500 [D] ┌:F:n:WD_2:mbe.c:17	(at logger.py:129) 
2019-02-12 21:27:06,500 [D] └:F:n:WD_2:mbe.c:16	(at logger.py:129) 
2019-02-12 21:27:06,500 [D] ┌:F:n:WD_3:mbe.c:17	(at logger.py:129) 
2019-02-12 21:27:06,500 [D] |:F:n:WD_3:mbe.c:16	(at logger.py:129) 
2019-02-12 21:27:06,501 [D] └:F:n:WD_3:mbe.c:15	(at logger.py:129) 
2019-02-12 21:27:06,501 [D] -:F:n:WD_1:mbe.c:16	(at logger.py:129) 
2019-02-12 21:27:06,501 [D] ┌:F:n:WD_2:mbe.c:16	(at logger.py:129) 
2019-02-12 21:27:06,501 [D] └:F:n:WD_2:mbe.c:15	(at logger.py:129) 
2019-02-12 21:27:06,501 [D] ┌:F:n:WD_3:mbe.c:16	(at logger.py:129) 
2019-02-12 21:27:06,501 [D] |:F:n:WD_3:mbe.c:15	(at logger.py:129) 
2019-02-12 21:27:06,501 [D] └:F:n:WD_3:mbe.c:14	(at logger.py:129) 
2019-02-12 21:27:06,501 [D] -:F:n:WD_1:mbe.c:15	(at logger.py:129) 
2019-02-12 21:27:06,501 [D] ┌:F:n:WD_2:mbe.c:15	(at logger.py:129) 
2019-02-12 21:27:06,501 [D] └:F:n:WD_2:mbe.c:14	(at logger.py:129) 
2019-02-12 21:27:06,501 [D] ┌:F:n:WD_3:mbe.c:15	(at logger.py:129) 
2019-02-12 21:27:06,502 [D] |:F:n:WD_3:mbe.c:14	(at logger.py:129) 
2019-02-12 21:27:06,502 [D] └:F:n:WD_3:mbe.c:4	(at logger.py:129) 
2019-02-12 21:27:06,502 [D] -:F:n:WD_1:mbe.c:14	(at logger.py:129) 
2019-02-12 21:27:06,502 [D] ┌:F:n:WD_2:mbe.c:14	(at logger.py:129) 
2019-02-12 21:27:06,502 [D] └:F:n:WD_2:mbe.c:4	(at logger.py:129) 
2019-02-12 21:27:06,502 [D] ┌:F:n:WD_3:mbe.c:14	(at logger.py:129) 
2019-02-12 21:27:06,502 [D] └:F:n:WD_3:mbe.c:4	(at logger.py:129) 
2019-02-12 21:27:06,502 [D]  : : :pass:mbe.c:13	(at logger.py:129) 
2019-02-12 21:27:06,502 [D]  : : :pass:mbe.c:12	(at logger.py:129) 
2019-02-12 21:27:06,502 [D]  : : :pass:mbe.c:11	(at logger.py:129) 
2019-02-12 21:27:06,502 [D]  : : :pass:mbe.c:10	(at logger.py:129) 
2019-02-12 21:27:06,502 [D]  : : :pass:mbe.c:9	(at logger.py:129) 
2019-02-12 21:27:06,502 [D]  : : :pass:mbe.c:8	(at logger.py:129) 
2019-02-12 21:27:06,502 [D]  : : :pass:mbe.c:7	(at logger.py:129) 
2019-02-12 21:27:06,503 [D]  : : :pass:mbe.c:6	(at logger.py:129) 
2019-02-12 21:27:06,503 [D]  : : :pass:mbe.c:5	(at logger.py:129) 
2019-02-12 21:27:06,503 [D] -:F:n:WD_1:mbe.c:4	(at logger.py:129) 
2019-02-12 21:27:06,503 [D] -:F:n:WD_2:mbe.c:4	(at logger.py:129) 
2019-02-12 21:27:06,503 [D] -:F:n:WD_3:mbe.c:4	(at logger.py:129) 
2019-02-12 21:27:06,503 [D]  : : :pass:mbe.c:3	(at logger.py:129) 
2019-02-12 21:27:06,503 [D]  : : :pass:mbe.c:2	(at logger.py:129) 
2019-02-12 21:27:06,503 [D]  : : :pass:mbe.c:1	(at logger.py:129) 
2019-02-12 21:27:06,503 [D] comp_cached_cnt:84	(at logger.py:134) 
2019-02-12 21:27:06,503 [D] compile_cnt:60	(at logger.py:134) 
2019-02-12 21:27:06,503 [D] execute_cnt:5	(at logger.py:134) 
2019-02-12 21:27:06,503 [D] fail_del_cnt:23	(at logger.py:134) 
2019-02-12 21:27:06,503 [D] iter_idx:3	(at logger.py:134) 
2019-02-12 21:27:06,503 [D] reuse_cnt:18	(at logger.py:134) 
2019-02-12 21:27:06,504 [D] succ_del_cnt:0	(at logger.py:134) 
2019-02-12 21:27:06,504 [D] time:2.3971354961395264	(at logger.py:134) 
2019-02-12 21:27:06,504 [D] deletion:33	(at logger.py:136) 
