2019-03-02 02:04:47,299 [D] -:F:n:WD_1:mug.c:63	(at logger.py:129) 
2019-03-02 02:04:47,312 [D] ┌:F:n:WD_2:mug.c:63	(at logger.py:129) 
2019-03-02 02:04:47,312 [D] └:F:n:WD_2:mug.c:61	(at logger.py:129) 
2019-03-02 02:04:47,354 [D] ┌:P:n:WD_3:mug.c:63	(at logger.py:129) 
2019-03-02 02:04:47,354 [D] |:P:n:WD_3:mug.c:61	(at logger.py:129) 
2019-03-02 02:04:47,354 [D] └:P:n:WD_3:mug.c:60	(at logger.py:129) 
2019-03-02 02:04:47,354 [D]  : : :pass:mug.c:62	(at logger.py:129) 
2019-03-02 02:04:47,354 [D]  : : :pass:mug.c:61	(at logger.py:129) 
2019-03-02 02:04:47,354 [D]  : : :pass:mug.c:60	(at logger.py:129) 
2019-03-02 02:04:47,366 [D] -:F:n:WD_1:mug.c:59	(at logger.py:129) 
2019-03-02 02:04:47,377 [D] ┌:F:n:WD_2:mug.c:59	(at logger.py:129) 
2019-03-02 02:04:47,377 [D] └:F:n:WD_2:mug.c:57	(at logger.py:129) 
2019-03-02 02:04:47,417 [D] ┌:P:n:WD_3:mug.c:59	(at logger.py:129) 
2019-03-02 02:04:47,417 [D] |:P:n:WD_3:mug.c:57	(at logger.py:129) 
2019-03-02 02:04:47,417 [D] └:P:n:WD_3:mug.c:56	(at logger.py:129) 
2019-03-02 02:04:47,417 [D]  : : :pass:mug.c:58	(at logger.py:129) 
2019-03-02 02:04:47,417 [D]  : : :pass:mug.c:57	(at logger.py:129) 
2019-03-02 02:04:47,417 [D]  : : :pass:mug.c:56	(at logger.py:129) 
2019-03-02 02:04:47,429 [D] -:F:n:WD_1:mug.c:55	(at logger.py:129) 
2019-03-02 02:04:47,441 [D] ┌:F:n:WD_2:mug.c:55	(at logger.py:129) 
2019-03-02 02:04:47,442 [D] └:F:n:WD_2:mug.c:54	(at logger.py:129) 
2019-03-02 02:04:47,451 [D] ┌:F:n:WD_3:mug.c:55	(at logger.py:129) 
2019-03-02 02:04:47,452 [D] |:F:n:WD_3:mug.c:54	(at logger.py:129) 
2019-03-02 02:04:47,452 [D] └:F:n:WD_3:mug.c:53	(at logger.py:129) 
2019-03-02 02:04:47,500 [D] -:P:n:WD_1:mug.c:54	(at logger.py:129) 
2019-03-02 02:04:47,515 [D] -:F:n:WD_1:mug.c:53	(at logger.py:129) 
2019-03-02 02:04:47,527 [D] ┌:F:n:WD_2:mug.c:53	(at logger.py:129) 
2019-03-02 02:04:47,527 [D] └:F:n:WD_2:mug.c:52	(at logger.py:129) 
2019-03-02 02:04:47,562 [D] ┌:F:n:WD_3:mug.c:53	(at logger.py:129) 
2019-03-02 02:04:47,562 [D] |:F:n:WD_3:mug.c:52	(at logger.py:129) 
2019-03-02 02:04:47,562 [D] └:F:n:WD_3:mug.c:51	(at logger.py:129) 
2019-03-02 02:04:47,574 [D] -:F:n:WD_1:mug.c:52	(at logger.py:129) 
2019-03-02 02:04:47,585 [D] ┌:F:n:WD_2:mug.c:52	(at logger.py:129) 
2019-03-02 02:04:47,585 [D] └:F:n:WD_2:mug.c:51	(at logger.py:129) 
2019-03-02 02:04:47,598 [D] ┌:F:n:WD_3:mug.c:52	(at logger.py:129) 
2019-03-02 02:04:47,598 [D] |:F:n:WD_3:mug.c:51	(at logger.py:129) 
2019-03-02 02:04:47,598 [D] └:F:n:WD_3:mug.c:50	(at logger.py:129) 
2019-03-02 02:04:47,612 [D] -:F:n:WD_1:mug.c:51	(at logger.py:129) 
2019-03-02 02:04:47,623 [D] ┌:F:n:WD_2:mug.c:51	(at logger.py:129) 
2019-03-02 02:04:47,623 [D] └:F:n:WD_2:mug.c:50	(at logger.py:129) 
2019-03-02 02:04:47,634 [D] ┌:F:n:WD_3:mug.c:51	(at logger.py:129) 
2019-03-02 02:04:47,634 [D] |:F:n:WD_3:mug.c:50	(at logger.py:129) 
2019-03-02 02:04:47,635 [D] └:F:n:WD_3:mug.c:44	(at logger.py:129) 
2019-03-02 02:04:47,648 [D] -:F:n:WD_1:mug.c:50	(at logger.py:129) 
2019-03-02 02:04:47,679 [D] ┌:P:c:WD_2:mug.c:50	(at logger.py:129) 
2019-03-02 02:04:47,679 [D] └:P:c:WD_2:mug.c:44	(at logger.py:129) 
2019-03-02 02:04:47,679 [D]  : : :pass:mug.c:49	(at logger.py:129) 
2019-03-02 02:04:47,680 [D]  : : :pass:mug.c:48	(at logger.py:129) 
2019-03-02 02:04:47,680 [D]  : : :pass:mug.c:47	(at logger.py:129) 
2019-03-02 02:04:47,680 [D]  : : :pass:mug.c:46	(at logger.py:129) 
2019-03-02 02:04:47,680 [D]  : : :pass:mug.c:45	(at logger.py:129) 
2019-03-02 02:04:47,680 [D]  : : :pass:mug.c:44	(at logger.py:129) 
2019-03-02 02:04:47,680 [D]  : : :pass:mug.c:43	(at logger.py:129) 
2019-03-02 02:04:47,690 [D] -:F:n:WD_1:mug.c:42	(at logger.py:129) 
2019-03-02 02:04:47,701 [D] ┌:F:n:WD_2:mug.c:42	(at logger.py:129) 
2019-03-02 02:04:47,701 [D] └:F:n:WD_2:mug.c:41	(at logger.py:129) 
2019-03-02 02:04:47,746 [D] ┌:P:n:WD_3:mug.c:42	(at logger.py:129) 
2019-03-02 02:04:47,746 [D] |:P:n:WD_3:mug.c:41	(at logger.py:129) 
2019-03-02 02:04:47,746 [D] └:P:n:WD_3:mug.c:40	(at logger.py:129) 
2019-03-02 02:04:47,747 [D]  : : :pass:mug.c:41	(at logger.py:129) 
2019-03-02 02:04:47,747 [D]  : : :pass:mug.c:40	(at logger.py:129) 
2019-03-02 02:04:47,757 [D] -:F:n:WD_1:mug.c:39	(at logger.py:129) 
2019-03-02 02:04:47,790 [D] ┌:P:c:WD_2:mug.c:39	(at logger.py:129) 
2019-03-02 02:04:47,791 [D] └:P:c:WD_2:mug.c:33	(at logger.py:129) 
2019-03-02 02:04:47,791 [D]  : : :pass:mug.c:38	(at logger.py:129) 
2019-03-02 02:04:47,791 [D]  : : :pass:mug.c:37	(at logger.py:129) 
2019-03-02 02:04:47,791 [D]  : : :pass:mug.c:36	(at logger.py:129) 
2019-03-02 02:04:47,791 [D]  : : :pass:mug.c:35	(at logger.py:129) 
2019-03-02 02:04:47,791 [D]  : : :pass:mug.c:34	(at logger.py:129) 
2019-03-02 02:04:47,791 [D]  : : :pass:mug.c:33	(at logger.py:129) 
2019-03-02 02:04:47,791 [D]  : : :pass:mug.c:32	(at logger.py:129) 
2019-03-02 02:04:47,828 [D] -:F:n:WD_1:mug.c:31	(at logger.py:129) 
2019-03-02 02:04:47,855 [D] ┌:F:n:WD_2:mug.c:31	(at logger.py:129) 
2019-03-02 02:04:47,855 [D] └:F:n:WD_2:mug.c:30	(at logger.py:129) 
2019-03-02 02:04:47,900 [D] ┌:P:n:WD_3:mug.c:31	(at logger.py:129) 
2019-03-02 02:04:47,900 [D] |:P:n:WD_3:mug.c:30	(at logger.py:129) 
2019-03-02 02:04:47,900 [D] └:P:n:WD_3:mug.c:29	(at logger.py:129) 
2019-03-02 02:04:47,900 [D]  : : :pass:mug.c:30	(at logger.py:129) 
2019-03-02 02:04:47,900 [D]  : : :pass:mug.c:29	(at logger.py:129) 
2019-03-02 02:04:47,900 [D]  : : :pass:mug.c:28	(at logger.py:129) 
2019-03-02 02:04:47,914 [D] -:F:n:WD_1:mug.c:27	(at logger.py:129) 
2019-03-02 02:04:47,926 [D] ┌:F:n:WD_2:mug.c:27	(at logger.py:129) 
2019-03-02 02:04:47,926 [D] └:F:n:WD_2:mug.c:26	(at logger.py:129) 
2019-03-02 02:04:47,935 [D] ┌:F:n:WD_3:mug.c:27	(at logger.py:129) 
2019-03-02 02:04:47,936 [D] |:F:n:WD_3:mug.c:26	(at logger.py:129) 
2019-03-02 02:04:47,936 [D] └:F:n:WD_3:mug.c:25	(at logger.py:129) 
2019-03-02 02:04:47,982 [D] -:P:n:WD_1:mug.c:26	(at logger.py:129) 
2019-03-02 02:04:47,994 [D] -:F:n:WD_1:mug.c:25	(at logger.py:129) 
2019-03-02 02:04:48,025 [D] ┌:P:c:WD_2:mug.c:25	(at logger.py:129) 
2019-03-02 02:04:48,025 [D] └:P:c:WD_2:mug.c:22	(at logger.py:129) 
2019-03-02 02:04:48,025 [D]  : : :pass:mug.c:24	(at logger.py:129) 
2019-03-02 02:04:48,026 [D]  : : :pass:mug.c:23	(at logger.py:129) 
2019-03-02 02:04:48,026 [D]  : : :pass:mug.c:22	(at logger.py:129) 
2019-03-02 02:04:48,026 [D]  : : :pass:mug.c:21	(at logger.py:129) 
2019-03-02 02:04:48,035 [D] -:F:n:WD_1:mug.c:20	(at logger.py:129) 
2019-03-02 02:04:48,049 [D] ┌:F:n:WD_2:mug.c:20	(at logger.py:129) 
2019-03-02 02:04:48,049 [D] └:F:n:WD_2:mug.c:17	(at logger.py:129) 
2019-03-02 02:04:48,061 [D] ┌:F:n:WD_3:mug.c:20	(at logger.py:129) 
2019-03-02 02:04:48,061 [D] |:F:n:WD_3:mug.c:17	(at logger.py:129) 
2019-03-02 02:04:48,062 [D] └:F:n:WD_3:mug.c:13	(at logger.py:129) 
2019-03-02 02:04:48,062 [D]  : : :pass:mug.c:19	(at logger.py:129) 
2019-03-02 02:04:48,062 [D]  : : :pass:mug.c:18	(at logger.py:129) 
2019-03-02 02:04:48,101 [D] -:C:n:WD_1:mug.c:17	(at logger.py:129) 
2019-03-02 02:04:48,136 [D] ┌:C:c:WD_2:mug.c:17	(at logger.py:129) 
2019-03-02 02:04:48,136 [D] └:C:c:WD_2:mug.c:13	(at logger.py:129) 
2019-03-02 02:04:48,166 [D] ┌:C:c:WD_3:mug.c:17	(at logger.py:129) 
2019-03-02 02:04:48,166 [D] |:C:c:WD_3:mug.c:13	(at logger.py:129) 
2019-03-02 02:04:48,166 [D] └:C:c:WD_3:mug.c:11	(at logger.py:129) 
2019-03-02 02:04:48,166 [D]  : : :pass:mug.c:16	(at logger.py:129) 
2019-03-02 02:04:48,166 [D]  : : :pass:mug.c:15	(at logger.py:129) 
2019-03-02 02:04:48,166 [D]  : : :pass:mug.c:14	(at logger.py:129) 
2019-03-02 02:04:48,179 [D] -:F:n:WD_1:mug.c:13	(at logger.py:129) 
2019-03-02 02:04:48,190 [D] ┌:F:n:WD_2:mug.c:13	(at logger.py:129) 
2019-03-02 02:04:48,190 [D] └:F:n:WD_2:mug.c:11	(at logger.py:129) 
2019-03-02 02:04:48,201 [D] ┌:F:n:WD_3:mug.c:13	(at logger.py:129) 
2019-03-02 02:04:48,201 [D] |:F:n:WD_3:mug.c:11	(at logger.py:129) 
2019-03-02 02:04:48,201 [D] └:F:n:WD_3:mug.c:10	(at logger.py:129) 
2019-03-02 02:04:48,201 [D]  : : :pass:mug.c:12	(at logger.py:129) 
2019-03-02 02:04:48,234 [D] -:P:c:WD_1:mug.c:11	(at logger.py:129) 
2019-03-02 02:04:48,248 [D] -:F:n:WD_1:mug.c:10	(at logger.py:129) 
2019-03-02 02:04:48,259 [D] ┌:F:n:WD_2:mug.c:10	(at logger.py:129) 
2019-03-02 02:04:48,259 [D] └:F:n:WD_2:mug.c:9	(at logger.py:129) 
2019-03-02 02:04:48,270 [D] ┌:F:n:WD_3:mug.c:10	(at logger.py:129) 
2019-03-02 02:04:48,270 [D] |:F:n:WD_3:mug.c:9	(at logger.py:129) 
2019-03-02 02:04:48,270 [D] └:F:n:WD_3:mug.c:3	(at logger.py:129) 
2019-03-02 02:04:48,283 [D] -:F:n:WD_1:mug.c:9	(at logger.py:129) 
2019-03-02 02:04:48,295 [D] ┌:F:n:WD_2:mug.c:9	(at logger.py:129) 
2019-03-02 02:04:48,295 [D] └:F:n:WD_2:mug.c:3	(at logger.py:129) 
2019-03-02 02:04:48,295 [D] ┌:F:n:WD_3:mug.c:9	(at logger.py:129) 
2019-03-02 02:04:48,295 [D] └:F:n:WD_3:mug.c:3	(at logger.py:129) 
2019-03-02 02:04:48,295 [D]  : : :pass:mug.c:8	(at logger.py:129) 
2019-03-02 02:04:48,295 [D]  : : :pass:mug.c:7	(at logger.py:129) 
2019-03-02 02:04:48,295 [D]  : : :pass:mug.c:6	(at logger.py:129) 
2019-03-02 02:04:48,296 [D]  : : :pass:mug.c:5	(at logger.py:129) 
2019-03-02 02:04:48,296 [D]  : : :pass:mug.c:4	(at logger.py:129) 
2019-03-02 02:04:48,327 [D] -:P:c:WD_1:mug.c:3	(at logger.py:129) 
2019-03-02 02:04:48,327 [D]  : : :pass:mug.c:2	(at logger.py:129) 
2019-03-02 02:04:48,327 [D]  : : :pass:mug.c:1	(at logger.py:129) 
2019-03-02 02:04:48,327 [D] comp_cached_cnt:1	(at logger.py:134) 
2019-03-02 02:04:48,327 [D] compile_cnt:51	(at logger.py:134) 
2019-03-02 02:04:48,327 [D] execute_cnt:7	(at logger.py:134) 
2019-03-02 02:04:48,327 [D] fail_del_cnt:3	(at logger.py:134) 
2019-03-02 02:04:48,327 [D] iter_idx:2	(at logger.py:134) 
2019-03-02 02:04:48,327 [D] reuse_cnt:7	(at logger.py:134) 
2019-03-02 02:04:48,327 [D] succ_del_cnt:11	(at logger.py:134) 
2019-03-02 02:04:48,327 [D] time:1.037839651107788	(at logger.py:134) 
2019-03-02 02:04:48,327 [D] deletion:53	(at logger.py:136) 
