2019-02-12 22:35:56,658 [D] -:F:n:WD_1:mbe.c:79	(at logger.py:129) 
2019-02-12 22:35:56,673 [D] ┌:F:n:WD_2:mbe.c:79	(at logger.py:129) 
2019-02-12 22:35:56,674 [D] └:F:n:WD_2:mbe.c:78	(at logger.py:129) 
2019-02-12 22:35:56,689 [D] ┌:F:n:WD_3:mbe.c:79	(at logger.py:129) 
2019-02-12 22:35:56,689 [D] |:F:n:WD_3:mbe.c:78	(at logger.py:129) 
2019-02-12 22:35:56,689 [D] └:F:n:WD_3:mbe.c:77	(at logger.py:129) 
2019-02-12 22:35:56,734 [D] -:P:n:WD_1:mbe.c:78	(at logger.py:129) 
2019-02-12 22:35:56,751 [D] -:F:n:WD_1:mbe.c:77	(at logger.py:129) 
2019-02-12 22:35:56,767 [D] ┌:F:n:WD_2:mbe.c:77	(at logger.py:129) 
2019-02-12 22:35:56,767 [D] └:F:n:WD_2:mbe.c:76	(at logger.py:129) 
2019-02-12 22:35:56,785 [D] ┌:F:n:WD_3:mbe.c:77	(at logger.py:129) 
2019-02-12 22:35:56,785 [D] |:F:n:WD_3:mbe.c:76	(at logger.py:129) 
2019-02-12 22:35:56,785 [D] └:F:n:WD_3:mbe.c:75	(at logger.py:129) 
2019-02-12 22:35:56,799 [D] -:F:n:WD_1:mbe.c:76	(at logger.py:129) 
2019-02-12 22:35:56,815 [D] ┌:F:n:WD_2:mbe.c:76	(at logger.py:129) 
2019-02-12 22:35:56,815 [D] └:F:n:WD_2:mbe.c:75	(at logger.py:129) 
2019-02-12 22:35:56,829 [D] ┌:F:n:WD_3:mbe.c:76	(at logger.py:129) 
2019-02-12 22:35:56,829 [D] |:F:n:WD_3:mbe.c:75	(at logger.py:129) 
2019-02-12 22:35:56,829 [D] └:F:n:WD_3:mbe.c:74	(at logger.py:129) 
2019-02-12 22:35:56,861 [D] -:P:c:WD_1:mbe.c:75	(at logger.py:129) 
2019-02-12 22:35:56,875 [D] -:F:n:WD_1:mbe.c:74	(at logger.py:129) 
2019-02-12 22:35:56,889 [D] ┌:F:n:WD_2:mbe.c:74	(at logger.py:129) 
2019-02-12 22:35:56,889 [D] └:F:n:WD_2:mbe.c:73	(at logger.py:129) 
2019-02-12 22:35:56,903 [D] ┌:F:n:WD_3:mbe.c:74	(at logger.py:129) 
2019-02-12 22:35:56,903 [D] |:F:n:WD_3:mbe.c:73	(at logger.py:129) 
2019-02-12 22:35:56,903 [D] └:F:n:WD_3:mbe.c:72	(at logger.py:129) 
2019-02-12 22:35:57,940 [D] -:C:n:WD_1:mbe.c:73	(at logger.py:129) 
2019-02-12 22:35:57,955 [D] ┌:F:n:WD_2:mbe.c:73	(at logger.py:129) 
2019-02-12 22:35:57,955 [D] └:F:n:WD_2:mbe.c:72	(at logger.py:129) 
2019-02-12 22:35:57,973 [D] ┌:F:n:WD_3:mbe.c:73	(at logger.py:129) 
2019-02-12 22:35:57,973 [D] |:F:n:WD_3:mbe.c:72	(at logger.py:129) 
2019-02-12 22:35:57,973 [D] └:F:n:WD_3:mbe.c:71	(at logger.py:129) 
2019-02-12 22:35:57,990 [D] -:F:n:WD_1:mbe.c:72	(at logger.py:129) 
2019-02-12 22:35:58,009 [D] ┌:F:n:WD_2:mbe.c:72	(at logger.py:129) 
2019-02-12 22:35:58,010 [D] └:F:n:WD_2:mbe.c:71	(at logger.py:129) 
2019-02-12 22:35:58,026 [D] ┌:F:n:WD_3:mbe.c:72	(at logger.py:129) 
2019-02-12 22:35:58,026 [D] |:F:n:WD_3:mbe.c:71	(at logger.py:129) 
2019-02-12 22:35:58,026 [D] └:F:n:WD_3:mbe.c:70	(at logger.py:129) 
2019-02-12 22:35:58,042 [D] -:F:n:WD_1:mbe.c:71	(at logger.py:129) 
2019-02-12 22:35:58,058 [D] ┌:F:n:WD_2:mbe.c:71	(at logger.py:129) 
2019-02-12 22:35:58,059 [D] └:F:n:WD_2:mbe.c:70	(at logger.py:129) 
2019-02-12 22:35:58,079 [D] ┌:F:n:WD_3:mbe.c:71	(at logger.py:129) 
2019-02-12 22:35:58,079 [D] |:F:n:WD_3:mbe.c:70	(at logger.py:129) 
2019-02-12 22:35:58,079 [D] └:F:n:WD_3:mbe.c:69	(at logger.py:129) 
2019-02-12 22:35:58,117 [D] -:P:c:WD_1:mbe.c:70	(at logger.py:129) 
2019-02-12 22:35:58,135 [D] -:F:n:WD_1:mbe.c:69	(at logger.py:129) 
2019-02-12 22:35:58,152 [D] ┌:F:n:WD_2:mbe.c:69	(at logger.py:129) 
2019-02-12 22:35:58,152 [D] └:F:n:WD_2:mbe.c:68	(at logger.py:129) 
2019-02-12 22:35:58,171 [D] ┌:F:n:WD_3:mbe.c:69	(at logger.py:129) 
2019-02-12 22:35:58,171 [D] |:F:n:WD_3:mbe.c:68	(at logger.py:129) 
2019-02-12 22:35:58,171 [D] └:F:n:WD_3:mbe.c:67	(at logger.py:129) 
2019-02-12 22:35:58,232 [D] -:C:n:WD_1:mbe.c:68	(at logger.py:129) 
2019-02-12 22:35:58,251 [D] ┌:F:n:WD_2:mbe.c:68	(at logger.py:129) 
2019-02-12 22:35:58,251 [D] └:F:n:WD_2:mbe.c:67	(at logger.py:129) 
2019-02-12 22:35:58,274 [D] ┌:F:n:WD_3:mbe.c:68	(at logger.py:129) 
2019-02-12 22:35:58,274 [D] |:F:n:WD_3:mbe.c:67	(at logger.py:129) 
2019-02-12 22:35:58,274 [D] └:F:n:WD_3:mbe.c:66	(at logger.py:129) 
2019-02-12 22:35:58,292 [D] -:F:n:WD_1:mbe.c:67	(at logger.py:129) 
2019-02-12 22:35:58,310 [D] ┌:F:n:WD_2:mbe.c:67	(at logger.py:129) 
2019-02-12 22:35:58,310 [D] └:F:n:WD_2:mbe.c:66	(at logger.py:129) 
2019-02-12 22:35:58,328 [D] ┌:F:n:WD_3:mbe.c:67	(at logger.py:129) 
2019-02-12 22:35:58,328 [D] |:F:n:WD_3:mbe.c:66	(at logger.py:129) 
2019-02-12 22:35:58,328 [D] └:F:n:WD_3:mbe.c:65	(at logger.py:129) 
2019-02-12 22:35:58,344 [D] -:F:n:WD_1:mbe.c:66	(at logger.py:129) 
2019-02-12 22:35:58,361 [D] ┌:F:n:WD_2:mbe.c:66	(at logger.py:129) 
2019-02-12 22:35:58,361 [D] └:F:n:WD_2:mbe.c:65	(at logger.py:129) 
2019-02-12 22:35:58,380 [D] ┌:F:n:WD_3:mbe.c:66	(at logger.py:129) 
2019-02-12 22:35:58,380 [D] |:F:n:WD_3:mbe.c:65	(at logger.py:129) 
2019-02-12 22:35:58,380 [D] └:F:n:WD_3:mbe.c:64	(at logger.py:129) 
2019-02-12 22:35:58,419 [D] -:P:c:WD_1:mbe.c:65	(at logger.py:129) 
2019-02-12 22:35:58,433 [D] -:F:n:WD_1:mbe.c:64	(at logger.py:129) 
2019-02-12 22:35:58,449 [D] ┌:F:n:WD_2:mbe.c:64	(at logger.py:129) 
2019-02-12 22:35:58,449 [D] └:F:n:WD_2:mbe.c:63	(at logger.py:129) 
2019-02-12 22:35:58,465 [D] ┌:F:n:WD_3:mbe.c:64	(at logger.py:129) 
2019-02-12 22:35:58,465 [D] |:F:n:WD_3:mbe.c:63	(at logger.py:129) 
2019-02-12 22:35:58,465 [D] └:F:n:WD_3:mbe.c:62	(at logger.py:129) 
2019-02-12 22:35:58,518 [D] -:C:n:WD_1:mbe.c:63	(at logger.py:129) 
2019-02-12 22:35:59,559 [D] ┌:C:n:WD_2:mbe.c:63	(at logger.py:129) 
2019-02-12 22:35:59,559 [D] └:C:n:WD_2:mbe.c:62	(at logger.py:129) 
2019-02-12 22:35:59,593 [D] ┌:C:c:WD_3:mbe.c:63	(at logger.py:129) 
2019-02-12 22:35:59,593 [D] |:C:c:WD_3:mbe.c:62	(at logger.py:129) 
2019-02-12 22:35:59,593 [D] └:C:c:WD_3:mbe.c:61	(at logger.py:129) 
2019-02-12 22:35:59,637 [D] -:C:n:WD_1:mbe.c:62	(at logger.py:129) 
2019-02-12 22:35:59,672 [D] ┌:C:c:WD_2:mbe.c:62	(at logger.py:129) 
2019-02-12 22:35:59,672 [D] └:C:c:WD_2:mbe.c:61	(at logger.py:129) 
2019-02-12 22:35:59,688 [D] ┌:F:n:WD_3:mbe.c:62	(at logger.py:129) 
2019-02-12 22:35:59,689 [D] |:F:n:WD_3:mbe.c:61	(at logger.py:129) 
2019-02-12 22:35:59,689 [D] └:F:n:WD_3:mbe.c:60	(at logger.py:129) 
2019-02-12 22:35:59,727 [D] -:P:c:WD_1:mbe.c:61	(at logger.py:129) 
2019-02-12 22:35:59,742 [D] -:F:n:WD_1:mbe.c:60	(at logger.py:129) 
2019-02-12 22:35:59,757 [D] ┌:F:n:WD_2:mbe.c:60	(at logger.py:129) 
2019-02-12 22:35:59,757 [D] └:F:n:WD_2:mbe.c:59	(at logger.py:129) 
2019-02-12 22:35:59,777 [D] ┌:F:n:WD_3:mbe.c:60	(at logger.py:129) 
2019-02-12 22:35:59,777 [D] |:F:n:WD_3:mbe.c:59	(at logger.py:129) 
2019-02-12 22:35:59,777 [D] └:F:n:WD_3:mbe.c:58	(at logger.py:129) 
2019-02-12 22:35:59,795 [D] -:F:n:WD_1:mbe.c:59	(at logger.py:129) 
2019-02-12 22:35:59,815 [D] ┌:F:n:WD_2:mbe.c:59	(at logger.py:129) 
2019-02-12 22:35:59,815 [D] └:F:n:WD_2:mbe.c:58	(at logger.py:129) 
2019-02-12 22:35:59,832 [D] ┌:F:n:WD_3:mbe.c:59	(at logger.py:129) 
2019-02-12 22:35:59,832 [D] |:F:n:WD_3:mbe.c:58	(at logger.py:129) 
2019-02-12 22:35:59,832 [D] └:F:n:WD_3:mbe.c:57	(at logger.py:129) 
2019-02-12 22:35:59,866 [D] -:P:c:WD_1:mbe.c:58	(at logger.py:129) 
2019-02-12 22:35:59,881 [D] -:F:n:WD_1:mbe.c:57	(at logger.py:129) 
2019-02-12 22:35:59,901 [D] ┌:F:n:WD_2:mbe.c:57	(at logger.py:129) 
2019-02-12 22:35:59,901 [D] └:F:n:WD_2:mbe.c:56	(at logger.py:129) 
2019-02-12 22:35:59,917 [D] ┌:F:n:WD_3:mbe.c:57	(at logger.py:129) 
2019-02-12 22:35:59,917 [D] |:F:n:WD_3:mbe.c:56	(at logger.py:129) 
2019-02-12 22:35:59,917 [D] └:F:n:WD_3:mbe.c:55	(at logger.py:129) 
2019-02-12 22:36:00,959 [D] -:C:n:WD_1:mbe.c:56	(at logger.py:129) 
2019-02-12 22:36:00,995 [D] ┌:C:c:WD_2:mbe.c:56	(at logger.py:129) 
2019-02-12 22:36:00,995 [D] └:C:c:WD_2:mbe.c:55	(at logger.py:129) 
2019-02-12 22:36:01,013 [D] ┌:F:n:WD_3:mbe.c:56	(at logger.py:129) 
2019-02-12 22:36:01,013 [D] |:F:n:WD_3:mbe.c:55	(at logger.py:129) 
2019-02-12 22:36:01,013 [D] └:F:n:WD_3:mbe.c:54	(at logger.py:129) 
2019-02-12 22:36:01,049 [D] -:P:c:WD_1:mbe.c:55	(at logger.py:129) 
2019-02-12 22:36:01,068 [D] -:F:n:WD_1:mbe.c:54	(at logger.py:129) 
2019-02-12 22:36:01,084 [D] ┌:F:n:WD_2:mbe.c:54	(at logger.py:129) 
2019-02-12 22:36:01,084 [D] └:F:n:WD_2:mbe.c:53	(at logger.py:129) 
2019-02-12 22:36:01,144 [D] ┌:C:n:WD_3:mbe.c:54	(at logger.py:129) 
2019-02-12 22:36:01,144 [D] |:C:n:WD_3:mbe.c:53	(at logger.py:129) 
2019-02-12 22:36:01,144 [D] └:C:n:WD_3:mbe.c:52	(at logger.py:129) 
2019-02-12 22:36:01,188 [D] -:C:n:WD_1:mbe.c:53	(at logger.py:129) 
2019-02-12 22:36:01,202 [D] ┌:F:n:WD_2:mbe.c:53	(at logger.py:129) 
2019-02-12 22:36:01,203 [D] └:F:n:WD_2:mbe.c:52	(at logger.py:129) 
2019-02-12 22:36:01,218 [D] ┌:F:n:WD_3:mbe.c:53	(at logger.py:129) 
2019-02-12 22:36:01,219 [D] |:F:n:WD_3:mbe.c:52	(at logger.py:129) 
2019-02-12 22:36:01,219 [D] └:F:n:WD_3:mbe.c:51	(at logger.py:129) 
2019-02-12 22:36:01,233 [D] -:F:n:WD_1:mbe.c:52	(at logger.py:129) 
2019-02-12 22:36:01,249 [D] ┌:F:n:WD_2:mbe.c:52	(at logger.py:129) 
2019-02-12 22:36:01,249 [D] └:F:n:WD_2:mbe.c:51	(at logger.py:129) 
2019-02-12 22:36:01,270 [D] ┌:F:n:WD_3:mbe.c:52	(at logger.py:129) 
2019-02-12 22:36:01,270 [D] |:F:n:WD_3:mbe.c:51	(at logger.py:129) 
2019-02-12 22:36:01,270 [D] └:F:n:WD_3:mbe.c:50	(at logger.py:129) 
2019-02-12 22:36:02,325 [D] -:C:n:WD_1:mbe.c:51	(at logger.py:129) 
2019-02-12 22:36:02,342 [D] ┌:F:n:WD_2:mbe.c:51	(at logger.py:129) 
2019-02-12 22:36:02,342 [D] └:F:n:WD_2:mbe.c:50	(at logger.py:129) 
2019-02-12 22:36:02,358 [D] ┌:F:n:WD_3:mbe.c:51	(at logger.py:129) 
2019-02-12 22:36:02,359 [D] |:F:n:WD_3:mbe.c:50	(at logger.py:129) 
2019-02-12 22:36:02,359 [D] └:F:n:WD_3:mbe.c:49	(at logger.py:129) 
2019-02-12 22:36:02,376 [D] -:F:n:WD_1:mbe.c:50	(at logger.py:129) 
2019-02-12 22:36:02,393 [D] ┌:F:n:WD_2:mbe.c:50	(at logger.py:129) 
2019-02-12 22:36:02,394 [D] └:F:n:WD_2:mbe.c:49	(at logger.py:129) 
2019-02-12 22:36:02,410 [D] ┌:F:n:WD_3:mbe.c:50	(at logger.py:129) 
2019-02-12 22:36:02,410 [D] |:F:n:WD_3:mbe.c:49	(at logger.py:129) 
2019-02-12 22:36:02,410 [D] └:F:n:WD_3:mbe.c:48	(at logger.py:129) 
2019-02-12 22:36:02,427 [D] -:F:n:WD_1:mbe.c:49	(at logger.py:129) 
2019-02-12 22:36:02,443 [D] ┌:F:n:WD_2:mbe.c:49	(at logger.py:129) 
2019-02-12 22:36:02,443 [D] └:F:n:WD_2:mbe.c:48	(at logger.py:129) 
2019-02-12 22:36:02,458 [D] ┌:F:n:WD_3:mbe.c:49	(at logger.py:129) 
2019-02-12 22:36:02,458 [D] |:F:n:WD_3:mbe.c:48	(at logger.py:129) 
2019-02-12 22:36:02,459 [D] └:F:n:WD_3:mbe.c:47	(at logger.py:129) 
2019-02-12 22:36:02,496 [D] -:P:c:WD_1:mbe.c:48	(at logger.py:129) 
2019-02-12 22:36:02,514 [D] -:F:n:WD_1:mbe.c:47	(at logger.py:129) 
2019-02-12 22:36:02,529 [D] ┌:F:n:WD_2:mbe.c:47	(at logger.py:129) 
2019-02-12 22:36:02,529 [D] └:F:n:WD_2:mbe.c:46	(at logger.py:129) 
2019-02-12 22:36:02,544 [D] ┌:F:n:WD_3:mbe.c:47	(at logger.py:129) 
2019-02-12 22:36:02,544 [D] |:F:n:WD_3:mbe.c:46	(at logger.py:129) 
2019-02-12 22:36:02,544 [D] └:F:n:WD_3:mbe.c:45	(at logger.py:129) 
2019-02-12 22:36:02,561 [D] -:F:n:WD_1:mbe.c:46	(at logger.py:129) 
2019-02-12 22:36:02,577 [D] ┌:F:n:WD_2:mbe.c:46	(at logger.py:129) 
2019-02-12 22:36:02,577 [D] └:F:n:WD_2:mbe.c:45	(at logger.py:129) 
2019-02-12 22:36:02,594 [D] ┌:F:n:WD_3:mbe.c:46	(at logger.py:129) 
2019-02-12 22:36:02,594 [D] |:F:n:WD_3:mbe.c:45	(at logger.py:129) 
2019-02-12 22:36:02,594 [D] └:F:n:WD_3:mbe.c:44	(at logger.py:129) 
2019-02-12 22:36:03,654 [D] -:C:n:WD_1:mbe.c:45	(at logger.py:129) 
2019-02-12 22:36:03,669 [D] ┌:F:n:WD_2:mbe.c:45	(at logger.py:129) 
2019-02-12 22:36:03,669 [D] └:F:n:WD_2:mbe.c:44	(at logger.py:129) 
2019-02-12 22:36:03,684 [D] ┌:F:n:WD_3:mbe.c:45	(at logger.py:129) 
2019-02-12 22:36:03,685 [D] |:F:n:WD_3:mbe.c:44	(at logger.py:129) 
2019-02-12 22:36:03,685 [D] └:F:n:WD_3:mbe.c:43	(at logger.py:129) 
2019-02-12 22:36:03,699 [D] -:F:n:WD_1:mbe.c:44	(at logger.py:129) 
2019-02-12 22:36:03,714 [D] ┌:F:n:WD_2:mbe.c:44	(at logger.py:129) 
2019-02-12 22:36:03,714 [D] └:F:n:WD_2:mbe.c:43	(at logger.py:129) 
2019-02-12 22:36:03,750 [D] ┌:C:c:WD_3:mbe.c:44	(at logger.py:129) 
2019-02-12 22:36:03,750 [D] |:C:c:WD_3:mbe.c:43	(at logger.py:129) 
2019-02-12 22:36:03,750 [D] └:C:c:WD_3:mbe.c:42	(at logger.py:129) 
2019-02-12 22:36:03,793 [D] -:P:c:WD_1:mbe.c:43	(at logger.py:129) 
2019-02-12 22:36:03,812 [D] -:F:n:WD_1:mbe.c:42	(at logger.py:129) 
2019-02-12 22:36:03,827 [D] ┌:F:n:WD_2:mbe.c:42	(at logger.py:129) 
2019-02-12 22:36:03,827 [D] └:F:n:WD_2:mbe.c:41	(at logger.py:129) 
2019-02-12 22:36:03,883 [D] ┌:C:n:WD_3:mbe.c:42	(at logger.py:129) 
2019-02-12 22:36:03,884 [D] |:C:n:WD_3:mbe.c:41	(at logger.py:129) 
2019-02-12 22:36:03,884 [D] └:C:n:WD_3:mbe.c:40	(at logger.py:129) 
2019-02-12 22:36:03,930 [D] -:C:n:WD_1:mbe.c:41	(at logger.py:129) 
2019-02-12 22:36:03,947 [D] ┌:F:n:WD_2:mbe.c:41	(at logger.py:129) 
2019-02-12 22:36:03,947 [D] └:F:n:WD_2:mbe.c:40	(at logger.py:129) 
2019-02-12 22:36:03,963 [D] ┌:F:n:WD_3:mbe.c:41	(at logger.py:129) 
2019-02-12 22:36:03,963 [D] |:F:n:WD_3:mbe.c:40	(at logger.py:129) 
2019-02-12 22:36:03,963 [D] └:F:n:WD_3:mbe.c:39	(at logger.py:129) 
2019-02-12 22:36:03,979 [D] -:F:n:WD_1:mbe.c:40	(at logger.py:129) 
2019-02-12 22:36:03,998 [D] ┌:F:n:WD_2:mbe.c:40	(at logger.py:129) 
2019-02-12 22:36:03,998 [D] └:F:n:WD_2:mbe.c:39	(at logger.py:129) 
2019-02-12 22:36:04,022 [D] ┌:F:n:WD_3:mbe.c:40	(at logger.py:129) 
2019-02-12 22:36:04,022 [D] |:F:n:WD_3:mbe.c:39	(at logger.py:129) 
2019-02-12 22:36:04,022 [D] └:F:n:WD_3:mbe.c:38	(at logger.py:129) 
2019-02-12 22:36:05,067 [D] -:C:n:WD_1:mbe.c:39	(at logger.py:129) 
2019-02-12 22:36:05,083 [D] ┌:F:n:WD_2:mbe.c:39	(at logger.py:129) 
2019-02-12 22:36:05,083 [D] └:F:n:WD_2:mbe.c:38	(at logger.py:129) 
2019-02-12 22:36:05,105 [D] ┌:F:n:WD_3:mbe.c:39	(at logger.py:129) 
2019-02-12 22:36:05,105 [D] |:F:n:WD_3:mbe.c:38	(at logger.py:129) 
2019-02-12 22:36:05,105 [D] └:F:n:WD_3:mbe.c:37	(at logger.py:129) 
2019-02-12 22:36:05,122 [D] -:F:n:WD_1:mbe.c:38	(at logger.py:129) 
2019-02-12 22:36:05,140 [D] ┌:F:n:WD_2:mbe.c:38	(at logger.py:129) 
2019-02-12 22:36:05,140 [D] └:F:n:WD_2:mbe.c:37	(at logger.py:129) 
2019-02-12 22:36:05,158 [D] ┌:F:n:WD_3:mbe.c:38	(at logger.py:129) 
2019-02-12 22:36:05,158 [D] |:F:n:WD_3:mbe.c:37	(at logger.py:129) 
2019-02-12 22:36:05,158 [D] └:F:n:WD_3:mbe.c:36	(at logger.py:129) 
2019-02-12 22:36:05,176 [D] -:F:n:WD_1:mbe.c:37	(at logger.py:129) 
2019-02-12 22:36:05,194 [D] ┌:F:n:WD_2:mbe.c:37	(at logger.py:129) 
2019-02-12 22:36:05,195 [D] └:F:n:WD_2:mbe.c:36	(at logger.py:129) 
2019-02-12 22:36:05,212 [D] ┌:F:n:WD_3:mbe.c:37	(at logger.py:129) 
2019-02-12 22:36:05,212 [D] |:F:n:WD_3:mbe.c:36	(at logger.py:129) 
2019-02-12 22:36:05,212 [D] └:F:n:WD_3:mbe.c:35	(at logger.py:129) 
2019-02-12 22:36:05,251 [D] -:P:c:WD_1:mbe.c:36	(at logger.py:129) 
2019-02-12 22:36:05,288 [D] -:F:n:WD_1:mbe.c:35	(at logger.py:129) 
2019-02-12 22:36:05,309 [D] ┌:F:n:WD_2:mbe.c:35	(at logger.py:129) 
2019-02-12 22:36:05,309 [D] └:F:n:WD_2:mbe.c:34	(at logger.py:129) 
2019-02-12 22:36:05,335 [D] ┌:F:n:WD_3:mbe.c:35	(at logger.py:129) 
2019-02-12 22:36:05,335 [D] |:F:n:WD_3:mbe.c:34	(at logger.py:129) 
2019-02-12 22:36:05,335 [D] └:F:n:WD_3:mbe.c:33	(at logger.py:129) 
2019-02-12 22:36:05,394 [D] -:P:n:WD_1:mbe.c:34	(at logger.py:129) 
2019-02-12 22:36:05,413 [D] -:F:n:WD_1:mbe.c:33	(at logger.py:129) 
2019-02-12 22:36:05,432 [D] ┌:F:n:WD_2:mbe.c:33	(at logger.py:129) 
2019-02-12 22:36:05,432 [D] └:F:n:WD_2:mbe.c:32	(at logger.py:129) 
2019-02-12 22:36:05,451 [D] ┌:F:n:WD_3:mbe.c:33	(at logger.py:129) 
2019-02-12 22:36:05,451 [D] |:F:n:WD_3:mbe.c:32	(at logger.py:129) 
2019-02-12 22:36:05,451 [D] └:F:n:WD_3:mbe.c:31	(at logger.py:129) 
2019-02-12 22:36:05,468 [D] -:F:n:WD_1:mbe.c:32	(at logger.py:129) 
2019-02-12 22:36:05,486 [D] ┌:F:n:WD_2:mbe.c:32	(at logger.py:129) 
2019-02-12 22:36:05,487 [D] └:F:n:WD_2:mbe.c:31	(at logger.py:129) 
2019-02-12 22:36:05,506 [D] ┌:F:n:WD_3:mbe.c:32	(at logger.py:129) 
2019-02-12 22:36:05,506 [D] |:F:n:WD_3:mbe.c:31	(at logger.py:129) 
2019-02-12 22:36:05,506 [D] └:F:n:WD_3:mbe.c:30	(at logger.py:129) 
2019-02-12 22:36:06,555 [D] -:C:n:WD_1:mbe.c:31	(at logger.py:129) 
2019-02-12 22:36:07,612 [D] ┌:C:n:WD_2:mbe.c:31	(at logger.py:129) 
2019-02-12 22:36:07,612 [D] └:C:n:WD_2:mbe.c:30	(at logger.py:129) 
2019-02-12 22:36:07,628 [D] ┌:F:n:WD_3:mbe.c:31	(at logger.py:129) 
2019-02-12 22:36:07,628 [D] |:F:n:WD_3:mbe.c:30	(at logger.py:129) 
2019-02-12 22:36:07,628 [D] └:F:n:WD_3:mbe.c:29	(at logger.py:129) 
2019-02-12 22:36:07,676 [D] -:C:n:WD_1:mbe.c:30	(at logger.py:129) 
2019-02-12 22:36:07,694 [D] ┌:F:n:WD_2:mbe.c:30	(at logger.py:129) 
2019-02-12 22:36:07,694 [D] └:F:n:WD_2:mbe.c:29	(at logger.py:129) 
2019-02-12 22:36:07,737 [D] ┌:F:n:WD_3:mbe.c:30	(at logger.py:129) 
2019-02-12 22:36:07,738 [D] |:F:n:WD_3:mbe.c:29	(at logger.py:129) 
2019-02-12 22:36:07,738 [D] └:F:n:WD_3:mbe.c:28	(at logger.py:129) 
2019-02-12 22:36:07,790 [D] -:F:n:WD_1:mbe.c:29	(at logger.py:129) 
2019-02-12 22:36:07,838 [D] ┌:F:n:WD_2:mbe.c:29	(at logger.py:129) 
2019-02-12 22:36:07,838 [D] └:F:n:WD_2:mbe.c:28	(at logger.py:129) 
2019-02-12 22:36:08,925 [D] ┌:C:n:WD_3:mbe.c:29	(at logger.py:129) 
2019-02-12 22:36:08,925 [D] |:C:n:WD_3:mbe.c:28	(at logger.py:129) 
2019-02-12 22:36:08,925 [D] └:C:n:WD_3:mbe.c:27	(at logger.py:129) 
2019-02-12 22:36:08,971 [D] -:C:n:WD_1:mbe.c:28	(at logger.py:129) 
2019-02-12 22:36:08,987 [D] ┌:F:n:WD_2:mbe.c:28	(at logger.py:129) 
2019-02-12 22:36:08,987 [D] └:F:n:WD_2:mbe.c:27	(at logger.py:129) 
2019-02-12 22:36:09,005 [D] ┌:F:n:WD_3:mbe.c:28	(at logger.py:129) 
2019-02-12 22:36:09,005 [D] |:F:n:WD_3:mbe.c:27	(at logger.py:129) 
2019-02-12 22:36:09,006 [D] └:F:n:WD_3:mbe.c:26	(at logger.py:129) 
2019-02-12 22:36:09,026 [D] -:F:n:WD_1:mbe.c:27	(at logger.py:129) 
2019-02-12 22:36:09,042 [D] ┌:F:n:WD_2:mbe.c:27	(at logger.py:129) 
2019-02-12 22:36:09,042 [D] └:F:n:WD_2:mbe.c:26	(at logger.py:129) 
2019-02-12 22:36:09,058 [D] ┌:F:n:WD_3:mbe.c:27	(at logger.py:129) 
2019-02-12 22:36:09,058 [D] |:F:n:WD_3:mbe.c:26	(at logger.py:129) 
2019-02-12 22:36:09,058 [D] └:F:n:WD_3:mbe.c:25	(at logger.py:129) 
2019-02-12 22:36:10,106 [D] -:C:n:WD_1:mbe.c:26	(at logger.py:129) 
2019-02-12 22:36:10,122 [D] ┌:F:n:WD_2:mbe.c:26	(at logger.py:129) 
2019-02-12 22:36:10,122 [D] └:F:n:WD_2:mbe.c:25	(at logger.py:129) 
2019-02-12 22:36:10,139 [D] ┌:F:n:WD_3:mbe.c:26	(at logger.py:129) 
2019-02-12 22:36:10,139 [D] |:F:n:WD_3:mbe.c:25	(at logger.py:129) 
2019-02-12 22:36:10,139 [D] └:F:n:WD_3:mbe.c:24	(at logger.py:129) 
2019-02-12 22:36:10,156 [D] -:F:n:WD_1:mbe.c:25	(at logger.py:129) 
2019-02-12 22:36:10,173 [D] ┌:F:n:WD_2:mbe.c:25	(at logger.py:129) 
2019-02-12 22:36:10,174 [D] └:F:n:WD_2:mbe.c:24	(at logger.py:129) 
2019-02-12 22:36:10,193 [D] ┌:F:n:WD_3:mbe.c:25	(at logger.py:129) 
2019-02-12 22:36:10,193 [D] |:F:n:WD_3:mbe.c:24	(at logger.py:129) 
2019-02-12 22:36:10,193 [D] └:F:n:WD_3:mbe.c:23	(at logger.py:129) 
2019-02-12 22:36:10,211 [D] -:F:n:WD_1:mbe.c:24	(at logger.py:129) 
2019-02-12 22:36:10,230 [D] ┌:F:n:WD_2:mbe.c:24	(at logger.py:129) 
2019-02-12 22:36:10,230 [D] └:F:n:WD_2:mbe.c:23	(at logger.py:129) 
2019-02-12 22:36:10,248 [D] ┌:F:n:WD_3:mbe.c:24	(at logger.py:129) 
2019-02-12 22:36:10,248 [D] |:F:n:WD_3:mbe.c:23	(at logger.py:129) 
2019-02-12 22:36:10,249 [D] └:F:n:WD_3:mbe.c:22	(at logger.py:129) 
2019-02-12 22:36:10,270 [D] -:F:n:WD_1:mbe.c:23	(at logger.py:129) 
2019-02-12 22:36:10,288 [D] ┌:F:n:WD_2:mbe.c:23	(at logger.py:129) 
2019-02-12 22:36:10,288 [D] └:F:n:WD_2:mbe.c:22	(at logger.py:129) 
2019-02-12 22:36:10,310 [D] ┌:F:n:WD_3:mbe.c:23	(at logger.py:129) 
2019-02-12 22:36:10,310 [D] |:F:n:WD_3:mbe.c:22	(at logger.py:129) 
2019-02-12 22:36:10,310 [D] └:F:n:WD_3:mbe.c:21	(at logger.py:129) 
2019-02-12 22:36:10,359 [D] -:C:n:WD_1:mbe.c:22	(at logger.py:129) 
2019-02-12 22:36:10,399 [D] ┌:C:c:WD_2:mbe.c:22	(at logger.py:129) 
2019-02-12 22:36:10,399 [D] └:C:c:WD_2:mbe.c:21	(at logger.py:129) 
2019-02-12 22:36:10,446 [D] ┌:C:n:WD_3:mbe.c:22	(at logger.py:129) 
2019-02-12 22:36:10,446 [D] |:C:n:WD_3:mbe.c:21	(at logger.py:129) 
2019-02-12 22:36:10,446 [D] └:C:n:WD_3:mbe.c:20	(at logger.py:129) 
2019-02-12 22:36:10,486 [D] -:P:c:WD_1:mbe.c:21	(at logger.py:129) 
2019-02-12 22:36:10,548 [D] -:C:n:WD_1:mbe.c:20	(at logger.py:129) 
2019-02-12 22:36:10,597 [D] ┌:C:n:WD_2:mbe.c:20	(at logger.py:129) 
2019-02-12 22:36:10,597 [D] └:C:n:WD_2:mbe.c:19	(at logger.py:129) 
2019-02-12 22:36:10,635 [D] ┌:C:c:WD_3:mbe.c:20	(at logger.py:129) 
2019-02-12 22:36:10,635 [D] |:C:c:WD_3:mbe.c:19	(at logger.py:129) 
2019-02-12 22:36:10,635 [D] └:C:c:WD_3:mbe.c:18	(at logger.py:129) 
2019-02-12 22:36:10,682 [D] -:C:n:WD_1:mbe.c:19	(at logger.py:129) 
2019-02-12 22:36:10,721 [D] ┌:C:c:WD_2:mbe.c:19	(at logger.py:129) 
2019-02-12 22:36:10,721 [D] └:C:c:WD_2:mbe.c:18	(at logger.py:129) 
2019-02-12 22:36:10,738 [D] ┌:F:n:WD_3:mbe.c:19	(at logger.py:129) 
2019-02-12 22:36:10,738 [D] |:F:n:WD_3:mbe.c:18	(at logger.py:129) 
2019-02-12 22:36:10,738 [D] └:F:n:WD_3:mbe.c:17	(at logger.py:129) 
2019-02-12 22:36:10,782 [D] -:P:c:WD_1:mbe.c:18	(at logger.py:129) 
2019-02-12 22:36:10,802 [D] -:F:n:WD_1:mbe.c:17	(at logger.py:129) 
2019-02-12 22:36:10,821 [D] ┌:F:n:WD_2:mbe.c:17	(at logger.py:129) 
2019-02-12 22:36:10,821 [D] └:F:n:WD_2:mbe.c:16	(at logger.py:129) 
2019-02-12 22:36:10,838 [D] ┌:F:n:WD_3:mbe.c:17	(at logger.py:129) 
2019-02-12 22:36:10,838 [D] |:F:n:WD_3:mbe.c:16	(at logger.py:129) 
2019-02-12 22:36:10,838 [D] └:F:n:WD_3:mbe.c:15	(at logger.py:129) 
2019-02-12 22:36:10,853 [D] -:F:n:WD_1:mbe.c:16	(at logger.py:129) 
2019-02-12 22:36:10,869 [D] ┌:F:n:WD_2:mbe.c:16	(at logger.py:129) 
2019-02-12 22:36:10,869 [D] └:F:n:WD_2:mbe.c:15	(at logger.py:129) 
2019-02-12 22:36:10,887 [D] ┌:F:n:WD_3:mbe.c:16	(at logger.py:129) 
2019-02-12 22:36:10,887 [D] |:F:n:WD_3:mbe.c:15	(at logger.py:129) 
2019-02-12 22:36:10,887 [D] └:F:n:WD_3:mbe.c:14	(at logger.py:129) 
2019-02-12 22:36:10,904 [D] -:F:n:WD_1:mbe.c:15	(at logger.py:129) 
2019-02-12 22:36:10,924 [D] ┌:F:n:WD_2:mbe.c:15	(at logger.py:129) 
2019-02-12 22:36:10,924 [D] └:F:n:WD_2:mbe.c:14	(at logger.py:129) 
2019-02-12 22:36:10,941 [D] ┌:F:n:WD_3:mbe.c:15	(at logger.py:129) 
2019-02-12 22:36:10,941 [D] |:F:n:WD_3:mbe.c:14	(at logger.py:129) 
2019-02-12 22:36:10,941 [D] └:F:n:WD_3:mbe.c:13	(at logger.py:129) 
2019-02-12 22:36:10,958 [D] -:F:n:WD_1:mbe.c:14	(at logger.py:129) 
2019-02-12 22:36:10,977 [D] ┌:F:n:WD_2:mbe.c:14	(at logger.py:129) 
2019-02-12 22:36:10,977 [D] └:F:n:WD_2:mbe.c:13	(at logger.py:129) 
2019-02-12 22:36:10,997 [D] ┌:F:n:WD_3:mbe.c:14	(at logger.py:129) 
2019-02-12 22:36:10,997 [D] |:F:n:WD_3:mbe.c:13	(at logger.py:129) 
2019-02-12 22:36:10,997 [D] └:F:n:WD_3:mbe.c:12	(at logger.py:129) 
2019-02-12 22:36:11,038 [D] -:P:c:WD_1:mbe.c:13	(at logger.py:129) 
2019-02-12 22:36:11,081 [D] -:P:n:WD_1:mbe.c:12	(at logger.py:129) 
2019-02-12 22:36:11,132 [D] -:P:n:WD_1:mbe.c:11	(at logger.py:129) 
2019-02-12 22:36:11,182 [D] -:P:n:WD_1:mbe.c:10	(at logger.py:129) 
2019-02-12 22:36:11,223 [D] -:P:c:WD_1:mbe.c:9	(at logger.py:129) 
2019-02-12 22:36:11,281 [D] -:P:n:WD_1:mbe.c:8	(at logger.py:129) 
2019-02-12 22:36:11,335 [D] -:P:n:WD_1:mbe.c:7	(at logger.py:129) 
2019-02-12 22:36:11,374 [D] -:P:c:WD_1:mbe.c:6	(at logger.py:129) 
2019-02-12 22:36:11,425 [D] -:P:n:WD_1:mbe.c:5	(at logger.py:129) 
2019-02-12 22:36:11,437 [D] -:F:n:WD_1:mbe.c:4	(at logger.py:129) 
2019-02-12 22:36:11,449 [D] ┌:F:n:WD_2:mbe.c:4	(at logger.py:129) 
2019-02-12 22:36:11,449 [D] └:F:n:WD_2:mbe.c:3	(at logger.py:129) 
2019-02-12 22:36:11,461 [D] ┌:F:n:WD_3:mbe.c:4	(at logger.py:129) 
2019-02-12 22:36:11,462 [D] |:F:n:WD_3:mbe.c:3	(at logger.py:129) 
2019-02-12 22:36:11,462 [D] └:F:n:WD_3:mbe.c:2	(at logger.py:129) 
2019-02-12 22:36:11,475 [D] -:F:n:WD_1:mbe.c:3	(at logger.py:129) 
2019-02-12 22:36:11,488 [D] ┌:F:n:WD_2:mbe.c:3	(at logger.py:129) 
2019-02-12 22:36:11,489 [D] └:F:n:WD_2:mbe.c:2	(at logger.py:129) 
2019-02-12 22:36:11,530 [D] ┌:P:c:WD_3:mbe.c:3	(at logger.py:129) 
2019-02-12 22:36:11,530 [D] |:P:c:WD_3:mbe.c:2	(at logger.py:129) 
2019-02-12 22:36:11,530 [D] └:P:c:WD_3:mbe.c:1	(at logger.py:129) 
2019-02-12 22:36:11,530 [D]  : : :pass:mbe.c:2	(at logger.py:129) 
2019-02-12 22:36:11,530 [D]  : : :pass:mbe.c:1	(at logger.py:129) 
2019-02-12 22:36:11,530 [D] comp_cached_cnt:0	(at logger.py:134) 
2019-02-12 22:36:11,530 [D] compile_cnt:187	(at logger.py:134) 
2019-02-12 22:36:11,530 [D] execute_cnt:32	(at logger.py:134) 
2019-02-12 22:36:11,530 [D] fail_del_cnt:31	(at logger.py:134) 
2019-02-12 22:36:11,530 [D] iter_idx:1	(at logger.py:134) 
2019-02-12 22:36:11,530 [D] reuse_cnt:22	(at logger.py:134) 
2019-02-12 22:36:11,530 [D] succ_del_cnt:23	(at logger.py:134) 
2019-02-12 22:36:11,530 [D] time:14.888544797897339	(at logger.py:134) 
2019-02-12 22:36:11,530 [D] deletion:25	(at logger.py:136) 
