2019-03-02 02:02:00,356 [I] 	(at main.py:29) 
2019-03-02 02:02:00,357 [I] ===== START - RUN ==============================================	(at main.py:32) 
2019-03-02 02:02:00,357 [D] Title: RUN, Job key: RUN_2019-03-02_02:02:00	(at main.py:40) 
2019-03-02 02:02:00,357 [I] Load config file.	(at main.py:56) 
2019-03-02 02:02:00,357 [D] Loading config from ['/home/bohrok/Documents/DM/output/orbs/wc/4/config/config.ini']	(at config.py:16) 
2019-03-02 02:02:00,357 [D] Load config successfully!	(at config.py:19) 
2019-03-02 02:02:00,357 [D] Initialize directory: .	(at workspace.py:10) 
2019-03-02 02:02:00,357 [I] Initialize workspace.	(at main.py:64) 
2019-03-02 02:02:00,357 [I] Working directory path: /home/bohrok/Documents/DM/output/orbs/wc/4/work	(at workspace.py:41) 
2019-03-02 02:02:00,360 [D] Record the config on workspace.	(at workspace.py:62) 
2019-03-02 02:02:00,360 [I] No PRE stage.	(at main.py:73) 
2019-03-02 02:02:00,360 [I] Construct SliceSpace.	(at main.py:76) 
2019-03-02 02:02:00,361 [I] Compile the system.	(at slicespace.py:148) 
2019-03-02 02:02:00,395 [I] Execute the system.	(at slicespace.py:160) 
2019-03-02 02:02:00,406 [I] Compile the system again (sanity check).	(at slicespace.py:174) 
2019-03-02 02:02:00,442 [I] Execute the system again (sanity check).	(at slicespace.py:188) 
2019-03-02 02:02:00,457 [I] Construct deletion operators.	(at main.py:80) 
2019-03-02 02:02:00,458 [I] Run ORBS stage.	(at main.py:85) 
2019-03-02 02:02:00,458 [I] ORBS starts...	(at orbs.py:53) 
2019-03-02 02:02:00,475 [D] subprocess cmd: ['source compile.sh /home/bohrok/Documents/DM/output/orbs/wc/4/work'], stdout: b''	(at ex_script.py:45) 
2019-03-02 02:02:00,475 [D] -:F:n:WD_1:wc.c:50	(at logger.py:129) 
2019-03-02 02:02:00,491 [D] subprocess cmd: ['source compile.sh /home/bohrok/Documents/DM/output/orbs/wc/4/work'], stdout: b''	(at ex_script.py:45) 
2019-03-02 02:02:00,492 [D] ┌:F:n:WD_2:wc.c:50	(at logger.py:129) 
2019-03-02 02:02:00,492 [D] └:F:n:WD_2:wc.c:49	(at logger.py:129) 
2019-03-02 02:02:00,507 [D] subprocess cmd: ['source compile.sh /home/bohrok/Documents/DM/output/orbs/wc/4/work'], stdout: b''	(at ex_script.py:45) 
2019-03-02 02:02:00,507 [D] ┌:F:n:WD_3:wc.c:50	(at logger.py:129) 
2019-03-02 02:02:00,507 [D] |:F:n:WD_3:wc.c:49	(at logger.py:129) 
2019-03-02 02:02:00,507 [D] └:F:n:WD_3:wc.c:48	(at logger.py:129) 
2019-03-02 02:02:00,523 [D] subprocess cmd: ['source compile.sh /home/bohrok/Documents/DM/output/orbs/wc/4/work'], stdout: b''	(at ex_script.py:45) 
2019-03-02 02:02:00,524 [D] -:F:n:WD_1:wc.c:49	(at logger.py:129) 
2019-03-02 02:02:00,539 [D] subprocess cmd: ['source compile.sh /home/bohrok/Documents/DM/output/orbs/wc/4/work'], stdout: b''	(at ex_script.py:45) 
2019-03-02 02:02:00,540 [D] ┌:F:n:WD_2:wc.c:49	(at logger.py:129) 
2019-03-02 02:02:00,540 [D] └:F:n:WD_2:wc.c:48	(at logger.py:129) 
2019-03-02 02:02:00,553 [D] subprocess cmd: ['source compile.sh /home/bohrok/Documents/DM/output/orbs/wc/4/work'], stdout: b''	(at ex_script.py:45) 
2019-03-02 02:02:00,553 [D] ┌:F:n:WD_3:wc.c:49	(at logger.py:129) 
2019-03-02 02:02:00,553 [D] |:F:n:WD_3:wc.c:48	(at logger.py:129) 
2019-03-02 02:02:00,553 [D] └:F:n:WD_3:wc.c:47	(at logger.py:129) 
2019-03-02 02:02:00,593 [D] -:P:n:WD_1:wc.c:48	(at logger.py:129) 
2019-03-02 02:02:00,609 [D] subprocess cmd: ['source compile.sh /home/bohrok/Documents/DM/output/orbs/wc/4/work'], stdout: b''	(at ex_script.py:45) 
2019-03-02 02:02:00,609 [D] -:F:n:WD_1:wc.c:47	(at logger.py:129) 
2019-03-02 02:02:00,624 [D] subprocess cmd: ['source compile.sh /home/bohrok/Documents/DM/output/orbs/wc/4/work'], stdout: b''	(at ex_script.py:45) 
2019-03-02 02:02:00,624 [D] ┌:F:n:WD_2:wc.c:47	(at logger.py:129) 
2019-03-02 02:02:00,624 [D] └:F:n:WD_2:wc.c:46	(at logger.py:129) 
2019-03-02 02:02:00,658 [D] ┌:P:c:WD_3:wc.c:47	(at logger.py:129) 
2019-03-02 02:02:00,658 [D] |:P:c:WD_3:wc.c:46	(at logger.py:129) 
2019-03-02 02:02:00,658 [D] └:P:c:WD_3:wc.c:45	(at logger.py:129) 
2019-03-02 02:02:00,658 [D]  : : :pass:wc.c:46	(at logger.py:129) 
2019-03-02 02:02:00,658 [D]  : : :pass:wc.c:45	(at logger.py:129) 
2019-03-02 02:02:00,705 [D] -:P:n:WD_1:wc.c:44	(at logger.py:129) 
2019-03-02 02:02:00,718 [D] subprocess cmd: ['source compile.sh /home/bohrok/Documents/DM/output/orbs/wc/4/work'], stdout: b''	(at ex_script.py:45) 
2019-03-02 02:02:00,718 [D] -:F:n:WD_1:wc.c:43	(at logger.py:129) 
2019-03-02 02:02:00,731 [D] subprocess cmd: ['source compile.sh /home/bohrok/Documents/DM/output/orbs/wc/4/work'], stdout: b''	(at ex_script.py:45) 
2019-03-02 02:02:00,731 [D] ┌:F:n:WD_2:wc.c:43	(at logger.py:129) 
2019-03-02 02:02:00,731 [D] └:F:n:WD_2:wc.c:42	(at logger.py:129) 
2019-03-02 02:02:00,744 [D] subprocess cmd: ['source compile.sh /home/bohrok/Documents/DM/output/orbs/wc/4/work'], stdout: b''	(at ex_script.py:45) 
2019-03-02 02:02:00,744 [D] ┌:F:n:WD_3:wc.c:43	(at logger.py:129) 
2019-03-02 02:02:00,744 [D] |:F:n:WD_3:wc.c:42	(at logger.py:129) 
2019-03-02 02:02:00,744 [D] └:F:n:WD_3:wc.c:41	(at logger.py:129) 
2019-03-02 02:02:00,757 [D] subprocess cmd: ['source compile.sh /home/bohrok/Documents/DM/output/orbs/wc/4/work'], stdout: b''	(at ex_script.py:45) 
2019-03-02 02:02:00,757 [D] -:F:n:WD_1:wc.c:42	(at logger.py:129) 
2019-03-02 02:02:00,791 [D] ┌:P:c:WD_2:wc.c:42	(at logger.py:129) 
2019-03-02 02:02:00,792 [D] └:P:c:WD_2:wc.c:41	(at logger.py:129) 
2019-03-02 02:02:00,792 [D]  : : :pass:wc.c:41	(at logger.py:129) 
2019-03-02 02:02:00,838 [D] -:P:n:WD_1:wc.c:40	(at logger.py:129) 
2019-03-02 02:02:00,852 [D] subprocess cmd: ['source compile.sh /home/bohrok/Documents/DM/output/orbs/wc/4/work'], stdout: b''	(at ex_script.py:45) 
2019-03-02 02:02:00,852 [D] -:F:n:WD_1:wc.c:39	(at logger.py:129) 
2019-03-02 02:02:00,865 [D] subprocess cmd: ['source compile.sh /home/bohrok/Documents/DM/output/orbs/wc/4/work'], stdout: b''	(at ex_script.py:45) 
2019-03-02 02:02:00,866 [D] ┌:F:n:WD_2:wc.c:39	(at logger.py:129) 
2019-03-02 02:02:00,866 [D] └:F:n:WD_2:wc.c:38	(at logger.py:129) 
2019-03-02 02:02:00,900 [D] subprocess cmd: ['source compile.sh /home/bohrok/Documents/DM/output/orbs/wc/4/work'], stdout: b''	(at ex_script.py:45) 
2019-03-02 02:02:00,900 [D] ┌:F:n:WD_3:wc.c:39	(at logger.py:129) 
2019-03-02 02:02:00,900 [D] |:F:n:WD_3:wc.c:38	(at logger.py:129) 
2019-03-02 02:02:00,900 [D] └:F:n:WD_3:wc.c:37	(at logger.py:129) 
2019-03-02 02:02:00,913 [D] subprocess cmd: ['source compile.sh /home/bohrok/Documents/DM/output/orbs/wc/4/work'], stdout: b''	(at ex_script.py:45) 
2019-03-02 02:02:00,913 [D] -:F:n:WD_1:wc.c:38	(at logger.py:129) 
2019-03-02 02:02:00,925 [D] subprocess cmd: ['source compile.sh /home/bohrok/Documents/DM/output/orbs/wc/4/work'], stdout: b''	(at ex_script.py:45) 
2019-03-02 02:02:00,925 [D] ┌:F:n:WD_2:wc.c:38	(at logger.py:129) 
2019-03-02 02:02:00,925 [D] └:F:n:WD_2:wc.c:37	(at logger.py:129) 
2019-03-02 02:02:00,939 [D] subprocess cmd: ['source compile.sh /home/bohrok/Documents/DM/output/orbs/wc/4/work'], stdout: b''	(at ex_script.py:45) 
2019-03-02 02:02:00,940 [D] ┌:F:n:WD_3:wc.c:38	(at logger.py:129) 
2019-03-02 02:02:00,940 [D] |:F:n:WD_3:wc.c:37	(at logger.py:129) 
2019-03-02 02:02:00,940 [D] └:F:n:WD_3:wc.c:36	(at logger.py:129) 
2019-03-02 02:02:00,954 [D] subprocess cmd: ['source compile.sh /home/bohrok/Documents/DM/output/orbs/wc/4/work'], stdout: b''	(at ex_script.py:45) 
2019-03-02 02:02:00,954 [D] -:F:n:WD_1:wc.c:37	(at logger.py:129) 
2019-03-02 02:02:00,966 [D] subprocess cmd: ['source compile.sh /home/bohrok/Documents/DM/output/orbs/wc/4/work'], stdout: b''	(at ex_script.py:45) 
2019-03-02 02:02:00,967 [D] ┌:F:n:WD_2:wc.c:37	(at logger.py:129) 
2019-03-02 02:02:00,967 [D] └:F:n:WD_2:wc.c:36	(at logger.py:129) 
2019-03-02 02:02:00,980 [D] subprocess cmd: ['source compile.sh /home/bohrok/Documents/DM/output/orbs/wc/4/work'], stdout: b''	(at ex_script.py:45) 
2019-03-02 02:02:00,980 [D] ┌:F:n:WD_3:wc.c:37	(at logger.py:129) 
2019-03-02 02:02:00,980 [D] |:F:n:WD_3:wc.c:36	(at logger.py:129) 
2019-03-02 02:02:00,980 [D] └:F:n:WD_3:wc.c:35	(at logger.py:129) 
2019-03-02 02:02:00,980 [D] -:F:n:WD_1:wc.c:36	(at logger.py:129) 
2019-03-02 02:02:00,995 [D] subprocess cmd: ['source compile.sh /home/bohrok/Documents/DM/output/orbs/wc/4/work'], stdout: b''	(at ex_script.py:45) 
2019-03-02 02:02:00,995 [D] ┌:F:n:WD_2:wc.c:36	(at logger.py:129) 
2019-03-02 02:02:00,995 [D] └:F:n:WD_2:wc.c:35	(at logger.py:129) 
2019-03-02 02:02:01,010 [D] subprocess cmd: ['source compile.sh /home/bohrok/Documents/DM/output/orbs/wc/4/work'], stdout: b''	(at ex_script.py:45) 
2019-03-02 02:02:01,010 [D] ┌:F:n:WD_3:wc.c:36	(at logger.py:129) 
2019-03-02 02:02:01,010 [D] |:F:n:WD_3:wc.c:35	(at logger.py:129) 
2019-03-02 02:02:01,010 [D] └:F:n:WD_3:wc.c:34	(at logger.py:129) 
2019-03-02 02:02:01,057 [D] -:C:n:WD_1:wc.c:35	(at logger.py:129) 
2019-03-02 02:02:01,095 [D] ┌:C:c:WD_2:wc.c:35	(at logger.py:129) 
2019-03-02 02:02:01,096 [D] └:C:c:WD_2:wc.c:34	(at logger.py:129) 
2019-03-02 02:02:01,108 [D] subprocess cmd: ['source compile.sh /home/bohrok/Documents/DM/output/orbs/wc/4/work'], stdout: b''	(at ex_script.py:45) 
2019-03-02 02:02:01,108 [D] ┌:F:n:WD_3:wc.c:35	(at logger.py:129) 
2019-03-02 02:02:01,108 [D] |:F:n:WD_3:wc.c:34	(at logger.py:129) 
2019-03-02 02:02:01,108 [D] └:F:n:WD_3:wc.c:33	(at logger.py:129) 
2019-03-02 02:02:01,144 [D] -:P:c:WD_1:wc.c:34	(at logger.py:129) 
2019-03-02 02:02:01,156 [D] subprocess cmd: ['source compile.sh /home/bohrok/Documents/DM/output/orbs/wc/4/work'], stdout: b''	(at ex_script.py:45) 
2019-03-02 02:02:01,156 [D] -:F:n:WD_1:wc.c:33	(at logger.py:129) 
2019-03-02 02:02:01,169 [D] subprocess cmd: ['source compile.sh /home/bohrok/Documents/DM/output/orbs/wc/4/work'], stdout: b''	(at ex_script.py:45) 
2019-03-02 02:02:01,170 [D] ┌:F:n:WD_2:wc.c:33	(at logger.py:129) 
2019-03-02 02:02:01,170 [D] └:F:n:WD_2:wc.c:32	(at logger.py:129) 
2019-03-02 02:02:01,214 [D] ┌:C:n:WD_3:wc.c:33	(at logger.py:129) 
2019-03-02 02:02:01,214 [D] |:C:n:WD_3:wc.c:32	(at logger.py:129) 
2019-03-02 02:02:01,214 [D] └:C:n:WD_3:wc.c:31	(at logger.py:129) 
2019-03-02 02:02:01,257 [D] -:P:n:WD_1:wc.c:32	(at logger.py:129) 
2019-03-02 02:02:01,271 [D] subprocess cmd: ['source compile.sh /home/bohrok/Documents/DM/output/orbs/wc/4/work'], stdout: b''	(at ex_script.py:45) 
2019-03-02 02:02:01,271 [D] -:F:n:WD_1:wc.c:31	(at logger.py:129) 
2019-03-02 02:02:01,284 [D] subprocess cmd: ['source compile.sh /home/bohrok/Documents/DM/output/orbs/wc/4/work'], stdout: b''	(at ex_script.py:45) 
2019-03-02 02:02:01,284 [D] ┌:F:n:WD_2:wc.c:31	(at logger.py:129) 
2019-03-02 02:02:01,284 [D] └:F:n:WD_2:wc.c:30	(at logger.py:129) 
2019-03-02 02:02:01,318 [D] ┌:P:c:WD_3:wc.c:31	(at logger.py:129) 
2019-03-02 02:02:01,319 [D] |:P:c:WD_3:wc.c:30	(at logger.py:129) 
2019-03-02 02:02:01,319 [D] └:P:c:WD_3:wc.c:29	(at logger.py:129) 
2019-03-02 02:02:01,319 [D]  : : :pass:wc.c:30	(at logger.py:129) 
2019-03-02 02:02:01,319 [D]  : : :pass:wc.c:29	(at logger.py:129) 
2019-03-02 02:02:01,332 [D] subprocess cmd: ['source compile.sh /home/bohrok/Documents/DM/output/orbs/wc/4/work'], stdout: b''	(at ex_script.py:45) 
2019-03-02 02:02:01,332 [D] -:F:n:WD_1:wc.c:28	(at logger.py:129) 
2019-03-02 02:02:01,344 [D] subprocess cmd: ['source compile.sh /home/bohrok/Documents/DM/output/orbs/wc/4/work'], stdout: b''	(at ex_script.py:45) 
2019-03-02 02:02:01,345 [D] ┌:F:n:WD_2:wc.c:28	(at logger.py:129) 
2019-03-02 02:02:01,345 [D] └:F:n:WD_2:wc.c:27	(at logger.py:129) 
2019-03-02 02:02:01,357 [D] subprocess cmd: ['source compile.sh /home/bohrok/Documents/DM/output/orbs/wc/4/work'], stdout: b''	(at ex_script.py:45) 
2019-03-02 02:02:01,357 [D] ┌:F:n:WD_3:wc.c:28	(at logger.py:129) 
2019-03-02 02:02:01,357 [D] |:F:n:WD_3:wc.c:27	(at logger.py:129) 
2019-03-02 02:02:01,357 [D] └:F:n:WD_3:wc.c:26	(at logger.py:129) 
2019-03-02 02:02:01,404 [D] -:P:n:WD_1:wc.c:27	(at logger.py:129) 
2019-03-02 02:02:01,447 [D] -:P:n:WD_1:wc.c:26	(at logger.py:129) 
2019-03-02 02:02:01,459 [D] subprocess cmd: ['source compile.sh /home/bohrok/Documents/DM/output/orbs/wc/4/work'], stdout: b''	(at ex_script.py:45) 
2019-03-02 02:02:01,460 [D] -:F:n:WD_1:wc.c:25	(at logger.py:129) 
2019-03-02 02:02:01,477 [D] subprocess cmd: ['source compile.sh /home/bohrok/Documents/DM/output/orbs/wc/4/work'], stdout: b''	(at ex_script.py:45) 
2019-03-02 02:02:01,478 [D] ┌:F:n:WD_2:wc.c:25	(at logger.py:129) 
2019-03-02 02:02:01,478 [D] └:F:n:WD_2:wc.c:24	(at logger.py:129) 
2019-03-02 02:02:01,491 [D] subprocess cmd: ['source compile.sh /home/bohrok/Documents/DM/output/orbs/wc/4/work'], stdout: b''	(at ex_script.py:45) 
2019-03-02 02:02:01,491 [D] ┌:F:n:WD_3:wc.c:25	(at logger.py:129) 
2019-03-02 02:02:01,491 [D] |:F:n:WD_3:wc.c:24	(at logger.py:129) 
2019-03-02 02:02:01,491 [D] └:F:n:WD_3:wc.c:23	(at logger.py:129) 
2019-03-02 02:02:01,523 [D] -:P:c:WD_1:wc.c:24	(at logger.py:129) 
2019-03-02 02:02:01,537 [D] subprocess cmd: ['source compile.sh /home/bohrok/Documents/DM/output/orbs/wc/4/work'], stdout: b''	(at ex_script.py:45) 
2019-03-02 02:02:01,537 [D] -:F:n:WD_1:wc.c:23	(at logger.py:129) 
2019-03-02 02:02:01,550 [D] subprocess cmd: ['source compile.sh /home/bohrok/Documents/DM/output/orbs/wc/4/work'], stdout: b''	(at ex_script.py:45) 
2019-03-02 02:02:01,550 [D] ┌:F:n:WD_2:wc.c:23	(at logger.py:129) 
2019-03-02 02:02:01,550 [D] └:F:n:WD_2:wc.c:22	(at logger.py:129) 
2019-03-02 02:02:01,592 [D] ┌:P:n:WD_3:wc.c:23	(at logger.py:129) 
2019-03-02 02:02:01,592 [D] |:P:n:WD_3:wc.c:22	(at logger.py:129) 
2019-03-02 02:02:01,592 [D] └:P:n:WD_3:wc.c:21	(at logger.py:129) 
2019-03-02 02:02:01,592 [D]  : : :pass:wc.c:22	(at logger.py:129) 
2019-03-02 02:02:01,592 [D]  : : :pass:wc.c:21	(at logger.py:129) 
2019-03-02 02:02:01,639 [D] -:P:n:WD_1:wc.c:20	(at logger.py:129) 
2019-03-02 02:02:01,652 [D] subprocess cmd: ['source compile.sh /home/bohrok/Documents/DM/output/orbs/wc/4/work'], stdout: b''	(at ex_script.py:45) 
2019-03-02 02:02:01,652 [D] -:F:n:WD_1:wc.c:19	(at logger.py:129) 
2019-03-02 02:02:01,665 [D] subprocess cmd: ['source compile.sh /home/bohrok/Documents/DM/output/orbs/wc/4/work'], stdout: b''	(at ex_script.py:45) 
2019-03-02 02:02:01,665 [D] ┌:F:n:WD_2:wc.c:19	(at logger.py:129) 
2019-03-02 02:02:01,665 [D] └:F:n:WD_2:wc.c:18	(at logger.py:129) 
2019-03-02 02:02:01,678 [D] subprocess cmd: ['source compile.sh /home/bohrok/Documents/DM/output/orbs/wc/4/work'], stdout: b''	(at ex_script.py:45) 
2019-03-02 02:02:01,679 [D] ┌:F:n:WD_3:wc.c:19	(at logger.py:129) 
2019-03-02 02:02:01,679 [D] |:F:n:WD_3:wc.c:18	(at logger.py:129) 
2019-03-02 02:02:01,679 [D] └:F:n:WD_3:wc.c:17	(at logger.py:129) 
2019-03-02 02:02:01,713 [D] -:P:c:WD_1:wc.c:18	(at logger.py:129) 
2019-03-02 02:02:01,759 [D] -:P:n:WD_1:wc.c:17	(at logger.py:129) 
2019-03-02 02:02:01,774 [D] subprocess cmd: ['source compile.sh /home/bohrok/Documents/DM/output/orbs/wc/4/work'], stdout: b''	(at ex_script.py:45) 
2019-03-02 02:02:01,774 [D] -:F:n:WD_1:wc.c:16	(at logger.py:129) 
2019-03-02 02:02:01,788 [D] subprocess cmd: ['source compile.sh /home/bohrok/Documents/DM/output/orbs/wc/4/work'], stdout: b''	(at ex_script.py:45) 
2019-03-02 02:02:01,788 [D] ┌:F:n:WD_2:wc.c:16	(at logger.py:129) 
2019-03-02 02:02:01,788 [D] └:F:n:WD_2:wc.c:15	(at logger.py:129) 
2019-03-02 02:02:01,802 [D] subprocess cmd: ['source compile.sh /home/bohrok/Documents/DM/output/orbs/wc/4/work'], stdout: b''	(at ex_script.py:45) 
2019-03-02 02:02:01,802 [D] ┌:F:n:WD_3:wc.c:16	(at logger.py:129) 
2019-03-02 02:02:01,802 [D] |:F:n:WD_3:wc.c:15	(at logger.py:129) 
2019-03-02 02:02:01,802 [D] └:F:n:WD_3:wc.c:14	(at logger.py:129) 
2019-03-02 02:02:01,851 [D] -:C:n:WD_1:wc.c:15	(at logger.py:129) 
2019-03-02 02:02:01,900 [D] ┌:C:n:WD_2:wc.c:15	(at logger.py:129) 
2019-03-02 02:02:01,900 [D] └:C:n:WD_2:wc.c:14	(at logger.py:129) 
2019-03-02 02:02:01,934 [D] ┌:C:c:WD_3:wc.c:15	(at logger.py:129) 
2019-03-02 02:02:01,934 [D] |:C:c:WD_3:wc.c:14	(at logger.py:129) 
2019-03-02 02:02:01,934 [D] └:C:c:WD_3:wc.c:13	(at logger.py:129) 
2019-03-02 02:02:01,977 [D] -:C:n:WD_1:wc.c:14	(at logger.py:129) 
2019-03-02 02:02:02,013 [D] ┌:C:c:WD_2:wc.c:14	(at logger.py:129) 
2019-03-02 02:02:02,014 [D] └:C:c:WD_2:wc.c:13	(at logger.py:129) 
2019-03-02 02:02:02,059 [D] ┌:C:n:WD_3:wc.c:14	(at logger.py:129) 
2019-03-02 02:02:02,059 [D] |:C:n:WD_3:wc.c:13	(at logger.py:129) 
2019-03-02 02:02:02,060 [D] └:C:n:WD_3:wc.c:12	(at logger.py:129) 
2019-03-02 02:02:02,098 [D] -:P:c:WD_1:wc.c:13	(at logger.py:129) 
2019-03-02 02:02:02,141 [D] -:P:n:WD_1:wc.c:12	(at logger.py:129) 
2019-03-02 02:02:02,187 [D] -:C:n:WD_1:wc.c:11	(at logger.py:129) 
2019-03-02 02:02:02,231 [D] ┌:P:n:WD_2:wc.c:11	(at logger.py:129) 
2019-03-02 02:02:02,232 [D] └:P:n:WD_2:wc.c:10	(at logger.py:129) 
2019-03-02 02:02:02,232 [D]  : : :pass:wc.c:10	(at logger.py:129) 
2019-03-02 02:02:02,243 [D] subprocess cmd: ['source compile.sh /home/bohrok/Documents/DM/output/orbs/wc/4/work'], stdout: b''	(at ex_script.py:45) 
2019-03-02 02:02:02,244 [D] -:F:n:WD_1:wc.c:9	(at logger.py:129) 
2019-03-02 02:02:02,257 [D] subprocess cmd: ['source compile.sh /home/bohrok/Documents/DM/output/orbs/wc/4/work'], stdout: b''	(at ex_script.py:45) 
2019-03-02 02:02:02,257 [D] ┌:F:n:WD_2:wc.c:9	(at logger.py:129) 
2019-03-02 02:02:02,258 [D] └:F:n:WD_2:wc.c:8	(at logger.py:129) 
2019-03-02 02:02:02,271 [D] subprocess cmd: ['source compile.sh /home/bohrok/Documents/DM/output/orbs/wc/4/work'], stdout: b''	(at ex_script.py:45) 
2019-03-02 02:02:02,271 [D] ┌:F:n:WD_3:wc.c:9	(at logger.py:129) 
2019-03-02 02:02:02,271 [D] |:F:n:WD_3:wc.c:8	(at logger.py:129) 
2019-03-02 02:02:02,272 [D] └:F:n:WD_3:wc.c:7	(at logger.py:129) 
2019-03-02 02:02:02,304 [D] -:P:c:WD_1:wc.c:8	(at logger.py:129) 
2019-03-02 02:02:02,337 [D] -:P:c:WD_1:wc.c:7	(at logger.py:129) 
2019-03-02 02:02:02,369 [D] -:P:c:WD_1:wc.c:6	(at logger.py:129) 
2019-03-02 02:02:02,400 [D] -:P:c:WD_1:wc.c:5	(at logger.py:129) 
2019-03-02 02:02:02,446 [D] subprocess cmd: ['source compile.sh /home/bohrok/Documents/DM/output/orbs/wc/4/work'], stdout: b''	(at ex_script.py:45) 
2019-03-02 02:02:02,446 [D] -:F:n:WD_1:wc.c:4	(at logger.py:129) 
2019-03-02 02:02:02,459 [D] subprocess cmd: ['source compile.sh /home/bohrok/Documents/DM/output/orbs/wc/4/work'], stdout: b''	(at ex_script.py:45) 
2019-03-02 02:02:02,459 [D] ┌:F:n:WD_2:wc.c:4	(at logger.py:129) 
2019-03-02 02:02:02,459 [D] └:F:n:WD_2:wc.c:3	(at logger.py:129) 
2019-03-02 02:02:02,474 [D] subprocess cmd: ['source compile.sh /home/bohrok/Documents/DM/output/orbs/wc/4/work'], stdout: b''	(at ex_script.py:45) 
2019-03-02 02:02:02,475 [D] ┌:F:n:WD_3:wc.c:4	(at logger.py:129) 
2019-03-02 02:02:02,475 [D] |:F:n:WD_3:wc.c:3	(at logger.py:129) 
2019-03-02 02:02:02,475 [D] └:F:n:WD_3:wc.c:2	(at logger.py:129) 
2019-03-02 02:02:02,490 [D] subprocess cmd: ['source compile.sh /home/bohrok/Documents/DM/output/orbs/wc/4/work'], stdout: b''	(at ex_script.py:45) 
2019-03-02 02:02:02,490 [D] -:F:n:WD_1:wc.c:3	(at logger.py:129) 
2019-03-02 02:02:02,505 [D] subprocess cmd: ['source compile.sh /home/bohrok/Documents/DM/output/orbs/wc/4/work'], stdout: b''	(at ex_script.py:45) 
2019-03-02 02:02:02,505 [D] ┌:F:n:WD_2:wc.c:3	(at logger.py:129) 
2019-03-02 02:02:02,505 [D] └:F:n:WD_2:wc.c:2	(at logger.py:129) 
2019-03-02 02:02:02,517 [D] subprocess cmd: ['source compile.sh /home/bohrok/Documents/DM/output/orbs/wc/4/work'], stdout: b''	(at ex_script.py:45) 
2019-03-02 02:02:02,517 [D] ┌:F:n:WD_3:wc.c:3	(at logger.py:129) 
2019-03-02 02:02:02,517 [D] |:F:n:WD_3:wc.c:2	(at logger.py:129) 
2019-03-02 02:02:02,517 [D] └:F:n:WD_3:wc.c:1	(at logger.py:129) 
2019-03-02 02:02:02,553 [D] -:P:c:WD_1:wc.c:2	(at logger.py:129) 
2019-03-02 02:02:02,600 [D] -:P:n:WD_1:wc.c:1	(at logger.py:129) 
2019-03-02 02:02:02,600 [D] comp_cached_cnt:1	(at logger.py:134) 
2019-03-02 02:02:02,600 [D] compile_cnt:85	(at logger.py:134) 
2019-03-02 02:02:02,600 [D] execute_cnt:19	(at logger.py:134) 
2019-03-02 02:02:02,600 [D] fail_del_cnt:10	(at logger.py:134) 
2019-03-02 02:02:02,600 [D] iter_idx:1	(at logger.py:134) 
2019-03-02 02:02:02,600 [D] reuse_cnt:15	(at logger.py:134) 
2019-03-02 02:02:02,600 [D] succ_del_cnt:24	(at logger.py:134) 
2019-03-02 02:02:02,601 [D] time:2.1417014598846436	(at logger.py:134) 
2019-03-02 02:02:02,601 [D] deletion:32	(at logger.py:136) 
2019-03-02 02:02:02,601 [I] Iteration 1 finished	(at orbs.py:87) 
2019-03-02 02:02:02,611 [D] subprocess cmd: ['source compile.sh /home/bohrok/Documents/DM/output/orbs/wc/4/work'], stdout: b''	(at ex_script.py:45) 
2019-03-02 02:02:02,612 [D] -:F:n:WD_1:wc.c:50	(at logger.py:129) 
2019-03-02 02:02:02,624 [D] subprocess cmd: ['source compile.sh /home/bohrok/Documents/DM/output/orbs/wc/4/work'], stdout: b''	(at ex_script.py:45) 
2019-03-02 02:02:02,624 [D] ┌:F:n:WD_2:wc.c:50	(at logger.py:129) 
2019-03-02 02:02:02,624 [D] └:F:n:WD_2:wc.c:49	(at logger.py:129) 
2019-03-02 02:02:02,637 [D] subprocess cmd: ['source compile.sh /home/bohrok/Documents/DM/output/orbs/wc/4/work'], stdout: b''	(at ex_script.py:45) 
2019-03-02 02:02:02,637 [D] ┌:F:n:WD_3:wc.c:50	(at logger.py:129) 
2019-03-02 02:02:02,637 [D] |:F:n:WD_3:wc.c:49	(at logger.py:129) 
2019-03-02 02:02:02,637 [D] └:F:n:WD_3:wc.c:43	(at logger.py:129) 
2019-03-02 02:02:02,650 [D] subprocess cmd: ['source compile.sh /home/bohrok/Documents/DM/output/orbs/wc/4/work'], stdout: b''	(at ex_script.py:45) 
2019-03-02 02:02:02,650 [D] -:F:n:WD_1:wc.c:49	(at logger.py:129) 
2019-03-02 02:02:02,685 [D] ┌:P:c:WD_2:wc.c:49	(at logger.py:129) 
2019-03-02 02:02:02,685 [D] └:P:c:WD_2:wc.c:43	(at logger.py:129) 
2019-03-02 02:02:02,685 [D]  : : :pass:wc.c:48	(at logger.py:129) 
2019-03-02 02:02:02,685 [D]  : : :pass:wc.c:47	(at logger.py:129) 
2019-03-02 02:02:02,685 [D]  : : :pass:wc.c:46	(at logger.py:129) 
2019-03-02 02:02:02,685 [D]  : : :pass:wc.c:45	(at logger.py:129) 
2019-03-02 02:02:02,685 [D]  : : :pass:wc.c:44	(at logger.py:129) 
2019-03-02 02:02:02,685 [D]  : : :pass:wc.c:43	(at logger.py:129) 
2019-03-02 02:02:02,685 [D]  : : :pass:wc.c:42	(at logger.py:129) 
2019-03-02 02:02:02,685 [D]  : : :pass:wc.c:41	(at logger.py:129) 
2019-03-02 02:02:02,685 [D]  : : :pass:wc.c:40	(at logger.py:129) 
2019-03-02 02:02:02,696 [D] subprocess cmd: ['source compile.sh /home/bohrok/Documents/DM/output/orbs/wc/4/work'], stdout: b''	(at ex_script.py:45) 
2019-03-02 02:02:02,696 [D] -:F:n:WD_1:wc.c:39	(at logger.py:129) 
2019-03-02 02:02:02,707 [D] subprocess cmd: ['source compile.sh /home/bohrok/Documents/DM/output/orbs/wc/4/work'], stdout: b''	(at ex_script.py:45) 
2019-03-02 02:02:02,707 [D] ┌:F:n:WD_2:wc.c:39	(at logger.py:129) 
2019-03-02 02:02:02,707 [D] └:F:n:WD_2:wc.c:38	(at logger.py:129) 
2019-03-02 02:02:02,757 [D] ┌:P:n:WD_3:wc.c:39	(at logger.py:129) 
2019-03-02 02:02:02,757 [D] |:P:n:WD_3:wc.c:38	(at logger.py:129) 
2019-03-02 02:02:02,757 [D] └:P:n:WD_3:wc.c:37	(at logger.py:129) 
2019-03-02 02:02:02,757 [D]  : : :pass:wc.c:38	(at logger.py:129) 
2019-03-02 02:02:02,757 [D]  : : :pass:wc.c:37	(at logger.py:129) 
2019-03-02 02:02:02,769 [D] subprocess cmd: ['source compile.sh /home/bohrok/Documents/DM/output/orbs/wc/4/work'], stdout: b''	(at ex_script.py:45) 
2019-03-02 02:02:02,769 [D] -:F:n:WD_1:wc.c:36	(at logger.py:129) 
2019-03-02 02:02:02,781 [D] subprocess cmd: ['source compile.sh /home/bohrok/Documents/DM/output/orbs/wc/4/work'], stdout: b''	(at ex_script.py:45) 
2019-03-02 02:02:02,781 [D] ┌:F:n:WD_2:wc.c:36	(at logger.py:129) 
2019-03-02 02:02:02,781 [D] └:F:n:WD_2:wc.c:35	(at logger.py:129) 
2019-03-02 02:02:02,791 [D] subprocess cmd: ['source compile.sh /home/bohrok/Documents/DM/output/orbs/wc/4/work'], stdout: b''	(at ex_script.py:45) 
2019-03-02 02:02:02,792 [D] ┌:F:n:WD_3:wc.c:36	(at logger.py:129) 
2019-03-02 02:02:02,792 [D] |:F:n:WD_3:wc.c:35	(at logger.py:129) 
2019-03-02 02:02:02,792 [D] └:F:n:WD_3:wc.c:33	(at logger.py:129) 
2019-03-02 02:02:02,841 [D] -:C:n:WD_1:wc.c:35	(at logger.py:129) 
2019-03-02 02:02:02,855 [D] subprocess cmd: ['source compile.sh /home/bohrok/Documents/DM/output/orbs/wc/4/work'], stdout: b''	(at ex_script.py:45) 
2019-03-02 02:02:02,856 [D] ┌:F:n:WD_2:wc.c:35	(at logger.py:129) 
2019-03-02 02:02:02,856 [D] └:F:n:WD_2:wc.c:33	(at logger.py:129) 
2019-03-02 02:02:02,868 [D] subprocess cmd: ['source compile.sh /home/bohrok/Documents/DM/output/orbs/wc/4/work'], stdout: b''	(at ex_script.py:45) 
2019-03-02 02:02:02,868 [D] ┌:F:n:WD_3:wc.c:35	(at logger.py:129) 
2019-03-02 02:02:02,868 [D] |:F:n:WD_3:wc.c:33	(at logger.py:129) 
2019-03-02 02:02:02,868 [D] └:F:n:WD_3:wc.c:28	(at logger.py:129) 
2019-03-02 02:02:02,868 [D]  : : :pass:wc.c:34	(at logger.py:129) 
2019-03-02 02:02:02,880 [D] subprocess cmd: ['source compile.sh /home/bohrok/Documents/DM/output/orbs/wc/4/work'], stdout: b''	(at ex_script.py:45) 
2019-03-02 02:02:02,880 [D] -:F:n:WD_1:wc.c:33	(at logger.py:129) 
2019-03-02 02:02:02,891 [D] subprocess cmd: ['source compile.sh /home/bohrok/Documents/DM/output/orbs/wc/4/work'], stdout: b''	(at ex_script.py:45) 
2019-03-02 02:02:02,892 [D] ┌:F:n:WD_2:wc.c:33	(at logger.py:129) 
2019-03-02 02:02:02,892 [D] └:F:n:WD_2:wc.c:28	(at logger.py:129) 
2019-03-02 02:02:02,905 [D] subprocess cmd: ['source compile.sh /home/bohrok/Documents/DM/output/orbs/wc/4/work'], stdout: b''	(at ex_script.py:45) 
2019-03-02 02:02:02,905 [D] ┌:F:n:WD_3:wc.c:33	(at logger.py:129) 
2019-03-02 02:02:02,905 [D] |:F:n:WD_3:wc.c:28	(at logger.py:129) 
2019-03-02 02:02:02,905 [D] └:F:n:WD_3:wc.c:25	(at logger.py:129) 
2019-03-02 02:02:02,905 [D]  : : :pass:wc.c:32	(at logger.py:129) 
2019-03-02 02:02:02,905 [D]  : : :pass:wc.c:31	(at logger.py:129) 
2019-03-02 02:02:02,906 [D]  : : :pass:wc.c:30	(at logger.py:129) 
2019-03-02 02:02:02,906 [D]  : : :pass:wc.c:29	(at logger.py:129) 
2019-03-02 02:02:02,917 [D] subprocess cmd: ['source compile.sh /home/bohrok/Documents/DM/output/orbs/wc/4/work'], stdout: b''	(at ex_script.py:45) 
2019-03-02 02:02:02,918 [D] -:F:n:WD_1:wc.c:28	(at logger.py:129) 
2019-03-02 02:02:02,951 [D] ┌:P:c:WD_2:wc.c:28	(at logger.py:129) 
2019-03-02 02:02:02,951 [D] └:P:c:WD_2:wc.c:25	(at logger.py:129) 
2019-03-02 02:02:02,951 [D]  : : :pass:wc.c:27	(at logger.py:129) 
2019-03-02 02:02:02,951 [D]  : : :pass:wc.c:26	(at logger.py:129) 
2019-03-02 02:02:02,951 [D]  : : :pass:wc.c:25	(at logger.py:129) 
2019-03-02 02:02:02,952 [D]  : : :pass:wc.c:24	(at logger.py:129) 
2019-03-02 02:02:02,952 [D]  : : :pass:wc.c:23	(at logger.py:129) 
2019-03-02 02:02:02,952 [D]  : : :pass:wc.c:22	(at logger.py:129) 
2019-03-02 02:02:02,952 [D]  : : :pass:wc.c:21	(at logger.py:129) 
2019-03-02 02:02:02,952 [D]  : : :pass:wc.c:20	(at logger.py:129) 
2019-03-02 02:02:02,963 [D] subprocess cmd: ['source compile.sh /home/bohrok/Documents/DM/output/orbs/wc/4/work'], stdout: b''	(at ex_script.py:45) 
2019-03-02 02:02:02,963 [D] -:F:n:WD_1:wc.c:19	(at logger.py:129) 
2019-03-02 02:02:02,974 [D] subprocess cmd: ['source compile.sh /home/bohrok/Documents/DM/output/orbs/wc/4/work'], stdout: b''	(at ex_script.py:45) 
2019-03-02 02:02:02,974 [D] ┌:F:n:WD_2:wc.c:19	(at logger.py:129) 
2019-03-02 02:02:02,975 [D] └:F:n:WD_2:wc.c:16	(at logger.py:129) 
2019-03-02 02:02:02,988 [D] subprocess cmd: ['source compile.sh /home/bohrok/Documents/DM/output/orbs/wc/4/work'], stdout: b''	(at ex_script.py:45) 
2019-03-02 02:02:02,988 [D] ┌:F:n:WD_3:wc.c:19	(at logger.py:129) 
2019-03-02 02:02:02,988 [D] |:F:n:WD_3:wc.c:16	(at logger.py:129) 
2019-03-02 02:02:02,988 [D] └:F:n:WD_3:wc.c:15	(at logger.py:129) 
2019-03-02 02:02:02,988 [D]  : : :pass:wc.c:18	(at logger.py:129) 
2019-03-02 02:02:02,988 [D]  : : :pass:wc.c:17	(at logger.py:129) 
2019-03-02 02:02:03,001 [D] subprocess cmd: ['source compile.sh /home/bohrok/Documents/DM/output/orbs/wc/4/work'], stdout: b''	(at ex_script.py:45) 
2019-03-02 02:02:03,001 [D] -:F:n:WD_1:wc.c:16	(at logger.py:129) 
2019-03-02 02:02:03,012 [D] subprocess cmd: ['source compile.sh /home/bohrok/Documents/DM/output/orbs/wc/4/work'], stdout: b''	(at ex_script.py:45) 
2019-03-02 02:02:03,012 [D] ┌:F:n:WD_2:wc.c:16	(at logger.py:129) 
2019-03-02 02:02:03,012 [D] └:F:n:WD_2:wc.c:15	(at logger.py:129) 
2019-03-02 02:02:03,025 [D] subprocess cmd: ['source compile.sh /home/bohrok/Documents/DM/output/orbs/wc/4/work'], stdout: b''	(at ex_script.py:45) 
2019-03-02 02:02:03,025 [D] ┌:F:n:WD_3:wc.c:16	(at logger.py:129) 
2019-03-02 02:02:03,025 [D] |:F:n:WD_3:wc.c:15	(at logger.py:129) 
2019-03-02 02:02:03,025 [D] └:F:n:WD_3:wc.c:14	(at logger.py:129) 
2019-03-02 02:02:03,079 [D] -:C:n:WD_1:wc.c:15	(at logger.py:129) 
2019-03-02 02:02:03,126 [D] ┌:C:n:WD_2:wc.c:15	(at logger.py:129) 
2019-03-02 02:02:03,126 [D] └:C:n:WD_2:wc.c:14	(at logger.py:129) 
2019-03-02 02:02:03,139 [D] subprocess cmd: ['source compile.sh /home/bohrok/Documents/DM/output/orbs/wc/4/work'], stdout: b''	(at ex_script.py:45) 
2019-03-02 02:02:03,140 [D] ┌:F:n:WD_3:wc.c:15	(at logger.py:129) 
2019-03-02 02:02:03,140 [D] |:F:n:WD_3:wc.c:14	(at logger.py:129) 
2019-03-02 02:02:03,140 [D] └:F:n:WD_3:wc.c:9	(at logger.py:129) 
2019-03-02 02:02:03,186 [D] -:C:n:WD_1:wc.c:14	(at logger.py:129) 
2019-03-02 02:02:03,197 [D] subprocess cmd: ['source compile.sh /home/bohrok/Documents/DM/output/orbs/wc/4/work'], stdout: b''	(at ex_script.py:45) 
2019-03-02 02:02:03,198 [D] ┌:F:n:WD_2:wc.c:14	(at logger.py:129) 
2019-03-02 02:02:03,198 [D] └:F:n:WD_2:wc.c:9	(at logger.py:129) 
2019-03-02 02:02:03,208 [D] subprocess cmd: ['source compile.sh /home/bohrok/Documents/DM/output/orbs/wc/4/work'], stdout: b''	(at ex_script.py:45) 
2019-03-02 02:02:03,208 [D] ┌:F:n:WD_3:wc.c:14	(at logger.py:129) 
2019-03-02 02:02:03,208 [D] |:F:n:WD_3:wc.c:9	(at logger.py:129) 
2019-03-02 02:02:03,208 [D] └:F:n:WD_3:wc.c:4	(at logger.py:129) 
2019-03-02 02:02:03,208 [D]  : : :pass:wc.c:13	(at logger.py:129) 
2019-03-02 02:02:03,208 [D]  : : :pass:wc.c:12	(at logger.py:129) 
2019-03-02 02:02:03,208 [D]  : : :pass:wc.c:11	(at logger.py:129) 
2019-03-02 02:02:03,208 [D]  : : :pass:wc.c:10	(at logger.py:129) 
2019-03-02 02:02:03,221 [D] subprocess cmd: ['source compile.sh /home/bohrok/Documents/DM/output/orbs/wc/4/work'], stdout: b''	(at ex_script.py:45) 
2019-03-02 02:02:03,221 [D] -:F:n:WD_1:wc.c:9	(at logger.py:129) 
2019-03-02 02:02:03,232 [D] subprocess cmd: ['source compile.sh /home/bohrok/Documents/DM/output/orbs/wc/4/work'], stdout: b''	(at ex_script.py:45) 
2019-03-02 02:02:03,232 [D] ┌:F:n:WD_2:wc.c:9	(at logger.py:129) 
2019-03-02 02:02:03,232 [D] └:F:n:WD_2:wc.c:4	(at logger.py:129) 
2019-03-02 02:02:03,243 [D] subprocess cmd: ['source compile.sh /home/bohrok/Documents/DM/output/orbs/wc/4/work'], stdout: b''	(at ex_script.py:45) 
2019-03-02 02:02:03,243 [D] ┌:F:n:WD_3:wc.c:9	(at logger.py:129) 
2019-03-02 02:02:03,243 [D] |:F:n:WD_3:wc.c:4	(at logger.py:129) 
2019-03-02 02:02:03,243 [D] └:F:n:WD_3:wc.c:3	(at logger.py:129) 
2019-03-02 02:02:03,243 [D]  : : :pass:wc.c:8	(at logger.py:129) 
2019-03-02 02:02:03,243 [D]  : : :pass:wc.c:7	(at logger.py:129) 
2019-03-02 02:02:03,243 [D]  : : :pass:wc.c:6	(at logger.py:129) 
2019-03-02 02:02:03,243 [D]  : : :pass:wc.c:5	(at logger.py:129) 
2019-03-02 02:02:03,257 [D] subprocess cmd: ['source compile.sh /home/bohrok/Documents/DM/output/orbs/wc/4/work'], stdout: b''	(at ex_script.py:45) 
2019-03-02 02:02:03,257 [D] -:F:n:WD_1:wc.c:4	(at logger.py:129) 
2019-03-02 02:02:03,270 [D] subprocess cmd: ['source compile.sh /home/bohrok/Documents/DM/output/orbs/wc/4/work'], stdout: b''	(at ex_script.py:45) 
2019-03-02 02:02:03,270 [D] ┌:F:n:WD_2:wc.c:4	(at logger.py:129) 
2019-03-02 02:02:03,270 [D] └:F:n:WD_2:wc.c:3	(at logger.py:129) 
2019-03-02 02:02:03,270 [D] ┌:F:n:WD_3:wc.c:4	(at logger.py:129) 
2019-03-02 02:02:03,270 [D] └:F:n:WD_3:wc.c:3	(at logger.py:129) 
2019-03-02 02:02:03,281 [D] subprocess cmd: ['source compile.sh /home/bohrok/Documents/DM/output/orbs/wc/4/work'], stdout: b''	(at ex_script.py:45) 
2019-03-02 02:02:03,281 [D] -:F:n:WD_1:wc.c:3	(at logger.py:129) 
2019-03-02 02:02:03,282 [D] -:F:n:WD_2:wc.c:3	(at logger.py:129) 
2019-03-02 02:02:03,282 [D] -:F:n:WD_3:wc.c:3	(at logger.py:129) 
2019-03-02 02:02:03,282 [D]  : : :pass:wc.c:2	(at logger.py:129) 
2019-03-02 02:02:03,282 [D]  : : :pass:wc.c:1	(at logger.py:129) 
2019-03-02 02:02:03,282 [D] comp_cached_cnt:3	(at logger.py:134) 
2019-03-02 02:02:03,282 [D] compile_cnt:37	(at logger.py:134) 
2019-03-02 02:02:03,282 [D] execute_cnt:5	(at logger.py:134) 
2019-03-02 02:02:03,282 [D] fail_del_cnt:4	(at logger.py:134) 
2019-03-02 02:02:03,282 [D] iter_idx:2	(at logger.py:134) 
2019-03-02 02:02:03,282 [D] reuse_cnt:2	(at logger.py:134) 
2019-03-02 02:02:03,282 [D] succ_del_cnt:3	(at logger.py:134) 
2019-03-02 02:02:03,282 [D] time:0.6808443069458008	(at logger.py:134) 
2019-03-02 02:02:03,282 [D] deletion:39	(at logger.py:136) 
2019-03-02 02:02:03,283 [I] Iteration 2 finished	(at orbs.py:87) 
2019-03-02 02:02:03,293 [D] subprocess cmd: ['source compile.sh /home/bohrok/Documents/DM/output/orbs/wc/4/work'], stdout: b''	(at ex_script.py:45) 
2019-03-02 02:02:03,293 [D] -:F:n:WD_1:wc.c:50	(at logger.py:129) 
2019-03-02 02:02:03,307 [D] subprocess cmd: ['source compile.sh /home/bohrok/Documents/DM/output/orbs/wc/4/work'], stdout: b''	(at ex_script.py:45) 
2019-03-02 02:02:03,307 [D] ┌:F:n:WD_2:wc.c:50	(at logger.py:129) 
2019-03-02 02:02:03,307 [D] └:F:n:WD_2:wc.c:36	(at logger.py:129) 
2019-03-02 02:02:03,320 [D] subprocess cmd: ['source compile.sh /home/bohrok/Documents/DM/output/orbs/wc/4/work'], stdout: b''	(at ex_script.py:45) 
2019-03-02 02:02:03,320 [D] ┌:F:n:WD_3:wc.c:50	(at logger.py:129) 
2019-03-02 02:02:03,320 [D] |:F:n:WD_3:wc.c:36	(at logger.py:129) 
2019-03-02 02:02:03,320 [D] └:F:n:WD_3:wc.c:35	(at logger.py:129) 
2019-03-02 02:02:03,320 [D]  : : :pass:wc.c:49	(at logger.py:129) 
2019-03-02 02:02:03,320 [D]  : : :pass:wc.c:48	(at logger.py:129) 
2019-03-02 02:02:03,320 [D]  : : :pass:wc.c:47	(at logger.py:129) 
2019-03-02 02:02:03,320 [D]  : : :pass:wc.c:46	(at logger.py:129) 
2019-03-02 02:02:03,320 [D]  : : :pass:wc.c:45	(at logger.py:129) 
2019-03-02 02:02:03,320 [D]  : : :pass:wc.c:44	(at logger.py:129) 
2019-03-02 02:02:03,320 [D]  : : :pass:wc.c:43	(at logger.py:129) 
2019-03-02 02:02:03,321 [D]  : : :pass:wc.c:42	(at logger.py:129) 
2019-03-02 02:02:03,321 [D]  : : :pass:wc.c:41	(at logger.py:129) 
2019-03-02 02:02:03,321 [D]  : : :pass:wc.c:40	(at logger.py:129) 
2019-03-02 02:02:03,321 [D]  : : :pass:wc.c:39	(at logger.py:129) 
2019-03-02 02:02:03,321 [D]  : : :pass:wc.c:38	(at logger.py:129) 
2019-03-02 02:02:03,321 [D]  : : :pass:wc.c:37	(at logger.py:129) 
2019-03-02 02:02:03,332 [D] subprocess cmd: ['source compile.sh /home/bohrok/Documents/DM/output/orbs/wc/4/work'], stdout: b''	(at ex_script.py:45) 
2019-03-02 02:02:03,332 [D] -:F:n:WD_1:wc.c:36	(at logger.py:129) 
2019-03-02 02:02:03,342 [D] subprocess cmd: ['source compile.sh /home/bohrok/Documents/DM/output/orbs/wc/4/work'], stdout: b''	(at ex_script.py:45) 
2019-03-02 02:02:03,342 [D] ┌:F:n:WD_2:wc.c:36	(at logger.py:129) 
2019-03-02 02:02:03,342 [D] └:F:n:WD_2:wc.c:35	(at logger.py:129) 
2019-03-02 02:02:03,356 [D] subprocess cmd: ['source compile.sh /home/bohrok/Documents/DM/output/orbs/wc/4/work'], stdout: b''	(at ex_script.py:45) 
2019-03-02 02:02:03,356 [D] ┌:F:n:WD_3:wc.c:36	(at logger.py:129) 
2019-03-02 02:02:03,356 [D] |:F:n:WD_3:wc.c:35	(at logger.py:129) 
2019-03-02 02:02:03,356 [D] └:F:n:WD_3:wc.c:33	(at logger.py:129) 
2019-03-02 02:02:03,387 [D] -:C:c:WD_1:wc.c:35	(at logger.py:129) 
2019-03-02 02:02:03,398 [D] subprocess cmd: ['source compile.sh /home/bohrok/Documents/DM/output/orbs/wc/4/work'], stdout: b''	(at ex_script.py:45) 
2019-03-02 02:02:03,399 [D] ┌:F:n:WD_2:wc.c:35	(at logger.py:129) 
2019-03-02 02:02:03,399 [D] └:F:n:WD_2:wc.c:33	(at logger.py:129) 
2019-03-02 02:02:03,428 [D] ┌:C:c:WD_3:wc.c:35	(at logger.py:129) 
2019-03-02 02:02:03,429 [D] |:C:c:WD_3:wc.c:33	(at logger.py:129) 
2019-03-02 02:02:03,429 [D] └:C:c:WD_3:wc.c:19	(at logger.py:129) 
2019-03-02 02:02:03,429 [D]  : : :pass:wc.c:34	(at logger.py:129) 
2019-03-02 02:02:03,429 [D] -:F:n:WD_1:wc.c:33	(at logger.py:129) 
2019-03-02 02:02:03,460 [D] ┌:P:c:WD_2:wc.c:33	(at logger.py:129) 
2019-03-02 02:02:03,460 [D] └:P:c:WD_2:wc.c:19	(at logger.py:129) 
2019-03-02 02:02:03,460 [D]  : : :pass:wc.c:32	(at logger.py:129) 
2019-03-02 02:02:03,460 [D]  : : :pass:wc.c:31	(at logger.py:129) 
2019-03-02 02:02:03,461 [D]  : : :pass:wc.c:30	(at logger.py:129) 
2019-03-02 02:02:03,461 [D]  : : :pass:wc.c:29	(at logger.py:129) 
2019-03-02 02:02:03,461 [D]  : : :pass:wc.c:28	(at logger.py:129) 
2019-03-02 02:02:03,461 [D]  : : :pass:wc.c:27	(at logger.py:129) 
2019-03-02 02:02:03,461 [D]  : : :pass:wc.c:26	(at logger.py:129) 
2019-03-02 02:02:03,461 [D]  : : :pass:wc.c:25	(at logger.py:129) 
2019-03-02 02:02:03,461 [D]  : : :pass:wc.c:24	(at logger.py:129) 
2019-03-02 02:02:03,461 [D]  : : :pass:wc.c:23	(at logger.py:129) 
2019-03-02 02:02:03,461 [D]  : : :pass:wc.c:22	(at logger.py:129) 
2019-03-02 02:02:03,461 [D]  : : :pass:wc.c:21	(at logger.py:129) 
2019-03-02 02:02:03,461 [D]  : : :pass:wc.c:20	(at logger.py:129) 
2019-03-02 02:02:03,461 [D]  : : :pass:wc.c:19	(at logger.py:129) 
2019-03-02 02:02:03,461 [D]  : : :pass:wc.c:18	(at logger.py:129) 
2019-03-02 02:02:03,461 [D]  : : :pass:wc.c:17	(at logger.py:129) 
2019-03-02 02:02:03,474 [D] subprocess cmd: ['source compile.sh /home/bohrok/Documents/DM/output/orbs/wc/4/work'], stdout: b''	(at ex_script.py:45) 
2019-03-02 02:02:03,474 [D] -:F:n:WD_1:wc.c:16	(at logger.py:129) 
2019-03-02 02:02:03,486 [D] subprocess cmd: ['source compile.sh /home/bohrok/Documents/DM/output/orbs/wc/4/work'], stdout: b''	(at ex_script.py:45) 
2019-03-02 02:02:03,486 [D] ┌:F:n:WD_2:wc.c:16	(at logger.py:129) 
2019-03-02 02:02:03,486 [D] └:F:n:WD_2:wc.c:15	(at logger.py:129) 
2019-03-02 02:02:03,496 [D] subprocess cmd: ['source compile.sh /home/bohrok/Documents/DM/output/orbs/wc/4/work'], stdout: b''	(at ex_script.py:45) 
2019-03-02 02:02:03,497 [D] ┌:F:n:WD_3:wc.c:16	(at logger.py:129) 
2019-03-02 02:02:03,497 [D] |:F:n:WD_3:wc.c:15	(at logger.py:129) 
2019-03-02 02:02:03,497 [D] └:F:n:WD_3:wc.c:14	(at logger.py:129) 
2019-03-02 02:02:03,530 [D] -:C:c:WD_1:wc.c:15	(at logger.py:129) 
2019-03-02 02:02:03,562 [D] ┌:C:c:WD_2:wc.c:15	(at logger.py:129) 
2019-03-02 02:02:03,562 [D] └:C:c:WD_2:wc.c:14	(at logger.py:129) 
2019-03-02 02:02:03,573 [D] subprocess cmd: ['source compile.sh /home/bohrok/Documents/DM/output/orbs/wc/4/work'], stdout: b''	(at ex_script.py:45) 
2019-03-02 02:02:03,573 [D] ┌:F:n:WD_3:wc.c:15	(at logger.py:129) 
2019-03-02 02:02:03,573 [D] |:F:n:WD_3:wc.c:14	(at logger.py:129) 
2019-03-02 02:02:03,573 [D] └:F:n:WD_3:wc.c:9	(at logger.py:129) 
2019-03-02 02:02:03,604 [D] -:C:c:WD_1:wc.c:14	(at logger.py:129) 
2019-03-02 02:02:03,615 [D] subprocess cmd: ['source compile.sh /home/bohrok/Documents/DM/output/orbs/wc/4/work'], stdout: b''	(at ex_script.py:45) 
2019-03-02 02:02:03,616 [D] ┌:F:n:WD_2:wc.c:14	(at logger.py:129) 
2019-03-02 02:02:03,616 [D] └:F:n:WD_2:wc.c:9	(at logger.py:129) 
2019-03-02 02:02:03,625 [D] subprocess cmd: ['source compile.sh /home/bohrok/Documents/DM/output/orbs/wc/4/work'], stdout: b''	(at ex_script.py:45) 
2019-03-02 02:02:03,625 [D] ┌:F:n:WD_3:wc.c:14	(at logger.py:129) 
2019-03-02 02:02:03,626 [D] |:F:n:WD_3:wc.c:9	(at logger.py:129) 
2019-03-02 02:02:03,626 [D] └:F:n:WD_3:wc.c:4	(at logger.py:129) 
2019-03-02 02:02:03,626 [D]  : : :pass:wc.c:13	(at logger.py:129) 
2019-03-02 02:02:03,626 [D]  : : :pass:wc.c:12	(at logger.py:129) 
2019-03-02 02:02:03,626 [D]  : : :pass:wc.c:11	(at logger.py:129) 
2019-03-02 02:02:03,626 [D]  : : :pass:wc.c:10	(at logger.py:129) 
2019-03-02 02:02:03,638 [D] subprocess cmd: ['source compile.sh /home/bohrok/Documents/DM/output/orbs/wc/4/work'], stdout: b''	(at ex_script.py:45) 
2019-03-02 02:02:03,638 [D] -:F:n:WD_1:wc.c:9	(at logger.py:129) 
2019-03-02 02:02:03,648 [D] subprocess cmd: ['source compile.sh /home/bohrok/Documents/DM/output/orbs/wc/4/work'], stdout: b''	(at ex_script.py:45) 
2019-03-02 02:02:03,649 [D] ┌:F:n:WD_2:wc.c:9	(at logger.py:129) 
2019-03-02 02:02:03,649 [D] └:F:n:WD_2:wc.c:4	(at logger.py:129) 
2019-03-02 02:02:03,661 [D] subprocess cmd: ['source compile.sh /home/bohrok/Documents/DM/output/orbs/wc/4/work'], stdout: b''	(at ex_script.py:45) 
2019-03-02 02:02:03,661 [D] ┌:F:n:WD_3:wc.c:9	(at logger.py:129) 
2019-03-02 02:02:03,661 [D] |:F:n:WD_3:wc.c:4	(at logger.py:129) 
2019-03-02 02:02:03,661 [D] └:F:n:WD_3:wc.c:3	(at logger.py:129) 
2019-03-02 02:02:03,662 [D]  : : :pass:wc.c:8	(at logger.py:129) 
2019-03-02 02:02:03,662 [D]  : : :pass:wc.c:7	(at logger.py:129) 
2019-03-02 02:02:03,662 [D]  : : :pass:wc.c:6	(at logger.py:129) 
2019-03-02 02:02:03,662 [D]  : : :pass:wc.c:5	(at logger.py:129) 
2019-03-02 02:02:03,676 [D] subprocess cmd: ['source compile.sh /home/bohrok/Documents/DM/output/orbs/wc/4/work'], stdout: b''	(at ex_script.py:45) 
2019-03-02 02:02:03,676 [D] -:F:n:WD_1:wc.c:4	(at logger.py:129) 
2019-03-02 02:02:03,689 [D] subprocess cmd: ['source compile.sh /home/bohrok/Documents/DM/output/orbs/wc/4/work'], stdout: b''	(at ex_script.py:45) 
2019-03-02 02:02:03,689 [D] ┌:F:n:WD_2:wc.c:4	(at logger.py:129) 
2019-03-02 02:02:03,690 [D] └:F:n:WD_2:wc.c:3	(at logger.py:129) 
2019-03-02 02:02:03,690 [D] ┌:F:n:WD_3:wc.c:4	(at logger.py:129) 
2019-03-02 02:02:03,690 [D] └:F:n:WD_3:wc.c:3	(at logger.py:129) 
2019-03-02 02:02:03,701 [D] subprocess cmd: ['source compile.sh /home/bohrok/Documents/DM/output/orbs/wc/4/work'], stdout: b''	(at ex_script.py:45) 
2019-03-02 02:02:03,702 [D] -:F:n:WD_1:wc.c:3	(at logger.py:129) 
2019-03-02 02:02:03,702 [D] -:F:n:WD_2:wc.c:3	(at logger.py:129) 
2019-03-02 02:02:03,702 [D] -:F:n:WD_3:wc.c:3	(at logger.py:129) 
2019-03-02 02:02:03,702 [D]  : : :pass:wc.c:2	(at logger.py:129) 
2019-03-02 02:02:03,702 [D]  : : :pass:wc.c:1	(at logger.py:129) 
2019-03-02 02:02:03,702 [D] comp_cached_cnt:4	(at logger.py:134) 
2019-03-02 02:02:03,702 [D] compile_cnt:25	(at logger.py:134) 
2019-03-02 02:02:03,702 [D] execute_cnt:0	(at logger.py:134) 
2019-03-02 02:02:03,702 [D] fail_del_cnt:5	(at logger.py:134) 
2019-03-02 02:02:03,702 [D] iter_idx:3	(at logger.py:134) 
2019-03-02 02:02:03,702 [D] reuse_cnt:6	(at logger.py:134) 
2019-03-02 02:02:03,702 [D] succ_del_cnt:1	(at logger.py:134) 
2019-03-02 02:02:03,702 [D] time:0.41902589797973633	(at logger.py:134) 
2019-03-02 02:02:03,702 [D] deletion:41	(at logger.py:136) 
2019-03-02 02:02:03,703 [I] Iteration 3 finished	(at orbs.py:87) 
2019-03-02 02:02:03,714 [D] subprocess cmd: ['source compile.sh /home/bohrok/Documents/DM/output/orbs/wc/4/work'], stdout: b''	(at ex_script.py:45) 
2019-03-02 02:02:03,715 [D] -:F:n:WD_1:wc.c:50	(at logger.py:129) 
2019-03-02 02:02:03,726 [D] subprocess cmd: ['source compile.sh /home/bohrok/Documents/DM/output/orbs/wc/4/work'], stdout: b''	(at ex_script.py:45) 
2019-03-02 02:02:03,726 [D] ┌:F:n:WD_2:wc.c:50	(at logger.py:129) 
2019-03-02 02:02:03,726 [D] └:F:n:WD_2:wc.c:36	(at logger.py:129) 
2019-03-02 02:02:03,740 [D] subprocess cmd: ['source compile.sh /home/bohrok/Documents/DM/output/orbs/wc/4/work'], stdout: b''	(at ex_script.py:45) 
2019-03-02 02:02:03,740 [D] ┌:F:n:WD_3:wc.c:50	(at logger.py:129) 
2019-03-02 02:02:03,740 [D] |:F:n:WD_3:wc.c:36	(at logger.py:129) 
2019-03-02 02:02:03,740 [D] └:F:n:WD_3:wc.c:35	(at logger.py:129) 
2019-03-02 02:02:03,740 [D]  : : :pass:wc.c:49	(at logger.py:129) 
2019-03-02 02:02:03,740 [D]  : : :pass:wc.c:48	(at logger.py:129) 
2019-03-02 02:02:03,740 [D]  : : :pass:wc.c:47	(at logger.py:129) 
2019-03-02 02:02:03,740 [D]  : : :pass:wc.c:46	(at logger.py:129) 
2019-03-02 02:02:03,740 [D]  : : :pass:wc.c:45	(at logger.py:129) 
2019-03-02 02:02:03,740 [D]  : : :pass:wc.c:44	(at logger.py:129) 
2019-03-02 02:02:03,740 [D]  : : :pass:wc.c:43	(at logger.py:129) 
2019-03-02 02:02:03,740 [D]  : : :pass:wc.c:42	(at logger.py:129) 
2019-03-02 02:02:03,741 [D]  : : :pass:wc.c:41	(at logger.py:129) 
2019-03-02 02:02:03,741 [D]  : : :pass:wc.c:40	(at logger.py:129) 
2019-03-02 02:02:03,741 [D]  : : :pass:wc.c:39	(at logger.py:129) 
2019-03-02 02:02:03,741 [D]  : : :pass:wc.c:38	(at logger.py:129) 
2019-03-02 02:02:03,741 [D]  : : :pass:wc.c:37	(at logger.py:129) 
2019-03-02 02:02:03,753 [D] subprocess cmd: ['source compile.sh /home/bohrok/Documents/DM/output/orbs/wc/4/work'], stdout: b''	(at ex_script.py:45) 
2019-03-02 02:02:03,753 [D] -:F:n:WD_1:wc.c:36	(at logger.py:129) 
2019-03-02 02:02:03,767 [D] subprocess cmd: ['source compile.sh /home/bohrok/Documents/DM/output/orbs/wc/4/work'], stdout: b''	(at ex_script.py:45) 
2019-03-02 02:02:03,767 [D] ┌:F:n:WD_2:wc.c:36	(at logger.py:129) 
2019-03-02 02:02:03,767 [D] └:F:n:WD_2:wc.c:35	(at logger.py:129) 
2019-03-02 02:02:03,786 [D] subprocess cmd: ['source compile.sh /home/bohrok/Documents/DM/output/orbs/wc/4/work'], stdout: b''	(at ex_script.py:45) 
2019-03-02 02:02:03,786 [D] ┌:F:n:WD_3:wc.c:36	(at logger.py:129) 
2019-03-02 02:02:03,786 [D] |:F:n:WD_3:wc.c:35	(at logger.py:129) 
2019-03-02 02:02:03,787 [D] └:F:n:WD_3:wc.c:16	(at logger.py:129) 
2019-03-02 02:02:03,787 [D] -:C:c:WD_1:wc.c:35	(at logger.py:129) 
2019-03-02 02:02:03,800 [D] subprocess cmd: ['source compile.sh /home/bohrok/Documents/DM/output/orbs/wc/4/work'], stdout: b''	(at ex_script.py:45) 
2019-03-02 02:02:03,800 [D] ┌:F:n:WD_2:wc.c:35	(at logger.py:129) 
2019-03-02 02:02:03,800 [D] └:F:n:WD_2:wc.c:16	(at logger.py:129) 
2019-03-02 02:02:03,801 [D] ┌:F:n:WD_3:wc.c:35	(at logger.py:129) 
2019-03-02 02:02:03,801 [D] |:F:n:WD_3:wc.c:16	(at logger.py:129) 
2019-03-02 02:02:03,801 [D] └:F:n:WD_3:wc.c:15	(at logger.py:129) 
2019-03-02 02:02:03,801 [D]  : : :pass:wc.c:34	(at logger.py:129) 
2019-03-02 02:02:03,801 [D]  : : :pass:wc.c:33	(at logger.py:129) 
2019-03-02 02:02:03,801 [D]  : : :pass:wc.c:32	(at logger.py:129) 
2019-03-02 02:02:03,801 [D]  : : :pass:wc.c:31	(at logger.py:129) 
2019-03-02 02:02:03,801 [D]  : : :pass:wc.c:30	(at logger.py:129) 
2019-03-02 02:02:03,801 [D]  : : :pass:wc.c:29	(at logger.py:129) 
2019-03-02 02:02:03,801 [D]  : : :pass:wc.c:28	(at logger.py:129) 
2019-03-02 02:02:03,801 [D]  : : :pass:wc.c:27	(at logger.py:129) 
2019-03-02 02:02:03,801 [D]  : : :pass:wc.c:26	(at logger.py:129) 
2019-03-02 02:02:03,801 [D]  : : :pass:wc.c:25	(at logger.py:129) 
2019-03-02 02:02:03,801 [D]  : : :pass:wc.c:24	(at logger.py:129) 
2019-03-02 02:02:03,801 [D]  : : :pass:wc.c:23	(at logger.py:129) 
2019-03-02 02:02:03,801 [D]  : : :pass:wc.c:22	(at logger.py:129) 
2019-03-02 02:02:03,801 [D]  : : :pass:wc.c:21	(at logger.py:129) 
2019-03-02 02:02:03,801 [D]  : : :pass:wc.c:20	(at logger.py:129) 
2019-03-02 02:02:03,801 [D]  : : :pass:wc.c:19	(at logger.py:129) 
2019-03-02 02:02:03,802 [D]  : : :pass:wc.c:18	(at logger.py:129) 
2019-03-02 02:02:03,802 [D]  : : :pass:wc.c:17	(at logger.py:129) 
2019-03-02 02:02:03,802 [D] -:F:n:WD_1:wc.c:16	(at logger.py:129) 
2019-03-02 02:02:03,802 [D] ┌:F:n:WD_2:wc.c:16	(at logger.py:129) 
2019-03-02 02:02:03,802 [D] └:F:n:WD_2:wc.c:15	(at logger.py:129) 
2019-03-02 02:02:03,802 [D] ┌:F:n:WD_3:wc.c:16	(at logger.py:129) 
2019-03-02 02:02:03,802 [D] |:F:n:WD_3:wc.c:15	(at logger.py:129) 
2019-03-02 02:02:03,802 [D] └:F:n:WD_3:wc.c:14	(at logger.py:129) 
2019-03-02 02:02:03,802 [D] -:C:c:WD_1:wc.c:15	(at logger.py:129) 
2019-03-02 02:02:03,802 [D] ┌:C:c:WD_2:wc.c:15	(at logger.py:129) 
2019-03-02 02:02:03,802 [D] └:C:c:WD_2:wc.c:14	(at logger.py:129) 
2019-03-02 02:02:03,802 [D] ┌:F:n:WD_3:wc.c:15	(at logger.py:129) 
2019-03-02 02:02:03,802 [D] |:F:n:WD_3:wc.c:14	(at logger.py:129) 
2019-03-02 02:02:03,802 [D] └:F:n:WD_3:wc.c:9	(at logger.py:129) 
2019-03-02 02:02:03,803 [D] -:C:c:WD_1:wc.c:14	(at logger.py:129) 
2019-03-02 02:02:03,803 [D] ┌:F:n:WD_2:wc.c:14	(at logger.py:129) 
2019-03-02 02:02:03,803 [D] └:F:n:WD_2:wc.c:9	(at logger.py:129) 
2019-03-02 02:02:03,803 [D] ┌:F:n:WD_3:wc.c:14	(at logger.py:129) 
2019-03-02 02:02:03,803 [D] |:F:n:WD_3:wc.c:9	(at logger.py:129) 
2019-03-02 02:02:03,803 [D] └:F:n:WD_3:wc.c:4	(at logger.py:129) 
2019-03-02 02:02:03,803 [D]  : : :pass:wc.c:13	(at logger.py:129) 
2019-03-02 02:02:03,803 [D]  : : :pass:wc.c:12	(at logger.py:129) 
2019-03-02 02:02:03,803 [D]  : : :pass:wc.c:11	(at logger.py:129) 
2019-03-02 02:02:03,803 [D]  : : :pass:wc.c:10	(at logger.py:129) 
2019-03-02 02:02:03,803 [D] -:F:n:WD_1:wc.c:9	(at logger.py:129) 
2019-03-02 02:02:03,803 [D] ┌:F:n:WD_2:wc.c:9	(at logger.py:129) 
2019-03-02 02:02:03,803 [D] └:F:n:WD_2:wc.c:4	(at logger.py:129) 
2019-03-02 02:02:03,803 [D] ┌:F:n:WD_3:wc.c:9	(at logger.py:129) 
2019-03-02 02:02:03,803 [D] |:F:n:WD_3:wc.c:4	(at logger.py:129) 
2019-03-02 02:02:03,803 [D] └:F:n:WD_3:wc.c:3	(at logger.py:129) 
2019-03-02 02:02:03,804 [D]  : : :pass:wc.c:8	(at logger.py:129) 
2019-03-02 02:02:03,804 [D]  : : :pass:wc.c:7	(at logger.py:129) 
2019-03-02 02:02:03,804 [D]  : : :pass:wc.c:6	(at logger.py:129) 
2019-03-02 02:02:03,804 [D]  : : :pass:wc.c:5	(at logger.py:129) 
2019-03-02 02:02:03,804 [D] -:F:n:WD_1:wc.c:4	(at logger.py:129) 
2019-03-02 02:02:03,804 [D] ┌:F:n:WD_2:wc.c:4	(at logger.py:129) 
2019-03-02 02:02:03,804 [D] └:F:n:WD_2:wc.c:3	(at logger.py:129) 
2019-03-02 02:02:03,804 [D] ┌:F:n:WD_3:wc.c:4	(at logger.py:129) 
2019-03-02 02:02:03,804 [D] └:F:n:WD_3:wc.c:3	(at logger.py:129) 
2019-03-02 02:02:03,804 [D] -:F:n:WD_1:wc.c:3	(at logger.py:129) 
2019-03-02 02:02:03,804 [D] -:F:n:WD_2:wc.c:3	(at logger.py:129) 
2019-03-02 02:02:03,804 [D] -:F:n:WD_3:wc.c:3	(at logger.py:129) 
2019-03-02 02:02:03,804 [D]  : : :pass:wc.c:2	(at logger.py:129) 
2019-03-02 02:02:03,804 [D]  : : :pass:wc.c:1	(at logger.py:129) 
2019-03-02 02:02:03,804 [D] comp_cached_cnt:20	(at logger.py:134) 
2019-03-02 02:02:03,804 [D] compile_cnt:7	(at logger.py:134) 
2019-03-02 02:02:03,805 [D] execute_cnt:0	(at logger.py:134) 
2019-03-02 02:02:03,805 [D] fail_del_cnt:4	(at logger.py:134) 
2019-03-02 02:02:03,805 [D] iter_idx:4	(at logger.py:134) 
2019-03-02 02:02:03,805 [D] reuse_cnt:4	(at logger.py:134) 
2019-03-02 02:02:03,805 [D] succ_del_cnt:0	(at logger.py:134) 
2019-03-02 02:02:03,805 [D] time:0.1015017032623291	(at logger.py:134) 
2019-03-02 02:02:03,805 [D] deletion:41	(at logger.py:136) 
2019-03-02 02:02:03,805 [I] Iteration 4 finished	(at orbs.py:87) 
2019-03-02 02:02:03,805 [D] total_lines:50	(at logger.py:74) 
2019-03-02 02:02:03,805 [D] iteration_cnt:4	(at logger.py:75) 
2019-03-02 02:02:03,805 [D] comp_cached_cnt:28	(at logger.py:79) 
2019-03-02 02:02:03,805 [D] compile_cnt:154	(at logger.py:79) 
2019-03-02 02:02:03,805 [D] execute_cnt:24	(at logger.py:79) 
2019-03-02 02:02:03,805 [D] fail_del_cnt:23	(at logger.py:79) 
2019-03-02 02:02:03,805 [D] reuse_cnt:27	(at logger.py:79) 
2019-03-02 02:02:03,805 [D] succ_del_cnt:28	(at logger.py:79) 
2019-03-02 02:02:03,806 [D] time:3.34731388092041	(at logger.py:80) 
2019-03-02 02:02:03,806 [D] deletion:41	(at logger.py:82) 
2019-03-02 02:02:03,806 [I] ORBS fin.	(at orbs.py:91) 
2019-03-02 02:02:03,806 [I] ===== END - RUN ==============================================	(at main.py:95) 
2019-03-02 02:02:03,806 [I] 	(at main.py:96) 
