2019-03-02 21:45:56,096 [I] output_path: output/model/wc/random/simple_bayes	(at model.py:166) 
2019-03-02 21:45:56,097 [D] self._size = 21	(at cstmt_factor_manager.py:79) 
2019-03-02 21:45:56,097 [D] self._factor[0] = ('wc.c', [10:5 - 10:20])	(at cstmt_factor_manager.py:80) 
2019-03-02 21:45:56,097 [D] self._compile_script = output/original/wc/scripts/compile.sh	(at response_manager.py:17) 
2019-03-02 21:45:56,097 [D] self._test_suite[0] = output/original/wc/scripts/test/tc1.sh	(at response_manager.py:18) 
2019-03-02 21:45:56,097 [I] factor_size: 21	(at model.py:121) 
2019-03-02 21:45:56,097 [I] response_size: 19	(at model.py:122) 
2019-03-02 21:45:56,120 [I] Criteria path loaded (path:output/original/wc/scripts/test/criteria)	(at model.py:43) 
2019-03-02 21:45:56,122 [I] unique response cnt: 33	(at model.py:179) 
2019-03-02 21:45:56,122 [I] 1 1 1 1 1 1 1 1 1 1 1 1 1 1 1 1 1 1 1	(at model.py:181) 
2019-03-02 21:45:56,122 [I] 1 1 1 0 0 1 1 1 1 1 1 1 0 0 0 0 1 1 1	(at model.py:181) 
2019-03-02 21:45:56,122 [I] 1 1 1 0 0 1 1 1 1 1 1 1 0 0 0 0 0 1 1	(at model.py:181) 
2019-03-02 21:45:56,122 [I] 1 1 1 0 1 1 1 1 1 1 1 1 0 0 0 0 0 1 1	(at model.py:181) 
2019-03-02 21:45:56,122 [I] 1 1 0 1 0 1 0 0 1 1 1 1 1 0 0 1 1 1 1	(at model.py:181) 
2019-03-02 21:45:56,122 [I] 1 1 1 1 1 1 1 1 1 1 1 1 0 0 0 0 0 0 0	(at model.py:181) 
2019-03-02 21:45:56,122 [I] 1 1 1 0 1 1 1 1 1 1 1 1 0 0 0 0 1 1 1	(at model.py:181) 
2019-03-02 21:45:56,122 [I] 1 1 1 1 1 0 0 0 0 0 0 0 0 0 0 0 0 0 0	(at model.py:181) 
2019-03-02 21:45:56,123 [I] 1 1 0 1 1 1 0 0 1 0 0 1 1 1 1 1 1 1 1	(at model.py:181) 
2019-03-02 21:45:56,123 [I] 1 1 1 1 0 1 1 1 1 0 0 1 1 0 0 1 1 1 1	(at model.py:181) 
2019-03-02 21:45:56,123 [I] 1 1 1 1 0 1 0 0 1 0 0 1 1 0 0 1 1 1 1	(at model.py:181) 
2019-03-02 21:45:56,123 [I] 1 1 0 1 1 1 0 0 1 1 1 1 0 0 0 0 0 1 1	(at model.py:181) 
2019-03-02 21:45:56,123 [I] 1 1 1 1 1 1 0 0 1 0 0 1 1 1 1 1 1 1 1	(at model.py:181) 
2019-03-02 21:45:56,123 [I] 1 1 1 1 1 1 1 1 1 0 0 1 1 1 1 1 1 1 1	(at model.py:181) 
2019-03-02 21:45:56,123 [I] 1 1 1 1 1 1 1 1 1 0 0 1 1 0 0 1 1 1 1	(at model.py:181) 
2019-03-02 21:45:56,123 [I] 1 1 1 1 0 1 1 1 1 1 1 1 0 0 0 0 1 1 1	(at model.py:181) 
2019-03-02 21:45:56,123 [I] 1 1 1 0 1 1 1 1 1 1 1 1 0 0 0 0 0 0 0	(at model.py:181) 
2019-03-02 21:45:56,123 [I] 1 1 1 1 1 1 1 1 1 0 0 1 0 0 0 0 1 1 1	(at model.py:181) 
2019-03-02 21:45:56,123 [I] 1 1 1 1 1 1 1 1 1 1 1 1 1 0 0 1 1 1 1	(at model.py:181) 
2019-03-02 21:45:56,123 [I] 1 1 1 1 1 1 1 1 1 0 0 1 0 0 0 0 0 0 0	(at model.py:181) 
2019-03-02 21:45:56,123 [I] 1 1 1 0 1 0 0 0 0 0 0 0 0 0 0 0 0 0 0	(at model.py:181) 
2019-03-02 21:45:56,123 [I] 1 1 1 1 0 0 0 0 0 0 0 0 0 0 0 0 0 0 0	(at model.py:181) 
2019-03-02 21:45:56,123 [I] 1 1 0 1 1 1 0 0 1 1 1 1 1 1 1 1 1 1 1	(at model.py:181) 
2019-03-02 21:45:56,123 [I] 1 1 1 1 0 1 1 1 1 1 1 1 1 0 0 1 1 1 1	(at model.py:181) 
2019-03-02 21:45:56,123 [I] 1 1 0 1 1 1 0 0 1 1 1 1 0 0 0 0 1 1 1	(at model.py:181) 
2019-03-02 21:45:56,123 [I] 1 1 1 1 1 1 0 0 1 0 0 1 0 0 0 0 0 1 1	(at model.py:181) 
2019-03-02 21:45:56,123 [I] 1 1 0 1 1 1 0 0 1 1 1 1 0 0 0 0 0 0 0	(at model.py:181) 
2019-03-02 21:45:56,123 [I] 1 1 1 1 1 1 0 0 1 0 0 1 0 0 0 0 1 1 1	(at model.py:181) 
2019-03-02 21:45:56,123 [I] 1 1 1 1 1 1 1 1 1 1 1 1 0 0 0 0 1 1 1	(at model.py:181) 
2019-03-02 21:45:56,123 [I] 1 1 1 1 1 1 1 1 1 0 0 1 0 0 0 0 0 1 1	(at model.py:181) 
2019-03-02 21:45:56,123 [I] 1 1 1 1 0 1 1 1 1 1 1 1 0 0 0 0 0 1 1	(at model.py:181) 
2019-03-02 21:45:56,123 [I] 1 1 1 1 1 1 0 0 1 0 0 1 0 0 0 0 0 0 0	(at model.py:181) 
2019-03-02 21:45:56,124 [I] 1 1 1 1 1 1 1 1 1 1 1 1 0 0 0 0 0 1 1	(at model.py:181) 
2019-03-02 21:45:56,124 [I] Criterion ORBS:10:5:characters (1): response_idx:2, vector_idx:23	(at model.py:135) 
2019-03-02 21:45:56,124 [D] 0.30, 1.00, 0.93, 1.00, 1.00, 0.95, 1.00, 1.00, 1.00, 0.96, 0.93, 0.95, 0.94, 0.94, 0.94, 0.93, 0.95, 1.00, 1.00, 0.95, 1.00	(at model.py:105) 
2019-03-02 21:45:56,124 [I] inferred factor:
[0 1 0 1 1 1 1 1 1 1 0 1 0 1 1 0 1 1 1 1 1]	(at model.py:145) 
2019-03-02 21:45:56,125 [D] Filename:wc.c Code:
#include <stdio.h>
int isletter(char c);
int main(int argc, char *argv[])
{
    int characters;
    int lines;
    int inword;
    int words;
    char c;
    characters = 0;printf("\nORBS:%d:%d:%s:%d\n", 10, 5, "characters", characters);
              ;printf("\nORBS:%d:%d:%s:%d\n", 11, 5, "inword", inword);
    words = 0;printf("\nORBS:%d:%d:%s:%d\n", 12, 5, "words", words);
    printf("\nORBS:%d:%d:%s:%d\n", 13, 25, "c", c);;


















                                                    
}
int isletter(char c)
{
    printf("\nORBS:%d:%d:%s:%d\n", 36, 19, "c", c);                ; // slice here
    printf("\nORBS:%d:%d:%s:%d\n", 37, 11, "c", c);;







     
}	(at cstmt_factor_manager.py:107) 
2019-03-02 21:45:56,316 [I] succ: True	(at model.py:150) 
2019-03-02 21:45:56,316 [I] response:
[1 1 1 1 1 0 0 0 0 0 0 0 0 0 0 0 0 0 0]	(at model.py:151) 
2019-03-02 21:45:56,316 [I] Criterion ORBS:11:5:inword (2): response_idx:3, vector_idx:24	(at model.py:135) 
2019-03-02 21:45:56,316 [D] 1.00, 0.17, 0.86, 1.00, 0.91, 0.95, 0.95, 0.97, 0.97, 0.91, 0.93, 0.89, 0.89, 0.90, 0.89, 0.90, 0.89, 0.94, 1.00, 1.00, 0.95	(at model.py:105) 
2019-03-02 21:45:56,317 [I] inferred factor:
[1 0 0 1 1 1 1 1 1 1 1 0 0 1 0 1 0 1 1 1 1]	(at model.py:145) 
2019-03-02 21:45:56,318 [D] Filename:wc.c Code:
#include <stdio.h>
int isletter(char c);
int main(int argc, char *argv[])
{
    int characters;
    int lines;
    int inword;
    int words;
    char c;
                  ;printf("\nORBS:%d:%d:%s:%d\n", 10, 5, "characters", characters);
    inword = 0;printf("\nORBS:%d:%d:%s:%d\n", 11, 5, "inword", inword);
    words = 0;printf("\nORBS:%d:%d:%s:%d\n", 12, 5, "words", words);
    printf("\nORBS:%d:%d:%s:%d\n", 13, 25, "c", c);;


















                                                    
}
int isletter(char c)
{
    printf("\nORBS:%d:%d:%s:%d\n", 36, 19, "c", c);                ; // slice here
    printf("\nORBS:%d:%d:%s:%d\n", 37, 11, "c", c);;







     
}	(at cstmt_factor_manager.py:107) 
2019-03-02 21:45:56,514 [I] succ: True	(at model.py:150) 
2019-03-02 21:45:56,514 [I] response:
[1 1 0 1 1 0 0 0 0 0 0 0 0 0 0 0 0 0 0]	(at model.py:151) 
2019-03-02 21:45:56,514 [I] Criterion ORBS:12:5:words (3): response_idx:4, vector_idx:25	(at model.py:135) 
2019-03-02 21:45:56,514 [D] 0.80, 0.83, 0.14, 1.00, 0.91, 0.90, 0.95, 0.93, 0.95, 0.96, 0.97, 0.95, 0.91, 0.92, 0.91, 0.97, 0.95, 0.81, 1.00, 0.95, 0.95	(at model.py:105) 
2019-03-02 21:45:56,515 [I] inferred factor:
[0 0 0 1 1 1 1 1 1 1 1 1 1 1 1 1 1 0 1 1 1]	(at model.py:145) 
2019-03-02 21:45:56,516 [D] Filename:wc.c Code:
#include <stdio.h>
int isletter(char c);
int main(int argc, char *argv[])
{
    int characters;
    int lines;
    int inword;
    int words;
    char c;
    characters = 0;printf("\nORBS:%d:%d:%s:%d\n", 10, 5, "characters", characters);
    inword = 0;printf("\nORBS:%d:%d:%s:%d\n", 11, 5, "inword", inword);
    words = 0;printf("\nORBS:%d:%d:%s:%d\n", 12, 5, "words", words);
    printf("\nORBS:%d:%d:%s:%d\n", 13, 25, "c", c);;


















                                                    
}
int isletter(char c)
{
    printf("\nORBS:%d:%d:%s:%d\n", 36, 19, "c", c);printf("%c ", c); // slice here
    printf("\nORBS:%d:%d:%s:%d\n", 37, 11, "c", c);;







     
}	(at cstmt_factor_manager.py:107) 
2019-03-02 21:45:56,700 [I] succ: True	(at model.py:150) 
2019-03-02 21:45:56,700 [I] response:
[1 1 1 1 1 0 0 0 0 0 0 0 0 0 0 0 0 0 0]	(at model.py:151) 
2019-03-02 21:45:56,700 [I] Criterion ORBS:13:25:c (4): response_idx:5, vector_idx:26	(at model.py:135) 
2019-03-02 21:45:56,700 [D] 0.90, 0.83, 0.79, 0.00, 0.00, 0.48, 0.48, 0.62, 0.71, 0.52, 0.63, 0.70, 0.77, 0.79, 0.80, 0.63, 0.71, 0.94, 1.00, 0.90, 0.95	(at model.py:105) 
2019-03-02 21:45:56,701 [I] inferred factor:
[1 1 1 0 0 0 0 0 1 0 0 1 1 1 1 0 1 1 1 1 1]	(at model.py:145) 
2019-03-02 21:45:56,702 [D] Filename:wc.c Code:
#include <stdio.h>
int isletter(char c);
int main(int argc, char *argv[])
{
    int characters;
    int lines;
    int inword;
    int words;
    char c;
                  ;printf("\nORBS:%d:%d:%s:%d\n", 10, 5, "characters", characters);
              ;printf("\nORBS:%d:%d:%s:%d\n", 11, 5, "inword", inword);
             ;printf("\nORBS:%d:%d:%s:%d\n", 12, 5, "words", words);
    printf("\nORBS:%d:%d:%s:%d\n", 13, 25, "c", c);while (scanf("%c", &c) == 1)
    {
        printf("\nORBS:%d:%d:%s:%d\n", 15, 22, "characters", characters);characters = characters + 1;printf("\nORBS:%d:%d:%s:%d\n", 15, 9, "characters", characters);
        printf("\nORBS:%d:%d:%s:%d\n", 16, 13, "c", c);if (c == '\n')
        {
            printf("\nORBS:%d:%d:%s:%d\n", 18, 21, "lines", lines);                 ;printf("\nORBS:%d:%d:%s:%d\n", 18, 13, "lines", lines);
        }
        printf("\nORBS:%d:%d:%s:%d\n", 20, 22, "c", c);if (isletter(c))
        {
            printf("\nORBS:%d:%d:%s:%d\n", 22, 17, "inword", inword);;



             
        }
        else
        {
                      ;printf("\nORBS:%d:%d:%s:%d\n", 30, 13, "inword", inword);
        }
    printf("\nORBS:%d:%d:%s:%d\n", 13, 25, "c", c);}
}
int isletter(char c)
{
    printf("\nORBS:%d:%d:%s:%d\n", 36, 19, "c", c);                ; // slice here
    printf("\nORBS:%d:%d:%s:%d\n", 37, 11, "c", c);;







     
}	(at cstmt_factor_manager.py:107) 
2019-03-02 21:45:56,887 [I] succ: True	(at model.py:150) 
2019-03-02 21:45:56,888 [I] response:
[1 1 0 1 0 1 0 0 1 0 0 1 0 0 0 0 0 1 1]	(at model.py:151) 
2019-03-02 21:45:56,888 [I] Criterion ORBS:15:22:characters (5): response_idx:6, vector_idx:27	(at model.py:135) 
2019-03-02 21:45:56,888 [D] 0.20, 0.75, 0.64, 0.00, 0.00, 0.00, 0.48, 0.55, 0.63, 0.43, 0.53, 0.59, 0.64, 0.67, 0.69, 0.50, 0.61, 0.88, 0.88, 0.81, 0.90	(at model.py:105) 
2019-03-02 21:45:56,889 [I] inferred factor:
[0 1 1 0 0 0 0 1 1 0 0 1 1 1 1 0 1 1 1 1 1]	(at model.py:145) 
2019-03-02 21:45:56,892 [D] Filename:wc.c Code:
#include <stdio.h>
int isletter(char c);
int main(int argc, char *argv[])
{
    int characters;
    int lines;
    int inword;
    int words;
    char c;
    characters = 0;printf("\nORBS:%d:%d:%s:%d\n", 10, 5, "characters", characters);
              ;printf("\nORBS:%d:%d:%s:%d\n", 11, 5, "inword", inword);
             ;printf("\nORBS:%d:%d:%s:%d\n", 12, 5, "words", words);
    printf("\nORBS:%d:%d:%s:%d\n", 13, 25, "c", c);while (scanf("%c", &c) == 1)
    {
        printf("\nORBS:%d:%d:%s:%d\n", 15, 22, "characters", characters);characters = characters + 1;printf("\nORBS:%d:%d:%s:%d\n", 15, 9, "characters", characters);
        printf("\nORBS:%d:%d:%s:%d\n", 16, 13, "c", c);if (c == '\n')
        ;

         
        printf("\nORBS:%d:%d:%s:%d\n", 20, 22, "c", c);if (isletter(c))
        {
            printf("\nORBS:%d:%d:%s:%d\n", 22, 17, "inword", inword);;



             
        }
        else
        {
                      ;printf("\nORBS:%d:%d:%s:%d\n", 30, 13, "inword", inword);
        }
    printf("\nORBS:%d:%d:%s:%d\n", 13, 25, "c", c);}
}
int isletter(char c)
{
    printf("\nORBS:%d:%d:%s:%d\n", 36, 19, "c", c);                ; // slice here
    printf("\nORBS:%d:%d:%s:%d\n", 37, 11, "c", c);;







     
}	(at cstmt_factor_manager.py:107) 
2019-03-02 21:45:57,104 [I] succ: True	(at model.py:150) 
2019-03-02 21:45:57,104 [I] response:
[1 1 1 0 0 1 1 1 1 0 0 1 0 0 0 0 0 1 1]	(at model.py:151) 
2019-03-02 21:45:57,105 [I] Criterion ORBS:15:9:characters (6): response_idx:7, vector_idx:28	(at model.py:135) 
2019-03-02 21:45:57,105 [D] 0.20, 0.75, 0.64, 0.00, 0.00, 0.00, 0.48, 0.55, 0.63, 0.43, 0.53, 0.59, 0.64, 0.67, 0.69, 0.50, 0.61, 0.88, 0.88, 0.81, 0.90	(at model.py:105) 
2019-03-02 21:45:57,105 [I] inferred factor:
[0 1 1 0 0 0 0 1 1 0 0 1 1 1 1 0 1 1 1 1 1]	(at model.py:145) 
2019-03-02 21:45:57,108 [D] Filename:wc.c Code:
#include <stdio.h>
int isletter(char c);
int main(int argc, char *argv[])
{
    int characters;
    int lines;
    int inword;
    int words;
    char c;
    characters = 0;printf("\nORBS:%d:%d:%s:%d\n", 10, 5, "characters", characters);
              ;printf("\nORBS:%d:%d:%s:%d\n", 11, 5, "inword", inword);
             ;printf("\nORBS:%d:%d:%s:%d\n", 12, 5, "words", words);
    printf("\nORBS:%d:%d:%s:%d\n", 13, 25, "c", c);while (scanf("%c", &c) == 1)
    {
        printf("\nORBS:%d:%d:%s:%d\n", 15, 22, "characters", characters);characters = characters + 1;printf("\nORBS:%d:%d:%s:%d\n", 15, 9, "characters", characters);
        printf("\nORBS:%d:%d:%s:%d\n", 16, 13, "c", c);if (c == '\n')
        ;

         
        printf("\nORBS:%d:%d:%s:%d\n", 20, 22, "c", c);if (isletter(c))
        {
            printf("\nORBS:%d:%d:%s:%d\n", 22, 17, "inword", inword);;



             
        }
        else
        {
                      ;printf("\nORBS:%d:%d:%s:%d\n", 30, 13, "inword", inword);
        }
    printf("\nORBS:%d:%d:%s:%d\n", 13, 25, "c", c);}
}
int isletter(char c)
{
    printf("\nORBS:%d:%d:%s:%d\n", 36, 19, "c", c);                ; // slice here
    printf("\nORBS:%d:%d:%s:%d\n", 37, 11, "c", c);;







     
}	(at cstmt_factor_manager.py:107) 
2019-03-02 21:45:57,299 [I] succ: True	(at model.py:150) 
2019-03-02 21:45:57,299 [I] response:
[1 1 1 0 0 1 1 1 1 0 0 1 0 0 0 0 0 1 1]	(at model.py:151) 
2019-03-02 21:45:57,299 [I] Criterion ORBS:16:13:c (7): response_idx:8, vector_idx:29	(at model.py:135) 
2019-03-02 21:45:57,299 [D] 0.90, 0.83, 0.79, 0.00, 0.00, 0.48, 0.48, 0.62, 0.71, 0.52, 0.63, 0.70, 0.77, 0.79, 0.80, 0.63, 0.71, 0.94, 1.00, 0.90, 0.95	(at model.py:105) 
2019-03-02 21:45:57,300 [I] inferred factor:
[1 1 1 0 0 0 0 0 1 0 0 1 1 1 1 0 1 1 1 1 1]	(at model.py:145) 
2019-03-02 21:45:57,302 [D] Filename:wc.c Code:
#include <stdio.h>
int isletter(char c);
int main(int argc, char *argv[])
{
    int characters;
    int lines;
    int inword;
    int words;
    char c;
                  ;printf("\nORBS:%d:%d:%s:%d\n", 10, 5, "characters", characters);
              ;printf("\nORBS:%d:%d:%s:%d\n", 11, 5, "inword", inword);
             ;printf("\nORBS:%d:%d:%s:%d\n", 12, 5, "words", words);
    printf("\nORBS:%d:%d:%s:%d\n", 13, 25, "c", c);while (scanf("%c", &c) == 1)
    {
        printf("\nORBS:%d:%d:%s:%d\n", 15, 22, "characters", characters);characters = characters + 1;printf("\nORBS:%d:%d:%s:%d\n", 15, 9, "characters", characters);
        printf("\nORBS:%d:%d:%s:%d\n", 16, 13, "c", c);if (c == '\n')
        {
            printf("\nORBS:%d:%d:%s:%d\n", 18, 21, "lines", lines);                 ;printf("\nORBS:%d:%d:%s:%d\n", 18, 13, "lines", lines);
        }
        printf("\nORBS:%d:%d:%s:%d\n", 20, 22, "c", c);if (isletter(c))
        {
            printf("\nORBS:%d:%d:%s:%d\n", 22, 17, "inword", inword);;



             
        }
        else
        {
                      ;printf("\nORBS:%d:%d:%s:%d\n", 30, 13, "inword", inword);
        }
    printf("\nORBS:%d:%d:%s:%d\n", 13, 25, "c", c);}
}
int isletter(char c)
{
    printf("\nORBS:%d:%d:%s:%d\n", 36, 19, "c", c);                ; // slice here
    printf("\nORBS:%d:%d:%s:%d\n", 37, 11, "c", c);;







     
}	(at cstmt_factor_manager.py:107) 
2019-03-02 21:45:57,493 [I] succ: True	(at model.py:150) 
2019-03-02 21:45:57,494 [I] response:
[1 1 0 1 0 1 0 0 1 0 0 1 0 0 0 0 0 1 1]	(at model.py:151) 
2019-03-02 21:45:57,494 [I] Criterion ORBS:18:21:lines (8): response_idx:9, vector_idx:30	(at model.py:135) 
2019-03-02 21:45:57,495 [D] 0.60, 0.75, 0.64, 0.00, 0.00, 0.00, 0.00, 0.00, 0.00, 0.26, 0.37, 0.43, 0.53, 0.54, 0.56, 0.40, 0.45, 0.69, 0.62, 0.57, 0.71	(at model.py:105) 
2019-03-02 21:45:57,495 [I] inferred factor:
[1 1 1 0 0 0 0 0 0 0 0 1 1 1 1 1 1 1 1 1 1]	(at model.py:145) 
2019-03-02 21:45:57,497 [D] Filename:wc.c Code:
#include <stdio.h>
int isletter(char c);
int main(int argc, char *argv[])
{
    int characters;
    int lines;
    int inword;
    int words;
    char c;
                  ;printf("\nORBS:%d:%d:%s:%d\n", 10, 5, "characters", characters);
              ;printf("\nORBS:%d:%d:%s:%d\n", 11, 5, "inword", inword);
             ;printf("\nORBS:%d:%d:%s:%d\n", 12, 5, "words", words);
    printf("\nORBS:%d:%d:%s:%d\n", 13, 25, "c", c);while (scanf("%c", &c) == 1)
    {
        printf("\nORBS:%d:%d:%s:%d\n", 15, 22, "characters", characters);characters = characters + 1;printf("\nORBS:%d:%d:%s:%d\n", 15, 9, "characters", characters);
        printf("\nORBS:%d:%d:%s:%d\n", 16, 13, "c", c);if (c == '\n')
        {
            printf("\nORBS:%d:%d:%s:%d\n", 18, 21, "lines", lines);lines = lines + 1;printf("\nORBS:%d:%d:%s:%d\n", 18, 13, "lines", lines);
        }
        printf("\nORBS:%d:%d:%s:%d\n", 20, 22, "c", c);if (isletter(c))
        {
            printf("\nORBS:%d:%d:%s:%d\n", 22, 17, "inword", inword);;



             
        }
        else
        ;

         
    printf("\nORBS:%d:%d:%s:%d\n", 13, 25, "c", c);}
}
int isletter(char c)
{
    printf("\nORBS:%d:%d:%s:%d\n", 36, 19, "c", c);                ; // slice here
    printf("\nORBS:%d:%d:%s:%d\n", 37, 11, "c", c);;







     
}	(at cstmt_factor_manager.py:107) 
2019-03-02 21:45:57,666 [I] succ: True	(at model.py:150) 
2019-03-02 21:45:57,666 [I] response:
[1 1 0 0 0 1 0 0 1 1 1 1 0 0 0 0 0 1 1]	(at model.py:151) 
2019-03-02 21:45:57,666 [I] Criterion ORBS:18:13:lines (9): response_idx:10, vector_idx:31	(at model.py:135) 
2019-03-02 21:45:57,667 [D] 0.60, 0.75, 0.64, 0.00, 0.00, 0.00, 0.00, 0.00, 0.00, 0.26, 0.37, 0.43, 0.53, 0.54, 0.56, 0.40, 0.45, 0.69, 0.62, 0.57, 0.71	(at model.py:105) 
2019-03-02 21:45:57,667 [I] inferred factor:
[1 1 1 0 0 0 0 0 0 0 0 1 1 1 1 1 1 1 1 1 1]	(at model.py:145) 
2019-03-02 21:45:57,668 [D] Filename:wc.c Code:
#include <stdio.h>
int isletter(char c);
int main(int argc, char *argv[])
{
    int characters;
    int lines;
    int inword;
    int words;
    char c;
                  ;printf("\nORBS:%d:%d:%s:%d\n", 10, 5, "characters", characters);
              ;printf("\nORBS:%d:%d:%s:%d\n", 11, 5, "inword", inword);
             ;printf("\nORBS:%d:%d:%s:%d\n", 12, 5, "words", words);
    printf("\nORBS:%d:%d:%s:%d\n", 13, 25, "c", c);while (scanf("%c", &c) == 1)
    {
        printf("\nORBS:%d:%d:%s:%d\n", 15, 22, "characters", characters);characters = characters + 1;printf("\nORBS:%d:%d:%s:%d\n", 15, 9, "characters", characters);
        printf("\nORBS:%d:%d:%s:%d\n", 16, 13, "c", c);if (c == '\n')
        {
            printf("\nORBS:%d:%d:%s:%d\n", 18, 21, "lines", lines);lines = lines + 1;printf("\nORBS:%d:%d:%s:%d\n", 18, 13, "lines", lines);
        }
        printf("\nORBS:%d:%d:%s:%d\n", 20, 22, "c", c);if (isletter(c))
        {
            printf("\nORBS:%d:%d:%s:%d\n", 22, 17, "inword", inword);;



             
        }
        else
        ;

         
    printf("\nORBS:%d:%d:%s:%d\n", 13, 25, "c", c);}
}
int isletter(char c)
{
    printf("\nORBS:%d:%d:%s:%d\n", 36, 19, "c", c);                ; // slice here
    printf("\nORBS:%d:%d:%s:%d\n", 37, 11, "c", c);;







     
}	(at cstmt_factor_manager.py:107) 
2019-03-02 21:45:57,842 [I] succ: True	(at model.py:150) 
2019-03-02 21:45:57,843 [I] response:
[1 1 0 0 0 1 0 0 1 1 1 1 0 0 0 0 0 1 1]	(at model.py:151) 
2019-03-02 21:45:57,843 [I] Criterion ORBS:20:22:c (10): response_idx:11, vector_idx:32	(at model.py:135) 
2019-03-02 21:45:57,843 [D] 0.90, 0.83, 0.79, 0.00, 0.00, 0.48, 0.48, 0.62, 0.71, 0.52, 0.63, 0.70, 0.77, 0.79, 0.80, 0.63, 0.71, 0.94, 1.00, 0.90, 0.95	(at model.py:105) 
2019-03-02 21:45:57,844 [I] inferred factor:
[1 1 1 0 0 0 0 0 1 0 0 1 1 1 1 0 1 1 1 1 1]	(at model.py:145) 
2019-03-02 21:45:58,220 [D] Filename:wc.c Code:
#include <stdio.h>
int isletter(char c);
int main(int argc, char *argv[])
{
    int characters;
    int lines;
    int inword;
    int words;
    char c;
                  ;printf("\nORBS:%d:%d:%s:%d\n", 10, 5, "characters", characters);
              ;printf("\nORBS:%d:%d:%s:%d\n", 11, 5, "inword", inword);
             ;printf("\nORBS:%d:%d:%s:%d\n", 12, 5, "words", words);
    printf("\nORBS:%d:%d:%s:%d\n", 13, 25, "c", c);while (scanf("%c", &c) == 1)
    {
        printf("\nORBS:%d:%d:%s:%d\n", 15, 22, "characters", characters);characters = characters + 1;printf("\nORBS:%d:%d:%s:%d\n", 15, 9, "characters", characters);
        printf("\nORBS:%d:%d:%s:%d\n", 16, 13, "c", c);if (c == '\n')
        {
            printf("\nORBS:%d:%d:%s:%d\n", 18, 21, "lines", lines);                 ;printf("\nORBS:%d:%d:%s:%d\n", 18, 13, "lines", lines);
        }
        printf("\nORBS:%d:%d:%s:%d\n", 20, 22, "c", c);if (isletter(c))
        {
            printf("\nORBS:%d:%d:%s:%d\n", 22, 17, "inword", inword);;



             
        }
        else
        {
                      ;printf("\nORBS:%d:%d:%s:%d\n", 30, 13, "inword", inword);
        }
    printf("\nORBS:%d:%d:%s:%d\n", 13, 25, "c", c);}
}
int isletter(char c)
{
    printf("\nORBS:%d:%d:%s:%d\n", 36, 19, "c", c);                ; // slice here
    printf("\nORBS:%d:%d:%s:%d\n", 37, 11, "c", c);;







     
}	(at cstmt_factor_manager.py:107) 
2019-03-02 21:45:58,387 [I] succ: True	(at model.py:150) 
2019-03-02 21:45:58,388 [I] response:
[1 1 0 1 0 1 0 0 1 0 0 1 0 0 0 0 0 1 1]	(at model.py:151) 
2019-03-02 21:45:58,388 [I] Criterion ORBS:22:17:inword (11): response_idx:12, vector_idx:33	(at model.py:135) 
2019-03-02 21:45:58,388 [D] 0.50, 0.08, 0.36, 0.00, 0.00, 0.29, 0.14, 0.31, 0.34, 0.00, 0.00, 0.00, 0.00, 0.06, 0.00, 0.00, 0.00, 0.31, 0.00, 0.14, 0.00	(at model.py:105) 
2019-03-02 21:45:58,388 [I] inferred factor:
[1 0 1 0 0 1 1 1 1 0 0 0 0 0 0 0 0 1 0 1 0]	(at model.py:145) 
2019-03-02 21:45:58,421 [D] Filename:wc.c Code:
#include <stdio.h>
int isletter(char c);
int main(int argc, char *argv[])
{
    int characters;
    int lines;
    int inword;
    int words;
    char c;
                  ;printf("\nORBS:%d:%d:%s:%d\n", 10, 5, "characters", characters);
    inword = 0;printf("\nORBS:%d:%d:%s:%d\n", 11, 5, "inword", inword);
             ;printf("\nORBS:%d:%d:%s:%d\n", 12, 5, "words", words);
    printf("\nORBS:%d:%d:%s:%d\n", 13, 25, "c", c);while (scanf("%c", &c) == 1)
    {
        printf("\nORBS:%d:%d:%s:%d\n", 15, 22, "characters", characters);                           ;printf("\nORBS:%d:%d:%s:%d\n", 15, 9, "characters", characters);
        printf("\nORBS:%d:%d:%s:%d\n", 16, 13, "c", c);;


         
        printf("\nORBS:%d:%d:%s:%d\n", 20, 22, "c", c);if (isletter(c))
        {
            printf("\nORBS:%d:%d:%s:%d\n", 22, 17, "inword", inword);if (inword == 0)
            {
                printf("\nORBS:%d:%d:%s:%d\n", 24, 25, "words", words);words = words + 1;printf("\nORBS:%d:%d:%s:%d\n", 24, 17, "words", words);
                inword = 1;printf("\nORBS:%d:%d:%s:%d\n", 25, 17, "inword", inword);
            }
        }
        else
        {
            inword = 0;printf("\nORBS:%d:%d:%s:%d\n", 30, 13, "inword", inword);
        }
    printf("\nORBS:%d:%d:%s:%d\n", 13, 25, "c", c);}
}
int isletter(char c)
{
    printf("\nORBS:%d:%d:%s:%d\n", 36, 19, "c", c);                ; // slice here
    printf("\nORBS:%d:%d:%s:%d\n", 37, 11, "c", c);if (((c >= 'A') && (c <= 'Z'))
        || ((c >= 'a') && (c <= 'z')))
    {
                ;
    }
    else
    {
        return 0;
    }
}	(at cstmt_factor_manager.py:107) 
2019-03-02 21:45:58,572 [I] succ: True	(at model.py:150) 
2019-03-02 21:45:58,572 [I] response:
[1 1 0 1 0 1 0 0 1 0 0 1 1 0 0 1 1 1 1]	(at model.py:151) 
2019-03-02 21:45:58,572 [I] Criterion ORBS:24:25:words (12): response_idx:13, vector_idx:34	(at model.py:135) 
2019-03-02 21:45:58,573 [D] 0.30, 0.08, 0.00, 0.00, 0.00, 0.24, 0.10, 0.21, 0.26, 0.00, 0.00, 0.00, 0.00, 0.00, 0.00, 0.00, 0.00, 0.19, 0.00, 0.10, 0.00	(at model.py:105) 
2019-03-02 21:45:58,573 [I] inferred factor:
[1 1 0 0 0 1 1 1 1 0 0 0 0 0 0 0 0 1 0 1 0]	(at model.py:145) 
2019-03-02 21:45:58,575 [D] Filename:wc.c Code:
#include <stdio.h>
int isletter(char c);
int main(int argc, char *argv[])
{
    int characters;
    int lines;
    int inword;
    int words;
    char c;
                  ;printf("\nORBS:%d:%d:%s:%d\n", 10, 5, "characters", characters);
              ;printf("\nORBS:%d:%d:%s:%d\n", 11, 5, "inword", inword);
    words = 0;printf("\nORBS:%d:%d:%s:%d\n", 12, 5, "words", words);
    printf("\nORBS:%d:%d:%s:%d\n", 13, 25, "c", c);while (scanf("%c", &c) == 1)
    {
        printf("\nORBS:%d:%d:%s:%d\n", 15, 22, "characters", characters);                           ;printf("\nORBS:%d:%d:%s:%d\n", 15, 9, "characters", characters);
        printf("\nORBS:%d:%d:%s:%d\n", 16, 13, "c", c);;


         
        printf("\nORBS:%d:%d:%s:%d\n", 20, 22, "c", c);if (isletter(c))
        {
            printf("\nORBS:%d:%d:%s:%d\n", 22, 17, "inword", inword);if (inword == 0)
            {
                printf("\nORBS:%d:%d:%s:%d\n", 24, 25, "words", words);words = words + 1;printf("\nORBS:%d:%d:%s:%d\n", 24, 17, "words", words);
                inword = 1;printf("\nORBS:%d:%d:%s:%d\n", 25, 17, "inword", inword);
            }
        }
        else
        {
            inword = 0;printf("\nORBS:%d:%d:%s:%d\n", 30, 13, "inword", inword);
        }
    printf("\nORBS:%d:%d:%s:%d\n", 13, 25, "c", c);}
}
int isletter(char c)
{
    printf("\nORBS:%d:%d:%s:%d\n", 36, 19, "c", c);                ; // slice here
    printf("\nORBS:%d:%d:%s:%d\n", 37, 11, "c", c);if (((c >= 'A') && (c <= 'Z'))
        || ((c >= 'a') && (c <= 'z')))
    {
                ;
    }
    else
    {
        return 0;
    }
}	(at cstmt_factor_manager.py:107) 
2019-03-02 21:45:58,737 [I] succ: True	(at model.py:150) 
2019-03-02 21:45:58,737 [I] response:
[1 1 0 1 1 1 0 0 1 0 0 1 1 1 1 1 1 1 1]	(at model.py:151) 
2019-03-02 21:45:58,737 [I] Criterion ORBS:24:17:words (13): response_idx:14, vector_idx:35	(at model.py:135) 
2019-03-02 21:45:58,738 [D] 0.30, 0.08, 0.00, 0.00, 0.00, 0.24, 0.10, 0.21, 0.26, 0.00, 0.00, 0.00, 0.00, 0.00, 0.00, 0.00, 0.00, 0.19, 0.00, 0.10, 0.00	(at model.py:105) 
2019-03-02 21:45:58,738 [I] inferred factor:
[1 1 0 0 0 1 1 1 1 0 0 0 0 0 0 0 0 1 0 1 0]	(at model.py:145) 
2019-03-02 21:45:58,739 [D] Filename:wc.c Code:
#include <stdio.h>
int isletter(char c);
int main(int argc, char *argv[])
{
    int characters;
    int lines;
    int inword;
    int words;
    char c;
                  ;printf("\nORBS:%d:%d:%s:%d\n", 10, 5, "characters", characters);
              ;printf("\nORBS:%d:%d:%s:%d\n", 11, 5, "inword", inword);
    words = 0;printf("\nORBS:%d:%d:%s:%d\n", 12, 5, "words", words);
    printf("\nORBS:%d:%d:%s:%d\n", 13, 25, "c", c);while (scanf("%c", &c) == 1)
    {
        printf("\nORBS:%d:%d:%s:%d\n", 15, 22, "characters", characters);                           ;printf("\nORBS:%d:%d:%s:%d\n", 15, 9, "characters", characters);
        printf("\nORBS:%d:%d:%s:%d\n", 16, 13, "c", c);;


         
        printf("\nORBS:%d:%d:%s:%d\n", 20, 22, "c", c);if (isletter(c))
        {
            printf("\nORBS:%d:%d:%s:%d\n", 22, 17, "inword", inword);if (inword == 0)
            {
                printf("\nORBS:%d:%d:%s:%d\n", 24, 25, "words", words);words = words + 1;printf("\nORBS:%d:%d:%s:%d\n", 24, 17, "words", words);
                inword = 1;printf("\nORBS:%d:%d:%s:%d\n", 25, 17, "inword", inword);
            }
        }
        else
        {
            inword = 0;printf("\nORBS:%d:%d:%s:%d\n", 30, 13, "inword", inword);
        }
    printf("\nORBS:%d:%d:%s:%d\n", 13, 25, "c", c);}
}
int isletter(char c)
{
    printf("\nORBS:%d:%d:%s:%d\n", 36, 19, "c", c);                ; // slice here
    printf("\nORBS:%d:%d:%s:%d\n", 37, 11, "c", c);if (((c >= 'A') && (c <= 'Z'))
        || ((c >= 'a') && (c <= 'z')))
    {
                ;
    }
    else
    {
        return 0;
    }
}	(at cstmt_factor_manager.py:107) 
2019-03-02 21:45:58,896 [I] succ: True	(at model.py:150) 
2019-03-02 21:45:58,897 [I] response:
[1 1 0 1 1 1 0 0 1 0 0 1 1 1 1 1 1 1 1]	(at model.py:151) 
2019-03-02 21:45:58,897 [I] Criterion ORBS:25:17:inword (14): response_idx:15, vector_idx:36	(at model.py:135) 
2019-03-02 21:45:58,897 [D] 0.50, 0.08, 0.36, 0.00, 0.00, 0.29, 0.14, 0.31, 0.34, 0.00, 0.00, 0.00, 0.00, 0.06, 0.00, 0.00, 0.00, 0.31, 0.00, 0.14, 0.00	(at model.py:105) 
2019-03-02 21:45:58,897 [I] inferred factor:
[1 0 1 0 0 1 1 1 1 0 0 0 0 0 0 0 0 1 0 1 0]	(at model.py:145) 
2019-03-02 21:45:58,899 [D] Filename:wc.c Code:
#include <stdio.h>
int isletter(char c);
int main(int argc, char *argv[])
{
    int characters;
    int lines;
    int inword;
    int words;
    char c;
                  ;printf("\nORBS:%d:%d:%s:%d\n", 10, 5, "characters", characters);
    inword = 0;printf("\nORBS:%d:%d:%s:%d\n", 11, 5, "inword", inword);
             ;printf("\nORBS:%d:%d:%s:%d\n", 12, 5, "words", words);
    printf("\nORBS:%d:%d:%s:%d\n", 13, 25, "c", c);while (scanf("%c", &c) == 1)
    {
        printf("\nORBS:%d:%d:%s:%d\n", 15, 22, "characters", characters);                           ;printf("\nORBS:%d:%d:%s:%d\n", 15, 9, "characters", characters);
        printf("\nORBS:%d:%d:%s:%d\n", 16, 13, "c", c);;


         
        printf("\nORBS:%d:%d:%s:%d\n", 20, 22, "c", c);if (isletter(c))
        {
            printf("\nORBS:%d:%d:%s:%d\n", 22, 17, "inword", inword);if (inword == 0)
            {
                printf("\nORBS:%d:%d:%s:%d\n", 24, 25, "words", words);words = words + 1;printf("\nORBS:%d:%d:%s:%d\n", 24, 17, "words", words);
                inword = 1;printf("\nORBS:%d:%d:%s:%d\n", 25, 17, "inword", inword);
            }
        }
        else
        {
            inword = 0;printf("\nORBS:%d:%d:%s:%d\n", 30, 13, "inword", inword);
        }
    printf("\nORBS:%d:%d:%s:%d\n", 13, 25, "c", c);}
}
int isletter(char c)
{
    printf("\nORBS:%d:%d:%s:%d\n", 36, 19, "c", c);                ; // slice here
    printf("\nORBS:%d:%d:%s:%d\n", 37, 11, "c", c);if (((c >= 'A') && (c <= 'Z'))
        || ((c >= 'a') && (c <= 'z')))
    {
                ;
    }
    else
    {
        return 0;
    }
}	(at cstmt_factor_manager.py:107) 
2019-03-02 21:45:59,051 [I] succ: True	(at model.py:150) 
2019-03-02 21:45:59,052 [I] response:
[1 1 0 1 0 1 0 0 1 0 0 1 1 0 0 1 1 1 1]	(at model.py:151) 
2019-03-02 21:45:59,052 [I] Criterion ORBS:30:13:inword (15): response_idx:16, vector_idx:37	(at model.py:135) 
2019-03-02 21:45:59,052 [D] 0.70, 0.50, 0.64, 0.00, 0.00, 0.38, 0.24, 0.41, 0.47, 0.00, 0.20, 0.32, 0.36, 0.40, 0.43, 0.00, 0.03, 0.69, 0.00, 0.24, 0.00	(at model.py:105) 
2019-03-02 21:45:59,052 [I] inferred factor:
[1 1 1 0 0 1 0 1 1 0 0 1 1 1 1 0 0 1 0 0 0]	(at model.py:145) 
2019-03-02 21:45:59,054 [D] Filename:wc.c Code:
#include <stdio.h>
int isletter(char c);
int main(int argc, char *argv[])
{
    int characters;
    int lines;
    int inword;
    int words;
    char c;
                  ;printf("\nORBS:%d:%d:%s:%d\n", 10, 5, "characters", characters);
              ;printf("\nORBS:%d:%d:%s:%d\n", 11, 5, "inword", inword);
             ;printf("\nORBS:%d:%d:%s:%d\n", 12, 5, "words", words);
    printf("\nORBS:%d:%d:%s:%d\n", 13, 25, "c", c);while (scanf("%c", &c) == 1)
    {
        printf("\nORBS:%d:%d:%s:%d\n", 15, 22, "characters", characters);                           ;printf("\nORBS:%d:%d:%s:%d\n", 15, 9, "characters", characters);
        printf("\nORBS:%d:%d:%s:%d\n", 16, 13, "c", c);if (c == '\n')
        ;

         
        printf("\nORBS:%d:%d:%s:%d\n", 20, 22, "c", c);if (isletter(c))
        {
            printf("\nORBS:%d:%d:%s:%d\n", 22, 17, "inword", inword);;



             
        }
        else
        {
            inword = 0;printf("\nORBS:%d:%d:%s:%d\n", 30, 13, "inword", inword);
        }
    printf("\nORBS:%d:%d:%s:%d\n", 13, 25, "c", c);}
}
int isletter(char c)
{
    printf("\nORBS:%d:%d:%s:%d\n", 36, 19, "c", c);                ; // slice here
    printf("\nORBS:%d:%d:%s:%d\n", 37, 11, "c", c);if (((c >= 'A') && (c <= 'Z'))
        || ((c >= 'a') && (c <= 'z')))
    {
        return 1;
    }
    else
    {
        return 0;
    }
}	(at cstmt_factor_manager.py:107) 
2019-03-02 21:45:59,204 [I] succ: True	(at model.py:150) 
2019-03-02 21:45:59,205 [I] response:
[1 1 0 1 0 1 0 0 1 0 0 1 0 0 0 0 1 1 1]	(at model.py:151) 
2019-03-02 21:45:59,205 [I] Criterion ORBS:36:19:c (16): response_idx:17, vector_idx:38	(at model.py:135) 
2019-03-02 21:45:59,205 [D] 0.80, 0.75, 0.79, 0.00, 0.00, 0.43, 0.33, 0.52, 0.58, 0.00, 0.23, 0.38, 0.51, 0.56, 0.57, 0.23, 0.39, 0.88, 0.62, 0.62, 0.67	(at model.py:105) 
2019-03-02 21:45:59,205 [I] inferred factor:
[1 1 1 0 0 0 0 1 1 0 0 0 1 1 1 0 0 1 1 1 1]	(at model.py:145) 
2019-03-02 21:45:59,207 [D] Filename:wc.c Code:
#include <stdio.h>
int isletter(char c);
int main(int argc, char *argv[])
{
    int characters;
    int lines;
    int inword;
    int words;
    char c;
                  ;printf("\nORBS:%d:%d:%s:%d\n", 10, 5, "characters", characters);
              ;printf("\nORBS:%d:%d:%s:%d\n", 11, 5, "inword", inword);
             ;printf("\nORBS:%d:%d:%s:%d\n", 12, 5, "words", words);
    printf("\nORBS:%d:%d:%s:%d\n", 13, 25, "c", c);while (scanf("%c", &c) == 1)
    {
        printf("\nORBS:%d:%d:%s:%d\n", 15, 22, "characters", characters);characters = characters + 1;printf("\nORBS:%d:%d:%s:%d\n", 15, 9, "characters", characters);
        printf("\nORBS:%d:%d:%s:%d\n", 16, 13, "c", c);if (c == '\n')
        ;

         
        printf("\nORBS:%d:%d:%s:%d\n", 20, 22, "c", c);if (isletter(c))
        {
            printf("\nORBS:%d:%d:%s:%d\n", 22, 17, "inword", inword);if (inword == 0)
            ;


             
        }
        else
        {
            inword = 0;printf("\nORBS:%d:%d:%s:%d\n", 30, 13, "inword", inword);
        }
    printf("\nORBS:%d:%d:%s:%d\n", 13, 25, "c", c);}
}
int isletter(char c)
{
    printf("\nORBS:%d:%d:%s:%d\n", 36, 19, "c", c);                ; // slice here
    printf("\nORBS:%d:%d:%s:%d\n", 37, 11, "c", c);;







     
}	(at cstmt_factor_manager.py:107) 
2019-03-02 21:45:59,356 [I] succ: True	(at model.py:150) 
2019-03-02 21:45:59,357 [I] response:
[1 1 1 0 0 1 1 1 1 0 0 1 0 0 0 0 0 1 1]	(at model.py:151) 
2019-03-02 21:45:59,357 [I] Criterion ORBS:37:11:c (17): response_idx:18, vector_idx:39	(at model.py:135) 
2019-03-02 21:45:59,357 [D] 0.80, 0.75, 0.79, 0.00, 0.00, 0.43, 0.33, 0.52, 0.58, 0.00, 0.23, 0.38, 0.51, 0.56, 0.57, 0.23, 0.39, 0.88, 0.62, 0.62, 0.67	(at model.py:105) 
2019-03-02 21:45:59,357 [I] inferred factor:
[1 1 1 0 0 0 0 1 1 0 0 0 1 1 1 0 0 1 1 1 1]	(at model.py:145) 
2019-03-02 21:45:59,359 [D] Filename:wc.c Code:
#include <stdio.h>
int isletter(char c);
int main(int argc, char *argv[])
{
    int characters;
    int lines;
    int inword;
    int words;
    char c;
                  ;printf("\nORBS:%d:%d:%s:%d\n", 10, 5, "characters", characters);
              ;printf("\nORBS:%d:%d:%s:%d\n", 11, 5, "inword", inword);
             ;printf("\nORBS:%d:%d:%s:%d\n", 12, 5, "words", words);
    printf("\nORBS:%d:%d:%s:%d\n", 13, 25, "c", c);while (scanf("%c", &c) == 1)
    {
        printf("\nORBS:%d:%d:%s:%d\n", 15, 22, "characters", characters);characters = characters + 1;printf("\nORBS:%d:%d:%s:%d\n", 15, 9, "characters", characters);
        printf("\nORBS:%d:%d:%s:%d\n", 16, 13, "c", c);if (c == '\n')
        ;

         
        printf("\nORBS:%d:%d:%s:%d\n", 20, 22, "c", c);if (isletter(c))
        {
            printf("\nORBS:%d:%d:%s:%d\n", 22, 17, "inword", inword);if (inword == 0)
            ;


             
        }
        else
        {
            inword = 0;printf("\nORBS:%d:%d:%s:%d\n", 30, 13, "inword", inword);
        }
    printf("\nORBS:%d:%d:%s:%d\n", 13, 25, "c", c);}
}
int isletter(char c)
{
    printf("\nORBS:%d:%d:%s:%d\n", 36, 19, "c", c);                ; // slice here
    printf("\nORBS:%d:%d:%s:%d\n", 37, 11, "c", c);;







     
}	(at cstmt_factor_manager.py:107) 
2019-03-02 21:45:59,505 [I] succ: True	(at model.py:150) 
2019-03-02 21:45:59,506 [I] response:
[1 1 1 0 0 1 1 1 1 0 0 1 0 0 0 0 0 1 1]	(at model.py:151) 
2019-03-02 21:45:59,506 [I] success rate: 1.0	(at model.py:190) 
