2019-03-02 22:11:04,333 [I] output_path: output/model/mug/ff2l/once_success	(at model.py:166) 
2019-03-02 22:11:04,356 [I] factor_size: 9	(at model.py:121) 
2019-03-02 22:11:04,356 [I] response_size: 15	(at model.py:122) 
2019-03-02 22:11:04,376 [I] Criteria path loaded (path:output/original/mug/scripts/test/criteria)	(at model.py:43) 
2019-03-02 22:11:04,377 [I] unique response cnt: 9	(at model.py:179) 
2019-03-02 22:11:04,377 [I] 1 0 0 1 1 0 0 1 0 0 0 0 0 0 0	(at model.py:181) 
2019-03-02 22:11:04,377 [I] 1 1 0 0 1 0 0 0 0 0 0 0 0 0 0	(at model.py:181) 
2019-03-02 22:11:04,377 [I] 1 0 0 0 1 0 0 0 0 0 0 0 0 0 0	(at model.py:181) 
2019-03-02 22:11:04,377 [I] 1 0 1 1 1 0 0 0 0 0 0 0 0 0 0	(at model.py:181) 
2019-03-02 22:11:04,377 [I] 1 0 0 1 1 0 0 0 0 0 0 0 0 0 0	(at model.py:181) 
2019-03-02 22:11:04,377 [I] 1 0 1 0 1 0 0 0 0 0 0 0 0 0 0	(at model.py:181) 
2019-03-02 22:11:04,377 [I] 1 1 1 0 1 1 0 0 0 1 1 0 1 0 1	(at model.py:181) 
2019-03-02 22:11:04,377 [I] 1 0 0 1 1 0 0 0 1 0 0 0 0 0 0	(at model.py:181) 
2019-03-02 22:11:04,377 [I] 1 1 1 1 1 1 1 1 1 1 1 1 1 1 1	(at model.py:181) 
2019-03-02 22:11:04,377 [I] Criterion ORBS:14:5:i (1): response_idx:2, vector_idx:11	(at model.py:135) 
2019-03-02 22:11:04,378 [I] inferred factor:
[0 1 1 1 1 1 1 1 1]	(at model.py:145) 
2019-03-02 22:11:05,208 [I] succ: True	(at model.py:150) 
2019-03-02 22:11:05,208 [I] response:
[1 0 1 0 1 0 0 0 0 0 0 0 0 0 0]	(at model.py:151) 
2019-03-02 22:11:05,208 [I] Criterion ORBS:15:5:c (2): response_idx:3, vector_idx:12	(at model.py:135) 
2019-03-02 22:11:05,208 [I] inferred factor:
[1 0 1 1 1 1 1 1 1]	(at model.py:145) 
2019-03-02 22:11:06,019 [I] succ: True	(at model.py:150) 
2019-03-02 22:11:06,020 [I] response:
[1 0 0 1 1 0 0 0 0 0 0 0 0 0 0]	(at model.py:151) 
2019-03-02 22:11:06,020 [I] Criterion ORBS:16:5:x (3): response_idx:4, vector_idx:13	(at model.py:135) 
2019-03-02 22:11:06,020 [I] inferred factor:
[1 1 1 1 1 1 1 1 1]	(at model.py:145) 
2019-03-02 22:11:06,834 [I] succ: True	(at model.py:150) 
2019-03-02 22:11:06,834 [I] response:
[1 0 0 0 1 0 0 0 0 0 0 0 0 0 0]	(at model.py:151) 
2019-03-02 22:11:06,834 [I] Criterion ORBS:17:14:i (4): response_idx:5, vector_idx:14	(at model.py:135) 
2019-03-02 22:11:06,834 [I] inferred factor:
[0 1 0 1 0 1 0 1 1]	(at model.py:145) 
2019-03-02 22:11:06,965 [I] succ: True	(at model.py:150) 
2019-03-02 22:11:06,966 [I] response:
[1 1 1 0 1 1 0 0 0 1 1 0 1 0 1]	(at model.py:151) 
2019-03-02 22:11:06,966 [I] Criterion ORBS:19:15:c (5): response_idx:6, vector_idx:15	(at model.py:135) 
2019-03-02 22:11:06,966 [I] inferred factor:
[0 0 0 1 0 0 0 0 0]	(at model.py:145) 
2019-03-02 22:11:07,089 [I] succ: True	(at model.py:150) 
2019-03-02 22:11:07,089 [I] response:
[1 1 1 1 1 1 1 1 1 1 1 1 1 1 1]	(at model.py:151) 
2019-03-02 22:11:07,089 [I] Criterion ORBS:21:13:x (6): response_idx:7, vector_idx:16	(at model.py:135) 
2019-03-02 22:11:07,089 [I] inferred factor:
[1 0 1 1 1 0 1 0 1]	(at model.py:145) 
2019-03-02 22:11:07,882 [I] succ: True	(at model.py:150) 
2019-03-02 22:11:07,883 [I] response:
[1 0 0 1 1 0 0 1 0 0 0 0 0 0 0]	(at model.py:151) 
2019-03-02 22:11:07,883 [I] Criterion ORBS:22:13:c (7): response_idx:8, vector_idx:17	(at model.py:135) 
2019-03-02 22:11:07,883 [I] inferred factor:
[1 0 0 1 1 0 0 1 0]	(at model.py:145) 
2019-03-02 22:11:08,718 [I] succ: True	(at model.py:150) 
2019-03-02 22:11:08,719 [I] response:
[1 0 0 1 1 0 0 0 1 0 0 0 0 0 0]	(at model.py:151) 
2019-03-02 22:11:08,719 [I] Criterion ORBS:24:15:i (8): response_idx:9, vector_idx:18	(at model.py:135) 
2019-03-02 22:11:08,719 [I] inferred factor:
[0 1 0 1 0 1 0 1 1]	(at model.py:145) 
2019-03-02 22:11:08,839 [I] succ: True	(at model.py:150) 
2019-03-02 22:11:08,839 [I] response:
[1 1 1 0 1 1 0 0 0 1 1 0 1 0 1]	(at model.py:151) 
2019-03-02 22:11:08,839 [I] Criterion ORBS:24:9:i (9): response_idx:10, vector_idx:19	(at model.py:135) 
2019-03-02 22:11:08,839 [I] inferred factor:
[0 1 0 1 0 1 0 1 1]	(at model.py:145) 
2019-03-02 22:11:08,967 [I] succ: True	(at model.py:150) 
2019-03-02 22:11:08,967 [I] response:
[1 1 1 0 1 1 0 0 0 1 1 0 1 0 1]	(at model.py:151) 
2019-03-02 22:11:08,968 [I] Criterion ORBS:26:20:x (10): response_idx:11, vector_idx:20	(at model.py:135) 
2019-03-02 22:11:08,968 [I] inferred factor:
[0 0 0 1 0 0 0 0 0]	(at model.py:145) 
2019-03-02 22:11:09,091 [I] succ: True	(at model.py:150) 
2019-03-02 22:11:09,091 [I] response:
[1 1 1 1 1 1 1 1 1 1 1 1 1 1 1]	(at model.py:151) 
2019-03-02 22:11:09,091 [I] Criterion ORBS:30:9:i (11): response_idx:12, vector_idx:21	(at model.py:135) 
2019-03-02 22:11:09,091 [I] inferred factor:
[0 1 0 1 0 1 0 1 1]	(at model.py:145) 
2019-03-02 22:11:09,218 [I] succ: True	(at model.py:150) 
2019-03-02 22:11:09,218 [I] response:
[1 1 1 0 1 1 0 0 0 1 1 0 1 0 1]	(at model.py:151) 
2019-03-02 22:11:09,218 [I] Criterion ORBS:41:9:i (12): response_idx:13, vector_idx:22	(at model.py:135) 
2019-03-02 22:11:09,219 [I] inferred factor:
[0 0 0 1 0 0 0 0 0]	(at model.py:145) 
2019-03-02 22:11:09,341 [I] succ: True	(at model.py:150) 
2019-03-02 22:11:09,342 [I] response:
[1 1 1 1 1 1 1 1 1 1 1 1 1 1 1]	(at model.py:151) 
2019-03-02 22:11:09,342 [I] Criterion ORBS:52:12:i (13): response_idx:14, vector_idx:23	(at model.py:135) 
2019-03-02 22:11:09,342 [I] inferred factor:
[0 1 0 1 0 1 0 1 1]	(at model.py:145) 
2019-03-02 22:11:09,482 [I] succ: True	(at model.py:150) 
2019-03-02 22:11:09,483 [I] response:
[1 1 1 0 1 1 0 0 0 1 1 0 1 0 1]	(at model.py:151) 
2019-03-02 22:11:09,483 [I] success rate: 1.0	(at model.py:190) 
