2019-03-02 01:39:49,230 [I] Initial factor queue size: 22	(at doe_manager.py:29) 
2019-03-02 01:39:49,231 [I] Start iteration.	(at main.py:56) 
2019-03-02 01:39:49,231 [I] Iter idx: 0, Qsize: 21	(at main.py:59) 
2019-03-02 01:39:49,231 [I] Curr factor: [0, 0, 0, 0, 0, 0, 0, 0, 0, 0, 0, 0, 0, 0, 0, 0, 0, 0, 0, 0, 0]	(at main.py:61) 
2019-03-02 01:39:49,555 [I] Response: [True, True, True, True, True, True, True, True, True, True, True, True, True, True, True, True, True, True, True]	(at main.py:64) 
2019-03-02 01:39:49,556 [I] Iter idx: 1, Qsize: 20	(at main.py:59) 
2019-03-02 01:39:49,556 [I] Curr factor: [0, 0, 0, 0, 0, 0, 0, 0, 1, 0, 0, 0, 0, 0, 0, 0, 0, 0, 0, 0, 0]	(at main.py:61) 
2019-03-02 01:39:49,699 [I] Response: [True, True, True, True, True, True, True, True, True, False, False, True, True, True, True, True, True, True, True]	(at main.py:64) 
2019-03-02 01:39:49,700 [I] Iter idx: 2, Qsize: 19	(at main.py:59) 
2019-03-02 01:39:49,700 [I] Curr factor: [0, 0, 0, 0, 0, 0, 0, 0, 0, 0, 0, 0, 0, 0, 0, 0, 0, 0, 0, 0, 1]	(at main.py:61) 
2019-03-02 01:39:49,855 [I] Response: [True, True, True, True, True, True, True, True, True, True, True, True, False, False, False, False, False, True, True]	(at main.py:64) 
2019-03-02 01:39:49,855 [I] Iter idx: 3, Qsize: 18	(at main.py:59) 
2019-03-02 01:39:49,855 [I] Curr factor: [0, 0, 0, 0, 0, 0, 0, 0, 0, 0, 1, 1, 1, 1, 1, 0, 0, 0, 0, 0, 0]	(at main.py:61) 
2019-03-02 01:39:50,007 [I] Response: [True, True, True, True, True, True, True, True, True, True, True, True, False, False, False, False, True, True, True]	(at main.py:64) 
2019-03-02 01:39:50,008 [I] Iter idx: 4, Qsize: 17	(at main.py:59) 
2019-03-02 01:39:50,008 [I] Curr factor: [0, 0, 1, 0, 0, 0, 0, 0, 0, 0, 0, 0, 0, 0, 0, 0, 0, 0, 0, 0, 0]	(at main.py:61) 
2019-03-02 01:39:50,170 [I] Response: [True, True, True, True, False, True, True, True, True, True, True, True, True, False, False, True, True, True, True]	(at main.py:64) 
2019-03-02 01:39:50,170 [I] Iter idx: 5, Qsize: 16	(at main.py:59) 
2019-03-02 01:39:50,170 [I] Curr factor: [0, 0, 0, 0, 0, 0, 0, 0, 0, 0, 0, 1, 1, 1, 1, 0, 0, 0, 0, 0, 0]	(at main.py:61) 
2019-03-02 01:39:50,330 [I] Response: [True, True, True, True, True, True, True, True, True, True, True, True, False, False, False, False, True, True, True]	(at main.py:64) 
2019-03-02 01:39:50,330 [I] Iter idx: 6, Qsize: 15	(at main.py:59) 
2019-03-02 01:39:50,331 [I] Curr factor: [0, 0, 0, 0, 0, 0, 0, 0, 0, 0, 0, 0, 1, 1, 1, 0, 0, 0, 0, 0, 0]	(at main.py:61) 
2019-03-02 01:39:50,485 [I] Response: [True, True, True, True, True, True, True, True, True, True, True, True, False, False, False, False, True, True, True]	(at main.py:64) 
2019-03-02 01:39:50,486 [I] Iter idx: 7, Qsize: 14	(at main.py:59) 
2019-03-02 01:39:50,486 [I] Curr factor: [0, 0, 0, 0, 0, 0, 0, 0, 0, 0, 0, 0, 0, 0, 0, 0, 0, 0, 1, 1, 1]	(at main.py:61) 
2019-03-02 01:39:50,643 [I] Response: [True, True, True, True, True, True, True, True, True, True, True, True, False, False, False, False, False, True, True]	(at main.py:64) 
2019-03-02 01:39:50,644 [I] Iter idx: 8, Qsize: 13	(at main.py:59) 
2019-03-02 01:39:50,644 [I] Curr factor: [0, 0, 0, 0, 0, 1, 0, 0, 0, 0, 0, 0, 0, 0, 0, 0, 0, 0, 0, 0, 0]	(at main.py:61) 
2019-03-02 01:39:50,801 [I] Response: [True, True, True, True, True, True, False, False, True, False, False, True, True, True, True, True, True, True, True]	(at main.py:64) 
2019-03-02 01:39:50,801 [I] Iter idx: 9, Qsize: 12	(at main.py:59) 
2019-03-02 01:39:50,801 [I] Curr factor: [0, 0, 0, 0, 0, 0, 0, 0, 0, 0, 0, 0, 0, 1, 0, 0, 0, 0, 0, 0, 0]	(at main.py:61) 
2019-03-02 01:39:50,957 [I] Response: [True, True, True, True, True, True, True, True, True, True, True, True, True, False, False, True, True, True, True]	(at main.py:64) 
2019-03-02 01:39:50,957 [I] Iter idx: 10, Qsize: 11	(at main.py:59) 
2019-03-02 01:39:50,957 [I] Curr factor: [0, 0, 0, 0, 0, 0, 0, 0, 0, 1, 1, 1, 1, 1, 1, 1, 1, 0, 0, 0, 0]	(at main.py:61) 
2019-03-02 01:39:51,115 [I] Response: [True, True, True, True, True, True, True, True, True, True, True, True, False, False, False, False, False, False, False]	(at main.py:64) 
2019-03-02 01:39:51,115 [I] Iter idx: 11, Qsize: 10	(at main.py:59) 
2019-03-02 01:39:51,116 [I] Curr factor: [0, 0, 0, 0, 0, 0, 0, 1, 1, 0, 0, 0, 0, 0, 0, 0, 0, 0, 0, 0, 0]	(at main.py:61) 
2019-03-02 01:39:51,272 [I] Response: [True, True, True, True, True, True, True, True, True, False, False, True, True, True, True, True, True, True, True]	(at main.py:64) 
2019-03-02 01:39:51,272 [I] Iter idx: 12, Qsize: 9	(at main.py:59) 
2019-03-02 01:39:51,272 [I] Curr factor: [0, 0, 0, 0, 0, 0, 0, 0, 0, 0, 0, 0, 0, 0, 1, 0, 0, 0, 0, 0, 0]	(at main.py:61) 
2019-03-02 01:39:51,432 [I] Response: [True, True, True, True, True, True, True, True, True, True, True, True, False, False, False, False, True, True, True]	(at main.py:64) 
2019-03-02 01:39:51,432 [I] Iter idx: 13, Qsize: 8	(at main.py:59) 
2019-03-02 01:39:51,432 [I] Curr factor: [0, 0, 0, 0, 1, 1, 1, 1, 1, 1, 1, 1, 1, 1, 1, 1, 1, 0, 0, 0, 0]	(at main.py:61) 
2019-03-02 01:39:51,585 [I] Response: [True, True, True, True, True, False, False, False, False, False, False, False, False, False, False, False, False, False, False]	(at main.py:64) 
2019-03-02 01:39:51,586 [I] Iter idx: 14, Qsize: 7	(at main.py:59) 
2019-03-02 01:39:51,586 [I] Curr factor: [0, 0, 0, 0, 0, 0, 0, 0, 0, 0, 0, 0, 0, 0, 0, 1, 1, 0, 0, 0, 0]	(at main.py:61) 
2019-03-02 01:39:51,739 [I] Response: [True, True, True, True, True, True, True, True, True, True, True, True, False, False, False, False, False, True, True]	(at main.py:64) 
2019-03-02 01:39:51,739 [I] Iter idx: 15, Qsize: 6	(at main.py:59) 
2019-03-02 01:39:51,739 [I] Curr factor: [0, 1, 0, 0, 0, 0, 0, 0, 0, 0, 0, 0, 0, 0, 0, 0, 0, 0, 0, 0, 0]	(at main.py:61) 
2019-03-02 01:39:51,895 [I] Response: [True, True, True, False, True, True, True, True, True, True, True, True, False, False, False, False, True, True, True]	(at main.py:64) 
2019-03-02 01:39:51,895 [I] Iter idx: 16, Qsize: 5	(at main.py:59) 
2019-03-02 01:39:51,895 [I] Curr factor: [0, 0, 0, 0, 0, 0, 0, 0, 0, 0, 0, 0, 0, 0, 0, 0, 0, 0, 0, 1, 0]	(at main.py:61) 
2019-03-02 01:39:52,058 [I] Response: [True, True, True, True, True, True, True, True, True, True, True, True, True, True, True, True, True, True, True]	(at main.py:64) 
2019-03-02 01:39:52,059 [I] Iter idx: 17, Qsize: 4	(at main.py:59) 
2019-03-02 01:39:52,059 [I] Curr factor: [0, 0, 0, 0, 0, 0, 0, 0, 0, 0, 0, 0, 0, 0, 0, 0, 0, 1, 0, 0, 0]	(at main.py:61) 
2019-03-02 01:39:52,242 [I] Response: [True, True, True, True, True, True, True, True, True, True, True, True, True, True, True, True, True, True, True]	(at main.py:64) 
2019-03-02 01:39:52,243 [I] Iter idx: 18, Qsize: 3	(at main.py:59) 
2019-03-02 01:39:52,243 [I] Curr factor: [0, 0, 0, 0, 0, 0, 0, 0, 0, 0, 0, 0, 0, 0, 0, 0, 1, 0, 0, 0, 0]	(at main.py:61) 
2019-03-02 01:39:52,427 [I] Response: [True, True, True, True, True, True, True, True, True, True, True, True, False, False, False, False, False, True, True]	(at main.py:64) 
2019-03-02 01:39:52,427 [I] Iter idx: 19, Qsize: 2	(at main.py:59) 
2019-03-02 01:39:52,427 [I] Curr factor: [1, 0, 0, 0, 0, 0, 0, 0, 0, 0, 0, 0, 0, 0, 0, 0, 0, 0, 0, 0, 0]	(at main.py:61) 
2019-03-02 01:39:52,574 [I] Response: [True, True, False, True, True, True, False, False, True, True, True, True, True, True, True, True, True, True, True]	(at main.py:64) 
2019-03-02 01:39:52,575 [I] Iter idx: 20, Qsize: 1	(at main.py:59) 
2019-03-02 01:39:52,575 [I] Curr factor: [0, 0, 0, 1, 1, 1, 1, 1, 1, 1, 1, 1, 1, 1, 1, 1, 1, 0, 0, 0, 0]	(at main.py:61) 
2019-03-02 01:39:52,715 [I] Response: [True, True, True, True, True, False, False, False, False, False, False, False, False, False, False, False, False, False, False]	(at main.py:64) 
2019-03-02 01:39:52,716 [I] Iter idx: 21, Qsize: 0	(at main.py:59) 
2019-03-02 01:39:52,716 [I] Curr factor: [0, 0, 0, 0, 0, 0, 1, 1, 1, 0, 0, 0, 0, 0, 0, 0, 0, 0, 0, 0, 0]	(at main.py:61) 
2019-03-02 01:39:53,080 [I] Response: [True, True, True, True, True, True, True, True, True, False, False, True, True, True, True, True, True, True, True]	(at main.py:64) 
2019-03-02 01:39:53,080 [I] End iteration. Save model.	(at main.py:70) 
2019-03-02 01:39:53,173 [I] Model saved. End program.	(at main.py:72) 
