2019-02-12 22:32:10,720 [D] -:F:n:WD_1:mbe.c:79	(at logger.py:129) 
2019-02-12 22:32:10,742 [D] ┌:F:n:WD_2:mbe.c:79	(at logger.py:129) 
2019-02-12 22:32:10,742 [D] └:F:n:WD_2:mbe.c:78	(at logger.py:129) 
2019-02-12 22:32:10,762 [D] ┌:F:n:WD_3:mbe.c:79	(at logger.py:129) 
2019-02-12 22:32:10,762 [D] |:F:n:WD_3:mbe.c:78	(at logger.py:129) 
2019-02-12 22:32:10,763 [D] └:F:n:WD_3:mbe.c:77	(at logger.py:129) 
2019-02-12 22:32:10,828 [D] -:P:n:WD_1:mbe.c:78	(at logger.py:129) 
2019-02-12 22:32:10,846 [D] -:F:n:WD_1:mbe.c:77	(at logger.py:129) 
2019-02-12 22:32:10,865 [D] ┌:F:n:WD_2:mbe.c:77	(at logger.py:129) 
2019-02-12 22:32:10,865 [D] └:F:n:WD_2:mbe.c:76	(at logger.py:129) 
2019-02-12 22:32:10,882 [D] ┌:F:n:WD_3:mbe.c:77	(at logger.py:129) 
2019-02-12 22:32:10,883 [D] |:F:n:WD_3:mbe.c:76	(at logger.py:129) 
2019-02-12 22:32:10,883 [D] └:F:n:WD_3:mbe.c:75	(at logger.py:129) 
2019-02-12 22:32:10,900 [D] -:F:n:WD_1:mbe.c:76	(at logger.py:129) 
2019-02-12 22:32:10,919 [D] ┌:F:n:WD_2:mbe.c:76	(at logger.py:129) 
2019-02-12 22:32:10,920 [D] └:F:n:WD_2:mbe.c:75	(at logger.py:129) 
2019-02-12 22:32:10,938 [D] ┌:F:n:WD_3:mbe.c:76	(at logger.py:129) 
2019-02-12 22:32:10,939 [D] |:F:n:WD_3:mbe.c:75	(at logger.py:129) 
2019-02-12 22:32:10,939 [D] └:F:n:WD_3:mbe.c:74	(at logger.py:129) 
2019-02-12 22:32:10,981 [D] -:P:c:WD_1:mbe.c:75	(at logger.py:129) 
2019-02-12 22:32:11,000 [D] -:F:n:WD_1:mbe.c:74	(at logger.py:129) 
2019-02-12 22:32:11,029 [D] ┌:F:n:WD_2:mbe.c:74	(at logger.py:129) 
2019-02-12 22:32:11,029 [D] └:F:n:WD_2:mbe.c:73	(at logger.py:129) 
2019-02-12 22:32:11,050 [D] ┌:F:n:WD_3:mbe.c:74	(at logger.py:129) 
2019-02-12 22:32:11,050 [D] |:F:n:WD_3:mbe.c:73	(at logger.py:129) 
2019-02-12 22:32:11,050 [D] └:F:n:WD_3:mbe.c:72	(at logger.py:129) 
2019-02-12 22:32:12,095 [D] -:C:n:WD_1:mbe.c:73	(at logger.py:129) 
2019-02-12 22:32:12,111 [D] ┌:F:n:WD_2:mbe.c:73	(at logger.py:129) 
2019-02-12 22:32:12,111 [D] └:F:n:WD_2:mbe.c:72	(at logger.py:129) 
2019-02-12 22:32:12,128 [D] ┌:F:n:WD_3:mbe.c:73	(at logger.py:129) 
2019-02-12 22:32:12,129 [D] |:F:n:WD_3:mbe.c:72	(at logger.py:129) 
2019-02-12 22:32:12,129 [D] └:F:n:WD_3:mbe.c:71	(at logger.py:129) 
2019-02-12 22:32:12,146 [D] -:F:n:WD_1:mbe.c:72	(at logger.py:129) 
2019-02-12 22:32:12,163 [D] ┌:F:n:WD_2:mbe.c:72	(at logger.py:129) 
2019-02-12 22:32:12,163 [D] └:F:n:WD_2:mbe.c:71	(at logger.py:129) 
2019-02-12 22:32:12,180 [D] ┌:F:n:WD_3:mbe.c:72	(at logger.py:129) 
2019-02-12 22:32:12,180 [D] |:F:n:WD_3:mbe.c:71	(at logger.py:129) 
2019-02-12 22:32:12,180 [D] └:F:n:WD_3:mbe.c:70	(at logger.py:129) 
2019-02-12 22:32:12,199 [D] -:F:n:WD_1:mbe.c:71	(at logger.py:129) 
2019-02-12 22:32:12,216 [D] ┌:F:n:WD_2:mbe.c:71	(at logger.py:129) 
2019-02-12 22:32:12,216 [D] └:F:n:WD_2:mbe.c:70	(at logger.py:129) 
2019-02-12 22:32:12,234 [D] ┌:F:n:WD_3:mbe.c:71	(at logger.py:129) 
2019-02-12 22:32:12,234 [D] |:F:n:WD_3:mbe.c:70	(at logger.py:129) 
2019-02-12 22:32:12,234 [D] └:F:n:WD_3:mbe.c:69	(at logger.py:129) 
2019-02-12 22:32:12,277 [D] -:P:c:WD_1:mbe.c:70	(at logger.py:129) 
2019-02-12 22:32:12,297 [D] -:F:n:WD_1:mbe.c:69	(at logger.py:129) 
2019-02-12 22:32:12,316 [D] ┌:F:n:WD_2:mbe.c:69	(at logger.py:129) 
2019-02-12 22:32:12,316 [D] └:F:n:WD_2:mbe.c:68	(at logger.py:129) 
2019-02-12 22:32:12,340 [D] ┌:F:n:WD_3:mbe.c:69	(at logger.py:129) 
2019-02-12 22:32:12,340 [D] |:F:n:WD_3:mbe.c:68	(at logger.py:129) 
2019-02-12 22:32:12,340 [D] └:F:n:WD_3:mbe.c:67	(at logger.py:129) 
2019-02-12 22:32:12,401 [D] -:C:n:WD_1:mbe.c:68	(at logger.py:129) 
2019-02-12 22:32:12,419 [D] ┌:F:n:WD_2:mbe.c:68	(at logger.py:129) 
2019-02-12 22:32:12,419 [D] └:F:n:WD_2:mbe.c:67	(at logger.py:129) 
2019-02-12 22:32:12,437 [D] ┌:F:n:WD_3:mbe.c:68	(at logger.py:129) 
2019-02-12 22:32:12,437 [D] |:F:n:WD_3:mbe.c:67	(at logger.py:129) 
2019-02-12 22:32:12,437 [D] └:F:n:WD_3:mbe.c:66	(at logger.py:129) 
2019-02-12 22:32:12,455 [D] -:F:n:WD_1:mbe.c:67	(at logger.py:129) 
2019-02-12 22:32:12,473 [D] ┌:F:n:WD_2:mbe.c:67	(at logger.py:129) 
2019-02-12 22:32:12,474 [D] └:F:n:WD_2:mbe.c:66	(at logger.py:129) 
2019-02-12 22:32:12,492 [D] ┌:F:n:WD_3:mbe.c:67	(at logger.py:129) 
2019-02-12 22:32:12,492 [D] |:F:n:WD_3:mbe.c:66	(at logger.py:129) 
2019-02-12 22:32:12,493 [D] └:F:n:WD_3:mbe.c:65	(at logger.py:129) 
2019-02-12 22:32:12,513 [D] -:F:n:WD_1:mbe.c:66	(at logger.py:129) 
2019-02-12 22:32:12,533 [D] ┌:F:n:WD_2:mbe.c:66	(at logger.py:129) 
2019-02-12 22:32:12,533 [D] └:F:n:WD_2:mbe.c:65	(at logger.py:129) 
2019-02-12 22:32:12,550 [D] ┌:F:n:WD_3:mbe.c:66	(at logger.py:129) 
2019-02-12 22:32:12,550 [D] |:F:n:WD_3:mbe.c:65	(at logger.py:129) 
2019-02-12 22:32:12,550 [D] └:F:n:WD_3:mbe.c:64	(at logger.py:129) 
2019-02-12 22:32:12,589 [D] -:P:c:WD_1:mbe.c:65	(at logger.py:129) 
2019-02-12 22:32:12,607 [D] -:F:n:WD_1:mbe.c:64	(at logger.py:129) 
2019-02-12 22:32:12,625 [D] ┌:F:n:WD_2:mbe.c:64	(at logger.py:129) 
2019-02-12 22:32:12,625 [D] └:F:n:WD_2:mbe.c:63	(at logger.py:129) 
2019-02-12 22:32:12,644 [D] ┌:F:n:WD_3:mbe.c:64	(at logger.py:129) 
2019-02-12 22:32:12,644 [D] |:F:n:WD_3:mbe.c:63	(at logger.py:129) 
2019-02-12 22:32:12,644 [D] └:F:n:WD_3:mbe.c:62	(at logger.py:129) 
2019-02-12 22:32:13,692 [D] -:C:n:WD_1:mbe.c:63	(at logger.py:129) 
2019-02-12 22:32:13,707 [D] ┌:F:n:WD_2:mbe.c:63	(at logger.py:129) 
2019-02-12 22:32:13,707 [D] └:F:n:WD_2:mbe.c:62	(at logger.py:129) 
2019-02-12 22:32:13,724 [D] ┌:F:n:WD_3:mbe.c:63	(at logger.py:129) 
2019-02-12 22:32:13,724 [D] |:F:n:WD_3:mbe.c:62	(at logger.py:129) 
2019-02-12 22:32:13,724 [D] └:F:n:WD_3:mbe.c:61	(at logger.py:129) 
2019-02-12 22:32:13,742 [D] -:F:n:WD_1:mbe.c:62	(at logger.py:129) 
2019-02-12 22:32:13,759 [D] ┌:F:n:WD_2:mbe.c:62	(at logger.py:129) 
2019-02-12 22:32:13,759 [D] └:F:n:WD_2:mbe.c:61	(at logger.py:129) 
2019-02-12 22:32:13,777 [D] ┌:F:n:WD_3:mbe.c:62	(at logger.py:129) 
2019-02-12 22:32:13,778 [D] |:F:n:WD_3:mbe.c:61	(at logger.py:129) 
2019-02-12 22:32:13,778 [D] └:F:n:WD_3:mbe.c:60	(at logger.py:129) 
2019-02-12 22:32:13,799 [D] -:F:n:WD_1:mbe.c:61	(at logger.py:129) 
2019-02-12 22:32:13,822 [D] ┌:F:n:WD_2:mbe.c:61	(at logger.py:129) 
2019-02-12 22:32:13,822 [D] └:F:n:WD_2:mbe.c:60	(at logger.py:129) 
2019-02-12 22:32:13,840 [D] ┌:F:n:WD_3:mbe.c:61	(at logger.py:129) 
2019-02-12 22:32:13,840 [D] |:F:n:WD_3:mbe.c:60	(at logger.py:129) 
2019-02-12 22:32:13,840 [D] └:F:n:WD_3:mbe.c:59	(at logger.py:129) 
2019-02-12 22:32:13,879 [D] -:P:c:WD_1:mbe.c:60	(at logger.py:129) 
2019-02-12 22:32:13,895 [D] -:F:n:WD_1:mbe.c:59	(at logger.py:129) 
2019-02-12 22:32:13,914 [D] ┌:F:n:WD_2:mbe.c:59	(at logger.py:129) 
2019-02-12 22:32:13,914 [D] └:F:n:WD_2:mbe.c:58	(at logger.py:129) 
2019-02-12 22:32:13,933 [D] ┌:F:n:WD_3:mbe.c:59	(at logger.py:129) 
2019-02-12 22:32:13,933 [D] |:F:n:WD_3:mbe.c:58	(at logger.py:129) 
2019-02-12 22:32:13,933 [D] └:F:n:WD_3:mbe.c:57	(at logger.py:129) 
2019-02-12 22:32:14,994 [D] -:C:n:WD_1:mbe.c:58	(at logger.py:129) 
2019-02-12 22:32:15,031 [D] ┌:C:c:WD_2:mbe.c:58	(at logger.py:129) 
2019-02-12 22:32:15,031 [D] └:C:c:WD_2:mbe.c:57	(at logger.py:129) 
2019-02-12 22:32:15,048 [D] ┌:F:n:WD_3:mbe.c:58	(at logger.py:129) 
2019-02-12 22:32:15,048 [D] |:F:n:WD_3:mbe.c:57	(at logger.py:129) 
2019-02-12 22:32:15,048 [D] └:F:n:WD_3:mbe.c:56	(at logger.py:129) 
2019-02-12 22:32:15,086 [D] -:P:c:WD_1:mbe.c:57	(at logger.py:129) 
2019-02-12 22:32:15,102 [D] -:F:n:WD_1:mbe.c:56	(at logger.py:129) 
2019-02-12 22:32:15,119 [D] ┌:F:n:WD_2:mbe.c:56	(at logger.py:129) 
2019-02-12 22:32:15,119 [D] └:F:n:WD_2:mbe.c:55	(at logger.py:129) 
2019-02-12 22:32:15,181 [D] ┌:C:n:WD_3:mbe.c:56	(at logger.py:129) 
2019-02-12 22:32:15,182 [D] |:C:n:WD_3:mbe.c:55	(at logger.py:129) 
2019-02-12 22:32:15,182 [D] └:C:n:WD_3:mbe.c:54	(at logger.py:129) 
2019-02-12 22:32:15,230 [D] -:C:n:WD_1:mbe.c:55	(at logger.py:129) 
2019-02-12 22:32:15,248 [D] ┌:F:n:WD_2:mbe.c:55	(at logger.py:129) 
2019-02-12 22:32:15,248 [D] └:F:n:WD_2:mbe.c:54	(at logger.py:129) 
2019-02-12 22:32:15,266 [D] ┌:F:n:WD_3:mbe.c:55	(at logger.py:129) 
2019-02-12 22:32:15,266 [D] |:F:n:WD_3:mbe.c:54	(at logger.py:129) 
2019-02-12 22:32:15,266 [D] └:F:n:WD_3:mbe.c:53	(at logger.py:129) 
2019-02-12 22:32:15,286 [D] -:F:n:WD_1:mbe.c:54	(at logger.py:129) 
2019-02-12 22:32:15,303 [D] ┌:F:n:WD_2:mbe.c:54	(at logger.py:129) 
2019-02-12 22:32:15,303 [D] └:F:n:WD_2:mbe.c:53	(at logger.py:129) 
2019-02-12 22:32:15,324 [D] ┌:F:n:WD_3:mbe.c:54	(at logger.py:129) 
2019-02-12 22:32:15,324 [D] |:F:n:WD_3:mbe.c:53	(at logger.py:129) 
2019-02-12 22:32:15,324 [D] └:F:n:WD_3:mbe.c:52	(at logger.py:129) 
2019-02-12 22:32:16,368 [D] -:C:n:WD_1:mbe.c:53	(at logger.py:129) 
2019-02-12 22:32:16,384 [D] ┌:F:n:WD_2:mbe.c:53	(at logger.py:129) 
2019-02-12 22:32:16,384 [D] └:F:n:WD_2:mbe.c:52	(at logger.py:129) 
2019-02-12 22:32:16,400 [D] ┌:F:n:WD_3:mbe.c:53	(at logger.py:129) 
2019-02-12 22:32:16,400 [D] |:F:n:WD_3:mbe.c:52	(at logger.py:129) 
2019-02-12 22:32:16,400 [D] └:F:n:WD_3:mbe.c:51	(at logger.py:129) 
2019-02-12 22:32:16,418 [D] -:F:n:WD_1:mbe.c:52	(at logger.py:129) 
2019-02-12 22:32:16,436 [D] ┌:F:n:WD_2:mbe.c:52	(at logger.py:129) 
2019-02-12 22:32:16,436 [D] └:F:n:WD_2:mbe.c:51	(at logger.py:129) 
2019-02-12 22:32:16,453 [D] ┌:F:n:WD_3:mbe.c:52	(at logger.py:129) 
2019-02-12 22:32:16,453 [D] |:F:n:WD_3:mbe.c:51	(at logger.py:129) 
2019-02-12 22:32:16,453 [D] └:F:n:WD_3:mbe.c:50	(at logger.py:129) 
2019-02-12 22:32:16,472 [D] -:F:n:WD_1:mbe.c:51	(at logger.py:129) 
2019-02-12 22:32:16,490 [D] ┌:F:n:WD_2:mbe.c:51	(at logger.py:129) 
2019-02-12 22:32:16,490 [D] └:F:n:WD_2:mbe.c:50	(at logger.py:129) 
2019-02-12 22:32:16,508 [D] ┌:F:n:WD_3:mbe.c:51	(at logger.py:129) 
2019-02-12 22:32:16,509 [D] |:F:n:WD_3:mbe.c:50	(at logger.py:129) 
2019-02-12 22:32:16,509 [D] └:F:n:WD_3:mbe.c:49	(at logger.py:129) 
2019-02-12 22:32:16,550 [D] -:P:c:WD_1:mbe.c:50	(at logger.py:129) 
2019-02-12 22:32:16,567 [D] -:F:n:WD_1:mbe.c:49	(at logger.py:129) 
2019-02-12 22:32:16,586 [D] ┌:F:n:WD_2:mbe.c:49	(at logger.py:129) 
2019-02-12 22:32:16,586 [D] └:F:n:WD_2:mbe.c:48	(at logger.py:129) 
2019-02-12 22:32:16,603 [D] ┌:F:n:WD_3:mbe.c:49	(at logger.py:129) 
2019-02-12 22:32:16,603 [D] |:F:n:WD_3:mbe.c:48	(at logger.py:129) 
2019-02-12 22:32:16,603 [D] └:F:n:WD_3:mbe.c:47	(at logger.py:129) 
2019-02-12 22:32:16,621 [D] -:F:n:WD_1:mbe.c:48	(at logger.py:129) 
2019-02-12 22:32:16,639 [D] ┌:F:n:WD_2:mbe.c:48	(at logger.py:129) 
2019-02-12 22:32:16,639 [D] └:F:n:WD_2:mbe.c:47	(at logger.py:129) 
2019-02-12 22:32:16,656 [D] ┌:F:n:WD_3:mbe.c:48	(at logger.py:129) 
2019-02-12 22:32:16,657 [D] |:F:n:WD_3:mbe.c:47	(at logger.py:129) 
2019-02-12 22:32:16,657 [D] └:F:n:WD_3:mbe.c:46	(at logger.py:129) 
2019-02-12 22:32:17,746 [D] -:C:n:WD_1:mbe.c:47	(at logger.py:129) 
2019-02-12 22:32:17,765 [D] ┌:F:n:WD_2:mbe.c:47	(at logger.py:129) 
2019-02-12 22:32:17,765 [D] └:F:n:WD_2:mbe.c:46	(at logger.py:129) 
2019-02-12 22:32:17,786 [D] ┌:F:n:WD_3:mbe.c:47	(at logger.py:129) 
2019-02-12 22:32:17,786 [D] |:F:n:WD_3:mbe.c:46	(at logger.py:129) 
2019-02-12 22:32:17,786 [D] └:F:n:WD_3:mbe.c:45	(at logger.py:129) 
2019-02-12 22:32:17,807 [D] -:F:n:WD_1:mbe.c:46	(at logger.py:129) 
2019-02-12 22:32:17,828 [D] ┌:F:n:WD_2:mbe.c:46	(at logger.py:129) 
2019-02-12 22:32:17,828 [D] └:F:n:WD_2:mbe.c:45	(at logger.py:129) 
2019-02-12 22:32:17,865 [D] ┌:C:c:WD_3:mbe.c:46	(at logger.py:129) 
2019-02-12 22:32:17,865 [D] |:C:c:WD_3:mbe.c:45	(at logger.py:129) 
2019-02-12 22:32:17,865 [D] └:C:c:WD_3:mbe.c:44	(at logger.py:129) 
2019-02-12 22:32:17,903 [D] -:P:c:WD_1:mbe.c:45	(at logger.py:129) 
2019-02-12 22:32:17,920 [D] -:F:n:WD_1:mbe.c:44	(at logger.py:129) 
2019-02-12 22:32:17,938 [D] ┌:F:n:WD_2:mbe.c:44	(at logger.py:129) 
2019-02-12 22:32:17,938 [D] └:F:n:WD_2:mbe.c:43	(at logger.py:129) 
2019-02-12 22:32:19,003 [D] ┌:C:n:WD_3:mbe.c:44	(at logger.py:129) 
2019-02-12 22:32:19,003 [D] |:C:n:WD_3:mbe.c:43	(at logger.py:129) 
2019-02-12 22:32:19,004 [D] └:C:n:WD_3:mbe.c:42	(at logger.py:129) 
2019-02-12 22:32:19,069 [D] -:C:n:WD_1:mbe.c:43	(at logger.py:129) 
2019-02-12 22:32:19,089 [D] ┌:F:n:WD_2:mbe.c:43	(at logger.py:129) 
2019-02-12 22:32:19,089 [D] └:F:n:WD_2:mbe.c:42	(at logger.py:129) 
2019-02-12 22:32:19,107 [D] ┌:F:n:WD_3:mbe.c:43	(at logger.py:129) 
2019-02-12 22:32:19,107 [D] |:F:n:WD_3:mbe.c:42	(at logger.py:129) 
2019-02-12 22:32:19,107 [D] └:F:n:WD_3:mbe.c:41	(at logger.py:129) 
2019-02-12 22:32:19,126 [D] -:F:n:WD_1:mbe.c:42	(at logger.py:129) 
2019-02-12 22:32:19,145 [D] ┌:F:n:WD_2:mbe.c:42	(at logger.py:129) 
2019-02-12 22:32:19,145 [D] └:F:n:WD_2:mbe.c:41	(at logger.py:129) 
2019-02-12 22:32:19,164 [D] ┌:F:n:WD_3:mbe.c:42	(at logger.py:129) 
2019-02-12 22:32:19,164 [D] |:F:n:WD_3:mbe.c:41	(at logger.py:129) 
2019-02-12 22:32:19,164 [D] └:F:n:WD_3:mbe.c:40	(at logger.py:129) 
2019-02-12 22:32:20,213 [D] -:C:n:WD_1:mbe.c:41	(at logger.py:129) 
2019-02-12 22:32:21,278 [D] ┌:C:n:WD_2:mbe.c:41	(at logger.py:129) 
2019-02-12 22:32:21,278 [D] └:C:n:WD_2:mbe.c:40	(at logger.py:129) 
2019-02-12 22:32:21,316 [D] ┌:C:c:WD_3:mbe.c:41	(at logger.py:129) 
2019-02-12 22:32:21,316 [D] |:C:c:WD_3:mbe.c:40	(at logger.py:129) 
2019-02-12 22:32:21,316 [D] └:C:c:WD_3:mbe.c:39	(at logger.py:129) 
2019-02-12 22:32:21,362 [D] -:C:n:WD_1:mbe.c:40	(at logger.py:129) 
2019-02-12 22:32:21,403 [D] ┌:C:c:WD_2:mbe.c:40	(at logger.py:129) 
2019-02-12 22:32:21,403 [D] └:C:c:WD_2:mbe.c:39	(at logger.py:129) 
2019-02-12 22:32:21,421 [D] ┌:F:n:WD_3:mbe.c:40	(at logger.py:129) 
2019-02-12 22:32:21,421 [D] |:F:n:WD_3:mbe.c:39	(at logger.py:129) 
2019-02-12 22:32:21,421 [D] └:F:n:WD_3:mbe.c:38	(at logger.py:129) 
2019-02-12 22:32:21,459 [D] -:P:c:WD_1:mbe.c:39	(at logger.py:129) 
2019-02-12 22:32:21,478 [D] -:F:n:WD_1:mbe.c:38	(at logger.py:129) 
2019-02-12 22:32:21,498 [D] ┌:F:n:WD_2:mbe.c:38	(at logger.py:129) 
2019-02-12 22:32:21,498 [D] └:F:n:WD_2:mbe.c:37	(at logger.py:129) 
2019-02-12 22:32:21,520 [D] ┌:F:n:WD_3:mbe.c:38	(at logger.py:129) 
2019-02-12 22:32:21,520 [D] |:F:n:WD_3:mbe.c:37	(at logger.py:129) 
2019-02-12 22:32:21,520 [D] └:F:n:WD_3:mbe.c:36	(at logger.py:129) 
2019-02-12 22:32:21,537 [D] -:F:n:WD_1:mbe.c:37	(at logger.py:129) 
2019-02-12 22:32:21,553 [D] ┌:F:n:WD_2:mbe.c:37	(at logger.py:129) 
2019-02-12 22:32:21,554 [D] └:F:n:WD_2:mbe.c:36	(at logger.py:129) 
2019-02-12 22:32:21,572 [D] ┌:F:n:WD_3:mbe.c:37	(at logger.py:129) 
2019-02-12 22:32:21,572 [D] |:F:n:WD_3:mbe.c:36	(at logger.py:129) 
2019-02-12 22:32:21,572 [D] └:F:n:WD_3:mbe.c:35	(at logger.py:129) 
2019-02-12 22:32:21,611 [D] -:P:c:WD_1:mbe.c:36	(at logger.py:129) 
2019-02-12 22:32:21,628 [D] -:F:n:WD_1:mbe.c:35	(at logger.py:129) 
2019-02-12 22:32:21,645 [D] ┌:F:n:WD_2:mbe.c:35	(at logger.py:129) 
2019-02-12 22:32:21,645 [D] └:F:n:WD_2:mbe.c:34	(at logger.py:129) 
2019-02-12 22:32:21,663 [D] ┌:F:n:WD_3:mbe.c:35	(at logger.py:129) 
2019-02-12 22:32:21,663 [D] |:F:n:WD_3:mbe.c:34	(at logger.py:129) 
2019-02-12 22:32:21,663 [D] └:F:n:WD_3:mbe.c:33	(at logger.py:129) 
2019-02-12 22:32:21,740 [D] -:P:n:WD_1:mbe.c:34	(at logger.py:129) 
2019-02-12 22:32:21,765 [D] -:F:n:WD_1:mbe.c:33	(at logger.py:129) 
2019-02-12 22:32:21,789 [D] ┌:F:n:WD_2:mbe.c:33	(at logger.py:129) 
2019-02-12 22:32:21,789 [D] └:F:n:WD_2:mbe.c:32	(at logger.py:129) 
2019-02-12 22:32:21,811 [D] ┌:F:n:WD_3:mbe.c:33	(at logger.py:129) 
2019-02-12 22:32:21,811 [D] |:F:n:WD_3:mbe.c:32	(at logger.py:129) 
2019-02-12 22:32:21,811 [D] └:F:n:WD_3:mbe.c:31	(at logger.py:129) 
2019-02-12 22:32:21,830 [D] -:F:n:WD_1:mbe.c:32	(at logger.py:129) 
2019-02-12 22:32:21,847 [D] ┌:F:n:WD_2:mbe.c:32	(at logger.py:129) 
2019-02-12 22:32:21,847 [D] └:F:n:WD_2:mbe.c:31	(at logger.py:129) 
2019-02-12 22:32:21,863 [D] ┌:F:n:WD_3:mbe.c:32	(at logger.py:129) 
2019-02-12 22:32:21,863 [D] |:F:n:WD_3:mbe.c:31	(at logger.py:129) 
2019-02-12 22:32:21,864 [D] └:F:n:WD_3:mbe.c:30	(at logger.py:129) 
2019-02-12 22:32:22,909 [D] -:C:n:WD_1:mbe.c:31	(at logger.py:129) 
2019-02-12 22:32:23,964 [D] ┌:C:n:WD_2:mbe.c:31	(at logger.py:129) 
2019-02-12 22:32:23,964 [D] └:C:n:WD_2:mbe.c:30	(at logger.py:129) 
2019-02-12 22:32:23,983 [D] ┌:F:n:WD_3:mbe.c:31	(at logger.py:129) 
2019-02-12 22:32:23,983 [D] |:F:n:WD_3:mbe.c:30	(at logger.py:129) 
2019-02-12 22:32:23,983 [D] └:F:n:WD_3:mbe.c:29	(at logger.py:129) 
2019-02-12 22:32:24,048 [D] -:C:n:WD_1:mbe.c:30	(at logger.py:129) 
2019-02-12 22:32:24,067 [D] ┌:F:n:WD_2:mbe.c:30	(at logger.py:129) 
2019-02-12 22:32:24,067 [D] └:F:n:WD_2:mbe.c:29	(at logger.py:129) 
2019-02-12 22:32:24,084 [D] ┌:F:n:WD_3:mbe.c:30	(at logger.py:129) 
2019-02-12 22:32:24,084 [D] |:F:n:WD_3:mbe.c:29	(at logger.py:129) 
2019-02-12 22:32:24,084 [D] └:F:n:WD_3:mbe.c:28	(at logger.py:129) 
2019-02-12 22:32:24,103 [D] -:F:n:WD_1:mbe.c:29	(at logger.py:129) 
2019-02-12 22:32:24,121 [D] ┌:F:n:WD_2:mbe.c:29	(at logger.py:129) 
2019-02-12 22:32:24,121 [D] └:F:n:WD_2:mbe.c:28	(at logger.py:129) 
2019-02-12 22:32:25,168 [D] ┌:C:n:WD_3:mbe.c:29	(at logger.py:129) 
2019-02-12 22:32:25,168 [D] |:C:n:WD_3:mbe.c:28	(at logger.py:129) 
2019-02-12 22:32:25,168 [D] └:C:n:WD_3:mbe.c:27	(at logger.py:129) 
2019-02-12 22:32:25,229 [D] -:C:n:WD_1:mbe.c:28	(at logger.py:129) 
2019-02-12 22:32:25,248 [D] ┌:F:n:WD_2:mbe.c:28	(at logger.py:129) 
2019-02-12 22:32:25,249 [D] └:F:n:WD_2:mbe.c:27	(at logger.py:129) 
2019-02-12 22:32:25,267 [D] ┌:F:n:WD_3:mbe.c:28	(at logger.py:129) 
2019-02-12 22:32:25,267 [D] |:F:n:WD_3:mbe.c:27	(at logger.py:129) 
2019-02-12 22:32:25,267 [D] └:F:n:WD_3:mbe.c:26	(at logger.py:129) 
2019-02-12 22:32:25,295 [D] -:F:n:WD_1:mbe.c:27	(at logger.py:129) 
2019-02-12 22:32:25,315 [D] ┌:F:n:WD_2:mbe.c:27	(at logger.py:129) 
2019-02-12 22:32:25,315 [D] └:F:n:WD_2:mbe.c:26	(at logger.py:129) 
2019-02-12 22:32:25,338 [D] ┌:F:n:WD_3:mbe.c:27	(at logger.py:129) 
2019-02-12 22:32:25,338 [D] |:F:n:WD_3:mbe.c:26	(at logger.py:129) 
2019-02-12 22:32:25,338 [D] └:F:n:WD_3:mbe.c:25	(at logger.py:129) 
2019-02-12 22:32:26,384 [D] -:C:n:WD_1:mbe.c:26	(at logger.py:129) 
2019-02-12 22:32:26,401 [D] ┌:F:n:WD_2:mbe.c:26	(at logger.py:129) 
2019-02-12 22:32:26,401 [D] └:F:n:WD_2:mbe.c:25	(at logger.py:129) 
2019-02-12 22:32:26,419 [D] ┌:F:n:WD_3:mbe.c:26	(at logger.py:129) 
2019-02-12 22:32:26,419 [D] |:F:n:WD_3:mbe.c:25	(at logger.py:129) 
2019-02-12 22:32:26,419 [D] └:F:n:WD_3:mbe.c:24	(at logger.py:129) 
2019-02-12 22:32:26,436 [D] -:F:n:WD_1:mbe.c:25	(at logger.py:129) 
2019-02-12 22:32:26,453 [D] ┌:F:n:WD_2:mbe.c:25	(at logger.py:129) 
2019-02-12 22:32:26,453 [D] └:F:n:WD_2:mbe.c:24	(at logger.py:129) 
2019-02-12 22:32:26,472 [D] ┌:F:n:WD_3:mbe.c:25	(at logger.py:129) 
2019-02-12 22:32:26,472 [D] |:F:n:WD_3:mbe.c:24	(at logger.py:129) 
2019-02-12 22:32:26,472 [D] └:F:n:WD_3:mbe.c:23	(at logger.py:129) 
2019-02-12 22:32:26,491 [D] -:F:n:WD_1:mbe.c:24	(at logger.py:129) 
2019-02-12 22:32:26,510 [D] ┌:F:n:WD_2:mbe.c:24	(at logger.py:129) 
2019-02-12 22:32:26,510 [D] └:F:n:WD_2:mbe.c:23	(at logger.py:129) 
2019-02-12 22:32:26,527 [D] ┌:F:n:WD_3:mbe.c:24	(at logger.py:129) 
2019-02-12 22:32:26,527 [D] |:F:n:WD_3:mbe.c:23	(at logger.py:129) 
2019-02-12 22:32:26,527 [D] └:F:n:WD_3:mbe.c:22	(at logger.py:129) 
2019-02-12 22:32:26,543 [D] -:F:n:WD_1:mbe.c:23	(at logger.py:129) 
2019-02-12 22:32:26,561 [D] ┌:F:n:WD_2:mbe.c:23	(at logger.py:129) 
2019-02-12 22:32:26,561 [D] └:F:n:WD_2:mbe.c:22	(at logger.py:129) 
2019-02-12 22:32:26,578 [D] ┌:F:n:WD_3:mbe.c:23	(at logger.py:129) 
2019-02-12 22:32:26,578 [D] |:F:n:WD_3:mbe.c:22	(at logger.py:129) 
2019-02-12 22:32:26,578 [D] └:F:n:WD_3:mbe.c:21	(at logger.py:129) 
2019-02-12 22:32:26,639 [D] -:C:n:WD_1:mbe.c:22	(at logger.py:129) 
2019-02-12 22:32:26,672 [D] ┌:C:c:WD_2:mbe.c:22	(at logger.py:129) 
2019-02-12 22:32:26,672 [D] └:C:c:WD_2:mbe.c:21	(at logger.py:129) 
2019-02-12 22:32:26,715 [D] ┌:C:n:WD_3:mbe.c:22	(at logger.py:129) 
2019-02-12 22:32:26,715 [D] |:C:n:WD_3:mbe.c:21	(at logger.py:129) 
2019-02-12 22:32:26,715 [D] └:C:n:WD_3:mbe.c:20	(at logger.py:129) 
2019-02-12 22:32:26,749 [D] -:P:c:WD_1:mbe.c:21	(at logger.py:129) 
2019-02-12 22:32:26,800 [D] -:C:n:WD_1:mbe.c:20	(at logger.py:129) 
2019-02-12 22:32:26,845 [D] ┌:C:n:WD_2:mbe.c:20	(at logger.py:129) 
2019-02-12 22:32:26,845 [D] └:C:n:WD_2:mbe.c:19	(at logger.py:129) 
2019-02-12 22:32:26,885 [D] ┌:C:c:WD_3:mbe.c:20	(at logger.py:129) 
2019-02-12 22:32:26,885 [D] |:C:c:WD_3:mbe.c:19	(at logger.py:129) 
2019-02-12 22:32:26,885 [D] └:C:c:WD_3:mbe.c:18	(at logger.py:129) 
2019-02-12 22:32:26,927 [D] -:C:n:WD_1:mbe.c:19	(at logger.py:129) 
2019-02-12 22:32:26,963 [D] ┌:C:c:WD_2:mbe.c:19	(at logger.py:129) 
2019-02-12 22:32:26,963 [D] └:C:c:WD_2:mbe.c:18	(at logger.py:129) 
2019-02-12 22:32:26,979 [D] ┌:F:n:WD_3:mbe.c:19	(at logger.py:129) 
2019-02-12 22:32:26,979 [D] |:F:n:WD_3:mbe.c:18	(at logger.py:129) 
2019-02-12 22:32:26,979 [D] └:F:n:WD_3:mbe.c:17	(at logger.py:129) 
2019-02-12 22:32:27,015 [D] -:P:c:WD_1:mbe.c:18	(at logger.py:129) 
2019-02-12 22:32:27,031 [D] -:F:n:WD_1:mbe.c:17	(at logger.py:129) 
2019-02-12 22:32:27,045 [D] ┌:F:n:WD_2:mbe.c:17	(at logger.py:129) 
2019-02-12 22:32:27,045 [D] └:F:n:WD_2:mbe.c:16	(at logger.py:129) 
2019-02-12 22:32:27,060 [D] ┌:F:n:WD_3:mbe.c:17	(at logger.py:129) 
2019-02-12 22:32:27,060 [D] |:F:n:WD_3:mbe.c:16	(at logger.py:129) 
2019-02-12 22:32:27,060 [D] └:F:n:WD_3:mbe.c:15	(at logger.py:129) 
2019-02-12 22:32:27,076 [D] -:F:n:WD_1:mbe.c:16	(at logger.py:129) 
2019-02-12 22:32:27,092 [D] ┌:F:n:WD_2:mbe.c:16	(at logger.py:129) 
2019-02-12 22:32:27,092 [D] └:F:n:WD_2:mbe.c:15	(at logger.py:129) 
2019-02-12 22:32:27,109 [D] ┌:F:n:WD_3:mbe.c:16	(at logger.py:129) 
2019-02-12 22:32:27,109 [D] |:F:n:WD_3:mbe.c:15	(at logger.py:129) 
2019-02-12 22:32:27,109 [D] └:F:n:WD_3:mbe.c:14	(at logger.py:129) 
2019-02-12 22:32:27,126 [D] -:F:n:WD_1:mbe.c:15	(at logger.py:129) 
2019-02-12 22:32:27,145 [D] ┌:F:n:WD_2:mbe.c:15	(at logger.py:129) 
2019-02-12 22:32:27,145 [D] └:F:n:WD_2:mbe.c:14	(at logger.py:129) 
2019-02-12 22:32:27,162 [D] ┌:F:n:WD_3:mbe.c:15	(at logger.py:129) 
2019-02-12 22:32:27,162 [D] |:F:n:WD_3:mbe.c:14	(at logger.py:129) 
2019-02-12 22:32:27,162 [D] └:F:n:WD_3:mbe.c:13	(at logger.py:129) 
2019-02-12 22:32:27,180 [D] -:F:n:WD_1:mbe.c:14	(at logger.py:129) 
2019-02-12 22:32:27,198 [D] ┌:F:n:WD_2:mbe.c:14	(at logger.py:129) 
2019-02-12 22:32:27,198 [D] └:F:n:WD_2:mbe.c:13	(at logger.py:129) 
2019-02-12 22:32:27,216 [D] ┌:F:n:WD_3:mbe.c:14	(at logger.py:129) 
2019-02-12 22:32:27,216 [D] |:F:n:WD_3:mbe.c:13	(at logger.py:129) 
2019-02-12 22:32:27,216 [D] └:F:n:WD_3:mbe.c:12	(at logger.py:129) 
2019-02-12 22:32:27,255 [D] -:P:c:WD_1:mbe.c:13	(at logger.py:129) 
2019-02-12 22:32:27,312 [D] -:P:n:WD_1:mbe.c:12	(at logger.py:129) 
2019-02-12 22:32:27,360 [D] -:P:n:WD_1:mbe.c:11	(at logger.py:129) 
2019-02-12 22:32:27,410 [D] -:P:n:WD_1:mbe.c:10	(at logger.py:129) 
2019-02-12 22:32:27,450 [D] -:P:c:WD_1:mbe.c:9	(at logger.py:129) 
2019-02-12 22:32:27,505 [D] -:P:n:WD_1:mbe.c:8	(at logger.py:129) 
2019-02-12 22:32:27,556 [D] -:P:n:WD_1:mbe.c:7	(at logger.py:129) 
2019-02-12 22:32:27,596 [D] -:P:c:WD_1:mbe.c:6	(at logger.py:129) 
2019-02-12 22:32:27,643 [D] -:P:n:WD_1:mbe.c:5	(at logger.py:129) 
2019-02-12 22:32:27,655 [D] -:F:n:WD_1:mbe.c:4	(at logger.py:129) 
2019-02-12 22:32:27,668 [D] ┌:F:n:WD_2:mbe.c:4	(at logger.py:129) 
2019-02-12 22:32:27,668 [D] └:F:n:WD_2:mbe.c:3	(at logger.py:129) 
2019-02-12 22:32:27,680 [D] ┌:F:n:WD_3:mbe.c:4	(at logger.py:129) 
2019-02-12 22:32:27,681 [D] |:F:n:WD_3:mbe.c:3	(at logger.py:129) 
2019-02-12 22:32:27,681 [D] └:F:n:WD_3:mbe.c:2	(at logger.py:129) 
2019-02-12 22:32:27,693 [D] -:F:n:WD_1:mbe.c:3	(at logger.py:129) 
2019-02-12 22:32:27,706 [D] ┌:F:n:WD_2:mbe.c:3	(at logger.py:129) 
2019-02-12 22:32:27,706 [D] └:F:n:WD_2:mbe.c:2	(at logger.py:129) 
2019-02-12 22:32:27,745 [D] ┌:P:c:WD_3:mbe.c:3	(at logger.py:129) 
2019-02-12 22:32:27,745 [D] |:P:c:WD_3:mbe.c:2	(at logger.py:129) 
2019-02-12 22:32:27,745 [D] └:P:c:WD_3:mbe.c:1	(at logger.py:129) 
2019-02-12 22:32:27,745 [D]  : : :pass:mbe.c:2	(at logger.py:129) 
2019-02-12 22:32:27,745 [D]  : : :pass:mbe.c:1	(at logger.py:129) 
2019-02-12 22:32:27,745 [D] comp_cached_cnt:0	(at logger.py:134) 
2019-02-12 22:32:27,745 [D] compile_cnt:187	(at logger.py:134) 
2019-02-12 22:32:27,745 [D] execute_cnt:32	(at logger.py:134) 
2019-02-12 22:32:27,745 [D] fail_del_cnt:31	(at logger.py:134) 
2019-02-12 22:32:27,745 [D] iter_idx:1	(at logger.py:134) 
2019-02-12 22:32:27,745 [D] reuse_cnt:22	(at logger.py:134) 
2019-02-12 22:32:27,746 [D] succ_del_cnt:23	(at logger.py:134) 
2019-02-12 22:32:27,746 [D] time:17.047089099884033	(at logger.py:134) 
2019-02-12 22:32:27,746 [D] deletion:25	(at logger.py:136) 
