2019-02-12 22:32:40,094 [D]  : : :pass:mbe.c:79	(at logger.py:129) 
2019-02-12 22:32:40,094 [D]  : : :pass:mbe.c:78	(at logger.py:129) 
2019-02-12 22:32:40,094 [D]  : : :pass:mbe.c:77	(at logger.py:129) 
2019-02-12 22:32:40,094 [D]  : : :pass:mbe.c:76	(at logger.py:129) 
2019-02-12 22:32:40,094 [D]  : : :pass:mbe.c:75	(at logger.py:129) 
2019-02-12 22:32:40,110 [D] -:F:n:WD_1:mbe.c:74	(at logger.py:129) 
2019-02-12 22:32:40,126 [D] ┌:F:n:WD_2:mbe.c:74	(at logger.py:129) 
2019-02-12 22:32:40,126 [D] └:F:n:WD_2:mbe.c:73	(at logger.py:129) 
2019-02-12 22:32:40,144 [D] ┌:F:n:WD_3:mbe.c:74	(at logger.py:129) 
2019-02-12 22:32:40,144 [D] |:F:n:WD_3:mbe.c:73	(at logger.py:129) 
2019-02-12 22:32:40,144 [D] └:F:n:WD_3:mbe.c:72	(at logger.py:129) 
2019-02-12 22:32:40,195 [D] -:C:n:WD_1:mbe.c:73	(at logger.py:129) 
2019-02-12 22:32:40,211 [D] ┌:F:n:WD_2:mbe.c:73	(at logger.py:129) 
2019-02-12 22:32:40,211 [D] └:F:n:WD_2:mbe.c:72	(at logger.py:129) 
2019-02-12 22:32:40,226 [D] ┌:F:n:WD_3:mbe.c:73	(at logger.py:129) 
2019-02-12 22:32:40,226 [D] |:F:n:WD_3:mbe.c:72	(at logger.py:129) 
2019-02-12 22:32:40,226 [D] └:F:n:WD_3:mbe.c:71	(at logger.py:129) 
2019-02-12 22:32:40,242 [D] -:F:n:WD_1:mbe.c:72	(at logger.py:129) 
2019-02-12 22:32:40,258 [D] ┌:F:n:WD_2:mbe.c:72	(at logger.py:129) 
2019-02-12 22:32:40,259 [D] └:F:n:WD_2:mbe.c:71	(at logger.py:129) 
2019-02-12 22:32:40,280 [D] ┌:F:n:WD_3:mbe.c:72	(at logger.py:129) 
2019-02-12 22:32:40,280 [D] |:F:n:WD_3:mbe.c:71	(at logger.py:129) 
2019-02-12 22:32:40,280 [D] └:F:n:WD_3:mbe.c:69	(at logger.py:129) 
2019-02-12 22:32:40,298 [D] -:F:n:WD_1:mbe.c:71	(at logger.py:129) 
2019-02-12 22:32:40,316 [D] ┌:F:n:WD_2:mbe.c:71	(at logger.py:129) 
2019-02-12 22:32:40,316 [D] └:F:n:WD_2:mbe.c:69	(at logger.py:129) 
2019-02-12 22:32:40,332 [D] ┌:F:n:WD_3:mbe.c:71	(at logger.py:129) 
2019-02-12 22:32:40,332 [D] |:F:n:WD_3:mbe.c:69	(at logger.py:129) 
2019-02-12 22:32:40,332 [D] └:F:n:WD_3:mbe.c:68	(at logger.py:129) 
2019-02-12 22:32:40,332 [D]  : : :pass:mbe.c:70	(at logger.py:129) 
2019-02-12 22:32:40,347 [D] -:F:n:WD_1:mbe.c:69	(at logger.py:129) 
2019-02-12 22:32:40,362 [D] ┌:F:n:WD_2:mbe.c:69	(at logger.py:129) 
2019-02-12 22:32:40,362 [D] └:F:n:WD_2:mbe.c:68	(at logger.py:129) 
2019-02-12 22:32:40,377 [D] ┌:F:n:WD_3:mbe.c:69	(at logger.py:129) 
2019-02-12 22:32:40,377 [D] |:F:n:WD_3:mbe.c:68	(at logger.py:129) 
2019-02-12 22:32:40,377 [D] └:F:n:WD_3:mbe.c:67	(at logger.py:129) 
2019-02-12 22:32:40,424 [D] -:C:n:WD_1:mbe.c:68	(at logger.py:129) 
2019-02-12 22:32:40,439 [D] ┌:F:n:WD_2:mbe.c:68	(at logger.py:129) 
2019-02-12 22:32:40,439 [D] └:F:n:WD_2:mbe.c:67	(at logger.py:129) 
2019-02-12 22:32:40,455 [D] ┌:F:n:WD_3:mbe.c:68	(at logger.py:129) 
2019-02-12 22:32:40,456 [D] |:F:n:WD_3:mbe.c:67	(at logger.py:129) 
2019-02-12 22:32:40,456 [D] └:F:n:WD_3:mbe.c:66	(at logger.py:129) 
2019-02-12 22:32:40,472 [D] -:F:n:WD_1:mbe.c:67	(at logger.py:129) 
2019-02-12 22:32:40,488 [D] ┌:F:n:WD_2:mbe.c:67	(at logger.py:129) 
2019-02-12 22:32:40,488 [D] └:F:n:WD_2:mbe.c:66	(at logger.py:129) 
2019-02-12 22:32:40,526 [D] ┌:F:n:WD_3:mbe.c:67	(at logger.py:129) 
2019-02-12 22:32:40,526 [D] |:F:n:WD_3:mbe.c:66	(at logger.py:129) 
2019-02-12 22:32:40,527 [D] └:F:n:WD_3:mbe.c:64	(at logger.py:129) 
2019-02-12 22:32:40,543 [D] -:F:n:WD_1:mbe.c:66	(at logger.py:129) 
2019-02-12 22:32:40,559 [D] ┌:F:n:WD_2:mbe.c:66	(at logger.py:129) 
2019-02-12 22:32:40,559 [D] └:F:n:WD_2:mbe.c:64	(at logger.py:129) 
2019-02-12 22:32:40,575 [D] ┌:F:n:WD_3:mbe.c:66	(at logger.py:129) 
2019-02-12 22:32:40,576 [D] |:F:n:WD_3:mbe.c:64	(at logger.py:129) 
2019-02-12 22:32:40,576 [D] └:F:n:WD_3:mbe.c:63	(at logger.py:129) 
2019-02-12 22:32:40,576 [D]  : : :pass:mbe.c:65	(at logger.py:129) 
2019-02-12 22:32:40,593 [D] -:F:n:WD_1:mbe.c:64	(at logger.py:129) 
2019-02-12 22:32:40,609 [D] ┌:F:n:WD_2:mbe.c:64	(at logger.py:129) 
2019-02-12 22:32:40,610 [D] └:F:n:WD_2:mbe.c:63	(at logger.py:129) 
2019-02-12 22:32:40,626 [D] ┌:F:n:WD_3:mbe.c:64	(at logger.py:129) 
2019-02-12 22:32:40,626 [D] |:F:n:WD_3:mbe.c:63	(at logger.py:129) 
2019-02-12 22:32:40,626 [D] └:F:n:WD_3:mbe.c:62	(at logger.py:129) 
2019-02-12 22:32:40,675 [D] -:C:n:WD_1:mbe.c:63	(at logger.py:129) 
2019-02-12 22:32:40,690 [D] ┌:F:n:WD_2:mbe.c:63	(at logger.py:129) 
2019-02-12 22:32:40,690 [D] └:F:n:WD_2:mbe.c:62	(at logger.py:129) 
2019-02-12 22:32:40,706 [D] ┌:F:n:WD_3:mbe.c:63	(at logger.py:129) 
2019-02-12 22:32:40,706 [D] |:F:n:WD_3:mbe.c:62	(at logger.py:129) 
2019-02-12 22:32:40,706 [D] └:F:n:WD_3:mbe.c:61	(at logger.py:129) 
2019-02-12 22:32:40,722 [D] -:F:n:WD_1:mbe.c:62	(at logger.py:129) 
2019-02-12 22:32:40,738 [D] ┌:F:n:WD_2:mbe.c:62	(at logger.py:129) 
2019-02-12 22:32:40,738 [D] └:F:n:WD_2:mbe.c:61	(at logger.py:129) 
2019-02-12 22:32:40,784 [D] ┌:F:n:WD_3:mbe.c:62	(at logger.py:129) 
2019-02-12 22:32:40,784 [D] |:F:n:WD_3:mbe.c:61	(at logger.py:129) 
2019-02-12 22:32:40,784 [D] └:F:n:WD_3:mbe.c:59	(at logger.py:129) 
2019-02-12 22:32:40,802 [D] -:F:n:WD_1:mbe.c:61	(at logger.py:129) 
2019-02-12 22:32:40,802 [D] ┌:F:n:WD_2:mbe.c:61	(at logger.py:129) 
2019-02-12 22:32:40,802 [D] └:F:n:WD_2:mbe.c:59	(at logger.py:129) 
2019-02-12 22:32:40,821 [D] ┌:F:n:WD_3:mbe.c:61	(at logger.py:129) 
2019-02-12 22:32:40,821 [D] |:F:n:WD_3:mbe.c:59	(at logger.py:129) 
2019-02-12 22:32:40,821 [D] └:F:n:WD_3:mbe.c:56	(at logger.py:129) 
2019-02-12 22:32:40,821 [D]  : : :pass:mbe.c:60	(at logger.py:129) 
2019-02-12 22:32:40,821 [D] -:F:n:WD_1:mbe.c:59	(at logger.py:129) 
2019-02-12 22:32:40,821 [D] ┌:F:n:WD_2:mbe.c:59	(at logger.py:129) 
2019-02-12 22:32:40,821 [D] └:F:n:WD_2:mbe.c:56	(at logger.py:129) 
2019-02-12 22:32:40,836 [D] ┌:F:n:WD_3:mbe.c:59	(at logger.py:129) 
2019-02-12 22:32:40,836 [D] |:F:n:WD_3:mbe.c:56	(at logger.py:129) 
2019-02-12 22:32:40,836 [D] └:F:n:WD_3:mbe.c:55	(at logger.py:129) 
2019-02-12 22:32:40,836 [D]  : : :pass:mbe.c:58	(at logger.py:129) 
2019-02-12 22:32:40,836 [D]  : : :pass:mbe.c:57	(at logger.py:129) 
2019-02-12 22:32:40,836 [D] -:F:n:WD_1:mbe.c:56	(at logger.py:129) 
2019-02-12 22:32:40,836 [D] ┌:F:n:WD_2:mbe.c:56	(at logger.py:129) 
2019-02-12 22:32:40,837 [D] └:F:n:WD_2:mbe.c:55	(at logger.py:129) 
2019-02-12 22:32:40,837 [D] ┌:F:n:WD_3:mbe.c:56	(at logger.py:129) 
2019-02-12 22:32:40,837 [D] |:F:n:WD_3:mbe.c:55	(at logger.py:129) 
2019-02-12 22:32:40,837 [D] └:F:n:WD_3:mbe.c:54	(at logger.py:129) 
2019-02-12 22:32:40,837 [D] -:C:c:WD_1:mbe.c:55	(at logger.py:129) 
2019-02-12 22:32:40,837 [D] ┌:F:n:WD_2:mbe.c:55	(at logger.py:129) 
2019-02-12 22:32:40,837 [D] └:F:n:WD_2:mbe.c:54	(at logger.py:129) 
2019-02-12 22:32:40,837 [D] ┌:F:n:WD_3:mbe.c:55	(at logger.py:129) 
2019-02-12 22:32:40,837 [D] |:F:n:WD_3:mbe.c:54	(at logger.py:129) 
2019-02-12 22:32:40,837 [D] └:F:n:WD_3:mbe.c:53	(at logger.py:129) 
2019-02-12 22:32:40,837 [D] -:F:n:WD_1:mbe.c:54	(at logger.py:129) 
2019-02-12 22:32:40,837 [D] ┌:F:n:WD_2:mbe.c:54	(at logger.py:129) 
2019-02-12 22:32:40,837 [D] └:F:n:WD_2:mbe.c:53	(at logger.py:129) 
2019-02-12 22:32:40,838 [D] ┌:F:n:WD_3:mbe.c:54	(at logger.py:129) 
2019-02-12 22:32:40,838 [D] |:F:n:WD_3:mbe.c:53	(at logger.py:129) 
2019-02-12 22:32:40,838 [D] └:F:n:WD_3:mbe.c:52	(at logger.py:129) 
2019-02-12 22:32:40,838 [D] -:C:c:WD_1:mbe.c:53	(at logger.py:129) 
2019-02-12 22:32:40,838 [D] ┌:F:n:WD_2:mbe.c:53	(at logger.py:129) 
2019-02-12 22:32:40,838 [D] └:F:n:WD_2:mbe.c:52	(at logger.py:129) 
2019-02-12 22:32:40,838 [D] ┌:F:n:WD_3:mbe.c:53	(at logger.py:129) 
2019-02-12 22:32:40,838 [D] |:F:n:WD_3:mbe.c:52	(at logger.py:129) 
2019-02-12 22:32:40,838 [D] └:F:n:WD_3:mbe.c:51	(at logger.py:129) 
2019-02-12 22:32:40,838 [D] -:F:n:WD_1:mbe.c:52	(at logger.py:129) 
2019-02-12 22:32:40,838 [D] ┌:F:n:WD_2:mbe.c:52	(at logger.py:129) 
2019-02-12 22:32:40,838 [D] └:F:n:WD_2:mbe.c:51	(at logger.py:129) 
2019-02-12 22:32:40,839 [D] ┌:F:n:WD_3:mbe.c:52	(at logger.py:129) 
2019-02-12 22:32:40,839 [D] |:F:n:WD_3:mbe.c:51	(at logger.py:129) 
2019-02-12 22:32:40,839 [D] └:F:n:WD_3:mbe.c:49	(at logger.py:129) 
2019-02-12 22:32:40,839 [D] -:F:n:WD_1:mbe.c:51	(at logger.py:129) 
2019-02-12 22:32:40,839 [D] ┌:F:n:WD_2:mbe.c:51	(at logger.py:129) 
2019-02-12 22:32:40,839 [D] └:F:n:WD_2:mbe.c:49	(at logger.py:129) 
2019-02-12 22:32:40,839 [D] ┌:F:n:WD_3:mbe.c:51	(at logger.py:129) 
2019-02-12 22:32:40,839 [D] |:F:n:WD_3:mbe.c:49	(at logger.py:129) 
2019-02-12 22:32:40,839 [D] └:F:n:WD_3:mbe.c:48	(at logger.py:129) 
2019-02-12 22:32:40,839 [D]  : : :pass:mbe.c:50	(at logger.py:129) 
2019-02-12 22:32:40,839 [D] -:F:n:WD_1:mbe.c:49	(at logger.py:129) 
2019-02-12 22:32:40,839 [D] ┌:F:n:WD_2:mbe.c:49	(at logger.py:129) 
2019-02-12 22:32:40,839 [D] └:F:n:WD_2:mbe.c:48	(at logger.py:129) 
2019-02-12 22:32:40,839 [D] ┌:F:n:WD_3:mbe.c:49	(at logger.py:129) 
2019-02-12 22:32:40,840 [D] |:F:n:WD_3:mbe.c:48	(at logger.py:129) 
2019-02-12 22:32:40,840 [D] └:F:n:WD_3:mbe.c:47	(at logger.py:129) 
2019-02-12 22:32:40,840 [D] -:F:n:WD_1:mbe.c:48	(at logger.py:129) 
2019-02-12 22:32:40,840 [D] ┌:F:n:WD_2:mbe.c:48	(at logger.py:129) 
2019-02-12 22:32:40,840 [D] └:F:n:WD_2:mbe.c:47	(at logger.py:129) 
2019-02-12 22:32:40,840 [D] ┌:C:c:WD_3:mbe.c:48	(at logger.py:129) 
2019-02-12 22:32:40,840 [D] |:C:c:WD_3:mbe.c:47	(at logger.py:129) 
2019-02-12 22:32:40,840 [D] └:C:c:WD_3:mbe.c:46	(at logger.py:129) 
2019-02-12 22:32:40,840 [D] -:C:c:WD_1:mbe.c:47	(at logger.py:129) 
2019-02-12 22:32:40,840 [D] ┌:F:n:WD_2:mbe.c:47	(at logger.py:129) 
2019-02-12 22:32:40,840 [D] └:F:n:WD_2:mbe.c:46	(at logger.py:129) 
2019-02-12 22:32:40,840 [D] ┌:C:c:WD_3:mbe.c:47	(at logger.py:129) 
2019-02-12 22:32:40,840 [D] |:C:c:WD_3:mbe.c:46	(at logger.py:129) 
2019-02-12 22:32:40,840 [D] └:C:c:WD_3:mbe.c:44	(at logger.py:129) 
2019-02-12 22:32:40,841 [D] -:F:n:WD_1:mbe.c:46	(at logger.py:129) 
2019-02-12 22:32:40,841 [D] ┌:C:c:WD_2:mbe.c:46	(at logger.py:129) 
2019-02-12 22:32:40,841 [D] └:C:c:WD_2:mbe.c:44	(at logger.py:129) 
2019-02-12 22:32:40,841 [D] ┌:C:c:WD_3:mbe.c:46	(at logger.py:129) 
2019-02-12 22:32:40,841 [D] |:C:c:WD_3:mbe.c:44	(at logger.py:129) 
2019-02-12 22:32:40,841 [D] └:C:c:WD_3:mbe.c:43	(at logger.py:129) 
2019-02-12 22:32:40,841 [D]  : : :pass:mbe.c:45	(at logger.py:129) 
2019-02-12 22:32:40,841 [D] -:F:n:WD_1:mbe.c:44	(at logger.py:129) 
2019-02-12 22:32:40,841 [D] ┌:F:n:WD_2:mbe.c:44	(at logger.py:129) 
2019-02-12 22:32:40,841 [D] └:F:n:WD_2:mbe.c:43	(at logger.py:129) 
2019-02-12 22:32:40,841 [D] ┌:C:c:WD_3:mbe.c:44	(at logger.py:129) 
2019-02-12 22:32:40,841 [D] |:C:c:WD_3:mbe.c:43	(at logger.py:129) 
2019-02-12 22:32:40,842 [D] └:C:c:WD_3:mbe.c:42	(at logger.py:129) 
2019-02-12 22:32:40,842 [D] -:C:c:WD_1:mbe.c:43	(at logger.py:129) 
2019-02-12 22:32:40,842 [D] ┌:F:n:WD_2:mbe.c:43	(at logger.py:129) 
2019-02-12 22:32:40,842 [D] └:F:n:WD_2:mbe.c:42	(at logger.py:129) 
2019-02-12 22:32:40,842 [D] ┌:F:n:WD_3:mbe.c:43	(at logger.py:129) 
2019-02-12 22:32:40,842 [D] |:F:n:WD_3:mbe.c:42	(at logger.py:129) 
2019-02-12 22:32:40,842 [D] └:F:n:WD_3:mbe.c:41	(at logger.py:129) 
2019-02-12 22:32:40,842 [D] -:F:n:WD_1:mbe.c:42	(at logger.py:129) 
2019-02-12 22:32:40,842 [D] ┌:F:n:WD_2:mbe.c:42	(at logger.py:129) 
2019-02-12 22:32:40,842 [D] └:F:n:WD_2:mbe.c:41	(at logger.py:129) 
2019-02-12 22:32:40,842 [D] ┌:F:n:WD_3:mbe.c:42	(at logger.py:129) 
2019-02-12 22:32:40,842 [D] |:F:n:WD_3:mbe.c:41	(at logger.py:129) 
2019-02-12 22:32:40,842 [D] └:F:n:WD_3:mbe.c:40	(at logger.py:129) 
2019-02-12 22:32:40,843 [D] -:C:c:WD_1:mbe.c:41	(at logger.py:129) 
2019-02-12 22:32:40,843 [D] ┌:C:c:WD_2:mbe.c:41	(at logger.py:129) 
2019-02-12 22:32:40,843 [D] └:C:c:WD_2:mbe.c:40	(at logger.py:129) 
2019-02-12 22:32:40,843 [D] ┌:F:n:WD_3:mbe.c:41	(at logger.py:129) 
2019-02-12 22:32:40,843 [D] |:F:n:WD_3:mbe.c:40	(at logger.py:129) 
2019-02-12 22:32:40,843 [D] └:F:n:WD_3:mbe.c:38	(at logger.py:129) 
2019-02-12 22:32:40,843 [D] -:C:c:WD_1:mbe.c:40	(at logger.py:129) 
2019-02-12 22:32:40,843 [D] ┌:F:n:WD_2:mbe.c:40	(at logger.py:129) 
2019-02-12 22:32:40,843 [D] └:F:n:WD_2:mbe.c:38	(at logger.py:129) 
2019-02-12 22:32:40,843 [D] ┌:F:n:WD_3:mbe.c:40	(at logger.py:129) 
2019-02-12 22:32:40,843 [D] |:F:n:WD_3:mbe.c:38	(at logger.py:129) 
2019-02-12 22:32:40,843 [D] └:F:n:WD_3:mbe.c:37	(at logger.py:129) 
2019-02-12 22:32:40,843 [D]  : : :pass:mbe.c:39	(at logger.py:129) 
2019-02-12 22:32:40,843 [D] -:F:n:WD_1:mbe.c:38	(at logger.py:129) 
2019-02-12 22:32:40,844 [D] ┌:F:n:WD_2:mbe.c:38	(at logger.py:129) 
2019-02-12 22:32:40,844 [D] └:F:n:WD_2:mbe.c:37	(at logger.py:129) 
2019-02-12 22:32:40,844 [D] ┌:F:n:WD_3:mbe.c:38	(at logger.py:129) 
2019-02-12 22:32:40,844 [D] |:F:n:WD_3:mbe.c:37	(at logger.py:129) 
2019-02-12 22:32:40,844 [D] └:F:n:WD_3:mbe.c:35	(at logger.py:129) 
2019-02-12 22:32:40,844 [D] -:F:n:WD_1:mbe.c:37	(at logger.py:129) 
2019-02-12 22:32:40,844 [D] ┌:F:n:WD_2:mbe.c:37	(at logger.py:129) 
2019-02-12 22:32:40,844 [D] └:F:n:WD_2:mbe.c:35	(at logger.py:129) 
2019-02-12 22:32:40,844 [D] ┌:F:n:WD_3:mbe.c:37	(at logger.py:129) 
2019-02-12 22:32:40,844 [D] |:F:n:WD_3:mbe.c:35	(at logger.py:129) 
2019-02-12 22:32:40,844 [D] └:F:n:WD_3:mbe.c:33	(at logger.py:129) 
2019-02-12 22:32:40,844 [D]  : : :pass:mbe.c:36	(at logger.py:129) 
2019-02-12 22:32:40,844 [D] -:F:n:WD_1:mbe.c:35	(at logger.py:129) 
2019-02-12 22:32:40,845 [D] ┌:F:n:WD_2:mbe.c:35	(at logger.py:129) 
2019-02-12 22:32:40,845 [D] └:F:n:WD_2:mbe.c:33	(at logger.py:129) 
2019-02-12 22:32:40,845 [D] ┌:F:n:WD_3:mbe.c:35	(at logger.py:129) 
2019-02-12 22:32:40,845 [D] |:F:n:WD_3:mbe.c:33	(at logger.py:129) 
2019-02-12 22:32:40,845 [D] └:F:n:WD_3:mbe.c:32	(at logger.py:129) 
2019-02-12 22:32:40,845 [D]  : : :pass:mbe.c:34	(at logger.py:129) 
2019-02-12 22:32:40,845 [D] -:F:n:WD_1:mbe.c:33	(at logger.py:129) 
2019-02-12 22:32:40,845 [D] ┌:F:n:WD_2:mbe.c:33	(at logger.py:129) 
2019-02-12 22:32:40,845 [D] └:F:n:WD_2:mbe.c:32	(at logger.py:129) 
2019-02-12 22:32:40,845 [D] ┌:F:n:WD_3:mbe.c:33	(at logger.py:129) 
2019-02-12 22:32:40,845 [D] |:F:n:WD_3:mbe.c:32	(at logger.py:129) 
2019-02-12 22:32:40,845 [D] └:F:n:WD_3:mbe.c:31	(at logger.py:129) 
2019-02-12 22:32:40,845 [D] -:F:n:WD_1:mbe.c:32	(at logger.py:129) 
2019-02-12 22:32:40,846 [D] ┌:F:n:WD_2:mbe.c:32	(at logger.py:129) 
2019-02-12 22:32:40,846 [D] └:F:n:WD_2:mbe.c:31	(at logger.py:129) 
2019-02-12 22:32:40,846 [D] ┌:F:n:WD_3:mbe.c:32	(at logger.py:129) 
2019-02-12 22:32:40,846 [D] |:F:n:WD_3:mbe.c:31	(at logger.py:129) 
2019-02-12 22:32:40,846 [D] └:F:n:WD_3:mbe.c:30	(at logger.py:129) 
2019-02-12 22:32:40,846 [D] -:C:c:WD_1:mbe.c:31	(at logger.py:129) 
2019-02-12 22:32:40,846 [D] ┌:C:c:WD_2:mbe.c:31	(at logger.py:129) 
2019-02-12 22:32:40,846 [D] └:C:c:WD_2:mbe.c:30	(at logger.py:129) 
2019-02-12 22:32:40,846 [D] ┌:F:n:WD_3:mbe.c:31	(at logger.py:129) 
2019-02-12 22:32:40,846 [D] |:F:n:WD_3:mbe.c:30	(at logger.py:129) 
2019-02-12 22:32:40,846 [D] └:F:n:WD_3:mbe.c:29	(at logger.py:129) 
2019-02-12 22:32:40,846 [D] -:C:c:WD_1:mbe.c:30	(at logger.py:129) 
2019-02-12 22:32:40,846 [D] ┌:F:n:WD_2:mbe.c:30	(at logger.py:129) 
2019-02-12 22:32:40,846 [D] └:F:n:WD_2:mbe.c:29	(at logger.py:129) 
2019-02-12 22:32:40,847 [D] ┌:F:n:WD_3:mbe.c:30	(at logger.py:129) 
2019-02-12 22:32:40,847 [D] |:F:n:WD_3:mbe.c:29	(at logger.py:129) 
2019-02-12 22:32:40,847 [D] └:F:n:WD_3:mbe.c:28	(at logger.py:129) 
2019-02-12 22:32:40,847 [D] -:F:n:WD_1:mbe.c:29	(at logger.py:129) 
2019-02-12 22:32:40,847 [D] ┌:F:n:WD_2:mbe.c:29	(at logger.py:129) 
2019-02-12 22:32:40,847 [D] └:F:n:WD_2:mbe.c:28	(at logger.py:129) 
2019-02-12 22:32:40,847 [D] ┌:C:c:WD_3:mbe.c:29	(at logger.py:129) 
2019-02-12 22:32:40,847 [D] |:C:c:WD_3:mbe.c:28	(at logger.py:129) 
2019-02-12 22:32:40,847 [D] └:C:c:WD_3:mbe.c:27	(at logger.py:129) 
2019-02-12 22:32:40,847 [D] -:C:c:WD_1:mbe.c:28	(at logger.py:129) 
2019-02-12 22:32:40,847 [D] ┌:F:n:WD_2:mbe.c:28	(at logger.py:129) 
2019-02-12 22:32:40,847 [D] └:F:n:WD_2:mbe.c:27	(at logger.py:129) 
2019-02-12 22:32:40,847 [D] ┌:F:n:WD_3:mbe.c:28	(at logger.py:129) 
2019-02-12 22:32:40,848 [D] |:F:n:WD_3:mbe.c:27	(at logger.py:129) 
2019-02-12 22:32:40,848 [D] └:F:n:WD_3:mbe.c:26	(at logger.py:129) 
2019-02-12 22:32:40,848 [D] -:F:n:WD_1:mbe.c:27	(at logger.py:129) 
2019-02-12 22:32:40,848 [D] ┌:F:n:WD_2:mbe.c:27	(at logger.py:129) 
2019-02-12 22:32:40,848 [D] └:F:n:WD_2:mbe.c:26	(at logger.py:129) 
2019-02-12 22:32:40,848 [D] ┌:F:n:WD_3:mbe.c:27	(at logger.py:129) 
2019-02-12 22:32:40,848 [D] |:F:n:WD_3:mbe.c:26	(at logger.py:129) 
2019-02-12 22:32:40,848 [D] └:F:n:WD_3:mbe.c:25	(at logger.py:129) 
2019-02-12 22:32:40,848 [D] -:C:c:WD_1:mbe.c:26	(at logger.py:129) 
2019-02-12 22:32:40,848 [D] ┌:F:n:WD_2:mbe.c:26	(at logger.py:129) 
2019-02-12 22:32:40,848 [D] └:F:n:WD_2:mbe.c:25	(at logger.py:129) 
2019-02-12 22:32:40,848 [D] ┌:F:n:WD_3:mbe.c:26	(at logger.py:129) 
2019-02-12 22:32:40,848 [D] |:F:n:WD_3:mbe.c:25	(at logger.py:129) 
2019-02-12 22:32:40,849 [D] └:F:n:WD_3:mbe.c:24	(at logger.py:129) 
2019-02-12 22:32:40,849 [D] -:F:n:WD_1:mbe.c:25	(at logger.py:129) 
2019-02-12 22:32:40,849 [D] ┌:F:n:WD_2:mbe.c:25	(at logger.py:129) 
2019-02-12 22:32:40,849 [D] └:F:n:WD_2:mbe.c:24	(at logger.py:129) 
2019-02-12 22:32:40,849 [D] ┌:F:n:WD_3:mbe.c:25	(at logger.py:129) 
2019-02-12 22:32:40,849 [D] |:F:n:WD_3:mbe.c:24	(at logger.py:129) 
2019-02-12 22:32:40,849 [D] └:F:n:WD_3:mbe.c:23	(at logger.py:129) 
2019-02-12 22:32:40,849 [D] -:F:n:WD_1:mbe.c:24	(at logger.py:129) 
2019-02-12 22:32:40,849 [D] ┌:F:n:WD_2:mbe.c:24	(at logger.py:129) 
2019-02-12 22:32:40,849 [D] └:F:n:WD_2:mbe.c:23	(at logger.py:129) 
2019-02-12 22:32:40,849 [D] ┌:F:n:WD_3:mbe.c:24	(at logger.py:129) 
2019-02-12 22:32:40,849 [D] |:F:n:WD_3:mbe.c:23	(at logger.py:129) 
2019-02-12 22:32:40,849 [D] └:F:n:WD_3:mbe.c:22	(at logger.py:129) 
2019-02-12 22:32:40,850 [D] -:F:n:WD_1:mbe.c:23	(at logger.py:129) 
2019-02-12 22:32:40,850 [D] ┌:F:n:WD_2:mbe.c:23	(at logger.py:129) 
2019-02-12 22:32:40,850 [D] └:F:n:WD_2:mbe.c:22	(at logger.py:129) 
2019-02-12 22:32:40,850 [D] ┌:F:n:WD_3:mbe.c:23	(at logger.py:129) 
2019-02-12 22:32:40,850 [D] |:F:n:WD_3:mbe.c:22	(at logger.py:129) 
2019-02-12 22:32:40,850 [D] └:F:n:WD_3:mbe.c:20	(at logger.py:129) 
2019-02-12 22:32:40,850 [D] -:C:c:WD_1:mbe.c:22	(at logger.py:129) 
2019-02-12 22:32:40,850 [D] ┌:C:c:WD_2:mbe.c:22	(at logger.py:129) 
2019-02-12 22:32:40,850 [D] └:C:c:WD_2:mbe.c:20	(at logger.py:129) 
2019-02-12 22:32:40,850 [D] ┌:C:c:WD_3:mbe.c:22	(at logger.py:129) 
2019-02-12 22:32:40,850 [D] |:C:c:WD_3:mbe.c:20	(at logger.py:129) 
2019-02-12 22:32:40,850 [D] └:C:c:WD_3:mbe.c:19	(at logger.py:129) 
2019-02-12 22:32:40,850 [D]  : : :pass:mbe.c:21	(at logger.py:129) 
2019-02-12 22:32:40,850 [D] -:C:c:WD_1:mbe.c:20	(at logger.py:129) 
2019-02-12 22:32:40,851 [D] ┌:C:c:WD_2:mbe.c:20	(at logger.py:129) 
2019-02-12 22:32:40,851 [D] └:C:c:WD_2:mbe.c:19	(at logger.py:129) 
2019-02-12 22:32:40,851 [D] ┌:F:n:WD_3:mbe.c:20	(at logger.py:129) 
2019-02-12 22:32:40,851 [D] |:F:n:WD_3:mbe.c:19	(at logger.py:129) 
2019-02-12 22:32:40,851 [D] └:F:n:WD_3:mbe.c:17	(at logger.py:129) 
2019-02-12 22:32:40,851 [D] -:C:c:WD_1:mbe.c:19	(at logger.py:129) 
2019-02-12 22:32:40,851 [D] ┌:F:n:WD_2:mbe.c:19	(at logger.py:129) 
2019-02-12 22:32:40,851 [D] └:F:n:WD_2:mbe.c:17	(at logger.py:129) 
2019-02-12 22:32:40,851 [D] ┌:F:n:WD_3:mbe.c:19	(at logger.py:129) 
2019-02-12 22:32:40,851 [D] |:F:n:WD_3:mbe.c:17	(at logger.py:129) 
2019-02-12 22:32:40,851 [D] └:F:n:WD_3:mbe.c:16	(at logger.py:129) 
2019-02-12 22:32:40,851 [D]  : : :pass:mbe.c:18	(at logger.py:129) 
2019-02-12 22:32:40,851 [D] -:F:n:WD_1:mbe.c:17	(at logger.py:129) 
2019-02-12 22:32:40,852 [D] ┌:F:n:WD_2:mbe.c:17	(at logger.py:129) 
2019-02-12 22:32:40,852 [D] └:F:n:WD_2:mbe.c:16	(at logger.py:129) 
2019-02-12 22:32:40,852 [D] ┌:F:n:WD_3:mbe.c:17	(at logger.py:129) 
2019-02-12 22:32:40,852 [D] |:F:n:WD_3:mbe.c:16	(at logger.py:129) 
2019-02-12 22:32:40,852 [D] └:F:n:WD_3:mbe.c:15	(at logger.py:129) 
2019-02-12 22:32:40,852 [D] -:F:n:WD_1:mbe.c:16	(at logger.py:129) 
2019-02-12 22:32:40,852 [D] ┌:F:n:WD_2:mbe.c:16	(at logger.py:129) 
2019-02-12 22:32:40,852 [D] └:F:n:WD_2:mbe.c:15	(at logger.py:129) 
2019-02-12 22:32:40,852 [D] ┌:F:n:WD_3:mbe.c:16	(at logger.py:129) 
2019-02-12 22:32:40,852 [D] |:F:n:WD_3:mbe.c:15	(at logger.py:129) 
2019-02-12 22:32:40,852 [D] └:F:n:WD_3:mbe.c:14	(at logger.py:129) 
2019-02-12 22:32:40,852 [D] -:F:n:WD_1:mbe.c:15	(at logger.py:129) 
2019-02-12 22:32:40,853 [D] ┌:F:n:WD_2:mbe.c:15	(at logger.py:129) 
2019-02-12 22:32:40,853 [D] └:F:n:WD_2:mbe.c:14	(at logger.py:129) 
2019-02-12 22:32:40,853 [D] ┌:F:n:WD_3:mbe.c:15	(at logger.py:129) 
2019-02-12 22:32:40,853 [D] |:F:n:WD_3:mbe.c:14	(at logger.py:129) 
2019-02-12 22:32:40,853 [D] └:F:n:WD_3:mbe.c:4	(at logger.py:129) 
2019-02-12 22:32:40,853 [D] -:F:n:WD_1:mbe.c:14	(at logger.py:129) 
2019-02-12 22:32:40,853 [D] ┌:F:n:WD_2:mbe.c:14	(at logger.py:129) 
2019-02-12 22:32:40,853 [D] └:F:n:WD_2:mbe.c:4	(at logger.py:129) 
2019-02-12 22:32:40,853 [D] ┌:F:n:WD_3:mbe.c:14	(at logger.py:129) 
2019-02-12 22:32:40,853 [D] └:F:n:WD_3:mbe.c:4	(at logger.py:129) 
2019-02-12 22:32:40,853 [D]  : : :pass:mbe.c:13	(at logger.py:129) 
2019-02-12 22:32:40,853 [D]  : : :pass:mbe.c:12	(at logger.py:129) 
2019-02-12 22:32:40,853 [D]  : : :pass:mbe.c:11	(at logger.py:129) 
2019-02-12 22:32:40,853 [D]  : : :pass:mbe.c:10	(at logger.py:129) 
2019-02-12 22:32:40,853 [D]  : : :pass:mbe.c:9	(at logger.py:129) 
2019-02-12 22:32:40,853 [D]  : : :pass:mbe.c:8	(at logger.py:129) 
2019-02-12 22:32:40,854 [D]  : : :pass:mbe.c:7	(at logger.py:129) 
2019-02-12 22:32:40,854 [D]  : : :pass:mbe.c:6	(at logger.py:129) 
2019-02-12 22:32:40,854 [D]  : : :pass:mbe.c:5	(at logger.py:129) 
2019-02-12 22:32:40,854 [D] -:F:n:WD_1:mbe.c:4	(at logger.py:129) 
2019-02-12 22:32:40,854 [D] -:F:n:WD_2:mbe.c:4	(at logger.py:129) 
2019-02-12 22:32:40,854 [D] -:F:n:WD_3:mbe.c:4	(at logger.py:129) 
2019-02-12 22:32:40,854 [D]  : : :pass:mbe.c:3	(at logger.py:129) 
2019-02-12 22:32:40,854 [D]  : : :pass:mbe.c:2	(at logger.py:129) 
2019-02-12 22:32:40,854 [D]  : : :pass:mbe.c:1	(at logger.py:129) 
2019-02-12 22:32:40,854 [D] comp_cached_cnt:114	(at logger.py:134) 
2019-02-12 22:32:40,854 [D] compile_cnt:36	(at logger.py:134) 
2019-02-12 22:32:40,854 [D] execute_cnt:3	(at logger.py:134) 
2019-02-12 22:32:40,854 [D] fail_del_cnt:27	(at logger.py:134) 
2019-02-12 22:32:40,854 [D] iter_idx:3	(at logger.py:134) 
2019-02-12 22:32:40,854 [D] reuse_cnt:24	(at logger.py:134) 
2019-02-12 22:32:40,854 [D] succ_del_cnt:0	(at logger.py:134) 
2019-02-12 22:32:40,854 [D] time:0.7603979110717773	(at logger.py:134) 
2019-02-12 22:32:40,855 [D] deletion:29	(at logger.py:136) 
