2019-03-02 02:02:12,945 [I] 	(at main.py:29) 
2019-03-02 02:02:12,945 [I] ===== START - RUN ==============================================	(at main.py:32) 
2019-03-02 02:02:12,946 [D] Title: RUN, Job key: RUN_2019-03-02_02:02:12	(at main.py:40) 
2019-03-02 02:02:12,946 [I] Load config file.	(at main.py:56) 
2019-03-02 02:02:12,946 [D] Loading config from ['/home/bohrok/Documents/DM/output/orbs/wc/7/config/config.ini']	(at config.py:16) 
2019-03-02 02:02:12,946 [D] Load config successfully!	(at config.py:19) 
2019-03-02 02:02:12,946 [D] Initialize directory: .	(at workspace.py:10) 
2019-03-02 02:02:12,946 [I] Initialize workspace.	(at main.py:64) 
2019-03-02 02:02:12,946 [I] Working directory path: /home/bohrok/Documents/DM/output/orbs/wc/7/work	(at workspace.py:41) 
2019-03-02 02:02:12,948 [D] Record the config on workspace.	(at workspace.py:62) 
2019-03-02 02:02:12,948 [I] No PRE stage.	(at main.py:73) 
2019-03-02 02:02:12,948 [I] Construct SliceSpace.	(at main.py:76) 
2019-03-02 02:02:12,948 [I] Compile the system.	(at slicespace.py:148) 
2019-03-02 02:02:12,982 [I] Execute the system.	(at slicespace.py:160) 
2019-03-02 02:02:12,996 [I] Compile the system again (sanity check).	(at slicespace.py:174) 
2019-03-02 02:02:13,030 [I] Execute the system again (sanity check).	(at slicespace.py:188) 
2019-03-02 02:02:13,042 [I] Construct deletion operators.	(at main.py:80) 
2019-03-02 02:02:13,043 [I] Run ORBS stage.	(at main.py:85) 
2019-03-02 02:02:13,043 [I] ORBS starts...	(at orbs.py:53) 
2019-03-02 02:02:13,056 [D] subprocess cmd: ['source compile.sh /home/bohrok/Documents/DM/output/orbs/wc/7/work'], stdout: b''	(at ex_script.py:45) 
2019-03-02 02:02:13,056 [D] -:F:n:WD_1:wc.c:48	(at logger.py:129) 
2019-03-02 02:02:13,071 [D] subprocess cmd: ['source compile.sh /home/bohrok/Documents/DM/output/orbs/wc/7/work'], stdout: b''	(at ex_script.py:45) 
2019-03-02 02:02:13,071 [D] ┌:F:n:WD_2:wc.c:48	(at logger.py:129) 
2019-03-02 02:02:13,072 [D] └:F:n:WD_2:wc.c:47	(at logger.py:129) 
2019-03-02 02:02:13,089 [D] subprocess cmd: ['source compile.sh /home/bohrok/Documents/DM/output/orbs/wc/7/work'], stdout: b''	(at ex_script.py:45) 
2019-03-02 02:02:13,089 [D] ┌:F:n:WD_3:wc.c:48	(at logger.py:129) 
2019-03-02 02:02:13,089 [D] |:F:n:WD_3:wc.c:47	(at logger.py:129) 
2019-03-02 02:02:13,089 [D] └:F:n:WD_3:wc.c:46	(at logger.py:129) 
2019-03-02 02:02:13,103 [D] subprocess cmd: ['source compile.sh /home/bohrok/Documents/DM/output/orbs/wc/7/work'], stdout: b''	(at ex_script.py:45) 
2019-03-02 02:02:13,103 [D] -:F:n:WD_1:wc.c:47	(at logger.py:129) 
2019-03-02 02:02:13,117 [D] subprocess cmd: ['source compile.sh /home/bohrok/Documents/DM/output/orbs/wc/7/work'], stdout: b''	(at ex_script.py:45) 
2019-03-02 02:02:13,117 [D] ┌:F:n:WD_2:wc.c:47	(at logger.py:129) 
2019-03-02 02:02:13,117 [D] └:F:n:WD_2:wc.c:46	(at logger.py:129) 
2019-03-02 02:02:13,133 [D] subprocess cmd: ['source compile.sh /home/bohrok/Documents/DM/output/orbs/wc/7/work'], stdout: b''	(at ex_script.py:45) 
2019-03-02 02:02:13,133 [D] ┌:F:n:WD_3:wc.c:47	(at logger.py:129) 
2019-03-02 02:02:13,133 [D] |:F:n:WD_3:wc.c:46	(at logger.py:129) 
2019-03-02 02:02:13,133 [D] └:F:n:WD_3:wc.c:45	(at logger.py:129) 
2019-03-02 02:02:13,181 [D] -:P:n:WD_1:wc.c:46	(at logger.py:129) 
2019-03-02 02:02:13,194 [D] subprocess cmd: ['source compile.sh /home/bohrok/Documents/DM/output/orbs/wc/7/work'], stdout: b''	(at ex_script.py:45) 
2019-03-02 02:02:13,194 [D] -:F:n:WD_1:wc.c:45	(at logger.py:129) 
2019-03-02 02:02:13,208 [D] subprocess cmd: ['source compile.sh /home/bohrok/Documents/DM/output/orbs/wc/7/work'], stdout: b''	(at ex_script.py:45) 
2019-03-02 02:02:13,208 [D] ┌:F:n:WD_2:wc.c:45	(at logger.py:129) 
2019-03-02 02:02:13,208 [D] └:F:n:WD_2:wc.c:44	(at logger.py:129) 
2019-03-02 02:02:13,242 [D] ┌:P:c:WD_3:wc.c:45	(at logger.py:129) 
2019-03-02 02:02:13,242 [D] |:P:c:WD_3:wc.c:44	(at logger.py:129) 
2019-03-02 02:02:13,242 [D] └:P:c:WD_3:wc.c:43	(at logger.py:129) 
2019-03-02 02:02:13,242 [D]  : : :pass:wc.c:44	(at logger.py:129) 
2019-03-02 02:02:13,242 [D]  : : :pass:wc.c:43	(at logger.py:129) 
2019-03-02 02:02:13,289 [D] -:P:n:WD_1:wc.c:42	(at logger.py:129) 
2019-03-02 02:02:13,302 [D] subprocess cmd: ['source compile.sh /home/bohrok/Documents/DM/output/orbs/wc/7/work'], stdout: b''	(at ex_script.py:45) 
2019-03-02 02:02:13,303 [D] -:F:n:WD_1:wc.c:41	(at logger.py:129) 
2019-03-02 02:02:13,317 [D] subprocess cmd: ['source compile.sh /home/bohrok/Documents/DM/output/orbs/wc/7/work'], stdout: b''	(at ex_script.py:45) 
2019-03-02 02:02:13,317 [D] ┌:F:n:WD_2:wc.c:41	(at logger.py:129) 
2019-03-02 02:02:13,317 [D] └:F:n:WD_2:wc.c:40	(at logger.py:129) 
2019-03-02 02:02:13,331 [D] subprocess cmd: ['source compile.sh /home/bohrok/Documents/DM/output/orbs/wc/7/work'], stdout: b''	(at ex_script.py:45) 
2019-03-02 02:02:13,332 [D] ┌:F:n:WD_3:wc.c:41	(at logger.py:129) 
2019-03-02 02:02:13,332 [D] |:F:n:WD_3:wc.c:40	(at logger.py:129) 
2019-03-02 02:02:13,332 [D] └:F:n:WD_3:wc.c:39	(at logger.py:129) 
2019-03-02 02:02:13,345 [D] subprocess cmd: ['source compile.sh /home/bohrok/Documents/DM/output/orbs/wc/7/work'], stdout: b''	(at ex_script.py:45) 
2019-03-02 02:02:13,345 [D] -:F:n:WD_1:wc.c:40	(at logger.py:129) 
2019-03-02 02:02:13,378 [D] ┌:P:c:WD_2:wc.c:40	(at logger.py:129) 
2019-03-02 02:02:13,379 [D] └:P:c:WD_2:wc.c:39	(at logger.py:129) 
2019-03-02 02:02:13,379 [D]  : : :pass:wc.c:39	(at logger.py:129) 
2019-03-02 02:02:13,424 [D] -:P:n:WD_1:wc.c:38	(at logger.py:129) 
2019-03-02 02:02:13,437 [D] subprocess cmd: ['source compile.sh /home/bohrok/Documents/DM/output/orbs/wc/7/work'], stdout: b''	(at ex_script.py:45) 
2019-03-02 02:02:13,437 [D] -:F:n:WD_1:wc.c:37	(at logger.py:129) 
2019-03-02 02:02:13,451 [D] subprocess cmd: ['source compile.sh /home/bohrok/Documents/DM/output/orbs/wc/7/work'], stdout: b''	(at ex_script.py:45) 
2019-03-02 02:02:13,451 [D] ┌:F:n:WD_2:wc.c:37	(at logger.py:129) 
2019-03-02 02:02:13,451 [D] └:F:n:WD_2:wc.c:36	(at logger.py:129) 
2019-03-02 02:02:13,491 [D] subprocess cmd: ['source compile.sh /home/bohrok/Documents/DM/output/orbs/wc/7/work'], stdout: b''	(at ex_script.py:45) 
2019-03-02 02:02:13,491 [D] ┌:F:n:WD_3:wc.c:37	(at logger.py:129) 
2019-03-02 02:02:13,491 [D] |:F:n:WD_3:wc.c:36	(at logger.py:129) 
2019-03-02 02:02:13,491 [D] └:F:n:WD_3:wc.c:35	(at logger.py:129) 
2019-03-02 02:02:13,505 [D] subprocess cmd: ['source compile.sh /home/bohrok/Documents/DM/output/orbs/wc/7/work'], stdout: b''	(at ex_script.py:45) 
2019-03-02 02:02:13,506 [D] -:F:n:WD_1:wc.c:36	(at logger.py:129) 
2019-03-02 02:02:13,518 [D] subprocess cmd: ['source compile.sh /home/bohrok/Documents/DM/output/orbs/wc/7/work'], stdout: b''	(at ex_script.py:45) 
2019-03-02 02:02:13,518 [D] ┌:F:n:WD_2:wc.c:36	(at logger.py:129) 
2019-03-02 02:02:13,518 [D] └:F:n:WD_2:wc.c:35	(at logger.py:129) 
2019-03-02 02:02:13,532 [D] subprocess cmd: ['source compile.sh /home/bohrok/Documents/DM/output/orbs/wc/7/work'], stdout: b''	(at ex_script.py:45) 
2019-03-02 02:02:13,533 [D] ┌:F:n:WD_3:wc.c:36	(at logger.py:129) 
2019-03-02 02:02:13,533 [D] |:F:n:WD_3:wc.c:35	(at logger.py:129) 
2019-03-02 02:02:13,533 [D] └:F:n:WD_3:wc.c:34	(at logger.py:129) 
2019-03-02 02:02:13,546 [D] subprocess cmd: ['source compile.sh /home/bohrok/Documents/DM/output/orbs/wc/7/work'], stdout: b''	(at ex_script.py:45) 
2019-03-02 02:02:13,547 [D] -:F:n:WD_1:wc.c:35	(at logger.py:129) 
2019-03-02 02:02:13,560 [D] subprocess cmd: ['source compile.sh /home/bohrok/Documents/DM/output/orbs/wc/7/work'], stdout: b''	(at ex_script.py:45) 
2019-03-02 02:02:13,560 [D] ┌:F:n:WD_2:wc.c:35	(at logger.py:129) 
2019-03-02 02:02:13,560 [D] └:F:n:WD_2:wc.c:34	(at logger.py:129) 
2019-03-02 02:02:13,573 [D] subprocess cmd: ['source compile.sh /home/bohrok/Documents/DM/output/orbs/wc/7/work'], stdout: b''	(at ex_script.py:45) 
2019-03-02 02:02:13,573 [D] ┌:F:n:WD_3:wc.c:35	(at logger.py:129) 
2019-03-02 02:02:13,573 [D] |:F:n:WD_3:wc.c:34	(at logger.py:129) 
2019-03-02 02:02:13,573 [D] └:F:n:WD_3:wc.c:33	(at logger.py:129) 
2019-03-02 02:02:13,586 [D] subprocess cmd: ['source compile.sh /home/bohrok/Documents/DM/output/orbs/wc/7/work'], stdout: b''	(at ex_script.py:45) 
2019-03-02 02:02:13,587 [D] -:F:n:WD_1:wc.c:34	(at logger.py:129) 
2019-03-02 02:02:13,600 [D] subprocess cmd: ['source compile.sh /home/bohrok/Documents/DM/output/orbs/wc/7/work'], stdout: b''	(at ex_script.py:45) 
2019-03-02 02:02:13,600 [D] ┌:F:n:WD_2:wc.c:34	(at logger.py:129) 
2019-03-02 02:02:13,600 [D] └:F:n:WD_2:wc.c:33	(at logger.py:129) 
2019-03-02 02:02:13,614 [D] subprocess cmd: ['source compile.sh /home/bohrok/Documents/DM/output/orbs/wc/7/work'], stdout: b''	(at ex_script.py:45) 
2019-03-02 02:02:13,615 [D] ┌:F:n:WD_3:wc.c:34	(at logger.py:129) 
2019-03-02 02:02:13,615 [D] |:F:n:WD_3:wc.c:33	(at logger.py:129) 
2019-03-02 02:02:13,615 [D] └:F:n:WD_3:wc.c:32	(at logger.py:129) 
2019-03-02 02:02:13,628 [D] subprocess cmd: ['source compile.sh /home/bohrok/Documents/DM/output/orbs/wc/7/work'], stdout: b''	(at ex_script.py:45) 
2019-03-02 02:02:13,628 [D] -:F:n:WD_1:wc.c:33	(at logger.py:129) 
2019-03-02 02:02:13,640 [D] subprocess cmd: ['source compile.sh /home/bohrok/Documents/DM/output/orbs/wc/7/work'], stdout: b''	(at ex_script.py:45) 
2019-03-02 02:02:13,641 [D] ┌:F:n:WD_2:wc.c:33	(at logger.py:129) 
2019-03-02 02:02:13,641 [D] └:F:n:WD_2:wc.c:32	(at logger.py:129) 
2019-03-02 02:02:13,654 [D] subprocess cmd: ['source compile.sh /home/bohrok/Documents/DM/output/orbs/wc/7/work'], stdout: b''	(at ex_script.py:45) 
2019-03-02 02:02:13,654 [D] ┌:F:n:WD_3:wc.c:33	(at logger.py:129) 
2019-03-02 02:02:13,654 [D] |:F:n:WD_3:wc.c:32	(at logger.py:129) 
2019-03-02 02:02:13,654 [D] └:F:n:WD_3:wc.c:31	(at logger.py:129) 
2019-03-02 02:02:13,702 [D] -:P:n:WD_1:wc.c:32	(at logger.py:129) 
2019-03-02 02:02:13,716 [D] subprocess cmd: ['source compile.sh /home/bohrok/Documents/DM/output/orbs/wc/7/work'], stdout: b''	(at ex_script.py:45) 
2019-03-02 02:02:13,717 [D] -:F:n:WD_1:wc.c:31	(at logger.py:129) 
2019-03-02 02:02:13,730 [D] subprocess cmd: ['source compile.sh /home/bohrok/Documents/DM/output/orbs/wc/7/work'], stdout: b''	(at ex_script.py:45) 
2019-03-02 02:02:13,731 [D] ┌:F:n:WD_2:wc.c:31	(at logger.py:129) 
2019-03-02 02:02:13,731 [D] └:F:n:WD_2:wc.c:30	(at logger.py:129) 
2019-03-02 02:02:13,764 [D] ┌:P:c:WD_3:wc.c:31	(at logger.py:129) 
2019-03-02 02:02:13,765 [D] |:P:c:WD_3:wc.c:30	(at logger.py:129) 
2019-03-02 02:02:13,765 [D] └:P:c:WD_3:wc.c:29	(at logger.py:129) 
2019-03-02 02:02:13,765 [D]  : : :pass:wc.c:30	(at logger.py:129) 
2019-03-02 02:02:13,765 [D]  : : :pass:wc.c:29	(at logger.py:129) 
2019-03-02 02:02:13,777 [D] subprocess cmd: ['source compile.sh /home/bohrok/Documents/DM/output/orbs/wc/7/work'], stdout: b''	(at ex_script.py:45) 
2019-03-02 02:02:13,777 [D] -:F:n:WD_1:wc.c:28	(at logger.py:129) 
2019-03-02 02:02:13,790 [D] subprocess cmd: ['source compile.sh /home/bohrok/Documents/DM/output/orbs/wc/7/work'], stdout: b''	(at ex_script.py:45) 
2019-03-02 02:02:13,790 [D] ┌:F:n:WD_2:wc.c:28	(at logger.py:129) 
2019-03-02 02:02:13,790 [D] └:F:n:WD_2:wc.c:27	(at logger.py:129) 
2019-03-02 02:02:13,803 [D] subprocess cmd: ['source compile.sh /home/bohrok/Documents/DM/output/orbs/wc/7/work'], stdout: b''	(at ex_script.py:45) 
2019-03-02 02:02:13,803 [D] ┌:F:n:WD_3:wc.c:28	(at logger.py:129) 
2019-03-02 02:02:13,803 [D] |:F:n:WD_3:wc.c:27	(at logger.py:129) 
2019-03-02 02:02:13,803 [D] └:F:n:WD_3:wc.c:26	(at logger.py:129) 
2019-03-02 02:02:13,851 [D] -:P:n:WD_1:wc.c:27	(at logger.py:129) 
2019-03-02 02:02:13,902 [D] -:P:n:WD_1:wc.c:26	(at logger.py:129) 
2019-03-02 02:02:13,917 [D] subprocess cmd: ['source compile.sh /home/bohrok/Documents/DM/output/orbs/wc/7/work'], stdout: b''	(at ex_script.py:45) 
2019-03-02 02:02:13,917 [D] -:F:n:WD_1:wc.c:25	(at logger.py:129) 
2019-03-02 02:02:13,932 [D] subprocess cmd: ['source compile.sh /home/bohrok/Documents/DM/output/orbs/wc/7/work'], stdout: b''	(at ex_script.py:45) 
2019-03-02 02:02:13,932 [D] ┌:F:n:WD_2:wc.c:25	(at logger.py:129) 
2019-03-02 02:02:13,932 [D] └:F:n:WD_2:wc.c:24	(at logger.py:129) 
2019-03-02 02:02:13,946 [D] subprocess cmd: ['source compile.sh /home/bohrok/Documents/DM/output/orbs/wc/7/work'], stdout: b''	(at ex_script.py:45) 
2019-03-02 02:02:13,946 [D] ┌:F:n:WD_3:wc.c:25	(at logger.py:129) 
2019-03-02 02:02:13,946 [D] |:F:n:WD_3:wc.c:24	(at logger.py:129) 
2019-03-02 02:02:13,946 [D] └:F:n:WD_3:wc.c:23	(at logger.py:129) 
2019-03-02 02:02:13,980 [D] -:P:c:WD_1:wc.c:24	(at logger.py:129) 
2019-03-02 02:02:13,994 [D] subprocess cmd: ['source compile.sh /home/bohrok/Documents/DM/output/orbs/wc/7/work'], stdout: b''	(at ex_script.py:45) 
2019-03-02 02:02:13,994 [D] -:F:n:WD_1:wc.c:23	(at logger.py:129) 
2019-03-02 02:02:14,006 [D] subprocess cmd: ['source compile.sh /home/bohrok/Documents/DM/output/orbs/wc/7/work'], stdout: b''	(at ex_script.py:45) 
2019-03-02 02:02:14,007 [D] ┌:F:n:WD_2:wc.c:23	(at logger.py:129) 
2019-03-02 02:02:14,007 [D] └:F:n:WD_2:wc.c:22	(at logger.py:129) 
2019-03-02 02:02:14,053 [D] ┌:P:n:WD_3:wc.c:23	(at logger.py:129) 
2019-03-02 02:02:14,053 [D] |:P:n:WD_3:wc.c:22	(at logger.py:129) 
2019-03-02 02:02:14,053 [D] └:P:n:WD_3:wc.c:21	(at logger.py:129) 
2019-03-02 02:02:14,054 [D]  : : :pass:wc.c:22	(at logger.py:129) 
2019-03-02 02:02:14,054 [D]  : : :pass:wc.c:21	(at logger.py:129) 
2019-03-02 02:02:14,107 [D] -:P:n:WD_1:wc.c:20	(at logger.py:129) 
2019-03-02 02:02:14,119 [D] subprocess cmd: ['source compile.sh /home/bohrok/Documents/DM/output/orbs/wc/7/work'], stdout: b''	(at ex_script.py:45) 
2019-03-02 02:02:14,119 [D] -:F:n:WD_1:wc.c:19	(at logger.py:129) 
2019-03-02 02:02:14,135 [D] subprocess cmd: ['source compile.sh /home/bohrok/Documents/DM/output/orbs/wc/7/work'], stdout: b''	(at ex_script.py:45) 
2019-03-02 02:02:14,135 [D] ┌:F:n:WD_2:wc.c:19	(at logger.py:129) 
2019-03-02 02:02:14,135 [D] └:F:n:WD_2:wc.c:18	(at logger.py:129) 
2019-03-02 02:02:14,149 [D] subprocess cmd: ['source compile.sh /home/bohrok/Documents/DM/output/orbs/wc/7/work'], stdout: b''	(at ex_script.py:45) 
2019-03-02 02:02:14,149 [D] ┌:F:n:WD_3:wc.c:19	(at logger.py:129) 
2019-03-02 02:02:14,149 [D] |:F:n:WD_3:wc.c:18	(at logger.py:129) 
2019-03-02 02:02:14,149 [D] └:F:n:WD_3:wc.c:17	(at logger.py:129) 
2019-03-02 02:02:14,182 [D] -:P:c:WD_1:wc.c:18	(at logger.py:129) 
2019-03-02 02:02:14,226 [D] subprocess cmd: ['source execute.sh /home/bohrok/Documents/DM/output/orbs/wc/7/work'], stdout: b''	(at ex_script.py:45) 
2019-03-02 02:02:14,226 [D] -:C:n:WD_1:wc.c:17	(at logger.py:129) 
2019-03-02 02:02:14,261 [D] ┌:C:c:WD_2:wc.c:17	(at logger.py:129) 
2019-03-02 02:02:14,261 [D] └:C:c:WD_2:wc.c:16	(at logger.py:129) 
2019-03-02 02:02:14,304 [D] subprocess cmd: ['source execute.sh /home/bohrok/Documents/DM/output/orbs/wc/7/work'], stdout: b''	(at ex_script.py:45) 
2019-03-02 02:02:14,304 [D] ┌:C:n:WD_3:wc.c:17	(at logger.py:129) 
2019-03-02 02:02:14,305 [D] |:C:n:WD_3:wc.c:16	(at logger.py:129) 
2019-03-02 02:02:14,305 [D] └:C:n:WD_3:wc.c:15	(at logger.py:129) 
2019-03-02 02:02:14,336 [D] -:P:c:WD_1:wc.c:16	(at logger.py:129) 
2019-03-02 02:02:14,383 [D] -:P:n:WD_1:wc.c:15	(at logger.py:129) 
2019-03-02 02:02:14,397 [D] subprocess cmd: ['source compile.sh /home/bohrok/Documents/DM/output/orbs/wc/7/work'], stdout: b''	(at ex_script.py:45) 
2019-03-02 02:02:14,397 [D] -:F:n:WD_1:wc.c:14	(at logger.py:129) 
2019-03-02 02:02:14,411 [D] subprocess cmd: ['source compile.sh /home/bohrok/Documents/DM/output/orbs/wc/7/work'], stdout: b''	(at ex_script.py:45) 
2019-03-02 02:02:14,411 [D] ┌:F:n:WD_2:wc.c:14	(at logger.py:129) 
2019-03-02 02:02:14,411 [D] └:F:n:WD_2:wc.c:13	(at logger.py:129) 
2019-03-02 02:02:14,424 [D] subprocess cmd: ['source compile.sh /home/bohrok/Documents/DM/output/orbs/wc/7/work'], stdout: b''	(at ex_script.py:45) 
2019-03-02 02:02:14,424 [D] ┌:F:n:WD_3:wc.c:14	(at logger.py:129) 
2019-03-02 02:02:14,424 [D] |:F:n:WD_3:wc.c:13	(at logger.py:129) 
2019-03-02 02:02:14,424 [D] └:F:n:WD_3:wc.c:12	(at logger.py:129) 
2019-03-02 02:02:14,469 [D] -:C:n:WD_1:wc.c:13	(at logger.py:129) 
2019-03-02 02:02:14,518 [D] ┌:C:n:WD_2:wc.c:13	(at logger.py:129) 
2019-03-02 02:02:14,518 [D] └:C:n:WD_2:wc.c:12	(at logger.py:129) 
2019-03-02 02:02:14,565 [D] ┌:C:n:WD_3:wc.c:13	(at logger.py:129) 
2019-03-02 02:02:14,566 [D] |:C:n:WD_3:wc.c:12	(at logger.py:129) 
2019-03-02 02:02:14,566 [D] └:C:n:WD_3:wc.c:11	(at logger.py:129) 
2019-03-02 02:02:14,611 [D] -:P:n:WD_1:wc.c:12	(at logger.py:129) 
2019-03-02 02:02:14,657 [D] -:P:n:WD_1:wc.c:11	(at logger.py:129) 
2019-03-02 02:02:14,703 [D] -:P:n:WD_1:wc.c:10	(at logger.py:129) 
2019-03-02 02:02:14,717 [D] subprocess cmd: ['source compile.sh /home/bohrok/Documents/DM/output/orbs/wc/7/work'], stdout: b''	(at ex_script.py:45) 
2019-03-02 02:02:14,717 [D] -:F:n:WD_1:wc.c:9	(at logger.py:129) 
2019-03-02 02:02:14,731 [D] subprocess cmd: ['source compile.sh /home/bohrok/Documents/DM/output/orbs/wc/7/work'], stdout: b''	(at ex_script.py:45) 
2019-03-02 02:02:14,731 [D] ┌:F:n:WD_2:wc.c:9	(at logger.py:129) 
2019-03-02 02:02:14,731 [D] └:F:n:WD_2:wc.c:8	(at logger.py:129) 
2019-03-02 02:02:14,745 [D] subprocess cmd: ['source compile.sh /home/bohrok/Documents/DM/output/orbs/wc/7/work'], stdout: b''	(at ex_script.py:45) 
2019-03-02 02:02:14,745 [D] ┌:F:n:WD_3:wc.c:9	(at logger.py:129) 
2019-03-02 02:02:14,745 [D] |:F:n:WD_3:wc.c:8	(at logger.py:129) 
2019-03-02 02:02:14,745 [D] └:F:n:WD_3:wc.c:7	(at logger.py:129) 
2019-03-02 02:02:14,778 [D] -:P:c:WD_1:wc.c:8	(at logger.py:129) 
2019-03-02 02:02:14,813 [D] -:P:c:WD_1:wc.c:7	(at logger.py:129) 
2019-03-02 02:02:14,848 [D] -:P:c:WD_1:wc.c:6	(at logger.py:129) 
2019-03-02 02:02:14,881 [D] -:P:c:WD_1:wc.c:5	(at logger.py:129) 
2019-03-02 02:02:14,894 [D] subprocess cmd: ['source compile.sh /home/bohrok/Documents/DM/output/orbs/wc/7/work'], stdout: b''	(at ex_script.py:45) 
2019-03-02 02:02:14,895 [D] -:F:n:WD_1:wc.c:4	(at logger.py:129) 
2019-03-02 02:02:14,907 [D] subprocess cmd: ['source compile.sh /home/bohrok/Documents/DM/output/orbs/wc/7/work'], stdout: b''	(at ex_script.py:45) 
2019-03-02 02:02:14,907 [D] ┌:F:n:WD_2:wc.c:4	(at logger.py:129) 
2019-03-02 02:02:14,907 [D] └:F:n:WD_2:wc.c:3	(at logger.py:129) 
2019-03-02 02:02:14,919 [D] subprocess cmd: ['source compile.sh /home/bohrok/Documents/DM/output/orbs/wc/7/work'], stdout: b''	(at ex_script.py:45) 
2019-03-02 02:02:14,920 [D] ┌:F:n:WD_3:wc.c:4	(at logger.py:129) 
2019-03-02 02:02:14,920 [D] |:F:n:WD_3:wc.c:3	(at logger.py:129) 
2019-03-02 02:02:14,920 [D] └:F:n:WD_3:wc.c:2	(at logger.py:129) 
2019-03-02 02:02:14,933 [D] subprocess cmd: ['source compile.sh /home/bohrok/Documents/DM/output/orbs/wc/7/work'], stdout: b''	(at ex_script.py:45) 
2019-03-02 02:02:14,934 [D] -:F:n:WD_1:wc.c:3	(at logger.py:129) 
2019-03-02 02:02:14,946 [D] subprocess cmd: ['source compile.sh /home/bohrok/Documents/DM/output/orbs/wc/7/work'], stdout: b''	(at ex_script.py:45) 
2019-03-02 02:02:14,946 [D] ┌:F:n:WD_2:wc.c:3	(at logger.py:129) 
2019-03-02 02:02:14,946 [D] └:F:n:WD_2:wc.c:2	(at logger.py:129) 
2019-03-02 02:02:14,956 [D] subprocess cmd: ['source compile.sh /home/bohrok/Documents/DM/output/orbs/wc/7/work'], stdout: b''	(at ex_script.py:45) 
2019-03-02 02:02:14,957 [D] ┌:F:n:WD_3:wc.c:3	(at logger.py:129) 
2019-03-02 02:02:14,957 [D] |:F:n:WD_3:wc.c:2	(at logger.py:129) 
2019-03-02 02:02:14,957 [D] └:F:n:WD_3:wc.c:1	(at logger.py:129) 
2019-03-02 02:02:14,992 [D] -:P:c:WD_1:wc.c:2	(at logger.py:129) 
2019-03-02 02:02:15,039 [D] -:P:n:WD_1:wc.c:1	(at logger.py:129) 
2019-03-02 02:02:15,039 [D] comp_cached_cnt:0	(at logger.py:134) 
2019-03-02 02:02:15,039 [D] compile_cnt:82	(at logger.py:134) 
2019-03-02 02:02:15,039 [D] execute_cnt:18	(at logger.py:134) 
2019-03-02 02:02:15,039 [D] fail_del_cnt:6	(at logger.py:134) 
2019-03-02 02:02:15,039 [D] iter_idx:1	(at logger.py:134) 
2019-03-02 02:02:15,040 [D] reuse_cnt:12	(at logger.py:134) 
2019-03-02 02:02:15,040 [D] succ_del_cnt:24	(at logger.py:134) 
2019-03-02 02:02:15,040 [D] time:1.9960181713104248	(at logger.py:134) 
2019-03-02 02:02:15,040 [D] deletion:31	(at logger.py:136) 
2019-03-02 02:02:15,040 [I] Iteration 1 finished	(at orbs.py:87) 
2019-03-02 02:02:15,051 [D] subprocess cmd: ['source compile.sh /home/bohrok/Documents/DM/output/orbs/wc/7/work'], stdout: b''	(at ex_script.py:45) 
2019-03-02 02:02:15,052 [D] -:F:n:WD_1:wc.c:48	(at logger.py:129) 
2019-03-02 02:02:15,067 [D] subprocess cmd: ['source compile.sh /home/bohrok/Documents/DM/output/orbs/wc/7/work'], stdout: b''	(at ex_script.py:45) 
2019-03-02 02:02:15,067 [D] ┌:F:n:WD_2:wc.c:48	(at logger.py:129) 
2019-03-02 02:02:15,067 [D] └:F:n:WD_2:wc.c:47	(at logger.py:129) 
2019-03-02 02:02:15,078 [D] subprocess cmd: ['source compile.sh /home/bohrok/Documents/DM/output/orbs/wc/7/work'], stdout: b''	(at ex_script.py:45) 
2019-03-02 02:02:15,079 [D] ┌:F:n:WD_3:wc.c:48	(at logger.py:129) 
2019-03-02 02:02:15,079 [D] |:F:n:WD_3:wc.c:47	(at logger.py:129) 
2019-03-02 02:02:15,079 [D] └:F:n:WD_3:wc.c:41	(at logger.py:129) 
2019-03-02 02:02:15,090 [D] subprocess cmd: ['source compile.sh /home/bohrok/Documents/DM/output/orbs/wc/7/work'], stdout: b''	(at ex_script.py:45) 
2019-03-02 02:02:15,090 [D] -:F:n:WD_1:wc.c:47	(at logger.py:129) 
2019-03-02 02:02:15,125 [D] ┌:P:c:WD_2:wc.c:47	(at logger.py:129) 
2019-03-02 02:02:15,125 [D] └:P:c:WD_2:wc.c:41	(at logger.py:129) 
2019-03-02 02:02:15,126 [D]  : : :pass:wc.c:46	(at logger.py:129) 
2019-03-02 02:02:15,126 [D]  : : :pass:wc.c:45	(at logger.py:129) 
2019-03-02 02:02:15,126 [D]  : : :pass:wc.c:44	(at logger.py:129) 
2019-03-02 02:02:15,126 [D]  : : :pass:wc.c:43	(at logger.py:129) 
2019-03-02 02:02:15,126 [D]  : : :pass:wc.c:42	(at logger.py:129) 
2019-03-02 02:02:15,126 [D]  : : :pass:wc.c:41	(at logger.py:129) 
2019-03-02 02:02:15,126 [D]  : : :pass:wc.c:40	(at logger.py:129) 
2019-03-02 02:02:15,126 [D]  : : :pass:wc.c:39	(at logger.py:129) 
2019-03-02 02:02:15,126 [D]  : : :pass:wc.c:38	(at logger.py:129) 
2019-03-02 02:02:15,136 [D] subprocess cmd: ['source compile.sh /home/bohrok/Documents/DM/output/orbs/wc/7/work'], stdout: b''	(at ex_script.py:45) 
2019-03-02 02:02:15,136 [D] -:F:n:WD_1:wc.c:37	(at logger.py:129) 
2019-03-02 02:02:15,148 [D] subprocess cmd: ['source compile.sh /home/bohrok/Documents/DM/output/orbs/wc/7/work'], stdout: b''	(at ex_script.py:45) 
2019-03-02 02:02:15,148 [D] ┌:F:n:WD_2:wc.c:37	(at logger.py:129) 
2019-03-02 02:02:15,148 [D] └:F:n:WD_2:wc.c:36	(at logger.py:129) 
2019-03-02 02:02:15,193 [D] ┌:P:n:WD_3:wc.c:37	(at logger.py:129) 
2019-03-02 02:02:15,194 [D] |:P:n:WD_3:wc.c:36	(at logger.py:129) 
2019-03-02 02:02:15,194 [D] └:P:n:WD_3:wc.c:35	(at logger.py:129) 
2019-03-02 02:02:15,194 [D]  : : :pass:wc.c:36	(at logger.py:129) 
2019-03-02 02:02:15,194 [D]  : : :pass:wc.c:35	(at logger.py:129) 
2019-03-02 02:02:15,203 [D] subprocess cmd: ['source compile.sh /home/bohrok/Documents/DM/output/orbs/wc/7/work'], stdout: b''	(at ex_script.py:45) 
2019-03-02 02:02:15,204 [D] -:F:n:WD_1:wc.c:34	(at logger.py:129) 
2019-03-02 02:02:15,215 [D] subprocess cmd: ['source compile.sh /home/bohrok/Documents/DM/output/orbs/wc/7/work'], stdout: b''	(at ex_script.py:45) 
2019-03-02 02:02:15,215 [D] ┌:F:n:WD_2:wc.c:34	(at logger.py:129) 
2019-03-02 02:02:15,215 [D] └:F:n:WD_2:wc.c:33	(at logger.py:129) 
2019-03-02 02:02:15,226 [D] subprocess cmd: ['source compile.sh /home/bohrok/Documents/DM/output/orbs/wc/7/work'], stdout: b''	(at ex_script.py:45) 
2019-03-02 02:02:15,226 [D] ┌:F:n:WD_3:wc.c:34	(at logger.py:129) 
2019-03-02 02:02:15,227 [D] |:F:n:WD_3:wc.c:33	(at logger.py:129) 
2019-03-02 02:02:15,227 [D] └:F:n:WD_3:wc.c:28	(at logger.py:129) 
2019-03-02 02:02:15,238 [D] subprocess cmd: ['source compile.sh /home/bohrok/Documents/DM/output/orbs/wc/7/work'], stdout: b''	(at ex_script.py:45) 
2019-03-02 02:02:15,239 [D] -:F:n:WD_1:wc.c:33	(at logger.py:129) 
2019-03-02 02:02:15,251 [D] subprocess cmd: ['source compile.sh /home/bohrok/Documents/DM/output/orbs/wc/7/work'], stdout: b''	(at ex_script.py:45) 
2019-03-02 02:02:15,251 [D] ┌:F:n:WD_2:wc.c:33	(at logger.py:129) 
2019-03-02 02:02:15,251 [D] └:F:n:WD_2:wc.c:28	(at logger.py:129) 
2019-03-02 02:02:15,263 [D] subprocess cmd: ['source compile.sh /home/bohrok/Documents/DM/output/orbs/wc/7/work'], stdout: b''	(at ex_script.py:45) 
2019-03-02 02:02:15,263 [D] ┌:F:n:WD_3:wc.c:33	(at logger.py:129) 
2019-03-02 02:02:15,263 [D] |:F:n:WD_3:wc.c:28	(at logger.py:129) 
2019-03-02 02:02:15,263 [D] └:F:n:WD_3:wc.c:25	(at logger.py:129) 
2019-03-02 02:02:15,263 [D]  : : :pass:wc.c:32	(at logger.py:129) 
2019-03-02 02:02:15,263 [D]  : : :pass:wc.c:31	(at logger.py:129) 
2019-03-02 02:02:15,263 [D]  : : :pass:wc.c:30	(at logger.py:129) 
2019-03-02 02:02:15,263 [D]  : : :pass:wc.c:29	(at logger.py:129) 
2019-03-02 02:02:15,275 [D] subprocess cmd: ['source compile.sh /home/bohrok/Documents/DM/output/orbs/wc/7/work'], stdout: b''	(at ex_script.py:45) 
2019-03-02 02:02:15,275 [D] -:F:n:WD_1:wc.c:28	(at logger.py:129) 
2019-03-02 02:02:15,309 [D] ┌:P:c:WD_2:wc.c:28	(at logger.py:129) 
2019-03-02 02:02:15,309 [D] └:P:c:WD_2:wc.c:25	(at logger.py:129) 
2019-03-02 02:02:15,309 [D]  : : :pass:wc.c:27	(at logger.py:129) 
2019-03-02 02:02:15,309 [D]  : : :pass:wc.c:26	(at logger.py:129) 
2019-03-02 02:02:15,309 [D]  : : :pass:wc.c:25	(at logger.py:129) 
2019-03-02 02:02:15,309 [D]  : : :pass:wc.c:24	(at logger.py:129) 
2019-03-02 02:02:15,310 [D]  : : :pass:wc.c:23	(at logger.py:129) 
2019-03-02 02:02:15,310 [D]  : : :pass:wc.c:22	(at logger.py:129) 
2019-03-02 02:02:15,310 [D]  : : :pass:wc.c:21	(at logger.py:129) 
2019-03-02 02:02:15,310 [D]  : : :pass:wc.c:20	(at logger.py:129) 
2019-03-02 02:02:15,319 [D] subprocess cmd: ['source compile.sh /home/bohrok/Documents/DM/output/orbs/wc/7/work'], stdout: b''	(at ex_script.py:45) 
2019-03-02 02:02:15,320 [D] -:F:n:WD_1:wc.c:19	(at logger.py:129) 
2019-03-02 02:02:15,332 [D] subprocess cmd: ['source compile.sh /home/bohrok/Documents/DM/output/orbs/wc/7/work'], stdout: b''	(at ex_script.py:45) 
2019-03-02 02:02:15,332 [D] ┌:F:n:WD_2:wc.c:19	(at logger.py:129) 
2019-03-02 02:02:15,332 [D] └:F:n:WD_2:wc.c:17	(at logger.py:129) 
2019-03-02 02:02:15,342 [D] subprocess cmd: ['source compile.sh /home/bohrok/Documents/DM/output/orbs/wc/7/work'], stdout: b''	(at ex_script.py:45) 
2019-03-02 02:02:15,342 [D] ┌:F:n:WD_3:wc.c:19	(at logger.py:129) 
2019-03-02 02:02:15,342 [D] |:F:n:WD_3:wc.c:17	(at logger.py:129) 
2019-03-02 02:02:15,342 [D] └:F:n:WD_3:wc.c:14	(at logger.py:129) 
2019-03-02 02:02:15,342 [D]  : : :pass:wc.c:18	(at logger.py:129) 
2019-03-02 02:02:15,383 [D] subprocess cmd: ['source execute.sh /home/bohrok/Documents/DM/output/orbs/wc/7/work'], stdout: b''	(at ex_script.py:45) 
2019-03-02 02:02:15,383 [D] -:C:n:WD_1:wc.c:17	(at logger.py:129) 
2019-03-02 02:02:15,394 [D] subprocess cmd: ['source compile.sh /home/bohrok/Documents/DM/output/orbs/wc/7/work'], stdout: b''	(at ex_script.py:45) 
2019-03-02 02:02:15,394 [D] ┌:F:n:WD_2:wc.c:17	(at logger.py:129) 
2019-03-02 02:02:15,394 [D] └:F:n:WD_2:wc.c:14	(at logger.py:129) 
2019-03-02 02:02:15,404 [D] subprocess cmd: ['source compile.sh /home/bohrok/Documents/DM/output/orbs/wc/7/work'], stdout: b''	(at ex_script.py:45) 
2019-03-02 02:02:15,404 [D] ┌:F:n:WD_3:wc.c:17	(at logger.py:129) 
2019-03-02 02:02:15,404 [D] |:F:n:WD_3:wc.c:14	(at logger.py:129) 
2019-03-02 02:02:15,404 [D] └:F:n:WD_3:wc.c:13	(at logger.py:129) 
2019-03-02 02:02:15,404 [D]  : : :pass:wc.c:16	(at logger.py:129) 
2019-03-02 02:02:15,404 [D]  : : :pass:wc.c:15	(at logger.py:129) 
2019-03-02 02:02:15,416 [D] subprocess cmd: ['source compile.sh /home/bohrok/Documents/DM/output/orbs/wc/7/work'], stdout: b''	(at ex_script.py:45) 
2019-03-02 02:02:15,416 [D] -:F:n:WD_1:wc.c:14	(at logger.py:129) 
2019-03-02 02:02:15,426 [D] subprocess cmd: ['source compile.sh /home/bohrok/Documents/DM/output/orbs/wc/7/work'], stdout: b''	(at ex_script.py:45) 
2019-03-02 02:02:15,427 [D] ┌:F:n:WD_2:wc.c:14	(at logger.py:129) 
2019-03-02 02:02:15,427 [D] └:F:n:WD_2:wc.c:13	(at logger.py:129) 
2019-03-02 02:02:15,436 [D] subprocess cmd: ['source compile.sh /home/bohrok/Documents/DM/output/orbs/wc/7/work'], stdout: b''	(at ex_script.py:45) 
2019-03-02 02:02:15,437 [D] ┌:F:n:WD_3:wc.c:14	(at logger.py:129) 
2019-03-02 02:02:15,437 [D] |:F:n:WD_3:wc.c:13	(at logger.py:129) 
2019-03-02 02:02:15,437 [D] └:F:n:WD_3:wc.c:9	(at logger.py:129) 
2019-03-02 02:02:15,487 [D] -:C:n:WD_1:wc.c:13	(at logger.py:129) 
2019-03-02 02:02:15,500 [D] subprocess cmd: ['source compile.sh /home/bohrok/Documents/DM/output/orbs/wc/7/work'], stdout: b''	(at ex_script.py:45) 
2019-03-02 02:02:15,501 [D] ┌:F:n:WD_2:wc.c:13	(at logger.py:129) 
2019-03-02 02:02:15,501 [D] └:F:n:WD_2:wc.c:9	(at logger.py:129) 
2019-03-02 02:02:15,513 [D] subprocess cmd: ['source compile.sh /home/bohrok/Documents/DM/output/orbs/wc/7/work'], stdout: b''	(at ex_script.py:45) 
2019-03-02 02:02:15,513 [D] ┌:F:n:WD_3:wc.c:13	(at logger.py:129) 
2019-03-02 02:02:15,513 [D] |:F:n:WD_3:wc.c:9	(at logger.py:129) 
2019-03-02 02:02:15,513 [D] └:F:n:WD_3:wc.c:4	(at logger.py:129) 
2019-03-02 02:02:15,513 [D]  : : :pass:wc.c:12	(at logger.py:129) 
2019-03-02 02:02:15,513 [D]  : : :pass:wc.c:11	(at logger.py:129) 
2019-03-02 02:02:15,514 [D]  : : :pass:wc.c:10	(at logger.py:129) 
2019-03-02 02:02:15,526 [D] subprocess cmd: ['source compile.sh /home/bohrok/Documents/DM/output/orbs/wc/7/work'], stdout: b''	(at ex_script.py:45) 
2019-03-02 02:02:15,526 [D] -:F:n:WD_1:wc.c:9	(at logger.py:129) 
2019-03-02 02:02:15,536 [D] subprocess cmd: ['source compile.sh /home/bohrok/Documents/DM/output/orbs/wc/7/work'], stdout: b''	(at ex_script.py:45) 
2019-03-02 02:02:15,536 [D] ┌:F:n:WD_2:wc.c:9	(at logger.py:129) 
2019-03-02 02:02:15,536 [D] └:F:n:WD_2:wc.c:4	(at logger.py:129) 
2019-03-02 02:02:15,549 [D] subprocess cmd: ['source compile.sh /home/bohrok/Documents/DM/output/orbs/wc/7/work'], stdout: b''	(at ex_script.py:45) 
2019-03-02 02:02:15,549 [D] ┌:F:n:WD_3:wc.c:9	(at logger.py:129) 
2019-03-02 02:02:15,549 [D] |:F:n:WD_3:wc.c:4	(at logger.py:129) 
2019-03-02 02:02:15,549 [D] └:F:n:WD_3:wc.c:3	(at logger.py:129) 
2019-03-02 02:02:15,549 [D]  : : :pass:wc.c:8	(at logger.py:129) 
2019-03-02 02:02:15,550 [D]  : : :pass:wc.c:7	(at logger.py:129) 
2019-03-02 02:02:15,550 [D]  : : :pass:wc.c:6	(at logger.py:129) 
2019-03-02 02:02:15,550 [D]  : : :pass:wc.c:5	(at logger.py:129) 
2019-03-02 02:02:15,561 [D] subprocess cmd: ['source compile.sh /home/bohrok/Documents/DM/output/orbs/wc/7/work'], stdout: b''	(at ex_script.py:45) 
2019-03-02 02:02:15,561 [D] -:F:n:WD_1:wc.c:4	(at logger.py:129) 
2019-03-02 02:02:15,571 [D] subprocess cmd: ['source compile.sh /home/bohrok/Documents/DM/output/orbs/wc/7/work'], stdout: b''	(at ex_script.py:45) 
2019-03-02 02:02:15,572 [D] ┌:F:n:WD_2:wc.c:4	(at logger.py:129) 
2019-03-02 02:02:15,572 [D] └:F:n:WD_2:wc.c:3	(at logger.py:129) 
2019-03-02 02:02:15,572 [D] ┌:F:n:WD_3:wc.c:4	(at logger.py:129) 
2019-03-02 02:02:15,572 [D] └:F:n:WD_3:wc.c:3	(at logger.py:129) 
2019-03-02 02:02:15,584 [D] subprocess cmd: ['source compile.sh /home/bohrok/Documents/DM/output/orbs/wc/7/work'], stdout: b''	(at ex_script.py:45) 
2019-03-02 02:02:15,584 [D] -:F:n:WD_1:wc.c:3	(at logger.py:129) 
2019-03-02 02:02:15,584 [D] -:F:n:WD_2:wc.c:3	(at logger.py:129) 
2019-03-02 02:02:15,585 [D] -:F:n:WD_3:wc.c:3	(at logger.py:129) 
2019-03-02 02:02:15,585 [D]  : : :pass:wc.c:2	(at logger.py:129) 
2019-03-02 02:02:15,585 [D]  : : :pass:wc.c:1	(at logger.py:129) 
2019-03-02 02:02:15,585 [D] comp_cached_cnt:3	(at logger.py:134) 
2019-03-02 02:02:15,585 [D] compile_cnt:34	(at logger.py:134) 
2019-03-02 02:02:15,585 [D] execute_cnt:3	(at logger.py:134) 
2019-03-02 02:02:15,585 [D] fail_del_cnt:2	(at logger.py:134) 
2019-03-02 02:02:15,585 [D] iter_idx:2	(at logger.py:134) 
2019-03-02 02:02:15,585 [D] reuse_cnt:2	(at logger.py:134) 
2019-03-02 02:02:15,585 [D] succ_del_cnt:3	(at logger.py:134) 
2019-03-02 02:02:15,585 [D] time:0.5441358089447021	(at logger.py:134) 
2019-03-02 02:02:15,585 [D] deletion:38	(at logger.py:136) 
2019-03-02 02:02:15,585 [I] Iteration 2 finished	(at orbs.py:87) 
2019-03-02 02:02:15,598 [D] subprocess cmd: ['source compile.sh /home/bohrok/Documents/DM/output/orbs/wc/7/work'], stdout: b''	(at ex_script.py:45) 
2019-03-02 02:02:15,598 [D] -:F:n:WD_1:wc.c:48	(at logger.py:129) 
2019-03-02 02:02:15,610 [D] subprocess cmd: ['source compile.sh /home/bohrok/Documents/DM/output/orbs/wc/7/work'], stdout: b''	(at ex_script.py:45) 
2019-03-02 02:02:15,610 [D] ┌:F:n:WD_2:wc.c:48	(at logger.py:129) 
2019-03-02 02:02:15,610 [D] └:F:n:WD_2:wc.c:34	(at logger.py:129) 
2019-03-02 02:02:15,620 [D] subprocess cmd: ['source compile.sh /home/bohrok/Documents/DM/output/orbs/wc/7/work'], stdout: b''	(at ex_script.py:45) 
2019-03-02 02:02:15,621 [D] ┌:F:n:WD_3:wc.c:48	(at logger.py:129) 
2019-03-02 02:02:15,621 [D] |:F:n:WD_3:wc.c:34	(at logger.py:129) 
2019-03-02 02:02:15,621 [D] └:F:n:WD_3:wc.c:33	(at logger.py:129) 
2019-03-02 02:02:15,621 [D]  : : :pass:wc.c:47	(at logger.py:129) 
2019-03-02 02:02:15,621 [D]  : : :pass:wc.c:46	(at logger.py:129) 
2019-03-02 02:02:15,621 [D]  : : :pass:wc.c:45	(at logger.py:129) 
2019-03-02 02:02:15,621 [D]  : : :pass:wc.c:44	(at logger.py:129) 
2019-03-02 02:02:15,621 [D]  : : :pass:wc.c:43	(at logger.py:129) 
2019-03-02 02:02:15,621 [D]  : : :pass:wc.c:42	(at logger.py:129) 
2019-03-02 02:02:15,622 [D]  : : :pass:wc.c:41	(at logger.py:129) 
2019-03-02 02:02:15,622 [D]  : : :pass:wc.c:40	(at logger.py:129) 
2019-03-02 02:02:15,622 [D]  : : :pass:wc.c:39	(at logger.py:129) 
2019-03-02 02:02:15,622 [D]  : : :pass:wc.c:38	(at logger.py:129) 
2019-03-02 02:02:15,622 [D]  : : :pass:wc.c:37	(at logger.py:129) 
2019-03-02 02:02:15,622 [D]  : : :pass:wc.c:36	(at logger.py:129) 
2019-03-02 02:02:15,622 [D]  : : :pass:wc.c:35	(at logger.py:129) 
2019-03-02 02:02:15,634 [D] subprocess cmd: ['source compile.sh /home/bohrok/Documents/DM/output/orbs/wc/7/work'], stdout: b''	(at ex_script.py:45) 
2019-03-02 02:02:15,635 [D] -:F:n:WD_1:wc.c:34	(at logger.py:129) 
2019-03-02 02:02:15,646 [D] subprocess cmd: ['source compile.sh /home/bohrok/Documents/DM/output/orbs/wc/7/work'], stdout: b''	(at ex_script.py:45) 
2019-03-02 02:02:15,647 [D] ┌:F:n:WD_2:wc.c:34	(at logger.py:129) 
2019-03-02 02:02:15,647 [D] └:F:n:WD_2:wc.c:33	(at logger.py:129) 
2019-03-02 02:02:15,658 [D] subprocess cmd: ['source compile.sh /home/bohrok/Documents/DM/output/orbs/wc/7/work'], stdout: b''	(at ex_script.py:45) 
2019-03-02 02:02:15,658 [D] ┌:F:n:WD_3:wc.c:34	(at logger.py:129) 
2019-03-02 02:02:15,659 [D] |:F:n:WD_3:wc.c:33	(at logger.py:129) 
2019-03-02 02:02:15,659 [D] └:F:n:WD_3:wc.c:19	(at logger.py:129) 
2019-03-02 02:02:15,659 [D] -:F:n:WD_1:wc.c:33	(at logger.py:129) 
2019-03-02 02:02:15,691 [D] ┌:P:c:WD_2:wc.c:33	(at logger.py:129) 
2019-03-02 02:02:15,692 [D] └:P:c:WD_2:wc.c:19	(at logger.py:129) 
2019-03-02 02:02:15,692 [D]  : : :pass:wc.c:32	(at logger.py:129) 
2019-03-02 02:02:15,692 [D]  : : :pass:wc.c:31	(at logger.py:129) 
2019-03-02 02:02:15,692 [D]  : : :pass:wc.c:30	(at logger.py:129) 
2019-03-02 02:02:15,692 [D]  : : :pass:wc.c:29	(at logger.py:129) 
2019-03-02 02:02:15,692 [D]  : : :pass:wc.c:28	(at logger.py:129) 
2019-03-02 02:02:15,692 [D]  : : :pass:wc.c:27	(at logger.py:129) 
2019-03-02 02:02:15,692 [D]  : : :pass:wc.c:26	(at logger.py:129) 
2019-03-02 02:02:15,692 [D]  : : :pass:wc.c:25	(at logger.py:129) 
2019-03-02 02:02:15,692 [D]  : : :pass:wc.c:24	(at logger.py:129) 
2019-03-02 02:02:15,692 [D]  : : :pass:wc.c:23	(at logger.py:129) 
2019-03-02 02:02:15,692 [D]  : : :pass:wc.c:22	(at logger.py:129) 
2019-03-02 02:02:15,692 [D]  : : :pass:wc.c:21	(at logger.py:129) 
2019-03-02 02:02:15,692 [D]  : : :pass:wc.c:20	(at logger.py:129) 
2019-03-02 02:02:15,692 [D]  : : :pass:wc.c:19	(at logger.py:129) 
2019-03-02 02:02:15,692 [D]  : : :pass:wc.c:18	(at logger.py:129) 
2019-03-02 02:02:15,726 [D] -:C:c:WD_1:wc.c:17	(at logger.py:129) 
2019-03-02 02:02:15,736 [D] subprocess cmd: ['source compile.sh /home/bohrok/Documents/DM/output/orbs/wc/7/work'], stdout: b''	(at ex_script.py:45) 
2019-03-02 02:02:15,736 [D] ┌:F:n:WD_2:wc.c:17	(at logger.py:129) 
2019-03-02 02:02:15,737 [D] └:F:n:WD_2:wc.c:14	(at logger.py:129) 
2019-03-02 02:02:15,749 [D] subprocess cmd: ['source compile.sh /home/bohrok/Documents/DM/output/orbs/wc/7/work'], stdout: b''	(at ex_script.py:45) 
2019-03-02 02:02:15,749 [D] ┌:F:n:WD_3:wc.c:17	(at logger.py:129) 
2019-03-02 02:02:15,750 [D] |:F:n:WD_3:wc.c:14	(at logger.py:129) 
2019-03-02 02:02:15,750 [D] └:F:n:WD_3:wc.c:13	(at logger.py:129) 
2019-03-02 02:02:15,750 [D]  : : :pass:wc.c:16	(at logger.py:129) 
2019-03-02 02:02:15,750 [D]  : : :pass:wc.c:15	(at logger.py:129) 
2019-03-02 02:02:15,761 [D] subprocess cmd: ['source compile.sh /home/bohrok/Documents/DM/output/orbs/wc/7/work'], stdout: b''	(at ex_script.py:45) 
2019-03-02 02:02:15,762 [D] -:F:n:WD_1:wc.c:14	(at logger.py:129) 
2019-03-02 02:02:15,772 [D] subprocess cmd: ['source compile.sh /home/bohrok/Documents/DM/output/orbs/wc/7/work'], stdout: b''	(at ex_script.py:45) 
2019-03-02 02:02:15,772 [D] ┌:F:n:WD_2:wc.c:14	(at logger.py:129) 
2019-03-02 02:02:15,772 [D] └:F:n:WD_2:wc.c:13	(at logger.py:129) 
2019-03-02 02:02:15,784 [D] subprocess cmd: ['source compile.sh /home/bohrok/Documents/DM/output/orbs/wc/7/work'], stdout: b''	(at ex_script.py:45) 
2019-03-02 02:02:15,785 [D] ┌:F:n:WD_3:wc.c:14	(at logger.py:129) 
2019-03-02 02:02:15,785 [D] |:F:n:WD_3:wc.c:13	(at logger.py:129) 
2019-03-02 02:02:15,785 [D] └:F:n:WD_3:wc.c:9	(at logger.py:129) 
2019-03-02 02:02:15,818 [D] -:C:c:WD_1:wc.c:13	(at logger.py:129) 
2019-03-02 02:02:15,829 [D] subprocess cmd: ['source compile.sh /home/bohrok/Documents/DM/output/orbs/wc/7/work'], stdout: b''	(at ex_script.py:45) 
2019-03-02 02:02:15,829 [D] ┌:F:n:WD_2:wc.c:13	(at logger.py:129) 
2019-03-02 02:02:15,829 [D] └:F:n:WD_2:wc.c:9	(at logger.py:129) 
2019-03-02 02:02:15,841 [D] subprocess cmd: ['source compile.sh /home/bohrok/Documents/DM/output/orbs/wc/7/work'], stdout: b''	(at ex_script.py:45) 
2019-03-02 02:02:15,841 [D] ┌:F:n:WD_3:wc.c:13	(at logger.py:129) 
2019-03-02 02:02:15,841 [D] |:F:n:WD_3:wc.c:9	(at logger.py:129) 
2019-03-02 02:02:15,841 [D] └:F:n:WD_3:wc.c:4	(at logger.py:129) 
2019-03-02 02:02:15,842 [D]  : : :pass:wc.c:12	(at logger.py:129) 
2019-03-02 02:02:15,842 [D]  : : :pass:wc.c:11	(at logger.py:129) 
2019-03-02 02:02:15,842 [D]  : : :pass:wc.c:10	(at logger.py:129) 
2019-03-02 02:02:15,853 [D] subprocess cmd: ['source compile.sh /home/bohrok/Documents/DM/output/orbs/wc/7/work'], stdout: b''	(at ex_script.py:45) 
2019-03-02 02:02:15,853 [D] -:F:n:WD_1:wc.c:9	(at logger.py:129) 
2019-03-02 02:02:15,866 [D] subprocess cmd: ['source compile.sh /home/bohrok/Documents/DM/output/orbs/wc/7/work'], stdout: b''	(at ex_script.py:45) 
2019-03-02 02:02:15,866 [D] ┌:F:n:WD_2:wc.c:9	(at logger.py:129) 
2019-03-02 02:02:15,866 [D] └:F:n:WD_2:wc.c:4	(at logger.py:129) 
2019-03-02 02:02:15,877 [D] subprocess cmd: ['source compile.sh /home/bohrok/Documents/DM/output/orbs/wc/7/work'], stdout: b''	(at ex_script.py:45) 
2019-03-02 02:02:15,877 [D] ┌:F:n:WD_3:wc.c:9	(at logger.py:129) 
2019-03-02 02:02:15,877 [D] |:F:n:WD_3:wc.c:4	(at logger.py:129) 
2019-03-02 02:02:15,878 [D] └:F:n:WD_3:wc.c:3	(at logger.py:129) 
2019-03-02 02:02:15,878 [D]  : : :pass:wc.c:8	(at logger.py:129) 
2019-03-02 02:02:15,878 [D]  : : :pass:wc.c:7	(at logger.py:129) 
2019-03-02 02:02:15,878 [D]  : : :pass:wc.c:6	(at logger.py:129) 
2019-03-02 02:02:15,878 [D]  : : :pass:wc.c:5	(at logger.py:129) 
2019-03-02 02:02:15,888 [D] subprocess cmd: ['source compile.sh /home/bohrok/Documents/DM/output/orbs/wc/7/work'], stdout: b''	(at ex_script.py:45) 
2019-03-02 02:02:15,888 [D] -:F:n:WD_1:wc.c:4	(at logger.py:129) 
2019-03-02 02:02:15,900 [D] subprocess cmd: ['source compile.sh /home/bohrok/Documents/DM/output/orbs/wc/7/work'], stdout: b''	(at ex_script.py:45) 
2019-03-02 02:02:15,900 [D] ┌:F:n:WD_2:wc.c:4	(at logger.py:129) 
2019-03-02 02:02:15,900 [D] └:F:n:WD_2:wc.c:3	(at logger.py:129) 
2019-03-02 02:02:15,900 [D] ┌:F:n:WD_3:wc.c:4	(at logger.py:129) 
2019-03-02 02:02:15,900 [D] └:F:n:WD_3:wc.c:3	(at logger.py:129) 
2019-03-02 02:02:15,913 [D] subprocess cmd: ['source compile.sh /home/bohrok/Documents/DM/output/orbs/wc/7/work'], stdout: b''	(at ex_script.py:45) 
2019-03-02 02:02:15,913 [D] -:F:n:WD_1:wc.c:3	(at logger.py:129) 
2019-03-02 02:02:15,913 [D] -:F:n:WD_2:wc.c:3	(at logger.py:129) 
2019-03-02 02:02:15,913 [D] -:F:n:WD_3:wc.c:3	(at logger.py:129) 
2019-03-02 02:02:15,913 [D]  : : :pass:wc.c:2	(at logger.py:129) 
2019-03-02 02:02:15,913 [D]  : : :pass:wc.c:1	(at logger.py:129) 
2019-03-02 02:02:15,913 [D] comp_cached_cnt:4	(at logger.py:134) 
2019-03-02 02:02:15,914 [D] compile_cnt:22	(at logger.py:134) 
2019-03-02 02:02:15,914 [D] execute_cnt:0	(at logger.py:134) 
2019-03-02 02:02:15,914 [D] fail_del_cnt:2	(at logger.py:134) 
2019-03-02 02:02:15,914 [D] iter_idx:3	(at logger.py:134) 
2019-03-02 02:02:15,914 [D] reuse_cnt:3	(at logger.py:134) 
2019-03-02 02:02:15,914 [D] succ_del_cnt:1	(at logger.py:134) 
2019-03-02 02:02:15,914 [D] time:0.32785701751708984	(at logger.py:134) 
2019-03-02 02:02:15,914 [D] deletion:40	(at logger.py:136) 
2019-03-02 02:02:15,914 [I] Iteration 3 finished	(at orbs.py:87) 
2019-03-02 02:02:15,926 [D] subprocess cmd: ['source compile.sh /home/bohrok/Documents/DM/output/orbs/wc/7/work'], stdout: b''	(at ex_script.py:45) 
2019-03-02 02:02:15,926 [D] -:F:n:WD_1:wc.c:48	(at logger.py:129) 
2019-03-02 02:02:15,937 [D] subprocess cmd: ['source compile.sh /home/bohrok/Documents/DM/output/orbs/wc/7/work'], stdout: b''	(at ex_script.py:45) 
2019-03-02 02:02:15,937 [D] ┌:F:n:WD_2:wc.c:48	(at logger.py:129) 
2019-03-02 02:02:15,938 [D] └:F:n:WD_2:wc.c:34	(at logger.py:129) 
2019-03-02 02:02:15,950 [D] subprocess cmd: ['source compile.sh /home/bohrok/Documents/DM/output/orbs/wc/7/work'], stdout: b''	(at ex_script.py:45) 
2019-03-02 02:02:15,951 [D] ┌:F:n:WD_3:wc.c:48	(at logger.py:129) 
2019-03-02 02:02:15,951 [D] |:F:n:WD_3:wc.c:34	(at logger.py:129) 
2019-03-02 02:02:15,951 [D] └:F:n:WD_3:wc.c:17	(at logger.py:129) 
2019-03-02 02:02:15,951 [D]  : : :pass:wc.c:47	(at logger.py:129) 
2019-03-02 02:02:15,951 [D]  : : :pass:wc.c:46	(at logger.py:129) 
2019-03-02 02:02:15,951 [D]  : : :pass:wc.c:45	(at logger.py:129) 
2019-03-02 02:02:15,951 [D]  : : :pass:wc.c:44	(at logger.py:129) 
2019-03-02 02:02:15,951 [D]  : : :pass:wc.c:43	(at logger.py:129) 
2019-03-02 02:02:15,951 [D]  : : :pass:wc.c:42	(at logger.py:129) 
2019-03-02 02:02:15,951 [D]  : : :pass:wc.c:41	(at logger.py:129) 
2019-03-02 02:02:15,951 [D]  : : :pass:wc.c:40	(at logger.py:129) 
2019-03-02 02:02:15,951 [D]  : : :pass:wc.c:39	(at logger.py:129) 
2019-03-02 02:02:15,951 [D]  : : :pass:wc.c:38	(at logger.py:129) 
2019-03-02 02:02:15,951 [D]  : : :pass:wc.c:37	(at logger.py:129) 
2019-03-02 02:02:15,951 [D]  : : :pass:wc.c:36	(at logger.py:129) 
2019-03-02 02:02:15,951 [D]  : : :pass:wc.c:35	(at logger.py:129) 
2019-03-02 02:02:15,952 [D] -:F:n:WD_1:wc.c:34	(at logger.py:129) 
2019-03-02 02:02:15,964 [D] subprocess cmd: ['source compile.sh /home/bohrok/Documents/DM/output/orbs/wc/7/work'], stdout: b''	(at ex_script.py:45) 
2019-03-02 02:02:15,964 [D] ┌:F:n:WD_2:wc.c:34	(at logger.py:129) 
2019-03-02 02:02:15,964 [D] └:F:n:WD_2:wc.c:17	(at logger.py:129) 
2019-03-02 02:02:15,976 [D] subprocess cmd: ['source compile.sh /home/bohrok/Documents/DM/output/orbs/wc/7/work'], stdout: b''	(at ex_script.py:45) 
2019-03-02 02:02:15,976 [D] ┌:F:n:WD_3:wc.c:34	(at logger.py:129) 
2019-03-02 02:02:15,976 [D] |:F:n:WD_3:wc.c:17	(at logger.py:129) 
2019-03-02 02:02:15,976 [D] └:F:n:WD_3:wc.c:14	(at logger.py:129) 
2019-03-02 02:02:15,976 [D]  : : :pass:wc.c:33	(at logger.py:129) 
2019-03-02 02:02:15,976 [D]  : : :pass:wc.c:32	(at logger.py:129) 
2019-03-02 02:02:15,976 [D]  : : :pass:wc.c:31	(at logger.py:129) 
2019-03-02 02:02:15,976 [D]  : : :pass:wc.c:30	(at logger.py:129) 
2019-03-02 02:02:15,976 [D]  : : :pass:wc.c:29	(at logger.py:129) 
2019-03-02 02:02:15,976 [D]  : : :pass:wc.c:28	(at logger.py:129) 
2019-03-02 02:02:15,976 [D]  : : :pass:wc.c:27	(at logger.py:129) 
2019-03-02 02:02:15,976 [D]  : : :pass:wc.c:26	(at logger.py:129) 
2019-03-02 02:02:15,976 [D]  : : :pass:wc.c:25	(at logger.py:129) 
2019-03-02 02:02:15,977 [D]  : : :pass:wc.c:24	(at logger.py:129) 
2019-03-02 02:02:15,977 [D]  : : :pass:wc.c:23	(at logger.py:129) 
2019-03-02 02:02:15,977 [D]  : : :pass:wc.c:22	(at logger.py:129) 
2019-03-02 02:02:15,977 [D]  : : :pass:wc.c:21	(at logger.py:129) 
2019-03-02 02:02:15,977 [D]  : : :pass:wc.c:20	(at logger.py:129) 
2019-03-02 02:02:15,977 [D]  : : :pass:wc.c:19	(at logger.py:129) 
2019-03-02 02:02:15,977 [D]  : : :pass:wc.c:18	(at logger.py:129) 
2019-03-02 02:02:15,977 [D] -:C:c:WD_1:wc.c:17	(at logger.py:129) 
2019-03-02 02:02:15,977 [D] ┌:F:n:WD_2:wc.c:17	(at logger.py:129) 
2019-03-02 02:02:15,977 [D] └:F:n:WD_2:wc.c:14	(at logger.py:129) 
2019-03-02 02:02:15,978 [D] ┌:F:n:WD_3:wc.c:17	(at logger.py:129) 
2019-03-02 02:02:15,978 [D] |:F:n:WD_3:wc.c:14	(at logger.py:129) 
2019-03-02 02:02:15,978 [D] └:F:n:WD_3:wc.c:13	(at logger.py:129) 
2019-03-02 02:02:15,978 [D]  : : :pass:wc.c:16	(at logger.py:129) 
2019-03-02 02:02:15,978 [D]  : : :pass:wc.c:15	(at logger.py:129) 
2019-03-02 02:02:15,978 [D] -:F:n:WD_1:wc.c:14	(at logger.py:129) 
2019-03-02 02:02:15,978 [D] ┌:F:n:WD_2:wc.c:14	(at logger.py:129) 
2019-03-02 02:02:15,978 [D] └:F:n:WD_2:wc.c:13	(at logger.py:129) 
2019-03-02 02:02:15,978 [D] ┌:F:n:WD_3:wc.c:14	(at logger.py:129) 
2019-03-02 02:02:15,978 [D] |:F:n:WD_3:wc.c:13	(at logger.py:129) 
2019-03-02 02:02:15,978 [D] └:F:n:WD_3:wc.c:9	(at logger.py:129) 
2019-03-02 02:02:15,978 [D] -:C:c:WD_1:wc.c:13	(at logger.py:129) 
2019-03-02 02:02:15,978 [D] ┌:F:n:WD_2:wc.c:13	(at logger.py:129) 
2019-03-02 02:02:15,978 [D] └:F:n:WD_2:wc.c:9	(at logger.py:129) 
2019-03-02 02:02:15,979 [D] ┌:F:n:WD_3:wc.c:13	(at logger.py:129) 
2019-03-02 02:02:15,979 [D] |:F:n:WD_3:wc.c:9	(at logger.py:129) 
2019-03-02 02:02:15,979 [D] └:F:n:WD_3:wc.c:4	(at logger.py:129) 
2019-03-02 02:02:15,979 [D]  : : :pass:wc.c:12	(at logger.py:129) 
2019-03-02 02:02:15,979 [D]  : : :pass:wc.c:11	(at logger.py:129) 
2019-03-02 02:02:15,979 [D]  : : :pass:wc.c:10	(at logger.py:129) 
2019-03-02 02:02:15,979 [D] -:F:n:WD_1:wc.c:9	(at logger.py:129) 
2019-03-02 02:02:15,979 [D] ┌:F:n:WD_2:wc.c:9	(at logger.py:129) 
2019-03-02 02:02:15,979 [D] └:F:n:WD_2:wc.c:4	(at logger.py:129) 
2019-03-02 02:02:15,979 [D] ┌:F:n:WD_3:wc.c:9	(at logger.py:129) 
2019-03-02 02:02:15,979 [D] |:F:n:WD_3:wc.c:4	(at logger.py:129) 
2019-03-02 02:02:15,979 [D] └:F:n:WD_3:wc.c:3	(at logger.py:129) 
2019-03-02 02:02:15,979 [D]  : : :pass:wc.c:8	(at logger.py:129) 
2019-03-02 02:02:15,979 [D]  : : :pass:wc.c:7	(at logger.py:129) 
2019-03-02 02:02:15,979 [D]  : : :pass:wc.c:6	(at logger.py:129) 
2019-03-02 02:02:15,979 [D]  : : :pass:wc.c:5	(at logger.py:129) 
2019-03-02 02:02:15,980 [D] -:F:n:WD_1:wc.c:4	(at logger.py:129) 
2019-03-02 02:02:15,980 [D] ┌:F:n:WD_2:wc.c:4	(at logger.py:129) 
2019-03-02 02:02:15,980 [D] └:F:n:WD_2:wc.c:3	(at logger.py:129) 
2019-03-02 02:02:15,980 [D] ┌:F:n:WD_3:wc.c:4	(at logger.py:129) 
2019-03-02 02:02:15,980 [D] └:F:n:WD_3:wc.c:3	(at logger.py:129) 
2019-03-02 02:02:15,980 [D] -:F:n:WD_1:wc.c:3	(at logger.py:129) 
2019-03-02 02:02:15,980 [D] -:F:n:WD_2:wc.c:3	(at logger.py:129) 
2019-03-02 02:02:15,980 [D] -:F:n:WD_3:wc.c:3	(at logger.py:129) 
2019-03-02 02:02:15,980 [D]  : : :pass:wc.c:2	(at logger.py:129) 
2019-03-02 02:02:15,980 [D]  : : :pass:wc.c:1	(at logger.py:129) 
2019-03-02 02:02:15,980 [D] comp_cached_cnt:19	(at logger.py:134) 
2019-03-02 02:02:15,980 [D] compile_cnt:5	(at logger.py:134) 
2019-03-02 02:02:15,980 [D] execute_cnt:0	(at logger.py:134) 
2019-03-02 02:02:15,980 [D] fail_del_cnt:2	(at logger.py:134) 
2019-03-02 02:02:15,980 [D] iter_idx:4	(at logger.py:134) 
2019-03-02 02:02:15,980 [D] reuse_cnt:2	(at logger.py:134) 
2019-03-02 02:02:15,981 [D] succ_del_cnt:0	(at logger.py:134) 
2019-03-02 02:02:15,981 [D] time:0.06583023071289062	(at logger.py:134) 
2019-03-02 02:02:15,981 [D] deletion:40	(at logger.py:136) 
2019-03-02 02:02:15,981 [I] Iteration 4 finished	(at orbs.py:87) 
2019-03-02 02:02:15,981 [D] total_lines:48	(at logger.py:74) 
2019-03-02 02:02:15,981 [D] iteration_cnt:4	(at logger.py:75) 
2019-03-02 02:02:15,981 [D] comp_cached_cnt:26	(at logger.py:79) 
2019-03-02 02:02:15,981 [D] compile_cnt:143	(at logger.py:79) 
2019-03-02 02:02:15,981 [D] execute_cnt:21	(at logger.py:79) 
2019-03-02 02:02:15,981 [D] fail_del_cnt:12	(at logger.py:79) 
2019-03-02 02:02:15,981 [D] reuse_cnt:19	(at logger.py:79) 
2019-03-02 02:02:15,981 [D] succ_del_cnt:28	(at logger.py:79) 
2019-03-02 02:02:15,981 [D] time:2.9384653568267822	(at logger.py:80) 
2019-03-02 02:02:15,981 [D] deletion:40	(at logger.py:82) 
2019-03-02 02:02:15,982 [I] ORBS fin.	(at orbs.py:91) 
2019-03-02 02:02:15,982 [I] ===== END - RUN ==============================================	(at main.py:95) 
2019-03-02 02:02:15,982 [I] 	(at main.py:96) 
