2019-03-02 02:06:00,364 [D] -:F:n:WD_1:mug.c:63	(at logger.py:129) 
2019-03-02 02:06:00,383 [D] ┌:F:n:WD_2:mug.c:63	(at logger.py:129) 
2019-03-02 02:06:00,383 [D] └:F:n:WD_2:mug.c:62	(at logger.py:129) 
2019-03-02 02:06:00,401 [D] ┌:F:n:WD_3:mug.c:63	(at logger.py:129) 
2019-03-02 02:06:00,401 [D] |:F:n:WD_3:mug.c:62	(at logger.py:129) 
2019-03-02 02:06:00,401 [D] └:F:n:WD_3:mug.c:61	(at logger.py:129) 
2019-03-02 02:06:00,446 [D] -:C:n:WD_1:mug.c:62	(at logger.py:129) 
2019-03-02 02:06:00,465 [D] ┌:F:n:WD_2:mug.c:62	(at logger.py:129) 
2019-03-02 02:06:00,465 [D] └:F:n:WD_2:mug.c:61	(at logger.py:129) 
2019-03-02 02:06:00,483 [D] ┌:F:n:WD_3:mug.c:62	(at logger.py:129) 
2019-03-02 02:06:00,483 [D] |:F:n:WD_3:mug.c:61	(at logger.py:129) 
2019-03-02 02:06:00,483 [D] └:F:n:WD_3:mug.c:60	(at logger.py:129) 
2019-03-02 02:06:00,502 [D] -:F:n:WD_1:mug.c:61	(at logger.py:129) 
2019-03-02 02:06:00,520 [D] ┌:F:n:WD_2:mug.c:61	(at logger.py:129) 
2019-03-02 02:06:00,520 [D] └:F:n:WD_2:mug.c:60	(at logger.py:129) 
2019-03-02 02:06:00,557 [D] ┌:F:n:WD_3:mug.c:61	(at logger.py:129) 
2019-03-02 02:06:00,557 [D] |:F:n:WD_3:mug.c:60	(at logger.py:129) 
2019-03-02 02:06:00,557 [D] └:F:n:WD_3:mug.c:59	(at logger.py:129) 
2019-03-02 02:06:00,577 [D] -:F:n:WD_1:mug.c:60	(at logger.py:129) 
2019-03-02 02:06:00,592 [D] ┌:F:n:WD_2:mug.c:60	(at logger.py:129) 
2019-03-02 02:06:00,592 [D] └:F:n:WD_2:mug.c:59	(at logger.py:129) 
2019-03-02 02:06:00,608 [D] ┌:F:n:WD_3:mug.c:60	(at logger.py:129) 
2019-03-02 02:06:00,608 [D] |:F:n:WD_3:mug.c:59	(at logger.py:129) 
2019-03-02 02:06:00,608 [D] └:F:n:WD_3:mug.c:58	(at logger.py:129) 
2019-03-02 02:06:00,623 [D] -:F:n:WD_1:mug.c:59	(at logger.py:129) 
2019-03-02 02:06:00,639 [D] ┌:F:n:WD_2:mug.c:59	(at logger.py:129) 
2019-03-02 02:06:00,639 [D] └:F:n:WD_2:mug.c:58	(at logger.py:129) 
2019-03-02 02:06:00,656 [D] ┌:F:n:WD_3:mug.c:59	(at logger.py:129) 
2019-03-02 02:06:00,656 [D] |:F:n:WD_3:mug.c:58	(at logger.py:129) 
2019-03-02 02:06:00,656 [D] └:F:n:WD_3:mug.c:57	(at logger.py:129) 
2019-03-02 02:06:00,706 [D] -:P:n:WD_1:mug.c:58	(at logger.py:129) 
2019-03-02 02:06:00,725 [D] -:F:n:WD_1:mug.c:57	(at logger.py:129) 
2019-03-02 02:06:00,743 [D] ┌:F:n:WD_2:mug.c:57	(at logger.py:129) 
2019-03-02 02:06:00,743 [D] └:F:n:WD_2:mug.c:56	(at logger.py:129) 
2019-03-02 02:06:00,781 [D] ┌:F:n:WD_3:mug.c:57	(at logger.py:129) 
2019-03-02 02:06:00,781 [D] |:F:n:WD_3:mug.c:56	(at logger.py:129) 
2019-03-02 02:06:00,781 [D] └:F:n:WD_3:mug.c:55	(at logger.py:129) 
2019-03-02 02:06:00,801 [D] -:F:n:WD_1:mug.c:56	(at logger.py:129) 
2019-03-02 02:06:00,817 [D] ┌:F:n:WD_2:mug.c:56	(at logger.py:129) 
2019-03-02 02:06:00,817 [D] └:F:n:WD_2:mug.c:55	(at logger.py:129) 
2019-03-02 02:06:00,836 [D] ┌:F:n:WD_3:mug.c:56	(at logger.py:129) 
2019-03-02 02:06:00,836 [D] |:F:n:WD_3:mug.c:55	(at logger.py:129) 
2019-03-02 02:06:00,836 [D] └:F:n:WD_3:mug.c:54	(at logger.py:129) 
2019-03-02 02:06:00,854 [D] -:F:n:WD_1:mug.c:55	(at logger.py:129) 
2019-03-02 02:06:00,872 [D] ┌:F:n:WD_2:mug.c:55	(at logger.py:129) 
2019-03-02 02:06:00,872 [D] └:F:n:WD_2:mug.c:54	(at logger.py:129) 
2019-03-02 02:06:00,890 [D] ┌:F:n:WD_3:mug.c:55	(at logger.py:129) 
2019-03-02 02:06:00,890 [D] |:F:n:WD_3:mug.c:54	(at logger.py:129) 
2019-03-02 02:06:00,890 [D] └:F:n:WD_3:mug.c:53	(at logger.py:129) 
2019-03-02 02:06:01,239 [D] -:C:n:WD_1:mug.c:54	(at logger.py:129) 
2019-03-02 02:06:01,278 [D] ┌:F:n:WD_2:mug.c:54	(at logger.py:129) 
2019-03-02 02:06:01,278 [D] └:F:n:WD_2:mug.c:53	(at logger.py:129) 
2019-03-02 02:06:01,353 [D] ┌:F:n:WD_3:mug.c:54	(at logger.py:129) 
2019-03-02 02:06:01,353 [D] |:F:n:WD_3:mug.c:53	(at logger.py:129) 
2019-03-02 02:06:01,353 [D] └:F:n:WD_3:mug.c:52	(at logger.py:129) 
2019-03-02 02:06:01,433 [D] -:F:n:WD_1:mug.c:53	(at logger.py:129) 
2019-03-02 02:06:01,479 [D] ┌:F:n:WD_2:mug.c:53	(at logger.py:129) 
2019-03-02 02:06:01,479 [D] └:F:n:WD_2:mug.c:52	(at logger.py:129) 
2019-03-02 02:06:01,516 [D] ┌:F:n:WD_3:mug.c:53	(at logger.py:129) 
2019-03-02 02:06:01,517 [D] |:F:n:WD_3:mug.c:52	(at logger.py:129) 
2019-03-02 02:06:01,517 [D] └:F:n:WD_3:mug.c:51	(at logger.py:129) 
2019-03-02 02:06:01,535 [D] -:F:n:WD_1:mug.c:52	(at logger.py:129) 
2019-03-02 02:06:01,552 [D] ┌:F:n:WD_2:mug.c:52	(at logger.py:129) 
2019-03-02 02:06:01,552 [D] └:F:n:WD_2:mug.c:51	(at logger.py:129) 
2019-03-02 02:06:01,569 [D] ┌:F:n:WD_3:mug.c:52	(at logger.py:129) 
2019-03-02 02:06:01,569 [D] |:F:n:WD_3:mug.c:51	(at logger.py:129) 
2019-03-02 02:06:01,569 [D] └:F:n:WD_3:mug.c:50	(at logger.py:129) 
2019-03-02 02:06:01,584 [D] -:F:n:WD_1:mug.c:51	(at logger.py:129) 
2019-03-02 02:06:01,605 [D] ┌:F:n:WD_2:mug.c:51	(at logger.py:129) 
2019-03-02 02:06:01,605 [D] └:F:n:WD_2:mug.c:50	(at logger.py:129) 
2019-03-02 02:06:01,621 [D] ┌:F:n:WD_3:mug.c:51	(at logger.py:129) 
2019-03-02 02:06:01,621 [D] |:F:n:WD_3:mug.c:50	(at logger.py:129) 
2019-03-02 02:06:01,621 [D] └:F:n:WD_3:mug.c:49	(at logger.py:129) 
2019-03-02 02:06:01,636 [D] -:F:n:WD_1:mug.c:50	(at logger.py:129) 
2019-03-02 02:06:01,653 [D] ┌:F:n:WD_2:mug.c:50	(at logger.py:129) 
2019-03-02 02:06:01,653 [D] └:F:n:WD_2:mug.c:49	(at logger.py:129) 
2019-03-02 02:06:01,673 [D] ┌:F:n:WD_3:mug.c:50	(at logger.py:129) 
2019-03-02 02:06:01,673 [D] |:F:n:WD_3:mug.c:49	(at logger.py:129) 
2019-03-02 02:06:01,673 [D] └:F:n:WD_3:mug.c:48	(at logger.py:129) 
2019-03-02 02:06:01,720 [D] -:C:n:WD_1:mug.c:49	(at logger.py:129) 
2019-03-02 02:06:01,741 [D] ┌:F:n:WD_2:mug.c:49	(at logger.py:129) 
2019-03-02 02:06:01,741 [D] └:F:n:WD_2:mug.c:48	(at logger.py:129) 
2019-03-02 02:06:01,756 [D] ┌:F:n:WD_3:mug.c:49	(at logger.py:129) 
2019-03-02 02:06:01,756 [D] |:F:n:WD_3:mug.c:48	(at logger.py:129) 
2019-03-02 02:06:01,756 [D] └:F:n:WD_3:mug.c:47	(at logger.py:129) 
2019-03-02 02:06:01,771 [D] -:F:n:WD_1:mug.c:48	(at logger.py:129) 
2019-03-02 02:06:01,787 [D] ┌:F:n:WD_2:mug.c:48	(at logger.py:129) 
2019-03-02 02:06:01,787 [D] └:F:n:WD_2:mug.c:47	(at logger.py:129) 
2019-03-02 02:06:01,824 [D] ┌:C:c:WD_3:mug.c:48	(at logger.py:129) 
2019-03-02 02:06:01,824 [D] |:C:c:WD_3:mug.c:47	(at logger.py:129) 
2019-03-02 02:06:01,824 [D] └:C:c:WD_3:mug.c:46	(at logger.py:129) 
2019-03-02 02:06:01,860 [D] -:P:c:WD_1:mug.c:47	(at logger.py:129) 
2019-03-02 02:06:01,875 [D] -:F:n:WD_1:mug.c:46	(at logger.py:129) 
2019-03-02 02:06:01,890 [D] ┌:F:n:WD_2:mug.c:46	(at logger.py:129) 
2019-03-02 02:06:01,890 [D] └:F:n:WD_2:mug.c:45	(at logger.py:129) 
2019-03-02 02:06:01,938 [D] ┌:C:n:WD_3:mug.c:46	(at logger.py:129) 
2019-03-02 02:06:01,939 [D] |:C:n:WD_3:mug.c:45	(at logger.py:129) 
2019-03-02 02:06:01,939 [D] └:C:n:WD_3:mug.c:44	(at logger.py:129) 
2019-03-02 02:06:01,983 [D] -:C:n:WD_1:mug.c:45	(at logger.py:129) 
2019-03-02 02:06:02,001 [D] ┌:F:n:WD_2:mug.c:45	(at logger.py:129) 
2019-03-02 02:06:02,001 [D] └:F:n:WD_2:mug.c:44	(at logger.py:129) 
2019-03-02 02:06:02,018 [D] ┌:F:n:WD_3:mug.c:45	(at logger.py:129) 
2019-03-02 02:06:02,018 [D] |:F:n:WD_3:mug.c:44	(at logger.py:129) 
2019-03-02 02:06:02,018 [D] └:F:n:WD_3:mug.c:43	(at logger.py:129) 
2019-03-02 02:06:02,034 [D] -:F:n:WD_1:mug.c:44	(at logger.py:129) 
2019-03-02 02:06:02,053 [D] ┌:F:n:WD_2:mug.c:44	(at logger.py:129) 
2019-03-02 02:06:02,053 [D] └:F:n:WD_2:mug.c:43	(at logger.py:129) 
2019-03-02 02:06:02,069 [D] ┌:F:n:WD_3:mug.c:44	(at logger.py:129) 
2019-03-02 02:06:02,069 [D] |:F:n:WD_3:mug.c:43	(at logger.py:129) 
2019-03-02 02:06:02,069 [D] └:F:n:WD_3:mug.c:42	(at logger.py:129) 
2019-03-02 02:06:02,115 [D] -:C:n:WD_1:mug.c:43	(at logger.py:129) 
2019-03-02 02:06:02,164 [D] ┌:C:n:WD_2:mug.c:43	(at logger.py:129) 
2019-03-02 02:06:02,164 [D] └:C:n:WD_2:mug.c:42	(at logger.py:129) 
2019-03-02 02:06:02,208 [D] ┌:C:c:WD_3:mug.c:43	(at logger.py:129) 
2019-03-02 02:06:02,208 [D] |:C:c:WD_3:mug.c:42	(at logger.py:129) 
2019-03-02 02:06:02,208 [D] └:C:c:WD_3:mug.c:41	(at logger.py:129) 
2019-03-02 02:06:02,254 [D] -:C:n:WD_1:mug.c:42	(at logger.py:129) 
2019-03-02 02:06:02,288 [D] ┌:C:c:WD_2:mug.c:42	(at logger.py:129) 
2019-03-02 02:06:02,288 [D] └:C:c:WD_2:mug.c:41	(at logger.py:129) 
2019-03-02 02:06:02,305 [D] ┌:F:n:WD_3:mug.c:42	(at logger.py:129) 
2019-03-02 02:06:02,305 [D] |:F:n:WD_3:mug.c:41	(at logger.py:129) 
2019-03-02 02:06:02,305 [D] └:F:n:WD_3:mug.c:40	(at logger.py:129) 
2019-03-02 02:06:02,343 [D] -:P:c:WD_1:mug.c:41	(at logger.py:129) 
2019-03-02 02:06:02,358 [D] -:F:n:WD_1:mug.c:40	(at logger.py:129) 
2019-03-02 02:06:02,375 [D] ┌:F:n:WD_2:mug.c:40	(at logger.py:129) 
2019-03-02 02:06:02,375 [D] └:F:n:WD_2:mug.c:39	(at logger.py:129) 
2019-03-02 02:06:02,410 [D] ┌:F:n:WD_3:mug.c:40	(at logger.py:129) 
2019-03-02 02:06:02,410 [D] |:F:n:WD_3:mug.c:39	(at logger.py:129) 
2019-03-02 02:06:02,410 [D] └:F:n:WD_3:mug.c:38	(at logger.py:129) 
2019-03-02 02:06:02,427 [D] -:F:n:WD_1:mug.c:39	(at logger.py:129) 
2019-03-02 02:06:02,441 [D] ┌:F:n:WD_2:mug.c:39	(at logger.py:129) 
2019-03-02 02:06:02,441 [D] └:F:n:WD_2:mug.c:38	(at logger.py:129) 
2019-03-02 02:06:02,456 [D] ┌:F:n:WD_3:mug.c:39	(at logger.py:129) 
2019-03-02 02:06:02,456 [D] |:F:n:WD_3:mug.c:38	(at logger.py:129) 
2019-03-02 02:06:02,456 [D] └:F:n:WD_3:mug.c:37	(at logger.py:129) 
2019-03-02 02:06:02,471 [D] -:F:n:WD_1:mug.c:38	(at logger.py:129) 
2019-03-02 02:06:02,488 [D] ┌:F:n:WD_2:mug.c:38	(at logger.py:129) 
2019-03-02 02:06:02,488 [D] └:F:n:WD_2:mug.c:37	(at logger.py:129) 
2019-03-02 02:06:02,507 [D] ┌:F:n:WD_3:mug.c:38	(at logger.py:129) 
2019-03-02 02:06:02,507 [D] |:F:n:WD_3:mug.c:37	(at logger.py:129) 
2019-03-02 02:06:02,507 [D] └:F:n:WD_3:mug.c:36	(at logger.py:129) 
2019-03-02 02:06:02,524 [D] -:F:n:WD_1:mug.c:37	(at logger.py:129) 
2019-03-02 02:06:02,541 [D] ┌:F:n:WD_2:mug.c:37	(at logger.py:129) 
2019-03-02 02:06:02,541 [D] └:F:n:WD_2:mug.c:36	(at logger.py:129) 
2019-03-02 02:06:02,556 [D] ┌:F:n:WD_3:mug.c:37	(at logger.py:129) 
2019-03-02 02:06:02,556 [D] |:F:n:WD_3:mug.c:36	(at logger.py:129) 
2019-03-02 02:06:02,556 [D] └:F:n:WD_3:mug.c:35	(at logger.py:129) 
2019-03-02 02:06:02,603 [D] -:C:n:WD_1:mug.c:36	(at logger.py:129) 
2019-03-02 02:06:02,620 [D] ┌:F:n:WD_2:mug.c:36	(at logger.py:129) 
2019-03-02 02:06:02,620 [D] └:F:n:WD_2:mug.c:35	(at logger.py:129) 
2019-03-02 02:06:02,638 [D] ┌:F:n:WD_3:mug.c:36	(at logger.py:129) 
2019-03-02 02:06:02,638 [D] |:F:n:WD_3:mug.c:35	(at logger.py:129) 
2019-03-02 02:06:02,638 [D] └:F:n:WD_3:mug.c:34	(at logger.py:129) 
2019-03-02 02:06:02,657 [D] -:F:n:WD_1:mug.c:35	(at logger.py:129) 
2019-03-02 02:06:02,673 [D] ┌:F:n:WD_2:mug.c:35	(at logger.py:129) 
2019-03-02 02:06:02,673 [D] └:F:n:WD_2:mug.c:34	(at logger.py:129) 
2019-03-02 02:06:02,715 [D] ┌:C:c:WD_3:mug.c:35	(at logger.py:129) 
2019-03-02 02:06:02,715 [D] |:C:c:WD_3:mug.c:34	(at logger.py:129) 
2019-03-02 02:06:02,715 [D] └:C:c:WD_3:mug.c:33	(at logger.py:129) 
2019-03-02 02:06:02,753 [D] -:P:c:WD_1:mug.c:34	(at logger.py:129) 
2019-03-02 02:06:02,773 [D] -:F:n:WD_1:mug.c:33	(at logger.py:129) 
2019-03-02 02:06:02,790 [D] ┌:F:n:WD_2:mug.c:33	(at logger.py:129) 
2019-03-02 02:06:02,790 [D] └:F:n:WD_2:mug.c:32	(at logger.py:129) 
2019-03-02 02:06:02,837 [D] ┌:C:n:WD_3:mug.c:33	(at logger.py:129) 
2019-03-02 02:06:02,837 [D] |:C:n:WD_3:mug.c:32	(at logger.py:129) 
2019-03-02 02:06:02,837 [D] └:C:n:WD_3:mug.c:31	(at logger.py:129) 
2019-03-02 02:06:02,882 [D] -:C:n:WD_1:mug.c:32	(at logger.py:129) 
2019-03-02 02:06:02,900 [D] ┌:F:n:WD_2:mug.c:32	(at logger.py:129) 
2019-03-02 02:06:02,900 [D] └:F:n:WD_2:mug.c:31	(at logger.py:129) 
2019-03-02 02:06:02,916 [D] ┌:F:n:WD_3:mug.c:32	(at logger.py:129) 
2019-03-02 02:06:02,916 [D] |:F:n:WD_3:mug.c:31	(at logger.py:129) 
2019-03-02 02:06:02,917 [D] └:F:n:WD_3:mug.c:30	(at logger.py:129) 
2019-03-02 02:06:02,933 [D] -:F:n:WD_1:mug.c:31	(at logger.py:129) 
2019-03-02 02:06:02,949 [D] ┌:F:n:WD_2:mug.c:31	(at logger.py:129) 
2019-03-02 02:06:02,949 [D] └:F:n:WD_2:mug.c:30	(at logger.py:129) 
2019-03-02 02:06:02,967 [D] ┌:F:n:WD_3:mug.c:31	(at logger.py:129) 
2019-03-02 02:06:02,967 [D] |:F:n:WD_3:mug.c:30	(at logger.py:129) 
2019-03-02 02:06:02,967 [D] └:F:n:WD_3:mug.c:29	(at logger.py:129) 
2019-03-02 02:06:03,318 [D] -:C:n:WD_1:mug.c:30	(at logger.py:129) 
2019-03-02 02:06:03,372 [D] ┌:F:n:WD_2:mug.c:30	(at logger.py:129) 
2019-03-02 02:06:03,372 [D] └:F:n:WD_2:mug.c:29	(at logger.py:129) 
2019-03-02 02:06:03,388 [D] ┌:F:n:WD_3:mug.c:30	(at logger.py:129) 
2019-03-02 02:06:03,388 [D] |:F:n:WD_3:mug.c:29	(at logger.py:129) 
2019-03-02 02:06:03,389 [D] └:F:n:WD_3:mug.c:28	(at logger.py:129) 
2019-03-02 02:06:03,405 [D] -:F:n:WD_1:mug.c:29	(at logger.py:129) 
2019-03-02 02:06:03,423 [D] ┌:F:n:WD_2:mug.c:29	(at logger.py:129) 
2019-03-02 02:06:03,423 [D] └:F:n:WD_2:mug.c:28	(at logger.py:129) 
2019-03-02 02:06:03,459 [D] ┌:F:n:WD_3:mug.c:29	(at logger.py:129) 
2019-03-02 02:06:03,459 [D] |:F:n:WD_3:mug.c:28	(at logger.py:129) 
2019-03-02 02:06:03,459 [D] └:F:n:WD_3:mug.c:27	(at logger.py:129) 
2019-03-02 02:06:03,476 [D] -:F:n:WD_1:mug.c:28	(at logger.py:129) 
2019-03-02 02:06:03,493 [D] ┌:F:n:WD_2:mug.c:28	(at logger.py:129) 
2019-03-02 02:06:03,493 [D] └:F:n:WD_2:mug.c:27	(at logger.py:129) 
2019-03-02 02:06:03,508 [D] ┌:F:n:WD_3:mug.c:28	(at logger.py:129) 
2019-03-02 02:06:03,508 [D] |:F:n:WD_3:mug.c:27	(at logger.py:129) 
2019-03-02 02:06:03,508 [D] └:F:n:WD_3:mug.c:26	(at logger.py:129) 
2019-03-02 02:06:03,523 [D] -:F:n:WD_1:mug.c:27	(at logger.py:129) 
2019-03-02 02:06:03,539 [D] ┌:F:n:WD_2:mug.c:27	(at logger.py:129) 
2019-03-02 02:06:03,539 [D] └:F:n:WD_2:mug.c:26	(at logger.py:129) 
2019-03-02 02:06:03,555 [D] ┌:F:n:WD_3:mug.c:27	(at logger.py:129) 
2019-03-02 02:06:03,555 [D] |:F:n:WD_3:mug.c:26	(at logger.py:129) 
2019-03-02 02:06:03,555 [D] └:F:n:WD_3:mug.c:25	(at logger.py:129) 
2019-03-02 02:06:03,604 [D] -:P:n:WD_1:mug.c:26	(at logger.py:129) 
2019-03-02 02:06:03,623 [D] -:F:n:WD_1:mug.c:25	(at logger.py:129) 
2019-03-02 02:06:03,639 [D] ┌:F:n:WD_2:mug.c:25	(at logger.py:129) 
2019-03-02 02:06:03,639 [D] └:F:n:WD_2:mug.c:24	(at logger.py:129) 
2019-03-02 02:06:03,659 [D] ┌:F:n:WD_3:mug.c:25	(at logger.py:129) 
2019-03-02 02:06:03,659 [D] |:F:n:WD_3:mug.c:24	(at logger.py:129) 
2019-03-02 02:06:03,659 [D] └:F:n:WD_3:mug.c:23	(at logger.py:129) 
2019-03-02 02:06:03,907 [D] -:C:n:WD_1:mug.c:24	(at logger.py:129) 
2019-03-02 02:06:03,964 [D] ┌:F:n:WD_2:mug.c:24	(at logger.py:129) 
2019-03-02 02:06:03,964 [D] └:F:n:WD_2:mug.c:23	(at logger.py:129) 
2019-03-02 02:06:03,980 [D] ┌:F:n:WD_3:mug.c:24	(at logger.py:129) 
2019-03-02 02:06:03,980 [D] |:F:n:WD_3:mug.c:23	(at logger.py:129) 
2019-03-02 02:06:03,980 [D] └:F:n:WD_3:mug.c:22	(at logger.py:129) 
2019-03-02 02:06:04,000 [D] -:F:n:WD_1:mug.c:23	(at logger.py:129) 
2019-03-02 02:06:04,043 [D] ┌:F:n:WD_2:mug.c:23	(at logger.py:129) 
2019-03-02 02:06:04,043 [D] └:F:n:WD_2:mug.c:22	(at logger.py:129) 
2019-03-02 02:06:04,068 [D] ┌:F:n:WD_3:mug.c:23	(at logger.py:129) 
2019-03-02 02:06:04,068 [D] |:F:n:WD_3:mug.c:22	(at logger.py:129) 
2019-03-02 02:06:04,068 [D] └:F:n:WD_3:mug.c:21	(at logger.py:129) 
2019-03-02 02:06:04,124 [D] -:C:n:WD_1:mug.c:22	(at logger.py:129) 
2019-03-02 02:06:04,169 [D] ┌:C:n:WD_2:mug.c:22	(at logger.py:129) 
2019-03-02 02:06:04,169 [D] └:C:n:WD_2:mug.c:21	(at logger.py:129) 
2019-03-02 02:06:04,185 [D] ┌:F:n:WD_3:mug.c:22	(at logger.py:129) 
2019-03-02 02:06:04,185 [D] |:F:n:WD_3:mug.c:21	(at logger.py:129) 
2019-03-02 02:06:04,185 [D] └:F:n:WD_3:mug.c:20	(at logger.py:129) 
2019-03-02 02:06:04,232 [D] -:P:n:WD_1:mug.c:21	(at logger.py:129) 
2019-03-02 02:06:04,249 [D] -:F:n:WD_1:mug.c:20	(at logger.py:129) 
2019-03-02 02:06:04,269 [D] ┌:F:n:WD_2:mug.c:20	(at logger.py:129) 
2019-03-02 02:06:04,269 [D] └:F:n:WD_2:mug.c:19	(at logger.py:129) 
2019-03-02 02:06:04,285 [D] ┌:F:n:WD_3:mug.c:20	(at logger.py:129) 
2019-03-02 02:06:04,285 [D] |:F:n:WD_3:mug.c:19	(at logger.py:129) 
2019-03-02 02:06:04,285 [D] └:F:n:WD_3:mug.c:18	(at logger.py:129) 
2019-03-02 02:06:04,339 [D] -:C:n:WD_1:mug.c:19	(at logger.py:129) 
2019-03-02 02:06:04,359 [D] ┌:F:n:WD_2:mug.c:19	(at logger.py:129) 
2019-03-02 02:06:04,359 [D] └:F:n:WD_2:mug.c:18	(at logger.py:129) 
2019-03-02 02:06:04,376 [D] ┌:F:n:WD_3:mug.c:19	(at logger.py:129) 
2019-03-02 02:06:04,376 [D] |:F:n:WD_3:mug.c:18	(at logger.py:129) 
2019-03-02 02:06:04,376 [D] └:F:n:WD_3:mug.c:17	(at logger.py:129) 
2019-03-02 02:06:04,395 [D] -:F:n:WD_1:mug.c:18	(at logger.py:129) 
2019-03-02 02:06:04,410 [D] ┌:F:n:WD_2:mug.c:18	(at logger.py:129) 
2019-03-02 02:06:04,410 [D] └:F:n:WD_2:mug.c:17	(at logger.py:129) 
2019-03-02 02:06:04,426 [D] ┌:F:n:WD_3:mug.c:18	(at logger.py:129) 
2019-03-02 02:06:04,426 [D] |:F:n:WD_3:mug.c:17	(at logger.py:129) 
2019-03-02 02:06:04,426 [D] └:F:n:WD_3:mug.c:16	(at logger.py:129) 
2019-03-02 02:06:04,470 [D] -:C:n:WD_1:mug.c:17	(at logger.py:129) 
2019-03-02 02:06:04,522 [D] ┌:C:n:WD_2:mug.c:17	(at logger.py:129) 
2019-03-02 02:06:04,523 [D] └:C:n:WD_2:mug.c:16	(at logger.py:129) 
2019-03-02 02:06:04,569 [D] ┌:C:n:WD_3:mug.c:17	(at logger.py:129) 
2019-03-02 02:06:04,570 [D] |:C:n:WD_3:mug.c:16	(at logger.py:129) 
2019-03-02 02:06:04,570 [D] └:C:n:WD_3:mug.c:15	(at logger.py:129) 
2019-03-02 02:06:04,618 [D] -:P:n:WD_1:mug.c:16	(at logger.py:129) 
2019-03-02 02:06:04,668 [D] -:C:n:WD_1:mug.c:15	(at logger.py:129) 
2019-03-02 02:06:04,717 [D] ┌:C:n:WD_2:mug.c:15	(at logger.py:129) 
2019-03-02 02:06:04,717 [D] └:C:n:WD_2:mug.c:14	(at logger.py:129) 
2019-03-02 02:06:04,753 [D] ┌:C:c:WD_3:mug.c:15	(at logger.py:129) 
2019-03-02 02:06:04,754 [D] |:C:c:WD_3:mug.c:14	(at logger.py:129) 
2019-03-02 02:06:04,754 [D] └:C:c:WD_3:mug.c:13	(at logger.py:129) 
2019-03-02 02:06:04,799 [D] -:C:n:WD_1:mug.c:14	(at logger.py:129) 
2019-03-02 02:06:04,838 [D] ┌:C:c:WD_2:mug.c:14	(at logger.py:129) 
2019-03-02 02:06:04,838 [D] └:C:c:WD_2:mug.c:13	(at logger.py:129) 
2019-03-02 02:06:04,853 [D] ┌:F:n:WD_3:mug.c:14	(at logger.py:129) 
2019-03-02 02:06:04,853 [D] |:F:n:WD_3:mug.c:13	(at logger.py:129) 
2019-03-02 02:06:04,853 [D] └:F:n:WD_3:mug.c:12	(at logger.py:129) 
2019-03-02 02:06:04,891 [D] -:P:c:WD_1:mug.c:13	(at logger.py:129) 
2019-03-02 02:06:04,906 [D] -:F:n:WD_1:mug.c:12	(at logger.py:129) 
2019-03-02 02:06:04,923 [D] ┌:F:n:WD_2:mug.c:12	(at logger.py:129) 
2019-03-02 02:06:04,923 [D] └:F:n:WD_2:mug.c:11	(at logger.py:129) 
2019-03-02 02:06:04,938 [D] ┌:F:n:WD_3:mug.c:12	(at logger.py:129) 
2019-03-02 02:06:04,938 [D] |:F:n:WD_3:mug.c:11	(at logger.py:129) 
2019-03-02 02:06:04,938 [D] └:F:n:WD_3:mug.c:10	(at logger.py:129) 
2019-03-02 02:06:04,953 [D] -:F:n:WD_1:mug.c:11	(at logger.py:129) 
2019-03-02 02:06:04,968 [D] ┌:F:n:WD_2:mug.c:11	(at logger.py:129) 
2019-03-02 02:06:04,968 [D] └:F:n:WD_2:mug.c:10	(at logger.py:129) 
2019-03-02 02:06:04,984 [D] ┌:F:n:WD_3:mug.c:11	(at logger.py:129) 
2019-03-02 02:06:04,984 [D] |:F:n:WD_3:mug.c:10	(at logger.py:129) 
2019-03-02 02:06:04,984 [D] └:F:n:WD_3:mug.c:9	(at logger.py:129) 
2019-03-02 02:06:05,000 [D] -:F:n:WD_1:mug.c:10	(at logger.py:129) 
2019-03-02 02:06:05,016 [D] ┌:F:n:WD_2:mug.c:10	(at logger.py:129) 
2019-03-02 02:06:05,016 [D] └:F:n:WD_2:mug.c:9	(at logger.py:129) 
2019-03-02 02:06:05,036 [D] ┌:F:n:WD_3:mug.c:10	(at logger.py:129) 
2019-03-02 02:06:05,036 [D] |:F:n:WD_3:mug.c:9	(at logger.py:129) 
2019-03-02 02:06:05,036 [D] └:F:n:WD_3:mug.c:8	(at logger.py:129) 
2019-03-02 02:06:05,057 [D] -:F:n:WD_1:mug.c:9	(at logger.py:129) 
2019-03-02 02:06:05,075 [D] ┌:F:n:WD_2:mug.c:9	(at logger.py:129) 
2019-03-02 02:06:05,075 [D] └:F:n:WD_2:mug.c:8	(at logger.py:129) 
2019-03-02 02:06:05,095 [D] ┌:F:n:WD_3:mug.c:9	(at logger.py:129) 
2019-03-02 02:06:05,095 [D] |:F:n:WD_3:mug.c:8	(at logger.py:129) 
2019-03-02 02:06:05,095 [D] └:F:n:WD_3:mug.c:7	(at logger.py:129) 
2019-03-02 02:06:05,135 [D] -:P:c:WD_1:mug.c:8	(at logger.py:129) 
2019-03-02 02:06:05,175 [D] -:P:c:WD_1:mug.c:7	(at logger.py:129) 
2019-03-02 02:06:05,218 [D] -:P:n:WD_1:mug.c:6	(at logger.py:129) 
2019-03-02 02:06:05,240 [D] -:F:n:WD_1:mug.c:5	(at logger.py:129) 
2019-03-02 02:06:05,259 [D] ┌:F:n:WD_2:mug.c:5	(at logger.py:129) 
2019-03-02 02:06:05,259 [D] └:F:n:WD_2:mug.c:4	(at logger.py:129) 
2019-03-02 02:06:05,274 [D] ┌:F:n:WD_3:mug.c:5	(at logger.py:129) 
2019-03-02 02:06:05,274 [D] |:F:n:WD_3:mug.c:4	(at logger.py:129) 
2019-03-02 02:06:05,274 [D] └:F:n:WD_3:mug.c:3	(at logger.py:129) 
2019-03-02 02:06:05,290 [D] -:F:n:WD_1:mug.c:4	(at logger.py:129) 
2019-03-02 02:06:05,306 [D] ┌:F:n:WD_2:mug.c:4	(at logger.py:129) 
2019-03-02 02:06:05,306 [D] └:F:n:WD_2:mug.c:3	(at logger.py:129) 
2019-03-02 02:06:05,318 [D] ┌:F:n:WD_3:mug.c:4	(at logger.py:129) 
2019-03-02 02:06:05,318 [D] |:F:n:WD_3:mug.c:3	(at logger.py:129) 
2019-03-02 02:06:05,318 [D] └:F:n:WD_3:mug.c:2	(at logger.py:129) 
2019-03-02 02:06:05,335 [D] -:F:n:WD_1:mug.c:3	(at logger.py:129) 
2019-03-02 02:06:05,350 [D] ┌:F:n:WD_2:mug.c:3	(at logger.py:129) 
2019-03-02 02:06:05,350 [D] └:F:n:WD_2:mug.c:2	(at logger.py:129) 
2019-03-02 02:06:05,362 [D] ┌:F:n:WD_3:mug.c:3	(at logger.py:129) 
2019-03-02 02:06:05,362 [D] |:F:n:WD_3:mug.c:2	(at logger.py:129) 
2019-03-02 02:06:05,362 [D] └:F:n:WD_3:mug.c:1	(at logger.py:129) 
2019-03-02 02:06:05,404 [D] -:P:n:WD_1:mug.c:2	(at logger.py:129) 
2019-03-02 02:06:05,442 [D] -:P:c:WD_1:mug.c:1	(at logger.py:129) 
2019-03-02 02:06:05,442 [D] comp_cached_cnt:0	(at logger.py:134) 
2019-03-02 02:06:05,442 [D] compile_cnt:163	(at logger.py:134) 
2019-03-02 02:06:05,442 [D] execute_cnt:28	(at logger.py:134) 
2019-03-02 02:06:05,442 [D] fail_del_cnt:28	(at logger.py:134) 
2019-03-02 02:06:05,442 [D] iter_idx:1	(at logger.py:134) 
2019-03-02 02:06:05,442 [D] reuse_cnt:13	(at logger.py:134) 
2019-03-02 02:06:05,442 [D] succ_del_cnt:13	(at logger.py:134) 
2019-03-02 02:06:05,442 [D] time:5.094921588897705	(at logger.py:134) 
2019-03-02 02:06:05,442 [D] deletion:13	(at logger.py:136) 
