2019-03-02 02:06:09,668 [I] 	(at main.py:29) 
2019-03-02 02:06:09,669 [I] ===== START - RUN ==============================================	(at main.py:32) 
2019-03-02 02:06:09,669 [D] Title: RUN, Job key: RUN_2019-03-02_02:06:09	(at main.py:40) 
2019-03-02 02:06:09,669 [I] Load config file.	(at main.py:56) 
2019-03-02 02:06:09,669 [D] Loading config from ['/home/bohrok/Documents/DM/output/orbs/mug/13/config/config.ini']	(at config.py:16) 
2019-03-02 02:06:09,669 [D] Load config successfully!	(at config.py:19) 
2019-03-02 02:06:09,669 [D] Initialize directory: .	(at workspace.py:10) 
2019-03-02 02:06:09,669 [I] Initialize workspace.	(at main.py:64) 
2019-03-02 02:06:09,669 [I] Working directory path: /home/bohrok/Documents/DM/output/orbs/mug/13/work	(at workspace.py:41) 
2019-03-02 02:06:09,671 [D] Record the config on workspace.	(at workspace.py:62) 
2019-03-02 02:06:09,671 [I] No PRE stage.	(at main.py:73) 
2019-03-02 02:06:09,671 [I] Construct SliceSpace.	(at main.py:76) 
2019-03-02 02:06:09,671 [I] Compile the system.	(at slicespace.py:148) 
2019-03-02 02:06:09,708 [I] Execute the system.	(at slicespace.py:160) 
2019-03-02 02:06:09,718 [I] Compile the system again (sanity check).	(at slicespace.py:174) 
2019-03-02 02:06:09,754 [I] Execute the system again (sanity check).	(at slicespace.py:188) 
2019-03-02 02:06:09,765 [I] Construct deletion operators.	(at main.py:80) 
2019-03-02 02:06:09,765 [I] Run ORBS stage.	(at main.py:85) 
2019-03-02 02:06:09,766 [I] ORBS starts...	(at orbs.py:53) 
2019-03-02 02:06:09,781 [D] subprocess cmd: ['source compile.sh /home/bohrok/Documents/DM/output/orbs/mug/13/work'], stdout: b''	(at ex_script.py:45) 
2019-03-02 02:06:09,781 [D] -:F:n:WD_1:mug.c:63	(at logger.py:129) 
2019-03-02 02:06:09,797 [D] subprocess cmd: ['source compile.sh /home/bohrok/Documents/DM/output/orbs/mug/13/work'], stdout: b''	(at ex_script.py:45) 
2019-03-02 02:06:09,797 [D] ┌:F:n:WD_2:mug.c:63	(at logger.py:129) 
2019-03-02 02:06:09,797 [D] └:F:n:WD_2:mug.c:62	(at logger.py:129) 
2019-03-02 02:06:09,811 [D] subprocess cmd: ['source compile.sh /home/bohrok/Documents/DM/output/orbs/mug/13/work'], stdout: b''	(at ex_script.py:45) 
2019-03-02 02:06:09,812 [D] ┌:F:n:WD_3:mug.c:63	(at logger.py:129) 
2019-03-02 02:06:09,812 [D] |:F:n:WD_3:mug.c:62	(at logger.py:129) 
2019-03-02 02:06:09,812 [D] └:F:n:WD_3:mug.c:61	(at logger.py:129) 
2019-03-02 02:06:09,860 [D] -:P:n:WD_1:mug.c:62	(at logger.py:129) 
2019-03-02 02:06:09,876 [D] subprocess cmd: ['source compile.sh /home/bohrok/Documents/DM/output/orbs/mug/13/work'], stdout: b''	(at ex_script.py:45) 
2019-03-02 02:06:09,876 [D] -:F:n:WD_1:mug.c:61	(at logger.py:129) 
2019-03-02 02:06:09,892 [D] subprocess cmd: ['source compile.sh /home/bohrok/Documents/DM/output/orbs/mug/13/work'], stdout: b''	(at ex_script.py:45) 
2019-03-02 02:06:09,893 [D] ┌:F:n:WD_2:mug.c:61	(at logger.py:129) 
2019-03-02 02:06:09,893 [D] └:F:n:WD_2:mug.c:60	(at logger.py:129) 
2019-03-02 02:06:09,930 [D] subprocess cmd: ['source compile.sh /home/bohrok/Documents/DM/output/orbs/mug/13/work'], stdout: b''	(at ex_script.py:45) 
2019-03-02 02:06:09,930 [D] ┌:F:n:WD_3:mug.c:61	(at logger.py:129) 
2019-03-02 02:06:09,930 [D] |:F:n:WD_3:mug.c:60	(at logger.py:129) 
2019-03-02 02:06:09,930 [D] └:F:n:WD_3:mug.c:59	(at logger.py:129) 
2019-03-02 02:06:09,946 [D] subprocess cmd: ['source compile.sh /home/bohrok/Documents/DM/output/orbs/mug/13/work'], stdout: b''	(at ex_script.py:45) 
2019-03-02 02:06:09,946 [D] -:F:n:WD_1:mug.c:60	(at logger.py:129) 
2019-03-02 02:06:09,963 [D] subprocess cmd: ['source compile.sh /home/bohrok/Documents/DM/output/orbs/mug/13/work'], stdout: b''	(at ex_script.py:45) 
2019-03-02 02:06:09,963 [D] ┌:F:n:WD_2:mug.c:60	(at logger.py:129) 
2019-03-02 02:06:09,963 [D] └:F:n:WD_2:mug.c:59	(at logger.py:129) 
2019-03-02 02:06:09,978 [D] subprocess cmd: ['source compile.sh /home/bohrok/Documents/DM/output/orbs/mug/13/work'], stdout: b''	(at ex_script.py:45) 
2019-03-02 02:06:09,978 [D] ┌:F:n:WD_3:mug.c:60	(at logger.py:129) 
2019-03-02 02:06:09,978 [D] |:F:n:WD_3:mug.c:59	(at logger.py:129) 
2019-03-02 02:06:09,978 [D] └:F:n:WD_3:mug.c:58	(at logger.py:129) 
2019-03-02 02:06:09,994 [D] subprocess cmd: ['source compile.sh /home/bohrok/Documents/DM/output/orbs/mug/13/work'], stdout: b''	(at ex_script.py:45) 
2019-03-02 02:06:09,995 [D] -:F:n:WD_1:mug.c:59	(at logger.py:129) 
2019-03-02 02:06:10,011 [D] subprocess cmd: ['source compile.sh /home/bohrok/Documents/DM/output/orbs/mug/13/work'], stdout: b''	(at ex_script.py:45) 
2019-03-02 02:06:10,011 [D] ┌:F:n:WD_2:mug.c:59	(at logger.py:129) 
2019-03-02 02:06:10,011 [D] └:F:n:WD_2:mug.c:58	(at logger.py:129) 
2019-03-02 02:06:10,028 [D] subprocess cmd: ['source compile.sh /home/bohrok/Documents/DM/output/orbs/mug/13/work'], stdout: b''	(at ex_script.py:45) 
2019-03-02 02:06:10,028 [D] ┌:F:n:WD_3:mug.c:59	(at logger.py:129) 
2019-03-02 02:06:10,028 [D] |:F:n:WD_3:mug.c:58	(at logger.py:129) 
2019-03-02 02:06:10,028 [D] └:F:n:WD_3:mug.c:57	(at logger.py:129) 
2019-03-02 02:06:10,077 [D] -:P:n:WD_1:mug.c:58	(at logger.py:129) 
2019-03-02 02:06:10,094 [D] subprocess cmd: ['source compile.sh /home/bohrok/Documents/DM/output/orbs/mug/13/work'], stdout: b''	(at ex_script.py:45) 
2019-03-02 02:06:10,094 [D] -:F:n:WD_1:mug.c:57	(at logger.py:129) 
2019-03-02 02:06:10,110 [D] subprocess cmd: ['source compile.sh /home/bohrok/Documents/DM/output/orbs/mug/13/work'], stdout: b''	(at ex_script.py:45) 
2019-03-02 02:06:10,111 [D] ┌:F:n:WD_2:mug.c:57	(at logger.py:129) 
2019-03-02 02:06:10,111 [D] └:F:n:WD_2:mug.c:56	(at logger.py:129) 
2019-03-02 02:06:10,149 [D] subprocess cmd: ['source compile.sh /home/bohrok/Documents/DM/output/orbs/mug/13/work'], stdout: b''	(at ex_script.py:45) 
2019-03-02 02:06:10,150 [D] ┌:F:n:WD_3:mug.c:57	(at logger.py:129) 
2019-03-02 02:06:10,150 [D] |:F:n:WD_3:mug.c:56	(at logger.py:129) 
2019-03-02 02:06:10,150 [D] └:F:n:WD_3:mug.c:55	(at logger.py:129) 
2019-03-02 02:06:10,165 [D] subprocess cmd: ['source compile.sh /home/bohrok/Documents/DM/output/orbs/mug/13/work'], stdout: b''	(at ex_script.py:45) 
2019-03-02 02:06:10,165 [D] -:F:n:WD_1:mug.c:56	(at logger.py:129) 
2019-03-02 02:06:10,180 [D] subprocess cmd: ['source compile.sh /home/bohrok/Documents/DM/output/orbs/mug/13/work'], stdout: b''	(at ex_script.py:45) 
2019-03-02 02:06:10,180 [D] ┌:F:n:WD_2:mug.c:56	(at logger.py:129) 
2019-03-02 02:06:10,180 [D] └:F:n:WD_2:mug.c:55	(at logger.py:129) 
2019-03-02 02:06:10,196 [D] subprocess cmd: ['source compile.sh /home/bohrok/Documents/DM/output/orbs/mug/13/work'], stdout: b''	(at ex_script.py:45) 
2019-03-02 02:06:10,196 [D] ┌:F:n:WD_3:mug.c:56	(at logger.py:129) 
2019-03-02 02:06:10,196 [D] |:F:n:WD_3:mug.c:55	(at logger.py:129) 
2019-03-02 02:06:10,196 [D] └:F:n:WD_3:mug.c:54	(at logger.py:129) 
2019-03-02 02:06:10,212 [D] subprocess cmd: ['source compile.sh /home/bohrok/Documents/DM/output/orbs/mug/13/work'], stdout: b''	(at ex_script.py:45) 
2019-03-02 02:06:10,212 [D] -:F:n:WD_1:mug.c:55	(at logger.py:129) 
2019-03-02 02:06:10,228 [D] subprocess cmd: ['source compile.sh /home/bohrok/Documents/DM/output/orbs/mug/13/work'], stdout: b''	(at ex_script.py:45) 
2019-03-02 02:06:10,228 [D] ┌:F:n:WD_2:mug.c:55	(at logger.py:129) 
2019-03-02 02:06:10,228 [D] └:F:n:WD_2:mug.c:54	(at logger.py:129) 
2019-03-02 02:06:10,245 [D] subprocess cmd: ['source compile.sh /home/bohrok/Documents/DM/output/orbs/mug/13/work'], stdout: b''	(at ex_script.py:45) 
2019-03-02 02:06:10,245 [D] ┌:F:n:WD_3:mug.c:55	(at logger.py:129) 
2019-03-02 02:06:10,245 [D] |:F:n:WD_3:mug.c:54	(at logger.py:129) 
2019-03-02 02:06:10,245 [D] └:F:n:WD_3:mug.c:53	(at logger.py:129) 
2019-03-02 02:06:10,495 [D] subprocess cmd: ['source execute.sh /home/bohrok/Documents/DM/output/orbs/mug/13/work'], stdout: b'execute.sh: line 9:  5932 Killed                  timeout --signal=KILL 0.1 ./mug.exe 4 -4 0 > ./outputs/output0\nexecute.sh: line 15:  5934 Killed                  timeout --signal=KILL 0.1 ./mug.exe 4 4 0 > ./outputs/output1\n'	(at ex_script.py:45) 
2019-03-02 02:06:10,495 [D] -:C:n:WD_1:mug.c:54	(at logger.py:129) 
2019-03-02 02:06:10,772 [D] subprocess cmd: ['source execute.sh /home/bohrok/Documents/DM/output/orbs/mug/13/work'], stdout: b'execute.sh: line 9:  5948 Killed                  timeout --signal=KILL 0.1 ./mug.exe 4 -4 0 > ./outputs/output0\nexecute.sh: line 15:  5950 Killed                  timeout --signal=KILL 0.1 ./mug.exe 4 4 0 > ./outputs/output1\n'	(at ex_script.py:45) 
2019-03-02 02:06:10,772 [D] ┌:C:n:WD_2:mug.c:54	(at logger.py:129) 
2019-03-02 02:06:10,772 [D] └:C:n:WD_2:mug.c:53	(at logger.py:129) 
2019-03-02 02:06:10,809 [D] ┌:C:c:WD_3:mug.c:54	(at logger.py:129) 
2019-03-02 02:06:10,809 [D] |:C:c:WD_3:mug.c:53	(at logger.py:129) 
2019-03-02 02:06:10,809 [D] └:C:c:WD_3:mug.c:52	(at logger.py:129) 
2019-03-02 02:06:10,855 [D] subprocess cmd: ['source execute.sh /home/bohrok/Documents/DM/output/orbs/mug/13/work'], stdout: b''	(at ex_script.py:45) 
2019-03-02 02:06:10,856 [D] -:C:n:WD_1:mug.c:53	(at logger.py:129) 
2019-03-02 02:06:10,897 [D] ┌:C:c:WD_2:mug.c:53	(at logger.py:129) 
2019-03-02 02:06:10,897 [D] └:C:c:WD_2:mug.c:52	(at logger.py:129) 
2019-03-02 02:06:10,911 [D] subprocess cmd: ['source compile.sh /home/bohrok/Documents/DM/output/orbs/mug/13/work'], stdout: b''	(at ex_script.py:45) 
2019-03-02 02:06:10,911 [D] ┌:F:n:WD_3:mug.c:53	(at logger.py:129) 
2019-03-02 02:06:10,911 [D] |:F:n:WD_3:mug.c:52	(at logger.py:129) 
2019-03-02 02:06:10,911 [D] └:F:n:WD_3:mug.c:51	(at logger.py:129) 
2019-03-02 02:06:10,947 [D] -:P:c:WD_1:mug.c:52	(at logger.py:129) 
2019-03-02 02:06:10,962 [D] subprocess cmd: ['source compile.sh /home/bohrok/Documents/DM/output/orbs/mug/13/work'], stdout: b''	(at ex_script.py:45) 
2019-03-02 02:06:10,962 [D] -:F:n:WD_1:mug.c:51	(at logger.py:129) 
2019-03-02 02:06:10,977 [D] subprocess cmd: ['source compile.sh /home/bohrok/Documents/DM/output/orbs/mug/13/work'], stdout: b''	(at ex_script.py:45) 
2019-03-02 02:06:10,977 [D] ┌:F:n:WD_2:mug.c:51	(at logger.py:129) 
2019-03-02 02:06:10,978 [D] └:F:n:WD_2:mug.c:50	(at logger.py:129) 
2019-03-02 02:06:11,015 [D] subprocess cmd: ['source compile.sh /home/bohrok/Documents/DM/output/orbs/mug/13/work'], stdout: b''	(at ex_script.py:45) 
2019-03-02 02:06:11,015 [D] ┌:F:n:WD_3:mug.c:51	(at logger.py:129) 
2019-03-02 02:06:11,015 [D] |:F:n:WD_3:mug.c:50	(at logger.py:129) 
2019-03-02 02:06:11,015 [D] └:F:n:WD_3:mug.c:49	(at logger.py:129) 
2019-03-02 02:06:11,032 [D] subprocess cmd: ['source compile.sh /home/bohrok/Documents/DM/output/orbs/mug/13/work'], stdout: b''	(at ex_script.py:45) 
2019-03-02 02:06:11,032 [D] -:F:n:WD_1:mug.c:50	(at logger.py:129) 
2019-03-02 02:06:11,050 [D] subprocess cmd: ['source compile.sh /home/bohrok/Documents/DM/output/orbs/mug/13/work'], stdout: b''	(at ex_script.py:45) 
2019-03-02 02:06:11,051 [D] ┌:F:n:WD_2:mug.c:50	(at logger.py:129) 
2019-03-02 02:06:11,051 [D] └:F:n:WD_2:mug.c:49	(at logger.py:129) 
2019-03-02 02:06:11,068 [D] subprocess cmd: ['source compile.sh /home/bohrok/Documents/DM/output/orbs/mug/13/work'], stdout: b''	(at ex_script.py:45) 
2019-03-02 02:06:11,068 [D] ┌:F:n:WD_3:mug.c:50	(at logger.py:129) 
2019-03-02 02:06:11,068 [D] |:F:n:WD_3:mug.c:49	(at logger.py:129) 
2019-03-02 02:06:11,068 [D] └:F:n:WD_3:mug.c:48	(at logger.py:129) 
2019-03-02 02:06:11,086 [D] subprocess cmd: ['source compile.sh /home/bohrok/Documents/DM/output/orbs/mug/13/work'], stdout: b''	(at ex_script.py:45) 
2019-03-02 02:06:11,087 [D] -:F:n:WD_1:mug.c:49	(at logger.py:129) 
2019-03-02 02:06:11,102 [D] subprocess cmd: ['source compile.sh /home/bohrok/Documents/DM/output/orbs/mug/13/work'], stdout: b''	(at ex_script.py:45) 
2019-03-02 02:06:11,102 [D] ┌:F:n:WD_2:mug.c:49	(at logger.py:129) 
2019-03-02 02:06:11,102 [D] └:F:n:WD_2:mug.c:48	(at logger.py:129) 
2019-03-02 02:06:11,119 [D] subprocess cmd: ['source compile.sh /home/bohrok/Documents/DM/output/orbs/mug/13/work'], stdout: b''	(at ex_script.py:45) 
2019-03-02 02:06:11,119 [D] ┌:F:n:WD_3:mug.c:49	(at logger.py:129) 
2019-03-02 02:06:11,119 [D] |:F:n:WD_3:mug.c:48	(at logger.py:129) 
2019-03-02 02:06:11,119 [D] └:F:n:WD_3:mug.c:47	(at logger.py:129) 
2019-03-02 02:06:11,134 [D] subprocess cmd: ['source compile.sh /home/bohrok/Documents/DM/output/orbs/mug/13/work'], stdout: b''	(at ex_script.py:45) 
2019-03-02 02:06:11,135 [D] -:F:n:WD_1:mug.c:48	(at logger.py:129) 
2019-03-02 02:06:11,150 [D] subprocess cmd: ['source compile.sh /home/bohrok/Documents/DM/output/orbs/mug/13/work'], stdout: b''	(at ex_script.py:45) 
2019-03-02 02:06:11,150 [D] ┌:F:n:WD_2:mug.c:48	(at logger.py:129) 
2019-03-02 02:06:11,150 [D] └:F:n:WD_2:mug.c:47	(at logger.py:129) 
2019-03-02 02:06:11,165 [D] subprocess cmd: ['source compile.sh /home/bohrok/Documents/DM/output/orbs/mug/13/work'], stdout: b''	(at ex_script.py:45) 
2019-03-02 02:06:11,165 [D] ┌:F:n:WD_3:mug.c:48	(at logger.py:129) 
2019-03-02 02:06:11,166 [D] |:F:n:WD_3:mug.c:47	(at logger.py:129) 
2019-03-02 02:06:11,166 [D] └:F:n:WD_3:mug.c:46	(at logger.py:129) 
2019-03-02 02:06:11,212 [D] -:P:n:WD_1:mug.c:47	(at logger.py:129) 
2019-03-02 02:06:11,228 [D] subprocess cmd: ['source compile.sh /home/bohrok/Documents/DM/output/orbs/mug/13/work'], stdout: b''	(at ex_script.py:45) 
2019-03-02 02:06:11,228 [D] -:F:n:WD_1:mug.c:46	(at logger.py:129) 
2019-03-02 02:06:11,244 [D] subprocess cmd: ['source compile.sh /home/bohrok/Documents/DM/output/orbs/mug/13/work'], stdout: b''	(at ex_script.py:45) 
2019-03-02 02:06:11,244 [D] ┌:F:n:WD_2:mug.c:46	(at logger.py:129) 
2019-03-02 02:06:11,244 [D] └:F:n:WD_2:mug.c:45	(at logger.py:129) 
2019-03-02 02:06:11,281 [D] ┌:P:c:WD_3:mug.c:46	(at logger.py:129) 
2019-03-02 02:06:11,281 [D] |:P:c:WD_3:mug.c:45	(at logger.py:129) 
2019-03-02 02:06:11,281 [D] └:P:c:WD_3:mug.c:44	(at logger.py:129) 
2019-03-02 02:06:11,281 [D]  : : :pass:mug.c:45	(at logger.py:129) 
2019-03-02 02:06:11,281 [D]  : : :pass:mug.c:44	(at logger.py:129) 
2019-03-02 02:06:11,325 [D] -:P:n:WD_1:mug.c:43	(at logger.py:129) 
2019-03-02 02:06:11,341 [D] subprocess cmd: ['source compile.sh /home/bohrok/Documents/DM/output/orbs/mug/13/work'], stdout: b''	(at ex_script.py:45) 
2019-03-02 02:06:11,341 [D] -:F:n:WD_1:mug.c:42	(at logger.py:129) 
2019-03-02 02:06:11,358 [D] subprocess cmd: ['source compile.sh /home/bohrok/Documents/DM/output/orbs/mug/13/work'], stdout: b''	(at ex_script.py:45) 
2019-03-02 02:06:11,358 [D] ┌:F:n:WD_2:mug.c:42	(at logger.py:129) 
2019-03-02 02:06:11,358 [D] └:F:n:WD_2:mug.c:41	(at logger.py:129) 
2019-03-02 02:06:11,375 [D] subprocess cmd: ['source compile.sh /home/bohrok/Documents/DM/output/orbs/mug/13/work'], stdout: b''	(at ex_script.py:45) 
2019-03-02 02:06:11,375 [D] ┌:F:n:WD_3:mug.c:42	(at logger.py:129) 
2019-03-02 02:06:11,375 [D] |:F:n:WD_3:mug.c:41	(at logger.py:129) 
2019-03-02 02:06:11,375 [D] └:F:n:WD_3:mug.c:40	(at logger.py:129) 
2019-03-02 02:06:11,412 [D] -:P:c:WD_1:mug.c:41	(at logger.py:129) 
2019-03-02 02:06:11,429 [D] subprocess cmd: ['source compile.sh /home/bohrok/Documents/DM/output/orbs/mug/13/work'], stdout: b''	(at ex_script.py:45) 
2019-03-02 02:06:11,429 [D] -:F:n:WD_1:mug.c:40	(at logger.py:129) 
2019-03-02 02:06:11,464 [D] subprocess cmd: ['source compile.sh /home/bohrok/Documents/DM/output/orbs/mug/13/work'], stdout: b''	(at ex_script.py:45) 
2019-03-02 02:06:11,465 [D] ┌:F:n:WD_2:mug.c:40	(at logger.py:129) 
2019-03-02 02:06:11,465 [D] └:F:n:WD_2:mug.c:39	(at logger.py:129) 
2019-03-02 02:06:11,518 [D] subprocess cmd: ['source compile.sh /home/bohrok/Documents/DM/output/orbs/mug/13/work'], stdout: b''	(at ex_script.py:45) 
2019-03-02 02:06:11,518 [D] ┌:F:n:WD_3:mug.c:40	(at logger.py:129) 
2019-03-02 02:06:11,519 [D] |:F:n:WD_3:mug.c:39	(at logger.py:129) 
2019-03-02 02:06:11,519 [D] └:F:n:WD_3:mug.c:38	(at logger.py:129) 
2019-03-02 02:06:11,534 [D] subprocess cmd: ['source compile.sh /home/bohrok/Documents/DM/output/orbs/mug/13/work'], stdout: b''	(at ex_script.py:45) 
2019-03-02 02:06:11,535 [D] -:F:n:WD_1:mug.c:39	(at logger.py:129) 
2019-03-02 02:06:11,550 [D] subprocess cmd: ['source compile.sh /home/bohrok/Documents/DM/output/orbs/mug/13/work'], stdout: b''	(at ex_script.py:45) 
2019-03-02 02:06:11,550 [D] ┌:F:n:WD_2:mug.c:39	(at logger.py:129) 
2019-03-02 02:06:11,550 [D] └:F:n:WD_2:mug.c:38	(at logger.py:129) 
2019-03-02 02:06:11,565 [D] subprocess cmd: ['source compile.sh /home/bohrok/Documents/DM/output/orbs/mug/13/work'], stdout: b''	(at ex_script.py:45) 
2019-03-02 02:06:11,565 [D] ┌:F:n:WD_3:mug.c:39	(at logger.py:129) 
2019-03-02 02:06:11,566 [D] |:F:n:WD_3:mug.c:38	(at logger.py:129) 
2019-03-02 02:06:11,566 [D] └:F:n:WD_3:mug.c:37	(at logger.py:129) 
2019-03-02 02:06:11,581 [D] subprocess cmd: ['source compile.sh /home/bohrok/Documents/DM/output/orbs/mug/13/work'], stdout: b''	(at ex_script.py:45) 
2019-03-02 02:06:11,581 [D] -:F:n:WD_1:mug.c:38	(at logger.py:129) 
2019-03-02 02:06:11,597 [D] subprocess cmd: ['source compile.sh /home/bohrok/Documents/DM/output/orbs/mug/13/work'], stdout: b''	(at ex_script.py:45) 
2019-03-02 02:06:11,598 [D] ┌:F:n:WD_2:mug.c:38	(at logger.py:129) 
2019-03-02 02:06:11,598 [D] └:F:n:WD_2:mug.c:37	(at logger.py:129) 
2019-03-02 02:06:11,613 [D] subprocess cmd: ['source compile.sh /home/bohrok/Documents/DM/output/orbs/mug/13/work'], stdout: b''	(at ex_script.py:45) 
2019-03-02 02:06:11,613 [D] ┌:F:n:WD_3:mug.c:38	(at logger.py:129) 
2019-03-02 02:06:11,614 [D] |:F:n:WD_3:mug.c:37	(at logger.py:129) 
2019-03-02 02:06:11,614 [D] └:F:n:WD_3:mug.c:36	(at logger.py:129) 
2019-03-02 02:06:11,630 [D] subprocess cmd: ['source compile.sh /home/bohrok/Documents/DM/output/orbs/mug/13/work'], stdout: b''	(at ex_script.py:45) 
2019-03-02 02:06:11,630 [D] -:F:n:WD_1:mug.c:37	(at logger.py:129) 
2019-03-02 02:06:11,645 [D] subprocess cmd: ['source compile.sh /home/bohrok/Documents/DM/output/orbs/mug/13/work'], stdout: b''	(at ex_script.py:45) 
2019-03-02 02:06:11,645 [D] ┌:F:n:WD_2:mug.c:37	(at logger.py:129) 
2019-03-02 02:06:11,646 [D] └:F:n:WD_2:mug.c:36	(at logger.py:129) 
2019-03-02 02:06:11,661 [D] subprocess cmd: ['source compile.sh /home/bohrok/Documents/DM/output/orbs/mug/13/work'], stdout: b''	(at ex_script.py:45) 
2019-03-02 02:06:11,661 [D] ┌:F:n:WD_3:mug.c:37	(at logger.py:129) 
2019-03-02 02:06:11,661 [D] |:F:n:WD_3:mug.c:36	(at logger.py:129) 
2019-03-02 02:06:11,661 [D] └:F:n:WD_3:mug.c:35	(at logger.py:129) 
2019-03-02 02:06:11,708 [D] -:C:n:WD_1:mug.c:36	(at logger.py:129) 
2019-03-02 02:06:11,724 [D] subprocess cmd: ['source compile.sh /home/bohrok/Documents/DM/output/orbs/mug/13/work'], stdout: b''	(at ex_script.py:45) 
2019-03-02 02:06:11,724 [D] ┌:F:n:WD_2:mug.c:36	(at logger.py:129) 
2019-03-02 02:06:11,724 [D] └:F:n:WD_2:mug.c:35	(at logger.py:129) 
2019-03-02 02:06:11,741 [D] subprocess cmd: ['source compile.sh /home/bohrok/Documents/DM/output/orbs/mug/13/work'], stdout: b''	(at ex_script.py:45) 
2019-03-02 02:06:11,741 [D] ┌:F:n:WD_3:mug.c:36	(at logger.py:129) 
2019-03-02 02:06:11,742 [D] |:F:n:WD_3:mug.c:35	(at logger.py:129) 
2019-03-02 02:06:11,742 [D] └:F:n:WD_3:mug.c:34	(at logger.py:129) 
2019-03-02 02:06:11,757 [D] subprocess cmd: ['source compile.sh /home/bohrok/Documents/DM/output/orbs/mug/13/work'], stdout: b''	(at ex_script.py:45) 
2019-03-02 02:06:11,758 [D] -:F:n:WD_1:mug.c:35	(at logger.py:129) 
2019-03-02 02:06:11,774 [D] subprocess cmd: ['source compile.sh /home/bohrok/Documents/DM/output/orbs/mug/13/work'], stdout: b''	(at ex_script.py:45) 
2019-03-02 02:06:11,774 [D] ┌:F:n:WD_2:mug.c:35	(at logger.py:129) 
2019-03-02 02:06:11,774 [D] └:F:n:WD_2:mug.c:34	(at logger.py:129) 
2019-03-02 02:06:11,813 [D] ┌:C:c:WD_3:mug.c:35	(at logger.py:129) 
2019-03-02 02:06:11,814 [D] |:C:c:WD_3:mug.c:34	(at logger.py:129) 
2019-03-02 02:06:11,814 [D] └:C:c:WD_3:mug.c:33	(at logger.py:129) 
2019-03-02 02:06:11,855 [D] -:P:c:WD_1:mug.c:34	(at logger.py:129) 
2019-03-02 02:06:11,871 [D] subprocess cmd: ['source compile.sh /home/bohrok/Documents/DM/output/orbs/mug/13/work'], stdout: b''	(at ex_script.py:45) 
2019-03-02 02:06:11,872 [D] -:F:n:WD_1:mug.c:33	(at logger.py:129) 
2019-03-02 02:06:11,888 [D] subprocess cmd: ['source compile.sh /home/bohrok/Documents/DM/output/orbs/mug/13/work'], stdout: b''	(at ex_script.py:45) 
2019-03-02 02:06:11,888 [D] ┌:F:n:WD_2:mug.c:33	(at logger.py:129) 
2019-03-02 02:06:11,888 [D] └:F:n:WD_2:mug.c:32	(at logger.py:129) 
2019-03-02 02:06:11,935 [D] ┌:C:n:WD_3:mug.c:33	(at logger.py:129) 
2019-03-02 02:06:11,935 [D] |:C:n:WD_3:mug.c:32	(at logger.py:129) 
2019-03-02 02:06:11,935 [D] └:C:n:WD_3:mug.c:31	(at logger.py:129) 
2019-03-02 02:06:11,979 [D] subprocess cmd: ['source execute.sh /home/bohrok/Documents/DM/output/orbs/mug/13/work'], stdout: b''	(at ex_script.py:45) 
2019-03-02 02:06:11,980 [D] -:C:n:WD_1:mug.c:32	(at logger.py:129) 
2019-03-02 02:06:11,995 [D] subprocess cmd: ['source compile.sh /home/bohrok/Documents/DM/output/orbs/mug/13/work'], stdout: b''	(at ex_script.py:45) 
2019-03-02 02:06:11,996 [D] ┌:F:n:WD_2:mug.c:32	(at logger.py:129) 
2019-03-02 02:06:11,996 [D] └:F:n:WD_2:mug.c:31	(at logger.py:129) 
2019-03-02 02:06:12,013 [D] subprocess cmd: ['source compile.sh /home/bohrok/Documents/DM/output/orbs/mug/13/work'], stdout: b''	(at ex_script.py:45) 
2019-03-02 02:06:12,013 [D] ┌:F:n:WD_3:mug.c:32	(at logger.py:129) 
2019-03-02 02:06:12,013 [D] |:F:n:WD_3:mug.c:31	(at logger.py:129) 
2019-03-02 02:06:12,013 [D] └:F:n:WD_3:mug.c:30	(at logger.py:129) 
2019-03-02 02:06:12,029 [D] subprocess cmd: ['source compile.sh /home/bohrok/Documents/DM/output/orbs/mug/13/work'], stdout: b''	(at ex_script.py:45) 
2019-03-02 02:06:12,029 [D] -:F:n:WD_1:mug.c:31	(at logger.py:129) 
2019-03-02 02:06:12,046 [D] subprocess cmd: ['source compile.sh /home/bohrok/Documents/DM/output/orbs/mug/13/work'], stdout: b''	(at ex_script.py:45) 
2019-03-02 02:06:12,046 [D] ┌:F:n:WD_2:mug.c:31	(at logger.py:129) 
2019-03-02 02:06:12,046 [D] └:F:n:WD_2:mug.c:30	(at logger.py:129) 
2019-03-02 02:06:12,064 [D] subprocess cmd: ['source compile.sh /home/bohrok/Documents/DM/output/orbs/mug/13/work'], stdout: b''	(at ex_script.py:45) 
2019-03-02 02:06:12,064 [D] ┌:F:n:WD_3:mug.c:31	(at logger.py:129) 
2019-03-02 02:06:12,064 [D] |:F:n:WD_3:mug.c:30	(at logger.py:129) 
2019-03-02 02:06:12,064 [D] └:F:n:WD_3:mug.c:29	(at logger.py:129) 
2019-03-02 02:06:12,415 [D] subprocess cmd: ['source execute.sh /home/bohrok/Documents/DM/output/orbs/mug/13/work'], stdout: b'execute.sh: line 9:  6292 Killed                  timeout --signal=KILL 0.1 ./mug.exe 4 -4 0 > ./outputs/output0\nexecute.sh: line 15:  6294 Killed                  timeout --signal=KILL 0.1 ./mug.exe 4 4 0 > ./outputs/output1\nexecute.sh: line 21:  6296 Killed                  timeout --signal=KILL 0.1 ./mug.exe -4 4 0 > ./outputs/output2\n'	(at ex_script.py:45) 
2019-03-02 02:06:12,416 [D] -:C:n:WD_1:mug.c:30	(at logger.py:129) 
2019-03-02 02:06:12,486 [D] subprocess cmd: ['source compile.sh /home/bohrok/Documents/DM/output/orbs/mug/13/work'], stdout: b''	(at ex_script.py:45) 
2019-03-02 02:06:12,486 [D] ┌:F:n:WD_2:mug.c:30	(at logger.py:129) 
2019-03-02 02:06:12,486 [D] └:F:n:WD_2:mug.c:29	(at logger.py:129) 
2019-03-02 02:06:12,502 [D] subprocess cmd: ['source compile.sh /home/bohrok/Documents/DM/output/orbs/mug/13/work'], stdout: b''	(at ex_script.py:45) 
2019-03-02 02:06:12,503 [D] ┌:F:n:WD_3:mug.c:30	(at logger.py:129) 
2019-03-02 02:06:12,503 [D] |:F:n:WD_3:mug.c:29	(at logger.py:129) 
2019-03-02 02:06:12,503 [D] └:F:n:WD_3:mug.c:28	(at logger.py:129) 
2019-03-02 02:06:12,518 [D] subprocess cmd: ['source compile.sh /home/bohrok/Documents/DM/output/orbs/mug/13/work'], stdout: b''	(at ex_script.py:45) 
2019-03-02 02:06:12,518 [D] -:F:n:WD_1:mug.c:29	(at logger.py:129) 
2019-03-02 02:06:12,537 [D] subprocess cmd: ['source compile.sh /home/bohrok/Documents/DM/output/orbs/mug/13/work'], stdout: b''	(at ex_script.py:45) 
2019-03-02 02:06:12,537 [D] ┌:F:n:WD_2:mug.c:29	(at logger.py:129) 
2019-03-02 02:06:12,537 [D] └:F:n:WD_2:mug.c:28	(at logger.py:129) 
2019-03-02 02:06:12,572 [D] subprocess cmd: ['source compile.sh /home/bohrok/Documents/DM/output/orbs/mug/13/work'], stdout: b''	(at ex_script.py:45) 
2019-03-02 02:06:12,572 [D] ┌:F:n:WD_3:mug.c:29	(at logger.py:129) 
2019-03-02 02:06:12,573 [D] |:F:n:WD_3:mug.c:28	(at logger.py:129) 
2019-03-02 02:06:12,573 [D] └:F:n:WD_3:mug.c:27	(at logger.py:129) 
2019-03-02 02:06:12,590 [D] subprocess cmd: ['source compile.sh /home/bohrok/Documents/DM/output/orbs/mug/13/work'], stdout: b''	(at ex_script.py:45) 
2019-03-02 02:06:12,590 [D] -:F:n:WD_1:mug.c:28	(at logger.py:129) 
2019-03-02 02:06:12,607 [D] subprocess cmd: ['source compile.sh /home/bohrok/Documents/DM/output/orbs/mug/13/work'], stdout: b''	(at ex_script.py:45) 
2019-03-02 02:06:12,607 [D] ┌:F:n:WD_2:mug.c:28	(at logger.py:129) 
2019-03-02 02:06:12,607 [D] └:F:n:WD_2:mug.c:27	(at logger.py:129) 
2019-03-02 02:06:12,624 [D] subprocess cmd: ['source compile.sh /home/bohrok/Documents/DM/output/orbs/mug/13/work'], stdout: b''	(at ex_script.py:45) 
2019-03-02 02:06:12,625 [D] ┌:F:n:WD_3:mug.c:28	(at logger.py:129) 
2019-03-02 02:06:12,625 [D] |:F:n:WD_3:mug.c:27	(at logger.py:129) 
2019-03-02 02:06:12,625 [D] └:F:n:WD_3:mug.c:26	(at logger.py:129) 
2019-03-02 02:06:12,642 [D] subprocess cmd: ['source compile.sh /home/bohrok/Documents/DM/output/orbs/mug/13/work'], stdout: b''	(at ex_script.py:45) 
2019-03-02 02:06:12,642 [D] -:F:n:WD_1:mug.c:27	(at logger.py:129) 
2019-03-02 02:06:12,659 [D] subprocess cmd: ['source compile.sh /home/bohrok/Documents/DM/output/orbs/mug/13/work'], stdout: b''	(at ex_script.py:45) 
2019-03-02 02:06:12,659 [D] ┌:F:n:WD_2:mug.c:27	(at logger.py:129) 
2019-03-02 02:06:12,660 [D] └:F:n:WD_2:mug.c:26	(at logger.py:129) 
2019-03-02 02:06:12,679 [D] subprocess cmd: ['source compile.sh /home/bohrok/Documents/DM/output/orbs/mug/13/work'], stdout: b''	(at ex_script.py:45) 
2019-03-02 02:06:12,680 [D] ┌:F:n:WD_3:mug.c:27	(at logger.py:129) 
2019-03-02 02:06:12,680 [D] |:F:n:WD_3:mug.c:26	(at logger.py:129) 
2019-03-02 02:06:12,680 [D] └:F:n:WD_3:mug.c:25	(at logger.py:129) 
2019-03-02 02:06:12,731 [D] -:P:n:WD_1:mug.c:26	(at logger.py:129) 
2019-03-02 02:06:12,749 [D] subprocess cmd: ['source compile.sh /home/bohrok/Documents/DM/output/orbs/mug/13/work'], stdout: b''	(at ex_script.py:45) 
2019-03-02 02:06:12,749 [D] -:F:n:WD_1:mug.c:25	(at logger.py:129) 
2019-03-02 02:06:12,765 [D] subprocess cmd: ['source compile.sh /home/bohrok/Documents/DM/output/orbs/mug/13/work'], stdout: b''	(at ex_script.py:45) 
2019-03-02 02:06:12,765 [D] ┌:F:n:WD_2:mug.c:25	(at logger.py:129) 
2019-03-02 02:06:12,765 [D] └:F:n:WD_2:mug.c:24	(at logger.py:129) 
2019-03-02 02:06:12,781 [D] subprocess cmd: ['source compile.sh /home/bohrok/Documents/DM/output/orbs/mug/13/work'], stdout: b''	(at ex_script.py:45) 
2019-03-02 02:06:12,781 [D] ┌:F:n:WD_3:mug.c:25	(at logger.py:129) 
2019-03-02 02:06:12,781 [D] |:F:n:WD_3:mug.c:24	(at logger.py:129) 
2019-03-02 02:06:12,781 [D] └:F:n:WD_3:mug.c:23	(at logger.py:129) 
2019-03-02 02:06:13,025 [D] subprocess cmd: ['source execute.sh /home/bohrok/Documents/DM/output/orbs/mug/13/work'], stdout: b'execute.sh: line 9:  6384 Killed                  timeout --signal=KILL 0.1 ./mug.exe 4 -4 0 > ./outputs/output0\nexecute.sh: line 15:  6386 Killed                  timeout --signal=KILL 0.1 ./mug.exe 4 4 0 > ./outputs/output1\n'	(at ex_script.py:45) 
2019-03-02 02:06:13,025 [D] -:C:n:WD_1:mug.c:24	(at logger.py:129) 
2019-03-02 02:06:13,041 [D] subprocess cmd: ['source compile.sh /home/bohrok/Documents/DM/output/orbs/mug/13/work'], stdout: b''	(at ex_script.py:45) 
2019-03-02 02:06:13,041 [D] ┌:F:n:WD_2:mug.c:24	(at logger.py:129) 
2019-03-02 02:06:13,041 [D] └:F:n:WD_2:mug.c:23	(at logger.py:129) 
2019-03-02 02:06:13,058 [D] subprocess cmd: ['source compile.sh /home/bohrok/Documents/DM/output/orbs/mug/13/work'], stdout: b''	(at ex_script.py:45) 
2019-03-02 02:06:13,059 [D] ┌:F:n:WD_3:mug.c:24	(at logger.py:129) 
2019-03-02 02:06:13,059 [D] |:F:n:WD_3:mug.c:23	(at logger.py:129) 
2019-03-02 02:06:13,059 [D] └:F:n:WD_3:mug.c:22	(at logger.py:129) 
2019-03-02 02:06:13,079 [D] subprocess cmd: ['source compile.sh /home/bohrok/Documents/DM/output/orbs/mug/13/work'], stdout: b''	(at ex_script.py:45) 
2019-03-02 02:06:13,080 [D] -:F:n:WD_1:mug.c:23	(at logger.py:129) 
2019-03-02 02:06:13,098 [D] subprocess cmd: ['source compile.sh /home/bohrok/Documents/DM/output/orbs/mug/13/work'], stdout: b''	(at ex_script.py:45) 
2019-03-02 02:06:13,099 [D] ┌:F:n:WD_2:mug.c:23	(at logger.py:129) 
2019-03-02 02:06:13,099 [D] └:F:n:WD_2:mug.c:22	(at logger.py:129) 
2019-03-02 02:06:13,114 [D] subprocess cmd: ['source compile.sh /home/bohrok/Documents/DM/output/orbs/mug/13/work'], stdout: b''	(at ex_script.py:45) 
2019-03-02 02:06:13,115 [D] ┌:F:n:WD_3:mug.c:23	(at logger.py:129) 
2019-03-02 02:06:13,115 [D] |:F:n:WD_3:mug.c:22	(at logger.py:129) 
2019-03-02 02:06:13,115 [D] └:F:n:WD_3:mug.c:21	(at logger.py:129) 
2019-03-02 02:06:13,160 [D] -:P:n:WD_1:mug.c:22	(at logger.py:129) 
2019-03-02 02:06:13,208 [D] -:P:n:WD_1:mug.c:21	(at logger.py:129) 
2019-03-02 02:06:13,225 [D] subprocess cmd: ['source compile.sh /home/bohrok/Documents/DM/output/orbs/mug/13/work'], stdout: b''	(at ex_script.py:45) 
2019-03-02 02:06:13,226 [D] -:F:n:WD_1:mug.c:20	(at logger.py:129) 
2019-03-02 02:06:13,244 [D] subprocess cmd: ['source compile.sh /home/bohrok/Documents/DM/output/orbs/mug/13/work'], stdout: b''	(at ex_script.py:45) 
2019-03-02 02:06:13,245 [D] ┌:F:n:WD_2:mug.c:20	(at logger.py:129) 
2019-03-02 02:06:13,245 [D] └:F:n:WD_2:mug.c:19	(at logger.py:129) 
2019-03-02 02:06:13,262 [D] subprocess cmd: ['source compile.sh /home/bohrok/Documents/DM/output/orbs/mug/13/work'], stdout: b''	(at ex_script.py:45) 
2019-03-02 02:06:13,262 [D] ┌:F:n:WD_3:mug.c:20	(at logger.py:129) 
2019-03-02 02:06:13,262 [D] |:F:n:WD_3:mug.c:19	(at logger.py:129) 
2019-03-02 02:06:13,262 [D] └:F:n:WD_3:mug.c:18	(at logger.py:129) 
2019-03-02 02:06:13,315 [D] -:P:n:WD_1:mug.c:19	(at logger.py:129) 
2019-03-02 02:06:13,330 [D] subprocess cmd: ['source compile.sh /home/bohrok/Documents/DM/output/orbs/mug/13/work'], stdout: b''	(at ex_script.py:45) 
2019-03-02 02:06:13,330 [D] -:F:n:WD_1:mug.c:18	(at logger.py:129) 
2019-03-02 02:06:13,346 [D] subprocess cmd: ['source compile.sh /home/bohrok/Documents/DM/output/orbs/mug/13/work'], stdout: b''	(at ex_script.py:45) 
2019-03-02 02:06:13,346 [D] ┌:F:n:WD_2:mug.c:18	(at logger.py:129) 
2019-03-02 02:06:13,346 [D] └:F:n:WD_2:mug.c:17	(at logger.py:129) 
2019-03-02 02:06:13,363 [D] subprocess cmd: ['source compile.sh /home/bohrok/Documents/DM/output/orbs/mug/13/work'], stdout: b''	(at ex_script.py:45) 
2019-03-02 02:06:13,363 [D] ┌:F:n:WD_3:mug.c:18	(at logger.py:129) 
2019-03-02 02:06:13,363 [D] |:F:n:WD_3:mug.c:17	(at logger.py:129) 
2019-03-02 02:06:13,363 [D] └:F:n:WD_3:mug.c:16	(at logger.py:129) 
2019-03-02 02:06:13,409 [D] -:C:n:WD_1:mug.c:17	(at logger.py:129) 
2019-03-02 02:06:13,455 [D] ┌:C:n:WD_2:mug.c:17	(at logger.py:129) 
2019-03-02 02:06:13,455 [D] └:C:n:WD_2:mug.c:16	(at logger.py:129) 
2019-03-02 02:06:13,499 [D] ┌:C:n:WD_3:mug.c:17	(at logger.py:129) 
2019-03-02 02:06:13,500 [D] |:C:n:WD_3:mug.c:16	(at logger.py:129) 
2019-03-02 02:06:13,500 [D] └:C:n:WD_3:mug.c:15	(at logger.py:129) 
2019-03-02 02:06:13,546 [D] -:P:n:WD_1:mug.c:16	(at logger.py:129) 
2019-03-02 02:06:13,595 [D] -:P:n:WD_1:mug.c:15	(at logger.py:129) 
2019-03-02 02:06:13,641 [D] subprocess cmd: ['source execute.sh /home/bohrok/Documents/DM/output/orbs/mug/13/work'], stdout: b''	(at ex_script.py:45) 
2019-03-02 02:06:13,641 [D] -:C:n:WD_1:mug.c:14	(at logger.py:129) 
2019-03-02 02:06:13,677 [D] ┌:C:c:WD_2:mug.c:14	(at logger.py:129) 
2019-03-02 02:06:13,678 [D] └:C:c:WD_2:mug.c:13	(at logger.py:129) 
2019-03-02 02:06:13,714 [D] ┌:C:c:WD_3:mug.c:14	(at logger.py:129) 
2019-03-02 02:06:13,714 [D] |:C:c:WD_3:mug.c:13	(at logger.py:129) 
2019-03-02 02:06:13,714 [D] └:C:c:WD_3:mug.c:12	(at logger.py:129) 
2019-03-02 02:06:13,752 [D] -:P:c:WD_1:mug.c:13	(at logger.py:129) 
2019-03-02 02:06:13,786 [D] -:P:c:WD_1:mug.c:12	(at logger.py:129) 
2019-03-02 02:06:13,801 [D] subprocess cmd: ['source compile.sh /home/bohrok/Documents/DM/output/orbs/mug/13/work'], stdout: b''	(at ex_script.py:45) 
2019-03-02 02:06:13,802 [D] -:F:n:WD_1:mug.c:11	(at logger.py:129) 
2019-03-02 02:06:13,816 [D] subprocess cmd: ['source compile.sh /home/bohrok/Documents/DM/output/orbs/mug/13/work'], stdout: b''	(at ex_script.py:45) 
2019-03-02 02:06:13,816 [D] ┌:F:n:WD_2:mug.c:11	(at logger.py:129) 
2019-03-02 02:06:13,816 [D] └:F:n:WD_2:mug.c:10	(at logger.py:129) 
2019-03-02 02:06:13,832 [D] subprocess cmd: ['source compile.sh /home/bohrok/Documents/DM/output/orbs/mug/13/work'], stdout: b''	(at ex_script.py:45) 
2019-03-02 02:06:13,832 [D] ┌:F:n:WD_3:mug.c:11	(at logger.py:129) 
2019-03-02 02:06:13,832 [D] |:F:n:WD_3:mug.c:10	(at logger.py:129) 
2019-03-02 02:06:13,832 [D] └:F:n:WD_3:mug.c:9	(at logger.py:129) 
2019-03-02 02:06:13,850 [D] subprocess cmd: ['source compile.sh /home/bohrok/Documents/DM/output/orbs/mug/13/work'], stdout: b''	(at ex_script.py:45) 
2019-03-02 02:06:13,850 [D] -:F:n:WD_1:mug.c:10	(at logger.py:129) 
2019-03-02 02:06:13,867 [D] subprocess cmd: ['source compile.sh /home/bohrok/Documents/DM/output/orbs/mug/13/work'], stdout: b''	(at ex_script.py:45) 
2019-03-02 02:06:13,867 [D] ┌:F:n:WD_2:mug.c:10	(at logger.py:129) 
2019-03-02 02:06:13,867 [D] └:F:n:WD_2:mug.c:9	(at logger.py:129) 
2019-03-02 02:06:13,882 [D] subprocess cmd: ['source compile.sh /home/bohrok/Documents/DM/output/orbs/mug/13/work'], stdout: b''	(at ex_script.py:45) 
2019-03-02 02:06:13,882 [D] ┌:F:n:WD_3:mug.c:10	(at logger.py:129) 
2019-03-02 02:06:13,883 [D] |:F:n:WD_3:mug.c:9	(at logger.py:129) 
2019-03-02 02:06:13,883 [D] └:F:n:WD_3:mug.c:8	(at logger.py:129) 
2019-03-02 02:06:13,899 [D] subprocess cmd: ['source compile.sh /home/bohrok/Documents/DM/output/orbs/mug/13/work'], stdout: b''	(at ex_script.py:45) 
2019-03-02 02:06:13,900 [D] -:F:n:WD_1:mug.c:9	(at logger.py:129) 
2019-03-02 02:06:13,915 [D] subprocess cmd: ['source compile.sh /home/bohrok/Documents/DM/output/orbs/mug/13/work'], stdout: b''	(at ex_script.py:45) 
2019-03-02 02:06:13,915 [D] ┌:F:n:WD_2:mug.c:9	(at logger.py:129) 
2019-03-02 02:06:13,916 [D] └:F:n:WD_2:mug.c:8	(at logger.py:129) 
2019-03-02 02:06:13,931 [D] subprocess cmd: ['source compile.sh /home/bohrok/Documents/DM/output/orbs/mug/13/work'], stdout: b''	(at ex_script.py:45) 
2019-03-02 02:06:13,931 [D] ┌:F:n:WD_3:mug.c:9	(at logger.py:129) 
2019-03-02 02:06:13,931 [D] |:F:n:WD_3:mug.c:8	(at logger.py:129) 
2019-03-02 02:06:13,931 [D] └:F:n:WD_3:mug.c:7	(at logger.py:129) 
2019-03-02 02:06:13,969 [D] -:P:c:WD_1:mug.c:8	(at logger.py:129) 
2019-03-02 02:06:14,006 [D] -:P:c:WD_1:mug.c:7	(at logger.py:129) 
2019-03-02 02:06:14,055 [D] -:P:n:WD_1:mug.c:6	(at logger.py:129) 
2019-03-02 02:06:14,093 [D] -:P:c:WD_1:mug.c:5	(at logger.py:129) 
2019-03-02 02:06:14,108 [D] subprocess cmd: ['source compile.sh /home/bohrok/Documents/DM/output/orbs/mug/13/work'], stdout: b''	(at ex_script.py:45) 
2019-03-02 02:06:14,108 [D] -:F:n:WD_1:mug.c:4	(at logger.py:129) 
2019-03-02 02:06:14,124 [D] subprocess cmd: ['source compile.sh /home/bohrok/Documents/DM/output/orbs/mug/13/work'], stdout: b''	(at ex_script.py:45) 
2019-03-02 02:06:14,124 [D] ┌:F:n:WD_2:mug.c:4	(at logger.py:129) 
2019-03-02 02:06:14,124 [D] └:F:n:WD_2:mug.c:3	(at logger.py:129) 
2019-03-02 02:06:14,138 [D] subprocess cmd: ['source compile.sh /home/bohrok/Documents/DM/output/orbs/mug/13/work'], stdout: b''	(at ex_script.py:45) 
2019-03-02 02:06:14,138 [D] ┌:F:n:WD_3:mug.c:4	(at logger.py:129) 
2019-03-02 02:06:14,138 [D] |:F:n:WD_3:mug.c:3	(at logger.py:129) 
2019-03-02 02:06:14,138 [D] └:F:n:WD_3:mug.c:2	(at logger.py:129) 
2019-03-02 02:06:14,154 [D] subprocess cmd: ['source compile.sh /home/bohrok/Documents/DM/output/orbs/mug/13/work'], stdout: b''	(at ex_script.py:45) 
2019-03-02 02:06:14,155 [D] -:F:n:WD_1:mug.c:3	(at logger.py:129) 
2019-03-02 02:06:14,168 [D] subprocess cmd: ['source compile.sh /home/bohrok/Documents/DM/output/orbs/mug/13/work'], stdout: b''	(at ex_script.py:45) 
2019-03-02 02:06:14,168 [D] ┌:F:n:WD_2:mug.c:3	(at logger.py:129) 
2019-03-02 02:06:14,168 [D] └:F:n:WD_2:mug.c:2	(at logger.py:129) 
2019-03-02 02:06:14,177 [D] subprocess cmd: ['source compile.sh /home/bohrok/Documents/DM/output/orbs/mug/13/work'], stdout: b''	(at ex_script.py:45) 
2019-03-02 02:06:14,178 [D] ┌:F:n:WD_3:mug.c:3	(at logger.py:129) 
2019-03-02 02:06:14,178 [D] |:F:n:WD_3:mug.c:2	(at logger.py:129) 
2019-03-02 02:06:14,178 [D] └:F:n:WD_3:mug.c:1	(at logger.py:129) 
2019-03-02 02:06:14,224 [D] -:P:n:WD_1:mug.c:2	(at logger.py:129) 
2019-03-02 02:06:14,255 [D] -:P:c:WD_1:mug.c:1	(at logger.py:129) 
2019-03-02 02:06:14,255 [D] comp_cached_cnt:0	(at logger.py:134) 
2019-03-02 02:06:14,255 [D] compile_cnt:141	(at logger.py:134) 
2019-03-02 02:06:14,255 [D] execute_cnt:24	(at logger.py:134) 
2019-03-02 02:06:14,255 [D] fail_del_cnt:17	(at logger.py:134) 
2019-03-02 02:06:14,255 [D] iter_idx:1	(at logger.py:134) 
2019-03-02 02:06:14,255 [D] reuse_cnt:15	(at logger.py:134) 
2019-03-02 02:06:14,255 [D] succ_del_cnt:22	(at logger.py:134) 
2019-03-02 02:06:14,255 [D] time:4.488978862762451	(at logger.py:134) 
2019-03-02 02:06:14,255 [D] deletion:24	(at logger.py:136) 
2019-03-02 02:06:14,256 [I] Iteration 1 finished	(at orbs.py:87) 
2019-03-02 02:06:14,267 [D] subprocess cmd: ['source compile.sh /home/bohrok/Documents/DM/output/orbs/mug/13/work'], stdout: b''	(at ex_script.py:45) 
2019-03-02 02:06:14,267 [D] -:F:n:WD_1:mug.c:63	(at logger.py:129) 
2019-03-02 02:06:14,277 [D] subprocess cmd: ['source compile.sh /home/bohrok/Documents/DM/output/orbs/mug/13/work'], stdout: b''	(at ex_script.py:45) 
2019-03-02 02:06:14,277 [D] ┌:F:n:WD_2:mug.c:63	(at logger.py:129) 
2019-03-02 02:06:14,277 [D] └:F:n:WD_2:mug.c:61	(at logger.py:129) 
2019-03-02 02:06:14,323 [D] ┌:P:n:WD_3:mug.c:63	(at logger.py:129) 
2019-03-02 02:06:14,323 [D] |:P:n:WD_3:mug.c:61	(at logger.py:129) 
2019-03-02 02:06:14,324 [D] └:P:n:WD_3:mug.c:60	(at logger.py:129) 
2019-03-02 02:06:14,324 [D]  : : :pass:mug.c:62	(at logger.py:129) 
2019-03-02 02:06:14,324 [D]  : : :pass:mug.c:61	(at logger.py:129) 
2019-03-02 02:06:14,324 [D]  : : :pass:mug.c:60	(at logger.py:129) 
2019-03-02 02:06:14,336 [D] subprocess cmd: ['source compile.sh /home/bohrok/Documents/DM/output/orbs/mug/13/work'], stdout: b''	(at ex_script.py:45) 
2019-03-02 02:06:14,336 [D] -:F:n:WD_1:mug.c:59	(at logger.py:129) 
2019-03-02 02:06:14,347 [D] subprocess cmd: ['source compile.sh /home/bohrok/Documents/DM/output/orbs/mug/13/work'], stdout: b''	(at ex_script.py:45) 
2019-03-02 02:06:14,347 [D] ┌:F:n:WD_2:mug.c:59	(at logger.py:129) 
2019-03-02 02:06:14,347 [D] └:F:n:WD_2:mug.c:57	(at logger.py:129) 
2019-03-02 02:06:14,391 [D] ┌:P:n:WD_3:mug.c:59	(at logger.py:129) 
2019-03-02 02:06:14,391 [D] |:P:n:WD_3:mug.c:57	(at logger.py:129) 
2019-03-02 02:06:14,391 [D] └:P:n:WD_3:mug.c:56	(at logger.py:129) 
2019-03-02 02:06:14,391 [D]  : : :pass:mug.c:58	(at logger.py:129) 
2019-03-02 02:06:14,391 [D]  : : :pass:mug.c:57	(at logger.py:129) 
2019-03-02 02:06:14,391 [D]  : : :pass:mug.c:56	(at logger.py:129) 
2019-03-02 02:06:14,402 [D] subprocess cmd: ['source compile.sh /home/bohrok/Documents/DM/output/orbs/mug/13/work'], stdout: b''	(at ex_script.py:45) 
2019-03-02 02:06:14,402 [D] -:F:n:WD_1:mug.c:55	(at logger.py:129) 
2019-03-02 02:06:14,414 [D] subprocess cmd: ['source compile.sh /home/bohrok/Documents/DM/output/orbs/mug/13/work'], stdout: b''	(at ex_script.py:45) 
2019-03-02 02:06:14,414 [D] ┌:F:n:WD_2:mug.c:55	(at logger.py:129) 
2019-03-02 02:06:14,414 [D] └:F:n:WD_2:mug.c:54	(at logger.py:129) 
2019-03-02 02:06:14,425 [D] subprocess cmd: ['source compile.sh /home/bohrok/Documents/DM/output/orbs/mug/13/work'], stdout: b''	(at ex_script.py:45) 
2019-03-02 02:06:14,425 [D] ┌:F:n:WD_3:mug.c:55	(at logger.py:129) 
2019-03-02 02:06:14,425 [D] |:F:n:WD_3:mug.c:54	(at logger.py:129) 
2019-03-02 02:06:14,425 [D] └:F:n:WD_3:mug.c:53	(at logger.py:129) 
2019-03-02 02:06:14,673 [D] subprocess cmd: ['source execute.sh /home/bohrok/Documents/DM/output/orbs/mug/13/work'], stdout: b'execute.sh: line 9:  6818 Killed                  timeout --signal=KILL 0.1 ./mug.exe 4 -4 0 > ./outputs/output0\nexecute.sh: line 15:  6820 Killed                  timeout --signal=KILL 0.1 ./mug.exe 4 4 0 > ./outputs/output1\n'	(at ex_script.py:45) 
2019-03-02 02:06:14,673 [D] -:C:n:WD_1:mug.c:54	(at logger.py:129) 
2019-03-02 02:06:14,740 [D] subprocess cmd: ['source execute.sh /home/bohrok/Documents/DM/output/orbs/mug/13/work'], stdout: b''	(at ex_script.py:45) 
2019-03-02 02:06:14,741 [D] ┌:C:n:WD_2:mug.c:54	(at logger.py:129) 
2019-03-02 02:06:14,741 [D] └:C:n:WD_2:mug.c:53	(at logger.py:129) 
2019-03-02 02:06:14,754 [D] subprocess cmd: ['source compile.sh /home/bohrok/Documents/DM/output/orbs/mug/13/work'], stdout: b''	(at ex_script.py:45) 
2019-03-02 02:06:14,754 [D] ┌:F:n:WD_3:mug.c:54	(at logger.py:129) 
2019-03-02 02:06:14,754 [D] |:F:n:WD_3:mug.c:53	(at logger.py:129) 
2019-03-02 02:06:14,754 [D] └:F:n:WD_3:mug.c:51	(at logger.py:129) 
2019-03-02 02:06:14,797 [D] subprocess cmd: ['source execute.sh /home/bohrok/Documents/DM/output/orbs/mug/13/work'], stdout: b''	(at ex_script.py:45) 
2019-03-02 02:06:14,797 [D] -:C:n:WD_1:mug.c:53	(at logger.py:129) 
2019-03-02 02:06:14,808 [D] subprocess cmd: ['source compile.sh /home/bohrok/Documents/DM/output/orbs/mug/13/work'], stdout: b''	(at ex_script.py:45) 
2019-03-02 02:06:14,808 [D] ┌:F:n:WD_2:mug.c:53	(at logger.py:129) 
2019-03-02 02:06:14,808 [D] └:F:n:WD_2:mug.c:51	(at logger.py:129) 
2019-03-02 02:06:14,822 [D] subprocess cmd: ['source compile.sh /home/bohrok/Documents/DM/output/orbs/mug/13/work'], stdout: b''	(at ex_script.py:45) 
2019-03-02 02:06:14,823 [D] ┌:F:n:WD_3:mug.c:53	(at logger.py:129) 
2019-03-02 02:06:14,823 [D] |:F:n:WD_3:mug.c:51	(at logger.py:129) 
2019-03-02 02:06:14,823 [D] └:F:n:WD_3:mug.c:50	(at logger.py:129) 
2019-03-02 02:06:14,823 [D]  : : :pass:mug.c:52	(at logger.py:129) 
2019-03-02 02:06:14,836 [D] subprocess cmd: ['source compile.sh /home/bohrok/Documents/DM/output/orbs/mug/13/work'], stdout: b''	(at ex_script.py:45) 
2019-03-02 02:06:14,836 [D] -:F:n:WD_1:mug.c:51	(at logger.py:129) 
2019-03-02 02:06:14,848 [D] subprocess cmd: ['source compile.sh /home/bohrok/Documents/DM/output/orbs/mug/13/work'], stdout: b''	(at ex_script.py:45) 
2019-03-02 02:06:14,848 [D] ┌:F:n:WD_2:mug.c:51	(at logger.py:129) 
2019-03-02 02:06:14,848 [D] └:F:n:WD_2:mug.c:50	(at logger.py:129) 
2019-03-02 02:06:14,884 [D] subprocess cmd: ['source compile.sh /home/bohrok/Documents/DM/output/orbs/mug/13/work'], stdout: b''	(at ex_script.py:45) 
2019-03-02 02:06:14,884 [D] ┌:F:n:WD_3:mug.c:51	(at logger.py:129) 
2019-03-02 02:06:14,884 [D] |:F:n:WD_3:mug.c:50	(at logger.py:129) 
2019-03-02 02:06:14,885 [D] └:F:n:WD_3:mug.c:49	(at logger.py:129) 
2019-03-02 02:06:14,894 [D] subprocess cmd: ['source compile.sh /home/bohrok/Documents/DM/output/orbs/mug/13/work'], stdout: b''	(at ex_script.py:45) 
2019-03-02 02:06:14,894 [D] -:F:n:WD_1:mug.c:50	(at logger.py:129) 
2019-03-02 02:06:14,907 [D] subprocess cmd: ['source compile.sh /home/bohrok/Documents/DM/output/orbs/mug/13/work'], stdout: b''	(at ex_script.py:45) 
2019-03-02 02:06:14,907 [D] ┌:F:n:WD_2:mug.c:50	(at logger.py:129) 
2019-03-02 02:06:14,907 [D] └:F:n:WD_2:mug.c:49	(at logger.py:129) 
2019-03-02 02:06:14,919 [D] subprocess cmd: ['source compile.sh /home/bohrok/Documents/DM/output/orbs/mug/13/work'], stdout: b''	(at ex_script.py:45) 
2019-03-02 02:06:14,920 [D] ┌:F:n:WD_3:mug.c:50	(at logger.py:129) 
2019-03-02 02:06:14,920 [D] |:F:n:WD_3:mug.c:49	(at logger.py:129) 
2019-03-02 02:06:14,920 [D] └:F:n:WD_3:mug.c:48	(at logger.py:129) 
2019-03-02 02:06:14,932 [D] subprocess cmd: ['source compile.sh /home/bohrok/Documents/DM/output/orbs/mug/13/work'], stdout: b''	(at ex_script.py:45) 
2019-03-02 02:06:14,932 [D] -:F:n:WD_1:mug.c:49	(at logger.py:129) 
2019-03-02 02:06:14,942 [D] subprocess cmd: ['source compile.sh /home/bohrok/Documents/DM/output/orbs/mug/13/work'], stdout: b''	(at ex_script.py:45) 
2019-03-02 02:06:14,942 [D] ┌:F:n:WD_2:mug.c:49	(at logger.py:129) 
2019-03-02 02:06:14,942 [D] └:F:n:WD_2:mug.c:48	(at logger.py:129) 
2019-03-02 02:06:14,955 [D] subprocess cmd: ['source compile.sh /home/bohrok/Documents/DM/output/orbs/mug/13/work'], stdout: b''	(at ex_script.py:45) 
2019-03-02 02:06:14,956 [D] ┌:F:n:WD_3:mug.c:49	(at logger.py:129) 
2019-03-02 02:06:14,956 [D] |:F:n:WD_3:mug.c:48	(at logger.py:129) 
2019-03-02 02:06:14,956 [D] └:F:n:WD_3:mug.c:42	(at logger.py:129) 
2019-03-02 02:06:14,968 [D] subprocess cmd: ['source compile.sh /home/bohrok/Documents/DM/output/orbs/mug/13/work'], stdout: b''	(at ex_script.py:45) 
2019-03-02 02:06:14,968 [D] -:F:n:WD_1:mug.c:48	(at logger.py:129) 
2019-03-02 02:06:15,003 [D] ┌:P:c:WD_2:mug.c:48	(at logger.py:129) 
2019-03-02 02:06:15,003 [D] └:P:c:WD_2:mug.c:42	(at logger.py:129) 
2019-03-02 02:06:15,003 [D]  : : :pass:mug.c:47	(at logger.py:129) 
2019-03-02 02:06:15,003 [D]  : : :pass:mug.c:46	(at logger.py:129) 
2019-03-02 02:06:15,003 [D]  : : :pass:mug.c:45	(at logger.py:129) 
2019-03-02 02:06:15,003 [D]  : : :pass:mug.c:44	(at logger.py:129) 
2019-03-02 02:06:15,003 [D]  : : :pass:mug.c:43	(at logger.py:129) 
2019-03-02 02:06:15,003 [D]  : : :pass:mug.c:42	(at logger.py:129) 
2019-03-02 02:06:15,004 [D]  : : :pass:mug.c:41	(at logger.py:129) 
2019-03-02 02:06:15,016 [D] subprocess cmd: ['source compile.sh /home/bohrok/Documents/DM/output/orbs/mug/13/work'], stdout: b''	(at ex_script.py:45) 
2019-03-02 02:06:15,016 [D] -:F:n:WD_1:mug.c:40	(at logger.py:129) 
2019-03-02 02:06:15,027 [D] subprocess cmd: ['source compile.sh /home/bohrok/Documents/DM/output/orbs/mug/13/work'], stdout: b''	(at ex_script.py:45) 
2019-03-02 02:06:15,027 [D] ┌:F:n:WD_2:mug.c:40	(at logger.py:129) 
2019-03-02 02:06:15,027 [D] └:F:n:WD_2:mug.c:39	(at logger.py:129) 
2019-03-02 02:06:15,076 [D] ┌:P:n:WD_3:mug.c:40	(at logger.py:129) 
2019-03-02 02:06:15,076 [D] |:P:n:WD_3:mug.c:39	(at logger.py:129) 
2019-03-02 02:06:15,077 [D] └:P:n:WD_3:mug.c:38	(at logger.py:129) 
2019-03-02 02:06:15,077 [D]  : : :pass:mug.c:39	(at logger.py:129) 
2019-03-02 02:06:15,077 [D]  : : :pass:mug.c:38	(at logger.py:129) 
2019-03-02 02:06:15,090 [D] subprocess cmd: ['source compile.sh /home/bohrok/Documents/DM/output/orbs/mug/13/work'], stdout: b''	(at ex_script.py:45) 
2019-03-02 02:06:15,090 [D] -:F:n:WD_1:mug.c:37	(at logger.py:129) 
2019-03-02 02:06:15,101 [D] subprocess cmd: ['source compile.sh /home/bohrok/Documents/DM/output/orbs/mug/13/work'], stdout: b''	(at ex_script.py:45) 
2019-03-02 02:06:15,102 [D] ┌:F:n:WD_2:mug.c:37	(at logger.py:129) 
2019-03-02 02:06:15,102 [D] └:F:n:WD_2:mug.c:36	(at logger.py:129) 
2019-03-02 02:06:15,142 [D] ┌:C:n:WD_3:mug.c:37	(at logger.py:129) 
2019-03-02 02:06:15,143 [D] |:C:n:WD_3:mug.c:36	(at logger.py:129) 
2019-03-02 02:06:15,143 [D] └:C:n:WD_3:mug.c:35	(at logger.py:129) 
2019-03-02 02:06:15,176 [D] -:C:c:WD_1:mug.c:36	(at logger.py:129) 
2019-03-02 02:06:15,188 [D] subprocess cmd: ['source compile.sh /home/bohrok/Documents/DM/output/orbs/mug/13/work'], stdout: b''	(at ex_script.py:45) 
2019-03-02 02:06:15,188 [D] ┌:F:n:WD_2:mug.c:36	(at logger.py:129) 
2019-03-02 02:06:15,188 [D] └:F:n:WD_2:mug.c:35	(at logger.py:129) 
2019-03-02 02:06:15,189 [D] ┌:C:c:WD_3:mug.c:36	(at logger.py:129) 
2019-03-02 02:06:15,189 [D] |:C:c:WD_3:mug.c:35	(at logger.py:129) 
2019-03-02 02:06:15,189 [D] └:C:c:WD_3:mug.c:33	(at logger.py:129) 
2019-03-02 02:06:15,199 [D] subprocess cmd: ['source compile.sh /home/bohrok/Documents/DM/output/orbs/mug/13/work'], stdout: b''	(at ex_script.py:45) 
2019-03-02 02:06:15,199 [D] -:F:n:WD_1:mug.c:35	(at logger.py:129) 
2019-03-02 02:06:15,231 [D] ┌:C:c:WD_2:mug.c:35	(at logger.py:129) 
2019-03-02 02:06:15,231 [D] └:C:c:WD_2:mug.c:33	(at logger.py:129) 
2019-03-02 02:06:15,277 [D] ┌:C:n:WD_3:mug.c:35	(at logger.py:129) 
2019-03-02 02:06:15,277 [D] |:C:n:WD_3:mug.c:33	(at logger.py:129) 
2019-03-02 02:06:15,277 [D] └:C:n:WD_3:mug.c:32	(at logger.py:129) 
2019-03-02 02:06:15,277 [D]  : : :pass:mug.c:34	(at logger.py:129) 
2019-03-02 02:06:15,290 [D] subprocess cmd: ['source compile.sh /home/bohrok/Documents/DM/output/orbs/mug/13/work'], stdout: b''	(at ex_script.py:45) 
2019-03-02 02:06:15,290 [D] -:F:n:WD_1:mug.c:33	(at logger.py:129) 
2019-03-02 02:06:15,302 [D] subprocess cmd: ['source compile.sh /home/bohrok/Documents/DM/output/orbs/mug/13/work'], stdout: b''	(at ex_script.py:45) 
2019-03-02 02:06:15,303 [D] ┌:F:n:WD_2:mug.c:33	(at logger.py:129) 
2019-03-02 02:06:15,303 [D] └:F:n:WD_2:mug.c:32	(at logger.py:129) 
2019-03-02 02:06:15,303 [D] ┌:C:c:WD_3:mug.c:33	(at logger.py:129) 
2019-03-02 02:06:15,303 [D] |:C:c:WD_3:mug.c:32	(at logger.py:129) 
2019-03-02 02:06:15,303 [D] └:C:c:WD_3:mug.c:31	(at logger.py:129) 
2019-03-02 02:06:15,345 [D] subprocess cmd: ['source execute.sh /home/bohrok/Documents/DM/output/orbs/mug/13/work'], stdout: b''	(at ex_script.py:45) 
2019-03-02 02:06:15,346 [D] -:C:n:WD_1:mug.c:32	(at logger.py:129) 
2019-03-02 02:06:15,357 [D] subprocess cmd: ['source compile.sh /home/bohrok/Documents/DM/output/orbs/mug/13/work'], stdout: b''	(at ex_script.py:45) 
2019-03-02 02:06:15,358 [D] ┌:F:n:WD_2:mug.c:32	(at logger.py:129) 
2019-03-02 02:06:15,358 [D] └:F:n:WD_2:mug.c:31	(at logger.py:129) 
2019-03-02 02:06:15,369 [D] subprocess cmd: ['source compile.sh /home/bohrok/Documents/DM/output/orbs/mug/13/work'], stdout: b''	(at ex_script.py:45) 
2019-03-02 02:06:15,370 [D] ┌:F:n:WD_3:mug.c:32	(at logger.py:129) 
2019-03-02 02:06:15,370 [D] |:F:n:WD_3:mug.c:31	(at logger.py:129) 
2019-03-02 02:06:15,370 [D] └:F:n:WD_3:mug.c:30	(at logger.py:129) 
2019-03-02 02:06:15,381 [D] subprocess cmd: ['source compile.sh /home/bohrok/Documents/DM/output/orbs/mug/13/work'], stdout: b''	(at ex_script.py:45) 
2019-03-02 02:06:15,382 [D] -:F:n:WD_1:mug.c:31	(at logger.py:129) 
2019-03-02 02:06:15,392 [D] subprocess cmd: ['source compile.sh /home/bohrok/Documents/DM/output/orbs/mug/13/work'], stdout: b''	(at ex_script.py:45) 
2019-03-02 02:06:15,393 [D] ┌:F:n:WD_2:mug.c:31	(at logger.py:129) 
2019-03-02 02:06:15,393 [D] └:F:n:WD_2:mug.c:30	(at logger.py:129) 
2019-03-02 02:06:15,404 [D] subprocess cmd: ['source compile.sh /home/bohrok/Documents/DM/output/orbs/mug/13/work'], stdout: b''	(at ex_script.py:45) 
2019-03-02 02:06:15,404 [D] ┌:F:n:WD_3:mug.c:31	(at logger.py:129) 
2019-03-02 02:06:15,404 [D] |:F:n:WD_3:mug.c:30	(at logger.py:129) 
2019-03-02 02:06:15,404 [D] └:F:n:WD_3:mug.c:29	(at logger.py:129) 
2019-03-02 02:06:15,799 [D] subprocess cmd: ['source execute.sh /home/bohrok/Documents/DM/output/orbs/mug/13/work'], stdout: b'execute.sh: line 9:  7068 Killed                  timeout --signal=KILL 0.1 ./mug.exe 4 -4 0 > ./outputs/output0\nexecute.sh: line 15:  7070 Killed                  timeout --signal=KILL 0.1 ./mug.exe 4 4 0 > ./outputs/output1\nexecute.sh: line 21:  7072 Killed                  timeout --signal=KILL 0.1 ./mug.exe -4 4 0 > ./outputs/output2\n'	(at ex_script.py:45) 
2019-03-02 02:06:15,800 [D] -:C:n:WD_1:mug.c:30	(at logger.py:129) 
2019-03-02 02:06:15,842 [D] subprocess cmd: ['source compile.sh /home/bohrok/Documents/DM/output/orbs/mug/13/work'], stdout: b''	(at ex_script.py:45) 
2019-03-02 02:06:15,842 [D] ┌:F:n:WD_2:mug.c:30	(at logger.py:129) 
2019-03-02 02:06:15,842 [D] └:F:n:WD_2:mug.c:29	(at logger.py:129) 
2019-03-02 02:06:15,854 [D] subprocess cmd: ['source compile.sh /home/bohrok/Documents/DM/output/orbs/mug/13/work'], stdout: b''	(at ex_script.py:45) 
2019-03-02 02:06:15,855 [D] ┌:F:n:WD_3:mug.c:30	(at logger.py:129) 
2019-03-02 02:06:15,855 [D] |:F:n:WD_3:mug.c:29	(at logger.py:129) 
2019-03-02 02:06:15,855 [D] └:F:n:WD_3:mug.c:28	(at logger.py:129) 
2019-03-02 02:06:15,870 [D] subprocess cmd: ['source compile.sh /home/bohrok/Documents/DM/output/orbs/mug/13/work'], stdout: b''	(at ex_script.py:45) 
2019-03-02 02:06:15,870 [D] -:F:n:WD_1:mug.c:29	(at logger.py:129) 
2019-03-02 02:06:15,884 [D] subprocess cmd: ['source compile.sh /home/bohrok/Documents/DM/output/orbs/mug/13/work'], stdout: b''	(at ex_script.py:45) 
2019-03-02 02:06:15,884 [D] ┌:F:n:WD_2:mug.c:29	(at logger.py:129) 
2019-03-02 02:06:15,885 [D] └:F:n:WD_2:mug.c:28	(at logger.py:129) 
2019-03-02 02:06:15,917 [D] subprocess cmd: ['source compile.sh /home/bohrok/Documents/DM/output/orbs/mug/13/work'], stdout: b''	(at ex_script.py:45) 
2019-03-02 02:06:15,917 [D] ┌:F:n:WD_3:mug.c:29	(at logger.py:129) 
2019-03-02 02:06:15,917 [D] |:F:n:WD_3:mug.c:28	(at logger.py:129) 
2019-03-02 02:06:15,917 [D] └:F:n:WD_3:mug.c:27	(at logger.py:129) 
2019-03-02 02:06:15,928 [D] subprocess cmd: ['source compile.sh /home/bohrok/Documents/DM/output/orbs/mug/13/work'], stdout: b''	(at ex_script.py:45) 
2019-03-02 02:06:15,928 [D] -:F:n:WD_1:mug.c:28	(at logger.py:129) 
2019-03-02 02:06:15,941 [D] subprocess cmd: ['source compile.sh /home/bohrok/Documents/DM/output/orbs/mug/13/work'], stdout: b''	(at ex_script.py:45) 
2019-03-02 02:06:15,941 [D] ┌:F:n:WD_2:mug.c:28	(at logger.py:129) 
2019-03-02 02:06:15,941 [D] └:F:n:WD_2:mug.c:27	(at logger.py:129) 
2019-03-02 02:06:15,953 [D] subprocess cmd: ['source compile.sh /home/bohrok/Documents/DM/output/orbs/mug/13/work'], stdout: b''	(at ex_script.py:45) 
2019-03-02 02:06:15,953 [D] ┌:F:n:WD_3:mug.c:28	(at logger.py:129) 
2019-03-02 02:06:15,953 [D] |:F:n:WD_3:mug.c:27	(at logger.py:129) 
2019-03-02 02:06:15,953 [D] └:F:n:WD_3:mug.c:25	(at logger.py:129) 
2019-03-02 02:06:15,965 [D] subprocess cmd: ['source compile.sh /home/bohrok/Documents/DM/output/orbs/mug/13/work'], stdout: b''	(at ex_script.py:45) 
2019-03-02 02:06:15,965 [D] -:F:n:WD_1:mug.c:27	(at logger.py:129) 
2019-03-02 02:06:15,977 [D] subprocess cmd: ['source compile.sh /home/bohrok/Documents/DM/output/orbs/mug/13/work'], stdout: b''	(at ex_script.py:45) 
2019-03-02 02:06:15,977 [D] ┌:F:n:WD_2:mug.c:27	(at logger.py:129) 
2019-03-02 02:06:15,977 [D] └:F:n:WD_2:mug.c:25	(at logger.py:129) 
2019-03-02 02:06:15,991 [D] subprocess cmd: ['source compile.sh /home/bohrok/Documents/DM/output/orbs/mug/13/work'], stdout: b''	(at ex_script.py:45) 
2019-03-02 02:06:15,991 [D] ┌:F:n:WD_3:mug.c:27	(at logger.py:129) 
2019-03-02 02:06:15,991 [D] |:F:n:WD_3:mug.c:25	(at logger.py:129) 
2019-03-02 02:06:15,992 [D] └:F:n:WD_3:mug.c:24	(at logger.py:129) 
2019-03-02 02:06:15,992 [D]  : : :pass:mug.c:26	(at logger.py:129) 
2019-03-02 02:06:16,004 [D] subprocess cmd: ['source compile.sh /home/bohrok/Documents/DM/output/orbs/mug/13/work'], stdout: b''	(at ex_script.py:45) 
2019-03-02 02:06:16,004 [D] -:F:n:WD_1:mug.c:25	(at logger.py:129) 
2019-03-02 02:06:16,016 [D] subprocess cmd: ['source compile.sh /home/bohrok/Documents/DM/output/orbs/mug/13/work'], stdout: b''	(at ex_script.py:45) 
2019-03-02 02:06:16,016 [D] ┌:F:n:WD_2:mug.c:25	(at logger.py:129) 
2019-03-02 02:06:16,016 [D] └:F:n:WD_2:mug.c:24	(at logger.py:129) 
2019-03-02 02:06:16,027 [D] subprocess cmd: ['source compile.sh /home/bohrok/Documents/DM/output/orbs/mug/13/work'], stdout: b''	(at ex_script.py:45) 
2019-03-02 02:06:16,027 [D] ┌:F:n:WD_3:mug.c:25	(at logger.py:129) 
2019-03-02 02:06:16,027 [D] |:F:n:WD_3:mug.c:24	(at logger.py:129) 
2019-03-02 02:06:16,027 [D] └:F:n:WD_3:mug.c:23	(at logger.py:129) 
2019-03-02 02:06:16,276 [D] subprocess cmd: ['source execute.sh /home/bohrok/Documents/DM/output/orbs/mug/13/work'], stdout: b'execute.sh: line 9:  7156 Killed                  timeout --signal=KILL 0.1 ./mug.exe 4 -4 0 > ./outputs/output0\nexecute.sh: line 15:  7158 Killed                  timeout --signal=KILL 0.1 ./mug.exe 4 4 0 > ./outputs/output1\n'	(at ex_script.py:45) 
2019-03-02 02:06:16,277 [D] -:C:n:WD_1:mug.c:24	(at logger.py:129) 
2019-03-02 02:06:16,288 [D] subprocess cmd: ['source compile.sh /home/bohrok/Documents/DM/output/orbs/mug/13/work'], stdout: b''	(at ex_script.py:45) 
2019-03-02 02:06:16,288 [D] ┌:F:n:WD_2:mug.c:24	(at logger.py:129) 
2019-03-02 02:06:16,288 [D] └:F:n:WD_2:mug.c:23	(at logger.py:129) 
2019-03-02 02:06:16,318 [D] ┌:C:c:WD_3:mug.c:24	(at logger.py:129) 
2019-03-02 02:06:16,318 [D] |:C:c:WD_3:mug.c:23	(at logger.py:129) 
2019-03-02 02:06:16,318 [D] └:C:c:WD_3:mug.c:20	(at logger.py:129) 
2019-03-02 02:06:16,327 [D] subprocess cmd: ['source compile.sh /home/bohrok/Documents/DM/output/orbs/mug/13/work'], stdout: b''	(at ex_script.py:45) 
2019-03-02 02:06:16,327 [D] -:F:n:WD_1:mug.c:23	(at logger.py:129) 
2019-03-02 02:06:16,359 [D] ┌:P:c:WD_2:mug.c:23	(at logger.py:129) 
2019-03-02 02:06:16,359 [D] └:P:c:WD_2:mug.c:20	(at logger.py:129) 
2019-03-02 02:06:16,359 [D]  : : :pass:mug.c:22	(at logger.py:129) 
2019-03-02 02:06:16,359 [D]  : : :pass:mug.c:21	(at logger.py:129) 
2019-03-02 02:06:16,359 [D]  : : :pass:mug.c:20	(at logger.py:129) 
2019-03-02 02:06:16,359 [D]  : : :pass:mug.c:19	(at logger.py:129) 
2019-03-02 02:06:16,370 [D] subprocess cmd: ['source compile.sh /home/bohrok/Documents/DM/output/orbs/mug/13/work'], stdout: b''	(at ex_script.py:45) 
2019-03-02 02:06:16,370 [D] -:F:n:WD_1:mug.c:18	(at logger.py:129) 
2019-03-02 02:06:16,380 [D] subprocess cmd: ['source compile.sh /home/bohrok/Documents/DM/output/orbs/mug/13/work'], stdout: b''	(at ex_script.py:45) 
2019-03-02 02:06:16,380 [D] ┌:F:n:WD_2:mug.c:18	(at logger.py:129) 
2019-03-02 02:06:16,380 [D] └:F:n:WD_2:mug.c:17	(at logger.py:129) 
2019-03-02 02:06:16,392 [D] subprocess cmd: ['source compile.sh /home/bohrok/Documents/DM/output/orbs/mug/13/work'], stdout: b''	(at ex_script.py:45) 
2019-03-02 02:06:16,392 [D] ┌:F:n:WD_3:mug.c:18	(at logger.py:129) 
2019-03-02 02:06:16,392 [D] |:F:n:WD_3:mug.c:17	(at logger.py:129) 
2019-03-02 02:06:16,392 [D] └:F:n:WD_3:mug.c:14	(at logger.py:129) 
2019-03-02 02:06:16,435 [D] -:C:n:WD_1:mug.c:17	(at logger.py:129) 
2019-03-02 02:06:16,482 [D] ┌:C:n:WD_2:mug.c:17	(at logger.py:129) 
2019-03-02 02:06:16,482 [D] └:C:n:WD_2:mug.c:14	(at logger.py:129) 
2019-03-02 02:06:16,524 [D] subprocess cmd: ['source compile.sh /home/bohrok/Documents/DM/output/orbs/mug/13/work'], stdout: b''	(at ex_script.py:45) 
2019-03-02 02:06:16,524 [D] ┌:F:n:WD_3:mug.c:17	(at logger.py:129) 
2019-03-02 02:06:16,525 [D] |:F:n:WD_3:mug.c:14	(at logger.py:129) 
2019-03-02 02:06:16,525 [D] └:F:n:WD_3:mug.c:11	(at logger.py:129) 
2019-03-02 02:06:16,525 [D]  : : :pass:mug.c:16	(at logger.py:129) 
2019-03-02 02:06:16,525 [D]  : : :pass:mug.c:15	(at logger.py:129) 
2019-03-02 02:06:16,576 [D] subprocess cmd: ['source execute.sh /home/bohrok/Documents/DM/output/orbs/mug/13/work'], stdout: b''	(at ex_script.py:45) 
2019-03-02 02:06:16,576 [D] -:C:n:WD_1:mug.c:14	(at logger.py:129) 
2019-03-02 02:06:16,588 [D] subprocess cmd: ['source compile.sh /home/bohrok/Documents/DM/output/orbs/mug/13/work'], stdout: b''	(at ex_script.py:45) 
2019-03-02 02:06:16,588 [D] ┌:F:n:WD_2:mug.c:14	(at logger.py:129) 
2019-03-02 02:06:16,588 [D] └:F:n:WD_2:mug.c:11	(at logger.py:129) 
2019-03-02 02:06:16,599 [D] subprocess cmd: ['source compile.sh /home/bohrok/Documents/DM/output/orbs/mug/13/work'], stdout: b''	(at ex_script.py:45) 
2019-03-02 02:06:16,599 [D] ┌:F:n:WD_3:mug.c:14	(at logger.py:129) 
2019-03-02 02:06:16,599 [D] |:F:n:WD_3:mug.c:11	(at logger.py:129) 
2019-03-02 02:06:16,600 [D] └:F:n:WD_3:mug.c:10	(at logger.py:129) 
2019-03-02 02:06:16,600 [D]  : : :pass:mug.c:13	(at logger.py:129) 
2019-03-02 02:06:16,600 [D]  : : :pass:mug.c:12	(at logger.py:129) 
2019-03-02 02:06:16,610 [D] subprocess cmd: ['source compile.sh /home/bohrok/Documents/DM/output/orbs/mug/13/work'], stdout: b''	(at ex_script.py:45) 
2019-03-02 02:06:16,610 [D] -:F:n:WD_1:mug.c:11	(at logger.py:129) 
2019-03-02 02:06:16,622 [D] subprocess cmd: ['source compile.sh /home/bohrok/Documents/DM/output/orbs/mug/13/work'], stdout: b''	(at ex_script.py:45) 
2019-03-02 02:06:16,622 [D] ┌:F:n:WD_2:mug.c:11	(at logger.py:129) 
2019-03-02 02:06:16,622 [D] └:F:n:WD_2:mug.c:10	(at logger.py:129) 
2019-03-02 02:06:16,633 [D] subprocess cmd: ['source compile.sh /home/bohrok/Documents/DM/output/orbs/mug/13/work'], stdout: b''	(at ex_script.py:45) 
2019-03-02 02:06:16,633 [D] ┌:F:n:WD_3:mug.c:11	(at logger.py:129) 
2019-03-02 02:06:16,633 [D] |:F:n:WD_3:mug.c:10	(at logger.py:129) 
2019-03-02 02:06:16,633 [D] └:F:n:WD_3:mug.c:9	(at logger.py:129) 
2019-03-02 02:06:16,644 [D] subprocess cmd: ['source compile.sh /home/bohrok/Documents/DM/output/orbs/mug/13/work'], stdout: b''	(at ex_script.py:45) 
2019-03-02 02:06:16,644 [D] -:F:n:WD_1:mug.c:10	(at logger.py:129) 
2019-03-02 02:06:16,657 [D] subprocess cmd: ['source compile.sh /home/bohrok/Documents/DM/output/orbs/mug/13/work'], stdout: b''	(at ex_script.py:45) 
2019-03-02 02:06:16,657 [D] ┌:F:n:WD_2:mug.c:10	(at logger.py:129) 
2019-03-02 02:06:16,657 [D] └:F:n:WD_2:mug.c:9	(at logger.py:129) 
2019-03-02 02:06:16,670 [D] subprocess cmd: ['source compile.sh /home/bohrok/Documents/DM/output/orbs/mug/13/work'], stdout: b''	(at ex_script.py:45) 
2019-03-02 02:06:16,670 [D] ┌:F:n:WD_3:mug.c:10	(at logger.py:129) 
2019-03-02 02:06:16,670 [D] |:F:n:WD_3:mug.c:9	(at logger.py:129) 
2019-03-02 02:06:16,670 [D] └:F:n:WD_3:mug.c:4	(at logger.py:129) 
2019-03-02 02:06:16,680 [D] subprocess cmd: ['source compile.sh /home/bohrok/Documents/DM/output/orbs/mug/13/work'], stdout: b''	(at ex_script.py:45) 
2019-03-02 02:06:16,680 [D] -:F:n:WD_1:mug.c:9	(at logger.py:129) 
2019-03-02 02:06:16,693 [D] subprocess cmd: ['source compile.sh /home/bohrok/Documents/DM/output/orbs/mug/13/work'], stdout: b''	(at ex_script.py:45) 
2019-03-02 02:06:16,693 [D] ┌:F:n:WD_2:mug.c:9	(at logger.py:129) 
2019-03-02 02:06:16,693 [D] └:F:n:WD_2:mug.c:4	(at logger.py:129) 
2019-03-02 02:06:16,707 [D] subprocess cmd: ['source compile.sh /home/bohrok/Documents/DM/output/orbs/mug/13/work'], stdout: b''	(at ex_script.py:45) 
2019-03-02 02:06:16,707 [D] ┌:F:n:WD_3:mug.c:9	(at logger.py:129) 
2019-03-02 02:06:16,707 [D] |:F:n:WD_3:mug.c:4	(at logger.py:129) 
2019-03-02 02:06:16,707 [D] └:F:n:WD_3:mug.c:3	(at logger.py:129) 
2019-03-02 02:06:16,707 [D]  : : :pass:mug.c:8	(at logger.py:129) 
2019-03-02 02:06:16,707 [D]  : : :pass:mug.c:7	(at logger.py:129) 
2019-03-02 02:06:16,707 [D]  : : :pass:mug.c:6	(at logger.py:129) 
2019-03-02 02:06:16,707 [D]  : : :pass:mug.c:5	(at logger.py:129) 
2019-03-02 02:06:16,719 [D] subprocess cmd: ['source compile.sh /home/bohrok/Documents/DM/output/orbs/mug/13/work'], stdout: b''	(at ex_script.py:45) 
2019-03-02 02:06:16,719 [D] -:F:n:WD_1:mug.c:4	(at logger.py:129) 
2019-03-02 02:06:16,731 [D] subprocess cmd: ['source compile.sh /home/bohrok/Documents/DM/output/orbs/mug/13/work'], stdout: b''	(at ex_script.py:45) 
2019-03-02 02:06:16,732 [D] ┌:F:n:WD_2:mug.c:4	(at logger.py:129) 
2019-03-02 02:06:16,732 [D] └:F:n:WD_2:mug.c:3	(at logger.py:129) 
2019-03-02 02:06:16,732 [D] ┌:F:n:WD_3:mug.c:4	(at logger.py:129) 
2019-03-02 02:06:16,732 [D] └:F:n:WD_3:mug.c:3	(at logger.py:129) 
2019-03-02 02:06:16,745 [D] subprocess cmd: ['source compile.sh /home/bohrok/Documents/DM/output/orbs/mug/13/work'], stdout: b''	(at ex_script.py:45) 
2019-03-02 02:06:16,745 [D] -:F:n:WD_1:mug.c:3	(at logger.py:129) 
2019-03-02 02:06:16,745 [D] -:F:n:WD_2:mug.c:3	(at logger.py:129) 
2019-03-02 02:06:16,745 [D] -:F:n:WD_3:mug.c:3	(at logger.py:129) 
2019-03-02 02:06:16,745 [D]  : : :pass:mug.c:2	(at logger.py:129) 
2019-03-02 02:06:16,745 [D]  : : :pass:mug.c:1	(at logger.py:129) 
2019-03-02 02:06:16,745 [D] comp_cached_cnt:5	(at logger.py:134) 
2019-03-02 02:06:16,745 [D] compile_cnt:86	(at logger.py:134) 
2019-03-02 02:06:16,746 [D] execute_cnt:14	(at logger.py:134) 
2019-03-02 02:06:16,746 [D] fail_del_cnt:16	(at logger.py:134) 
2019-03-02 02:06:16,746 [D] iter_idx:2	(at logger.py:134) 
2019-03-02 02:06:16,746 [D] reuse_cnt:7	(at logger.py:134) 
2019-03-02 02:06:16,746 [D] succ_del_cnt:5	(at logger.py:134) 
2019-03-02 02:06:16,746 [D] time:2.489532232284546	(at logger.py:134) 
2019-03-02 02:06:16,746 [D] deletion:37	(at logger.py:136) 
2019-03-02 02:06:16,746 [I] Iteration 2 finished	(at orbs.py:87) 
2019-03-02 02:06:16,747 [D]  : : :pass:mug.c:63	(at logger.py:129) 
2019-03-02 02:06:16,747 [D]  : : :pass:mug.c:62	(at logger.py:129) 
2019-03-02 02:06:16,747 [D]  : : :pass:mug.c:61	(at logger.py:129) 
2019-03-02 02:06:16,747 [D]  : : :pass:mug.c:60	(at logger.py:129) 
2019-03-02 02:06:16,747 [D]  : : :pass:mug.c:59	(at logger.py:129) 
2019-03-02 02:06:16,747 [D]  : : :pass:mug.c:58	(at logger.py:129) 
2019-03-02 02:06:16,747 [D]  : : :pass:mug.c:57	(at logger.py:129) 
2019-03-02 02:06:16,747 [D]  : : :pass:mug.c:56	(at logger.py:129) 
2019-03-02 02:06:16,759 [D] subprocess cmd: ['source compile.sh /home/bohrok/Documents/DM/output/orbs/mug/13/work'], stdout: b''	(at ex_script.py:45) 
2019-03-02 02:06:16,760 [D] -:F:n:WD_1:mug.c:55	(at logger.py:129) 
2019-03-02 02:06:16,772 [D] subprocess cmd: ['source compile.sh /home/bohrok/Documents/DM/output/orbs/mug/13/work'], stdout: b''	(at ex_script.py:45) 
2019-03-02 02:06:16,772 [D] ┌:F:n:WD_2:mug.c:55	(at logger.py:129) 
2019-03-02 02:06:16,772 [D] └:F:n:WD_2:mug.c:54	(at logger.py:129) 
2019-03-02 02:06:16,784 [D] subprocess cmd: ['source compile.sh /home/bohrok/Documents/DM/output/orbs/mug/13/work'], stdout: b''	(at ex_script.py:45) 
2019-03-02 02:06:16,784 [D] ┌:F:n:WD_3:mug.c:55	(at logger.py:129) 
2019-03-02 02:06:16,784 [D] |:F:n:WD_3:mug.c:54	(at logger.py:129) 
2019-03-02 02:06:16,784 [D] └:F:n:WD_3:mug.c:53	(at logger.py:129) 
2019-03-02 02:06:17,026 [D] subprocess cmd: ['source execute.sh /home/bohrok/Documents/DM/output/orbs/mug/13/work'], stdout: b'execute.sh: line 9:  7332 Killed                  timeout --signal=KILL 0.1 ./mug.exe 4 -4 0 > ./outputs/output0\nexecute.sh: line 15:  7334 Killed                  timeout --signal=KILL 0.1 ./mug.exe 4 4 0 > ./outputs/output1\n'	(at ex_script.py:45) 
2019-03-02 02:06:17,026 [D] -:C:n:WD_1:mug.c:54	(at logger.py:129) 
2019-03-02 02:06:17,098 [D] subprocess cmd: ['source execute.sh /home/bohrok/Documents/DM/output/orbs/mug/13/work'], stdout: b''	(at ex_script.py:45) 
2019-03-02 02:06:17,099 [D] ┌:C:n:WD_2:mug.c:54	(at logger.py:129) 
2019-03-02 02:06:17,099 [D] └:C:n:WD_2:mug.c:53	(at logger.py:129) 
2019-03-02 02:06:17,109 [D] subprocess cmd: ['source compile.sh /home/bohrok/Documents/DM/output/orbs/mug/13/work'], stdout: b''	(at ex_script.py:45) 
2019-03-02 02:06:17,109 [D] ┌:F:n:WD_3:mug.c:54	(at logger.py:129) 
2019-03-02 02:06:17,110 [D] |:F:n:WD_3:mug.c:53	(at logger.py:129) 
2019-03-02 02:06:17,110 [D] └:F:n:WD_3:mug.c:51	(at logger.py:129) 
2019-03-02 02:06:17,150 [D] subprocess cmd: ['source execute.sh /home/bohrok/Documents/DM/output/orbs/mug/13/work'], stdout: b''	(at ex_script.py:45) 
2019-03-02 02:06:17,150 [D] -:C:n:WD_1:mug.c:53	(at logger.py:129) 
2019-03-02 02:06:17,161 [D] subprocess cmd: ['source compile.sh /home/bohrok/Documents/DM/output/orbs/mug/13/work'], stdout: b''	(at ex_script.py:45) 
2019-03-02 02:06:17,161 [D] ┌:F:n:WD_2:mug.c:53	(at logger.py:129) 
2019-03-02 02:06:17,161 [D] └:F:n:WD_2:mug.c:51	(at logger.py:129) 
2019-03-02 02:06:17,173 [D] subprocess cmd: ['source compile.sh /home/bohrok/Documents/DM/output/orbs/mug/13/work'], stdout: b''	(at ex_script.py:45) 
2019-03-02 02:06:17,173 [D] ┌:F:n:WD_3:mug.c:53	(at logger.py:129) 
2019-03-02 02:06:17,174 [D] |:F:n:WD_3:mug.c:51	(at logger.py:129) 
2019-03-02 02:06:17,174 [D] └:F:n:WD_3:mug.c:50	(at logger.py:129) 
2019-03-02 02:06:17,174 [D]  : : :pass:mug.c:52	(at logger.py:129) 
2019-03-02 02:06:17,184 [D] subprocess cmd: ['source compile.sh /home/bohrok/Documents/DM/output/orbs/mug/13/work'], stdout: b''	(at ex_script.py:45) 
2019-03-02 02:06:17,185 [D] -:F:n:WD_1:mug.c:51	(at logger.py:129) 
2019-03-02 02:06:17,194 [D] subprocess cmd: ['source compile.sh /home/bohrok/Documents/DM/output/orbs/mug/13/work'], stdout: b''	(at ex_script.py:45) 
2019-03-02 02:06:17,195 [D] ┌:F:n:WD_2:mug.c:51	(at logger.py:129) 
2019-03-02 02:06:17,195 [D] └:F:n:WD_2:mug.c:50	(at logger.py:129) 
2019-03-02 02:06:17,226 [D] subprocess cmd: ['source compile.sh /home/bohrok/Documents/DM/output/orbs/mug/13/work'], stdout: b''	(at ex_script.py:45) 
2019-03-02 02:06:17,226 [D] ┌:F:n:WD_3:mug.c:51	(at logger.py:129) 
2019-03-02 02:06:17,226 [D] |:F:n:WD_3:mug.c:50	(at logger.py:129) 
2019-03-02 02:06:17,226 [D] └:F:n:WD_3:mug.c:49	(at logger.py:129) 
2019-03-02 02:06:17,237 [D] subprocess cmd: ['source compile.sh /home/bohrok/Documents/DM/output/orbs/mug/13/work'], stdout: b''	(at ex_script.py:45) 
2019-03-02 02:06:17,237 [D] -:F:n:WD_1:mug.c:50	(at logger.py:129) 
2019-03-02 02:06:17,248 [D] subprocess cmd: ['source compile.sh /home/bohrok/Documents/DM/output/orbs/mug/13/work'], stdout: b''	(at ex_script.py:45) 
2019-03-02 02:06:17,248 [D] ┌:F:n:WD_2:mug.c:50	(at logger.py:129) 
2019-03-02 02:06:17,248 [D] └:F:n:WD_2:mug.c:49	(at logger.py:129) 
2019-03-02 02:06:17,259 [D] subprocess cmd: ['source compile.sh /home/bohrok/Documents/DM/output/orbs/mug/13/work'], stdout: b''	(at ex_script.py:45) 
2019-03-02 02:06:17,260 [D] ┌:F:n:WD_3:mug.c:50	(at logger.py:129) 
2019-03-02 02:06:17,260 [D] |:F:n:WD_3:mug.c:49	(at logger.py:129) 
2019-03-02 02:06:17,260 [D] └:F:n:WD_3:mug.c:37	(at logger.py:129) 
2019-03-02 02:06:17,271 [D] subprocess cmd: ['source compile.sh /home/bohrok/Documents/DM/output/orbs/mug/13/work'], stdout: b''	(at ex_script.py:45) 
2019-03-02 02:06:17,272 [D] -:F:n:WD_1:mug.c:49	(at logger.py:129) 
2019-03-02 02:06:17,282 [D] subprocess cmd: ['source compile.sh /home/bohrok/Documents/DM/output/orbs/mug/13/work'], stdout: b''	(at ex_script.py:45) 
2019-03-02 02:06:17,283 [D] ┌:F:n:WD_2:mug.c:49	(at logger.py:129) 
2019-03-02 02:06:17,283 [D] └:F:n:WD_2:mug.c:37	(at logger.py:129) 
2019-03-02 02:06:17,294 [D] subprocess cmd: ['source compile.sh /home/bohrok/Documents/DM/output/orbs/mug/13/work'], stdout: b''	(at ex_script.py:45) 
2019-03-02 02:06:17,294 [D] ┌:F:n:WD_3:mug.c:49	(at logger.py:129) 
2019-03-02 02:06:17,294 [D] |:F:n:WD_3:mug.c:37	(at logger.py:129) 
2019-03-02 02:06:17,294 [D] └:F:n:WD_3:mug.c:36	(at logger.py:129) 
2019-03-02 02:06:17,294 [D]  : : :pass:mug.c:48	(at logger.py:129) 
2019-03-02 02:06:17,294 [D]  : : :pass:mug.c:47	(at logger.py:129) 
2019-03-02 02:06:17,294 [D]  : : :pass:mug.c:46	(at logger.py:129) 
2019-03-02 02:06:17,294 [D]  : : :pass:mug.c:45	(at logger.py:129) 
2019-03-02 02:06:17,294 [D]  : : :pass:mug.c:44	(at logger.py:129) 
2019-03-02 02:06:17,295 [D]  : : :pass:mug.c:43	(at logger.py:129) 
2019-03-02 02:06:17,295 [D]  : : :pass:mug.c:42	(at logger.py:129) 
2019-03-02 02:06:17,295 [D]  : : :pass:mug.c:41	(at logger.py:129) 
2019-03-02 02:06:17,295 [D]  : : :pass:mug.c:40	(at logger.py:129) 
2019-03-02 02:06:17,295 [D]  : : :pass:mug.c:39	(at logger.py:129) 
2019-03-02 02:06:17,295 [D]  : : :pass:mug.c:38	(at logger.py:129) 
2019-03-02 02:06:17,308 [D] subprocess cmd: ['source compile.sh /home/bohrok/Documents/DM/output/orbs/mug/13/work'], stdout: b''	(at ex_script.py:45) 
2019-03-02 02:06:17,308 [D] -:F:n:WD_1:mug.c:37	(at logger.py:129) 
2019-03-02 02:06:17,319 [D] subprocess cmd: ['source compile.sh /home/bohrok/Documents/DM/output/orbs/mug/13/work'], stdout: b''	(at ex_script.py:45) 
2019-03-02 02:06:17,320 [D] ┌:F:n:WD_2:mug.c:37	(at logger.py:129) 
2019-03-02 02:06:17,320 [D] └:F:n:WD_2:mug.c:36	(at logger.py:129) 
2019-03-02 02:06:17,352 [D] ┌:C:c:WD_3:mug.c:37	(at logger.py:129) 
2019-03-02 02:06:17,352 [D] |:C:c:WD_3:mug.c:36	(at logger.py:129) 
2019-03-02 02:06:17,352 [D] └:C:c:WD_3:mug.c:35	(at logger.py:129) 
2019-03-02 02:06:17,385 [D] -:C:c:WD_1:mug.c:36	(at logger.py:129) 
2019-03-02 02:06:17,394 [D] subprocess cmd: ['source compile.sh /home/bohrok/Documents/DM/output/orbs/mug/13/work'], stdout: b''	(at ex_script.py:45) 
2019-03-02 02:06:17,395 [D] ┌:F:n:WD_2:mug.c:36	(at logger.py:129) 
2019-03-02 02:06:17,395 [D] └:F:n:WD_2:mug.c:35	(at logger.py:129) 
2019-03-02 02:06:17,395 [D] ┌:C:c:WD_3:mug.c:36	(at logger.py:129) 
2019-03-02 02:06:17,395 [D] |:C:c:WD_3:mug.c:35	(at logger.py:129) 
2019-03-02 02:06:17,395 [D] └:C:c:WD_3:mug.c:33	(at logger.py:129) 
2019-03-02 02:06:17,406 [D] subprocess cmd: ['source compile.sh /home/bohrok/Documents/DM/output/orbs/mug/13/work'], stdout: b''	(at ex_script.py:45) 
2019-03-02 02:06:17,407 [D] -:F:n:WD_1:mug.c:35	(at logger.py:129) 
2019-03-02 02:06:17,458 [D] ┌:C:c:WD_2:mug.c:35	(at logger.py:129) 
2019-03-02 02:06:17,459 [D] └:C:c:WD_2:mug.c:33	(at logger.py:129) 
2019-03-02 02:06:17,537 [D] ┌:C:c:WD_3:mug.c:35	(at logger.py:129) 
2019-03-02 02:06:17,537 [D] |:C:c:WD_3:mug.c:33	(at logger.py:129) 
2019-03-02 02:06:17,537 [D] └:C:c:WD_3:mug.c:32	(at logger.py:129) 
2019-03-02 02:06:17,537 [D]  : : :pass:mug.c:34	(at logger.py:129) 
2019-03-02 02:06:17,547 [D] subprocess cmd: ['source compile.sh /home/bohrok/Documents/DM/output/orbs/mug/13/work'], stdout: b''	(at ex_script.py:45) 
2019-03-02 02:06:17,547 [D] -:F:n:WD_1:mug.c:33	(at logger.py:129) 
2019-03-02 02:06:17,560 [D] subprocess cmd: ['source compile.sh /home/bohrok/Documents/DM/output/orbs/mug/13/work'], stdout: b''	(at ex_script.py:45) 
2019-03-02 02:06:17,561 [D] ┌:F:n:WD_2:mug.c:33	(at logger.py:129) 
2019-03-02 02:06:17,561 [D] └:F:n:WD_2:mug.c:32	(at logger.py:129) 
2019-03-02 02:06:17,561 [D] ┌:C:c:WD_3:mug.c:33	(at logger.py:129) 
2019-03-02 02:06:17,561 [D] |:C:c:WD_3:mug.c:32	(at logger.py:129) 
2019-03-02 02:06:17,561 [D] └:C:c:WD_3:mug.c:31	(at logger.py:129) 
2019-03-02 02:06:17,594 [D] -:C:c:WD_1:mug.c:32	(at logger.py:129) 
2019-03-02 02:06:17,605 [D] subprocess cmd: ['source compile.sh /home/bohrok/Documents/DM/output/orbs/mug/13/work'], stdout: b''	(at ex_script.py:45) 
2019-03-02 02:06:17,606 [D] ┌:F:n:WD_2:mug.c:32	(at logger.py:129) 
2019-03-02 02:06:17,606 [D] └:F:n:WD_2:mug.c:31	(at logger.py:129) 
2019-03-02 02:06:17,616 [D] subprocess cmd: ['source compile.sh /home/bohrok/Documents/DM/output/orbs/mug/13/work'], stdout: b''	(at ex_script.py:45) 
2019-03-02 02:06:17,616 [D] ┌:F:n:WD_3:mug.c:32	(at logger.py:129) 
2019-03-02 02:06:17,617 [D] |:F:n:WD_3:mug.c:31	(at logger.py:129) 
2019-03-02 02:06:17,617 [D] └:F:n:WD_3:mug.c:30	(at logger.py:129) 
2019-03-02 02:06:17,628 [D] subprocess cmd: ['source compile.sh /home/bohrok/Documents/DM/output/orbs/mug/13/work'], stdout: b''	(at ex_script.py:45) 
2019-03-02 02:06:17,628 [D] -:F:n:WD_1:mug.c:31	(at logger.py:129) 
2019-03-02 02:06:17,641 [D] subprocess cmd: ['source compile.sh /home/bohrok/Documents/DM/output/orbs/mug/13/work'], stdout: b''	(at ex_script.py:45) 
2019-03-02 02:06:17,642 [D] ┌:F:n:WD_2:mug.c:31	(at logger.py:129) 
2019-03-02 02:06:17,642 [D] └:F:n:WD_2:mug.c:30	(at logger.py:129) 
2019-03-02 02:06:17,654 [D] subprocess cmd: ['source compile.sh /home/bohrok/Documents/DM/output/orbs/mug/13/work'], stdout: b''	(at ex_script.py:45) 
2019-03-02 02:06:17,654 [D] ┌:F:n:WD_3:mug.c:31	(at logger.py:129) 
2019-03-02 02:06:17,655 [D] |:F:n:WD_3:mug.c:30	(at logger.py:129) 
2019-03-02 02:06:17,655 [D] └:F:n:WD_3:mug.c:29	(at logger.py:129) 
2019-03-02 02:06:17,689 [D] -:C:c:WD_1:mug.c:30	(at logger.py:129) 
2019-03-02 02:06:17,702 [D] subprocess cmd: ['source compile.sh /home/bohrok/Documents/DM/output/orbs/mug/13/work'], stdout: b''	(at ex_script.py:45) 
2019-03-02 02:06:17,702 [D] ┌:F:n:WD_2:mug.c:30	(at logger.py:129) 
2019-03-02 02:06:17,702 [D] └:F:n:WD_2:mug.c:29	(at logger.py:129) 
2019-03-02 02:06:17,712 [D] subprocess cmd: ['source compile.sh /home/bohrok/Documents/DM/output/orbs/mug/13/work'], stdout: b''	(at ex_script.py:45) 
2019-03-02 02:06:17,712 [D] ┌:F:n:WD_3:mug.c:30	(at logger.py:129) 
2019-03-02 02:06:17,712 [D] |:F:n:WD_3:mug.c:29	(at logger.py:129) 
2019-03-02 02:06:17,712 [D] └:F:n:WD_3:mug.c:28	(at logger.py:129) 
2019-03-02 02:06:17,725 [D] subprocess cmd: ['source compile.sh /home/bohrok/Documents/DM/output/orbs/mug/13/work'], stdout: b''	(at ex_script.py:45) 
2019-03-02 02:06:17,725 [D] -:F:n:WD_1:mug.c:29	(at logger.py:129) 
2019-03-02 02:06:17,739 [D] subprocess cmd: ['source compile.sh /home/bohrok/Documents/DM/output/orbs/mug/13/work'], stdout: b''	(at ex_script.py:45) 
2019-03-02 02:06:17,739 [D] ┌:F:n:WD_2:mug.c:29	(at logger.py:129) 
2019-03-02 02:06:17,739 [D] └:F:n:WD_2:mug.c:28	(at logger.py:129) 
2019-03-02 02:06:17,773 [D] subprocess cmd: ['source compile.sh /home/bohrok/Documents/DM/output/orbs/mug/13/work'], stdout: b''	(at ex_script.py:45) 
2019-03-02 02:06:17,774 [D] ┌:F:n:WD_3:mug.c:29	(at logger.py:129) 
2019-03-02 02:06:17,774 [D] |:F:n:WD_3:mug.c:28	(at logger.py:129) 
2019-03-02 02:06:17,774 [D] └:F:n:WD_3:mug.c:27	(at logger.py:129) 
2019-03-02 02:06:17,785 [D] subprocess cmd: ['source compile.sh /home/bohrok/Documents/DM/output/orbs/mug/13/work'], stdout: b''	(at ex_script.py:45) 
2019-03-02 02:06:17,785 [D] -:F:n:WD_1:mug.c:28	(at logger.py:129) 
2019-03-02 02:06:17,795 [D] subprocess cmd: ['source compile.sh /home/bohrok/Documents/DM/output/orbs/mug/13/work'], stdout: b''	(at ex_script.py:45) 
2019-03-02 02:06:17,795 [D] ┌:F:n:WD_2:mug.c:28	(at logger.py:129) 
2019-03-02 02:06:17,796 [D] └:F:n:WD_2:mug.c:27	(at logger.py:129) 
2019-03-02 02:06:17,808 [D] subprocess cmd: ['source compile.sh /home/bohrok/Documents/DM/output/orbs/mug/13/work'], stdout: b''	(at ex_script.py:45) 
2019-03-02 02:06:17,808 [D] ┌:F:n:WD_3:mug.c:28	(at logger.py:129) 
2019-03-02 02:06:17,808 [D] |:F:n:WD_3:mug.c:27	(at logger.py:129) 
2019-03-02 02:06:17,808 [D] └:F:n:WD_3:mug.c:25	(at logger.py:129) 
2019-03-02 02:06:17,819 [D] subprocess cmd: ['source compile.sh /home/bohrok/Documents/DM/output/orbs/mug/13/work'], stdout: b''	(at ex_script.py:45) 
2019-03-02 02:06:17,820 [D] -:F:n:WD_1:mug.c:27	(at logger.py:129) 
2019-03-02 02:06:17,831 [D] subprocess cmd: ['source compile.sh /home/bohrok/Documents/DM/output/orbs/mug/13/work'], stdout: b''	(at ex_script.py:45) 
2019-03-02 02:06:17,831 [D] ┌:F:n:WD_2:mug.c:27	(at logger.py:129) 
2019-03-02 02:06:17,831 [D] └:F:n:WD_2:mug.c:25	(at logger.py:129) 
2019-03-02 02:06:17,848 [D] subprocess cmd: ['source compile.sh /home/bohrok/Documents/DM/output/orbs/mug/13/work'], stdout: b''	(at ex_script.py:45) 
2019-03-02 02:06:17,848 [D] ┌:F:n:WD_3:mug.c:27	(at logger.py:129) 
2019-03-02 02:06:17,848 [D] |:F:n:WD_3:mug.c:25	(at logger.py:129) 
2019-03-02 02:06:17,849 [D] └:F:n:WD_3:mug.c:24	(at logger.py:129) 
2019-03-02 02:06:17,849 [D]  : : :pass:mug.c:26	(at logger.py:129) 
2019-03-02 02:06:17,861 [D] subprocess cmd: ['source compile.sh /home/bohrok/Documents/DM/output/orbs/mug/13/work'], stdout: b''	(at ex_script.py:45) 
2019-03-02 02:06:17,862 [D] -:F:n:WD_1:mug.c:25	(at logger.py:129) 
2019-03-02 02:06:17,876 [D] subprocess cmd: ['source compile.sh /home/bohrok/Documents/DM/output/orbs/mug/13/work'], stdout: b''	(at ex_script.py:45) 
2019-03-02 02:06:17,876 [D] ┌:F:n:WD_2:mug.c:25	(at logger.py:129) 
2019-03-02 02:06:17,876 [D] └:F:n:WD_2:mug.c:24	(at logger.py:129) 
2019-03-02 02:06:17,888 [D] subprocess cmd: ['source compile.sh /home/bohrok/Documents/DM/output/orbs/mug/13/work'], stdout: b''	(at ex_script.py:45) 
2019-03-02 02:06:17,888 [D] ┌:F:n:WD_3:mug.c:25	(at logger.py:129) 
2019-03-02 02:06:17,888 [D] |:F:n:WD_3:mug.c:24	(at logger.py:129) 
2019-03-02 02:06:17,888 [D] └:F:n:WD_3:mug.c:18	(at logger.py:129) 
2019-03-02 02:06:17,889 [D] -:C:c:WD_1:mug.c:24	(at logger.py:129) 
2019-03-02 02:06:17,903 [D] subprocess cmd: ['source compile.sh /home/bohrok/Documents/DM/output/orbs/mug/13/work'], stdout: b''	(at ex_script.py:45) 
2019-03-02 02:06:17,903 [D] ┌:F:n:WD_2:mug.c:24	(at logger.py:129) 
2019-03-02 02:06:17,903 [D] └:F:n:WD_2:mug.c:18	(at logger.py:129) 
2019-03-02 02:06:17,914 [D] subprocess cmd: ['source compile.sh /home/bohrok/Documents/DM/output/orbs/mug/13/work'], stdout: b''	(at ex_script.py:45) 
2019-03-02 02:06:17,915 [D] ┌:F:n:WD_3:mug.c:24	(at logger.py:129) 
2019-03-02 02:06:17,915 [D] |:F:n:WD_3:mug.c:18	(at logger.py:129) 
2019-03-02 02:06:17,915 [D] └:F:n:WD_3:mug.c:17	(at logger.py:129) 
2019-03-02 02:06:17,915 [D]  : : :pass:mug.c:23	(at logger.py:129) 
2019-03-02 02:06:17,915 [D]  : : :pass:mug.c:22	(at logger.py:129) 
2019-03-02 02:06:17,915 [D]  : : :pass:mug.c:21	(at logger.py:129) 
2019-03-02 02:06:17,916 [D]  : : :pass:mug.c:20	(at logger.py:129) 
2019-03-02 02:06:17,916 [D]  : : :pass:mug.c:19	(at logger.py:129) 
2019-03-02 02:06:17,916 [D] -:F:n:WD_1:mug.c:18	(at logger.py:129) 
2019-03-02 02:06:17,916 [D] ┌:F:n:WD_2:mug.c:18	(at logger.py:129) 
2019-03-02 02:06:17,916 [D] └:F:n:WD_2:mug.c:17	(at logger.py:129) 
2019-03-02 02:06:17,917 [D] ┌:F:n:WD_3:mug.c:18	(at logger.py:129) 
2019-03-02 02:06:17,917 [D] |:F:n:WD_3:mug.c:17	(at logger.py:129) 
2019-03-02 02:06:17,917 [D] └:F:n:WD_3:mug.c:14	(at logger.py:129) 
2019-03-02 02:06:17,917 [D] -:C:c:WD_1:mug.c:17	(at logger.py:129) 
2019-03-02 02:06:17,917 [D] ┌:C:c:WD_2:mug.c:17	(at logger.py:129) 
2019-03-02 02:06:17,918 [D] └:C:c:WD_2:mug.c:14	(at logger.py:129) 
2019-03-02 02:06:17,918 [D] ┌:F:n:WD_3:mug.c:17	(at logger.py:129) 
2019-03-02 02:06:17,918 [D] |:F:n:WD_3:mug.c:14	(at logger.py:129) 
2019-03-02 02:06:17,918 [D] └:F:n:WD_3:mug.c:11	(at logger.py:129) 
2019-03-02 02:06:17,918 [D]  : : :pass:mug.c:16	(at logger.py:129) 
2019-03-02 02:06:17,918 [D]  : : :pass:mug.c:15	(at logger.py:129) 
2019-03-02 02:06:17,919 [D] -:C:c:WD_1:mug.c:14	(at logger.py:129) 
2019-03-02 02:06:17,919 [D] ┌:F:n:WD_2:mug.c:14	(at logger.py:129) 
2019-03-02 02:06:17,919 [D] └:F:n:WD_2:mug.c:11	(at logger.py:129) 
2019-03-02 02:06:17,919 [D] ┌:F:n:WD_3:mug.c:14	(at logger.py:129) 
2019-03-02 02:06:17,919 [D] |:F:n:WD_3:mug.c:11	(at logger.py:129) 
2019-03-02 02:06:17,919 [D] └:F:n:WD_3:mug.c:10	(at logger.py:129) 
2019-03-02 02:06:17,920 [D]  : : :pass:mug.c:13	(at logger.py:129) 
2019-03-02 02:06:17,920 [D]  : : :pass:mug.c:12	(at logger.py:129) 
2019-03-02 02:06:17,920 [D] -:F:n:WD_1:mug.c:11	(at logger.py:129) 
2019-03-02 02:06:17,920 [D] ┌:F:n:WD_2:mug.c:11	(at logger.py:129) 
2019-03-02 02:06:17,920 [D] └:F:n:WD_2:mug.c:10	(at logger.py:129) 
2019-03-02 02:06:17,920 [D] ┌:F:n:WD_3:mug.c:11	(at logger.py:129) 
2019-03-02 02:06:17,920 [D] |:F:n:WD_3:mug.c:10	(at logger.py:129) 
2019-03-02 02:06:17,920 [D] └:F:n:WD_3:mug.c:9	(at logger.py:129) 
2019-03-02 02:06:17,921 [D] -:F:n:WD_1:mug.c:10	(at logger.py:129) 
2019-03-02 02:06:17,921 [D] ┌:F:n:WD_2:mug.c:10	(at logger.py:129) 
2019-03-02 02:06:17,921 [D] └:F:n:WD_2:mug.c:9	(at logger.py:129) 
2019-03-02 02:06:17,921 [D] ┌:F:n:WD_3:mug.c:10	(at logger.py:129) 
2019-03-02 02:06:17,921 [D] |:F:n:WD_3:mug.c:9	(at logger.py:129) 
2019-03-02 02:06:17,921 [D] └:F:n:WD_3:mug.c:4	(at logger.py:129) 
2019-03-02 02:06:17,921 [D] -:F:n:WD_1:mug.c:9	(at logger.py:129) 
2019-03-02 02:06:17,921 [D] ┌:F:n:WD_2:mug.c:9	(at logger.py:129) 
2019-03-02 02:06:17,922 [D] └:F:n:WD_2:mug.c:4	(at logger.py:129) 
2019-03-02 02:06:17,922 [D] ┌:F:n:WD_3:mug.c:9	(at logger.py:129) 
2019-03-02 02:06:17,922 [D] |:F:n:WD_3:mug.c:4	(at logger.py:129) 
2019-03-02 02:06:17,922 [D] └:F:n:WD_3:mug.c:3	(at logger.py:129) 
2019-03-02 02:06:17,922 [D]  : : :pass:mug.c:8	(at logger.py:129) 
2019-03-02 02:06:17,922 [D]  : : :pass:mug.c:7	(at logger.py:129) 
2019-03-02 02:06:17,922 [D]  : : :pass:mug.c:6	(at logger.py:129) 
2019-03-02 02:06:17,922 [D]  : : :pass:mug.c:5	(at logger.py:129) 
2019-03-02 02:06:17,922 [D] -:F:n:WD_1:mug.c:4	(at logger.py:129) 
2019-03-02 02:06:17,922 [D] ┌:F:n:WD_2:mug.c:4	(at logger.py:129) 
2019-03-02 02:06:17,923 [D] └:F:n:WD_2:mug.c:3	(at logger.py:129) 
2019-03-02 02:06:17,923 [D] ┌:F:n:WD_3:mug.c:4	(at logger.py:129) 
2019-03-02 02:06:17,923 [D] └:F:n:WD_3:mug.c:3	(at logger.py:129) 
2019-03-02 02:06:17,923 [D] -:F:n:WD_1:mug.c:3	(at logger.py:129) 
2019-03-02 02:06:17,923 [D] -:F:n:WD_2:mug.c:3	(at logger.py:129) 
2019-03-02 02:06:17,923 [D] -:F:n:WD_3:mug.c:3	(at logger.py:129) 
2019-03-02 02:06:17,923 [D]  : : :pass:mug.c:2	(at logger.py:129) 
2019-03-02 02:06:17,923 [D]  : : :pass:mug.c:1	(at logger.py:129) 
2019-03-02 02:06:17,923 [D] comp_cached_cnt:27	(at logger.py:134) 
2019-03-02 02:06:17,923 [D] compile_cnt:51	(at logger.py:134) 
2019-03-02 02:06:17,923 [D] execute_cnt:3	(at logger.py:134) 
2019-03-02 02:06:17,924 [D] fail_del_cnt:15	(at logger.py:134) 
2019-03-02 02:06:17,924 [D] iter_idx:3	(at logger.py:134) 
2019-03-02 02:06:17,924 [D] reuse_cnt:12	(at logger.py:134) 
2019-03-02 02:06:17,924 [D] succ_del_cnt:0	(at logger.py:134) 
2019-03-02 02:06:17,924 [D] time:1.176828145980835	(at logger.py:134) 
2019-03-02 02:06:17,924 [D] deletion:37	(at logger.py:136) 
2019-03-02 02:06:17,924 [I] Iteration 3 finished	(at orbs.py:87) 
2019-03-02 02:06:17,924 [D] total_lines:63	(at logger.py:74) 
2019-03-02 02:06:17,924 [D] iteration_cnt:3	(at logger.py:75) 
2019-03-02 02:06:17,924 [D] comp_cached_cnt:32	(at logger.py:79) 
2019-03-02 02:06:17,924 [D] compile_cnt:278	(at logger.py:79) 
2019-03-02 02:06:17,924 [D] execute_cnt:41	(at logger.py:79) 
2019-03-02 02:06:17,924 [D] fail_del_cnt:48	(at logger.py:79) 
2019-03-02 02:06:17,924 [D] reuse_cnt:34	(at logger.py:79) 
2019-03-02 02:06:17,925 [D] succ_del_cnt:27	(at logger.py:79) 
2019-03-02 02:06:17,925 [D] time:8.158772945404053	(at logger.py:80) 
2019-03-02 02:06:17,925 [D] deletion:37	(at logger.py:82) 
2019-03-02 02:06:17,925 [I] ORBS fin.	(at orbs.py:91) 
2019-03-02 02:06:17,925 [I] ===== END - RUN ==============================================	(at main.py:95) 
2019-03-02 02:06:17,925 [I] 	(at main.py:96) 
