2019-03-02 02:05:50,329 [I] 	(at main.py:29) 
2019-03-02 02:05:50,329 [I] ===== START - RUN ==============================================	(at main.py:32) 
2019-03-02 02:05:50,329 [D] Title: RUN, Job key: RUN_2019-03-02_02:05:50	(at main.py:40) 
2019-03-02 02:05:50,329 [I] Load config file.	(at main.py:56) 
2019-03-02 02:05:50,329 [D] Loading config from ['/home/bohrok/Documents/DM/output/orbs/mug/11/config/config.ini']	(at config.py:16) 
2019-03-02 02:05:50,329 [D] Load config successfully!	(at config.py:19) 
2019-03-02 02:05:50,330 [D] Initialize directory: .	(at workspace.py:10) 
2019-03-02 02:05:50,330 [I] Initialize workspace.	(at main.py:64) 
2019-03-02 02:05:50,330 [I] Working directory path: /home/bohrok/Documents/DM/output/orbs/mug/11/work	(at workspace.py:41) 
2019-03-02 02:05:50,331 [D] Record the config on workspace.	(at workspace.py:62) 
2019-03-02 02:05:50,331 [I] No PRE stage.	(at main.py:73) 
2019-03-02 02:05:50,331 [I] Construct SliceSpace.	(at main.py:76) 
2019-03-02 02:05:50,331 [I] Compile the system.	(at slicespace.py:148) 
2019-03-02 02:05:50,365 [I] Execute the system.	(at slicespace.py:160) 
2019-03-02 02:05:50,373 [I] Compile the system again (sanity check).	(at slicespace.py:174) 
2019-03-02 02:05:50,410 [I] Execute the system again (sanity check).	(at slicespace.py:188) 
2019-03-02 02:05:50,420 [I] Construct deletion operators.	(at main.py:80) 
2019-03-02 02:05:50,420 [I] Run ORBS stage.	(at main.py:85) 
2019-03-02 02:05:50,420 [I] ORBS starts...	(at orbs.py:53) 
2019-03-02 02:05:50,436 [D] subprocess cmd: ['source compile.sh /home/bohrok/Documents/DM/output/orbs/mug/11/work'], stdout: b''	(at ex_script.py:45) 
2019-03-02 02:05:50,437 [D] -:F:n:WD_1:mug.c:63	(at logger.py:129) 
2019-03-02 02:05:50,452 [D] subprocess cmd: ['source compile.sh /home/bohrok/Documents/DM/output/orbs/mug/11/work'], stdout: b''	(at ex_script.py:45) 
2019-03-02 02:05:50,452 [D] ┌:F:n:WD_2:mug.c:63	(at logger.py:129) 
2019-03-02 02:05:50,452 [D] └:F:n:WD_2:mug.c:62	(at logger.py:129) 
2019-03-02 02:05:50,468 [D] subprocess cmd: ['source compile.sh /home/bohrok/Documents/DM/output/orbs/mug/11/work'], stdout: b''	(at ex_script.py:45) 
2019-03-02 02:05:50,468 [D] ┌:F:n:WD_3:mug.c:63	(at logger.py:129) 
2019-03-02 02:05:50,468 [D] |:F:n:WD_3:mug.c:62	(at logger.py:129) 
2019-03-02 02:05:50,468 [D] └:F:n:WD_3:mug.c:61	(at logger.py:129) 
2019-03-02 02:05:50,518 [D] -:P:n:WD_1:mug.c:62	(at logger.py:129) 
2019-03-02 02:05:50,534 [D] subprocess cmd: ['source compile.sh /home/bohrok/Documents/DM/output/orbs/mug/11/work'], stdout: b''	(at ex_script.py:45) 
2019-03-02 02:05:50,534 [D] -:F:n:WD_1:mug.c:61	(at logger.py:129) 
2019-03-02 02:05:50,551 [D] subprocess cmd: ['source compile.sh /home/bohrok/Documents/DM/output/orbs/mug/11/work'], stdout: b''	(at ex_script.py:45) 
2019-03-02 02:05:50,551 [D] ┌:F:n:WD_2:mug.c:61	(at logger.py:129) 
2019-03-02 02:05:50,551 [D] └:F:n:WD_2:mug.c:60	(at logger.py:129) 
2019-03-02 02:05:50,588 [D] subprocess cmd: ['source compile.sh /home/bohrok/Documents/DM/output/orbs/mug/11/work'], stdout: b''	(at ex_script.py:45) 
2019-03-02 02:05:50,589 [D] ┌:F:n:WD_3:mug.c:61	(at logger.py:129) 
2019-03-02 02:05:50,589 [D] |:F:n:WD_3:mug.c:60	(at logger.py:129) 
2019-03-02 02:05:50,589 [D] └:F:n:WD_3:mug.c:59	(at logger.py:129) 
2019-03-02 02:05:50,605 [D] subprocess cmd: ['source compile.sh /home/bohrok/Documents/DM/output/orbs/mug/11/work'], stdout: b''	(at ex_script.py:45) 
2019-03-02 02:05:50,605 [D] -:F:n:WD_1:mug.c:60	(at logger.py:129) 
2019-03-02 02:05:50,620 [D] subprocess cmd: ['source compile.sh /home/bohrok/Documents/DM/output/orbs/mug/11/work'], stdout: b''	(at ex_script.py:45) 
2019-03-02 02:05:50,621 [D] ┌:F:n:WD_2:mug.c:60	(at logger.py:129) 
2019-03-02 02:05:50,621 [D] └:F:n:WD_2:mug.c:59	(at logger.py:129) 
2019-03-02 02:05:50,637 [D] subprocess cmd: ['source compile.sh /home/bohrok/Documents/DM/output/orbs/mug/11/work'], stdout: b''	(at ex_script.py:45) 
2019-03-02 02:05:50,637 [D] ┌:F:n:WD_3:mug.c:60	(at logger.py:129) 
2019-03-02 02:05:50,637 [D] |:F:n:WD_3:mug.c:59	(at logger.py:129) 
2019-03-02 02:05:50,637 [D] └:F:n:WD_3:mug.c:58	(at logger.py:129) 
2019-03-02 02:05:50,654 [D] subprocess cmd: ['source compile.sh /home/bohrok/Documents/DM/output/orbs/mug/11/work'], stdout: b''	(at ex_script.py:45) 
2019-03-02 02:05:50,654 [D] -:F:n:WD_1:mug.c:59	(at logger.py:129) 
2019-03-02 02:05:50,671 [D] subprocess cmd: ['source compile.sh /home/bohrok/Documents/DM/output/orbs/mug/11/work'], stdout: b''	(at ex_script.py:45) 
2019-03-02 02:05:50,671 [D] ┌:F:n:WD_2:mug.c:59	(at logger.py:129) 
2019-03-02 02:05:50,671 [D] └:F:n:WD_2:mug.c:58	(at logger.py:129) 
2019-03-02 02:05:50,687 [D] subprocess cmd: ['source compile.sh /home/bohrok/Documents/DM/output/orbs/mug/11/work'], stdout: b''	(at ex_script.py:45) 
2019-03-02 02:05:50,687 [D] ┌:F:n:WD_3:mug.c:59	(at logger.py:129) 
2019-03-02 02:05:50,688 [D] |:F:n:WD_3:mug.c:58	(at logger.py:129) 
2019-03-02 02:05:50,688 [D] └:F:n:WD_3:mug.c:57	(at logger.py:129) 
2019-03-02 02:05:50,736 [D] -:P:n:WD_1:mug.c:58	(at logger.py:129) 
2019-03-02 02:05:50,752 [D] subprocess cmd: ['source compile.sh /home/bohrok/Documents/DM/output/orbs/mug/11/work'], stdout: b''	(at ex_script.py:45) 
2019-03-02 02:05:50,752 [D] -:F:n:WD_1:mug.c:57	(at logger.py:129) 
2019-03-02 02:05:50,767 [D] subprocess cmd: ['source compile.sh /home/bohrok/Documents/DM/output/orbs/mug/11/work'], stdout: b''	(at ex_script.py:45) 
2019-03-02 02:05:50,767 [D] ┌:F:n:WD_2:mug.c:57	(at logger.py:129) 
2019-03-02 02:05:50,767 [D] └:F:n:WD_2:mug.c:56	(at logger.py:129) 
2019-03-02 02:05:50,802 [D] subprocess cmd: ['source compile.sh /home/bohrok/Documents/DM/output/orbs/mug/11/work'], stdout: b''	(at ex_script.py:45) 
2019-03-02 02:05:50,802 [D] ┌:F:n:WD_3:mug.c:57	(at logger.py:129) 
2019-03-02 02:05:50,802 [D] |:F:n:WD_3:mug.c:56	(at logger.py:129) 
2019-03-02 02:05:50,802 [D] └:F:n:WD_3:mug.c:55	(at logger.py:129) 
2019-03-02 02:05:50,817 [D] subprocess cmd: ['source compile.sh /home/bohrok/Documents/DM/output/orbs/mug/11/work'], stdout: b''	(at ex_script.py:45) 
2019-03-02 02:05:50,818 [D] -:F:n:WD_1:mug.c:56	(at logger.py:129) 
2019-03-02 02:05:50,832 [D] subprocess cmd: ['source compile.sh /home/bohrok/Documents/DM/output/orbs/mug/11/work'], stdout: b''	(at ex_script.py:45) 
2019-03-02 02:05:50,833 [D] ┌:F:n:WD_2:mug.c:56	(at logger.py:129) 
2019-03-02 02:05:50,833 [D] └:F:n:WD_2:mug.c:55	(at logger.py:129) 
2019-03-02 02:05:50,849 [D] subprocess cmd: ['source compile.sh /home/bohrok/Documents/DM/output/orbs/mug/11/work'], stdout: b''	(at ex_script.py:45) 
2019-03-02 02:05:50,849 [D] ┌:F:n:WD_3:mug.c:56	(at logger.py:129) 
2019-03-02 02:05:50,849 [D] |:F:n:WD_3:mug.c:55	(at logger.py:129) 
2019-03-02 02:05:50,849 [D] └:F:n:WD_3:mug.c:54	(at logger.py:129) 
2019-03-02 02:05:50,865 [D] subprocess cmd: ['source compile.sh /home/bohrok/Documents/DM/output/orbs/mug/11/work'], stdout: b''	(at ex_script.py:45) 
2019-03-02 02:05:50,865 [D] -:F:n:WD_1:mug.c:55	(at logger.py:129) 
2019-03-02 02:05:50,880 [D] subprocess cmd: ['source compile.sh /home/bohrok/Documents/DM/output/orbs/mug/11/work'], stdout: b''	(at ex_script.py:45) 
2019-03-02 02:05:50,880 [D] ┌:F:n:WD_2:mug.c:55	(at logger.py:129) 
2019-03-02 02:05:50,880 [D] └:F:n:WD_2:mug.c:54	(at logger.py:129) 
2019-03-02 02:05:50,895 [D] subprocess cmd: ['source compile.sh /home/bohrok/Documents/DM/output/orbs/mug/11/work'], stdout: b''	(at ex_script.py:45) 
2019-03-02 02:05:50,896 [D] ┌:F:n:WD_3:mug.c:55	(at logger.py:129) 
2019-03-02 02:05:50,896 [D] |:F:n:WD_3:mug.c:54	(at logger.py:129) 
2019-03-02 02:05:50,896 [D] └:F:n:WD_3:mug.c:53	(at logger.py:129) 
2019-03-02 02:05:51,145 [D] subprocess cmd: ['source execute.sh /home/bohrok/Documents/DM/output/orbs/mug/11/work'], stdout: b'execute.sh: line 9:  1133 Killed                  timeout --signal=KILL 0.1 ./mug.exe 4 -4 0 > ./outputs/output0\nexecute.sh: line 15:  1135 Killed                  timeout --signal=KILL 0.1 ./mug.exe 4 4 0 > ./outputs/output1\n'	(at ex_script.py:45) 
2019-03-02 02:05:51,146 [D] -:C:n:WD_1:mug.c:54	(at logger.py:129) 
2019-03-02 02:05:51,197 [D] subprocess cmd: ['source compile.sh /home/bohrok/Documents/DM/output/orbs/mug/11/work'], stdout: b''	(at ex_script.py:45) 
2019-03-02 02:05:51,198 [D] ┌:F:n:WD_2:mug.c:54	(at logger.py:129) 
2019-03-02 02:05:51,198 [D] └:F:n:WD_2:mug.c:53	(at logger.py:129) 
2019-03-02 02:05:51,212 [D] subprocess cmd: ['source compile.sh /home/bohrok/Documents/DM/output/orbs/mug/11/work'], stdout: b''	(at ex_script.py:45) 
2019-03-02 02:05:51,213 [D] ┌:F:n:WD_3:mug.c:54	(at logger.py:129) 
2019-03-02 02:05:51,213 [D] |:F:n:WD_3:mug.c:53	(at logger.py:129) 
2019-03-02 02:05:51,213 [D] └:F:n:WD_3:mug.c:52	(at logger.py:129) 
2019-03-02 02:05:51,229 [D] subprocess cmd: ['source compile.sh /home/bohrok/Documents/DM/output/orbs/mug/11/work'], stdout: b''	(at ex_script.py:45) 
2019-03-02 02:05:51,229 [D] -:F:n:WD_1:mug.c:53	(at logger.py:129) 
2019-03-02 02:05:51,246 [D] subprocess cmd: ['source compile.sh /home/bohrok/Documents/DM/output/orbs/mug/11/work'], stdout: b''	(at ex_script.py:45) 
2019-03-02 02:05:51,246 [D] ┌:F:n:WD_2:mug.c:53	(at logger.py:129) 
2019-03-02 02:05:51,246 [D] └:F:n:WD_2:mug.c:52	(at logger.py:129) 
2019-03-02 02:05:51,283 [D] subprocess cmd: ['source compile.sh /home/bohrok/Documents/DM/output/orbs/mug/11/work'], stdout: b''	(at ex_script.py:45) 
2019-03-02 02:05:51,283 [D] ┌:F:n:WD_3:mug.c:53	(at logger.py:129) 
2019-03-02 02:05:51,283 [D] |:F:n:WD_3:mug.c:52	(at logger.py:129) 
2019-03-02 02:05:51,283 [D] └:F:n:WD_3:mug.c:51	(at logger.py:129) 
2019-03-02 02:05:51,299 [D] subprocess cmd: ['source compile.sh /home/bohrok/Documents/DM/output/orbs/mug/11/work'], stdout: b''	(at ex_script.py:45) 
2019-03-02 02:05:51,300 [D] -:F:n:WD_1:mug.c:52	(at logger.py:129) 
2019-03-02 02:05:51,315 [D] subprocess cmd: ['source compile.sh /home/bohrok/Documents/DM/output/orbs/mug/11/work'], stdout: b''	(at ex_script.py:45) 
2019-03-02 02:05:51,315 [D] ┌:F:n:WD_2:mug.c:52	(at logger.py:129) 
2019-03-02 02:05:51,315 [D] └:F:n:WD_2:mug.c:51	(at logger.py:129) 
2019-03-02 02:05:51,330 [D] subprocess cmd: ['source compile.sh /home/bohrok/Documents/DM/output/orbs/mug/11/work'], stdout: b''	(at ex_script.py:45) 
2019-03-02 02:05:51,331 [D] ┌:F:n:WD_3:mug.c:52	(at logger.py:129) 
2019-03-02 02:05:51,331 [D] |:F:n:WD_3:mug.c:51	(at logger.py:129) 
2019-03-02 02:05:51,331 [D] └:F:n:WD_3:mug.c:50	(at logger.py:129) 
2019-03-02 02:05:51,346 [D] subprocess cmd: ['source compile.sh /home/bohrok/Documents/DM/output/orbs/mug/11/work'], stdout: b''	(at ex_script.py:45) 
2019-03-02 02:05:51,346 [D] -:F:n:WD_1:mug.c:51	(at logger.py:129) 
2019-03-02 02:05:51,362 [D] subprocess cmd: ['source compile.sh /home/bohrok/Documents/DM/output/orbs/mug/11/work'], stdout: b''	(at ex_script.py:45) 
2019-03-02 02:05:51,363 [D] ┌:F:n:WD_2:mug.c:51	(at logger.py:129) 
2019-03-02 02:05:51,363 [D] └:F:n:WD_2:mug.c:50	(at logger.py:129) 
2019-03-02 02:05:51,378 [D] subprocess cmd: ['source compile.sh /home/bohrok/Documents/DM/output/orbs/mug/11/work'], stdout: b''	(at ex_script.py:45) 
2019-03-02 02:05:51,379 [D] ┌:F:n:WD_3:mug.c:51	(at logger.py:129) 
2019-03-02 02:05:51,379 [D] |:F:n:WD_3:mug.c:50	(at logger.py:129) 
2019-03-02 02:05:51,379 [D] └:F:n:WD_3:mug.c:49	(at logger.py:129) 
2019-03-02 02:05:51,394 [D] subprocess cmd: ['source compile.sh /home/bohrok/Documents/DM/output/orbs/mug/11/work'], stdout: b''	(at ex_script.py:45) 
2019-03-02 02:05:51,394 [D] -:F:n:WD_1:mug.c:50	(at logger.py:129) 
2019-03-02 02:05:51,409 [D] subprocess cmd: ['source compile.sh /home/bohrok/Documents/DM/output/orbs/mug/11/work'], stdout: b''	(at ex_script.py:45) 
2019-03-02 02:05:51,410 [D] ┌:F:n:WD_2:mug.c:50	(at logger.py:129) 
2019-03-02 02:05:51,410 [D] └:F:n:WD_2:mug.c:49	(at logger.py:129) 
2019-03-02 02:05:51,424 [D] subprocess cmd: ['source compile.sh /home/bohrok/Documents/DM/output/orbs/mug/11/work'], stdout: b''	(at ex_script.py:45) 
2019-03-02 02:05:51,424 [D] ┌:F:n:WD_3:mug.c:50	(at logger.py:129) 
2019-03-02 02:05:51,424 [D] |:F:n:WD_3:mug.c:49	(at logger.py:129) 
2019-03-02 02:05:51,424 [D] └:F:n:WD_3:mug.c:48	(at logger.py:129) 
2019-03-02 02:05:51,476 [D] -:P:n:WD_1:mug.c:49	(at logger.py:129) 
2019-03-02 02:05:51,494 [D] subprocess cmd: ['source compile.sh /home/bohrok/Documents/DM/output/orbs/mug/11/work'], stdout: b''	(at ex_script.py:45) 
2019-03-02 02:05:51,495 [D] -:F:n:WD_1:mug.c:48	(at logger.py:129) 
2019-03-02 02:05:51,510 [D] subprocess cmd: ['source compile.sh /home/bohrok/Documents/DM/output/orbs/mug/11/work'], stdout: b''	(at ex_script.py:45) 
2019-03-02 02:05:51,511 [D] ┌:F:n:WD_2:mug.c:48	(at logger.py:129) 
2019-03-02 02:05:51,511 [D] └:F:n:WD_2:mug.c:47	(at logger.py:129) 
2019-03-02 02:05:51,551 [D] ┌:P:c:WD_3:mug.c:48	(at logger.py:129) 
2019-03-02 02:05:51,551 [D] |:P:c:WD_3:mug.c:47	(at logger.py:129) 
2019-03-02 02:05:51,551 [D] └:P:c:WD_3:mug.c:46	(at logger.py:129) 
2019-03-02 02:05:51,551 [D]  : : :pass:mug.c:47	(at logger.py:129) 
2019-03-02 02:05:51,551 [D]  : : :pass:mug.c:46	(at logger.py:129) 
2019-03-02 02:05:51,601 [D] -:P:n:WD_1:mug.c:45	(at logger.py:129) 
2019-03-02 02:05:51,616 [D] subprocess cmd: ['source compile.sh /home/bohrok/Documents/DM/output/orbs/mug/11/work'], stdout: b''	(at ex_script.py:45) 
2019-03-02 02:05:51,616 [D] -:F:n:WD_1:mug.c:44	(at logger.py:129) 
2019-03-02 02:05:51,630 [D] subprocess cmd: ['source compile.sh /home/bohrok/Documents/DM/output/orbs/mug/11/work'], stdout: b''	(at ex_script.py:45) 
2019-03-02 02:05:51,631 [D] ┌:F:n:WD_2:mug.c:44	(at logger.py:129) 
2019-03-02 02:05:51,631 [D] └:F:n:WD_2:mug.c:43	(at logger.py:129) 
2019-03-02 02:05:51,646 [D] subprocess cmd: ['source compile.sh /home/bohrok/Documents/DM/output/orbs/mug/11/work'], stdout: b''	(at ex_script.py:45) 
2019-03-02 02:05:51,646 [D] ┌:F:n:WD_3:mug.c:44	(at logger.py:129) 
2019-03-02 02:05:51,646 [D] |:F:n:WD_3:mug.c:43	(at logger.py:129) 
2019-03-02 02:05:51,646 [D] └:F:n:WD_3:mug.c:42	(at logger.py:129) 
2019-03-02 02:05:51,685 [D] -:P:c:WD_1:mug.c:43	(at logger.py:129) 
2019-03-02 02:05:51,701 [D] subprocess cmd: ['source compile.sh /home/bohrok/Documents/DM/output/orbs/mug/11/work'], stdout: b''	(at ex_script.py:45) 
2019-03-02 02:05:51,701 [D] -:F:n:WD_1:mug.c:42	(at logger.py:129) 
2019-03-02 02:05:51,715 [D] subprocess cmd: ['source compile.sh /home/bohrok/Documents/DM/output/orbs/mug/11/work'], stdout: b''	(at ex_script.py:45) 
2019-03-02 02:05:51,716 [D] ┌:F:n:WD_2:mug.c:42	(at logger.py:129) 
2019-03-02 02:05:51,716 [D] └:F:n:WD_2:mug.c:41	(at logger.py:129) 
2019-03-02 02:05:51,752 [D] subprocess cmd: ['source compile.sh /home/bohrok/Documents/DM/output/orbs/mug/11/work'], stdout: b''	(at ex_script.py:45) 
2019-03-02 02:05:51,752 [D] ┌:F:n:WD_3:mug.c:42	(at logger.py:129) 
2019-03-02 02:05:51,752 [D] |:F:n:WD_3:mug.c:41	(at logger.py:129) 
2019-03-02 02:05:51,752 [D] └:F:n:WD_3:mug.c:40	(at logger.py:129) 
2019-03-02 02:05:51,767 [D] subprocess cmd: ['source compile.sh /home/bohrok/Documents/DM/output/orbs/mug/11/work'], stdout: b''	(at ex_script.py:45) 
2019-03-02 02:05:51,767 [D] -:F:n:WD_1:mug.c:41	(at logger.py:129) 
2019-03-02 02:05:51,782 [D] subprocess cmd: ['source compile.sh /home/bohrok/Documents/DM/output/orbs/mug/11/work'], stdout: b''	(at ex_script.py:45) 
2019-03-02 02:05:51,782 [D] ┌:F:n:WD_2:mug.c:41	(at logger.py:129) 
2019-03-02 02:05:51,782 [D] └:F:n:WD_2:mug.c:40	(at logger.py:129) 
2019-03-02 02:05:51,797 [D] subprocess cmd: ['source compile.sh /home/bohrok/Documents/DM/output/orbs/mug/11/work'], stdout: b''	(at ex_script.py:45) 
2019-03-02 02:05:51,797 [D] ┌:F:n:WD_3:mug.c:41	(at logger.py:129) 
2019-03-02 02:05:51,797 [D] |:F:n:WD_3:mug.c:40	(at logger.py:129) 
2019-03-02 02:05:51,797 [D] └:F:n:WD_3:mug.c:39	(at logger.py:129) 
2019-03-02 02:05:51,814 [D] subprocess cmd: ['source compile.sh /home/bohrok/Documents/DM/output/orbs/mug/11/work'], stdout: b''	(at ex_script.py:45) 
2019-03-02 02:05:51,814 [D] -:F:n:WD_1:mug.c:40	(at logger.py:129) 
2019-03-02 02:05:51,829 [D] subprocess cmd: ['source compile.sh /home/bohrok/Documents/DM/output/orbs/mug/11/work'], stdout: b''	(at ex_script.py:45) 
2019-03-02 02:05:51,830 [D] ┌:F:n:WD_2:mug.c:40	(at logger.py:129) 
2019-03-02 02:05:51,830 [D] └:F:n:WD_2:mug.c:39	(at logger.py:129) 
2019-03-02 02:05:51,846 [D] subprocess cmd: ['source compile.sh /home/bohrok/Documents/DM/output/orbs/mug/11/work'], stdout: b''	(at ex_script.py:45) 
2019-03-02 02:05:51,846 [D] ┌:F:n:WD_3:mug.c:40	(at logger.py:129) 
2019-03-02 02:05:51,846 [D] |:F:n:WD_3:mug.c:39	(at logger.py:129) 
2019-03-02 02:05:51,846 [D] └:F:n:WD_3:mug.c:38	(at logger.py:129) 
2019-03-02 02:05:51,862 [D] subprocess cmd: ['source compile.sh /home/bohrok/Documents/DM/output/orbs/mug/11/work'], stdout: b''	(at ex_script.py:45) 
2019-03-02 02:05:51,862 [D] -:F:n:WD_1:mug.c:39	(at logger.py:129) 
2019-03-02 02:05:51,879 [D] subprocess cmd: ['source compile.sh /home/bohrok/Documents/DM/output/orbs/mug/11/work'], stdout: b''	(at ex_script.py:45) 
2019-03-02 02:05:51,880 [D] ┌:F:n:WD_2:mug.c:39	(at logger.py:129) 
2019-03-02 02:05:51,880 [D] └:F:n:WD_2:mug.c:38	(at logger.py:129) 
2019-03-02 02:05:51,896 [D] subprocess cmd: ['source compile.sh /home/bohrok/Documents/DM/output/orbs/mug/11/work'], stdout: b''	(at ex_script.py:45) 
2019-03-02 02:05:51,896 [D] ┌:F:n:WD_3:mug.c:39	(at logger.py:129) 
2019-03-02 02:05:51,896 [D] |:F:n:WD_3:mug.c:38	(at logger.py:129) 
2019-03-02 02:05:51,896 [D] └:F:n:WD_3:mug.c:37	(at logger.py:129) 
2019-03-02 02:05:52,246 [D] subprocess cmd: ['source execute.sh /home/bohrok/Documents/DM/output/orbs/mug/11/work'], stdout: b'execute.sh: line 9:  1429 Killed                  timeout --signal=KILL 0.1 ./mug.exe 4 -4 0 > ./outputs/output0\nexecute.sh: line 15:  1431 Killed                  timeout --signal=KILL 0.1 ./mug.exe 4 4 0 > ./outputs/output1\nexecute.sh: line 21:  1433 Killed                  timeout --signal=KILL 0.1 ./mug.exe -4 4 0 > ./outputs/output2\n'	(at ex_script.py:45) 
2019-03-02 02:05:52,246 [D] -:C:n:WD_1:mug.c:38	(at logger.py:129) 
2019-03-02 02:05:52,321 [D] subprocess cmd: ['source compile.sh /home/bohrok/Documents/DM/output/orbs/mug/11/work'], stdout: b''	(at ex_script.py:45) 
2019-03-02 02:05:52,321 [D] ┌:F:n:WD_2:mug.c:38	(at logger.py:129) 
2019-03-02 02:05:52,321 [D] └:F:n:WD_2:mug.c:37	(at logger.py:129) 
2019-03-02 02:05:52,346 [D] subprocess cmd: ['source compile.sh /home/bohrok/Documents/DM/output/orbs/mug/11/work'], stdout: b''	(at ex_script.py:45) 
2019-03-02 02:05:52,346 [D] ┌:F:n:WD_3:mug.c:38	(at logger.py:129) 
2019-03-02 02:05:52,346 [D] |:F:n:WD_3:mug.c:37	(at logger.py:129) 
2019-03-02 02:05:52,347 [D] └:F:n:WD_3:mug.c:36	(at logger.py:129) 
2019-03-02 02:05:52,362 [D] subprocess cmd: ['source compile.sh /home/bohrok/Documents/DM/output/orbs/mug/11/work'], stdout: b''	(at ex_script.py:45) 
2019-03-02 02:05:52,362 [D] -:F:n:WD_1:mug.c:37	(at logger.py:129) 
2019-03-02 02:05:52,378 [D] subprocess cmd: ['source compile.sh /home/bohrok/Documents/DM/output/orbs/mug/11/work'], stdout: b''	(at ex_script.py:45) 
2019-03-02 02:05:52,378 [D] ┌:F:n:WD_2:mug.c:37	(at logger.py:129) 
2019-03-02 02:05:52,378 [D] └:F:n:WD_2:mug.c:36	(at logger.py:129) 
2019-03-02 02:05:52,415 [D] ┌:C:c:WD_3:mug.c:37	(at logger.py:129) 
2019-03-02 02:05:52,415 [D] |:C:c:WD_3:mug.c:36	(at logger.py:129) 
2019-03-02 02:05:52,415 [D] └:C:c:WD_3:mug.c:35	(at logger.py:129) 
2019-03-02 02:05:52,450 [D] -:P:c:WD_1:mug.c:36	(at logger.py:129) 
2019-03-02 02:05:52,466 [D] subprocess cmd: ['source compile.sh /home/bohrok/Documents/DM/output/orbs/mug/11/work'], stdout: b''	(at ex_script.py:45) 
2019-03-02 02:05:52,466 [D] -:F:n:WD_1:mug.c:35	(at logger.py:129) 
2019-03-02 02:05:52,481 [D] subprocess cmd: ['source compile.sh /home/bohrok/Documents/DM/output/orbs/mug/11/work'], stdout: b''	(at ex_script.py:45) 
2019-03-02 02:05:52,481 [D] ┌:F:n:WD_2:mug.c:35	(at logger.py:129) 
2019-03-02 02:05:52,481 [D] └:F:n:WD_2:mug.c:34	(at logger.py:129) 
2019-03-02 02:05:52,633 [D] subprocess cmd: ['source execute.sh /home/bohrok/Documents/DM/output/orbs/mug/11/work'], stdout: b'execute.sh: line 21:  1493 Killed                  timeout --signal=KILL 0.1 ./mug.exe -4 4 0 > ./outputs/output2\n'	(at ex_script.py:45) 
2019-03-02 02:05:52,633 [D] ┌:C:n:WD_3:mug.c:35	(at logger.py:129) 
2019-03-02 02:05:52,633 [D] |:C:n:WD_3:mug.c:34	(at logger.py:129) 
2019-03-02 02:05:52,633 [D] └:C:n:WD_3:mug.c:33	(at logger.py:129) 
2019-03-02 02:05:52,735 [D] -:C:n:WD_1:mug.c:34	(at logger.py:129) 
2019-03-02 02:05:52,752 [D] subprocess cmd: ['source compile.sh /home/bohrok/Documents/DM/output/orbs/mug/11/work'], stdout: b''	(at ex_script.py:45) 
2019-03-02 02:05:52,752 [D] ┌:F:n:WD_2:mug.c:34	(at logger.py:129) 
2019-03-02 02:05:52,752 [D] └:F:n:WD_2:mug.c:33	(at logger.py:129) 
2019-03-02 02:05:52,768 [D] subprocess cmd: ['source compile.sh /home/bohrok/Documents/DM/output/orbs/mug/11/work'], stdout: b''	(at ex_script.py:45) 
2019-03-02 02:05:52,768 [D] ┌:F:n:WD_3:mug.c:34	(at logger.py:129) 
2019-03-02 02:05:52,769 [D] |:F:n:WD_3:mug.c:33	(at logger.py:129) 
2019-03-02 02:05:52,769 [D] └:F:n:WD_3:mug.c:32	(at logger.py:129) 
2019-03-02 02:05:52,786 [D] subprocess cmd: ['source compile.sh /home/bohrok/Documents/DM/output/orbs/mug/11/work'], stdout: b''	(at ex_script.py:45) 
2019-03-02 02:05:52,787 [D] -:F:n:WD_1:mug.c:33	(at logger.py:129) 
2019-03-02 02:05:52,802 [D] subprocess cmd: ['source compile.sh /home/bohrok/Documents/DM/output/orbs/mug/11/work'], stdout: b''	(at ex_script.py:45) 
2019-03-02 02:05:52,803 [D] ┌:F:n:WD_2:mug.c:33	(at logger.py:129) 
2019-03-02 02:05:52,803 [D] └:F:n:WD_2:mug.c:32	(at logger.py:129) 
2019-03-02 02:05:52,849 [D] subprocess cmd: ['source compile.sh /home/bohrok/Documents/DM/output/orbs/mug/11/work'], stdout: b''	(at ex_script.py:45) 
2019-03-02 02:05:52,850 [D] ┌:F:n:WD_3:mug.c:33	(at logger.py:129) 
2019-03-02 02:05:52,850 [D] |:F:n:WD_3:mug.c:32	(at logger.py:129) 
2019-03-02 02:05:52,850 [D] └:F:n:WD_3:mug.c:31	(at logger.py:129) 
2019-03-02 02:05:53,215 [D] subprocess cmd: ['source execute.sh /home/bohrok/Documents/DM/output/orbs/mug/11/work'], stdout: b'execute.sh: line 9:  1551 Killed                  timeout --signal=KILL 0.1 ./mug.exe 4 -4 0 > ./outputs/output0\nexecute.sh: line 15:  1555 Killed                  timeout --signal=KILL 0.1 ./mug.exe 4 4 0 > ./outputs/output1\nexecute.sh: line 21:  1558 Killed                  timeout --signal=KILL 0.1 ./mug.exe -4 4 0 > ./outputs/output2\n'	(at ex_script.py:45) 
2019-03-02 02:05:53,216 [D] -:C:n:WD_1:mug.c:32	(at logger.py:129) 
2019-03-02 02:05:53,607 [D] subprocess cmd: ['source execute.sh /home/bohrok/Documents/DM/output/orbs/mug/11/work'], stdout: b'execute.sh: line 9:  1571 Killed                  timeout --signal=KILL 0.1 ./mug.exe 4 -4 0 > ./outputs/output0\nexecute.sh: line 15:  1573 Killed                  timeout --signal=KILL 0.1 ./mug.exe 4 4 0 > ./outputs/output1\nexecute.sh: line 21:  1575 Killed                  timeout --signal=KILL 0.1 ./mug.exe -4 4 0 > ./outputs/output2\n'	(at ex_script.py:45) 
2019-03-02 02:05:53,608 [D] ┌:C:n:WD_2:mug.c:32	(at logger.py:129) 
2019-03-02 02:05:53,608 [D] └:C:n:WD_2:mug.c:31	(at logger.py:129) 
2019-03-02 02:05:53,646 [D] ┌:C:c:WD_3:mug.c:32	(at logger.py:129) 
2019-03-02 02:05:53,647 [D] |:C:c:WD_3:mug.c:31	(at logger.py:129) 
2019-03-02 02:05:53,647 [D] └:C:c:WD_3:mug.c:30	(at logger.py:129) 
2019-03-02 02:05:53,692 [D] subprocess cmd: ['source execute.sh /home/bohrok/Documents/DM/output/orbs/mug/11/work'], stdout: b''	(at ex_script.py:45) 
2019-03-02 02:05:53,692 [D] -:C:n:WD_1:mug.c:31	(at logger.py:129) 
2019-03-02 02:05:53,732 [D] ┌:C:c:WD_2:mug.c:31	(at logger.py:129) 
2019-03-02 02:05:53,732 [D] └:C:c:WD_2:mug.c:30	(at logger.py:129) 
2019-03-02 02:05:53,748 [D] subprocess cmd: ['source compile.sh /home/bohrok/Documents/DM/output/orbs/mug/11/work'], stdout: b''	(at ex_script.py:45) 
2019-03-02 02:05:53,748 [D] ┌:F:n:WD_3:mug.c:31	(at logger.py:129) 
2019-03-02 02:05:53,748 [D] |:F:n:WD_3:mug.c:30	(at logger.py:129) 
2019-03-02 02:05:53,749 [D] └:F:n:WD_3:mug.c:29	(at logger.py:129) 
2019-03-02 02:05:53,784 [D] -:P:c:WD_1:mug.c:30	(at logger.py:129) 
2019-03-02 02:05:53,798 [D] subprocess cmd: ['source compile.sh /home/bohrok/Documents/DM/output/orbs/mug/11/work'], stdout: b''	(at ex_script.py:45) 
2019-03-02 02:05:53,798 [D] -:F:n:WD_1:mug.c:29	(at logger.py:129) 
2019-03-02 02:05:53,813 [D] subprocess cmd: ['source compile.sh /home/bohrok/Documents/DM/output/orbs/mug/11/work'], stdout: b''	(at ex_script.py:45) 
2019-03-02 02:05:53,813 [D] ┌:F:n:WD_2:mug.c:29	(at logger.py:129) 
2019-03-02 02:05:53,813 [D] └:F:n:WD_2:mug.c:28	(at logger.py:129) 
2019-03-02 02:05:53,848 [D] subprocess cmd: ['source compile.sh /home/bohrok/Documents/DM/output/orbs/mug/11/work'], stdout: b''	(at ex_script.py:45) 
2019-03-02 02:05:53,848 [D] ┌:F:n:WD_3:mug.c:29	(at logger.py:129) 
2019-03-02 02:05:53,848 [D] |:F:n:WD_3:mug.c:28	(at logger.py:129) 
2019-03-02 02:05:53,848 [D] └:F:n:WD_3:mug.c:27	(at logger.py:129) 
2019-03-02 02:05:53,865 [D] subprocess cmd: ['source compile.sh /home/bohrok/Documents/DM/output/orbs/mug/11/work'], stdout: b''	(at ex_script.py:45) 
2019-03-02 02:05:53,865 [D] -:F:n:WD_1:mug.c:28	(at logger.py:129) 
2019-03-02 02:05:53,880 [D] subprocess cmd: ['source compile.sh /home/bohrok/Documents/DM/output/orbs/mug/11/work'], stdout: b''	(at ex_script.py:45) 
2019-03-02 02:05:53,880 [D] ┌:F:n:WD_2:mug.c:28	(at logger.py:129) 
2019-03-02 02:05:53,880 [D] └:F:n:WD_2:mug.c:27	(at logger.py:129) 
2019-03-02 02:05:53,897 [D] subprocess cmd: ['source compile.sh /home/bohrok/Documents/DM/output/orbs/mug/11/work'], stdout: b''	(at ex_script.py:45) 
2019-03-02 02:05:53,897 [D] ┌:F:n:WD_3:mug.c:28	(at logger.py:129) 
2019-03-02 02:05:53,897 [D] |:F:n:WD_3:mug.c:27	(at logger.py:129) 
2019-03-02 02:05:53,897 [D] └:F:n:WD_3:mug.c:26	(at logger.py:129) 
2019-03-02 02:05:53,914 [D] subprocess cmd: ['source compile.sh /home/bohrok/Documents/DM/output/orbs/mug/11/work'], stdout: b''	(at ex_script.py:45) 
2019-03-02 02:05:53,914 [D] -:F:n:WD_1:mug.c:27	(at logger.py:129) 
2019-03-02 02:05:53,930 [D] subprocess cmd: ['source compile.sh /home/bohrok/Documents/DM/output/orbs/mug/11/work'], stdout: b''	(at ex_script.py:45) 
2019-03-02 02:05:53,931 [D] ┌:F:n:WD_2:mug.c:27	(at logger.py:129) 
2019-03-02 02:05:53,931 [D] └:F:n:WD_2:mug.c:26	(at logger.py:129) 
2019-03-02 02:05:53,947 [D] subprocess cmd: ['source compile.sh /home/bohrok/Documents/DM/output/orbs/mug/11/work'], stdout: b''	(at ex_script.py:45) 
2019-03-02 02:05:53,947 [D] ┌:F:n:WD_3:mug.c:27	(at logger.py:129) 
2019-03-02 02:05:53,947 [D] |:F:n:WD_3:mug.c:26	(at logger.py:129) 
2019-03-02 02:05:53,947 [D] └:F:n:WD_3:mug.c:25	(at logger.py:129) 
2019-03-02 02:05:53,993 [D] -:P:n:WD_1:mug.c:26	(at logger.py:129) 
2019-03-02 02:05:54,009 [D] subprocess cmd: ['source compile.sh /home/bohrok/Documents/DM/output/orbs/mug/11/work'], stdout: b''	(at ex_script.py:45) 
2019-03-02 02:05:54,009 [D] -:F:n:WD_1:mug.c:25	(at logger.py:129) 
2019-03-02 02:05:54,027 [D] subprocess cmd: ['source compile.sh /home/bohrok/Documents/DM/output/orbs/mug/11/work'], stdout: b''	(at ex_script.py:45) 
2019-03-02 02:05:54,027 [D] ┌:F:n:WD_2:mug.c:25	(at logger.py:129) 
2019-03-02 02:05:54,027 [D] └:F:n:WD_2:mug.c:24	(at logger.py:129) 
2019-03-02 02:05:54,045 [D] subprocess cmd: ['source compile.sh /home/bohrok/Documents/DM/output/orbs/mug/11/work'], stdout: b''	(at ex_script.py:45) 
2019-03-02 02:05:54,046 [D] ┌:F:n:WD_3:mug.c:25	(at logger.py:129) 
2019-03-02 02:05:54,046 [D] |:F:n:WD_3:mug.c:24	(at logger.py:129) 
2019-03-02 02:05:54,046 [D] └:F:n:WD_3:mug.c:23	(at logger.py:129) 
2019-03-02 02:05:54,298 [D] subprocess cmd: ['source execute.sh /home/bohrok/Documents/DM/output/orbs/mug/11/work'], stdout: b'execute.sh: line 9:  1722 Killed                  timeout --signal=KILL 0.1 ./mug.exe 4 -4 0 > ./outputs/output0\nexecute.sh: line 15:  1724 Killed                  timeout --signal=KILL 0.1 ./mug.exe 4 4 0 > ./outputs/output1\n'	(at ex_script.py:45) 
2019-03-02 02:05:54,298 [D] -:C:n:WD_1:mug.c:24	(at logger.py:129) 
2019-03-02 02:05:54,356 [D] subprocess cmd: ['source compile.sh /home/bohrok/Documents/DM/output/orbs/mug/11/work'], stdout: b''	(at ex_script.py:45) 
2019-03-02 02:05:54,357 [D] ┌:F:n:WD_2:mug.c:24	(at logger.py:129) 
2019-03-02 02:05:54,358 [D] └:F:n:WD_2:mug.c:23	(at logger.py:129) 
2019-03-02 02:05:54,404 [D] subprocess cmd: ['source compile.sh /home/bohrok/Documents/DM/output/orbs/mug/11/work'], stdout: b''	(at ex_script.py:45) 
2019-03-02 02:05:54,404 [D] ┌:F:n:WD_3:mug.c:24	(at logger.py:129) 
2019-03-02 02:05:54,405 [D] |:F:n:WD_3:mug.c:23	(at logger.py:129) 
2019-03-02 02:05:54,405 [D] └:F:n:WD_3:mug.c:22	(at logger.py:129) 
2019-03-02 02:05:54,424 [D] subprocess cmd: ['source compile.sh /home/bohrok/Documents/DM/output/orbs/mug/11/work'], stdout: b''	(at ex_script.py:45) 
2019-03-02 02:05:54,425 [D] -:F:n:WD_1:mug.c:23	(at logger.py:129) 
2019-03-02 02:05:54,442 [D] subprocess cmd: ['source compile.sh /home/bohrok/Documents/DM/output/orbs/mug/11/work'], stdout: b''	(at ex_script.py:45) 
2019-03-02 02:05:54,443 [D] ┌:F:n:WD_2:mug.c:23	(at logger.py:129) 
2019-03-02 02:05:54,443 [D] └:F:n:WD_2:mug.c:22	(at logger.py:129) 
2019-03-02 02:05:54,461 [D] subprocess cmd: ['source compile.sh /home/bohrok/Documents/DM/output/orbs/mug/11/work'], stdout: b''	(at ex_script.py:45) 
2019-03-02 02:05:54,461 [D] ┌:F:n:WD_3:mug.c:23	(at logger.py:129) 
2019-03-02 02:05:54,461 [D] |:F:n:WD_3:mug.c:22	(at logger.py:129) 
2019-03-02 02:05:54,461 [D] └:F:n:WD_3:mug.c:21	(at logger.py:129) 
2019-03-02 02:05:54,516 [D] -:P:n:WD_1:mug.c:22	(at logger.py:129) 
2019-03-02 02:05:54,564 [D] -:P:n:WD_1:mug.c:21	(at logger.py:129) 
2019-03-02 02:05:54,581 [D] subprocess cmd: ['source compile.sh /home/bohrok/Documents/DM/output/orbs/mug/11/work'], stdout: b''	(at ex_script.py:45) 
2019-03-02 02:05:54,582 [D] -:F:n:WD_1:mug.c:20	(at logger.py:129) 
2019-03-02 02:05:54,598 [D] subprocess cmd: ['source compile.sh /home/bohrok/Documents/DM/output/orbs/mug/11/work'], stdout: b''	(at ex_script.py:45) 
2019-03-02 02:05:54,598 [D] ┌:F:n:WD_2:mug.c:20	(at logger.py:129) 
2019-03-02 02:05:54,598 [D] └:F:n:WD_2:mug.c:19	(at logger.py:129) 
2019-03-02 02:05:54,615 [D] subprocess cmd: ['source compile.sh /home/bohrok/Documents/DM/output/orbs/mug/11/work'], stdout: b''	(at ex_script.py:45) 
2019-03-02 02:05:54,615 [D] ┌:F:n:WD_3:mug.c:20	(at logger.py:129) 
2019-03-02 02:05:54,615 [D] |:F:n:WD_3:mug.c:19	(at logger.py:129) 
2019-03-02 02:05:54,615 [D] └:F:n:WD_3:mug.c:18	(at logger.py:129) 
2019-03-02 02:05:54,662 [D] -:P:n:WD_1:mug.c:19	(at logger.py:129) 
2019-03-02 02:05:54,679 [D] subprocess cmd: ['source compile.sh /home/bohrok/Documents/DM/output/orbs/mug/11/work'], stdout: b''	(at ex_script.py:45) 
2019-03-02 02:05:54,679 [D] -:F:n:WD_1:mug.c:18	(at logger.py:129) 
2019-03-02 02:05:54,696 [D] subprocess cmd: ['source compile.sh /home/bohrok/Documents/DM/output/orbs/mug/11/work'], stdout: b''	(at ex_script.py:45) 
2019-03-02 02:05:54,697 [D] ┌:F:n:WD_2:mug.c:18	(at logger.py:129) 
2019-03-02 02:05:54,697 [D] └:F:n:WD_2:mug.c:17	(at logger.py:129) 
2019-03-02 02:05:54,713 [D] subprocess cmd: ['source compile.sh /home/bohrok/Documents/DM/output/orbs/mug/11/work'], stdout: b''	(at ex_script.py:45) 
2019-03-02 02:05:54,713 [D] ┌:F:n:WD_3:mug.c:18	(at logger.py:129) 
2019-03-02 02:05:54,714 [D] |:F:n:WD_3:mug.c:17	(at logger.py:129) 
2019-03-02 02:05:54,714 [D] └:F:n:WD_3:mug.c:16	(at logger.py:129) 
2019-03-02 02:05:54,757 [D] subprocess cmd: ['source execute.sh /home/bohrok/Documents/DM/output/orbs/mug/11/work'], stdout: b''	(at ex_script.py:45) 
2019-03-02 02:05:54,758 [D] -:C:n:WD_1:mug.c:17	(at logger.py:129) 
2019-03-02 02:05:54,806 [D] subprocess cmd: ['source execute.sh /home/bohrok/Documents/DM/output/orbs/mug/11/work'], stdout: b''	(at ex_script.py:45) 
2019-03-02 02:05:54,807 [D] ┌:C:n:WD_2:mug.c:17	(at logger.py:129) 
2019-03-02 02:05:54,807 [D] └:C:n:WD_2:mug.c:16	(at logger.py:129) 
2019-03-02 02:05:54,855 [D] subprocess cmd: ['source execute.sh /home/bohrok/Documents/DM/output/orbs/mug/11/work'], stdout: b''	(at ex_script.py:45) 
2019-03-02 02:05:54,855 [D] ┌:C:n:WD_3:mug.c:17	(at logger.py:129) 
2019-03-02 02:05:54,855 [D] |:C:n:WD_3:mug.c:16	(at logger.py:129) 
2019-03-02 02:05:54,856 [D] └:C:n:WD_3:mug.c:15	(at logger.py:129) 
2019-03-02 02:05:54,907 [D] -:P:n:WD_1:mug.c:16	(at logger.py:129) 
2019-03-02 02:05:54,956 [D] -:P:n:WD_1:mug.c:15	(at logger.py:129) 
2019-03-02 02:05:55,006 [D] -:C:n:WD_1:mug.c:14	(at logger.py:129) 
2019-03-02 02:05:55,044 [D] ┌:C:c:WD_2:mug.c:14	(at logger.py:129) 
2019-03-02 02:05:55,045 [D] └:C:c:WD_2:mug.c:13	(at logger.py:129) 
2019-03-02 02:05:55,088 [D] ┌:C:c:WD_3:mug.c:14	(at logger.py:129) 
2019-03-02 02:05:55,088 [D] |:C:c:WD_3:mug.c:13	(at logger.py:129) 
2019-03-02 02:05:55,088 [D] └:C:c:WD_3:mug.c:12	(at logger.py:129) 
2019-03-02 02:05:55,127 [D] -:P:c:WD_1:mug.c:13	(at logger.py:129) 
2019-03-02 02:05:55,166 [D] -:P:c:WD_1:mug.c:12	(at logger.py:129) 
2019-03-02 02:05:55,181 [D] subprocess cmd: ['source compile.sh /home/bohrok/Documents/DM/output/orbs/mug/11/work'], stdout: b''	(at ex_script.py:45) 
2019-03-02 02:05:55,181 [D] -:F:n:WD_1:mug.c:11	(at logger.py:129) 
2019-03-02 02:05:55,196 [D] subprocess cmd: ['source compile.sh /home/bohrok/Documents/DM/output/orbs/mug/11/work'], stdout: b''	(at ex_script.py:45) 
2019-03-02 02:05:55,197 [D] ┌:F:n:WD_2:mug.c:11	(at logger.py:129) 
2019-03-02 02:05:55,197 [D] └:F:n:WD_2:mug.c:10	(at logger.py:129) 
2019-03-02 02:05:55,214 [D] subprocess cmd: ['source compile.sh /home/bohrok/Documents/DM/output/orbs/mug/11/work'], stdout: b''	(at ex_script.py:45) 
2019-03-02 02:05:55,214 [D] ┌:F:n:WD_3:mug.c:11	(at logger.py:129) 
2019-03-02 02:05:55,214 [D] |:F:n:WD_3:mug.c:10	(at logger.py:129) 
2019-03-02 02:05:55,214 [D] └:F:n:WD_3:mug.c:9	(at logger.py:129) 
2019-03-02 02:05:55,230 [D] subprocess cmd: ['source compile.sh /home/bohrok/Documents/DM/output/orbs/mug/11/work'], stdout: b''	(at ex_script.py:45) 
2019-03-02 02:05:55,230 [D] -:F:n:WD_1:mug.c:10	(at logger.py:129) 
2019-03-02 02:05:55,248 [D] subprocess cmd: ['source compile.sh /home/bohrok/Documents/DM/output/orbs/mug/11/work'], stdout: b''	(at ex_script.py:45) 
2019-03-02 02:05:55,249 [D] ┌:F:n:WD_2:mug.c:10	(at logger.py:129) 
2019-03-02 02:05:55,249 [D] └:F:n:WD_2:mug.c:9	(at logger.py:129) 
2019-03-02 02:05:55,266 [D] subprocess cmd: ['source compile.sh /home/bohrok/Documents/DM/output/orbs/mug/11/work'], stdout: b''	(at ex_script.py:45) 
2019-03-02 02:05:55,266 [D] ┌:F:n:WD_3:mug.c:10	(at logger.py:129) 
2019-03-02 02:05:55,266 [D] |:F:n:WD_3:mug.c:9	(at logger.py:129) 
2019-03-02 02:05:55,266 [D] └:F:n:WD_3:mug.c:8	(at logger.py:129) 
2019-03-02 02:05:55,283 [D] subprocess cmd: ['source compile.sh /home/bohrok/Documents/DM/output/orbs/mug/11/work'], stdout: b''	(at ex_script.py:45) 
2019-03-02 02:05:55,283 [D] -:F:n:WD_1:mug.c:9	(at logger.py:129) 
2019-03-02 02:05:55,299 [D] subprocess cmd: ['source compile.sh /home/bohrok/Documents/DM/output/orbs/mug/11/work'], stdout: b''	(at ex_script.py:45) 
2019-03-02 02:05:55,299 [D] ┌:F:n:WD_2:mug.c:9	(at logger.py:129) 
2019-03-02 02:05:55,299 [D] └:F:n:WD_2:mug.c:8	(at logger.py:129) 
2019-03-02 02:05:55,316 [D] subprocess cmd: ['source compile.sh /home/bohrok/Documents/DM/output/orbs/mug/11/work'], stdout: b''	(at ex_script.py:45) 
2019-03-02 02:05:55,316 [D] ┌:F:n:WD_3:mug.c:9	(at logger.py:129) 
2019-03-02 02:05:55,316 [D] |:F:n:WD_3:mug.c:8	(at logger.py:129) 
2019-03-02 02:05:55,317 [D] └:F:n:WD_3:mug.c:7	(at logger.py:129) 
2019-03-02 02:05:55,353 [D] -:P:c:WD_1:mug.c:8	(at logger.py:129) 
2019-03-02 02:05:55,390 [D] -:P:c:WD_1:mug.c:7	(at logger.py:129) 
2019-03-02 02:05:55,436 [D] -:P:n:WD_1:mug.c:6	(at logger.py:129) 
2019-03-02 02:05:55,472 [D] -:P:c:WD_1:mug.c:5	(at logger.py:129) 
2019-03-02 02:05:55,486 [D] subprocess cmd: ['source compile.sh /home/bohrok/Documents/DM/output/orbs/mug/11/work'], stdout: b''	(at ex_script.py:45) 
2019-03-02 02:05:55,487 [D] -:F:n:WD_1:mug.c:4	(at logger.py:129) 
2019-03-02 02:05:55,501 [D] subprocess cmd: ['source compile.sh /home/bohrok/Documents/DM/output/orbs/mug/11/work'], stdout: b''	(at ex_script.py:45) 
2019-03-02 02:05:55,501 [D] ┌:F:n:WD_2:mug.c:4	(at logger.py:129) 
2019-03-02 02:05:55,501 [D] └:F:n:WD_2:mug.c:3	(at logger.py:129) 
2019-03-02 02:05:55,516 [D] subprocess cmd: ['source compile.sh /home/bohrok/Documents/DM/output/orbs/mug/11/work'], stdout: b''	(at ex_script.py:45) 
2019-03-02 02:05:55,516 [D] ┌:F:n:WD_3:mug.c:4	(at logger.py:129) 
2019-03-02 02:05:55,516 [D] |:F:n:WD_3:mug.c:3	(at logger.py:129) 
2019-03-02 02:05:55,516 [D] └:F:n:WD_3:mug.c:2	(at logger.py:129) 
2019-03-02 02:05:55,532 [D] subprocess cmd: ['source compile.sh /home/bohrok/Documents/DM/output/orbs/mug/11/work'], stdout: b''	(at ex_script.py:45) 
2019-03-02 02:05:55,533 [D] -:F:n:WD_1:mug.c:3	(at logger.py:129) 
2019-03-02 02:05:55,545 [D] subprocess cmd: ['source compile.sh /home/bohrok/Documents/DM/output/orbs/mug/11/work'], stdout: b''	(at ex_script.py:45) 
2019-03-02 02:05:55,545 [D] ┌:F:n:WD_2:mug.c:3	(at logger.py:129) 
2019-03-02 02:05:55,545 [D] └:F:n:WD_2:mug.c:2	(at logger.py:129) 
2019-03-02 02:05:55,557 [D] subprocess cmd: ['source compile.sh /home/bohrok/Documents/DM/output/orbs/mug/11/work'], stdout: b''	(at ex_script.py:45) 
2019-03-02 02:05:55,557 [D] ┌:F:n:WD_3:mug.c:3	(at logger.py:129) 
2019-03-02 02:05:55,557 [D] |:F:n:WD_3:mug.c:2	(at logger.py:129) 
2019-03-02 02:05:55,557 [D] └:F:n:WD_3:mug.c:1	(at logger.py:129) 
2019-03-02 02:05:55,602 [D] -:P:n:WD_1:mug.c:2	(at logger.py:129) 
2019-03-02 02:05:55,634 [D] -:P:c:WD_1:mug.c:1	(at logger.py:129) 
2019-03-02 02:05:55,634 [D] comp_cached_cnt:0	(at logger.py:134) 
2019-03-02 02:05:55,634 [D] compile_cnt:141	(at logger.py:134) 
2019-03-02 02:05:55,634 [D] execute_cnt:24	(at logger.py:134) 
2019-03-02 02:05:55,634 [D] fail_del_cnt:17	(at logger.py:134) 
2019-03-02 02:05:55,634 [D] iter_idx:1	(at logger.py:134) 
2019-03-02 02:05:55,634 [D] reuse_cnt:15	(at logger.py:134) 
2019-03-02 02:05:55,634 [D] succ_del_cnt:22	(at logger.py:134) 
2019-03-02 02:05:55,634 [D] time:5.213702440261841	(at logger.py:134) 
2019-03-02 02:05:55,634 [D] deletion:24	(at logger.py:136) 
2019-03-02 02:05:55,635 [I] Iteration 1 finished	(at orbs.py:87) 
2019-03-02 02:05:55,644 [D] subprocess cmd: ['source compile.sh /home/bohrok/Documents/DM/output/orbs/mug/11/work'], stdout: b''	(at ex_script.py:45) 
2019-03-02 02:05:55,644 [D] -:F:n:WD_1:mug.c:63	(at logger.py:129) 
2019-03-02 02:05:55,657 [D] subprocess cmd: ['source compile.sh /home/bohrok/Documents/DM/output/orbs/mug/11/work'], stdout: b''	(at ex_script.py:45) 
2019-03-02 02:05:55,658 [D] ┌:F:n:WD_2:mug.c:63	(at logger.py:129) 
2019-03-02 02:05:55,658 [D] └:F:n:WD_2:mug.c:61	(at logger.py:129) 
2019-03-02 02:05:55,702 [D] ┌:P:n:WD_3:mug.c:63	(at logger.py:129) 
2019-03-02 02:05:55,703 [D] |:P:n:WD_3:mug.c:61	(at logger.py:129) 
2019-03-02 02:05:55,703 [D] └:P:n:WD_3:mug.c:60	(at logger.py:129) 
2019-03-02 02:05:55,703 [D]  : : :pass:mug.c:62	(at logger.py:129) 
2019-03-02 02:05:55,703 [D]  : : :pass:mug.c:61	(at logger.py:129) 
2019-03-02 02:05:55,703 [D]  : : :pass:mug.c:60	(at logger.py:129) 
2019-03-02 02:05:55,713 [D] subprocess cmd: ['source compile.sh /home/bohrok/Documents/DM/output/orbs/mug/11/work'], stdout: b''	(at ex_script.py:45) 
2019-03-02 02:05:55,713 [D] -:F:n:WD_1:mug.c:59	(at logger.py:129) 
2019-03-02 02:05:55,725 [D] subprocess cmd: ['source compile.sh /home/bohrok/Documents/DM/output/orbs/mug/11/work'], stdout: b''	(at ex_script.py:45) 
2019-03-02 02:05:55,725 [D] ┌:F:n:WD_2:mug.c:59	(at logger.py:129) 
2019-03-02 02:05:55,725 [D] └:F:n:WD_2:mug.c:57	(at logger.py:129) 
2019-03-02 02:05:55,773 [D] ┌:P:n:WD_3:mug.c:59	(at logger.py:129) 
2019-03-02 02:05:55,774 [D] |:P:n:WD_3:mug.c:57	(at logger.py:129) 
2019-03-02 02:05:55,774 [D] └:P:n:WD_3:mug.c:56	(at logger.py:129) 
2019-03-02 02:05:55,774 [D]  : : :pass:mug.c:58	(at logger.py:129) 
2019-03-02 02:05:55,774 [D]  : : :pass:mug.c:57	(at logger.py:129) 
2019-03-02 02:05:55,774 [D]  : : :pass:mug.c:56	(at logger.py:129) 
2019-03-02 02:05:55,786 [D] subprocess cmd: ['source compile.sh /home/bohrok/Documents/DM/output/orbs/mug/11/work'], stdout: b''	(at ex_script.py:45) 
2019-03-02 02:05:55,786 [D] -:F:n:WD_1:mug.c:55	(at logger.py:129) 
2019-03-02 02:05:55,798 [D] subprocess cmd: ['source compile.sh /home/bohrok/Documents/DM/output/orbs/mug/11/work'], stdout: b''	(at ex_script.py:45) 
2019-03-02 02:05:55,799 [D] ┌:F:n:WD_2:mug.c:55	(at logger.py:129) 
2019-03-02 02:05:55,799 [D] └:F:n:WD_2:mug.c:54	(at logger.py:129) 
2019-03-02 02:05:55,809 [D] subprocess cmd: ['source compile.sh /home/bohrok/Documents/DM/output/orbs/mug/11/work'], stdout: b''	(at ex_script.py:45) 
2019-03-02 02:05:55,810 [D] ┌:F:n:WD_3:mug.c:55	(at logger.py:129) 
2019-03-02 02:05:55,810 [D] |:F:n:WD_3:mug.c:54	(at logger.py:129) 
2019-03-02 02:05:55,810 [D] └:F:n:WD_3:mug.c:53	(at logger.py:129) 
2019-03-02 02:05:55,859 [D] -:C:n:WD_1:mug.c:54	(at logger.py:129) 
2019-03-02 02:05:55,874 [D] subprocess cmd: ['source compile.sh /home/bohrok/Documents/DM/output/orbs/mug/11/work'], stdout: b''	(at ex_script.py:45) 
2019-03-02 02:05:55,874 [D] ┌:F:n:WD_2:mug.c:54	(at logger.py:129) 
2019-03-02 02:05:55,874 [D] └:F:n:WD_2:mug.c:53	(at logger.py:129) 
2019-03-02 02:05:55,886 [D] subprocess cmd: ['source compile.sh /home/bohrok/Documents/DM/output/orbs/mug/11/work'], stdout: b''	(at ex_script.py:45) 
2019-03-02 02:05:55,886 [D] ┌:F:n:WD_3:mug.c:54	(at logger.py:129) 
2019-03-02 02:05:55,886 [D] |:F:n:WD_3:mug.c:53	(at logger.py:129) 
2019-03-02 02:05:55,886 [D] └:F:n:WD_3:mug.c:52	(at logger.py:129) 
2019-03-02 02:05:55,898 [D] subprocess cmd: ['source compile.sh /home/bohrok/Documents/DM/output/orbs/mug/11/work'], stdout: b''	(at ex_script.py:45) 
2019-03-02 02:05:55,898 [D] -:F:n:WD_1:mug.c:53	(at logger.py:129) 
2019-03-02 02:05:55,909 [D] subprocess cmd: ['source compile.sh /home/bohrok/Documents/DM/output/orbs/mug/11/work'], stdout: b''	(at ex_script.py:45) 
2019-03-02 02:05:55,909 [D] ┌:F:n:WD_2:mug.c:53	(at logger.py:129) 
2019-03-02 02:05:55,909 [D] └:F:n:WD_2:mug.c:52	(at logger.py:129) 
2019-03-02 02:05:55,943 [D] subprocess cmd: ['source compile.sh /home/bohrok/Documents/DM/output/orbs/mug/11/work'], stdout: b''	(at ex_script.py:45) 
2019-03-02 02:05:55,943 [D] ┌:F:n:WD_3:mug.c:53	(at logger.py:129) 
2019-03-02 02:05:55,943 [D] |:F:n:WD_3:mug.c:52	(at logger.py:129) 
2019-03-02 02:05:55,943 [D] └:F:n:WD_3:mug.c:51	(at logger.py:129) 
2019-03-02 02:05:55,957 [D] subprocess cmd: ['source compile.sh /home/bohrok/Documents/DM/output/orbs/mug/11/work'], stdout: b''	(at ex_script.py:45) 
2019-03-02 02:05:55,957 [D] -:F:n:WD_1:mug.c:52	(at logger.py:129) 
2019-03-02 02:05:55,969 [D] subprocess cmd: ['source compile.sh /home/bohrok/Documents/DM/output/orbs/mug/11/work'], stdout: b''	(at ex_script.py:45) 
2019-03-02 02:05:55,969 [D] ┌:F:n:WD_2:mug.c:52	(at logger.py:129) 
2019-03-02 02:05:55,970 [D] └:F:n:WD_2:mug.c:51	(at logger.py:129) 
2019-03-02 02:05:55,981 [D] subprocess cmd: ['source compile.sh /home/bohrok/Documents/DM/output/orbs/mug/11/work'], stdout: b''	(at ex_script.py:45) 
2019-03-02 02:05:55,982 [D] ┌:F:n:WD_3:mug.c:52	(at logger.py:129) 
2019-03-02 02:05:55,982 [D] |:F:n:WD_3:mug.c:51	(at logger.py:129) 
2019-03-02 02:05:55,982 [D] └:F:n:WD_3:mug.c:50	(at logger.py:129) 
2019-03-02 02:05:55,994 [D] subprocess cmd: ['source compile.sh /home/bohrok/Documents/DM/output/orbs/mug/11/work'], stdout: b''	(at ex_script.py:45) 
2019-03-02 02:05:55,994 [D] -:F:n:WD_1:mug.c:51	(at logger.py:129) 
2019-03-02 02:05:56,007 [D] subprocess cmd: ['source compile.sh /home/bohrok/Documents/DM/output/orbs/mug/11/work'], stdout: b''	(at ex_script.py:45) 
2019-03-02 02:05:56,007 [D] ┌:F:n:WD_2:mug.c:51	(at logger.py:129) 
2019-03-02 02:05:56,007 [D] └:F:n:WD_2:mug.c:50	(at logger.py:129) 
2019-03-02 02:05:56,020 [D] subprocess cmd: ['source compile.sh /home/bohrok/Documents/DM/output/orbs/mug/11/work'], stdout: b''	(at ex_script.py:45) 
2019-03-02 02:05:56,020 [D] ┌:F:n:WD_3:mug.c:51	(at logger.py:129) 
2019-03-02 02:05:56,020 [D] |:F:n:WD_3:mug.c:50	(at logger.py:129) 
2019-03-02 02:05:56,020 [D] └:F:n:WD_3:mug.c:44	(at logger.py:129) 
2019-03-02 02:05:56,032 [D] subprocess cmd: ['source compile.sh /home/bohrok/Documents/DM/output/orbs/mug/11/work'], stdout: b''	(at ex_script.py:45) 
2019-03-02 02:05:56,032 [D] -:F:n:WD_1:mug.c:50	(at logger.py:129) 
2019-03-02 02:05:56,070 [D] ┌:P:c:WD_2:mug.c:50	(at logger.py:129) 
2019-03-02 02:05:56,070 [D] └:P:c:WD_2:mug.c:44	(at logger.py:129) 
2019-03-02 02:05:56,070 [D]  : : :pass:mug.c:49	(at logger.py:129) 
2019-03-02 02:05:56,070 [D]  : : :pass:mug.c:48	(at logger.py:129) 
2019-03-02 02:05:56,070 [D]  : : :pass:mug.c:47	(at logger.py:129) 
2019-03-02 02:05:56,071 [D]  : : :pass:mug.c:46	(at logger.py:129) 
2019-03-02 02:05:56,071 [D]  : : :pass:mug.c:45	(at logger.py:129) 
2019-03-02 02:05:56,071 [D]  : : :pass:mug.c:44	(at logger.py:129) 
2019-03-02 02:05:56,071 [D]  : : :pass:mug.c:43	(at logger.py:129) 
2019-03-02 02:05:56,084 [D] subprocess cmd: ['source compile.sh /home/bohrok/Documents/DM/output/orbs/mug/11/work'], stdout: b''	(at ex_script.py:45) 
2019-03-02 02:05:56,084 [D] -:F:n:WD_1:mug.c:42	(at logger.py:129) 
2019-03-02 02:05:56,095 [D] subprocess cmd: ['source compile.sh /home/bohrok/Documents/DM/output/orbs/mug/11/work'], stdout: b''	(at ex_script.py:45) 
2019-03-02 02:05:56,095 [D] ┌:F:n:WD_2:mug.c:42	(at logger.py:129) 
2019-03-02 02:05:56,096 [D] └:F:n:WD_2:mug.c:41	(at logger.py:129) 
2019-03-02 02:05:56,142 [D] ┌:P:n:WD_3:mug.c:42	(at logger.py:129) 
2019-03-02 02:05:56,142 [D] |:P:n:WD_3:mug.c:41	(at logger.py:129) 
2019-03-02 02:05:56,142 [D] └:P:n:WD_3:mug.c:40	(at logger.py:129) 
2019-03-02 02:05:56,142 [D]  : : :pass:mug.c:41	(at logger.py:129) 
2019-03-02 02:05:56,142 [D]  : : :pass:mug.c:40	(at logger.py:129) 
2019-03-02 02:05:56,155 [D] subprocess cmd: ['source compile.sh /home/bohrok/Documents/DM/output/orbs/mug/11/work'], stdout: b''	(at ex_script.py:45) 
2019-03-02 02:05:56,155 [D] -:F:n:WD_1:mug.c:39	(at logger.py:129) 
2019-03-02 02:05:56,166 [D] subprocess cmd: ['source compile.sh /home/bohrok/Documents/DM/output/orbs/mug/11/work'], stdout: b''	(at ex_script.py:45) 
2019-03-02 02:05:56,166 [D] ┌:F:n:WD_2:mug.c:39	(at logger.py:129) 
2019-03-02 02:05:56,166 [D] └:F:n:WD_2:mug.c:38	(at logger.py:129) 
2019-03-02 02:05:56,510 [D] subprocess cmd: ['source execute.sh /home/bohrok/Documents/DM/output/orbs/mug/11/work'], stdout: b'execute.sh: line 9:  2419 Killed                  timeout --signal=KILL 0.1 ./mug.exe 4 -4 0 > ./outputs/output0\nexecute.sh: line 15:  2421 Killed                  timeout --signal=KILL 0.1 ./mug.exe 4 4 0 > ./outputs/output1\nexecute.sh: line 21:  2423 Killed                  timeout --signal=KILL 0.1 ./mug.exe -4 4 0 > ./outputs/output2\n'	(at ex_script.py:45) 
2019-03-02 02:05:56,510 [D] ┌:C:n:WD_3:mug.c:39	(at logger.py:129) 
2019-03-02 02:05:56,510 [D] |:C:n:WD_3:mug.c:38	(at logger.py:129) 
2019-03-02 02:05:56,510 [D] └:C:n:WD_3:mug.c:37	(at logger.py:129) 
2019-03-02 02:05:56,602 [D] -:C:c:WD_1:mug.c:38	(at logger.py:129) 
2019-03-02 02:05:56,620 [D] subprocess cmd: ['source compile.sh /home/bohrok/Documents/DM/output/orbs/mug/11/work'], stdout: b''	(at ex_script.py:45) 
2019-03-02 02:05:56,620 [D] ┌:F:n:WD_2:mug.c:38	(at logger.py:129) 
2019-03-02 02:05:56,620 [D] └:F:n:WD_2:mug.c:37	(at logger.py:129) 
2019-03-02 02:05:56,621 [D] ┌:C:c:WD_3:mug.c:38	(at logger.py:129) 
2019-03-02 02:05:56,621 [D] |:C:c:WD_3:mug.c:37	(at logger.py:129) 
2019-03-02 02:05:56,621 [D] └:C:c:WD_3:mug.c:35	(at logger.py:129) 
2019-03-02 02:05:56,634 [D] subprocess cmd: ['source compile.sh /home/bohrok/Documents/DM/output/orbs/mug/11/work'], stdout: b''	(at ex_script.py:45) 
2019-03-02 02:05:56,634 [D] -:F:n:WD_1:mug.c:37	(at logger.py:129) 
2019-03-02 02:05:56,669 [D] ┌:C:c:WD_2:mug.c:37	(at logger.py:129) 
2019-03-02 02:05:56,669 [D] └:C:c:WD_2:mug.c:35	(at logger.py:129) 
2019-03-02 02:05:56,819 [D] subprocess cmd: ['source execute.sh /home/bohrok/Documents/DM/output/orbs/mug/11/work'], stdout: b'execute.sh: line 21:  2474 Killed                  timeout --signal=KILL 0.1 ./mug.exe -4 4 0 > ./outputs/output2\n'	(at ex_script.py:45) 
2019-03-02 02:05:56,819 [D] ┌:C:n:WD_3:mug.c:37	(at logger.py:129) 
2019-03-02 02:05:56,819 [D] |:C:n:WD_3:mug.c:35	(at logger.py:129) 
2019-03-02 02:05:56,819 [D] └:C:n:WD_3:mug.c:34	(at logger.py:129) 
2019-03-02 02:05:56,819 [D]  : : :pass:mug.c:36	(at logger.py:129) 
2019-03-02 02:05:56,907 [D] subprocess cmd: ['source compile.sh /home/bohrok/Documents/DM/output/orbs/mug/11/work'], stdout: b''	(at ex_script.py:45) 
2019-03-02 02:05:56,907 [D] -:F:n:WD_1:mug.c:35	(at logger.py:129) 
2019-03-02 02:05:56,931 [D] subprocess cmd: ['source compile.sh /home/bohrok/Documents/DM/output/orbs/mug/11/work'], stdout: b''	(at ex_script.py:45) 
2019-03-02 02:05:56,931 [D] ┌:F:n:WD_2:mug.c:35	(at logger.py:129) 
2019-03-02 02:05:56,931 [D] └:F:n:WD_2:mug.c:34	(at logger.py:129) 
2019-03-02 02:05:56,932 [D] ┌:C:c:WD_3:mug.c:35	(at logger.py:129) 
2019-03-02 02:05:56,932 [D] |:C:c:WD_3:mug.c:34	(at logger.py:129) 
2019-03-02 02:05:56,932 [D] └:C:c:WD_3:mug.c:33	(at logger.py:129) 
2019-03-02 02:05:56,977 [D] -:C:n:WD_1:mug.c:34	(at logger.py:129) 
2019-03-02 02:05:56,991 [D] subprocess cmd: ['source compile.sh /home/bohrok/Documents/DM/output/orbs/mug/11/work'], stdout: b''	(at ex_script.py:45) 
2019-03-02 02:05:56,991 [D] ┌:F:n:WD_2:mug.c:34	(at logger.py:129) 
2019-03-02 02:05:56,991 [D] └:F:n:WD_2:mug.c:33	(at logger.py:129) 
2019-03-02 02:05:57,003 [D] subprocess cmd: ['source compile.sh /home/bohrok/Documents/DM/output/orbs/mug/11/work'], stdout: b''	(at ex_script.py:45) 
2019-03-02 02:05:57,004 [D] ┌:F:n:WD_3:mug.c:34	(at logger.py:129) 
2019-03-02 02:05:57,004 [D] |:F:n:WD_3:mug.c:33	(at logger.py:129) 
2019-03-02 02:05:57,004 [D] └:F:n:WD_3:mug.c:32	(at logger.py:129) 
2019-03-02 02:05:57,016 [D] subprocess cmd: ['source compile.sh /home/bohrok/Documents/DM/output/orbs/mug/11/work'], stdout: b''	(at ex_script.py:45) 
2019-03-02 02:05:57,017 [D] -:F:n:WD_1:mug.c:33	(at logger.py:129) 
2019-03-02 02:05:57,027 [D] subprocess cmd: ['source compile.sh /home/bohrok/Documents/DM/output/orbs/mug/11/work'], stdout: b''	(at ex_script.py:45) 
2019-03-02 02:05:57,028 [D] ┌:F:n:WD_2:mug.c:33	(at logger.py:129) 
2019-03-02 02:05:57,028 [D] └:F:n:WD_2:mug.c:32	(at logger.py:129) 
2019-03-02 02:05:57,041 [D] subprocess cmd: ['source compile.sh /home/bohrok/Documents/DM/output/orbs/mug/11/work'], stdout: b''	(at ex_script.py:45) 
2019-03-02 02:05:57,041 [D] ┌:F:n:WD_3:mug.c:33	(at logger.py:129) 
2019-03-02 02:05:57,041 [D] |:F:n:WD_3:mug.c:32	(at logger.py:129) 
2019-03-02 02:05:57,041 [D] └:F:n:WD_3:mug.c:31	(at logger.py:129) 
2019-03-02 02:05:57,393 [D] subprocess cmd: ['source execute.sh /home/bohrok/Documents/DM/output/orbs/mug/11/work'], stdout: b'execute.sh: line 9:  2579 Killed                  timeout --signal=KILL 0.1 ./mug.exe 4 -4 0 > ./outputs/output0\nexecute.sh: line 15:  2581 Killed                  timeout --signal=KILL 0.1 ./mug.exe 4 4 0 > ./outputs/output1\nexecute.sh: line 21:  2583 Killed                  timeout --signal=KILL 0.1 ./mug.exe -4 4 0 > ./outputs/output2\n'	(at ex_script.py:45) 
2019-03-02 02:05:57,393 [D] -:C:n:WD_1:mug.c:32	(at logger.py:129) 
2019-03-02 02:05:57,786 [D] subprocess cmd: ['source execute.sh /home/bohrok/Documents/DM/output/orbs/mug/11/work'], stdout: b'execute.sh: line 9:  2597 Killed                  timeout --signal=KILL 0.1 ./mug.exe 4 -4 0 > ./outputs/output0\nexecute.sh: line 15:  2599 Killed                  timeout --signal=KILL 0.1 ./mug.exe 4 4 0 > ./outputs/output1\nexecute.sh: line 21:  2601 Killed                  timeout --signal=KILL 0.1 ./mug.exe -4 4 0 > ./outputs/output2\n'	(at ex_script.py:45) 
2019-03-02 02:05:57,787 [D] ┌:C:n:WD_2:mug.c:32	(at logger.py:129) 
2019-03-02 02:05:57,787 [D] └:C:n:WD_2:mug.c:31	(at logger.py:129) 
2019-03-02 02:05:57,796 [D] subprocess cmd: ['source compile.sh /home/bohrok/Documents/DM/output/orbs/mug/11/work'], stdout: b''	(at ex_script.py:45) 
2019-03-02 02:05:57,797 [D] ┌:F:n:WD_3:mug.c:32	(at logger.py:129) 
2019-03-02 02:05:57,797 [D] |:F:n:WD_3:mug.c:31	(at logger.py:129) 
2019-03-02 02:05:57,797 [D] └:F:n:WD_3:mug.c:29	(at logger.py:129) 
2019-03-02 02:05:57,854 [D] subprocess cmd: ['source execute.sh /home/bohrok/Documents/DM/output/orbs/mug/11/work'], stdout: b''	(at ex_script.py:45) 
2019-03-02 02:05:57,854 [D] -:C:n:WD_1:mug.c:31	(at logger.py:129) 
2019-03-02 02:05:57,884 [D] subprocess cmd: ['source compile.sh /home/bohrok/Documents/DM/output/orbs/mug/11/work'], stdout: b''	(at ex_script.py:45) 
2019-03-02 02:05:57,884 [D] ┌:F:n:WD_2:mug.c:31	(at logger.py:129) 
2019-03-02 02:05:57,884 [D] └:F:n:WD_2:mug.c:29	(at logger.py:129) 
2019-03-02 02:05:57,898 [D] subprocess cmd: ['source compile.sh /home/bohrok/Documents/DM/output/orbs/mug/11/work'], stdout: b''	(at ex_script.py:45) 
2019-03-02 02:05:57,899 [D] ┌:F:n:WD_3:mug.c:31	(at logger.py:129) 
2019-03-02 02:05:57,899 [D] |:F:n:WD_3:mug.c:29	(at logger.py:129) 
2019-03-02 02:05:57,899 [D] └:F:n:WD_3:mug.c:28	(at logger.py:129) 
2019-03-02 02:05:57,899 [D]  : : :pass:mug.c:30	(at logger.py:129) 
2019-03-02 02:05:57,910 [D] subprocess cmd: ['source compile.sh /home/bohrok/Documents/DM/output/orbs/mug/11/work'], stdout: b''	(at ex_script.py:45) 
2019-03-02 02:05:57,910 [D] -:F:n:WD_1:mug.c:29	(at logger.py:129) 
2019-03-02 02:05:57,921 [D] subprocess cmd: ['source compile.sh /home/bohrok/Documents/DM/output/orbs/mug/11/work'], stdout: b''	(at ex_script.py:45) 
2019-03-02 02:05:57,921 [D] ┌:F:n:WD_2:mug.c:29	(at logger.py:129) 
2019-03-02 02:05:57,921 [D] └:F:n:WD_2:mug.c:28	(at logger.py:129) 
2019-03-02 02:05:57,954 [D] subprocess cmd: ['source compile.sh /home/bohrok/Documents/DM/output/orbs/mug/11/work'], stdout: b''	(at ex_script.py:45) 
2019-03-02 02:05:57,954 [D] ┌:F:n:WD_3:mug.c:29	(at logger.py:129) 
2019-03-02 02:05:57,954 [D] |:F:n:WD_3:mug.c:28	(at logger.py:129) 
2019-03-02 02:05:57,954 [D] └:F:n:WD_3:mug.c:27	(at logger.py:129) 
2019-03-02 02:05:57,964 [D] subprocess cmd: ['source compile.sh /home/bohrok/Documents/DM/output/orbs/mug/11/work'], stdout: b''	(at ex_script.py:45) 
2019-03-02 02:05:57,964 [D] -:F:n:WD_1:mug.c:28	(at logger.py:129) 
2019-03-02 02:05:57,976 [D] subprocess cmd: ['source compile.sh /home/bohrok/Documents/DM/output/orbs/mug/11/work'], stdout: b''	(at ex_script.py:45) 
2019-03-02 02:05:57,976 [D] ┌:F:n:WD_2:mug.c:28	(at logger.py:129) 
2019-03-02 02:05:57,976 [D] └:F:n:WD_2:mug.c:27	(at logger.py:129) 
2019-03-02 02:05:57,988 [D] subprocess cmd: ['source compile.sh /home/bohrok/Documents/DM/output/orbs/mug/11/work'], stdout: b''	(at ex_script.py:45) 
2019-03-02 02:05:57,988 [D] ┌:F:n:WD_3:mug.c:28	(at logger.py:129) 
2019-03-02 02:05:57,988 [D] |:F:n:WD_3:mug.c:27	(at logger.py:129) 
2019-03-02 02:05:57,988 [D] └:F:n:WD_3:mug.c:25	(at logger.py:129) 
2019-03-02 02:05:57,999 [D] subprocess cmd: ['source compile.sh /home/bohrok/Documents/DM/output/orbs/mug/11/work'], stdout: b''	(at ex_script.py:45) 
2019-03-02 02:05:58,000 [D] -:F:n:WD_1:mug.c:27	(at logger.py:129) 
2019-03-02 02:05:58,010 [D] subprocess cmd: ['source compile.sh /home/bohrok/Documents/DM/output/orbs/mug/11/work'], stdout: b''	(at ex_script.py:45) 
2019-03-02 02:05:58,010 [D] ┌:F:n:WD_2:mug.c:27	(at logger.py:129) 
2019-03-02 02:05:58,010 [D] └:F:n:WD_2:mug.c:25	(at logger.py:129) 
2019-03-02 02:05:58,021 [D] subprocess cmd: ['source compile.sh /home/bohrok/Documents/DM/output/orbs/mug/11/work'], stdout: b''	(at ex_script.py:45) 
2019-03-02 02:05:58,022 [D] ┌:F:n:WD_3:mug.c:27	(at logger.py:129) 
2019-03-02 02:05:58,022 [D] |:F:n:WD_3:mug.c:25	(at logger.py:129) 
2019-03-02 02:05:58,022 [D] └:F:n:WD_3:mug.c:24	(at logger.py:129) 
2019-03-02 02:05:58,022 [D]  : : :pass:mug.c:26	(at logger.py:129) 
2019-03-02 02:05:58,033 [D] subprocess cmd: ['source compile.sh /home/bohrok/Documents/DM/output/orbs/mug/11/work'], stdout: b''	(at ex_script.py:45) 
2019-03-02 02:05:58,033 [D] -:F:n:WD_1:mug.c:25	(at logger.py:129) 
2019-03-02 02:05:58,044 [D] subprocess cmd: ['source compile.sh /home/bohrok/Documents/DM/output/orbs/mug/11/work'], stdout: b''	(at ex_script.py:45) 
2019-03-02 02:05:58,044 [D] ┌:F:n:WD_2:mug.c:25	(at logger.py:129) 
2019-03-02 02:05:58,044 [D] └:F:n:WD_2:mug.c:24	(at logger.py:129) 
2019-03-02 02:05:58,056 [D] subprocess cmd: ['source compile.sh /home/bohrok/Documents/DM/output/orbs/mug/11/work'], stdout: b''	(at ex_script.py:45) 
2019-03-02 02:05:58,056 [D] ┌:F:n:WD_3:mug.c:25	(at logger.py:129) 
2019-03-02 02:05:58,057 [D] |:F:n:WD_3:mug.c:24	(at logger.py:129) 
2019-03-02 02:05:58,057 [D] └:F:n:WD_3:mug.c:23	(at logger.py:129) 
2019-03-02 02:05:58,306 [D] subprocess cmd: ['source execute.sh /home/bohrok/Documents/DM/output/orbs/mug/11/work'], stdout: b'execute.sh: line 9:  2698 Killed                  timeout --signal=KILL 0.1 ./mug.exe 4 -4 0 > ./outputs/output0\nexecute.sh: line 15:  2700 Killed                  timeout --signal=KILL 0.1 ./mug.exe 4 4 0 > ./outputs/output1\n'	(at ex_script.py:45) 
2019-03-02 02:05:58,306 [D] -:C:n:WD_1:mug.c:24	(at logger.py:129) 
2019-03-02 02:05:58,352 [D] subprocess cmd: ['source compile.sh /home/bohrok/Documents/DM/output/orbs/mug/11/work'], stdout: b''	(at ex_script.py:45) 
2019-03-02 02:05:58,352 [D] ┌:F:n:WD_2:mug.c:24	(at logger.py:129) 
2019-03-02 02:05:58,352 [D] └:F:n:WD_2:mug.c:23	(at logger.py:129) 
2019-03-02 02:05:58,382 [D] ┌:C:c:WD_3:mug.c:24	(at logger.py:129) 
2019-03-02 02:05:58,382 [D] |:C:c:WD_3:mug.c:23	(at logger.py:129) 
2019-03-02 02:05:58,382 [D] └:C:c:WD_3:mug.c:20	(at logger.py:129) 
2019-03-02 02:05:58,395 [D] subprocess cmd: ['source compile.sh /home/bohrok/Documents/DM/output/orbs/mug/11/work'], stdout: b''	(at ex_script.py:45) 
2019-03-02 02:05:58,395 [D] -:F:n:WD_1:mug.c:23	(at logger.py:129) 
2019-03-02 02:05:58,434 [D] ┌:P:c:WD_2:mug.c:23	(at logger.py:129) 
2019-03-02 02:05:58,435 [D] └:P:c:WD_2:mug.c:20	(at logger.py:129) 
2019-03-02 02:05:58,435 [D]  : : :pass:mug.c:22	(at logger.py:129) 
2019-03-02 02:05:58,435 [D]  : : :pass:mug.c:21	(at logger.py:129) 
2019-03-02 02:05:58,435 [D]  : : :pass:mug.c:20	(at logger.py:129) 
2019-03-02 02:05:58,435 [D]  : : :pass:mug.c:19	(at logger.py:129) 
2019-03-02 02:05:58,445 [D] subprocess cmd: ['source compile.sh /home/bohrok/Documents/DM/output/orbs/mug/11/work'], stdout: b''	(at ex_script.py:45) 
2019-03-02 02:05:58,446 [D] -:F:n:WD_1:mug.c:18	(at logger.py:129) 
2019-03-02 02:05:58,459 [D] subprocess cmd: ['source compile.sh /home/bohrok/Documents/DM/output/orbs/mug/11/work'], stdout: b''	(at ex_script.py:45) 
2019-03-02 02:05:58,459 [D] ┌:F:n:WD_2:mug.c:18	(at logger.py:129) 
2019-03-02 02:05:58,459 [D] └:F:n:WD_2:mug.c:17	(at logger.py:129) 
2019-03-02 02:05:58,470 [D] subprocess cmd: ['source compile.sh /home/bohrok/Documents/DM/output/orbs/mug/11/work'], stdout: b''	(at ex_script.py:45) 
2019-03-02 02:05:58,470 [D] ┌:F:n:WD_3:mug.c:18	(at logger.py:129) 
2019-03-02 02:05:58,470 [D] |:F:n:WD_3:mug.c:17	(at logger.py:129) 
2019-03-02 02:05:58,470 [D] └:F:n:WD_3:mug.c:14	(at logger.py:129) 
2019-03-02 02:05:58,512 [D] subprocess cmd: ['source execute.sh /home/bohrok/Documents/DM/output/orbs/mug/11/work'], stdout: b''	(at ex_script.py:45) 
2019-03-02 02:05:58,513 [D] -:C:n:WD_1:mug.c:17	(at logger.py:129) 
2019-03-02 02:05:58,556 [D] subprocess cmd: ['source execute.sh /home/bohrok/Documents/DM/output/orbs/mug/11/work'], stdout: b''	(at ex_script.py:45) 
2019-03-02 02:05:58,556 [D] ┌:C:n:WD_2:mug.c:17	(at logger.py:129) 
2019-03-02 02:05:58,556 [D] └:C:n:WD_2:mug.c:14	(at logger.py:129) 
2019-03-02 02:05:58,567 [D] subprocess cmd: ['source compile.sh /home/bohrok/Documents/DM/output/orbs/mug/11/work'], stdout: b''	(at ex_script.py:45) 
2019-03-02 02:05:58,567 [D] ┌:F:n:WD_3:mug.c:17	(at logger.py:129) 
2019-03-02 02:05:58,567 [D] |:F:n:WD_3:mug.c:14	(at logger.py:129) 
2019-03-02 02:05:58,567 [D] └:F:n:WD_3:mug.c:11	(at logger.py:129) 
2019-03-02 02:05:58,567 [D]  : : :pass:mug.c:16	(at logger.py:129) 
2019-03-02 02:05:58,567 [D]  : : :pass:mug.c:15	(at logger.py:129) 
2019-03-02 02:05:58,609 [D] -:C:n:WD_1:mug.c:14	(at logger.py:129) 
2019-03-02 02:05:58,622 [D] subprocess cmd: ['source compile.sh /home/bohrok/Documents/DM/output/orbs/mug/11/work'], stdout: b''	(at ex_script.py:45) 
2019-03-02 02:05:58,622 [D] ┌:F:n:WD_2:mug.c:14	(at logger.py:129) 
2019-03-02 02:05:58,622 [D] └:F:n:WD_2:mug.c:11	(at logger.py:129) 
2019-03-02 02:05:58,633 [D] subprocess cmd: ['source compile.sh /home/bohrok/Documents/DM/output/orbs/mug/11/work'], stdout: b''	(at ex_script.py:45) 
2019-03-02 02:05:58,634 [D] ┌:F:n:WD_3:mug.c:14	(at logger.py:129) 
2019-03-02 02:05:58,634 [D] |:F:n:WD_3:mug.c:11	(at logger.py:129) 
2019-03-02 02:05:58,634 [D] └:F:n:WD_3:mug.c:10	(at logger.py:129) 
2019-03-02 02:05:58,634 [D]  : : :pass:mug.c:13	(at logger.py:129) 
2019-03-02 02:05:58,634 [D]  : : :pass:mug.c:12	(at logger.py:129) 
2019-03-02 02:05:58,644 [D] subprocess cmd: ['source compile.sh /home/bohrok/Documents/DM/output/orbs/mug/11/work'], stdout: b''	(at ex_script.py:45) 
2019-03-02 02:05:58,644 [D] -:F:n:WD_1:mug.c:11	(at logger.py:129) 
2019-03-02 02:05:58,656 [D] subprocess cmd: ['source compile.sh /home/bohrok/Documents/DM/output/orbs/mug/11/work'], stdout: b''	(at ex_script.py:45) 
2019-03-02 02:05:58,656 [D] ┌:F:n:WD_2:mug.c:11	(at logger.py:129) 
2019-03-02 02:05:58,656 [D] └:F:n:WD_2:mug.c:10	(at logger.py:129) 
2019-03-02 02:05:58,667 [D] subprocess cmd: ['source compile.sh /home/bohrok/Documents/DM/output/orbs/mug/11/work'], stdout: b''	(at ex_script.py:45) 
2019-03-02 02:05:58,668 [D] ┌:F:n:WD_3:mug.c:11	(at logger.py:129) 
2019-03-02 02:05:58,668 [D] |:F:n:WD_3:mug.c:10	(at logger.py:129) 
2019-03-02 02:05:58,668 [D] └:F:n:WD_3:mug.c:9	(at logger.py:129) 
2019-03-02 02:05:58,678 [D] subprocess cmd: ['source compile.sh /home/bohrok/Documents/DM/output/orbs/mug/11/work'], stdout: b''	(at ex_script.py:45) 
2019-03-02 02:05:58,678 [D] -:F:n:WD_1:mug.c:10	(at logger.py:129) 
2019-03-02 02:05:58,689 [D] subprocess cmd: ['source compile.sh /home/bohrok/Documents/DM/output/orbs/mug/11/work'], stdout: b''	(at ex_script.py:45) 
2019-03-02 02:05:58,689 [D] ┌:F:n:WD_2:mug.c:10	(at logger.py:129) 
2019-03-02 02:05:58,689 [D] └:F:n:WD_2:mug.c:9	(at logger.py:129) 
2019-03-02 02:05:58,699 [D] subprocess cmd: ['source compile.sh /home/bohrok/Documents/DM/output/orbs/mug/11/work'], stdout: b''	(at ex_script.py:45) 
2019-03-02 02:05:58,699 [D] ┌:F:n:WD_3:mug.c:10	(at logger.py:129) 
2019-03-02 02:05:58,699 [D] |:F:n:WD_3:mug.c:9	(at logger.py:129) 
2019-03-02 02:05:58,700 [D] └:F:n:WD_3:mug.c:4	(at logger.py:129) 
2019-03-02 02:05:58,711 [D] subprocess cmd: ['source compile.sh /home/bohrok/Documents/DM/output/orbs/mug/11/work'], stdout: b''	(at ex_script.py:45) 
2019-03-02 02:05:58,711 [D] -:F:n:WD_1:mug.c:9	(at logger.py:129) 
2019-03-02 02:05:58,723 [D] subprocess cmd: ['source compile.sh /home/bohrok/Documents/DM/output/orbs/mug/11/work'], stdout: b''	(at ex_script.py:45) 
2019-03-02 02:05:58,723 [D] ┌:F:n:WD_2:mug.c:9	(at logger.py:129) 
2019-03-02 02:05:58,723 [D] └:F:n:WD_2:mug.c:4	(at logger.py:129) 
2019-03-02 02:05:58,734 [D] subprocess cmd: ['source compile.sh /home/bohrok/Documents/DM/output/orbs/mug/11/work'], stdout: b''	(at ex_script.py:45) 
2019-03-02 02:05:58,734 [D] ┌:F:n:WD_3:mug.c:9	(at logger.py:129) 
2019-03-02 02:05:58,734 [D] |:F:n:WD_3:mug.c:4	(at logger.py:129) 
2019-03-02 02:05:58,734 [D] └:F:n:WD_3:mug.c:3	(at logger.py:129) 
2019-03-02 02:05:58,734 [D]  : : :pass:mug.c:8	(at logger.py:129) 
2019-03-02 02:05:58,734 [D]  : : :pass:mug.c:7	(at logger.py:129) 
2019-03-02 02:05:58,734 [D]  : : :pass:mug.c:6	(at logger.py:129) 
2019-03-02 02:05:58,735 [D]  : : :pass:mug.c:5	(at logger.py:129) 
2019-03-02 02:05:58,745 [D] subprocess cmd: ['source compile.sh /home/bohrok/Documents/DM/output/orbs/mug/11/work'], stdout: b''	(at ex_script.py:45) 
2019-03-02 02:05:58,745 [D] -:F:n:WD_1:mug.c:4	(at logger.py:129) 
2019-03-02 02:05:58,757 [D] subprocess cmd: ['source compile.sh /home/bohrok/Documents/DM/output/orbs/mug/11/work'], stdout: b''	(at ex_script.py:45) 
2019-03-02 02:05:58,757 [D] ┌:F:n:WD_2:mug.c:4	(at logger.py:129) 
2019-03-02 02:05:58,757 [D] └:F:n:WD_2:mug.c:3	(at logger.py:129) 
2019-03-02 02:05:58,758 [D] ┌:F:n:WD_3:mug.c:4	(at logger.py:129) 
2019-03-02 02:05:58,758 [D] └:F:n:WD_3:mug.c:3	(at logger.py:129) 
2019-03-02 02:05:58,769 [D] subprocess cmd: ['source compile.sh /home/bohrok/Documents/DM/output/orbs/mug/11/work'], stdout: b''	(at ex_script.py:45) 
2019-03-02 02:05:58,769 [D] -:F:n:WD_1:mug.c:3	(at logger.py:129) 
2019-03-02 02:05:58,770 [D] -:F:n:WD_2:mug.c:3	(at logger.py:129) 
2019-03-02 02:05:58,770 [D] -:F:n:WD_3:mug.c:3	(at logger.py:129) 
2019-03-02 02:05:58,770 [D]  : : :pass:mug.c:2	(at logger.py:129) 
2019-03-02 02:05:58,770 [D]  : : :pass:mug.c:1	(at logger.py:129) 
2019-03-02 02:05:58,770 [D] comp_cached_cnt:5	(at logger.py:134) 
2019-03-02 02:05:58,770 [D] compile_cnt:86	(at logger.py:134) 
2019-03-02 02:05:58,770 [D] execute_cnt:14	(at logger.py:134) 
2019-03-02 02:05:58,770 [D] fail_del_cnt:16	(at logger.py:134) 
2019-03-02 02:05:58,770 [D] iter_idx:2	(at logger.py:134) 
2019-03-02 02:05:58,770 [D] reuse_cnt:7	(at logger.py:134) 
2019-03-02 02:05:58,770 [D] succ_del_cnt:5	(at logger.py:134) 
2019-03-02 02:05:58,771 [D] time:3.1349878311157227	(at logger.py:134) 
2019-03-02 02:05:58,771 [D] deletion:37	(at logger.py:136) 
2019-03-02 02:05:58,771 [I] Iteration 2 finished	(at orbs.py:87) 
2019-03-02 02:05:58,771 [D]  : : :pass:mug.c:63	(at logger.py:129) 
2019-03-02 02:05:58,771 [D]  : : :pass:mug.c:62	(at logger.py:129) 
2019-03-02 02:05:58,772 [D]  : : :pass:mug.c:61	(at logger.py:129) 
2019-03-02 02:05:58,772 [D]  : : :pass:mug.c:60	(at logger.py:129) 
2019-03-02 02:05:58,772 [D]  : : :pass:mug.c:59	(at logger.py:129) 
2019-03-02 02:05:58,772 [D]  : : :pass:mug.c:58	(at logger.py:129) 
2019-03-02 02:05:58,772 [D]  : : :pass:mug.c:57	(at logger.py:129) 
2019-03-02 02:05:58,772 [D]  : : :pass:mug.c:56	(at logger.py:129) 
2019-03-02 02:05:58,781 [D] subprocess cmd: ['source compile.sh /home/bohrok/Documents/DM/output/orbs/mug/11/work'], stdout: b''	(at ex_script.py:45) 
2019-03-02 02:05:58,782 [D] -:F:n:WD_1:mug.c:55	(at logger.py:129) 
2019-03-02 02:05:58,794 [D] subprocess cmd: ['source compile.sh /home/bohrok/Documents/DM/output/orbs/mug/11/work'], stdout: b''	(at ex_script.py:45) 
2019-03-02 02:05:58,795 [D] ┌:F:n:WD_2:mug.c:55	(at logger.py:129) 
2019-03-02 02:05:58,795 [D] └:F:n:WD_2:mug.c:54	(at logger.py:129) 
2019-03-02 02:05:58,807 [D] subprocess cmd: ['source compile.sh /home/bohrok/Documents/DM/output/orbs/mug/11/work'], stdout: b''	(at ex_script.py:45) 
2019-03-02 02:05:58,807 [D] ┌:F:n:WD_3:mug.c:55	(at logger.py:129) 
2019-03-02 02:05:58,807 [D] |:F:n:WD_3:mug.c:54	(at logger.py:129) 
2019-03-02 02:05:58,807 [D] └:F:n:WD_3:mug.c:53	(at logger.py:129) 
2019-03-02 02:05:58,854 [D] -:C:n:WD_1:mug.c:54	(at logger.py:129) 
2019-03-02 02:05:58,863 [D] subprocess cmd: ['source compile.sh /home/bohrok/Documents/DM/output/orbs/mug/11/work'], stdout: b''	(at ex_script.py:45) 
2019-03-02 02:05:58,863 [D] ┌:F:n:WD_2:mug.c:54	(at logger.py:129) 
2019-03-02 02:05:58,863 [D] └:F:n:WD_2:mug.c:53	(at logger.py:129) 
2019-03-02 02:05:58,876 [D] subprocess cmd: ['source compile.sh /home/bohrok/Documents/DM/output/orbs/mug/11/work'], stdout: b''	(at ex_script.py:45) 
2019-03-02 02:05:58,877 [D] ┌:F:n:WD_3:mug.c:54	(at logger.py:129) 
2019-03-02 02:05:58,877 [D] |:F:n:WD_3:mug.c:53	(at logger.py:129) 
2019-03-02 02:05:58,877 [D] └:F:n:WD_3:mug.c:52	(at logger.py:129) 
2019-03-02 02:05:58,889 [D] subprocess cmd: ['source compile.sh /home/bohrok/Documents/DM/output/orbs/mug/11/work'], stdout: b''	(at ex_script.py:45) 
2019-03-02 02:05:58,889 [D] -:F:n:WD_1:mug.c:53	(at logger.py:129) 
2019-03-02 02:05:58,900 [D] subprocess cmd: ['source compile.sh /home/bohrok/Documents/DM/output/orbs/mug/11/work'], stdout: b''	(at ex_script.py:45) 
2019-03-02 02:05:58,901 [D] ┌:F:n:WD_2:mug.c:53	(at logger.py:129) 
2019-03-02 02:05:58,901 [D] └:F:n:WD_2:mug.c:52	(at logger.py:129) 
2019-03-02 02:05:58,931 [D] subprocess cmd: ['source compile.sh /home/bohrok/Documents/DM/output/orbs/mug/11/work'], stdout: b''	(at ex_script.py:45) 
2019-03-02 02:05:58,932 [D] ┌:F:n:WD_3:mug.c:53	(at logger.py:129) 
2019-03-02 02:05:58,932 [D] |:F:n:WD_3:mug.c:52	(at logger.py:129) 
2019-03-02 02:05:58,932 [D] └:F:n:WD_3:mug.c:51	(at logger.py:129) 
2019-03-02 02:05:58,944 [D] subprocess cmd: ['source compile.sh /home/bohrok/Documents/DM/output/orbs/mug/11/work'], stdout: b''	(at ex_script.py:45) 
2019-03-02 02:05:58,945 [D] -:F:n:WD_1:mug.c:52	(at logger.py:129) 
2019-03-02 02:05:58,960 [D] subprocess cmd: ['source compile.sh /home/bohrok/Documents/DM/output/orbs/mug/11/work'], stdout: b''	(at ex_script.py:45) 
2019-03-02 02:05:58,960 [D] ┌:F:n:WD_2:mug.c:52	(at logger.py:129) 
2019-03-02 02:05:58,960 [D] └:F:n:WD_2:mug.c:51	(at logger.py:129) 
2019-03-02 02:05:58,974 [D] subprocess cmd: ['source compile.sh /home/bohrok/Documents/DM/output/orbs/mug/11/work'], stdout: b''	(at ex_script.py:45) 
2019-03-02 02:05:58,974 [D] ┌:F:n:WD_3:mug.c:52	(at logger.py:129) 
2019-03-02 02:05:58,974 [D] |:F:n:WD_3:mug.c:51	(at logger.py:129) 
2019-03-02 02:05:58,974 [D] └:F:n:WD_3:mug.c:39	(at logger.py:129) 
2019-03-02 02:05:58,986 [D] subprocess cmd: ['source compile.sh /home/bohrok/Documents/DM/output/orbs/mug/11/work'], stdout: b''	(at ex_script.py:45) 
2019-03-02 02:05:58,987 [D] -:F:n:WD_1:mug.c:51	(at logger.py:129) 
2019-03-02 02:05:58,996 [D] subprocess cmd: ['source compile.sh /home/bohrok/Documents/DM/output/orbs/mug/11/work'], stdout: b''	(at ex_script.py:45) 
2019-03-02 02:05:58,996 [D] ┌:F:n:WD_2:mug.c:51	(at logger.py:129) 
2019-03-02 02:05:58,996 [D] └:F:n:WD_2:mug.c:39	(at logger.py:129) 
2019-03-02 02:05:59,010 [D] subprocess cmd: ['source compile.sh /home/bohrok/Documents/DM/output/orbs/mug/11/work'], stdout: b''	(at ex_script.py:45) 
2019-03-02 02:05:59,010 [D] ┌:F:n:WD_3:mug.c:51	(at logger.py:129) 
2019-03-02 02:05:59,010 [D] |:F:n:WD_3:mug.c:39	(at logger.py:129) 
2019-03-02 02:05:59,010 [D] └:F:n:WD_3:mug.c:38	(at logger.py:129) 
2019-03-02 02:05:59,010 [D]  : : :pass:mug.c:50	(at logger.py:129) 
2019-03-02 02:05:59,010 [D]  : : :pass:mug.c:49	(at logger.py:129) 
2019-03-02 02:05:59,010 [D]  : : :pass:mug.c:48	(at logger.py:129) 
2019-03-02 02:05:59,010 [D]  : : :pass:mug.c:47	(at logger.py:129) 
2019-03-02 02:05:59,010 [D]  : : :pass:mug.c:46	(at logger.py:129) 
2019-03-02 02:05:59,010 [D]  : : :pass:mug.c:45	(at logger.py:129) 
2019-03-02 02:05:59,010 [D]  : : :pass:mug.c:44	(at logger.py:129) 
2019-03-02 02:05:59,010 [D]  : : :pass:mug.c:43	(at logger.py:129) 
2019-03-02 02:05:59,010 [D]  : : :pass:mug.c:42	(at logger.py:129) 
2019-03-02 02:05:59,010 [D]  : : :pass:mug.c:41	(at logger.py:129) 
2019-03-02 02:05:59,010 [D]  : : :pass:mug.c:40	(at logger.py:129) 
2019-03-02 02:05:59,023 [D] subprocess cmd: ['source compile.sh /home/bohrok/Documents/DM/output/orbs/mug/11/work'], stdout: b''	(at ex_script.py:45) 
2019-03-02 02:05:59,023 [D] -:F:n:WD_1:mug.c:39	(at logger.py:129) 
2019-03-02 02:05:59,034 [D] subprocess cmd: ['source compile.sh /home/bohrok/Documents/DM/output/orbs/mug/11/work'], stdout: b''	(at ex_script.py:45) 
2019-03-02 02:05:59,035 [D] ┌:F:n:WD_2:mug.c:39	(at logger.py:129) 
2019-03-02 02:05:59,035 [D] └:F:n:WD_2:mug.c:38	(at logger.py:129) 
2019-03-02 02:05:59,072 [D] ┌:C:c:WD_3:mug.c:39	(at logger.py:129) 
2019-03-02 02:05:59,073 [D] |:C:c:WD_3:mug.c:38	(at logger.py:129) 
2019-03-02 02:05:59,073 [D] └:C:c:WD_3:mug.c:37	(at logger.py:129) 
2019-03-02 02:05:59,103 [D] -:C:c:WD_1:mug.c:38	(at logger.py:129) 
2019-03-02 02:05:59,113 [D] subprocess cmd: ['source compile.sh /home/bohrok/Documents/DM/output/orbs/mug/11/work'], stdout: b''	(at ex_script.py:45) 
2019-03-02 02:05:59,113 [D] ┌:F:n:WD_2:mug.c:38	(at logger.py:129) 
2019-03-02 02:05:59,113 [D] └:F:n:WD_2:mug.c:37	(at logger.py:129) 
2019-03-02 02:05:59,113 [D] ┌:C:c:WD_3:mug.c:38	(at logger.py:129) 
2019-03-02 02:05:59,114 [D] |:C:c:WD_3:mug.c:37	(at logger.py:129) 
2019-03-02 02:05:59,114 [D] └:C:c:WD_3:mug.c:35	(at logger.py:129) 
2019-03-02 02:05:59,126 [D] subprocess cmd: ['source compile.sh /home/bohrok/Documents/DM/output/orbs/mug/11/work'], stdout: b''	(at ex_script.py:45) 
2019-03-02 02:05:59,126 [D] -:F:n:WD_1:mug.c:37	(at logger.py:129) 
2019-03-02 02:05:59,160 [D] ┌:C:c:WD_2:mug.c:37	(at logger.py:129) 
2019-03-02 02:05:59,160 [D] └:C:c:WD_2:mug.c:35	(at logger.py:129) 
2019-03-02 02:05:59,194 [D] ┌:C:c:WD_3:mug.c:37	(at logger.py:129) 
2019-03-02 02:05:59,194 [D] |:C:c:WD_3:mug.c:35	(at logger.py:129) 
2019-03-02 02:05:59,194 [D] └:C:c:WD_3:mug.c:34	(at logger.py:129) 
2019-03-02 02:05:59,194 [D]  : : :pass:mug.c:36	(at logger.py:129) 
2019-03-02 02:05:59,207 [D] subprocess cmd: ['source compile.sh /home/bohrok/Documents/DM/output/orbs/mug/11/work'], stdout: b''	(at ex_script.py:45) 
2019-03-02 02:05:59,207 [D] -:F:n:WD_1:mug.c:35	(at logger.py:129) 
2019-03-02 02:05:59,219 [D] subprocess cmd: ['source compile.sh /home/bohrok/Documents/DM/output/orbs/mug/11/work'], stdout: b''	(at ex_script.py:45) 
2019-03-02 02:05:59,219 [D] ┌:F:n:WD_2:mug.c:35	(at logger.py:129) 
2019-03-02 02:05:59,219 [D] └:F:n:WD_2:mug.c:34	(at logger.py:129) 
2019-03-02 02:05:59,219 [D] ┌:C:c:WD_3:mug.c:35	(at logger.py:129) 
2019-03-02 02:05:59,219 [D] |:C:c:WD_3:mug.c:34	(at logger.py:129) 
2019-03-02 02:05:59,219 [D] └:C:c:WD_3:mug.c:33	(at logger.py:129) 
2019-03-02 02:05:59,251 [D] -:C:c:WD_1:mug.c:34	(at logger.py:129) 
2019-03-02 02:05:59,263 [D] subprocess cmd: ['source compile.sh /home/bohrok/Documents/DM/output/orbs/mug/11/work'], stdout: b''	(at ex_script.py:45) 
2019-03-02 02:05:59,263 [D] ┌:F:n:WD_2:mug.c:34	(at logger.py:129) 
2019-03-02 02:05:59,263 [D] └:F:n:WD_2:mug.c:33	(at logger.py:129) 
2019-03-02 02:05:59,275 [D] subprocess cmd: ['source compile.sh /home/bohrok/Documents/DM/output/orbs/mug/11/work'], stdout: b''	(at ex_script.py:45) 
2019-03-02 02:05:59,276 [D] ┌:F:n:WD_3:mug.c:34	(at logger.py:129) 
2019-03-02 02:05:59,276 [D] |:F:n:WD_3:mug.c:33	(at logger.py:129) 
2019-03-02 02:05:59,276 [D] └:F:n:WD_3:mug.c:32	(at logger.py:129) 
2019-03-02 02:05:59,288 [D] subprocess cmd: ['source compile.sh /home/bohrok/Documents/DM/output/orbs/mug/11/work'], stdout: b''	(at ex_script.py:45) 
2019-03-02 02:05:59,288 [D] -:F:n:WD_1:mug.c:33	(at logger.py:129) 
2019-03-02 02:05:59,298 [D] subprocess cmd: ['source compile.sh /home/bohrok/Documents/DM/output/orbs/mug/11/work'], stdout: b''	(at ex_script.py:45) 
2019-03-02 02:05:59,298 [D] ┌:F:n:WD_2:mug.c:33	(at logger.py:129) 
2019-03-02 02:05:59,298 [D] └:F:n:WD_2:mug.c:32	(at logger.py:129) 
2019-03-02 02:05:59,309 [D] subprocess cmd: ['source compile.sh /home/bohrok/Documents/DM/output/orbs/mug/11/work'], stdout: b''	(at ex_script.py:45) 
2019-03-02 02:05:59,309 [D] ┌:F:n:WD_3:mug.c:33	(at logger.py:129) 
2019-03-02 02:05:59,309 [D] |:F:n:WD_3:mug.c:32	(at logger.py:129) 
2019-03-02 02:05:59,309 [D] └:F:n:WD_3:mug.c:31	(at logger.py:129) 
2019-03-02 02:05:59,340 [D] -:C:c:WD_1:mug.c:32	(at logger.py:129) 
2019-03-02 02:05:59,368 [D] ┌:C:c:WD_2:mug.c:32	(at logger.py:129) 
2019-03-02 02:05:59,368 [D] └:C:c:WD_2:mug.c:31	(at logger.py:129) 
2019-03-02 02:05:59,377 [D] subprocess cmd: ['source compile.sh /home/bohrok/Documents/DM/output/orbs/mug/11/work'], stdout: b''	(at ex_script.py:45) 
2019-03-02 02:05:59,378 [D] ┌:F:n:WD_3:mug.c:32	(at logger.py:129) 
2019-03-02 02:05:59,378 [D] |:F:n:WD_3:mug.c:31	(at logger.py:129) 
2019-03-02 02:05:59,378 [D] └:F:n:WD_3:mug.c:29	(at logger.py:129) 
2019-03-02 02:05:59,407 [D] -:C:c:WD_1:mug.c:31	(at logger.py:129) 
2019-03-02 02:05:59,420 [D] subprocess cmd: ['source compile.sh /home/bohrok/Documents/DM/output/orbs/mug/11/work'], stdout: b''	(at ex_script.py:45) 
2019-03-02 02:05:59,420 [D] ┌:F:n:WD_2:mug.c:31	(at logger.py:129) 
2019-03-02 02:05:59,420 [D] └:F:n:WD_2:mug.c:29	(at logger.py:129) 
2019-03-02 02:05:59,429 [D] subprocess cmd: ['source compile.sh /home/bohrok/Documents/DM/output/orbs/mug/11/work'], stdout: b''	(at ex_script.py:45) 
2019-03-02 02:05:59,429 [D] ┌:F:n:WD_3:mug.c:31	(at logger.py:129) 
2019-03-02 02:05:59,430 [D] |:F:n:WD_3:mug.c:29	(at logger.py:129) 
2019-03-02 02:05:59,430 [D] └:F:n:WD_3:mug.c:28	(at logger.py:129) 
2019-03-02 02:05:59,430 [D]  : : :pass:mug.c:30	(at logger.py:129) 
2019-03-02 02:05:59,441 [D] subprocess cmd: ['source compile.sh /home/bohrok/Documents/DM/output/orbs/mug/11/work'], stdout: b''	(at ex_script.py:45) 
2019-03-02 02:05:59,442 [D] -:F:n:WD_1:mug.c:29	(at logger.py:129) 
2019-03-02 02:05:59,453 [D] subprocess cmd: ['source compile.sh /home/bohrok/Documents/DM/output/orbs/mug/11/work'], stdout: b''	(at ex_script.py:45) 
2019-03-02 02:05:59,453 [D] ┌:F:n:WD_2:mug.c:29	(at logger.py:129) 
2019-03-02 02:05:59,454 [D] └:F:n:WD_2:mug.c:28	(at logger.py:129) 
2019-03-02 02:05:59,484 [D] subprocess cmd: ['source compile.sh /home/bohrok/Documents/DM/output/orbs/mug/11/work'], stdout: b''	(at ex_script.py:45) 
2019-03-02 02:05:59,485 [D] ┌:F:n:WD_3:mug.c:29	(at logger.py:129) 
2019-03-02 02:05:59,485 [D] |:F:n:WD_3:mug.c:28	(at logger.py:129) 
2019-03-02 02:05:59,485 [D] └:F:n:WD_3:mug.c:27	(at logger.py:129) 
2019-03-02 02:05:59,495 [D] subprocess cmd: ['source compile.sh /home/bohrok/Documents/DM/output/orbs/mug/11/work'], stdout: b''	(at ex_script.py:45) 
2019-03-02 02:05:59,496 [D] -:F:n:WD_1:mug.c:28	(at logger.py:129) 
2019-03-02 02:05:59,508 [D] subprocess cmd: ['source compile.sh /home/bohrok/Documents/DM/output/orbs/mug/11/work'], stdout: b''	(at ex_script.py:45) 
2019-03-02 02:05:59,509 [D] ┌:F:n:WD_2:mug.c:28	(at logger.py:129) 
2019-03-02 02:05:59,509 [D] └:F:n:WD_2:mug.c:27	(at logger.py:129) 
2019-03-02 02:05:59,519 [D] subprocess cmd: ['source compile.sh /home/bohrok/Documents/DM/output/orbs/mug/11/work'], stdout: b''	(at ex_script.py:45) 
2019-03-02 02:05:59,520 [D] ┌:F:n:WD_3:mug.c:28	(at logger.py:129) 
2019-03-02 02:05:59,520 [D] |:F:n:WD_3:mug.c:27	(at logger.py:129) 
2019-03-02 02:05:59,520 [D] └:F:n:WD_3:mug.c:25	(at logger.py:129) 
2019-03-02 02:05:59,529 [D] subprocess cmd: ['source compile.sh /home/bohrok/Documents/DM/output/orbs/mug/11/work'], stdout: b''	(at ex_script.py:45) 
2019-03-02 02:05:59,529 [D] -:F:n:WD_1:mug.c:27	(at logger.py:129) 
2019-03-02 02:05:59,542 [D] subprocess cmd: ['source compile.sh /home/bohrok/Documents/DM/output/orbs/mug/11/work'], stdout: b''	(at ex_script.py:45) 
2019-03-02 02:05:59,542 [D] ┌:F:n:WD_2:mug.c:27	(at logger.py:129) 
2019-03-02 02:05:59,542 [D] └:F:n:WD_2:mug.c:25	(at logger.py:129) 
2019-03-02 02:05:59,553 [D] subprocess cmd: ['source compile.sh /home/bohrok/Documents/DM/output/orbs/mug/11/work'], stdout: b''	(at ex_script.py:45) 
2019-03-02 02:05:59,553 [D] ┌:F:n:WD_3:mug.c:27	(at logger.py:129) 
2019-03-02 02:05:59,553 [D] |:F:n:WD_3:mug.c:25	(at logger.py:129) 
2019-03-02 02:05:59,553 [D] └:F:n:WD_3:mug.c:24	(at logger.py:129) 
2019-03-02 02:05:59,553 [D]  : : :pass:mug.c:26	(at logger.py:129) 
2019-03-02 02:05:59,563 [D] subprocess cmd: ['source compile.sh /home/bohrok/Documents/DM/output/orbs/mug/11/work'], stdout: b''	(at ex_script.py:45) 
2019-03-02 02:05:59,563 [D] -:F:n:WD_1:mug.c:25	(at logger.py:129) 
2019-03-02 02:05:59,576 [D] subprocess cmd: ['source compile.sh /home/bohrok/Documents/DM/output/orbs/mug/11/work'], stdout: b''	(at ex_script.py:45) 
2019-03-02 02:05:59,576 [D] ┌:F:n:WD_2:mug.c:25	(at logger.py:129) 
2019-03-02 02:05:59,576 [D] └:F:n:WD_2:mug.c:24	(at logger.py:129) 
2019-03-02 02:05:59,588 [D] subprocess cmd: ['source compile.sh /home/bohrok/Documents/DM/output/orbs/mug/11/work'], stdout: b''	(at ex_script.py:45) 
2019-03-02 02:05:59,588 [D] ┌:F:n:WD_3:mug.c:25	(at logger.py:129) 
2019-03-02 02:05:59,588 [D] |:F:n:WD_3:mug.c:24	(at logger.py:129) 
2019-03-02 02:05:59,588 [D] └:F:n:WD_3:mug.c:18	(at logger.py:129) 
2019-03-02 02:05:59,588 [D] -:C:c:WD_1:mug.c:24	(at logger.py:129) 
2019-03-02 02:05:59,598 [D] subprocess cmd: ['source compile.sh /home/bohrok/Documents/DM/output/orbs/mug/11/work'], stdout: b''	(at ex_script.py:45) 
2019-03-02 02:05:59,598 [D] ┌:F:n:WD_2:mug.c:24	(at logger.py:129) 
2019-03-02 02:05:59,598 [D] └:F:n:WD_2:mug.c:18	(at logger.py:129) 
2019-03-02 02:05:59,610 [D] subprocess cmd: ['source compile.sh /home/bohrok/Documents/DM/output/orbs/mug/11/work'], stdout: b''	(at ex_script.py:45) 
2019-03-02 02:05:59,610 [D] ┌:F:n:WD_3:mug.c:24	(at logger.py:129) 
2019-03-02 02:05:59,610 [D] |:F:n:WD_3:mug.c:18	(at logger.py:129) 
2019-03-02 02:05:59,610 [D] └:F:n:WD_3:mug.c:17	(at logger.py:129) 
2019-03-02 02:05:59,610 [D]  : : :pass:mug.c:23	(at logger.py:129) 
2019-03-02 02:05:59,610 [D]  : : :pass:mug.c:22	(at logger.py:129) 
2019-03-02 02:05:59,610 [D]  : : :pass:mug.c:21	(at logger.py:129) 
2019-03-02 02:05:59,610 [D]  : : :pass:mug.c:20	(at logger.py:129) 
2019-03-02 02:05:59,610 [D]  : : :pass:mug.c:19	(at logger.py:129) 
2019-03-02 02:05:59,610 [D] -:F:n:WD_1:mug.c:18	(at logger.py:129) 
2019-03-02 02:05:59,610 [D] ┌:F:n:WD_2:mug.c:18	(at logger.py:129) 
2019-03-02 02:05:59,611 [D] └:F:n:WD_2:mug.c:17	(at logger.py:129) 
2019-03-02 02:05:59,611 [D] ┌:F:n:WD_3:mug.c:18	(at logger.py:129) 
2019-03-02 02:05:59,611 [D] |:F:n:WD_3:mug.c:17	(at logger.py:129) 
2019-03-02 02:05:59,611 [D] └:F:n:WD_3:mug.c:14	(at logger.py:129) 
2019-03-02 02:05:59,611 [D] -:C:c:WD_1:mug.c:17	(at logger.py:129) 
2019-03-02 02:05:59,611 [D] ┌:C:c:WD_2:mug.c:17	(at logger.py:129) 
2019-03-02 02:05:59,611 [D] └:C:c:WD_2:mug.c:14	(at logger.py:129) 
2019-03-02 02:05:59,611 [D] ┌:F:n:WD_3:mug.c:17	(at logger.py:129) 
2019-03-02 02:05:59,611 [D] |:F:n:WD_3:mug.c:14	(at logger.py:129) 
2019-03-02 02:05:59,611 [D] └:F:n:WD_3:mug.c:11	(at logger.py:129) 
2019-03-02 02:05:59,611 [D]  : : :pass:mug.c:16	(at logger.py:129) 
2019-03-02 02:05:59,611 [D]  : : :pass:mug.c:15	(at logger.py:129) 
2019-03-02 02:05:59,611 [D] -:C:c:WD_1:mug.c:14	(at logger.py:129) 
2019-03-02 02:05:59,611 [D] ┌:F:n:WD_2:mug.c:14	(at logger.py:129) 
2019-03-02 02:05:59,611 [D] └:F:n:WD_2:mug.c:11	(at logger.py:129) 
2019-03-02 02:05:59,611 [D] ┌:F:n:WD_3:mug.c:14	(at logger.py:129) 
2019-03-02 02:05:59,612 [D] |:F:n:WD_3:mug.c:11	(at logger.py:129) 
2019-03-02 02:05:59,612 [D] └:F:n:WD_3:mug.c:10	(at logger.py:129) 
2019-03-02 02:05:59,612 [D]  : : :pass:mug.c:13	(at logger.py:129) 
2019-03-02 02:05:59,612 [D]  : : :pass:mug.c:12	(at logger.py:129) 
2019-03-02 02:05:59,612 [D] -:F:n:WD_1:mug.c:11	(at logger.py:129) 
2019-03-02 02:05:59,612 [D] ┌:F:n:WD_2:mug.c:11	(at logger.py:129) 
2019-03-02 02:05:59,612 [D] └:F:n:WD_2:mug.c:10	(at logger.py:129) 
2019-03-02 02:05:59,612 [D] ┌:F:n:WD_3:mug.c:11	(at logger.py:129) 
2019-03-02 02:05:59,612 [D] |:F:n:WD_3:mug.c:10	(at logger.py:129) 
2019-03-02 02:05:59,612 [D] └:F:n:WD_3:mug.c:9	(at logger.py:129) 
2019-03-02 02:05:59,612 [D] -:F:n:WD_1:mug.c:10	(at logger.py:129) 
2019-03-02 02:05:59,612 [D] ┌:F:n:WD_2:mug.c:10	(at logger.py:129) 
2019-03-02 02:05:59,612 [D] └:F:n:WD_2:mug.c:9	(at logger.py:129) 
2019-03-02 02:05:59,612 [D] ┌:F:n:WD_3:mug.c:10	(at logger.py:129) 
2019-03-02 02:05:59,612 [D] |:F:n:WD_3:mug.c:9	(at logger.py:129) 
2019-03-02 02:05:59,612 [D] └:F:n:WD_3:mug.c:4	(at logger.py:129) 
2019-03-02 02:05:59,613 [D] -:F:n:WD_1:mug.c:9	(at logger.py:129) 
2019-03-02 02:05:59,613 [D] ┌:F:n:WD_2:mug.c:9	(at logger.py:129) 
2019-03-02 02:05:59,613 [D] └:F:n:WD_2:mug.c:4	(at logger.py:129) 
2019-03-02 02:05:59,613 [D] ┌:F:n:WD_3:mug.c:9	(at logger.py:129) 
2019-03-02 02:05:59,613 [D] |:F:n:WD_3:mug.c:4	(at logger.py:129) 
2019-03-02 02:05:59,613 [D] └:F:n:WD_3:mug.c:3	(at logger.py:129) 
2019-03-02 02:05:59,613 [D]  : : :pass:mug.c:8	(at logger.py:129) 
2019-03-02 02:05:59,613 [D]  : : :pass:mug.c:7	(at logger.py:129) 
2019-03-02 02:05:59,613 [D]  : : :pass:mug.c:6	(at logger.py:129) 
2019-03-02 02:05:59,613 [D]  : : :pass:mug.c:5	(at logger.py:129) 
2019-03-02 02:05:59,613 [D] -:F:n:WD_1:mug.c:4	(at logger.py:129) 
2019-03-02 02:05:59,613 [D] ┌:F:n:WD_2:mug.c:4	(at logger.py:129) 
2019-03-02 02:05:59,613 [D] └:F:n:WD_2:mug.c:3	(at logger.py:129) 
2019-03-02 02:05:59,613 [D] ┌:F:n:WD_3:mug.c:4	(at logger.py:129) 
2019-03-02 02:05:59,613 [D] └:F:n:WD_3:mug.c:3	(at logger.py:129) 
2019-03-02 02:05:59,613 [D] -:F:n:WD_1:mug.c:3	(at logger.py:129) 
2019-03-02 02:05:59,614 [D] -:F:n:WD_2:mug.c:3	(at logger.py:129) 
2019-03-02 02:05:59,614 [D] -:F:n:WD_3:mug.c:3	(at logger.py:129) 
2019-03-02 02:05:59,614 [D]  : : :pass:mug.c:2	(at logger.py:129) 
2019-03-02 02:05:59,614 [D]  : : :pass:mug.c:1	(at logger.py:129) 
2019-03-02 02:05:59,614 [D] comp_cached_cnt:27	(at logger.py:134) 
2019-03-02 02:05:59,614 [D] compile_cnt:51	(at logger.py:134) 
2019-03-02 02:05:59,614 [D] execute_cnt:1	(at logger.py:134) 
2019-03-02 02:05:59,614 [D] fail_del_cnt:15	(at logger.py:134) 
2019-03-02 02:05:59,614 [D] iter_idx:3	(at logger.py:134) 
2019-03-02 02:05:59,614 [D] reuse_cnt:14	(at logger.py:134) 
2019-03-02 02:05:59,614 [D] succ_del_cnt:0	(at logger.py:134) 
2019-03-02 02:05:59,614 [D] time:0.8424777984619141	(at logger.py:134) 
2019-03-02 02:05:59,614 [D] deletion:37	(at logger.py:136) 
2019-03-02 02:05:59,614 [I] Iteration 3 finished	(at orbs.py:87) 
2019-03-02 02:05:59,615 [D] total_lines:63	(at logger.py:74) 
2019-03-02 02:05:59,615 [D] iteration_cnt:3	(at logger.py:75) 
2019-03-02 02:05:59,615 [D] comp_cached_cnt:32	(at logger.py:79) 
2019-03-02 02:05:59,615 [D] compile_cnt:278	(at logger.py:79) 
2019-03-02 02:05:59,615 [D] execute_cnt:39	(at logger.py:79) 
2019-03-02 02:05:59,615 [D] fail_del_cnt:48	(at logger.py:79) 
2019-03-02 02:05:59,615 [D] reuse_cnt:36	(at logger.py:79) 
2019-03-02 02:05:59,615 [D] succ_del_cnt:27	(at logger.py:79) 
2019-03-02 02:05:59,615 [D] time:9.19488000869751	(at logger.py:80) 
2019-03-02 02:05:59,615 [D] deletion:37	(at logger.py:82) 
2019-03-02 02:05:59,615 [I] ORBS fin.	(at orbs.py:91) 
2019-03-02 02:05:59,615 [I] ===== END - RUN ==============================================	(at main.py:95) 
2019-03-02 02:05:59,615 [I] 	(at main.py:96) 
