2019-03-02 21:45:46,325 [I] output_path: output/model/wc/onehot/simple_bayes	(at model.py:166) 
2019-03-02 21:45:46,327 [I] factor_size: 21	(at model.py:121) 
2019-03-02 21:45:46,327 [I] response_size: 19	(at model.py:122) 
2019-03-02 21:45:46,347 [I] Criteria path loaded (path:output/original/wc/scripts/test/criteria)	(at model.py:43) 
2019-03-02 21:45:46,348 [I] unique response cnt: 11	(at model.py:179) 
2019-03-02 21:45:46,348 [I] 1 1 1 1 0 1 1 1 1 1 1 1 1 0 0 1 1 1 1	(at model.py:181) 
2019-03-02 21:45:46,348 [I] 1 1 1 1 1 1 0 0 1 0 0 1 1 1 1 1 1 1 1	(at model.py:181) 
2019-03-02 21:45:46,348 [I] 1 1 1 1 1 0 0 0 0 0 0 0 0 0 0 0 0 0 0	(at model.py:181) 
2019-03-02 21:45:46,348 [I] 1 1 1 1 1 1 1 1 1 1 1 1 0 0 0 0 0 0 0	(at model.py:181) 
2019-03-02 21:45:46,348 [I] 1 1 1 1 1 1 1 1 1 1 1 1 0 0 0 0 1 1 1	(at model.py:181) 
2019-03-02 21:45:46,348 [I] 1 1 1 1 1 1 1 1 1 0 0 1 1 1 1 1 1 1 1	(at model.py:181) 
2019-03-02 21:45:46,348 [I] 1 1 1 1 1 1 1 1 1 1 1 1 0 0 0 0 0 1 1	(at model.py:181) 
2019-03-02 21:45:46,348 [I] 1 1 1 1 1 1 1 1 1 1 1 1 1 1 1 1 1 1 1	(at model.py:181) 
2019-03-02 21:45:46,348 [I] 1 1 1 1 1 1 1 1 1 1 1 1 1 0 0 1 1 1 1	(at model.py:181) 
2019-03-02 21:45:46,348 [I] 1 1 1 0 1 1 1 1 1 1 1 1 0 0 0 0 1 1 1	(at model.py:181) 
2019-03-02 21:45:46,348 [I] 1 1 0 1 1 1 0 0 1 1 1 1 1 1 1 1 1 1 1	(at model.py:181) 
2019-03-02 21:45:46,348 [I] Criterion ORBS:10:5:characters (1): response_idx:2, vector_idx:23	(at model.py:135) 
2019-03-02 21:45:46,349 [I] inferred factor:
[0 1 1 1 1 1 1 1 1 1 1 1 1 1 1 1 1 1 1 1 1]	(at model.py:145) 
2019-03-02 21:45:46,496 [I] succ: True	(at model.py:150) 
2019-03-02 21:45:46,496 [I] response:
[1 1 1 1 1 0 0 0 0 0 0 0 0 0 0 0 0 0 0]	(at model.py:151) 
2019-03-02 21:45:46,496 [I] Criterion ORBS:11:5:inword (2): response_idx:3, vector_idx:24	(at model.py:135) 
2019-03-02 21:45:46,497 [I] inferred factor:
[1 0 1 1 1 1 1 1 1 1 1 1 1 1 1 1 1 1 1 1 1]	(at model.py:145) 
2019-03-02 21:45:46,643 [I] succ: True	(at model.py:150) 
2019-03-02 21:45:46,643 [I] response:
[1 1 0 1 1 0 0 0 0 0 0 0 0 0 0 0 0 0 0]	(at model.py:151) 
2019-03-02 21:45:46,643 [I] Criterion ORBS:12:5:words (3): response_idx:4, vector_idx:25	(at model.py:135) 
2019-03-02 21:45:46,644 [I] inferred factor:
[1 1 0 1 1 1 1 1 1 1 1 1 1 1 1 1 1 1 1 1 1]	(at model.py:145) 
2019-03-02 21:45:46,800 [I] succ: True	(at model.py:150) 
2019-03-02 21:45:46,800 [I] response:
[1 1 0 1 1 0 0 0 0 0 0 0 0 0 0 0 0 0 0]	(at model.py:151) 
2019-03-02 21:45:46,800 [I] Criterion ORBS:13:25:c (4): response_idx:5, vector_idx:26	(at model.py:135) 
2019-03-02 21:45:46,801 [I] inferred factor:
[1 1 1 0 0 0 0 0 0 0 0 0 1 1 1 0 0 1 1 1 1]	(at model.py:145) 
2019-03-02 21:45:46,953 [I] succ: True	(at model.py:150) 
2019-03-02 21:45:46,953 [I] response:
[1 1 0 0 0 1 0 0 1 1 1 1 0 0 0 0 0 1 1]	(at model.py:151) 
2019-03-02 21:45:46,953 [I] Criterion ORBS:15:22:characters (5): response_idx:6, vector_idx:27	(at model.py:135) 
2019-03-02 21:45:46,954 [I] inferred factor:
[0 1 1 0 0 0 0 0 1 0 0 1 1 1 1 0 1 1 1 1 1]	(at model.py:145) 
2019-03-02 21:45:47,105 [I] succ: True	(at model.py:150) 
2019-03-02 21:45:47,105 [I] response:
[1 1 1 1 0 1 1 1 1 0 0 1 0 0 0 0 0 1 1]	(at model.py:151) 
2019-03-02 21:45:47,105 [I] Criterion ORBS:15:9:characters (6): response_idx:7, vector_idx:28	(at model.py:135) 
2019-03-02 21:45:47,106 [I] inferred factor:
[0 1 1 0 0 0 0 0 1 0 0 1 1 1 1 0 1 1 1 1 1]	(at model.py:145) 
2019-03-02 21:45:47,268 [I] succ: True	(at model.py:150) 
2019-03-02 21:45:47,268 [I] response:
[1 1 1 1 0 1 1 1 1 0 0 1 0 0 0 0 0 1 1]	(at model.py:151) 
2019-03-02 21:45:47,268 [I] Criterion ORBS:16:13:c (7): response_idx:8, vector_idx:29	(at model.py:135) 
2019-03-02 21:45:47,269 [I] inferred factor:
[1 1 1 0 0 0 0 0 0 0 0 0 1 1 1 0 0 1 1 1 1]	(at model.py:145) 
2019-03-02 21:45:47,429 [I] succ: True	(at model.py:150) 
2019-03-02 21:45:47,430 [I] response:
[1 1 0 0 0 1 0 0 1 1 1 1 0 0 0 0 0 1 1]	(at model.py:151) 
2019-03-02 21:45:47,430 [I] Criterion ORBS:18:21:lines (8): response_idx:9, vector_idx:30	(at model.py:135) 
2019-03-02 21:45:47,431 [I] inferred factor:
[1 1 1 0 0 0 0 0 0 0 0 1 1 1 1 0 1 1 1 1 1]	(at model.py:145) 
2019-03-02 21:45:47,587 [I] succ: True	(at model.py:150) 
2019-03-02 21:45:47,588 [I] response:
[1 1 0 0 0 1 0 0 1 1 1 1 0 0 0 0 0 1 1]	(at model.py:151) 
2019-03-02 21:45:47,588 [I] Criterion ORBS:18:13:lines (9): response_idx:10, vector_idx:31	(at model.py:135) 
2019-03-02 21:45:47,588 [I] inferred factor:
[1 1 1 0 0 0 0 0 0 0 0 1 1 1 1 0 1 1 1 1 1]	(at model.py:145) 
2019-03-02 21:45:47,741 [I] succ: True	(at model.py:150) 
2019-03-02 21:45:47,742 [I] response:
[1 1 0 0 0 1 0 0 1 1 1 1 0 0 0 0 0 1 1]	(at model.py:151) 
2019-03-02 21:45:47,742 [I] Criterion ORBS:20:22:c (10): response_idx:11, vector_idx:32	(at model.py:135) 
2019-03-02 21:45:47,742 [I] inferred factor:
[1 1 1 0 0 0 0 0 0 0 0 0 1 1 1 0 0 1 1 1 1]	(at model.py:145) 
2019-03-02 21:45:47,906 [I] succ: True	(at model.py:150) 
2019-03-02 21:45:47,906 [I] response:
[1 1 0 0 0 1 0 0 1 1 1 1 0 0 0 0 0 1 1]	(at model.py:151) 
2019-03-02 21:45:47,906 [I] Criterion ORBS:22:17:inword (11): response_idx:12, vector_idx:33	(at model.py:135) 
2019-03-02 21:45:47,907 [I] inferred factor:
[1 0 1 0 0 1 1 1 1 0 0 0 0 0 0 0 0 1 0 1 0]	(at model.py:145) 
2019-03-02 21:45:48,061 [I] succ: True	(at model.py:150) 
2019-03-02 21:45:48,062 [I] response:
[1 1 0 1 0 1 0 0 1 0 0 1 1 0 0 1 1 1 1]	(at model.py:151) 
2019-03-02 21:45:48,062 [I] Criterion ORBS:24:25:words (12): response_idx:13, vector_idx:34	(at model.py:135) 
2019-03-02 21:45:48,062 [I] inferred factor:
[1 0 0 0 0 1 1 1 1 0 0 0 0 0 0 0 0 1 0 1 0]	(at model.py:145) 
2019-03-02 21:45:48,268 [I] succ: True	(at model.py:150) 
2019-03-02 21:45:48,269 [I] response:
[1 1 0 1 1 1 0 0 1 0 0 1 1 1 1 1 1 1 1]	(at model.py:151) 
2019-03-02 21:45:48,269 [I] Criterion ORBS:24:17:words (13): response_idx:14, vector_idx:35	(at model.py:135) 
2019-03-02 21:45:48,269 [I] inferred factor:
[1 0 0 0 0 1 1 1 1 0 0 0 0 0 0 0 0 1 0 1 0]	(at model.py:145) 
2019-03-02 21:45:48,418 [I] succ: True	(at model.py:150) 
2019-03-02 21:45:48,419 [I] response:
[1 1 0 1 1 1 0 0 1 0 0 1 1 1 1 1 1 1 1]	(at model.py:151) 
2019-03-02 21:45:48,419 [I] Criterion ORBS:25:17:inword (14): response_idx:15, vector_idx:36	(at model.py:135) 
2019-03-02 21:45:48,419 [I] inferred factor:
[1 0 1 0 0 1 1 1 1 0 0 0 0 0 0 0 0 1 0 1 0]	(at model.py:145) 
2019-03-02 21:45:48,614 [I] succ: True	(at model.py:150) 
2019-03-02 21:45:48,615 [I] response:
[1 1 0 1 0 1 0 0 1 0 0 1 1 0 0 1 1 1 1]	(at model.py:151) 
2019-03-02 21:45:48,615 [I] Criterion ORBS:30:13:inword (15): response_idx:16, vector_idx:37	(at model.py:135) 
2019-03-02 21:45:48,615 [I] inferred factor:
[1 1 1 0 0 0 0 1 1 0 0 0 1 1 1 0 0 1 0 1 0]	(at model.py:145) 
2019-03-02 21:45:48,771 [I] succ: True	(at model.py:150) 
2019-03-02 21:45:48,771 [I] response:
[1 1 1 0 0 1 1 1 1 0 0 1 0 0 0 0 1 1 1]	(at model.py:151) 
2019-03-02 21:45:48,771 [I] Criterion ORBS:36:19:c (16): response_idx:17, vector_idx:38	(at model.py:135) 
2019-03-02 21:45:48,771 [I] inferred factor:
[1 1 1 0 0 0 0 0 1 0 0 0 0 1 1 0 0 1 1 1 1]	(at model.py:145) 
2019-03-02 21:45:48,925 [I] succ: True	(at model.py:150) 
2019-03-02 21:45:48,925 [I] response:
[1 1 0 1 0 1 0 0 1 0 0 1 0 0 0 0 0 1 1]	(at model.py:151) 
2019-03-02 21:45:48,925 [I] Criterion ORBS:37:11:c (17): response_idx:18, vector_idx:39	(at model.py:135) 
2019-03-02 21:45:48,926 [I] inferred factor:
[1 1 1 0 0 0 0 0 1 0 0 0 0 1 1 0 0 1 1 1 1]	(at model.py:145) 
2019-03-02 21:45:49,087 [I] succ: True	(at model.py:150) 
2019-03-02 21:45:49,087 [I] response:
[1 1 0 1 0 1 0 0 1 0 0 1 0 0 0 0 0 1 1]	(at model.py:151) 
2019-03-02 21:45:49,087 [I] success rate: 1.0	(at model.py:190) 
