2019-03-02 02:02:08,769 [I] 	(at main.py:29) 
2019-03-02 02:02:08,769 [I] ===== START - RUN ==============================================	(at main.py:32) 
2019-03-02 02:02:08,769 [D] Title: RUN, Job key: RUN_2019-03-02_02:02:08	(at main.py:40) 
2019-03-02 02:02:08,770 [I] Load config file.	(at main.py:56) 
2019-03-02 02:02:08,770 [D] Loading config from ['/home/bohrok/Documents/DM/output/orbs/wc/6/config/config.ini']	(at config.py:16) 
2019-03-02 02:02:08,770 [D] Load config successfully!	(at config.py:19) 
2019-03-02 02:02:08,770 [D] Initialize directory: .	(at workspace.py:10) 
2019-03-02 02:02:08,770 [I] Initialize workspace.	(at main.py:64) 
2019-03-02 02:02:08,770 [I] Working directory path: /home/bohrok/Documents/DM/output/orbs/wc/6/work	(at workspace.py:41) 
2019-03-02 02:02:08,772 [D] Record the config on workspace.	(at workspace.py:62) 
2019-03-02 02:02:08,772 [I] No PRE stage.	(at main.py:73) 
2019-03-02 02:02:08,772 [I] Construct SliceSpace.	(at main.py:76) 
2019-03-02 02:02:08,772 [I] Compile the system.	(at slicespace.py:148) 
2019-03-02 02:02:08,805 [I] Execute the system.	(at slicespace.py:160) 
2019-03-02 02:02:08,816 [I] Compile the system again (sanity check).	(at slicespace.py:174) 
2019-03-02 02:02:08,850 [I] Execute the system again (sanity check).	(at slicespace.py:188) 
2019-03-02 02:02:08,864 [I] Construct deletion operators.	(at main.py:80) 
2019-03-02 02:02:08,865 [I] Run ORBS stage.	(at main.py:85) 
2019-03-02 02:02:08,865 [I] ORBS starts...	(at orbs.py:53) 
2019-03-02 02:02:08,881 [D] subprocess cmd: ['source compile.sh /home/bohrok/Documents/DM/output/orbs/wc/6/work'], stdout: b''	(at ex_script.py:45) 
2019-03-02 02:02:08,881 [D] -:F:n:WD_1:wc.c:48	(at logger.py:129) 
2019-03-02 02:02:08,896 [D] subprocess cmd: ['source compile.sh /home/bohrok/Documents/DM/output/orbs/wc/6/work'], stdout: b''	(at ex_script.py:45) 
2019-03-02 02:02:08,896 [D] ┌:F:n:WD_2:wc.c:48	(at logger.py:129) 
2019-03-02 02:02:08,896 [D] └:F:n:WD_2:wc.c:47	(at logger.py:129) 
2019-03-02 02:02:08,910 [D] subprocess cmd: ['source compile.sh /home/bohrok/Documents/DM/output/orbs/wc/6/work'], stdout: b''	(at ex_script.py:45) 
2019-03-02 02:02:08,911 [D] ┌:F:n:WD_3:wc.c:48	(at logger.py:129) 
2019-03-02 02:02:08,911 [D] |:F:n:WD_3:wc.c:47	(at logger.py:129) 
2019-03-02 02:02:08,911 [D] └:F:n:WD_3:wc.c:46	(at logger.py:129) 
2019-03-02 02:02:08,923 [D] subprocess cmd: ['source compile.sh /home/bohrok/Documents/DM/output/orbs/wc/6/work'], stdout: b''	(at ex_script.py:45) 
2019-03-02 02:02:08,924 [D] -:F:n:WD_1:wc.c:47	(at logger.py:129) 
2019-03-02 02:02:08,937 [D] subprocess cmd: ['source compile.sh /home/bohrok/Documents/DM/output/orbs/wc/6/work'], stdout: b''	(at ex_script.py:45) 
2019-03-02 02:02:08,937 [D] ┌:F:n:WD_2:wc.c:47	(at logger.py:129) 
2019-03-02 02:02:08,937 [D] └:F:n:WD_2:wc.c:46	(at logger.py:129) 
2019-03-02 02:02:08,951 [D] subprocess cmd: ['source compile.sh /home/bohrok/Documents/DM/output/orbs/wc/6/work'], stdout: b''	(at ex_script.py:45) 
2019-03-02 02:02:08,952 [D] ┌:F:n:WD_3:wc.c:47	(at logger.py:129) 
2019-03-02 02:02:08,952 [D] |:F:n:WD_3:wc.c:46	(at logger.py:129) 
2019-03-02 02:02:08,952 [D] └:F:n:WD_3:wc.c:45	(at logger.py:129) 
2019-03-02 02:02:09,000 [D] -:P:n:WD_1:wc.c:46	(at logger.py:129) 
2019-03-02 02:02:09,014 [D] subprocess cmd: ['source compile.sh /home/bohrok/Documents/DM/output/orbs/wc/6/work'], stdout: b''	(at ex_script.py:45) 
2019-03-02 02:02:09,014 [D] -:F:n:WD_1:wc.c:45	(at logger.py:129) 
2019-03-02 02:02:09,029 [D] subprocess cmd: ['source compile.sh /home/bohrok/Documents/DM/output/orbs/wc/6/work'], stdout: b''	(at ex_script.py:45) 
2019-03-02 02:02:09,029 [D] ┌:F:n:WD_2:wc.c:45	(at logger.py:129) 
2019-03-02 02:02:09,029 [D] └:F:n:WD_2:wc.c:44	(at logger.py:129) 
2019-03-02 02:02:09,067 [D] ┌:P:c:WD_3:wc.c:45	(at logger.py:129) 
2019-03-02 02:02:09,067 [D] |:P:c:WD_3:wc.c:44	(at logger.py:129) 
2019-03-02 02:02:09,067 [D] └:P:c:WD_3:wc.c:43	(at logger.py:129) 
2019-03-02 02:02:09,067 [D]  : : :pass:wc.c:44	(at logger.py:129) 
2019-03-02 02:02:09,067 [D]  : : :pass:wc.c:43	(at logger.py:129) 
2019-03-02 02:02:09,117 [D] -:P:n:WD_1:wc.c:42	(at logger.py:129) 
2019-03-02 02:02:09,131 [D] subprocess cmd: ['source compile.sh /home/bohrok/Documents/DM/output/orbs/wc/6/work'], stdout: b''	(at ex_script.py:45) 
2019-03-02 02:02:09,131 [D] -:F:n:WD_1:wc.c:41	(at logger.py:129) 
2019-03-02 02:02:09,147 [D] subprocess cmd: ['source compile.sh /home/bohrok/Documents/DM/output/orbs/wc/6/work'], stdout: b''	(at ex_script.py:45) 
2019-03-02 02:02:09,147 [D] ┌:F:n:WD_2:wc.c:41	(at logger.py:129) 
2019-03-02 02:02:09,147 [D] └:F:n:WD_2:wc.c:40	(at logger.py:129) 
2019-03-02 02:02:09,161 [D] subprocess cmd: ['source compile.sh /home/bohrok/Documents/DM/output/orbs/wc/6/work'], stdout: b''	(at ex_script.py:45) 
2019-03-02 02:02:09,161 [D] ┌:F:n:WD_3:wc.c:41	(at logger.py:129) 
2019-03-02 02:02:09,162 [D] |:F:n:WD_3:wc.c:40	(at logger.py:129) 
2019-03-02 02:02:09,162 [D] └:F:n:WD_3:wc.c:39	(at logger.py:129) 
2019-03-02 02:02:09,177 [D] subprocess cmd: ['source compile.sh /home/bohrok/Documents/DM/output/orbs/wc/6/work'], stdout: b''	(at ex_script.py:45) 
2019-03-02 02:02:09,177 [D] -:F:n:WD_1:wc.c:40	(at logger.py:129) 
2019-03-02 02:02:09,211 [D] ┌:P:c:WD_2:wc.c:40	(at logger.py:129) 
2019-03-02 02:02:09,211 [D] └:P:c:WD_2:wc.c:39	(at logger.py:129) 
2019-03-02 02:02:09,211 [D]  : : :pass:wc.c:39	(at logger.py:129) 
2019-03-02 02:02:09,256 [D] -:P:n:WD_1:wc.c:38	(at logger.py:129) 
2019-03-02 02:02:09,269 [D] subprocess cmd: ['source compile.sh /home/bohrok/Documents/DM/output/orbs/wc/6/work'], stdout: b''	(at ex_script.py:45) 
2019-03-02 02:02:09,269 [D] -:F:n:WD_1:wc.c:37	(at logger.py:129) 
2019-03-02 02:02:09,281 [D] subprocess cmd: ['source compile.sh /home/bohrok/Documents/DM/output/orbs/wc/6/work'], stdout: b''	(at ex_script.py:45) 
2019-03-02 02:02:09,282 [D] ┌:F:n:WD_2:wc.c:37	(at logger.py:129) 
2019-03-02 02:02:09,282 [D] └:F:n:WD_2:wc.c:36	(at logger.py:129) 
2019-03-02 02:02:09,314 [D] subprocess cmd: ['source compile.sh /home/bohrok/Documents/DM/output/orbs/wc/6/work'], stdout: b''	(at ex_script.py:45) 
2019-03-02 02:02:09,315 [D] ┌:F:n:WD_3:wc.c:37	(at logger.py:129) 
2019-03-02 02:02:09,315 [D] |:F:n:WD_3:wc.c:36	(at logger.py:129) 
2019-03-02 02:02:09,315 [D] └:F:n:WD_3:wc.c:35	(at logger.py:129) 
2019-03-02 02:02:09,329 [D] subprocess cmd: ['source compile.sh /home/bohrok/Documents/DM/output/orbs/wc/6/work'], stdout: b''	(at ex_script.py:45) 
2019-03-02 02:02:09,329 [D] -:F:n:WD_1:wc.c:36	(at logger.py:129) 
2019-03-02 02:02:09,343 [D] subprocess cmd: ['source compile.sh /home/bohrok/Documents/DM/output/orbs/wc/6/work'], stdout: b''	(at ex_script.py:45) 
2019-03-02 02:02:09,343 [D] ┌:F:n:WD_2:wc.c:36	(at logger.py:129) 
2019-03-02 02:02:09,343 [D] └:F:n:WD_2:wc.c:35	(at logger.py:129) 
2019-03-02 02:02:09,358 [D] subprocess cmd: ['source compile.sh /home/bohrok/Documents/DM/output/orbs/wc/6/work'], stdout: b''	(at ex_script.py:45) 
2019-03-02 02:02:09,358 [D] ┌:F:n:WD_3:wc.c:36	(at logger.py:129) 
2019-03-02 02:02:09,358 [D] |:F:n:WD_3:wc.c:35	(at logger.py:129) 
2019-03-02 02:02:09,358 [D] └:F:n:WD_3:wc.c:34	(at logger.py:129) 
2019-03-02 02:02:09,371 [D] subprocess cmd: ['source compile.sh /home/bohrok/Documents/DM/output/orbs/wc/6/work'], stdout: b''	(at ex_script.py:45) 
2019-03-02 02:02:09,371 [D] -:F:n:WD_1:wc.c:35	(at logger.py:129) 
2019-03-02 02:02:09,383 [D] subprocess cmd: ['source compile.sh /home/bohrok/Documents/DM/output/orbs/wc/6/work'], stdout: b''	(at ex_script.py:45) 
2019-03-02 02:02:09,384 [D] ┌:F:n:WD_2:wc.c:35	(at logger.py:129) 
2019-03-02 02:02:09,384 [D] └:F:n:WD_2:wc.c:34	(at logger.py:129) 
2019-03-02 02:02:09,396 [D] subprocess cmd: ['source compile.sh /home/bohrok/Documents/DM/output/orbs/wc/6/work'], stdout: b''	(at ex_script.py:45) 
2019-03-02 02:02:09,396 [D] ┌:F:n:WD_3:wc.c:35	(at logger.py:129) 
2019-03-02 02:02:09,397 [D] |:F:n:WD_3:wc.c:34	(at logger.py:129) 
2019-03-02 02:02:09,397 [D] └:F:n:WD_3:wc.c:33	(at logger.py:129) 
2019-03-02 02:02:09,410 [D] subprocess cmd: ['source compile.sh /home/bohrok/Documents/DM/output/orbs/wc/6/work'], stdout: b''	(at ex_script.py:45) 
2019-03-02 02:02:09,410 [D] -:F:n:WD_1:wc.c:34	(at logger.py:129) 
2019-03-02 02:02:09,422 [D] subprocess cmd: ['source compile.sh /home/bohrok/Documents/DM/output/orbs/wc/6/work'], stdout: b''	(at ex_script.py:45) 
2019-03-02 02:02:09,423 [D] ┌:F:n:WD_2:wc.c:34	(at logger.py:129) 
2019-03-02 02:02:09,423 [D] └:F:n:WD_2:wc.c:33	(at logger.py:129) 
2019-03-02 02:02:09,435 [D] subprocess cmd: ['source compile.sh /home/bohrok/Documents/DM/output/orbs/wc/6/work'], stdout: b''	(at ex_script.py:45) 
2019-03-02 02:02:09,436 [D] ┌:F:n:WD_3:wc.c:34	(at logger.py:129) 
2019-03-02 02:02:09,436 [D] |:F:n:WD_3:wc.c:33	(at logger.py:129) 
2019-03-02 02:02:09,436 [D] └:F:n:WD_3:wc.c:32	(at logger.py:129) 
2019-03-02 02:02:09,448 [D] subprocess cmd: ['source compile.sh /home/bohrok/Documents/DM/output/orbs/wc/6/work'], stdout: b''	(at ex_script.py:45) 
2019-03-02 02:02:09,448 [D] -:F:n:WD_1:wc.c:33	(at logger.py:129) 
2019-03-02 02:02:09,464 [D] subprocess cmd: ['source compile.sh /home/bohrok/Documents/DM/output/orbs/wc/6/work'], stdout: b''	(at ex_script.py:45) 
2019-03-02 02:02:09,464 [D] ┌:F:n:WD_2:wc.c:33	(at logger.py:129) 
2019-03-02 02:02:09,464 [D] └:F:n:WD_2:wc.c:32	(at logger.py:129) 
2019-03-02 02:02:09,479 [D] subprocess cmd: ['source compile.sh /home/bohrok/Documents/DM/output/orbs/wc/6/work'], stdout: b''	(at ex_script.py:45) 
2019-03-02 02:02:09,479 [D] ┌:F:n:WD_3:wc.c:33	(at logger.py:129) 
2019-03-02 02:02:09,479 [D] |:F:n:WD_3:wc.c:32	(at logger.py:129) 
2019-03-02 02:02:09,479 [D] └:F:n:WD_3:wc.c:31	(at logger.py:129) 
2019-03-02 02:02:09,531 [D] -:P:n:WD_1:wc.c:32	(at logger.py:129) 
2019-03-02 02:02:09,546 [D] subprocess cmd: ['source compile.sh /home/bohrok/Documents/DM/output/orbs/wc/6/work'], stdout: b''	(at ex_script.py:45) 
2019-03-02 02:02:09,546 [D] -:F:n:WD_1:wc.c:31	(at logger.py:129) 
2019-03-02 02:02:09,560 [D] subprocess cmd: ['source compile.sh /home/bohrok/Documents/DM/output/orbs/wc/6/work'], stdout: b''	(at ex_script.py:45) 
2019-03-02 02:02:09,560 [D] ┌:F:n:WD_2:wc.c:31	(at logger.py:129) 
2019-03-02 02:02:09,560 [D] └:F:n:WD_2:wc.c:30	(at logger.py:129) 
2019-03-02 02:02:09,595 [D] ┌:P:c:WD_3:wc.c:31	(at logger.py:129) 
2019-03-02 02:02:09,595 [D] |:P:c:WD_3:wc.c:30	(at logger.py:129) 
2019-03-02 02:02:09,595 [D] └:P:c:WD_3:wc.c:29	(at logger.py:129) 
2019-03-02 02:02:09,595 [D]  : : :pass:wc.c:30	(at logger.py:129) 
2019-03-02 02:02:09,595 [D]  : : :pass:wc.c:29	(at logger.py:129) 
2019-03-02 02:02:09,610 [D] subprocess cmd: ['source compile.sh /home/bohrok/Documents/DM/output/orbs/wc/6/work'], stdout: b''	(at ex_script.py:45) 
2019-03-02 02:02:09,610 [D] -:F:n:WD_1:wc.c:28	(at logger.py:129) 
2019-03-02 02:02:09,623 [D] subprocess cmd: ['source compile.sh /home/bohrok/Documents/DM/output/orbs/wc/6/work'], stdout: b''	(at ex_script.py:45) 
2019-03-02 02:02:09,623 [D] ┌:F:n:WD_2:wc.c:28	(at logger.py:129) 
2019-03-02 02:02:09,624 [D] └:F:n:WD_2:wc.c:27	(at logger.py:129) 
2019-03-02 02:02:09,637 [D] subprocess cmd: ['source compile.sh /home/bohrok/Documents/DM/output/orbs/wc/6/work'], stdout: b''	(at ex_script.py:45) 
2019-03-02 02:02:09,638 [D] ┌:F:n:WD_3:wc.c:28	(at logger.py:129) 
2019-03-02 02:02:09,638 [D] |:F:n:WD_3:wc.c:27	(at logger.py:129) 
2019-03-02 02:02:09,638 [D] └:F:n:WD_3:wc.c:26	(at logger.py:129) 
2019-03-02 02:02:09,686 [D] -:P:n:WD_1:wc.c:27	(at logger.py:129) 
2019-03-02 02:02:09,733 [D] -:P:n:WD_1:wc.c:26	(at logger.py:129) 
2019-03-02 02:02:09,748 [D] subprocess cmd: ['source compile.sh /home/bohrok/Documents/DM/output/orbs/wc/6/work'], stdout: b''	(at ex_script.py:45) 
2019-03-02 02:02:09,748 [D] -:F:n:WD_1:wc.c:25	(at logger.py:129) 
2019-03-02 02:02:09,762 [D] subprocess cmd: ['source compile.sh /home/bohrok/Documents/DM/output/orbs/wc/6/work'], stdout: b''	(at ex_script.py:45) 
2019-03-02 02:02:09,762 [D] ┌:F:n:WD_2:wc.c:25	(at logger.py:129) 
2019-03-02 02:02:09,762 [D] └:F:n:WD_2:wc.c:24	(at logger.py:129) 
2019-03-02 02:02:09,775 [D] subprocess cmd: ['source compile.sh /home/bohrok/Documents/DM/output/orbs/wc/6/work'], stdout: b''	(at ex_script.py:45) 
2019-03-02 02:02:09,775 [D] ┌:F:n:WD_3:wc.c:25	(at logger.py:129) 
2019-03-02 02:02:09,775 [D] |:F:n:WD_3:wc.c:24	(at logger.py:129) 
2019-03-02 02:02:09,775 [D] └:F:n:WD_3:wc.c:23	(at logger.py:129) 
2019-03-02 02:02:09,809 [D] -:P:c:WD_1:wc.c:24	(at logger.py:129) 
2019-03-02 02:02:09,821 [D] subprocess cmd: ['source compile.sh /home/bohrok/Documents/DM/output/orbs/wc/6/work'], stdout: b''	(at ex_script.py:45) 
2019-03-02 02:02:09,822 [D] -:F:n:WD_1:wc.c:23	(at logger.py:129) 
2019-03-02 02:02:09,833 [D] subprocess cmd: ['source compile.sh /home/bohrok/Documents/DM/output/orbs/wc/6/work'], stdout: b''	(at ex_script.py:45) 
2019-03-02 02:02:09,834 [D] ┌:F:n:WD_2:wc.c:23	(at logger.py:129) 
2019-03-02 02:02:09,834 [D] └:F:n:WD_2:wc.c:22	(at logger.py:129) 
2019-03-02 02:02:09,884 [D] ┌:P:n:WD_3:wc.c:23	(at logger.py:129) 
2019-03-02 02:02:09,885 [D] |:P:n:WD_3:wc.c:22	(at logger.py:129) 
2019-03-02 02:02:09,885 [D] └:P:n:WD_3:wc.c:21	(at logger.py:129) 
2019-03-02 02:02:09,885 [D]  : : :pass:wc.c:22	(at logger.py:129) 
2019-03-02 02:02:09,885 [D]  : : :pass:wc.c:21	(at logger.py:129) 
2019-03-02 02:02:09,931 [D] -:P:n:WD_1:wc.c:20	(at logger.py:129) 
2019-03-02 02:02:09,945 [D] subprocess cmd: ['source compile.sh /home/bohrok/Documents/DM/output/orbs/wc/6/work'], stdout: b''	(at ex_script.py:45) 
2019-03-02 02:02:09,945 [D] -:F:n:WD_1:wc.c:19	(at logger.py:129) 
2019-03-02 02:02:09,959 [D] subprocess cmd: ['source compile.sh /home/bohrok/Documents/DM/output/orbs/wc/6/work'], stdout: b''	(at ex_script.py:45) 
2019-03-02 02:02:09,959 [D] ┌:F:n:WD_2:wc.c:19	(at logger.py:129) 
2019-03-02 02:02:09,959 [D] └:F:n:WD_2:wc.c:18	(at logger.py:129) 
2019-03-02 02:02:09,972 [D] subprocess cmd: ['source compile.sh /home/bohrok/Documents/DM/output/orbs/wc/6/work'], stdout: b''	(at ex_script.py:45) 
2019-03-02 02:02:09,973 [D] ┌:F:n:WD_3:wc.c:19	(at logger.py:129) 
2019-03-02 02:02:09,973 [D] |:F:n:WD_3:wc.c:18	(at logger.py:129) 
2019-03-02 02:02:09,973 [D] └:F:n:WD_3:wc.c:17	(at logger.py:129) 
2019-03-02 02:02:10,005 [D] -:P:c:WD_1:wc.c:18	(at logger.py:129) 
2019-03-02 02:02:10,038 [D] -:P:c:WD_1:wc.c:17	(at logger.py:129) 
2019-03-02 02:02:10,083 [D] subprocess cmd: ['source execute.sh /home/bohrok/Documents/DM/output/orbs/wc/6/work'], stdout: b''	(at ex_script.py:45) 
2019-03-02 02:02:10,083 [D] -:C:n:WD_1:wc.c:16	(at logger.py:129) 
2019-03-02 02:02:10,131 [D] subprocess cmd: ['source execute.sh /home/bohrok/Documents/DM/output/orbs/wc/6/work'], stdout: b''	(at ex_script.py:45) 
2019-03-02 02:02:10,131 [D] ┌:C:n:WD_2:wc.c:16	(at logger.py:129) 
2019-03-02 02:02:10,131 [D] └:C:n:WD_2:wc.c:15	(at logger.py:129) 
2019-03-02 02:02:10,145 [D] subprocess cmd: ['source compile.sh /home/bohrok/Documents/DM/output/orbs/wc/6/work'], stdout: b''	(at ex_script.py:45) 
2019-03-02 02:02:10,146 [D] ┌:F:n:WD_3:wc.c:16	(at logger.py:129) 
2019-03-02 02:02:10,146 [D] |:F:n:WD_3:wc.c:15	(at logger.py:129) 
2019-03-02 02:02:10,146 [D] └:F:n:WD_3:wc.c:14	(at logger.py:129) 
2019-03-02 02:02:10,190 [D] -:C:n:WD_1:wc.c:15	(at logger.py:129) 
2019-03-02 02:02:10,203 [D] subprocess cmd: ['source compile.sh /home/bohrok/Documents/DM/output/orbs/wc/6/work'], stdout: b''	(at ex_script.py:45) 
2019-03-02 02:02:10,203 [D] ┌:F:n:WD_2:wc.c:15	(at logger.py:129) 
2019-03-02 02:02:10,203 [D] └:F:n:WD_2:wc.c:14	(at logger.py:129) 
2019-03-02 02:02:10,215 [D] subprocess cmd: ['source compile.sh /home/bohrok/Documents/DM/output/orbs/wc/6/work'], stdout: b''	(at ex_script.py:45) 
2019-03-02 02:02:10,216 [D] ┌:F:n:WD_3:wc.c:15	(at logger.py:129) 
2019-03-02 02:02:10,216 [D] |:F:n:WD_3:wc.c:14	(at logger.py:129) 
2019-03-02 02:02:10,216 [D] └:F:n:WD_3:wc.c:13	(at logger.py:129) 
2019-03-02 02:02:10,230 [D] subprocess cmd: ['source compile.sh /home/bohrok/Documents/DM/output/orbs/wc/6/work'], stdout: b''	(at ex_script.py:45) 
2019-03-02 02:02:10,230 [D] -:F:n:WD_1:wc.c:14	(at logger.py:129) 
2019-03-02 02:02:10,244 [D] subprocess cmd: ['source compile.sh /home/bohrok/Documents/DM/output/orbs/wc/6/work'], stdout: b''	(at ex_script.py:45) 
2019-03-02 02:02:10,244 [D] ┌:F:n:WD_2:wc.c:14	(at logger.py:129) 
2019-03-02 02:02:10,244 [D] └:F:n:WD_2:wc.c:13	(at logger.py:129) 
2019-03-02 02:02:10,258 [D] subprocess cmd: ['source compile.sh /home/bohrok/Documents/DM/output/orbs/wc/6/work'], stdout: b''	(at ex_script.py:45) 
2019-03-02 02:02:10,258 [D] ┌:F:n:WD_3:wc.c:14	(at logger.py:129) 
2019-03-02 02:02:10,258 [D] |:F:n:WD_3:wc.c:13	(at logger.py:129) 
2019-03-02 02:02:10,258 [D] └:F:n:WD_3:wc.c:12	(at logger.py:129) 
2019-03-02 02:02:10,305 [D] -:C:n:WD_1:wc.c:13	(at logger.py:129) 
2019-03-02 02:02:10,351 [D] ┌:C:n:WD_2:wc.c:13	(at logger.py:129) 
2019-03-02 02:02:10,351 [D] └:C:n:WD_2:wc.c:12	(at logger.py:129) 
2019-03-02 02:02:10,402 [D] ┌:C:n:WD_3:wc.c:13	(at logger.py:129) 
2019-03-02 02:02:10,403 [D] |:C:n:WD_3:wc.c:12	(at logger.py:129) 
2019-03-02 02:02:10,403 [D] └:C:n:WD_3:wc.c:11	(at logger.py:129) 
2019-03-02 02:02:10,447 [D] -:P:n:WD_1:wc.c:12	(at logger.py:129) 
2019-03-02 02:02:10,497 [D] -:P:n:WD_1:wc.c:11	(at logger.py:129) 
2019-03-02 02:02:10,542 [D] -:C:n:WD_1:wc.c:10	(at logger.py:129) 
2019-03-02 02:02:10,555 [D] subprocess cmd: ['source compile.sh /home/bohrok/Documents/DM/output/orbs/wc/6/work'], stdout: b''	(at ex_script.py:45) 
2019-03-02 02:02:10,555 [D] ┌:F:n:WD_2:wc.c:10	(at logger.py:129) 
2019-03-02 02:02:10,555 [D] └:F:n:WD_2:wc.c:9	(at logger.py:129) 
2019-03-02 02:02:10,567 [D] subprocess cmd: ['source compile.sh /home/bohrok/Documents/DM/output/orbs/wc/6/work'], stdout: b''	(at ex_script.py:45) 
2019-03-02 02:02:10,567 [D] ┌:F:n:WD_3:wc.c:10	(at logger.py:129) 
2019-03-02 02:02:10,568 [D] |:F:n:WD_3:wc.c:9	(at logger.py:129) 
2019-03-02 02:02:10,568 [D] └:F:n:WD_3:wc.c:8	(at logger.py:129) 
2019-03-02 02:02:10,580 [D] subprocess cmd: ['source compile.sh /home/bohrok/Documents/DM/output/orbs/wc/6/work'], stdout: b''	(at ex_script.py:45) 
2019-03-02 02:02:10,580 [D] -:F:n:WD_1:wc.c:9	(at logger.py:129) 
2019-03-02 02:02:10,594 [D] subprocess cmd: ['source compile.sh /home/bohrok/Documents/DM/output/orbs/wc/6/work'], stdout: b''	(at ex_script.py:45) 
2019-03-02 02:02:10,595 [D] ┌:F:n:WD_2:wc.c:9	(at logger.py:129) 
2019-03-02 02:02:10,595 [D] └:F:n:WD_2:wc.c:8	(at logger.py:129) 
2019-03-02 02:02:10,607 [D] subprocess cmd: ['source compile.sh /home/bohrok/Documents/DM/output/orbs/wc/6/work'], stdout: b''	(at ex_script.py:45) 
2019-03-02 02:02:10,607 [D] ┌:F:n:WD_3:wc.c:9	(at logger.py:129) 
2019-03-02 02:02:10,607 [D] |:F:n:WD_3:wc.c:8	(at logger.py:129) 
2019-03-02 02:02:10,607 [D] └:F:n:WD_3:wc.c:7	(at logger.py:129) 
2019-03-02 02:02:10,641 [D] -:P:c:WD_1:wc.c:8	(at logger.py:129) 
2019-03-02 02:02:10,672 [D] -:P:c:WD_1:wc.c:7	(at logger.py:129) 
2019-03-02 02:02:10,704 [D] -:P:c:WD_1:wc.c:6	(at logger.py:129) 
2019-03-02 02:02:10,716 [D] subprocess cmd: ['source compile.sh /home/bohrok/Documents/DM/output/orbs/wc/6/work'], stdout: b''	(at ex_script.py:45) 
2019-03-02 02:02:10,716 [D] -:F:n:WD_1:wc.c:5	(at logger.py:129) 
2019-03-02 02:02:10,729 [D] subprocess cmd: ['source compile.sh /home/bohrok/Documents/DM/output/orbs/wc/6/work'], stdout: b''	(at ex_script.py:45) 
2019-03-02 02:02:10,729 [D] ┌:F:n:WD_2:wc.c:5	(at logger.py:129) 
2019-03-02 02:02:10,729 [D] └:F:n:WD_2:wc.c:4	(at logger.py:129) 
2019-03-02 02:02:10,743 [D] subprocess cmd: ['source compile.sh /home/bohrok/Documents/DM/output/orbs/wc/6/work'], stdout: b''	(at ex_script.py:45) 
2019-03-02 02:02:10,743 [D] ┌:F:n:WD_3:wc.c:5	(at logger.py:129) 
2019-03-02 02:02:10,743 [D] |:F:n:WD_3:wc.c:4	(at logger.py:129) 
2019-03-02 02:02:10,744 [D] └:F:n:WD_3:wc.c:3	(at logger.py:129) 
2019-03-02 02:02:10,757 [D] subprocess cmd: ['source compile.sh /home/bohrok/Documents/DM/output/orbs/wc/6/work'], stdout: b''	(at ex_script.py:45) 
2019-03-02 02:02:10,757 [D] -:F:n:WD_1:wc.c:4	(at logger.py:129) 
2019-03-02 02:02:10,771 [D] subprocess cmd: ['source compile.sh /home/bohrok/Documents/DM/output/orbs/wc/6/work'], stdout: b''	(at ex_script.py:45) 
2019-03-02 02:02:10,771 [D] ┌:F:n:WD_2:wc.c:4	(at logger.py:129) 
2019-03-02 02:02:10,771 [D] └:F:n:WD_2:wc.c:3	(at logger.py:129) 
2019-03-02 02:02:10,784 [D] subprocess cmd: ['source compile.sh /home/bohrok/Documents/DM/output/orbs/wc/6/work'], stdout: b''	(at ex_script.py:45) 
2019-03-02 02:02:10,784 [D] ┌:F:n:WD_3:wc.c:4	(at logger.py:129) 
2019-03-02 02:02:10,784 [D] |:F:n:WD_3:wc.c:3	(at logger.py:129) 
2019-03-02 02:02:10,784 [D] └:F:n:WD_3:wc.c:2	(at logger.py:129) 
2019-03-02 02:02:10,799 [D] subprocess cmd: ['source compile.sh /home/bohrok/Documents/DM/output/orbs/wc/6/work'], stdout: b''	(at ex_script.py:45) 
2019-03-02 02:02:10,799 [D] -:F:n:WD_1:wc.c:3	(at logger.py:129) 
2019-03-02 02:02:10,814 [D] subprocess cmd: ['source compile.sh /home/bohrok/Documents/DM/output/orbs/wc/6/work'], stdout: b''	(at ex_script.py:45) 
2019-03-02 02:02:10,814 [D] ┌:F:n:WD_2:wc.c:3	(at logger.py:129) 
2019-03-02 02:02:10,814 [D] └:F:n:WD_2:wc.c:2	(at logger.py:129) 
2019-03-02 02:02:10,825 [D] subprocess cmd: ['source compile.sh /home/bohrok/Documents/DM/output/orbs/wc/6/work'], stdout: b''	(at ex_script.py:45) 
2019-03-02 02:02:10,826 [D] ┌:F:n:WD_3:wc.c:3	(at logger.py:129) 
2019-03-02 02:02:10,826 [D] |:F:n:WD_3:wc.c:2	(at logger.py:129) 
2019-03-02 02:02:10,826 [D] └:F:n:WD_3:wc.c:1	(at logger.py:129) 
2019-03-02 02:02:10,863 [D] -:P:c:WD_1:wc.c:2	(at logger.py:129) 
2019-03-02 02:02:10,908 [D] -:P:n:WD_1:wc.c:1	(at logger.py:129) 
2019-03-02 02:02:10,909 [D] comp_cached_cnt:0	(at logger.py:134) 
2019-03-02 02:02:10,909 [D] compile_cnt:88	(at logger.py:134) 
2019-03-02 02:02:10,909 [D] execute_cnt:18	(at logger.py:134) 
2019-03-02 02:02:10,909 [D] fail_del_cnt:7	(at logger.py:134) 
2019-03-02 02:02:10,909 [D] iter_idx:1	(at logger.py:134) 
2019-03-02 02:02:10,909 [D] reuse_cnt:10	(at logger.py:134) 
2019-03-02 02:02:10,909 [D] succ_del_cnt:21	(at logger.py:134) 
2019-03-02 02:02:10,909 [D] time:2.04329776763916	(at logger.py:134) 
2019-03-02 02:02:10,909 [D] deletion:28	(at logger.py:136) 
2019-03-02 02:02:10,909 [I] Iteration 1 finished	(at orbs.py:87) 
2019-03-02 02:02:10,921 [D] subprocess cmd: ['source compile.sh /home/bohrok/Documents/DM/output/orbs/wc/6/work'], stdout: b''	(at ex_script.py:45) 
2019-03-02 02:02:10,921 [D] -:F:n:WD_1:wc.c:48	(at logger.py:129) 
2019-03-02 02:02:10,931 [D] subprocess cmd: ['source compile.sh /home/bohrok/Documents/DM/output/orbs/wc/6/work'], stdout: b''	(at ex_script.py:45) 
2019-03-02 02:02:10,931 [D] ┌:F:n:WD_2:wc.c:48	(at logger.py:129) 
2019-03-02 02:02:10,931 [D] └:F:n:WD_2:wc.c:47	(at logger.py:129) 
2019-03-02 02:02:10,943 [D] subprocess cmd: ['source compile.sh /home/bohrok/Documents/DM/output/orbs/wc/6/work'], stdout: b''	(at ex_script.py:45) 
2019-03-02 02:02:10,943 [D] ┌:F:n:WD_3:wc.c:48	(at logger.py:129) 
2019-03-02 02:02:10,943 [D] |:F:n:WD_3:wc.c:47	(at logger.py:129) 
2019-03-02 02:02:10,943 [D] └:F:n:WD_3:wc.c:41	(at logger.py:129) 
2019-03-02 02:02:10,954 [D] subprocess cmd: ['source compile.sh /home/bohrok/Documents/DM/output/orbs/wc/6/work'], stdout: b''	(at ex_script.py:45) 
2019-03-02 02:02:10,954 [D] -:F:n:WD_1:wc.c:47	(at logger.py:129) 
2019-03-02 02:02:10,987 [D] ┌:P:c:WD_2:wc.c:47	(at logger.py:129) 
2019-03-02 02:02:10,987 [D] └:P:c:WD_2:wc.c:41	(at logger.py:129) 
2019-03-02 02:02:10,988 [D]  : : :pass:wc.c:46	(at logger.py:129) 
2019-03-02 02:02:10,988 [D]  : : :pass:wc.c:45	(at logger.py:129) 
2019-03-02 02:02:10,988 [D]  : : :pass:wc.c:44	(at logger.py:129) 
2019-03-02 02:02:10,988 [D]  : : :pass:wc.c:43	(at logger.py:129) 
2019-03-02 02:02:10,988 [D]  : : :pass:wc.c:42	(at logger.py:129) 
2019-03-02 02:02:10,988 [D]  : : :pass:wc.c:41	(at logger.py:129) 
2019-03-02 02:02:10,988 [D]  : : :pass:wc.c:40	(at logger.py:129) 
2019-03-02 02:02:10,988 [D]  : : :pass:wc.c:39	(at logger.py:129) 
2019-03-02 02:02:10,988 [D]  : : :pass:wc.c:38	(at logger.py:129) 
2019-03-02 02:02:10,999 [D] subprocess cmd: ['source compile.sh /home/bohrok/Documents/DM/output/orbs/wc/6/work'], stdout: b''	(at ex_script.py:45) 
2019-03-02 02:02:10,999 [D] -:F:n:WD_1:wc.c:37	(at logger.py:129) 
2019-03-02 02:02:11,012 [D] subprocess cmd: ['source compile.sh /home/bohrok/Documents/DM/output/orbs/wc/6/work'], stdout: b''	(at ex_script.py:45) 
2019-03-02 02:02:11,012 [D] ┌:F:n:WD_2:wc.c:37	(at logger.py:129) 
2019-03-02 02:02:11,012 [D] └:F:n:WD_2:wc.c:36	(at logger.py:129) 
2019-03-02 02:02:11,059 [D] ┌:P:n:WD_3:wc.c:37	(at logger.py:129) 
2019-03-02 02:02:11,059 [D] |:P:n:WD_3:wc.c:36	(at logger.py:129) 
2019-03-02 02:02:11,060 [D] └:P:n:WD_3:wc.c:35	(at logger.py:129) 
2019-03-02 02:02:11,060 [D]  : : :pass:wc.c:36	(at logger.py:129) 
2019-03-02 02:02:11,060 [D]  : : :pass:wc.c:35	(at logger.py:129) 
2019-03-02 02:02:11,071 [D] subprocess cmd: ['source compile.sh /home/bohrok/Documents/DM/output/orbs/wc/6/work'], stdout: b''	(at ex_script.py:45) 
2019-03-02 02:02:11,071 [D] -:F:n:WD_1:wc.c:34	(at logger.py:129) 
2019-03-02 02:02:11,083 [D] subprocess cmd: ['source compile.sh /home/bohrok/Documents/DM/output/orbs/wc/6/work'], stdout: b''	(at ex_script.py:45) 
2019-03-02 02:02:11,083 [D] ┌:F:n:WD_2:wc.c:34	(at logger.py:129) 
2019-03-02 02:02:11,083 [D] └:F:n:WD_2:wc.c:33	(at logger.py:129) 
2019-03-02 02:02:11,096 [D] subprocess cmd: ['source compile.sh /home/bohrok/Documents/DM/output/orbs/wc/6/work'], stdout: b''	(at ex_script.py:45) 
2019-03-02 02:02:11,096 [D] ┌:F:n:WD_3:wc.c:34	(at logger.py:129) 
2019-03-02 02:02:11,096 [D] |:F:n:WD_3:wc.c:33	(at logger.py:129) 
2019-03-02 02:02:11,096 [D] └:F:n:WD_3:wc.c:28	(at logger.py:129) 
2019-03-02 02:02:11,107 [D] subprocess cmd: ['source compile.sh /home/bohrok/Documents/DM/output/orbs/wc/6/work'], stdout: b''	(at ex_script.py:45) 
2019-03-02 02:02:11,107 [D] -:F:n:WD_1:wc.c:33	(at logger.py:129) 
2019-03-02 02:02:11,118 [D] subprocess cmd: ['source compile.sh /home/bohrok/Documents/DM/output/orbs/wc/6/work'], stdout: b''	(at ex_script.py:45) 
2019-03-02 02:02:11,118 [D] ┌:F:n:WD_2:wc.c:33	(at logger.py:129) 
2019-03-02 02:02:11,118 [D] └:F:n:WD_2:wc.c:28	(at logger.py:129) 
2019-03-02 02:02:11,130 [D] subprocess cmd: ['source compile.sh /home/bohrok/Documents/DM/output/orbs/wc/6/work'], stdout: b''	(at ex_script.py:45) 
2019-03-02 02:02:11,130 [D] ┌:F:n:WD_3:wc.c:33	(at logger.py:129) 
2019-03-02 02:02:11,130 [D] |:F:n:WD_3:wc.c:28	(at logger.py:129) 
2019-03-02 02:02:11,130 [D] └:F:n:WD_3:wc.c:25	(at logger.py:129) 
2019-03-02 02:02:11,130 [D]  : : :pass:wc.c:32	(at logger.py:129) 
2019-03-02 02:02:11,131 [D]  : : :pass:wc.c:31	(at logger.py:129) 
2019-03-02 02:02:11,131 [D]  : : :pass:wc.c:30	(at logger.py:129) 
2019-03-02 02:02:11,131 [D]  : : :pass:wc.c:29	(at logger.py:129) 
2019-03-02 02:02:11,142 [D] subprocess cmd: ['source compile.sh /home/bohrok/Documents/DM/output/orbs/wc/6/work'], stdout: b''	(at ex_script.py:45) 
2019-03-02 02:02:11,142 [D] -:F:n:WD_1:wc.c:28	(at logger.py:129) 
2019-03-02 02:02:11,174 [D] ┌:P:c:WD_2:wc.c:28	(at logger.py:129) 
2019-03-02 02:02:11,175 [D] └:P:c:WD_2:wc.c:25	(at logger.py:129) 
2019-03-02 02:02:11,175 [D]  : : :pass:wc.c:27	(at logger.py:129) 
2019-03-02 02:02:11,175 [D]  : : :pass:wc.c:26	(at logger.py:129) 
2019-03-02 02:02:11,175 [D]  : : :pass:wc.c:25	(at logger.py:129) 
2019-03-02 02:02:11,175 [D]  : : :pass:wc.c:24	(at logger.py:129) 
2019-03-02 02:02:11,175 [D]  : : :pass:wc.c:23	(at logger.py:129) 
2019-03-02 02:02:11,175 [D]  : : :pass:wc.c:22	(at logger.py:129) 
2019-03-02 02:02:11,175 [D]  : : :pass:wc.c:21	(at logger.py:129) 
2019-03-02 02:02:11,175 [D]  : : :pass:wc.c:20	(at logger.py:129) 
2019-03-02 02:02:11,184 [D] subprocess cmd: ['source compile.sh /home/bohrok/Documents/DM/output/orbs/wc/6/work'], stdout: b''	(at ex_script.py:45) 
2019-03-02 02:02:11,185 [D] -:F:n:WD_1:wc.c:19	(at logger.py:129) 
2019-03-02 02:02:11,196 [D] subprocess cmd: ['source compile.sh /home/bohrok/Documents/DM/output/orbs/wc/6/work'], stdout: b''	(at ex_script.py:45) 
2019-03-02 02:02:11,196 [D] ┌:F:n:WD_2:wc.c:19	(at logger.py:129) 
2019-03-02 02:02:11,196 [D] └:F:n:WD_2:wc.c:16	(at logger.py:129) 
2019-03-02 02:02:11,206 [D] subprocess cmd: ['source compile.sh /home/bohrok/Documents/DM/output/orbs/wc/6/work'], stdout: b''	(at ex_script.py:45) 
2019-03-02 02:02:11,207 [D] ┌:F:n:WD_3:wc.c:19	(at logger.py:129) 
2019-03-02 02:02:11,207 [D] |:F:n:WD_3:wc.c:16	(at logger.py:129) 
2019-03-02 02:02:11,207 [D] └:F:n:WD_3:wc.c:15	(at logger.py:129) 
2019-03-02 02:02:11,207 [D]  : : :pass:wc.c:18	(at logger.py:129) 
2019-03-02 02:02:11,207 [D]  : : :pass:wc.c:17	(at logger.py:129) 
2019-03-02 02:02:11,252 [D] subprocess cmd: ['source execute.sh /home/bohrok/Documents/DM/output/orbs/wc/6/work'], stdout: b''	(at ex_script.py:45) 
2019-03-02 02:02:11,253 [D] -:C:n:WD_1:wc.c:16	(at logger.py:129) 
2019-03-02 02:02:11,300 [D] subprocess cmd: ['source execute.sh /home/bohrok/Documents/DM/output/orbs/wc/6/work'], stdout: b''	(at ex_script.py:45) 
2019-03-02 02:02:11,300 [D] ┌:C:n:WD_2:wc.c:16	(at logger.py:129) 
2019-03-02 02:02:11,300 [D] └:C:n:WD_2:wc.c:15	(at logger.py:129) 
2019-03-02 02:02:11,313 [D] subprocess cmd: ['source compile.sh /home/bohrok/Documents/DM/output/orbs/wc/6/work'], stdout: b''	(at ex_script.py:45) 
2019-03-02 02:02:11,313 [D] ┌:F:n:WD_3:wc.c:16	(at logger.py:129) 
2019-03-02 02:02:11,313 [D] |:F:n:WD_3:wc.c:15	(at logger.py:129) 
2019-03-02 02:02:11,313 [D] └:F:n:WD_3:wc.c:14	(at logger.py:129) 
2019-03-02 02:02:11,356 [D] -:C:n:WD_1:wc.c:15	(at logger.py:129) 
2019-03-02 02:02:11,366 [D] subprocess cmd: ['source compile.sh /home/bohrok/Documents/DM/output/orbs/wc/6/work'], stdout: b''	(at ex_script.py:45) 
2019-03-02 02:02:11,366 [D] ┌:F:n:WD_2:wc.c:15	(at logger.py:129) 
2019-03-02 02:02:11,366 [D] └:F:n:WD_2:wc.c:14	(at logger.py:129) 
2019-03-02 02:02:11,377 [D] subprocess cmd: ['source compile.sh /home/bohrok/Documents/DM/output/orbs/wc/6/work'], stdout: b''	(at ex_script.py:45) 
2019-03-02 02:02:11,378 [D] ┌:F:n:WD_3:wc.c:15	(at logger.py:129) 
2019-03-02 02:02:11,378 [D] |:F:n:WD_3:wc.c:14	(at logger.py:129) 
2019-03-02 02:02:11,378 [D] └:F:n:WD_3:wc.c:13	(at logger.py:129) 
2019-03-02 02:02:11,388 [D] subprocess cmd: ['source compile.sh /home/bohrok/Documents/DM/output/orbs/wc/6/work'], stdout: b''	(at ex_script.py:45) 
2019-03-02 02:02:11,388 [D] -:F:n:WD_1:wc.c:14	(at logger.py:129) 
2019-03-02 02:02:11,398 [D] subprocess cmd: ['source compile.sh /home/bohrok/Documents/DM/output/orbs/wc/6/work'], stdout: b''	(at ex_script.py:45) 
2019-03-02 02:02:11,398 [D] ┌:F:n:WD_2:wc.c:14	(at logger.py:129) 
2019-03-02 02:02:11,399 [D] └:F:n:WD_2:wc.c:13	(at logger.py:129) 
2019-03-02 02:02:11,410 [D] subprocess cmd: ['source compile.sh /home/bohrok/Documents/DM/output/orbs/wc/6/work'], stdout: b''	(at ex_script.py:45) 
2019-03-02 02:02:11,411 [D] ┌:F:n:WD_3:wc.c:14	(at logger.py:129) 
2019-03-02 02:02:11,411 [D] |:F:n:WD_3:wc.c:13	(at logger.py:129) 
2019-03-02 02:02:11,411 [D] └:F:n:WD_3:wc.c:10	(at logger.py:129) 
2019-03-02 02:02:11,452 [D] -:C:n:WD_1:wc.c:13	(at logger.py:129) 
2019-03-02 02:02:11,501 [D] ┌:C:n:WD_2:wc.c:13	(at logger.py:129) 
2019-03-02 02:02:11,501 [D] └:C:n:WD_2:wc.c:10	(at logger.py:129) 
2019-03-02 02:02:11,533 [D] ┌:C:c:WD_3:wc.c:13	(at logger.py:129) 
2019-03-02 02:02:11,533 [D] |:C:c:WD_3:wc.c:10	(at logger.py:129) 
2019-03-02 02:02:11,534 [D] └:C:c:WD_3:wc.c:9	(at logger.py:129) 
2019-03-02 02:02:11,534 [D]  : : :pass:wc.c:12	(at logger.py:129) 
2019-03-02 02:02:11,534 [D]  : : :pass:wc.c:11	(at logger.py:129) 
2019-03-02 02:02:11,582 [D] -:C:n:WD_1:wc.c:10	(at logger.py:129) 
2019-03-02 02:02:11,594 [D] subprocess cmd: ['source compile.sh /home/bohrok/Documents/DM/output/orbs/wc/6/work'], stdout: b''	(at ex_script.py:45) 
2019-03-02 02:02:11,594 [D] ┌:F:n:WD_2:wc.c:10	(at logger.py:129) 
2019-03-02 02:02:11,594 [D] └:F:n:WD_2:wc.c:9	(at logger.py:129) 
2019-03-02 02:02:11,606 [D] subprocess cmd: ['source compile.sh /home/bohrok/Documents/DM/output/orbs/wc/6/work'], stdout: b''	(at ex_script.py:45) 
2019-03-02 02:02:11,606 [D] ┌:F:n:WD_3:wc.c:10	(at logger.py:129) 
2019-03-02 02:02:11,607 [D] |:F:n:WD_3:wc.c:9	(at logger.py:129) 
2019-03-02 02:02:11,607 [D] └:F:n:WD_3:wc.c:5	(at logger.py:129) 
2019-03-02 02:02:11,618 [D] subprocess cmd: ['source compile.sh /home/bohrok/Documents/DM/output/orbs/wc/6/work'], stdout: b''	(at ex_script.py:45) 
2019-03-02 02:02:11,618 [D] -:F:n:WD_1:wc.c:9	(at logger.py:129) 
2019-03-02 02:02:11,630 [D] subprocess cmd: ['source compile.sh /home/bohrok/Documents/DM/output/orbs/wc/6/work'], stdout: b''	(at ex_script.py:45) 
2019-03-02 02:02:11,630 [D] ┌:F:n:WD_2:wc.c:9	(at logger.py:129) 
2019-03-02 02:02:11,630 [D] └:F:n:WD_2:wc.c:5	(at logger.py:129) 
2019-03-02 02:02:11,642 [D] subprocess cmd: ['source compile.sh /home/bohrok/Documents/DM/output/orbs/wc/6/work'], stdout: b''	(at ex_script.py:45) 
2019-03-02 02:02:11,642 [D] ┌:F:n:WD_3:wc.c:9	(at logger.py:129) 
2019-03-02 02:02:11,642 [D] |:F:n:WD_3:wc.c:5	(at logger.py:129) 
2019-03-02 02:02:11,642 [D] └:F:n:WD_3:wc.c:4	(at logger.py:129) 
2019-03-02 02:02:11,642 [D]  : : :pass:wc.c:8	(at logger.py:129) 
2019-03-02 02:02:11,642 [D]  : : :pass:wc.c:7	(at logger.py:129) 
2019-03-02 02:02:11,642 [D]  : : :pass:wc.c:6	(at logger.py:129) 
2019-03-02 02:02:11,653 [D] subprocess cmd: ['source compile.sh /home/bohrok/Documents/DM/output/orbs/wc/6/work'], stdout: b''	(at ex_script.py:45) 
2019-03-02 02:02:11,654 [D] -:F:n:WD_1:wc.c:5	(at logger.py:129) 
2019-03-02 02:02:11,665 [D] subprocess cmd: ['source compile.sh /home/bohrok/Documents/DM/output/orbs/wc/6/work'], stdout: b''	(at ex_script.py:45) 
2019-03-02 02:02:11,665 [D] ┌:F:n:WD_2:wc.c:5	(at logger.py:129) 
2019-03-02 02:02:11,665 [D] └:F:n:WD_2:wc.c:4	(at logger.py:129) 
2019-03-02 02:02:11,676 [D] subprocess cmd: ['source compile.sh /home/bohrok/Documents/DM/output/orbs/wc/6/work'], stdout: b''	(at ex_script.py:45) 
2019-03-02 02:02:11,677 [D] ┌:F:n:WD_3:wc.c:5	(at logger.py:129) 
2019-03-02 02:02:11,677 [D] |:F:n:WD_3:wc.c:4	(at logger.py:129) 
2019-03-02 02:02:11,677 [D] └:F:n:WD_3:wc.c:3	(at logger.py:129) 
2019-03-02 02:02:11,689 [D] subprocess cmd: ['source compile.sh /home/bohrok/Documents/DM/output/orbs/wc/6/work'], stdout: b''	(at ex_script.py:45) 
2019-03-02 02:02:11,689 [D] -:F:n:WD_1:wc.c:4	(at logger.py:129) 
2019-03-02 02:02:11,699 [D] subprocess cmd: ['source compile.sh /home/bohrok/Documents/DM/output/orbs/wc/6/work'], stdout: b''	(at ex_script.py:45) 
2019-03-02 02:02:11,700 [D] ┌:F:n:WD_2:wc.c:4	(at logger.py:129) 
2019-03-02 02:02:11,700 [D] └:F:n:WD_2:wc.c:3	(at logger.py:129) 
2019-03-02 02:02:11,700 [D] ┌:F:n:WD_3:wc.c:4	(at logger.py:129) 
2019-03-02 02:02:11,700 [D] └:F:n:WD_3:wc.c:3	(at logger.py:129) 
2019-03-02 02:02:11,712 [D] subprocess cmd: ['source compile.sh /home/bohrok/Documents/DM/output/orbs/wc/6/work'], stdout: b''	(at ex_script.py:45) 
2019-03-02 02:02:11,713 [D] -:F:n:WD_1:wc.c:3	(at logger.py:129) 
2019-03-02 02:02:11,713 [D] -:F:n:WD_2:wc.c:3	(at logger.py:129) 
2019-03-02 02:02:11,713 [D] -:F:n:WD_3:wc.c:3	(at logger.py:129) 
2019-03-02 02:02:11,713 [D]  : : :pass:wc.c:2	(at logger.py:129) 
2019-03-02 02:02:11,713 [D]  : : :pass:wc.c:1	(at logger.py:129) 
2019-03-02 02:02:11,713 [D] comp_cached_cnt:3	(at logger.py:134) 
2019-03-02 02:02:11,713 [D] compile_cnt:43	(at logger.py:134) 
2019-03-02 02:02:11,713 [D] execute_cnt:7	(at logger.py:134) 
2019-03-02 02:02:11,713 [D] fail_del_cnt:7	(at logger.py:134) 
2019-03-02 02:02:11,713 [D] iter_idx:2	(at logger.py:134) 
2019-03-02 02:02:11,713 [D] reuse_cnt:3	(at logger.py:134) 
2019-03-02 02:02:11,713 [D] succ_del_cnt:3	(at logger.py:134) 
2019-03-02 02:02:11,713 [D] time:0.8035421371459961	(at logger.py:134) 
2019-03-02 02:02:11,713 [D] deletion:35	(at logger.py:136) 
2019-03-02 02:02:11,714 [I] Iteration 2 finished	(at orbs.py:87) 
2019-03-02 02:02:11,726 [D] subprocess cmd: ['source compile.sh /home/bohrok/Documents/DM/output/orbs/wc/6/work'], stdout: b''	(at ex_script.py:45) 
2019-03-02 02:02:11,726 [D] -:F:n:WD_1:wc.c:48	(at logger.py:129) 
2019-03-02 02:02:11,737 [D] subprocess cmd: ['source compile.sh /home/bohrok/Documents/DM/output/orbs/wc/6/work'], stdout: b''	(at ex_script.py:45) 
2019-03-02 02:02:11,737 [D] ┌:F:n:WD_2:wc.c:48	(at logger.py:129) 
2019-03-02 02:02:11,737 [D] └:F:n:WD_2:wc.c:34	(at logger.py:129) 
2019-03-02 02:02:11,749 [D] subprocess cmd: ['source compile.sh /home/bohrok/Documents/DM/output/orbs/wc/6/work'], stdout: b''	(at ex_script.py:45) 
2019-03-02 02:02:11,750 [D] ┌:F:n:WD_3:wc.c:48	(at logger.py:129) 
2019-03-02 02:02:11,750 [D] |:F:n:WD_3:wc.c:34	(at logger.py:129) 
2019-03-02 02:02:11,750 [D] └:F:n:WD_3:wc.c:33	(at logger.py:129) 
2019-03-02 02:02:11,750 [D]  : : :pass:wc.c:47	(at logger.py:129) 
2019-03-02 02:02:11,750 [D]  : : :pass:wc.c:46	(at logger.py:129) 
2019-03-02 02:02:11,750 [D]  : : :pass:wc.c:45	(at logger.py:129) 
2019-03-02 02:02:11,750 [D]  : : :pass:wc.c:44	(at logger.py:129) 
2019-03-02 02:02:11,750 [D]  : : :pass:wc.c:43	(at logger.py:129) 
2019-03-02 02:02:11,750 [D]  : : :pass:wc.c:42	(at logger.py:129) 
2019-03-02 02:02:11,750 [D]  : : :pass:wc.c:41	(at logger.py:129) 
2019-03-02 02:02:11,750 [D]  : : :pass:wc.c:40	(at logger.py:129) 
2019-03-02 02:02:11,750 [D]  : : :pass:wc.c:39	(at logger.py:129) 
2019-03-02 02:02:11,750 [D]  : : :pass:wc.c:38	(at logger.py:129) 
2019-03-02 02:02:11,750 [D]  : : :pass:wc.c:37	(at logger.py:129) 
2019-03-02 02:02:11,750 [D]  : : :pass:wc.c:36	(at logger.py:129) 
2019-03-02 02:02:11,750 [D]  : : :pass:wc.c:35	(at logger.py:129) 
2019-03-02 02:02:11,763 [D] subprocess cmd: ['source compile.sh /home/bohrok/Documents/DM/output/orbs/wc/6/work'], stdout: b''	(at ex_script.py:45) 
2019-03-02 02:02:11,763 [D] -:F:n:WD_1:wc.c:34	(at logger.py:129) 
2019-03-02 02:02:11,774 [D] subprocess cmd: ['source compile.sh /home/bohrok/Documents/DM/output/orbs/wc/6/work'], stdout: b''	(at ex_script.py:45) 
2019-03-02 02:02:11,774 [D] ┌:F:n:WD_2:wc.c:34	(at logger.py:129) 
2019-03-02 02:02:11,774 [D] └:F:n:WD_2:wc.c:33	(at logger.py:129) 
2019-03-02 02:02:11,784 [D] subprocess cmd: ['source compile.sh /home/bohrok/Documents/DM/output/orbs/wc/6/work'], stdout: b''	(at ex_script.py:45) 
2019-03-02 02:02:11,785 [D] ┌:F:n:WD_3:wc.c:34	(at logger.py:129) 
2019-03-02 02:02:11,785 [D] |:F:n:WD_3:wc.c:33	(at logger.py:129) 
2019-03-02 02:02:11,785 [D] └:F:n:WD_3:wc.c:19	(at logger.py:129) 
2019-03-02 02:02:11,785 [D] -:F:n:WD_1:wc.c:33	(at logger.py:129) 
2019-03-02 02:02:11,823 [D] ┌:P:c:WD_2:wc.c:33	(at logger.py:129) 
2019-03-02 02:02:11,823 [D] └:P:c:WD_2:wc.c:19	(at logger.py:129) 
2019-03-02 02:02:11,823 [D]  : : :pass:wc.c:32	(at logger.py:129) 
2019-03-02 02:02:11,823 [D]  : : :pass:wc.c:31	(at logger.py:129) 
2019-03-02 02:02:11,823 [D]  : : :pass:wc.c:30	(at logger.py:129) 
2019-03-02 02:02:11,823 [D]  : : :pass:wc.c:29	(at logger.py:129) 
2019-03-02 02:02:11,823 [D]  : : :pass:wc.c:28	(at logger.py:129) 
2019-03-02 02:02:11,823 [D]  : : :pass:wc.c:27	(at logger.py:129) 
2019-03-02 02:02:11,824 [D]  : : :pass:wc.c:26	(at logger.py:129) 
2019-03-02 02:02:11,824 [D]  : : :pass:wc.c:25	(at logger.py:129) 
2019-03-02 02:02:11,824 [D]  : : :pass:wc.c:24	(at logger.py:129) 
2019-03-02 02:02:11,824 [D]  : : :pass:wc.c:23	(at logger.py:129) 
2019-03-02 02:02:11,824 [D]  : : :pass:wc.c:22	(at logger.py:129) 
2019-03-02 02:02:11,824 [D]  : : :pass:wc.c:21	(at logger.py:129) 
2019-03-02 02:02:11,824 [D]  : : :pass:wc.c:20	(at logger.py:129) 
2019-03-02 02:02:11,824 [D]  : : :pass:wc.c:19	(at logger.py:129) 
2019-03-02 02:02:11,824 [D]  : : :pass:wc.c:18	(at logger.py:129) 
2019-03-02 02:02:11,824 [D]  : : :pass:wc.c:17	(at logger.py:129) 
2019-03-02 02:02:11,857 [D] -:C:c:WD_1:wc.c:16	(at logger.py:129) 
2019-03-02 02:02:11,890 [D] ┌:C:c:WD_2:wc.c:16	(at logger.py:129) 
2019-03-02 02:02:11,890 [D] └:C:c:WD_2:wc.c:15	(at logger.py:129) 
2019-03-02 02:02:11,900 [D] subprocess cmd: ['source compile.sh /home/bohrok/Documents/DM/output/orbs/wc/6/work'], stdout: b''	(at ex_script.py:45) 
2019-03-02 02:02:11,901 [D] ┌:F:n:WD_3:wc.c:16	(at logger.py:129) 
2019-03-02 02:02:11,901 [D] |:F:n:WD_3:wc.c:15	(at logger.py:129) 
2019-03-02 02:02:11,901 [D] └:F:n:WD_3:wc.c:14	(at logger.py:129) 
2019-03-02 02:02:11,933 [D] -:C:c:WD_1:wc.c:15	(at logger.py:129) 
2019-03-02 02:02:11,945 [D] subprocess cmd: ['source compile.sh /home/bohrok/Documents/DM/output/orbs/wc/6/work'], stdout: b''	(at ex_script.py:45) 
2019-03-02 02:02:11,946 [D] ┌:F:n:WD_2:wc.c:15	(at logger.py:129) 
2019-03-02 02:02:11,946 [D] └:F:n:WD_2:wc.c:14	(at logger.py:129) 
2019-03-02 02:02:11,958 [D] subprocess cmd: ['source compile.sh /home/bohrok/Documents/DM/output/orbs/wc/6/work'], stdout: b''	(at ex_script.py:45) 
2019-03-02 02:02:11,958 [D] ┌:F:n:WD_3:wc.c:15	(at logger.py:129) 
2019-03-02 02:02:11,958 [D] |:F:n:WD_3:wc.c:14	(at logger.py:129) 
2019-03-02 02:02:11,958 [D] └:F:n:WD_3:wc.c:13	(at logger.py:129) 
2019-03-02 02:02:11,968 [D] subprocess cmd: ['source compile.sh /home/bohrok/Documents/DM/output/orbs/wc/6/work'], stdout: b''	(at ex_script.py:45) 
2019-03-02 02:02:11,969 [D] -:F:n:WD_1:wc.c:14	(at logger.py:129) 
2019-03-02 02:02:11,981 [D] subprocess cmd: ['source compile.sh /home/bohrok/Documents/DM/output/orbs/wc/6/work'], stdout: b''	(at ex_script.py:45) 
2019-03-02 02:02:11,981 [D] ┌:F:n:WD_2:wc.c:14	(at logger.py:129) 
2019-03-02 02:02:11,981 [D] └:F:n:WD_2:wc.c:13	(at logger.py:129) 
2019-03-02 02:02:11,992 [D] subprocess cmd: ['source compile.sh /home/bohrok/Documents/DM/output/orbs/wc/6/work'], stdout: b''	(at ex_script.py:45) 
2019-03-02 02:02:11,993 [D] ┌:F:n:WD_3:wc.c:14	(at logger.py:129) 
2019-03-02 02:02:11,993 [D] |:F:n:WD_3:wc.c:13	(at logger.py:129) 
2019-03-02 02:02:11,993 [D] └:F:n:WD_3:wc.c:10	(at logger.py:129) 
2019-03-02 02:02:12,025 [D] -:C:c:WD_1:wc.c:13	(at logger.py:129) 
2019-03-02 02:02:12,060 [D] ┌:C:c:WD_2:wc.c:13	(at logger.py:129) 
2019-03-02 02:02:12,060 [D] └:C:c:WD_2:wc.c:10	(at logger.py:129) 
2019-03-02 02:02:12,093 [D] ┌:C:c:WD_3:wc.c:13	(at logger.py:129) 
2019-03-02 02:02:12,093 [D] |:C:c:WD_3:wc.c:10	(at logger.py:129) 
2019-03-02 02:02:12,093 [D] └:C:c:WD_3:wc.c:9	(at logger.py:129) 
2019-03-02 02:02:12,093 [D]  : : :pass:wc.c:12	(at logger.py:129) 
2019-03-02 02:02:12,093 [D]  : : :pass:wc.c:11	(at logger.py:129) 
2019-03-02 02:02:12,125 [D] -:C:c:WD_1:wc.c:10	(at logger.py:129) 
2019-03-02 02:02:12,134 [D] subprocess cmd: ['source compile.sh /home/bohrok/Documents/DM/output/orbs/wc/6/work'], stdout: b''	(at ex_script.py:45) 
2019-03-02 02:02:12,134 [D] ┌:F:n:WD_2:wc.c:10	(at logger.py:129) 
2019-03-02 02:02:12,135 [D] └:F:n:WD_2:wc.c:9	(at logger.py:129) 
2019-03-02 02:02:12,148 [D] subprocess cmd: ['source compile.sh /home/bohrok/Documents/DM/output/orbs/wc/6/work'], stdout: b''	(at ex_script.py:45) 
2019-03-02 02:02:12,148 [D] ┌:F:n:WD_3:wc.c:10	(at logger.py:129) 
2019-03-02 02:02:12,148 [D] |:F:n:WD_3:wc.c:9	(at logger.py:129) 
2019-03-02 02:02:12,148 [D] └:F:n:WD_3:wc.c:5	(at logger.py:129) 
2019-03-02 02:02:12,160 [D] subprocess cmd: ['source compile.sh /home/bohrok/Documents/DM/output/orbs/wc/6/work'], stdout: b''	(at ex_script.py:45) 
2019-03-02 02:02:12,160 [D] -:F:n:WD_1:wc.c:9	(at logger.py:129) 
2019-03-02 02:02:12,171 [D] subprocess cmd: ['source compile.sh /home/bohrok/Documents/DM/output/orbs/wc/6/work'], stdout: b''	(at ex_script.py:45) 
2019-03-02 02:02:12,171 [D] ┌:F:n:WD_2:wc.c:9	(at logger.py:129) 
2019-03-02 02:02:12,171 [D] └:F:n:WD_2:wc.c:5	(at logger.py:129) 
2019-03-02 02:02:12,182 [D] subprocess cmd: ['source compile.sh /home/bohrok/Documents/DM/output/orbs/wc/6/work'], stdout: b''	(at ex_script.py:45) 
2019-03-02 02:02:12,182 [D] ┌:F:n:WD_3:wc.c:9	(at logger.py:129) 
2019-03-02 02:02:12,182 [D] |:F:n:WD_3:wc.c:5	(at logger.py:129) 
2019-03-02 02:02:12,182 [D] └:F:n:WD_3:wc.c:4	(at logger.py:129) 
2019-03-02 02:02:12,182 [D]  : : :pass:wc.c:8	(at logger.py:129) 
2019-03-02 02:02:12,183 [D]  : : :pass:wc.c:7	(at logger.py:129) 
2019-03-02 02:02:12,183 [D]  : : :pass:wc.c:6	(at logger.py:129) 
2019-03-02 02:02:12,195 [D] subprocess cmd: ['source compile.sh /home/bohrok/Documents/DM/output/orbs/wc/6/work'], stdout: b''	(at ex_script.py:45) 
2019-03-02 02:02:12,195 [D] -:F:n:WD_1:wc.c:5	(at logger.py:129) 
2019-03-02 02:02:12,207 [D] subprocess cmd: ['source compile.sh /home/bohrok/Documents/DM/output/orbs/wc/6/work'], stdout: b''	(at ex_script.py:45) 
2019-03-02 02:02:12,207 [D] ┌:F:n:WD_2:wc.c:5	(at logger.py:129) 
2019-03-02 02:02:12,207 [D] └:F:n:WD_2:wc.c:4	(at logger.py:129) 
2019-03-02 02:02:12,219 [D] subprocess cmd: ['source compile.sh /home/bohrok/Documents/DM/output/orbs/wc/6/work'], stdout: b''	(at ex_script.py:45) 
2019-03-02 02:02:12,219 [D] ┌:F:n:WD_3:wc.c:5	(at logger.py:129) 
2019-03-02 02:02:12,219 [D] |:F:n:WD_3:wc.c:4	(at logger.py:129) 
2019-03-02 02:02:12,219 [D] └:F:n:WD_3:wc.c:3	(at logger.py:129) 
2019-03-02 02:02:12,232 [D] subprocess cmd: ['source compile.sh /home/bohrok/Documents/DM/output/orbs/wc/6/work'], stdout: b''	(at ex_script.py:45) 
2019-03-02 02:02:12,232 [D] -:F:n:WD_1:wc.c:4	(at logger.py:129) 
2019-03-02 02:02:12,244 [D] subprocess cmd: ['source compile.sh /home/bohrok/Documents/DM/output/orbs/wc/6/work'], stdout: b''	(at ex_script.py:45) 
2019-03-02 02:02:12,244 [D] ┌:F:n:WD_2:wc.c:4	(at logger.py:129) 
2019-03-02 02:02:12,244 [D] └:F:n:WD_2:wc.c:3	(at logger.py:129) 
2019-03-02 02:02:12,244 [D] ┌:F:n:WD_3:wc.c:4	(at logger.py:129) 
2019-03-02 02:02:12,244 [D] └:F:n:WD_3:wc.c:3	(at logger.py:129) 
2019-03-02 02:02:12,255 [D] subprocess cmd: ['source compile.sh /home/bohrok/Documents/DM/output/orbs/wc/6/work'], stdout: b''	(at ex_script.py:45) 
2019-03-02 02:02:12,255 [D] -:F:n:WD_1:wc.c:3	(at logger.py:129) 
2019-03-02 02:02:12,255 [D] -:F:n:WD_2:wc.c:3	(at logger.py:129) 
2019-03-02 02:02:12,255 [D] -:F:n:WD_3:wc.c:3	(at logger.py:129) 
2019-03-02 02:02:12,255 [D]  : : :pass:wc.c:2	(at logger.py:129) 
2019-03-02 02:02:12,255 [D]  : : :pass:wc.c:1	(at logger.py:129) 
2019-03-02 02:02:12,256 [D] comp_cached_cnt:4	(at logger.py:134) 
2019-03-02 02:02:12,256 [D] compile_cnt:31	(at logger.py:134) 
2019-03-02 02:02:12,256 [D] execute_cnt:0	(at logger.py:134) 
2019-03-02 02:02:12,256 [D] fail_del_cnt:7	(at logger.py:134) 
2019-03-02 02:02:12,256 [D] iter_idx:3	(at logger.py:134) 
2019-03-02 02:02:12,256 [D] reuse_cnt:8	(at logger.py:134) 
2019-03-02 02:02:12,256 [D] succ_del_cnt:1	(at logger.py:134) 
2019-03-02 02:02:12,256 [D] time:0.5415706634521484	(at logger.py:134) 
2019-03-02 02:02:12,256 [D] deletion:37	(at logger.py:136) 
2019-03-02 02:02:12,256 [I] Iteration 3 finished	(at orbs.py:87) 
2019-03-02 02:02:12,267 [D] subprocess cmd: ['source compile.sh /home/bohrok/Documents/DM/output/orbs/wc/6/work'], stdout: b''	(at ex_script.py:45) 
2019-03-02 02:02:12,268 [D] -:F:n:WD_1:wc.c:48	(at logger.py:129) 
2019-03-02 02:02:12,282 [D] subprocess cmd: ['source compile.sh /home/bohrok/Documents/DM/output/orbs/wc/6/work'], stdout: b''	(at ex_script.py:45) 
2019-03-02 02:02:12,282 [D] ┌:F:n:WD_2:wc.c:48	(at logger.py:129) 
2019-03-02 02:02:12,282 [D] └:F:n:WD_2:wc.c:34	(at logger.py:129) 
2019-03-02 02:02:12,294 [D] subprocess cmd: ['source compile.sh /home/bohrok/Documents/DM/output/orbs/wc/6/work'], stdout: b''	(at ex_script.py:45) 
2019-03-02 02:02:12,295 [D] ┌:F:n:WD_3:wc.c:48	(at logger.py:129) 
2019-03-02 02:02:12,295 [D] |:F:n:WD_3:wc.c:34	(at logger.py:129) 
2019-03-02 02:02:12,295 [D] └:F:n:WD_3:wc.c:16	(at logger.py:129) 
2019-03-02 02:02:12,295 [D]  : : :pass:wc.c:47	(at logger.py:129) 
2019-03-02 02:02:12,295 [D]  : : :pass:wc.c:46	(at logger.py:129) 
2019-03-02 02:02:12,295 [D]  : : :pass:wc.c:45	(at logger.py:129) 
2019-03-02 02:02:12,295 [D]  : : :pass:wc.c:44	(at logger.py:129) 
2019-03-02 02:02:12,295 [D]  : : :pass:wc.c:43	(at logger.py:129) 
2019-03-02 02:02:12,295 [D]  : : :pass:wc.c:42	(at logger.py:129) 
2019-03-02 02:02:12,295 [D]  : : :pass:wc.c:41	(at logger.py:129) 
2019-03-02 02:02:12,295 [D]  : : :pass:wc.c:40	(at logger.py:129) 
2019-03-02 02:02:12,295 [D]  : : :pass:wc.c:39	(at logger.py:129) 
2019-03-02 02:02:12,295 [D]  : : :pass:wc.c:38	(at logger.py:129) 
2019-03-02 02:02:12,295 [D]  : : :pass:wc.c:37	(at logger.py:129) 
2019-03-02 02:02:12,295 [D]  : : :pass:wc.c:36	(at logger.py:129) 
2019-03-02 02:02:12,295 [D]  : : :pass:wc.c:35	(at logger.py:129) 
2019-03-02 02:02:12,296 [D] -:F:n:WD_1:wc.c:34	(at logger.py:129) 
2019-03-02 02:02:12,307 [D] subprocess cmd: ['source compile.sh /home/bohrok/Documents/DM/output/orbs/wc/6/work'], stdout: b''	(at ex_script.py:45) 
2019-03-02 02:02:12,307 [D] ┌:F:n:WD_2:wc.c:34	(at logger.py:129) 
2019-03-02 02:02:12,307 [D] └:F:n:WD_2:wc.c:16	(at logger.py:129) 
2019-03-02 02:02:12,317 [D] subprocess cmd: ['source compile.sh /home/bohrok/Documents/DM/output/orbs/wc/6/work'], stdout: b''	(at ex_script.py:45) 
2019-03-02 02:02:12,317 [D] ┌:F:n:WD_3:wc.c:34	(at logger.py:129) 
2019-03-02 02:02:12,317 [D] |:F:n:WD_3:wc.c:16	(at logger.py:129) 
2019-03-02 02:02:12,317 [D] └:F:n:WD_3:wc.c:15	(at logger.py:129) 
2019-03-02 02:02:12,318 [D]  : : :pass:wc.c:33	(at logger.py:129) 
2019-03-02 02:02:12,318 [D]  : : :pass:wc.c:32	(at logger.py:129) 
2019-03-02 02:02:12,318 [D]  : : :pass:wc.c:31	(at logger.py:129) 
2019-03-02 02:02:12,318 [D]  : : :pass:wc.c:30	(at logger.py:129) 
2019-03-02 02:02:12,318 [D]  : : :pass:wc.c:29	(at logger.py:129) 
2019-03-02 02:02:12,318 [D]  : : :pass:wc.c:28	(at logger.py:129) 
2019-03-02 02:02:12,318 [D]  : : :pass:wc.c:27	(at logger.py:129) 
2019-03-02 02:02:12,318 [D]  : : :pass:wc.c:26	(at logger.py:129) 
2019-03-02 02:02:12,318 [D]  : : :pass:wc.c:25	(at logger.py:129) 
2019-03-02 02:02:12,318 [D]  : : :pass:wc.c:24	(at logger.py:129) 
2019-03-02 02:02:12,318 [D]  : : :pass:wc.c:23	(at logger.py:129) 
2019-03-02 02:02:12,318 [D]  : : :pass:wc.c:22	(at logger.py:129) 
2019-03-02 02:02:12,318 [D]  : : :pass:wc.c:21	(at logger.py:129) 
2019-03-02 02:02:12,318 [D]  : : :pass:wc.c:20	(at logger.py:129) 
2019-03-02 02:02:12,318 [D]  : : :pass:wc.c:19	(at logger.py:129) 
2019-03-02 02:02:12,318 [D]  : : :pass:wc.c:18	(at logger.py:129) 
2019-03-02 02:02:12,318 [D]  : : :pass:wc.c:17	(at logger.py:129) 
2019-03-02 02:02:12,319 [D] -:C:c:WD_1:wc.c:16	(at logger.py:129) 
2019-03-02 02:02:12,319 [D] ┌:C:c:WD_2:wc.c:16	(at logger.py:129) 
2019-03-02 02:02:12,319 [D] └:C:c:WD_2:wc.c:15	(at logger.py:129) 
2019-03-02 02:02:12,319 [D] ┌:F:n:WD_3:wc.c:16	(at logger.py:129) 
2019-03-02 02:02:12,319 [D] |:F:n:WD_3:wc.c:15	(at logger.py:129) 
2019-03-02 02:02:12,319 [D] └:F:n:WD_3:wc.c:14	(at logger.py:129) 
2019-03-02 02:02:12,319 [D] -:C:c:WD_1:wc.c:15	(at logger.py:129) 
2019-03-02 02:02:12,319 [D] ┌:F:n:WD_2:wc.c:15	(at logger.py:129) 
2019-03-02 02:02:12,319 [D] └:F:n:WD_2:wc.c:14	(at logger.py:129) 
2019-03-02 02:02:12,319 [D] ┌:F:n:WD_3:wc.c:15	(at logger.py:129) 
2019-03-02 02:02:12,320 [D] |:F:n:WD_3:wc.c:14	(at logger.py:129) 
2019-03-02 02:02:12,320 [D] └:F:n:WD_3:wc.c:13	(at logger.py:129) 
2019-03-02 02:02:12,320 [D] -:F:n:WD_1:wc.c:14	(at logger.py:129) 
2019-03-02 02:02:12,320 [D] ┌:F:n:WD_2:wc.c:14	(at logger.py:129) 
2019-03-02 02:02:12,320 [D] └:F:n:WD_2:wc.c:13	(at logger.py:129) 
2019-03-02 02:02:12,320 [D] ┌:F:n:WD_3:wc.c:14	(at logger.py:129) 
2019-03-02 02:02:12,320 [D] |:F:n:WD_3:wc.c:13	(at logger.py:129) 
2019-03-02 02:02:12,320 [D] └:F:n:WD_3:wc.c:10	(at logger.py:129) 
2019-03-02 02:02:12,320 [D] -:C:c:WD_1:wc.c:13	(at logger.py:129) 
2019-03-02 02:02:12,321 [D] ┌:C:c:WD_2:wc.c:13	(at logger.py:129) 
2019-03-02 02:02:12,321 [D] └:C:c:WD_2:wc.c:10	(at logger.py:129) 
2019-03-02 02:02:12,321 [D] ┌:C:c:WD_3:wc.c:13	(at logger.py:129) 
2019-03-02 02:02:12,321 [D] |:C:c:WD_3:wc.c:10	(at logger.py:129) 
2019-03-02 02:02:12,321 [D] └:C:c:WD_3:wc.c:9	(at logger.py:129) 
2019-03-02 02:02:12,321 [D]  : : :pass:wc.c:12	(at logger.py:129) 
2019-03-02 02:02:12,321 [D]  : : :pass:wc.c:11	(at logger.py:129) 
2019-03-02 02:02:12,321 [D] -:C:c:WD_1:wc.c:10	(at logger.py:129) 
2019-03-02 02:02:12,321 [D] ┌:F:n:WD_2:wc.c:10	(at logger.py:129) 
2019-03-02 02:02:12,321 [D] └:F:n:WD_2:wc.c:9	(at logger.py:129) 
2019-03-02 02:02:12,321 [D] ┌:F:n:WD_3:wc.c:10	(at logger.py:129) 
2019-03-02 02:02:12,321 [D] |:F:n:WD_3:wc.c:9	(at logger.py:129) 
2019-03-02 02:02:12,322 [D] └:F:n:WD_3:wc.c:5	(at logger.py:129) 
2019-03-02 02:02:12,322 [D] -:F:n:WD_1:wc.c:9	(at logger.py:129) 
2019-03-02 02:02:12,322 [D] ┌:F:n:WD_2:wc.c:9	(at logger.py:129) 
2019-03-02 02:02:12,322 [D] └:F:n:WD_2:wc.c:5	(at logger.py:129) 
2019-03-02 02:02:12,322 [D] ┌:F:n:WD_3:wc.c:9	(at logger.py:129) 
2019-03-02 02:02:12,322 [D] |:F:n:WD_3:wc.c:5	(at logger.py:129) 
2019-03-02 02:02:12,322 [D] └:F:n:WD_3:wc.c:4	(at logger.py:129) 
2019-03-02 02:02:12,322 [D]  : : :pass:wc.c:8	(at logger.py:129) 
2019-03-02 02:02:12,322 [D]  : : :pass:wc.c:7	(at logger.py:129) 
2019-03-02 02:02:12,322 [D]  : : :pass:wc.c:6	(at logger.py:129) 
2019-03-02 02:02:12,322 [D] -:F:n:WD_1:wc.c:5	(at logger.py:129) 
2019-03-02 02:02:12,322 [D] ┌:F:n:WD_2:wc.c:5	(at logger.py:129) 
2019-03-02 02:02:12,322 [D] └:F:n:WD_2:wc.c:4	(at logger.py:129) 
2019-03-02 02:02:12,322 [D] ┌:F:n:WD_3:wc.c:5	(at logger.py:129) 
2019-03-02 02:02:12,322 [D] |:F:n:WD_3:wc.c:4	(at logger.py:129) 
2019-03-02 02:02:12,322 [D] └:F:n:WD_3:wc.c:3	(at logger.py:129) 
2019-03-02 02:02:12,323 [D] -:F:n:WD_1:wc.c:4	(at logger.py:129) 
2019-03-02 02:02:12,323 [D] ┌:F:n:WD_2:wc.c:4	(at logger.py:129) 
2019-03-02 02:02:12,323 [D] └:F:n:WD_2:wc.c:3	(at logger.py:129) 
2019-03-02 02:02:12,323 [D] ┌:F:n:WD_3:wc.c:4	(at logger.py:129) 
2019-03-02 02:02:12,323 [D] └:F:n:WD_3:wc.c:3	(at logger.py:129) 
2019-03-02 02:02:12,323 [D] -:F:n:WD_1:wc.c:3	(at logger.py:129) 
2019-03-02 02:02:12,323 [D] -:F:n:WD_2:wc.c:3	(at logger.py:129) 
2019-03-02 02:02:12,323 [D] -:F:n:WD_3:wc.c:3	(at logger.py:129) 
2019-03-02 02:02:12,323 [D]  : : :pass:wc.c:2	(at logger.py:129) 
2019-03-02 02:02:12,323 [D]  : : :pass:wc.c:1	(at logger.py:129) 
2019-03-02 02:02:12,323 [D] comp_cached_cnt:28	(at logger.py:134) 
2019-03-02 02:02:12,323 [D] compile_cnt:5	(at logger.py:134) 
2019-03-02 02:02:12,323 [D] execute_cnt:0	(at logger.py:134) 
2019-03-02 02:02:12,323 [D] fail_del_cnt:7	(at logger.py:134) 
2019-03-02 02:02:12,323 [D] iter_idx:4	(at logger.py:134) 
2019-03-02 02:02:12,323 [D] reuse_cnt:7	(at logger.py:134) 
2019-03-02 02:02:12,324 [D] succ_del_cnt:0	(at logger.py:134) 
2019-03-02 02:02:12,324 [D] time:0.06662869453430176	(at logger.py:134) 
2019-03-02 02:02:12,324 [D] deletion:37	(at logger.py:136) 
2019-03-02 02:02:12,324 [I] Iteration 4 finished	(at orbs.py:87) 
2019-03-02 02:02:12,324 [D] total_lines:48	(at logger.py:74) 
2019-03-02 02:02:12,324 [D] iteration_cnt:4	(at logger.py:75) 
2019-03-02 02:02:12,324 [D] comp_cached_cnt:35	(at logger.py:79) 
2019-03-02 02:02:12,324 [D] compile_cnt:167	(at logger.py:79) 
2019-03-02 02:02:12,324 [D] execute_cnt:25	(at logger.py:79) 
2019-03-02 02:02:12,324 [D] fail_del_cnt:28	(at logger.py:79) 
2019-03-02 02:02:12,324 [D] reuse_cnt:28	(at logger.py:79) 
2019-03-02 02:02:12,324 [D] succ_del_cnt:25	(at logger.py:79) 
2019-03-02 02:02:12,324 [D] time:3.459383487701416	(at logger.py:80) 
2019-03-02 02:02:12,324 [D] deletion:37	(at logger.py:82) 
2019-03-02 02:02:12,325 [I] ORBS fin.	(at orbs.py:91) 
2019-03-02 02:02:12,325 [I] ===== END - RUN ==============================================	(at main.py:95) 
2019-03-02 02:02:12,325 [I] 	(at main.py:96) 
