2019-02-12 21:29:42,962 [I] 	(at main.py:29) 
2019-02-12 21:29:42,962 [I] ===== START - RUN ==============================================	(at main.py:32) 
2019-02-12 21:29:42,963 [D] Title: RUN, Job key: RUN_2019-02-12_21:29:42	(at main.py:40) 
2019-02-12 21:29:42,963 [I] Load config file.	(at main.py:56) 
2019-02-12 21:29:42,963 [D] Loading config from ['/home/bohrok/Documents/DM/output/orbs/mbe/7/config/config.ini']	(at config.py:16) 
2019-02-12 21:29:42,973 [D] Load config successfully!	(at config.py:19) 
2019-02-12 21:29:42,974 [D] Initialize directory: .	(at workspace.py:10) 
2019-02-12 21:29:42,974 [I] Initialize workspace.	(at main.py:64) 
2019-02-12 21:29:42,974 [I] Working directory path: /home/bohrok/Documents/DM/output/orbs/mbe/7/work	(at workspace.py:41) 
2019-02-12 21:29:42,976 [D] Record the config on workspace.	(at workspace.py:62) 
2019-02-12 21:29:42,976 [I] No PRE stage.	(at main.py:73) 
2019-02-12 21:29:42,976 [I] Construct SliceSpace.	(at main.py:76) 
2019-02-12 21:29:42,976 [I] Compile the system.	(at slicespace.py:148) 
2019-02-12 21:29:43,021 [I] Execute the system.	(at slicespace.py:160) 
2019-02-12 21:29:43,038 [I] Compile the system again (sanity check).	(at slicespace.py:174) 
2019-02-12 21:29:43,078 [I] Execute the system again (sanity check).	(at slicespace.py:188) 
2019-02-12 21:29:43,089 [I] Construct deletion operators.	(at main.py:80) 
2019-02-12 21:29:43,089 [I] Run ORBS stage.	(at main.py:85) 
2019-02-12 21:29:43,090 [I] ORBS starts...	(at orbs.py:53) 
2019-02-12 21:29:43,110 [D] subprocess cmd: ['source compile.sh /home/bohrok/Documents/DM/output/orbs/mbe/7/work'], stdout: b''	(at ex_script.py:45) 
2019-02-12 21:29:43,111 [D] -:F:n:WD_1:mbe.c:79	(at logger.py:129) 
2019-02-12 21:29:43,129 [D] subprocess cmd: ['source compile.sh /home/bohrok/Documents/DM/output/orbs/mbe/7/work'], stdout: b''	(at ex_script.py:45) 
2019-02-12 21:29:43,129 [D] ┌:F:n:WD_2:mbe.c:79	(at logger.py:129) 
2019-02-12 21:29:43,129 [D] └:F:n:WD_2:mbe.c:78	(at logger.py:129) 
2019-02-12 21:29:43,146 [D] subprocess cmd: ['source compile.sh /home/bohrok/Documents/DM/output/orbs/mbe/7/work'], stdout: b''	(at ex_script.py:45) 
2019-02-12 21:29:43,146 [D] ┌:F:n:WD_3:mbe.c:79	(at logger.py:129) 
2019-02-12 21:29:43,146 [D] |:F:n:WD_3:mbe.c:78	(at logger.py:129) 
2019-02-12 21:29:43,147 [D] └:F:n:WD_3:mbe.c:77	(at logger.py:129) 
2019-02-12 21:29:43,199 [D] -:P:n:WD_1:mbe.c:78	(at logger.py:129) 
2019-02-12 21:29:43,216 [D] subprocess cmd: ['source compile.sh /home/bohrok/Documents/DM/output/orbs/mbe/7/work'], stdout: b''	(at ex_script.py:45) 
2019-02-12 21:29:43,216 [D] -:F:n:WD_1:mbe.c:77	(at logger.py:129) 
2019-02-12 21:29:43,234 [D] subprocess cmd: ['source compile.sh /home/bohrok/Documents/DM/output/orbs/mbe/7/work'], stdout: b''	(at ex_script.py:45) 
2019-02-12 21:29:43,234 [D] ┌:F:n:WD_2:mbe.c:77	(at logger.py:129) 
2019-02-12 21:29:43,234 [D] └:F:n:WD_2:mbe.c:76	(at logger.py:129) 
2019-02-12 21:29:43,252 [D] subprocess cmd: ['source compile.sh /home/bohrok/Documents/DM/output/orbs/mbe/7/work'], stdout: b''	(at ex_script.py:45) 
2019-02-12 21:29:43,252 [D] ┌:F:n:WD_3:mbe.c:77	(at logger.py:129) 
2019-02-12 21:29:43,252 [D] |:F:n:WD_3:mbe.c:76	(at logger.py:129) 
2019-02-12 21:29:43,253 [D] └:F:n:WD_3:mbe.c:75	(at logger.py:129) 
2019-02-12 21:29:43,271 [D] subprocess cmd: ['source compile.sh /home/bohrok/Documents/DM/output/orbs/mbe/7/work'], stdout: b''	(at ex_script.py:45) 
2019-02-12 21:29:43,271 [D] -:F:n:WD_1:mbe.c:76	(at logger.py:129) 
2019-02-12 21:29:43,297 [D] subprocess cmd: ['source compile.sh /home/bohrok/Documents/DM/output/orbs/mbe/7/work'], stdout: b''	(at ex_script.py:45) 
2019-02-12 21:29:43,297 [D] ┌:F:n:WD_2:mbe.c:76	(at logger.py:129) 
2019-02-12 21:29:43,297 [D] └:F:n:WD_2:mbe.c:75	(at logger.py:129) 
2019-02-12 21:29:43,319 [D] subprocess cmd: ['source compile.sh /home/bohrok/Documents/DM/output/orbs/mbe/7/work'], stdout: b''	(at ex_script.py:45) 
2019-02-12 21:29:43,319 [D] ┌:F:n:WD_3:mbe.c:76	(at logger.py:129) 
2019-02-12 21:29:43,319 [D] |:F:n:WD_3:mbe.c:75	(at logger.py:129) 
2019-02-12 21:29:43,319 [D] └:F:n:WD_3:mbe.c:74	(at logger.py:129) 
2019-02-12 21:29:43,358 [D] -:P:c:WD_1:mbe.c:75	(at logger.py:129) 
2019-02-12 21:29:43,374 [D] subprocess cmd: ['source compile.sh /home/bohrok/Documents/DM/output/orbs/mbe/7/work'], stdout: b''	(at ex_script.py:45) 
2019-02-12 21:29:43,374 [D] -:F:n:WD_1:mbe.c:74	(at logger.py:129) 
2019-02-12 21:29:43,391 [D] subprocess cmd: ['source compile.sh /home/bohrok/Documents/DM/output/orbs/mbe/7/work'], stdout: b''	(at ex_script.py:45) 
2019-02-12 21:29:43,391 [D] ┌:F:n:WD_2:mbe.c:74	(at logger.py:129) 
2019-02-12 21:29:43,391 [D] └:F:n:WD_2:mbe.c:73	(at logger.py:129) 
2019-02-12 21:29:43,408 [D] subprocess cmd: ['source compile.sh /home/bohrok/Documents/DM/output/orbs/mbe/7/work'], stdout: b''	(at ex_script.py:45) 
2019-02-12 21:29:43,408 [D] ┌:F:n:WD_3:mbe.c:74	(at logger.py:129) 
2019-02-12 21:29:43,408 [D] |:F:n:WD_3:mbe.c:73	(at logger.py:129) 
2019-02-12 21:29:43,408 [D] └:F:n:WD_3:mbe.c:72	(at logger.py:129) 
2019-02-12 21:29:44,457 [D] -:C:n:WD_1:mbe.c:73	(at logger.py:129) 
2019-02-12 21:29:44,473 [D] subprocess cmd: ['source compile.sh /home/bohrok/Documents/DM/output/orbs/mbe/7/work'], stdout: b''	(at ex_script.py:45) 
2019-02-12 21:29:44,473 [D] ┌:F:n:WD_2:mbe.c:73	(at logger.py:129) 
2019-02-12 21:29:44,473 [D] └:F:n:WD_2:mbe.c:72	(at logger.py:129) 
2019-02-12 21:29:44,493 [D] subprocess cmd: ['source compile.sh /home/bohrok/Documents/DM/output/orbs/mbe/7/work'], stdout: b''	(at ex_script.py:45) 
2019-02-12 21:29:44,493 [D] ┌:F:n:WD_3:mbe.c:73	(at logger.py:129) 
2019-02-12 21:29:44,493 [D] |:F:n:WD_3:mbe.c:72	(at logger.py:129) 
2019-02-12 21:29:44,493 [D] └:F:n:WD_3:mbe.c:71	(at logger.py:129) 
2019-02-12 21:29:44,510 [D] subprocess cmd: ['source compile.sh /home/bohrok/Documents/DM/output/orbs/mbe/7/work'], stdout: b''	(at ex_script.py:45) 
2019-02-12 21:29:44,511 [D] -:F:n:WD_1:mbe.c:72	(at logger.py:129) 
2019-02-12 21:29:44,529 [D] subprocess cmd: ['source compile.sh /home/bohrok/Documents/DM/output/orbs/mbe/7/work'], stdout: b''	(at ex_script.py:45) 
2019-02-12 21:29:44,529 [D] ┌:F:n:WD_2:mbe.c:72	(at logger.py:129) 
2019-02-12 21:29:44,529 [D] └:F:n:WD_2:mbe.c:71	(at logger.py:129) 
2019-02-12 21:29:44,548 [D] subprocess cmd: ['source compile.sh /home/bohrok/Documents/DM/output/orbs/mbe/7/work'], stdout: b''	(at ex_script.py:45) 
2019-02-12 21:29:44,548 [D] ┌:F:n:WD_3:mbe.c:72	(at logger.py:129) 
2019-02-12 21:29:44,548 [D] |:F:n:WD_3:mbe.c:71	(at logger.py:129) 
2019-02-12 21:29:44,548 [D] └:F:n:WD_3:mbe.c:70	(at logger.py:129) 
2019-02-12 21:29:44,563 [D] subprocess cmd: ['source compile.sh /home/bohrok/Documents/DM/output/orbs/mbe/7/work'], stdout: b''	(at ex_script.py:45) 
2019-02-12 21:29:44,563 [D] -:F:n:WD_1:mbe.c:71	(at logger.py:129) 
2019-02-12 21:29:44,579 [D] subprocess cmd: ['source compile.sh /home/bohrok/Documents/DM/output/orbs/mbe/7/work'], stdout: b''	(at ex_script.py:45) 
2019-02-12 21:29:44,579 [D] ┌:F:n:WD_2:mbe.c:71	(at logger.py:129) 
2019-02-12 21:29:44,579 [D] └:F:n:WD_2:mbe.c:70	(at logger.py:129) 
2019-02-12 21:29:44,595 [D] subprocess cmd: ['source compile.sh /home/bohrok/Documents/DM/output/orbs/mbe/7/work'], stdout: b''	(at ex_script.py:45) 
2019-02-12 21:29:44,595 [D] ┌:F:n:WD_3:mbe.c:71	(at logger.py:129) 
2019-02-12 21:29:44,595 [D] |:F:n:WD_3:mbe.c:70	(at logger.py:129) 
2019-02-12 21:29:44,595 [D] └:F:n:WD_3:mbe.c:69	(at logger.py:129) 
2019-02-12 21:29:44,630 [D] -:P:c:WD_1:mbe.c:70	(at logger.py:129) 
2019-02-12 21:29:44,644 [D] subprocess cmd: ['source compile.sh /home/bohrok/Documents/DM/output/orbs/mbe/7/work'], stdout: b''	(at ex_script.py:45) 
2019-02-12 21:29:44,644 [D] -:F:n:WD_1:mbe.c:69	(at logger.py:129) 
2019-02-12 21:29:44,659 [D] subprocess cmd: ['source compile.sh /home/bohrok/Documents/DM/output/orbs/mbe/7/work'], stdout: b''	(at ex_script.py:45) 
2019-02-12 21:29:44,659 [D] ┌:F:n:WD_2:mbe.c:69	(at logger.py:129) 
2019-02-12 21:29:44,659 [D] └:F:n:WD_2:mbe.c:68	(at logger.py:129) 
2019-02-12 21:29:44,680 [D] subprocess cmd: ['source compile.sh /home/bohrok/Documents/DM/output/orbs/mbe/7/work'], stdout: b''	(at ex_script.py:45) 
2019-02-12 21:29:44,680 [D] ┌:F:n:WD_3:mbe.c:69	(at logger.py:129) 
2019-02-12 21:29:44,680 [D] |:F:n:WD_3:mbe.c:68	(at logger.py:129) 
2019-02-12 21:29:44,680 [D] └:F:n:WD_3:mbe.c:67	(at logger.py:129) 
2019-02-12 21:29:44,735 [D] -:P:n:WD_1:mbe.c:68	(at logger.py:129) 
2019-02-12 21:29:44,751 [D] subprocess cmd: ['source compile.sh /home/bohrok/Documents/DM/output/orbs/mbe/7/work'], stdout: b''	(at ex_script.py:45) 
2019-02-12 21:29:44,751 [D] -:F:n:WD_1:mbe.c:67	(at logger.py:129) 
2019-02-12 21:29:44,771 [D] subprocess cmd: ['source compile.sh /home/bohrok/Documents/DM/output/orbs/mbe/7/work'], stdout: b''	(at ex_script.py:45) 
2019-02-12 21:29:44,772 [D] ┌:F:n:WD_2:mbe.c:67	(at logger.py:129) 
2019-02-12 21:29:44,772 [D] └:F:n:WD_2:mbe.c:66	(at logger.py:129) 
2019-02-12 21:29:44,793 [D] subprocess cmd: ['source compile.sh /home/bohrok/Documents/DM/output/orbs/mbe/7/work'], stdout: b''	(at ex_script.py:45) 
2019-02-12 21:29:44,793 [D] ┌:F:n:WD_3:mbe.c:67	(at logger.py:129) 
2019-02-12 21:29:44,793 [D] |:F:n:WD_3:mbe.c:66	(at logger.py:129) 
2019-02-12 21:29:44,793 [D] └:F:n:WD_3:mbe.c:65	(at logger.py:129) 
2019-02-12 21:29:44,812 [D] subprocess cmd: ['source compile.sh /home/bohrok/Documents/DM/output/orbs/mbe/7/work'], stdout: b''	(at ex_script.py:45) 
2019-02-12 21:29:44,812 [D] -:F:n:WD_1:mbe.c:66	(at logger.py:129) 
2019-02-12 21:29:44,831 [D] subprocess cmd: ['source compile.sh /home/bohrok/Documents/DM/output/orbs/mbe/7/work'], stdout: b''	(at ex_script.py:45) 
2019-02-12 21:29:44,831 [D] ┌:F:n:WD_2:mbe.c:66	(at logger.py:129) 
2019-02-12 21:29:44,831 [D] └:F:n:WD_2:mbe.c:65	(at logger.py:129) 
2019-02-12 21:29:44,848 [D] subprocess cmd: ['source compile.sh /home/bohrok/Documents/DM/output/orbs/mbe/7/work'], stdout: b''	(at ex_script.py:45) 
2019-02-12 21:29:44,848 [D] ┌:F:n:WD_3:mbe.c:66	(at logger.py:129) 
2019-02-12 21:29:44,848 [D] |:F:n:WD_3:mbe.c:65	(at logger.py:129) 
2019-02-12 21:29:44,848 [D] └:F:n:WD_3:mbe.c:64	(at logger.py:129) 
2019-02-12 21:29:44,894 [D] -:P:c:WD_1:mbe.c:65	(at logger.py:129) 
2019-02-12 21:29:44,915 [D] subprocess cmd: ['source compile.sh /home/bohrok/Documents/DM/output/orbs/mbe/7/work'], stdout: b''	(at ex_script.py:45) 
2019-02-12 21:29:44,915 [D] -:F:n:WD_1:mbe.c:64	(at logger.py:129) 
2019-02-12 21:29:44,934 [D] subprocess cmd: ['source compile.sh /home/bohrok/Documents/DM/output/orbs/mbe/7/work'], stdout: b''	(at ex_script.py:45) 
2019-02-12 21:29:44,934 [D] ┌:F:n:WD_2:mbe.c:64	(at logger.py:129) 
2019-02-12 21:29:44,934 [D] └:F:n:WD_2:mbe.c:63	(at logger.py:129) 
2019-02-12 21:29:44,954 [D] subprocess cmd: ['source compile.sh /home/bohrok/Documents/DM/output/orbs/mbe/7/work'], stdout: b''	(at ex_script.py:45) 
2019-02-12 21:29:44,954 [D] ┌:F:n:WD_3:mbe.c:64	(at logger.py:129) 
2019-02-12 21:29:44,954 [D] |:F:n:WD_3:mbe.c:63	(at logger.py:129) 
2019-02-12 21:29:44,954 [D] └:F:n:WD_3:mbe.c:62	(at logger.py:129) 
2019-02-12 21:29:46,004 [D] -:C:n:WD_1:mbe.c:63	(at logger.py:129) 
2019-02-12 21:29:46,029 [D] subprocess cmd: ['source compile.sh /home/bohrok/Documents/DM/output/orbs/mbe/7/work'], stdout: b''	(at ex_script.py:45) 
2019-02-12 21:29:46,030 [D] ┌:F:n:WD_2:mbe.c:63	(at logger.py:129) 
2019-02-12 21:29:46,030 [D] └:F:n:WD_2:mbe.c:62	(at logger.py:129) 
2019-02-12 21:29:46,047 [D] subprocess cmd: ['source compile.sh /home/bohrok/Documents/DM/output/orbs/mbe/7/work'], stdout: b''	(at ex_script.py:45) 
2019-02-12 21:29:46,047 [D] ┌:F:n:WD_3:mbe.c:63	(at logger.py:129) 
2019-02-12 21:29:46,047 [D] |:F:n:WD_3:mbe.c:62	(at logger.py:129) 
2019-02-12 21:29:46,047 [D] └:F:n:WD_3:mbe.c:61	(at logger.py:129) 
2019-02-12 21:29:46,064 [D] subprocess cmd: ['source compile.sh /home/bohrok/Documents/DM/output/orbs/mbe/7/work'], stdout: b''	(at ex_script.py:45) 
2019-02-12 21:29:46,064 [D] -:F:n:WD_1:mbe.c:62	(at logger.py:129) 
2019-02-12 21:29:46,079 [D] subprocess cmd: ['source compile.sh /home/bohrok/Documents/DM/output/orbs/mbe/7/work'], stdout: b''	(at ex_script.py:45) 
2019-02-12 21:29:46,080 [D] ┌:F:n:WD_2:mbe.c:62	(at logger.py:129) 
2019-02-12 21:29:46,080 [D] └:F:n:WD_2:mbe.c:61	(at logger.py:129) 
2019-02-12 21:29:46,097 [D] subprocess cmd: ['source compile.sh /home/bohrok/Documents/DM/output/orbs/mbe/7/work'], stdout: b''	(at ex_script.py:45) 
2019-02-12 21:29:46,097 [D] ┌:F:n:WD_3:mbe.c:62	(at logger.py:129) 
2019-02-12 21:29:46,097 [D] |:F:n:WD_3:mbe.c:61	(at logger.py:129) 
2019-02-12 21:29:46,097 [D] └:F:n:WD_3:mbe.c:60	(at logger.py:129) 
2019-02-12 21:29:46,116 [D] subprocess cmd: ['source compile.sh /home/bohrok/Documents/DM/output/orbs/mbe/7/work'], stdout: b''	(at ex_script.py:45) 
2019-02-12 21:29:46,116 [D] -:F:n:WD_1:mbe.c:61	(at logger.py:129) 
2019-02-12 21:29:46,134 [D] subprocess cmd: ['source compile.sh /home/bohrok/Documents/DM/output/orbs/mbe/7/work'], stdout: b''	(at ex_script.py:45) 
2019-02-12 21:29:46,134 [D] ┌:F:n:WD_2:mbe.c:61	(at logger.py:129) 
2019-02-12 21:29:46,134 [D] └:F:n:WD_2:mbe.c:60	(at logger.py:129) 
2019-02-12 21:29:46,153 [D] subprocess cmd: ['source compile.sh /home/bohrok/Documents/DM/output/orbs/mbe/7/work'], stdout: b''	(at ex_script.py:45) 
2019-02-12 21:29:46,153 [D] ┌:F:n:WD_3:mbe.c:61	(at logger.py:129) 
2019-02-12 21:29:46,153 [D] |:F:n:WD_3:mbe.c:60	(at logger.py:129) 
2019-02-12 21:29:46,153 [D] └:F:n:WD_3:mbe.c:59	(at logger.py:129) 
2019-02-12 21:29:46,189 [D] -:P:c:WD_1:mbe.c:60	(at logger.py:129) 
2019-02-12 21:29:46,204 [D] subprocess cmd: ['source compile.sh /home/bohrok/Documents/DM/output/orbs/mbe/7/work'], stdout: b''	(at ex_script.py:45) 
2019-02-12 21:29:46,205 [D] -:F:n:WD_1:mbe.c:59	(at logger.py:129) 
2019-02-12 21:29:46,220 [D] subprocess cmd: ['source compile.sh /home/bohrok/Documents/DM/output/orbs/mbe/7/work'], stdout: b''	(at ex_script.py:45) 
2019-02-12 21:29:46,220 [D] ┌:F:n:WD_2:mbe.c:59	(at logger.py:129) 
2019-02-12 21:29:46,221 [D] └:F:n:WD_2:mbe.c:58	(at logger.py:129) 
2019-02-12 21:29:46,239 [D] subprocess cmd: ['source compile.sh /home/bohrok/Documents/DM/output/orbs/mbe/7/work'], stdout: b''	(at ex_script.py:45) 
2019-02-12 21:29:46,239 [D] ┌:F:n:WD_3:mbe.c:59	(at logger.py:129) 
2019-02-12 21:29:46,239 [D] |:F:n:WD_3:mbe.c:58	(at logger.py:129) 
2019-02-12 21:29:46,240 [D] └:F:n:WD_3:mbe.c:57	(at logger.py:129) 
2019-02-12 21:29:47,288 [D] -:C:n:WD_1:mbe.c:58	(at logger.py:129) 
2019-02-12 21:29:47,337 [D] ┌:C:c:WD_2:mbe.c:58	(at logger.py:129) 
2019-02-12 21:29:47,337 [D] └:C:c:WD_2:mbe.c:57	(at logger.py:129) 
2019-02-12 21:29:47,356 [D] subprocess cmd: ['source compile.sh /home/bohrok/Documents/DM/output/orbs/mbe/7/work'], stdout: b''	(at ex_script.py:45) 
2019-02-12 21:29:47,356 [D] ┌:F:n:WD_3:mbe.c:58	(at logger.py:129) 
2019-02-12 21:29:47,356 [D] |:F:n:WD_3:mbe.c:57	(at logger.py:129) 
2019-02-12 21:29:47,356 [D] └:F:n:WD_3:mbe.c:56	(at logger.py:129) 
2019-02-12 21:29:47,399 [D] -:P:c:WD_1:mbe.c:57	(at logger.py:129) 
2019-02-12 21:29:47,416 [D] subprocess cmd: ['source compile.sh /home/bohrok/Documents/DM/output/orbs/mbe/7/work'], stdout: b''	(at ex_script.py:45) 
2019-02-12 21:29:47,416 [D] -:F:n:WD_1:mbe.c:56	(at logger.py:129) 
2019-02-12 21:29:47,433 [D] subprocess cmd: ['source compile.sh /home/bohrok/Documents/DM/output/orbs/mbe/7/work'], stdout: b''	(at ex_script.py:45) 
2019-02-12 21:29:47,433 [D] ┌:F:n:WD_2:mbe.c:56	(at logger.py:129) 
2019-02-12 21:29:47,433 [D] └:F:n:WD_2:mbe.c:55	(at logger.py:129) 
2019-02-12 21:29:47,484 [D] ┌:P:n:WD_3:mbe.c:56	(at logger.py:129) 
2019-02-12 21:29:47,485 [D] |:P:n:WD_3:mbe.c:55	(at logger.py:129) 
2019-02-12 21:29:47,485 [D] └:P:n:WD_3:mbe.c:54	(at logger.py:129) 
2019-02-12 21:29:47,485 [D]  : : :pass:mbe.c:55	(at logger.py:129) 
2019-02-12 21:29:47,485 [D]  : : :pass:mbe.c:54	(at logger.py:129) 
2019-02-12 21:29:47,701 [D] -:P:n:WD_1:mbe.c:53	(at logger.py:129) 
2019-02-12 21:29:47,923 [D] subprocess cmd: ['source compile.sh /home/bohrok/Documents/DM/output/orbs/mbe/7/work'], stdout: b''	(at ex_script.py:45) 
2019-02-12 21:29:47,923 [D] -:F:n:WD_1:mbe.c:52	(at logger.py:129) 
2019-02-12 21:29:48,018 [D] subprocess cmd: ['source compile.sh /home/bohrok/Documents/DM/output/orbs/mbe/7/work'], stdout: b''	(at ex_script.py:45) 
2019-02-12 21:29:48,018 [D] ┌:F:n:WD_2:mbe.c:52	(at logger.py:129) 
2019-02-12 21:29:48,018 [D] └:F:n:WD_2:mbe.c:51	(at logger.py:129) 
2019-02-12 21:29:48,035 [D] subprocess cmd: ['source compile.sh /home/bohrok/Documents/DM/output/orbs/mbe/7/work'], stdout: b''	(at ex_script.py:45) 
2019-02-12 21:29:48,035 [D] ┌:F:n:WD_3:mbe.c:52	(at logger.py:129) 
2019-02-12 21:29:48,035 [D] |:F:n:WD_3:mbe.c:51	(at logger.py:129) 
2019-02-12 21:29:48,035 [D] └:F:n:WD_3:mbe.c:50	(at logger.py:129) 
2019-02-12 21:29:48,052 [D] subprocess cmd: ['source compile.sh /home/bohrok/Documents/DM/output/orbs/mbe/7/work'], stdout: b''	(at ex_script.py:45) 
2019-02-12 21:29:48,052 [D] -:F:n:WD_1:mbe.c:51	(at logger.py:129) 
2019-02-12 21:29:48,068 [D] subprocess cmd: ['source compile.sh /home/bohrok/Documents/DM/output/orbs/mbe/7/work'], stdout: b''	(at ex_script.py:45) 
2019-02-12 21:29:48,068 [D] ┌:F:n:WD_2:mbe.c:51	(at logger.py:129) 
2019-02-12 21:29:48,068 [D] └:F:n:WD_2:mbe.c:50	(at logger.py:129) 
2019-02-12 21:29:48,088 [D] subprocess cmd: ['source compile.sh /home/bohrok/Documents/DM/output/orbs/mbe/7/work'], stdout: b''	(at ex_script.py:45) 
2019-02-12 21:29:48,088 [D] ┌:F:n:WD_3:mbe.c:51	(at logger.py:129) 
2019-02-12 21:29:48,088 [D] |:F:n:WD_3:mbe.c:50	(at logger.py:129) 
2019-02-12 21:29:48,088 [D] └:F:n:WD_3:mbe.c:49	(at logger.py:129) 
2019-02-12 21:29:48,129 [D] -:P:c:WD_1:mbe.c:50	(at logger.py:129) 
2019-02-12 21:29:48,147 [D] subprocess cmd: ['source compile.sh /home/bohrok/Documents/DM/output/orbs/mbe/7/work'], stdout: b''	(at ex_script.py:45) 
2019-02-12 21:29:48,147 [D] -:F:n:WD_1:mbe.c:49	(at logger.py:129) 
2019-02-12 21:29:48,163 [D] subprocess cmd: ['source compile.sh /home/bohrok/Documents/DM/output/orbs/mbe/7/work'], stdout: b''	(at ex_script.py:45) 
2019-02-12 21:29:48,164 [D] ┌:F:n:WD_2:mbe.c:49	(at logger.py:129) 
2019-02-12 21:29:48,164 [D] └:F:n:WD_2:mbe.c:48	(at logger.py:129) 
2019-02-12 21:29:48,179 [D] subprocess cmd: ['source compile.sh /home/bohrok/Documents/DM/output/orbs/mbe/7/work'], stdout: b''	(at ex_script.py:45) 
2019-02-12 21:29:48,180 [D] ┌:F:n:WD_3:mbe.c:49	(at logger.py:129) 
2019-02-12 21:29:48,180 [D] |:F:n:WD_3:mbe.c:48	(at logger.py:129) 
2019-02-12 21:29:48,180 [D] └:F:n:WD_3:mbe.c:47	(at logger.py:129) 
2019-02-12 21:29:48,195 [D] subprocess cmd: ['source compile.sh /home/bohrok/Documents/DM/output/orbs/mbe/7/work'], stdout: b''	(at ex_script.py:45) 
2019-02-12 21:29:48,196 [D] -:F:n:WD_1:mbe.c:48	(at logger.py:129) 
2019-02-12 21:29:48,211 [D] subprocess cmd: ['source compile.sh /home/bohrok/Documents/DM/output/orbs/mbe/7/work'], stdout: b''	(at ex_script.py:45) 
2019-02-12 21:29:48,211 [D] ┌:F:n:WD_2:mbe.c:48	(at logger.py:129) 
2019-02-12 21:29:48,212 [D] └:F:n:WD_2:mbe.c:47	(at logger.py:129) 
2019-02-12 21:29:48,227 [D] subprocess cmd: ['source compile.sh /home/bohrok/Documents/DM/output/orbs/mbe/7/work'], stdout: b''	(at ex_script.py:45) 
2019-02-12 21:29:48,228 [D] ┌:F:n:WD_3:mbe.c:48	(at logger.py:129) 
2019-02-12 21:29:48,228 [D] |:F:n:WD_3:mbe.c:47	(at logger.py:129) 
2019-02-12 21:29:48,228 [D] └:F:n:WD_3:mbe.c:46	(at logger.py:129) 
2019-02-12 21:29:49,279 [D] -:C:n:WD_1:mbe.c:47	(at logger.py:129) 
2019-02-12 21:29:49,296 [D] subprocess cmd: ['source compile.sh /home/bohrok/Documents/DM/output/orbs/mbe/7/work'], stdout: b''	(at ex_script.py:45) 
2019-02-12 21:29:49,297 [D] ┌:F:n:WD_2:mbe.c:47	(at logger.py:129) 
2019-02-12 21:29:49,297 [D] └:F:n:WD_2:mbe.c:46	(at logger.py:129) 
2019-02-12 21:29:49,315 [D] subprocess cmd: ['source compile.sh /home/bohrok/Documents/DM/output/orbs/mbe/7/work'], stdout: b''	(at ex_script.py:45) 
2019-02-12 21:29:49,316 [D] ┌:F:n:WD_3:mbe.c:47	(at logger.py:129) 
2019-02-12 21:29:49,316 [D] |:F:n:WD_3:mbe.c:46	(at logger.py:129) 
2019-02-12 21:29:49,316 [D] └:F:n:WD_3:mbe.c:45	(at logger.py:129) 
2019-02-12 21:29:49,335 [D] subprocess cmd: ['source compile.sh /home/bohrok/Documents/DM/output/orbs/mbe/7/work'], stdout: b''	(at ex_script.py:45) 
2019-02-12 21:29:49,335 [D] -:F:n:WD_1:mbe.c:46	(at logger.py:129) 
2019-02-12 21:29:49,350 [D] subprocess cmd: ['source compile.sh /home/bohrok/Documents/DM/output/orbs/mbe/7/work'], stdout: b''	(at ex_script.py:45) 
2019-02-12 21:29:49,350 [D] ┌:F:n:WD_2:mbe.c:46	(at logger.py:129) 
2019-02-12 21:29:49,350 [D] └:F:n:WD_2:mbe.c:45	(at logger.py:129) 
2019-02-12 21:29:49,388 [D] ┌:C:c:WD_3:mbe.c:46	(at logger.py:129) 
2019-02-12 21:29:49,388 [D] |:C:c:WD_3:mbe.c:45	(at logger.py:129) 
2019-02-12 21:29:49,388 [D] └:C:c:WD_3:mbe.c:44	(at logger.py:129) 
2019-02-12 21:29:49,423 [D] -:P:c:WD_1:mbe.c:45	(at logger.py:129) 
2019-02-12 21:29:49,439 [D] subprocess cmd: ['source compile.sh /home/bohrok/Documents/DM/output/orbs/mbe/7/work'], stdout: b''	(at ex_script.py:45) 
2019-02-12 21:29:49,439 [D] -:F:n:WD_1:mbe.c:44	(at logger.py:129) 
2019-02-12 21:29:49,455 [D] subprocess cmd: ['source compile.sh /home/bohrok/Documents/DM/output/orbs/mbe/7/work'], stdout: b''	(at ex_script.py:45) 
2019-02-12 21:29:49,456 [D] ┌:F:n:WD_2:mbe.c:44	(at logger.py:129) 
2019-02-12 21:29:49,456 [D] └:F:n:WD_2:mbe.c:43	(at logger.py:129) 
2019-02-12 21:29:49,521 [D] subprocess cmd: ['source execute.sh /home/bohrok/Documents/DM/output/orbs/mbe/7/work'], stdout: b''	(at ex_script.py:45) 
2019-02-12 21:29:49,521 [D] ┌:C:n:WD_3:mbe.c:44	(at logger.py:129) 
2019-02-12 21:29:49,521 [D] |:C:n:WD_3:mbe.c:43	(at logger.py:129) 
2019-02-12 21:29:49,521 [D] └:C:n:WD_3:mbe.c:42	(at logger.py:129) 
2019-02-12 21:29:49,568 [D] subprocess cmd: ['source execute.sh /home/bohrok/Documents/DM/output/orbs/mbe/7/work'], stdout: b''	(at ex_script.py:45) 
2019-02-12 21:29:49,568 [D] -:C:n:WD_1:mbe.c:43	(at logger.py:129) 
2019-02-12 21:29:49,583 [D] subprocess cmd: ['source compile.sh /home/bohrok/Documents/DM/output/orbs/mbe/7/work'], stdout: b''	(at ex_script.py:45) 
2019-02-12 21:29:49,583 [D] ┌:F:n:WD_2:mbe.c:43	(at logger.py:129) 
2019-02-12 21:29:49,583 [D] └:F:n:WD_2:mbe.c:42	(at logger.py:129) 
2019-02-12 21:29:49,598 [D] subprocess cmd: ['source compile.sh /home/bohrok/Documents/DM/output/orbs/mbe/7/work'], stdout: b''	(at ex_script.py:45) 
2019-02-12 21:29:49,599 [D] ┌:F:n:WD_3:mbe.c:43	(at logger.py:129) 
2019-02-12 21:29:49,599 [D] |:F:n:WD_3:mbe.c:42	(at logger.py:129) 
2019-02-12 21:29:49,599 [D] └:F:n:WD_3:mbe.c:41	(at logger.py:129) 
2019-02-12 21:29:49,614 [D] subprocess cmd: ['source compile.sh /home/bohrok/Documents/DM/output/orbs/mbe/7/work'], stdout: b''	(at ex_script.py:45) 
2019-02-12 21:29:49,614 [D] -:F:n:WD_1:mbe.c:42	(at logger.py:129) 
2019-02-12 21:29:49,630 [D] subprocess cmd: ['source compile.sh /home/bohrok/Documents/DM/output/orbs/mbe/7/work'], stdout: b''	(at ex_script.py:45) 
2019-02-12 21:29:49,630 [D] ┌:F:n:WD_2:mbe.c:42	(at logger.py:129) 
2019-02-12 21:29:49,630 [D] └:F:n:WD_2:mbe.c:41	(at logger.py:129) 
2019-02-12 21:29:49,646 [D] subprocess cmd: ['source compile.sh /home/bohrok/Documents/DM/output/orbs/mbe/7/work'], stdout: b''	(at ex_script.py:45) 
2019-02-12 21:29:49,647 [D] ┌:F:n:WD_3:mbe.c:42	(at logger.py:129) 
2019-02-12 21:29:49,647 [D] |:F:n:WD_3:mbe.c:41	(at logger.py:129) 
2019-02-12 21:29:49,647 [D] └:F:n:WD_3:mbe.c:40	(at logger.py:129) 
2019-02-12 21:29:50,687 [D] -:C:n:WD_1:mbe.c:41	(at logger.py:129) 
2019-02-12 21:29:50,702 [D] subprocess cmd: ['source compile.sh /home/bohrok/Documents/DM/output/orbs/mbe/7/work'], stdout: b''	(at ex_script.py:45) 
2019-02-12 21:29:50,702 [D] ┌:F:n:WD_2:mbe.c:41	(at logger.py:129) 
2019-02-12 21:29:50,702 [D] └:F:n:WD_2:mbe.c:40	(at logger.py:129) 
2019-02-12 21:29:50,717 [D] subprocess cmd: ['source compile.sh /home/bohrok/Documents/DM/output/orbs/mbe/7/work'], stdout: b''	(at ex_script.py:45) 
2019-02-12 21:29:50,717 [D] ┌:F:n:WD_3:mbe.c:41	(at logger.py:129) 
2019-02-12 21:29:50,717 [D] |:F:n:WD_3:mbe.c:40	(at logger.py:129) 
2019-02-12 21:29:50,717 [D] └:F:n:WD_3:mbe.c:39	(at logger.py:129) 
2019-02-12 21:29:50,734 [D] subprocess cmd: ['source compile.sh /home/bohrok/Documents/DM/output/orbs/mbe/7/work'], stdout: b''	(at ex_script.py:45) 
2019-02-12 21:29:50,735 [D] -:F:n:WD_1:mbe.c:40	(at logger.py:129) 
2019-02-12 21:29:50,754 [D] subprocess cmd: ['source compile.sh /home/bohrok/Documents/DM/output/orbs/mbe/7/work'], stdout: b''	(at ex_script.py:45) 
2019-02-12 21:29:50,755 [D] ┌:F:n:WD_2:mbe.c:40	(at logger.py:129) 
2019-02-12 21:29:50,755 [D] └:F:n:WD_2:mbe.c:39	(at logger.py:129) 
2019-02-12 21:29:50,778 [D] subprocess cmd: ['source compile.sh /home/bohrok/Documents/DM/output/orbs/mbe/7/work'], stdout: b''	(at ex_script.py:45) 
2019-02-12 21:29:50,778 [D] ┌:F:n:WD_3:mbe.c:40	(at logger.py:129) 
2019-02-12 21:29:50,778 [D] |:F:n:WD_3:mbe.c:39	(at logger.py:129) 
2019-02-12 21:29:50,778 [D] └:F:n:WD_3:mbe.c:38	(at logger.py:129) 
2019-02-12 21:29:50,804 [D] subprocess cmd: ['source compile.sh /home/bohrok/Documents/DM/output/orbs/mbe/7/work'], stdout: b''	(at ex_script.py:45) 
2019-02-12 21:29:50,805 [D] -:F:n:WD_1:mbe.c:39	(at logger.py:129) 
2019-02-12 21:29:50,821 [D] subprocess cmd: ['source compile.sh /home/bohrok/Documents/DM/output/orbs/mbe/7/work'], stdout: b''	(at ex_script.py:45) 
2019-02-12 21:29:50,821 [D] ┌:F:n:WD_2:mbe.c:39	(at logger.py:129) 
2019-02-12 21:29:50,821 [D] └:F:n:WD_2:mbe.c:38	(at logger.py:129) 
2019-02-12 21:29:50,840 [D] subprocess cmd: ['source compile.sh /home/bohrok/Documents/DM/output/orbs/mbe/7/work'], stdout: b''	(at ex_script.py:45) 
2019-02-12 21:29:50,840 [D] ┌:F:n:WD_3:mbe.c:39	(at logger.py:129) 
2019-02-12 21:29:50,840 [D] |:F:n:WD_3:mbe.c:38	(at logger.py:129) 
2019-02-12 21:29:50,840 [D] └:F:n:WD_3:mbe.c:37	(at logger.py:129) 
2019-02-12 21:29:50,879 [D] -:P:c:WD_1:mbe.c:38	(at logger.py:129) 
2019-02-12 21:29:50,897 [D] subprocess cmd: ['source compile.sh /home/bohrok/Documents/DM/output/orbs/mbe/7/work'], stdout: b''	(at ex_script.py:45) 
2019-02-12 21:29:50,897 [D] -:F:n:WD_1:mbe.c:37	(at logger.py:129) 
2019-02-12 21:29:50,914 [D] subprocess cmd: ['source compile.sh /home/bohrok/Documents/DM/output/orbs/mbe/7/work'], stdout: b''	(at ex_script.py:45) 
2019-02-12 21:29:50,915 [D] ┌:F:n:WD_2:mbe.c:37	(at logger.py:129) 
2019-02-12 21:29:50,915 [D] └:F:n:WD_2:mbe.c:36	(at logger.py:129) 
2019-02-12 21:29:50,934 [D] subprocess cmd: ['source compile.sh /home/bohrok/Documents/DM/output/orbs/mbe/7/work'], stdout: b''	(at ex_script.py:45) 
2019-02-12 21:29:50,934 [D] ┌:F:n:WD_3:mbe.c:37	(at logger.py:129) 
2019-02-12 21:29:50,934 [D] |:F:n:WD_3:mbe.c:36	(at logger.py:129) 
2019-02-12 21:29:50,934 [D] └:F:n:WD_3:mbe.c:35	(at logger.py:129) 
2019-02-12 21:29:51,003 [D] -:P:n:WD_1:mbe.c:36	(at logger.py:129) 
2019-02-12 21:29:51,022 [D] subprocess cmd: ['source compile.sh /home/bohrok/Documents/DM/output/orbs/mbe/7/work'], stdout: b''	(at ex_script.py:45) 
2019-02-12 21:29:51,023 [D] -:F:n:WD_1:mbe.c:35	(at logger.py:129) 
2019-02-12 21:29:51,046 [D] subprocess cmd: ['source compile.sh /home/bohrok/Documents/DM/output/orbs/mbe/7/work'], stdout: b''	(at ex_script.py:45) 
2019-02-12 21:29:51,046 [D] ┌:F:n:WD_2:mbe.c:35	(at logger.py:129) 
2019-02-12 21:29:51,046 [D] └:F:n:WD_2:mbe.c:34	(at logger.py:129) 
2019-02-12 21:29:51,064 [D] subprocess cmd: ['source compile.sh /home/bohrok/Documents/DM/output/orbs/mbe/7/work'], stdout: b''	(at ex_script.py:45) 
2019-02-12 21:29:51,064 [D] ┌:F:n:WD_3:mbe.c:35	(at logger.py:129) 
2019-02-12 21:29:51,064 [D] |:F:n:WD_3:mbe.c:34	(at logger.py:129) 
2019-02-12 21:29:51,064 [D] └:F:n:WD_3:mbe.c:33	(at logger.py:129) 
2019-02-12 21:29:51,083 [D] subprocess cmd: ['source compile.sh /home/bohrok/Documents/DM/output/orbs/mbe/7/work'], stdout: b''	(at ex_script.py:45) 
2019-02-12 21:29:51,083 [D] -:F:n:WD_1:mbe.c:34	(at logger.py:129) 
2019-02-12 21:29:51,101 [D] subprocess cmd: ['source compile.sh /home/bohrok/Documents/DM/output/orbs/mbe/7/work'], stdout: b''	(at ex_script.py:45) 
2019-02-12 21:29:51,101 [D] ┌:F:n:WD_2:mbe.c:34	(at logger.py:129) 
2019-02-12 21:29:51,101 [D] └:F:n:WD_2:mbe.c:33	(at logger.py:129) 
2019-02-12 21:29:51,118 [D] subprocess cmd: ['source compile.sh /home/bohrok/Documents/DM/output/orbs/mbe/7/work'], stdout: b''	(at ex_script.py:45) 
2019-02-12 21:29:51,118 [D] ┌:F:n:WD_3:mbe.c:34	(at logger.py:129) 
2019-02-12 21:29:51,118 [D] |:F:n:WD_3:mbe.c:33	(at logger.py:129) 
2019-02-12 21:29:51,118 [D] └:F:n:WD_3:mbe.c:32	(at logger.py:129) 
2019-02-12 21:29:52,165 [D] -:C:n:WD_1:mbe.c:33	(at logger.py:129) 
2019-02-12 21:29:53,229 [D] ┌:C:n:WD_2:mbe.c:33	(at logger.py:129) 
2019-02-12 21:29:53,229 [D] └:C:n:WD_2:mbe.c:32	(at logger.py:129) 
2019-02-12 21:29:53,275 [D] ┌:C:c:WD_3:mbe.c:33	(at logger.py:129) 
2019-02-12 21:29:53,275 [D] |:C:c:WD_3:mbe.c:32	(at logger.py:129) 
2019-02-12 21:29:53,275 [D] └:C:c:WD_3:mbe.c:31	(at logger.py:129) 
2019-02-12 21:29:53,340 [D] subprocess cmd: ['source execute.sh /home/bohrok/Documents/DM/output/orbs/mbe/7/work'], stdout: b''	(at ex_script.py:45) 
2019-02-12 21:29:53,341 [D] -:C:n:WD_1:mbe.c:32	(at logger.py:129) 
2019-02-12 21:29:53,384 [D] ┌:C:c:WD_2:mbe.c:32	(at logger.py:129) 
2019-02-12 21:29:53,385 [D] └:C:c:WD_2:mbe.c:31	(at logger.py:129) 
2019-02-12 21:29:53,435 [D] subprocess cmd: ['source execute.sh /home/bohrok/Documents/DM/output/orbs/mbe/7/work'], stdout: b''	(at ex_script.py:45) 
2019-02-12 21:29:53,436 [D] ┌:C:n:WD_3:mbe.c:32	(at logger.py:129) 
2019-02-12 21:29:53,436 [D] |:C:n:WD_3:mbe.c:31	(at logger.py:129) 
2019-02-12 21:29:53,436 [D] └:C:n:WD_3:mbe.c:30	(at logger.py:129) 
2019-02-12 21:29:53,479 [D] -:P:c:WD_1:mbe.c:31	(at logger.py:129) 
2019-02-12 21:29:53,540 [D] -:P:n:WD_1:mbe.c:30	(at logger.py:129) 
2019-02-12 21:29:53,558 [D] subprocess cmd: ['source compile.sh /home/bohrok/Documents/DM/output/orbs/mbe/7/work'], stdout: b''	(at ex_script.py:45) 
2019-02-12 21:29:53,558 [D] -:F:n:WD_1:mbe.c:29	(at logger.py:129) 
2019-02-12 21:29:53,576 [D] subprocess cmd: ['source compile.sh /home/bohrok/Documents/DM/output/orbs/mbe/7/work'], stdout: b''	(at ex_script.py:45) 
2019-02-12 21:29:53,577 [D] ┌:F:n:WD_2:mbe.c:29	(at logger.py:129) 
2019-02-12 21:29:53,577 [D] └:F:n:WD_2:mbe.c:28	(at logger.py:129) 
2019-02-12 21:29:54,634 [D] ┌:C:n:WD_3:mbe.c:29	(at logger.py:129) 
2019-02-12 21:29:54,634 [D] |:C:n:WD_3:mbe.c:28	(at logger.py:129) 
2019-02-12 21:29:54,635 [D] └:C:n:WD_3:mbe.c:27	(at logger.py:129) 
2019-02-12 21:29:54,684 [D] -:P:n:WD_1:mbe.c:28	(at logger.py:129) 
2019-02-12 21:29:54,702 [D] subprocess cmd: ['source compile.sh /home/bohrok/Documents/DM/output/orbs/mbe/7/work'], stdout: b''	(at ex_script.py:45) 
2019-02-12 21:29:54,702 [D] -:F:n:WD_1:mbe.c:27	(at logger.py:129) 
2019-02-12 21:29:54,721 [D] subprocess cmd: ['source compile.sh /home/bohrok/Documents/DM/output/orbs/mbe/7/work'], stdout: b''	(at ex_script.py:45) 
2019-02-12 21:29:54,721 [D] ┌:F:n:WD_2:mbe.c:27	(at logger.py:129) 
2019-02-12 21:29:54,721 [D] └:F:n:WD_2:mbe.c:26	(at logger.py:129) 
2019-02-12 21:29:55,780 [D] ┌:C:n:WD_3:mbe.c:27	(at logger.py:129) 
2019-02-12 21:29:55,780 [D] |:C:n:WD_3:mbe.c:26	(at logger.py:129) 
2019-02-12 21:29:55,780 [D] └:C:n:WD_3:mbe.c:25	(at logger.py:129) 
2019-02-12 21:29:55,831 [D] -:P:n:WD_1:mbe.c:26	(at logger.py:129) 
2019-02-12 21:29:55,870 [D] subprocess cmd: ['source compile.sh /home/bohrok/Documents/DM/output/orbs/mbe/7/work'], stdout: b''	(at ex_script.py:45) 
2019-02-12 21:29:55,870 [D] -:F:n:WD_1:mbe.c:25	(at logger.py:129) 
2019-02-12 21:29:55,884 [D] subprocess cmd: ['source compile.sh /home/bohrok/Documents/DM/output/orbs/mbe/7/work'], stdout: b''	(at ex_script.py:45) 
2019-02-12 21:29:55,885 [D] ┌:F:n:WD_2:mbe.c:25	(at logger.py:129) 
2019-02-12 21:29:55,885 [D] └:F:n:WD_2:mbe.c:24	(at logger.py:129) 
2019-02-12 21:29:55,900 [D] subprocess cmd: ['source compile.sh /home/bohrok/Documents/DM/output/orbs/mbe/7/work'], stdout: b''	(at ex_script.py:45) 
2019-02-12 21:29:55,900 [D] ┌:F:n:WD_3:mbe.c:25	(at logger.py:129) 
2019-02-12 21:29:55,900 [D] |:F:n:WD_3:mbe.c:24	(at logger.py:129) 
2019-02-12 21:29:55,900 [D] └:F:n:WD_3:mbe.c:23	(at logger.py:129) 
2019-02-12 21:29:55,943 [D] -:P:n:WD_1:mbe.c:24	(at logger.py:129) 
2019-02-12 21:29:55,957 [D] subprocess cmd: ['source compile.sh /home/bohrok/Documents/DM/output/orbs/mbe/7/work'], stdout: b''	(at ex_script.py:45) 
2019-02-12 21:29:55,958 [D] -:F:n:WD_1:mbe.c:23	(at logger.py:129) 
2019-02-12 21:29:55,973 [D] subprocess cmd: ['source compile.sh /home/bohrok/Documents/DM/output/orbs/mbe/7/work'], stdout: b''	(at ex_script.py:45) 
2019-02-12 21:29:55,973 [D] ┌:F:n:WD_2:mbe.c:23	(at logger.py:129) 
2019-02-12 21:29:55,973 [D] └:F:n:WD_2:mbe.c:22	(at logger.py:129) 
2019-02-12 21:29:55,989 [D] subprocess cmd: ['source compile.sh /home/bohrok/Documents/DM/output/orbs/mbe/7/work'], stdout: b''	(at ex_script.py:45) 
2019-02-12 21:29:55,989 [D] ┌:F:n:WD_3:mbe.c:23	(at logger.py:129) 
2019-02-12 21:29:55,989 [D] |:F:n:WD_3:mbe.c:22	(at logger.py:129) 
2019-02-12 21:29:55,989 [D] └:F:n:WD_3:mbe.c:21	(at logger.py:129) 
2019-02-12 21:29:56,035 [D] -:C:n:WD_1:mbe.c:22	(at logger.py:129) 
2019-02-12 21:29:56,072 [D] ┌:C:c:WD_2:mbe.c:22	(at logger.py:129) 
2019-02-12 21:29:56,072 [D] └:C:c:WD_2:mbe.c:21	(at logger.py:129) 
2019-02-12 21:29:56,121 [D] ┌:C:n:WD_3:mbe.c:22	(at logger.py:129) 
2019-02-12 21:29:56,122 [D] |:C:n:WD_3:mbe.c:21	(at logger.py:129) 
2019-02-12 21:29:56,122 [D] └:C:n:WD_3:mbe.c:20	(at logger.py:129) 
2019-02-12 21:29:56,159 [D] -:P:c:WD_1:mbe.c:21	(at logger.py:129) 
2019-02-12 21:29:56,211 [D] -:P:n:WD_1:mbe.c:20	(at logger.py:129) 
2019-02-12 21:29:56,262 [D] subprocess cmd: ['source execute.sh /home/bohrok/Documents/DM/output/orbs/mbe/7/work'], stdout: b''	(at ex_script.py:45) 
2019-02-12 21:29:56,262 [D] -:C:n:WD_1:mbe.c:19	(at logger.py:129) 
2019-02-12 21:29:56,317 [D] ┌:C:c:WD_2:mbe.c:19	(at logger.py:129) 
2019-02-12 21:29:56,317 [D] └:C:c:WD_2:mbe.c:18	(at logger.py:129) 
2019-02-12 21:29:56,355 [D] ┌:C:c:WD_3:mbe.c:19	(at logger.py:129) 
2019-02-12 21:29:56,356 [D] |:C:c:WD_3:mbe.c:18	(at logger.py:129) 
2019-02-12 21:29:56,356 [D] └:C:c:WD_3:mbe.c:17	(at logger.py:129) 
2019-02-12 21:29:56,392 [D] -:P:c:WD_1:mbe.c:18	(at logger.py:129) 
2019-02-12 21:29:56,428 [D] -:P:c:WD_1:mbe.c:17	(at logger.py:129) 
2019-02-12 21:29:56,446 [D] subprocess cmd: ['source compile.sh /home/bohrok/Documents/DM/output/orbs/mbe/7/work'], stdout: b''	(at ex_script.py:45) 
2019-02-12 21:29:56,446 [D] -:F:n:WD_1:mbe.c:16	(at logger.py:129) 
2019-02-12 21:29:56,461 [D] subprocess cmd: ['source compile.sh /home/bohrok/Documents/DM/output/orbs/mbe/7/work'], stdout: b''	(at ex_script.py:45) 
2019-02-12 21:29:56,461 [D] ┌:F:n:WD_2:mbe.c:16	(at logger.py:129) 
2019-02-12 21:29:56,462 [D] └:F:n:WD_2:mbe.c:15	(at logger.py:129) 
2019-02-12 21:29:56,477 [D] subprocess cmd: ['source compile.sh /home/bohrok/Documents/DM/output/orbs/mbe/7/work'], stdout: b''	(at ex_script.py:45) 
2019-02-12 21:29:56,477 [D] ┌:F:n:WD_3:mbe.c:16	(at logger.py:129) 
2019-02-12 21:29:56,477 [D] |:F:n:WD_3:mbe.c:15	(at logger.py:129) 
2019-02-12 21:29:56,477 [D] └:F:n:WD_3:mbe.c:14	(at logger.py:129) 
2019-02-12 21:29:56,496 [D] subprocess cmd: ['source compile.sh /home/bohrok/Documents/DM/output/orbs/mbe/7/work'], stdout: b''	(at ex_script.py:45) 
2019-02-12 21:29:56,496 [D] -:F:n:WD_1:mbe.c:15	(at logger.py:129) 
2019-02-12 21:29:56,520 [D] subprocess cmd: ['source compile.sh /home/bohrok/Documents/DM/output/orbs/mbe/7/work'], stdout: b''	(at ex_script.py:45) 
2019-02-12 21:29:56,520 [D] ┌:F:n:WD_2:mbe.c:15	(at logger.py:129) 
2019-02-12 21:29:56,520 [D] └:F:n:WD_2:mbe.c:14	(at logger.py:129) 
2019-02-12 21:29:56,538 [D] subprocess cmd: ['source compile.sh /home/bohrok/Documents/DM/output/orbs/mbe/7/work'], stdout: b''	(at ex_script.py:45) 
2019-02-12 21:29:56,538 [D] ┌:F:n:WD_3:mbe.c:15	(at logger.py:129) 
2019-02-12 21:29:56,538 [D] |:F:n:WD_3:mbe.c:14	(at logger.py:129) 
2019-02-12 21:29:56,538 [D] └:F:n:WD_3:mbe.c:13	(at logger.py:129) 
2019-02-12 21:29:56,560 [D] subprocess cmd: ['source compile.sh /home/bohrok/Documents/DM/output/orbs/mbe/7/work'], stdout: b''	(at ex_script.py:45) 
2019-02-12 21:29:56,560 [D] -:F:n:WD_1:mbe.c:14	(at logger.py:129) 
2019-02-12 21:29:56,580 [D] subprocess cmd: ['source compile.sh /home/bohrok/Documents/DM/output/orbs/mbe/7/work'], stdout: b''	(at ex_script.py:45) 
2019-02-12 21:29:56,581 [D] ┌:F:n:WD_2:mbe.c:14	(at logger.py:129) 
2019-02-12 21:29:56,581 [D] └:F:n:WD_2:mbe.c:13	(at logger.py:129) 
2019-02-12 21:29:56,599 [D] subprocess cmd: ['source compile.sh /home/bohrok/Documents/DM/output/orbs/mbe/7/work'], stdout: b''	(at ex_script.py:45) 
2019-02-12 21:29:56,599 [D] ┌:F:n:WD_3:mbe.c:14	(at logger.py:129) 
2019-02-12 21:29:56,599 [D] |:F:n:WD_3:mbe.c:13	(at logger.py:129) 
2019-02-12 21:29:56,599 [D] └:F:n:WD_3:mbe.c:12	(at logger.py:129) 
2019-02-12 21:29:56,637 [D] -:P:c:WD_1:mbe.c:13	(at logger.py:129) 
2019-02-12 21:29:56,682 [D] -:P:n:WD_1:mbe.c:12	(at logger.py:129) 
2019-02-12 21:29:56,723 [D] -:P:c:WD_1:mbe.c:11	(at logger.py:129) 
2019-02-12 21:29:56,767 [D] -:P:c:WD_1:mbe.c:10	(at logger.py:129) 
2019-02-12 21:29:56,813 [D] -:P:c:WD_1:mbe.c:9	(at logger.py:129) 
2019-02-12 21:29:56,854 [D] -:P:c:WD_1:mbe.c:8	(at logger.py:129) 
2019-02-12 21:29:56,915 [D] -:P:n:WD_1:mbe.c:7	(at logger.py:129) 
2019-02-12 21:29:56,953 [D] -:P:c:WD_1:mbe.c:6	(at logger.py:129) 
2019-02-12 21:29:57,011 [D] -:P:n:WD_1:mbe.c:5	(at logger.py:129) 
2019-02-12 21:29:57,027 [D] subprocess cmd: ['source compile.sh /home/bohrok/Documents/DM/output/orbs/mbe/7/work'], stdout: b''	(at ex_script.py:45) 
2019-02-12 21:29:57,027 [D] -:F:n:WD_1:mbe.c:4	(at logger.py:129) 
2019-02-12 21:29:57,042 [D] subprocess cmd: ['source compile.sh /home/bohrok/Documents/DM/output/orbs/mbe/7/work'], stdout: b''	(at ex_script.py:45) 
2019-02-12 21:29:57,042 [D] ┌:F:n:WD_2:mbe.c:4	(at logger.py:129) 
2019-02-12 21:29:57,042 [D] └:F:n:WD_2:mbe.c:3	(at logger.py:129) 
2019-02-12 21:29:57,054 [D] subprocess cmd: ['source compile.sh /home/bohrok/Documents/DM/output/orbs/mbe/7/work'], stdout: b''	(at ex_script.py:45) 
2019-02-12 21:29:57,054 [D] ┌:F:n:WD_3:mbe.c:4	(at logger.py:129) 
2019-02-12 21:29:57,054 [D] |:F:n:WD_3:mbe.c:3	(at logger.py:129) 
2019-02-12 21:29:57,054 [D] └:F:n:WD_3:mbe.c:2	(at logger.py:129) 
2019-02-12 21:29:57,067 [D] subprocess cmd: ['source compile.sh /home/bohrok/Documents/DM/output/orbs/mbe/7/work'], stdout: b''	(at ex_script.py:45) 
2019-02-12 21:29:57,067 [D] -:F:n:WD_1:mbe.c:3	(at logger.py:129) 
2019-02-12 21:29:57,081 [D] subprocess cmd: ['source compile.sh /home/bohrok/Documents/DM/output/orbs/mbe/7/work'], stdout: b''	(at ex_script.py:45) 
2019-02-12 21:29:57,081 [D] ┌:F:n:WD_2:mbe.c:3	(at logger.py:129) 
2019-02-12 21:29:57,082 [D] └:F:n:WD_2:mbe.c:2	(at logger.py:129) 
2019-02-12 21:29:57,122 [D] ┌:P:c:WD_3:mbe.c:3	(at logger.py:129) 
2019-02-12 21:29:57,123 [D] |:P:c:WD_3:mbe.c:2	(at logger.py:129) 
2019-02-12 21:29:57,123 [D] └:P:c:WD_3:mbe.c:1	(at logger.py:129) 
2019-02-12 21:29:57,123 [D]  : : :pass:mbe.c:2	(at logger.py:129) 
2019-02-12 21:29:57,123 [D]  : : :pass:mbe.c:1	(at logger.py:129) 
2019-02-12 21:29:57,123 [D] comp_cached_cnt:0	(at logger.py:134) 
2019-02-12 21:29:57,123 [D] compile_cnt:165	(at logger.py:134) 
2019-02-12 21:29:57,123 [D] execute_cnt:29	(at logger.py:134) 
2019-02-12 21:29:57,123 [D] fail_del_cnt:23	(at logger.py:134) 
2019-02-12 21:29:57,123 [D] iter_idx:1	(at logger.py:134) 
2019-02-12 21:29:57,123 [D] reuse_cnt:26	(at logger.py:134) 
2019-02-12 21:29:57,123 [D] succ_del_cnt:32	(at logger.py:134) 
2019-02-12 21:29:57,123 [D] time:14.03285551071167	(at logger.py:134) 
2019-02-12 21:29:57,123 [D] deletion:36	(at logger.py:136) 
2019-02-12 21:29:57,124 [I] Iteration 1 finished	(at orbs.py:87) 
2019-02-12 21:29:57,139 [D] subprocess cmd: ['source compile.sh /home/bohrok/Documents/DM/output/orbs/mbe/7/work'], stdout: b''	(at ex_script.py:45) 
2019-02-12 21:29:57,140 [D] -:F:n:WD_1:mbe.c:79	(at logger.py:129) 
2019-02-12 21:29:57,155 [D] subprocess cmd: ['source compile.sh /home/bohrok/Documents/DM/output/orbs/mbe/7/work'], stdout: b''	(at ex_script.py:45) 
2019-02-12 21:29:57,155 [D] ┌:F:n:WD_2:mbe.c:79	(at logger.py:129) 
2019-02-12 21:29:57,155 [D] └:F:n:WD_2:mbe.c:77	(at logger.py:129) 
2019-02-12 21:29:57,207 [D] ┌:P:n:WD_3:mbe.c:79	(at logger.py:129) 
2019-02-12 21:29:57,207 [D] |:P:n:WD_3:mbe.c:77	(at logger.py:129) 
2019-02-12 21:29:57,208 [D] └:P:n:WD_3:mbe.c:76	(at logger.py:129) 
2019-02-12 21:29:57,208 [D]  : : :pass:mbe.c:78	(at logger.py:129) 
2019-02-12 21:29:57,208 [D]  : : :pass:mbe.c:77	(at logger.py:129) 
2019-02-12 21:29:57,208 [D]  : : :pass:mbe.c:76	(at logger.py:129) 
2019-02-12 21:29:57,208 [D]  : : :pass:mbe.c:75	(at logger.py:129) 
2019-02-12 21:29:57,224 [D] subprocess cmd: ['source compile.sh /home/bohrok/Documents/DM/output/orbs/mbe/7/work'], stdout: b''	(at ex_script.py:45) 
2019-02-12 21:29:57,224 [D] -:F:n:WD_1:mbe.c:74	(at logger.py:129) 
2019-02-12 21:29:57,240 [D] subprocess cmd: ['source compile.sh /home/bohrok/Documents/DM/output/orbs/mbe/7/work'], stdout: b''	(at ex_script.py:45) 
2019-02-12 21:29:57,240 [D] ┌:F:n:WD_2:mbe.c:74	(at logger.py:129) 
2019-02-12 21:29:57,241 [D] └:F:n:WD_2:mbe.c:73	(at logger.py:129) 
2019-02-12 21:29:57,259 [D] subprocess cmd: ['source compile.sh /home/bohrok/Documents/DM/output/orbs/mbe/7/work'], stdout: b''	(at ex_script.py:45) 
2019-02-12 21:29:57,259 [D] ┌:F:n:WD_3:mbe.c:74	(at logger.py:129) 
2019-02-12 21:29:57,259 [D] |:F:n:WD_3:mbe.c:73	(at logger.py:129) 
2019-02-12 21:29:57,259 [D] └:F:n:WD_3:mbe.c:72	(at logger.py:129) 
2019-02-12 21:29:57,323 [D] -:C:n:WD_1:mbe.c:73	(at logger.py:129) 
2019-02-12 21:29:57,343 [D] subprocess cmd: ['source compile.sh /home/bohrok/Documents/DM/output/orbs/mbe/7/work'], stdout: b''	(at ex_script.py:45) 
2019-02-12 21:29:57,343 [D] ┌:F:n:WD_2:mbe.c:73	(at logger.py:129) 
2019-02-12 21:29:57,343 [D] └:F:n:WD_2:mbe.c:72	(at logger.py:129) 
2019-02-12 21:29:57,361 [D] subprocess cmd: ['source compile.sh /home/bohrok/Documents/DM/output/orbs/mbe/7/work'], stdout: b''	(at ex_script.py:45) 
2019-02-12 21:29:57,362 [D] ┌:F:n:WD_3:mbe.c:73	(at logger.py:129) 
2019-02-12 21:29:57,362 [D] |:F:n:WD_3:mbe.c:72	(at logger.py:129) 
2019-02-12 21:29:57,362 [D] └:F:n:WD_3:mbe.c:71	(at logger.py:129) 
2019-02-12 21:29:57,379 [D] subprocess cmd: ['source compile.sh /home/bohrok/Documents/DM/output/orbs/mbe/7/work'], stdout: b''	(at ex_script.py:45) 
2019-02-12 21:29:57,380 [D] -:F:n:WD_1:mbe.c:72	(at logger.py:129) 
2019-02-12 21:29:57,396 [D] subprocess cmd: ['source compile.sh /home/bohrok/Documents/DM/output/orbs/mbe/7/work'], stdout: b''	(at ex_script.py:45) 
2019-02-12 21:29:57,396 [D] ┌:F:n:WD_2:mbe.c:72	(at logger.py:129) 
2019-02-12 21:29:57,396 [D] └:F:n:WD_2:mbe.c:71	(at logger.py:129) 
2019-02-12 21:29:57,413 [D] subprocess cmd: ['source compile.sh /home/bohrok/Documents/DM/output/orbs/mbe/7/work'], stdout: b''	(at ex_script.py:45) 
2019-02-12 21:29:57,413 [D] ┌:F:n:WD_3:mbe.c:72	(at logger.py:129) 
2019-02-12 21:29:57,413 [D] |:F:n:WD_3:mbe.c:71	(at logger.py:129) 
2019-02-12 21:29:57,413 [D] └:F:n:WD_3:mbe.c:69	(at logger.py:129) 
2019-02-12 21:29:57,432 [D] subprocess cmd: ['source compile.sh /home/bohrok/Documents/DM/output/orbs/mbe/7/work'], stdout: b''	(at ex_script.py:45) 
2019-02-12 21:29:57,432 [D] -:F:n:WD_1:mbe.c:71	(at logger.py:129) 
2019-02-12 21:29:57,448 [D] subprocess cmd: ['source compile.sh /home/bohrok/Documents/DM/output/orbs/mbe/7/work'], stdout: b''	(at ex_script.py:45) 
2019-02-12 21:29:57,448 [D] ┌:F:n:WD_2:mbe.c:71	(at logger.py:129) 
2019-02-12 21:29:57,448 [D] └:F:n:WD_2:mbe.c:69	(at logger.py:129) 
2019-02-12 21:29:57,448 [D] ┌:F:n:WD_3:mbe.c:71	(at logger.py:129) 
2019-02-12 21:29:57,448 [D] |:F:n:WD_3:mbe.c:69	(at logger.py:129) 
2019-02-12 21:29:57,448 [D] └:F:n:WD_3:mbe.c:67	(at logger.py:129) 
2019-02-12 21:29:57,448 [D]  : : :pass:mbe.c:70	(at logger.py:129) 
2019-02-12 21:29:57,464 [D] subprocess cmd: ['source compile.sh /home/bohrok/Documents/DM/output/orbs/mbe/7/work'], stdout: b''	(at ex_script.py:45) 
2019-02-12 21:29:57,464 [D] -:F:n:WD_1:mbe.c:69	(at logger.py:129) 
2019-02-12 21:29:57,482 [D] subprocess cmd: ['source compile.sh /home/bohrok/Documents/DM/output/orbs/mbe/7/work'], stdout: b''	(at ex_script.py:45) 
2019-02-12 21:29:57,482 [D] ┌:F:n:WD_2:mbe.c:69	(at logger.py:129) 
2019-02-12 21:29:57,482 [D] └:F:n:WD_2:mbe.c:67	(at logger.py:129) 
2019-02-12 21:29:57,545 [D] ┌:P:n:WD_3:mbe.c:69	(at logger.py:129) 
2019-02-12 21:29:57,546 [D] |:P:n:WD_3:mbe.c:67	(at logger.py:129) 
2019-02-12 21:29:57,546 [D] └:P:n:WD_3:mbe.c:66	(at logger.py:129) 
2019-02-12 21:29:57,546 [D]  : : :pass:mbe.c:68	(at logger.py:129) 
2019-02-12 21:29:57,546 [D]  : : :pass:mbe.c:67	(at logger.py:129) 
2019-02-12 21:29:57,546 [D]  : : :pass:mbe.c:66	(at logger.py:129) 
2019-02-12 21:29:57,546 [D]  : : :pass:mbe.c:65	(at logger.py:129) 
2019-02-12 21:29:57,565 [D] subprocess cmd: ['source compile.sh /home/bohrok/Documents/DM/output/orbs/mbe/7/work'], stdout: b''	(at ex_script.py:45) 
2019-02-12 21:29:57,565 [D] -:F:n:WD_1:mbe.c:64	(at logger.py:129) 
2019-02-12 21:29:57,582 [D] subprocess cmd: ['source compile.sh /home/bohrok/Documents/DM/output/orbs/mbe/7/work'], stdout: b''	(at ex_script.py:45) 
2019-02-12 21:29:57,582 [D] ┌:F:n:WD_2:mbe.c:64	(at logger.py:129) 
2019-02-12 21:29:57,582 [D] └:F:n:WD_2:mbe.c:63	(at logger.py:129) 
2019-02-12 21:29:57,598 [D] subprocess cmd: ['source compile.sh /home/bohrok/Documents/DM/output/orbs/mbe/7/work'], stdout: b''	(at ex_script.py:45) 
2019-02-12 21:29:57,598 [D] ┌:F:n:WD_3:mbe.c:64	(at logger.py:129) 
2019-02-12 21:29:57,598 [D] |:F:n:WD_3:mbe.c:63	(at logger.py:129) 
2019-02-12 21:29:57,598 [D] └:F:n:WD_3:mbe.c:62	(at logger.py:129) 
2019-02-12 21:29:57,653 [D] -:P:n:WD_1:mbe.c:63	(at logger.py:129) 
2019-02-12 21:29:57,674 [D] subprocess cmd: ['source compile.sh /home/bohrok/Documents/DM/output/orbs/mbe/7/work'], stdout: b''	(at ex_script.py:45) 
2019-02-12 21:29:57,674 [D] -:F:n:WD_1:mbe.c:62	(at logger.py:129) 
2019-02-12 21:29:57,693 [D] subprocess cmd: ['source compile.sh /home/bohrok/Documents/DM/output/orbs/mbe/7/work'], stdout: b''	(at ex_script.py:45) 
2019-02-12 21:29:57,693 [D] ┌:F:n:WD_2:mbe.c:62	(at logger.py:129) 
2019-02-12 21:29:57,694 [D] └:F:n:WD_2:mbe.c:61	(at logger.py:129) 
2019-02-12 21:29:57,746 [D] ┌:P:n:WD_3:mbe.c:62	(at logger.py:129) 
2019-02-12 21:29:57,747 [D] |:P:n:WD_3:mbe.c:61	(at logger.py:129) 
2019-02-12 21:29:57,747 [D] └:P:n:WD_3:mbe.c:59	(at logger.py:129) 
2019-02-12 21:29:57,747 [D]  : : :pass:mbe.c:61	(at logger.py:129) 
2019-02-12 21:29:57,747 [D]  : : :pass:mbe.c:60	(at logger.py:129) 
2019-02-12 21:29:57,747 [D]  : : :pass:mbe.c:59	(at logger.py:129) 
2019-02-12 21:29:57,994 [D] -:P:n:WD_1:mbe.c:58	(at logger.py:129) 
2019-02-12 21:29:57,994 [D]  : : :pass:mbe.c:57	(at logger.py:129) 
2019-02-12 21:29:57,994 [D]  : : :pass:mbe.c:56	(at logger.py:129) 
2019-02-12 21:29:57,994 [D]  : : :pass:mbe.c:55	(at logger.py:129) 
2019-02-12 21:29:57,994 [D]  : : :pass:mbe.c:54	(at logger.py:129) 
2019-02-12 21:29:57,994 [D]  : : :pass:mbe.c:53	(at logger.py:129) 
2019-02-12 21:29:58,362 [D] subprocess cmd: ['source compile.sh /home/bohrok/Documents/DM/output/orbs/mbe/7/work'], stdout: b''	(at ex_script.py:45) 
2019-02-12 21:29:58,362 [D] -:F:n:WD_1:mbe.c:52	(at logger.py:129) 
2019-02-12 21:29:58,795 [D] subprocess cmd: ['source compile.sh /home/bohrok/Documents/DM/output/orbs/mbe/7/work'], stdout: b''	(at ex_script.py:45) 
2019-02-12 21:29:58,795 [D] ┌:F:n:WD_2:mbe.c:52	(at logger.py:129) 
2019-02-12 21:29:58,796 [D] └:F:n:WD_2:mbe.c:51	(at logger.py:129) 
2019-02-12 21:29:59,192 [D] ┌:P:n:WD_3:mbe.c:52	(at logger.py:129) 
2019-02-12 21:29:59,192 [D] |:P:n:WD_3:mbe.c:51	(at logger.py:129) 
2019-02-12 21:29:59,192 [D] └:P:n:WD_3:mbe.c:49	(at logger.py:129) 
2019-02-12 21:29:59,192 [D]  : : :pass:mbe.c:51	(at logger.py:129) 
2019-02-12 21:29:59,192 [D]  : : :pass:mbe.c:50	(at logger.py:129) 
2019-02-12 21:29:59,192 [D]  : : :pass:mbe.c:49	(at logger.py:129) 
2019-02-12 21:29:59,376 [D] subprocess cmd: ['source compile.sh /home/bohrok/Documents/DM/output/orbs/mbe/7/work'], stdout: b''	(at ex_script.py:45) 
2019-02-12 21:29:59,376 [D] -:F:n:WD_1:mbe.c:48	(at logger.py:129) 
2019-02-12 21:29:59,389 [D] subprocess cmd: ['source compile.sh /home/bohrok/Documents/DM/output/orbs/mbe/7/work'], stdout: b''	(at ex_script.py:45) 
2019-02-12 21:29:59,389 [D] ┌:F:n:WD_2:mbe.c:48	(at logger.py:129) 
2019-02-12 21:29:59,389 [D] └:F:n:WD_2:mbe.c:47	(at logger.py:129) 
2019-02-12 21:29:59,432 [D] ┌:P:n:WD_3:mbe.c:48	(at logger.py:129) 
2019-02-12 21:29:59,433 [D] |:P:n:WD_3:mbe.c:47	(at logger.py:129) 
2019-02-12 21:29:59,433 [D] └:P:n:WD_3:mbe.c:46	(at logger.py:129) 
2019-02-12 21:29:59,433 [D]  : : :pass:mbe.c:47	(at logger.py:129) 
2019-02-12 21:29:59,433 [D]  : : :pass:mbe.c:46	(at logger.py:129) 
2019-02-12 21:29:59,433 [D]  : : :pass:mbe.c:45	(at logger.py:129) 
2019-02-12 21:29:59,448 [D] subprocess cmd: ['source compile.sh /home/bohrok/Documents/DM/output/orbs/mbe/7/work'], stdout: b''	(at ex_script.py:45) 
2019-02-12 21:29:59,449 [D] -:F:n:WD_1:mbe.c:44	(at logger.py:129) 
2019-02-12 21:29:59,461 [D] subprocess cmd: ['source compile.sh /home/bohrok/Documents/DM/output/orbs/mbe/7/work'], stdout: b''	(at ex_script.py:45) 
2019-02-12 21:29:59,462 [D] ┌:F:n:WD_2:mbe.c:44	(at logger.py:129) 
2019-02-12 21:29:59,462 [D] └:F:n:WD_2:mbe.c:43	(at logger.py:129) 
2019-02-12 21:29:59,475 [D] subprocess cmd: ['source compile.sh /home/bohrok/Documents/DM/output/orbs/mbe/7/work'], stdout: b''	(at ex_script.py:45) 
2019-02-12 21:29:59,476 [D] ┌:F:n:WD_3:mbe.c:44	(at logger.py:129) 
2019-02-12 21:29:59,476 [D] |:F:n:WD_3:mbe.c:43	(at logger.py:129) 
2019-02-12 21:29:59,476 [D] └:F:n:WD_3:mbe.c:42	(at logger.py:129) 
2019-02-12 21:29:59,530 [D] subprocess cmd: ['source execute.sh /home/bohrok/Documents/DM/output/orbs/mbe/7/work'], stdout: b''	(at ex_script.py:45) 
2019-02-12 21:29:59,530 [D] -:C:n:WD_1:mbe.c:43	(at logger.py:129) 
2019-02-12 21:29:59,547 [D] subprocess cmd: ['source compile.sh /home/bohrok/Documents/DM/output/orbs/mbe/7/work'], stdout: b''	(at ex_script.py:45) 
2019-02-12 21:29:59,547 [D] ┌:F:n:WD_2:mbe.c:43	(at logger.py:129) 
2019-02-12 21:29:59,547 [D] └:F:n:WD_2:mbe.c:42	(at logger.py:129) 
2019-02-12 21:29:59,564 [D] subprocess cmd: ['source compile.sh /home/bohrok/Documents/DM/output/orbs/mbe/7/work'], stdout: b''	(at ex_script.py:45) 
2019-02-12 21:29:59,564 [D] ┌:F:n:WD_3:mbe.c:43	(at logger.py:129) 
2019-02-12 21:29:59,564 [D] |:F:n:WD_3:mbe.c:42	(at logger.py:129) 
2019-02-12 21:29:59,564 [D] └:F:n:WD_3:mbe.c:41	(at logger.py:129) 
2019-02-12 21:29:59,578 [D] subprocess cmd: ['source compile.sh /home/bohrok/Documents/DM/output/orbs/mbe/7/work'], stdout: b''	(at ex_script.py:45) 
2019-02-12 21:29:59,578 [D] -:F:n:WD_1:mbe.c:42	(at logger.py:129) 
2019-02-12 21:29:59,592 [D] subprocess cmd: ['source compile.sh /home/bohrok/Documents/DM/output/orbs/mbe/7/work'], stdout: b''	(at ex_script.py:45) 
2019-02-12 21:29:59,592 [D] ┌:F:n:WD_2:mbe.c:42	(at logger.py:129) 
2019-02-12 21:29:59,592 [D] └:F:n:WD_2:mbe.c:41	(at logger.py:129) 
2019-02-12 21:29:59,606 [D] subprocess cmd: ['source compile.sh /home/bohrok/Documents/DM/output/orbs/mbe/7/work'], stdout: b''	(at ex_script.py:45) 
2019-02-12 21:29:59,606 [D] ┌:F:n:WD_3:mbe.c:42	(at logger.py:129) 
2019-02-12 21:29:59,607 [D] |:F:n:WD_3:mbe.c:41	(at logger.py:129) 
2019-02-12 21:29:59,607 [D] └:F:n:WD_3:mbe.c:40	(at logger.py:129) 
2019-02-12 21:30:00,651 [D] -:C:n:WD_1:mbe.c:41	(at logger.py:129) 
2019-02-12 21:30:00,667 [D] subprocess cmd: ['source compile.sh /home/bohrok/Documents/DM/output/orbs/mbe/7/work'], stdout: b''	(at ex_script.py:45) 
2019-02-12 21:30:00,667 [D] ┌:F:n:WD_2:mbe.c:41	(at logger.py:129) 
2019-02-12 21:30:00,667 [D] └:F:n:WD_2:mbe.c:40	(at logger.py:129) 
2019-02-12 21:30:00,682 [D] subprocess cmd: ['source compile.sh /home/bohrok/Documents/DM/output/orbs/mbe/7/work'], stdout: b''	(at ex_script.py:45) 
2019-02-12 21:30:00,682 [D] ┌:F:n:WD_3:mbe.c:41	(at logger.py:129) 
2019-02-12 21:30:00,682 [D] |:F:n:WD_3:mbe.c:40	(at logger.py:129) 
2019-02-12 21:30:00,682 [D] └:F:n:WD_3:mbe.c:39	(at logger.py:129) 
2019-02-12 21:30:00,697 [D] subprocess cmd: ['source compile.sh /home/bohrok/Documents/DM/output/orbs/mbe/7/work'], stdout: b''	(at ex_script.py:45) 
2019-02-12 21:30:00,697 [D] -:F:n:WD_1:mbe.c:40	(at logger.py:129) 
2019-02-12 21:30:00,711 [D] subprocess cmd: ['source compile.sh /home/bohrok/Documents/DM/output/orbs/mbe/7/work'], stdout: b''	(at ex_script.py:45) 
2019-02-12 21:30:00,711 [D] ┌:F:n:WD_2:mbe.c:40	(at logger.py:129) 
2019-02-12 21:30:00,711 [D] └:F:n:WD_2:mbe.c:39	(at logger.py:129) 
2019-02-12 21:30:00,756 [D] subprocess cmd: ['source compile.sh /home/bohrok/Documents/DM/output/orbs/mbe/7/work'], stdout: b''	(at ex_script.py:45) 
2019-02-12 21:30:00,756 [D] ┌:F:n:WD_3:mbe.c:40	(at logger.py:129) 
2019-02-12 21:30:00,756 [D] |:F:n:WD_3:mbe.c:39	(at logger.py:129) 
2019-02-12 21:30:00,756 [D] └:F:n:WD_3:mbe.c:37	(at logger.py:129) 
2019-02-12 21:30:00,775 [D] subprocess cmd: ['source compile.sh /home/bohrok/Documents/DM/output/orbs/mbe/7/work'], stdout: b''	(at ex_script.py:45) 
2019-02-12 21:30:00,775 [D] -:F:n:WD_1:mbe.c:39	(at logger.py:129) 
2019-02-12 21:30:00,795 [D] subprocess cmd: ['source compile.sh /home/bohrok/Documents/DM/output/orbs/mbe/7/work'], stdout: b''	(at ex_script.py:45) 
2019-02-12 21:30:00,796 [D] ┌:F:n:WD_2:mbe.c:39	(at logger.py:129) 
2019-02-12 21:30:00,796 [D] └:F:n:WD_2:mbe.c:37	(at logger.py:129) 
2019-02-12 21:30:00,839 [D] subprocess cmd: ['source compile.sh /home/bohrok/Documents/DM/output/orbs/mbe/7/work'], stdout: b''	(at ex_script.py:45) 
2019-02-12 21:30:00,840 [D] ┌:F:n:WD_3:mbe.c:39	(at logger.py:129) 
2019-02-12 21:30:00,840 [D] |:F:n:WD_3:mbe.c:37	(at logger.py:129) 
2019-02-12 21:30:00,840 [D] └:F:n:WD_3:mbe.c:35	(at logger.py:129) 
2019-02-12 21:30:00,840 [D]  : : :pass:mbe.c:38	(at logger.py:129) 
2019-02-12 21:30:00,883 [D] subprocess cmd: ['source compile.sh /home/bohrok/Documents/DM/output/orbs/mbe/7/work'], stdout: b''	(at ex_script.py:45) 
2019-02-12 21:30:00,884 [D] -:F:n:WD_1:mbe.c:37	(at logger.py:129) 
2019-02-12 21:30:00,899 [D] subprocess cmd: ['source compile.sh /home/bohrok/Documents/DM/output/orbs/mbe/7/work'], stdout: b''	(at ex_script.py:45) 
2019-02-12 21:30:00,899 [D] ┌:F:n:WD_2:mbe.c:37	(at logger.py:129) 
2019-02-12 21:30:00,899 [D] └:F:n:WD_2:mbe.c:35	(at logger.py:129) 
2019-02-12 21:30:00,915 [D] subprocess cmd: ['source compile.sh /home/bohrok/Documents/DM/output/orbs/mbe/7/work'], stdout: b''	(at ex_script.py:45) 
2019-02-12 21:30:00,915 [D] ┌:F:n:WD_3:mbe.c:37	(at logger.py:129) 
2019-02-12 21:30:00,915 [D] |:F:n:WD_3:mbe.c:35	(at logger.py:129) 
2019-02-12 21:30:00,915 [D] └:F:n:WD_3:mbe.c:34	(at logger.py:129) 
2019-02-12 21:30:00,915 [D]  : : :pass:mbe.c:36	(at logger.py:129) 
2019-02-12 21:30:00,930 [D] subprocess cmd: ['source compile.sh /home/bohrok/Documents/DM/output/orbs/mbe/7/work'], stdout: b''	(at ex_script.py:45) 
2019-02-12 21:30:00,930 [D] -:F:n:WD_1:mbe.c:35	(at logger.py:129) 
2019-02-12 21:30:00,946 [D] subprocess cmd: ['source compile.sh /home/bohrok/Documents/DM/output/orbs/mbe/7/work'], stdout: b''	(at ex_script.py:45) 
2019-02-12 21:30:00,946 [D] ┌:F:n:WD_2:mbe.c:35	(at logger.py:129) 
2019-02-12 21:30:00,946 [D] └:F:n:WD_2:mbe.c:34	(at logger.py:129) 
2019-02-12 21:30:00,960 [D] subprocess cmd: ['source compile.sh /home/bohrok/Documents/DM/output/orbs/mbe/7/work'], stdout: b''	(at ex_script.py:45) 
2019-02-12 21:30:00,961 [D] ┌:F:n:WD_3:mbe.c:35	(at logger.py:129) 
2019-02-12 21:30:00,961 [D] |:F:n:WD_3:mbe.c:34	(at logger.py:129) 
2019-02-12 21:30:00,961 [D] └:F:n:WD_3:mbe.c:33	(at logger.py:129) 
2019-02-12 21:30:00,975 [D] subprocess cmd: ['source compile.sh /home/bohrok/Documents/DM/output/orbs/mbe/7/work'], stdout: b''	(at ex_script.py:45) 
2019-02-12 21:30:00,976 [D] -:F:n:WD_1:mbe.c:34	(at logger.py:129) 
2019-02-12 21:30:00,990 [D] subprocess cmd: ['source compile.sh /home/bohrok/Documents/DM/output/orbs/mbe/7/work'], stdout: b''	(at ex_script.py:45) 
2019-02-12 21:30:00,990 [D] ┌:F:n:WD_2:mbe.c:34	(at logger.py:129) 
2019-02-12 21:30:00,990 [D] └:F:n:WD_2:mbe.c:33	(at logger.py:129) 
2019-02-12 21:30:01,005 [D] subprocess cmd: ['source compile.sh /home/bohrok/Documents/DM/output/orbs/mbe/7/work'], stdout: b''	(at ex_script.py:45) 
2019-02-12 21:30:01,005 [D] ┌:F:n:WD_3:mbe.c:34	(at logger.py:129) 
2019-02-12 21:30:01,005 [D] |:F:n:WD_3:mbe.c:33	(at logger.py:129) 
2019-02-12 21:30:01,006 [D] └:F:n:WD_3:mbe.c:32	(at logger.py:129) 
2019-02-12 21:30:02,065 [D] -:C:n:WD_1:mbe.c:33	(at logger.py:129) 
2019-02-12 21:30:03,119 [D] ┌:C:n:WD_2:mbe.c:33	(at logger.py:129) 
2019-02-12 21:30:03,119 [D] └:C:n:WD_2:mbe.c:32	(at logger.py:129) 
2019-02-12 21:30:03,134 [D] subprocess cmd: ['source compile.sh /home/bohrok/Documents/DM/output/orbs/mbe/7/work'], stdout: b''	(at ex_script.py:45) 
2019-02-12 21:30:03,134 [D] ┌:F:n:WD_3:mbe.c:33	(at logger.py:129) 
2019-02-12 21:30:03,134 [D] |:F:n:WD_3:mbe.c:32	(at logger.py:129) 
2019-02-12 21:30:03,134 [D] └:F:n:WD_3:mbe.c:29	(at logger.py:129) 
2019-02-12 21:30:03,179 [D] subprocess cmd: ['source execute.sh /home/bohrok/Documents/DM/output/orbs/mbe/7/work'], stdout: b''	(at ex_script.py:45) 
2019-02-12 21:30:03,179 [D] -:C:n:WD_1:mbe.c:32	(at logger.py:129) 
2019-02-12 21:30:03,193 [D] subprocess cmd: ['source compile.sh /home/bohrok/Documents/DM/output/orbs/mbe/7/work'], stdout: b''	(at ex_script.py:45) 
2019-02-12 21:30:03,193 [D] ┌:F:n:WD_2:mbe.c:32	(at logger.py:129) 
2019-02-12 21:30:03,193 [D] └:F:n:WD_2:mbe.c:29	(at logger.py:129) 
2019-02-12 21:30:03,226 [D] ┌:C:c:WD_3:mbe.c:32	(at logger.py:129) 
2019-02-12 21:30:03,227 [D] |:C:c:WD_3:mbe.c:29	(at logger.py:129) 
2019-02-12 21:30:03,227 [D] └:C:c:WD_3:mbe.c:27	(at logger.py:129) 
2019-02-12 21:30:03,227 [D]  : : :pass:mbe.c:31	(at logger.py:129) 
2019-02-12 21:30:03,227 [D]  : : :pass:mbe.c:30	(at logger.py:129) 
2019-02-12 21:30:03,242 [D] subprocess cmd: ['source compile.sh /home/bohrok/Documents/DM/output/orbs/mbe/7/work'], stdout: b''	(at ex_script.py:45) 
2019-02-12 21:30:03,242 [D] -:F:n:WD_1:mbe.c:29	(at logger.py:129) 
2019-02-12 21:30:03,283 [D] ┌:P:c:WD_2:mbe.c:29	(at logger.py:129) 
2019-02-12 21:30:03,283 [D] └:P:c:WD_2:mbe.c:27	(at logger.py:129) 
2019-02-12 21:30:03,284 [D]  : : :pass:mbe.c:28	(at logger.py:129) 
2019-02-12 21:30:03,284 [D]  : : :pass:mbe.c:27	(at logger.py:129) 
2019-02-12 21:30:03,284 [D]  : : :pass:mbe.c:26	(at logger.py:129) 
2019-02-12 21:30:03,301 [D] subprocess cmd: ['source compile.sh /home/bohrok/Documents/DM/output/orbs/mbe/7/work'], stdout: b''	(at ex_script.py:45) 
2019-02-12 21:30:03,301 [D] -:F:n:WD_1:mbe.c:25	(at logger.py:129) 
2019-02-12 21:30:03,320 [D] subprocess cmd: ['source compile.sh /home/bohrok/Documents/DM/output/orbs/mbe/7/work'], stdout: b''	(at ex_script.py:45) 
2019-02-12 21:30:03,320 [D] ┌:F:n:WD_2:mbe.c:25	(at logger.py:129) 
2019-02-12 21:30:03,320 [D] └:F:n:WD_2:mbe.c:23	(at logger.py:129) 
2019-02-12 21:30:03,341 [D] subprocess cmd: ['source compile.sh /home/bohrok/Documents/DM/output/orbs/mbe/7/work'], stdout: b''	(at ex_script.py:45) 
2019-02-12 21:30:03,341 [D] ┌:F:n:WD_3:mbe.c:25	(at logger.py:129) 
2019-02-12 21:30:03,342 [D] |:F:n:WD_3:mbe.c:23	(at logger.py:129) 
2019-02-12 21:30:03,342 [D] └:F:n:WD_3:mbe.c:22	(at logger.py:129) 
2019-02-12 21:30:03,342 [D]  : : :pass:mbe.c:24	(at logger.py:129) 
2019-02-12 21:30:03,359 [D] subprocess cmd: ['source compile.sh /home/bohrok/Documents/DM/output/orbs/mbe/7/work'], stdout: b''	(at ex_script.py:45) 
2019-02-12 21:30:03,360 [D] -:F:n:WD_1:mbe.c:23	(at logger.py:129) 
2019-02-12 21:30:03,612 [D] subprocess cmd: ['source compile.sh /home/bohrok/Documents/DM/output/orbs/mbe/7/work'], stdout: b''	(at ex_script.py:45) 
2019-02-12 21:30:03,612 [D] ┌:F:n:WD_2:mbe.c:23	(at logger.py:129) 
2019-02-12 21:30:03,612 [D] └:F:n:WD_2:mbe.c:22	(at logger.py:129) 
2019-02-12 21:30:04,011 [D] subprocess cmd: ['source compile.sh /home/bohrok/Documents/DM/output/orbs/mbe/7/work'], stdout: b''	(at ex_script.py:45) 
2019-02-12 21:30:04,011 [D] ┌:F:n:WD_3:mbe.c:23	(at logger.py:129) 
2019-02-12 21:30:04,011 [D] |:F:n:WD_3:mbe.c:22	(at logger.py:129) 
2019-02-12 21:30:04,011 [D] └:F:n:WD_3:mbe.c:19	(at logger.py:129) 
2019-02-12 21:30:04,434 [D] -:C:n:WD_1:mbe.c:22	(at logger.py:129) 
2019-02-12 21:30:04,798 [D] ┌:C:n:WD_2:mbe.c:22	(at logger.py:129) 
2019-02-12 21:30:04,799 [D] └:C:n:WD_2:mbe.c:19	(at logger.py:129) 
2019-02-12 21:30:04,931 [D] subprocess cmd: ['source compile.sh /home/bohrok/Documents/DM/output/orbs/mbe/7/work'], stdout: b''	(at ex_script.py:45) 
2019-02-12 21:30:04,931 [D] ┌:F:n:WD_3:mbe.c:22	(at logger.py:129) 
2019-02-12 21:30:04,931 [D] |:F:n:WD_3:mbe.c:19	(at logger.py:129) 
2019-02-12 21:30:04,931 [D] └:F:n:WD_3:mbe.c:16	(at logger.py:129) 
2019-02-12 21:30:04,931 [D]  : : :pass:mbe.c:21	(at logger.py:129) 
2019-02-12 21:30:04,931 [D]  : : :pass:mbe.c:20	(at logger.py:129) 
2019-02-12 21:30:04,981 [D] subprocess cmd: ['source execute.sh /home/bohrok/Documents/DM/output/orbs/mbe/7/work'], stdout: b''	(at ex_script.py:45) 
2019-02-12 21:30:04,981 [D] -:C:n:WD_1:mbe.c:19	(at logger.py:129) 
2019-02-12 21:30:04,997 [D] subprocess cmd: ['source compile.sh /home/bohrok/Documents/DM/output/orbs/mbe/7/work'], stdout: b''	(at ex_script.py:45) 
2019-02-12 21:30:04,997 [D] ┌:F:n:WD_2:mbe.c:19	(at logger.py:129) 
2019-02-12 21:30:04,997 [D] └:F:n:WD_2:mbe.c:16	(at logger.py:129) 
2019-02-12 21:30:05,013 [D] subprocess cmd: ['source compile.sh /home/bohrok/Documents/DM/output/orbs/mbe/7/work'], stdout: b''	(at ex_script.py:45) 
2019-02-12 21:30:05,014 [D] ┌:F:n:WD_3:mbe.c:19	(at logger.py:129) 
2019-02-12 21:30:05,014 [D] |:F:n:WD_3:mbe.c:16	(at logger.py:129) 
2019-02-12 21:30:05,014 [D] └:F:n:WD_3:mbe.c:15	(at logger.py:129) 
2019-02-12 21:30:05,014 [D]  : : :pass:mbe.c:18	(at logger.py:129) 
2019-02-12 21:30:05,014 [D]  : : :pass:mbe.c:17	(at logger.py:129) 
2019-02-12 21:30:05,033 [D] subprocess cmd: ['source compile.sh /home/bohrok/Documents/DM/output/orbs/mbe/7/work'], stdout: b''	(at ex_script.py:45) 
2019-02-12 21:30:05,033 [D] -:F:n:WD_1:mbe.c:16	(at logger.py:129) 
2019-02-12 21:30:05,047 [D] subprocess cmd: ['source compile.sh /home/bohrok/Documents/DM/output/orbs/mbe/7/work'], stdout: b''	(at ex_script.py:45) 
2019-02-12 21:30:05,047 [D] ┌:F:n:WD_2:mbe.c:16	(at logger.py:129) 
2019-02-12 21:30:05,048 [D] └:F:n:WD_2:mbe.c:15	(at logger.py:129) 
2019-02-12 21:30:05,062 [D] subprocess cmd: ['source compile.sh /home/bohrok/Documents/DM/output/orbs/mbe/7/work'], stdout: b''	(at ex_script.py:45) 
2019-02-12 21:30:05,063 [D] ┌:F:n:WD_3:mbe.c:16	(at logger.py:129) 
2019-02-12 21:30:05,063 [D] |:F:n:WD_3:mbe.c:15	(at logger.py:129) 
2019-02-12 21:30:05,063 [D] └:F:n:WD_3:mbe.c:14	(at logger.py:129) 
2019-02-12 21:30:05,078 [D] subprocess cmd: ['source compile.sh /home/bohrok/Documents/DM/output/orbs/mbe/7/work'], stdout: b''	(at ex_script.py:45) 
2019-02-12 21:30:05,079 [D] -:F:n:WD_1:mbe.c:15	(at logger.py:129) 
2019-02-12 21:30:05,093 [D] subprocess cmd: ['source compile.sh /home/bohrok/Documents/DM/output/orbs/mbe/7/work'], stdout: b''	(at ex_script.py:45) 
2019-02-12 21:30:05,093 [D] ┌:F:n:WD_2:mbe.c:15	(at logger.py:129) 
2019-02-12 21:30:05,093 [D] └:F:n:WD_2:mbe.c:14	(at logger.py:129) 
2019-02-12 21:30:05,104 [D] subprocess cmd: ['source compile.sh /home/bohrok/Documents/DM/output/orbs/mbe/7/work'], stdout: b''	(at ex_script.py:45) 
2019-02-12 21:30:05,105 [D] ┌:F:n:WD_3:mbe.c:15	(at logger.py:129) 
2019-02-12 21:30:05,105 [D] |:F:n:WD_3:mbe.c:14	(at logger.py:129) 
2019-02-12 21:30:05,105 [D] └:F:n:WD_3:mbe.c:4	(at logger.py:129) 
2019-02-12 21:30:05,119 [D] subprocess cmd: ['source compile.sh /home/bohrok/Documents/DM/output/orbs/mbe/7/work'], stdout: b''	(at ex_script.py:45) 
2019-02-12 21:30:05,119 [D] -:F:n:WD_1:mbe.c:14	(at logger.py:129) 
2019-02-12 21:30:05,130 [D] subprocess cmd: ['source compile.sh /home/bohrok/Documents/DM/output/orbs/mbe/7/work'], stdout: b''	(at ex_script.py:45) 
2019-02-12 21:30:05,131 [D] ┌:F:n:WD_2:mbe.c:14	(at logger.py:129) 
2019-02-12 21:30:05,131 [D] └:F:n:WD_2:mbe.c:4	(at logger.py:129) 
2019-02-12 21:30:05,131 [D] ┌:F:n:WD_3:mbe.c:14	(at logger.py:129) 
2019-02-12 21:30:05,131 [D] └:F:n:WD_3:mbe.c:4	(at logger.py:129) 
2019-02-12 21:30:05,131 [D]  : : :pass:mbe.c:13	(at logger.py:129) 
2019-02-12 21:30:05,131 [D]  : : :pass:mbe.c:12	(at logger.py:129) 
2019-02-12 21:30:05,131 [D]  : : :pass:mbe.c:11	(at logger.py:129) 
2019-02-12 21:30:05,131 [D]  : : :pass:mbe.c:10	(at logger.py:129) 
2019-02-12 21:30:05,131 [D]  : : :pass:mbe.c:9	(at logger.py:129) 
2019-02-12 21:30:05,131 [D]  : : :pass:mbe.c:8	(at logger.py:129) 
2019-02-12 21:30:05,131 [D]  : : :pass:mbe.c:7	(at logger.py:129) 
2019-02-12 21:30:05,131 [D]  : : :pass:mbe.c:6	(at logger.py:129) 
2019-02-12 21:30:05,131 [D]  : : :pass:mbe.c:5	(at logger.py:129) 
2019-02-12 21:30:05,144 [D] subprocess cmd: ['source compile.sh /home/bohrok/Documents/DM/output/orbs/mbe/7/work'], stdout: b''	(at ex_script.py:45) 
2019-02-12 21:30:05,144 [D] -:F:n:WD_1:mbe.c:4	(at logger.py:129) 
2019-02-12 21:30:05,144 [D] -:F:n:WD_2:mbe.c:4	(at logger.py:129) 
2019-02-12 21:30:05,144 [D] -:F:n:WD_3:mbe.c:4	(at logger.py:129) 
2019-02-12 21:30:05,144 [D]  : : :pass:mbe.c:3	(at logger.py:129) 
2019-02-12 21:30:05,145 [D]  : : :pass:mbe.c:2	(at logger.py:129) 
2019-02-12 21:30:05,145 [D]  : : :pass:mbe.c:1	(at logger.py:129) 
2019-02-12 21:30:05,145 [D] comp_cached_cnt:4	(at logger.py:134) 
2019-02-12 21:30:05,145 [D] compile_cnt:87	(at logger.py:134) 
2019-02-12 21:30:05,145 [D] execute_cnt:16	(at logger.py:134) 
2019-02-12 21:30:05,145 [D] fail_del_cnt:10	(at logger.py:134) 
2019-02-12 21:30:05,145 [D] iter_idx:2	(at logger.py:134) 
2019-02-12 21:30:05,145 [D] reuse_cnt:2	(at logger.py:134) 
2019-02-12 21:30:05,145 [D] succ_del_cnt:8	(at logger.py:134) 
2019-02-12 21:30:05,145 [D] time:8.020632266998291	(at logger.py:134) 
2019-02-12 21:30:05,145 [D] deletion:55	(at logger.py:136) 
2019-02-12 21:30:05,145 [I] Iteration 2 finished	(at orbs.py:87) 
2019-02-12 21:30:05,146 [D]  : : :pass:mbe.c:79	(at logger.py:129) 
2019-02-12 21:30:05,146 [D]  : : :pass:mbe.c:78	(at logger.py:129) 
2019-02-12 21:30:05,146 [D]  : : :pass:mbe.c:77	(at logger.py:129) 
2019-02-12 21:30:05,146 [D]  : : :pass:mbe.c:76	(at logger.py:129) 
2019-02-12 21:30:05,146 [D]  : : :pass:mbe.c:75	(at logger.py:129) 
2019-02-12 21:30:05,159 [D] subprocess cmd: ['source compile.sh /home/bohrok/Documents/DM/output/orbs/mbe/7/work'], stdout: b''	(at ex_script.py:45) 
2019-02-12 21:30:05,159 [D] -:F:n:WD_1:mbe.c:74	(at logger.py:129) 
2019-02-12 21:30:05,173 [D] subprocess cmd: ['source compile.sh /home/bohrok/Documents/DM/output/orbs/mbe/7/work'], stdout: b''	(at ex_script.py:45) 
2019-02-12 21:30:05,174 [D] ┌:F:n:WD_2:mbe.c:74	(at logger.py:129) 
2019-02-12 21:30:05,174 [D] └:F:n:WD_2:mbe.c:73	(at logger.py:129) 
2019-02-12 21:30:05,190 [D] subprocess cmd: ['source compile.sh /home/bohrok/Documents/DM/output/orbs/mbe/7/work'], stdout: b''	(at ex_script.py:45) 
2019-02-12 21:30:05,190 [D] ┌:F:n:WD_3:mbe.c:74	(at logger.py:129) 
2019-02-12 21:30:05,190 [D] |:F:n:WD_3:mbe.c:73	(at logger.py:129) 
2019-02-12 21:30:05,190 [D] └:F:n:WD_3:mbe.c:72	(at logger.py:129) 
2019-02-12 21:30:05,233 [D] -:C:n:WD_1:mbe.c:73	(at logger.py:129) 
2019-02-12 21:30:05,250 [D] subprocess cmd: ['source compile.sh /home/bohrok/Documents/DM/output/orbs/mbe/7/work'], stdout: b''	(at ex_script.py:45) 
2019-02-12 21:30:05,251 [D] ┌:F:n:WD_2:mbe.c:73	(at logger.py:129) 
2019-02-12 21:30:05,251 [D] └:F:n:WD_2:mbe.c:72	(at logger.py:129) 
2019-02-12 21:30:05,271 [D] subprocess cmd: ['source compile.sh /home/bohrok/Documents/DM/output/orbs/mbe/7/work'], stdout: b''	(at ex_script.py:45) 
2019-02-12 21:30:05,272 [D] ┌:F:n:WD_3:mbe.c:73	(at logger.py:129) 
2019-02-12 21:30:05,272 [D] |:F:n:WD_3:mbe.c:72	(at logger.py:129) 
2019-02-12 21:30:05,272 [D] └:F:n:WD_3:mbe.c:71	(at logger.py:129) 
2019-02-12 21:30:05,286 [D] subprocess cmd: ['source compile.sh /home/bohrok/Documents/DM/output/orbs/mbe/7/work'], stdout: b''	(at ex_script.py:45) 
2019-02-12 21:30:05,286 [D] -:F:n:WD_1:mbe.c:72	(at logger.py:129) 
2019-02-12 21:30:05,304 [D] subprocess cmd: ['source compile.sh /home/bohrok/Documents/DM/output/orbs/mbe/7/work'], stdout: b''	(at ex_script.py:45) 
2019-02-12 21:30:05,305 [D] ┌:F:n:WD_2:mbe.c:72	(at logger.py:129) 
2019-02-12 21:30:05,305 [D] └:F:n:WD_2:mbe.c:71	(at logger.py:129) 
2019-02-12 21:30:05,341 [D] subprocess cmd: ['source compile.sh /home/bohrok/Documents/DM/output/orbs/mbe/7/work'], stdout: b''	(at ex_script.py:45) 
2019-02-12 21:30:05,341 [D] ┌:F:n:WD_3:mbe.c:72	(at logger.py:129) 
2019-02-12 21:30:05,341 [D] |:F:n:WD_3:mbe.c:71	(at logger.py:129) 
2019-02-12 21:30:05,341 [D] └:F:n:WD_3:mbe.c:64	(at logger.py:129) 
2019-02-12 21:30:05,354 [D] subprocess cmd: ['source compile.sh /home/bohrok/Documents/DM/output/orbs/mbe/7/work'], stdout: b''	(at ex_script.py:45) 
2019-02-12 21:30:05,354 [D] -:F:n:WD_1:mbe.c:71	(at logger.py:129) 
2019-02-12 21:30:05,368 [D] subprocess cmd: ['source compile.sh /home/bohrok/Documents/DM/output/orbs/mbe/7/work'], stdout: b''	(at ex_script.py:45) 
2019-02-12 21:30:05,368 [D] ┌:F:n:WD_2:mbe.c:71	(at logger.py:129) 
2019-02-12 21:30:05,368 [D] └:F:n:WD_2:mbe.c:64	(at logger.py:129) 
2019-02-12 21:30:05,382 [D] subprocess cmd: ['source compile.sh /home/bohrok/Documents/DM/output/orbs/mbe/7/work'], stdout: b''	(at ex_script.py:45) 
2019-02-12 21:30:05,383 [D] ┌:F:n:WD_3:mbe.c:71	(at logger.py:129) 
2019-02-12 21:30:05,383 [D] |:F:n:WD_3:mbe.c:64	(at logger.py:129) 
2019-02-12 21:30:05,383 [D] └:F:n:WD_3:mbe.c:44	(at logger.py:129) 
2019-02-12 21:30:05,383 [D]  : : :pass:mbe.c:70	(at logger.py:129) 
2019-02-12 21:30:05,383 [D]  : : :pass:mbe.c:69	(at logger.py:129) 
2019-02-12 21:30:05,383 [D]  : : :pass:mbe.c:68	(at logger.py:129) 
2019-02-12 21:30:05,383 [D]  : : :pass:mbe.c:67	(at logger.py:129) 
2019-02-12 21:30:05,383 [D]  : : :pass:mbe.c:66	(at logger.py:129) 
2019-02-12 21:30:05,383 [D]  : : :pass:mbe.c:65	(at logger.py:129) 
2019-02-12 21:30:05,398 [D] subprocess cmd: ['source compile.sh /home/bohrok/Documents/DM/output/orbs/mbe/7/work'], stdout: b''	(at ex_script.py:45) 
2019-02-12 21:30:05,398 [D] -:F:n:WD_1:mbe.c:64	(at logger.py:129) 
2019-02-12 21:30:05,413 [D] subprocess cmd: ['source compile.sh /home/bohrok/Documents/DM/output/orbs/mbe/7/work'], stdout: b''	(at ex_script.py:45) 
2019-02-12 21:30:05,413 [D] ┌:F:n:WD_2:mbe.c:64	(at logger.py:129) 
2019-02-12 21:30:05,413 [D] └:F:n:WD_2:mbe.c:44	(at logger.py:129) 
2019-02-12 21:30:05,428 [D] subprocess cmd: ['source compile.sh /home/bohrok/Documents/DM/output/orbs/mbe/7/work'], stdout: b''	(at ex_script.py:45) 
2019-02-12 21:30:05,428 [D] ┌:F:n:WD_3:mbe.c:64	(at logger.py:129) 
2019-02-12 21:30:05,428 [D] |:F:n:WD_3:mbe.c:44	(at logger.py:129) 
2019-02-12 21:30:05,428 [D] └:F:n:WD_3:mbe.c:43	(at logger.py:129) 
2019-02-12 21:30:05,428 [D]  : : :pass:mbe.c:63	(at logger.py:129) 
2019-02-12 21:30:05,428 [D]  : : :pass:mbe.c:62	(at logger.py:129) 
2019-02-12 21:30:05,429 [D]  : : :pass:mbe.c:61	(at logger.py:129) 
2019-02-12 21:30:05,429 [D]  : : :pass:mbe.c:60	(at logger.py:129) 
2019-02-12 21:30:05,429 [D]  : : :pass:mbe.c:59	(at logger.py:129) 
2019-02-12 21:30:05,429 [D]  : : :pass:mbe.c:58	(at logger.py:129) 
2019-02-12 21:30:05,429 [D]  : : :pass:mbe.c:57	(at logger.py:129) 
2019-02-12 21:30:05,429 [D]  : : :pass:mbe.c:56	(at logger.py:129) 
2019-02-12 21:30:05,429 [D]  : : :pass:mbe.c:55	(at logger.py:129) 
2019-02-12 21:30:05,429 [D]  : : :pass:mbe.c:54	(at logger.py:129) 
2019-02-12 21:30:05,429 [D]  : : :pass:mbe.c:53	(at logger.py:129) 
2019-02-12 21:30:05,429 [D]  : : :pass:mbe.c:52	(at logger.py:129) 
2019-02-12 21:30:05,429 [D]  : : :pass:mbe.c:51	(at logger.py:129) 
2019-02-12 21:30:05,429 [D]  : : :pass:mbe.c:50	(at logger.py:129) 
2019-02-12 21:30:05,429 [D]  : : :pass:mbe.c:49	(at logger.py:129) 
2019-02-12 21:30:05,429 [D]  : : :pass:mbe.c:48	(at logger.py:129) 
2019-02-12 21:30:05,429 [D]  : : :pass:mbe.c:47	(at logger.py:129) 
2019-02-12 21:30:05,429 [D]  : : :pass:mbe.c:46	(at logger.py:129) 
2019-02-12 21:30:05,429 [D]  : : :pass:mbe.c:45	(at logger.py:129) 
2019-02-12 21:30:05,442 [D] subprocess cmd: ['source compile.sh /home/bohrok/Documents/DM/output/orbs/mbe/7/work'], stdout: b''	(at ex_script.py:45) 
2019-02-12 21:30:05,443 [D] -:F:n:WD_1:mbe.c:44	(at logger.py:129) 
2019-02-12 21:30:05,456 [D] subprocess cmd: ['source compile.sh /home/bohrok/Documents/DM/output/orbs/mbe/7/work'], stdout: b''	(at ex_script.py:45) 
2019-02-12 21:30:05,456 [D] ┌:F:n:WD_2:mbe.c:44	(at logger.py:129) 
2019-02-12 21:30:05,456 [D] └:F:n:WD_2:mbe.c:43	(at logger.py:129) 
2019-02-12 21:30:05,470 [D] subprocess cmd: ['source compile.sh /home/bohrok/Documents/DM/output/orbs/mbe/7/work'], stdout: b''	(at ex_script.py:45) 
2019-02-12 21:30:05,470 [D] ┌:F:n:WD_3:mbe.c:44	(at logger.py:129) 
2019-02-12 21:30:05,470 [D] |:F:n:WD_3:mbe.c:43	(at logger.py:129) 
2019-02-12 21:30:05,470 [D] └:F:n:WD_3:mbe.c:42	(at logger.py:129) 
2019-02-12 21:30:05,509 [D] -:C:c:WD_1:mbe.c:43	(at logger.py:129) 
2019-02-12 21:30:05,525 [D] subprocess cmd: ['source compile.sh /home/bohrok/Documents/DM/output/orbs/mbe/7/work'], stdout: b''	(at ex_script.py:45) 
2019-02-12 21:30:05,526 [D] ┌:F:n:WD_2:mbe.c:43	(at logger.py:129) 
2019-02-12 21:30:05,526 [D] └:F:n:WD_2:mbe.c:42	(at logger.py:129) 
2019-02-12 21:30:05,539 [D] subprocess cmd: ['source compile.sh /home/bohrok/Documents/DM/output/orbs/mbe/7/work'], stdout: b''	(at ex_script.py:45) 
2019-02-12 21:30:05,539 [D] ┌:F:n:WD_3:mbe.c:43	(at logger.py:129) 
2019-02-12 21:30:05,539 [D] |:F:n:WD_3:mbe.c:42	(at logger.py:129) 
2019-02-12 21:30:05,539 [D] └:F:n:WD_3:mbe.c:41	(at logger.py:129) 
2019-02-12 21:30:05,557 [D] subprocess cmd: ['source compile.sh /home/bohrok/Documents/DM/output/orbs/mbe/7/work'], stdout: b''	(at ex_script.py:45) 
2019-02-12 21:30:05,557 [D] -:F:n:WD_1:mbe.c:42	(at logger.py:129) 
2019-02-12 21:30:05,571 [D] subprocess cmd: ['source compile.sh /home/bohrok/Documents/DM/output/orbs/mbe/7/work'], stdout: b''	(at ex_script.py:45) 
2019-02-12 21:30:05,571 [D] ┌:F:n:WD_2:mbe.c:42	(at logger.py:129) 
2019-02-12 21:30:05,571 [D] └:F:n:WD_2:mbe.c:41	(at logger.py:129) 
2019-02-12 21:30:05,585 [D] subprocess cmd: ['source compile.sh /home/bohrok/Documents/DM/output/orbs/mbe/7/work'], stdout: b''	(at ex_script.py:45) 
2019-02-12 21:30:05,585 [D] ┌:F:n:WD_3:mbe.c:42	(at logger.py:129) 
2019-02-12 21:30:05,585 [D] |:F:n:WD_3:mbe.c:41	(at logger.py:129) 
2019-02-12 21:30:05,585 [D] └:F:n:WD_3:mbe.c:40	(at logger.py:129) 
2019-02-12 21:30:05,622 [D] -:C:c:WD_1:mbe.c:41	(at logger.py:129) 
2019-02-12 21:30:05,638 [D] subprocess cmd: ['source compile.sh /home/bohrok/Documents/DM/output/orbs/mbe/7/work'], stdout: b''	(at ex_script.py:45) 
2019-02-12 21:30:05,638 [D] ┌:F:n:WD_2:mbe.c:41	(at logger.py:129) 
2019-02-12 21:30:05,638 [D] └:F:n:WD_2:mbe.c:40	(at logger.py:129) 
2019-02-12 21:30:05,652 [D] subprocess cmd: ['source compile.sh /home/bohrok/Documents/DM/output/orbs/mbe/7/work'], stdout: b''	(at ex_script.py:45) 
2019-02-12 21:30:05,652 [D] ┌:F:n:WD_3:mbe.c:41	(at logger.py:129) 
2019-02-12 21:30:05,652 [D] |:F:n:WD_3:mbe.c:40	(at logger.py:129) 
2019-02-12 21:30:05,652 [D] └:F:n:WD_3:mbe.c:39	(at logger.py:129) 
2019-02-12 21:30:05,666 [D] subprocess cmd: ['source compile.sh /home/bohrok/Documents/DM/output/orbs/mbe/7/work'], stdout: b''	(at ex_script.py:45) 
2019-02-12 21:30:05,666 [D] -:F:n:WD_1:mbe.c:40	(at logger.py:129) 
2019-02-12 21:30:05,680 [D] subprocess cmd: ['source compile.sh /home/bohrok/Documents/DM/output/orbs/mbe/7/work'], stdout: b''	(at ex_script.py:45) 
2019-02-12 21:30:05,680 [D] ┌:F:n:WD_2:mbe.c:40	(at logger.py:129) 
2019-02-12 21:30:05,680 [D] └:F:n:WD_2:mbe.c:39	(at logger.py:129) 
2019-02-12 21:30:05,714 [D] subprocess cmd: ['source compile.sh /home/bohrok/Documents/DM/output/orbs/mbe/7/work'], stdout: b''	(at ex_script.py:45) 
2019-02-12 21:30:05,715 [D] ┌:F:n:WD_3:mbe.c:40	(at logger.py:129) 
2019-02-12 21:30:05,715 [D] |:F:n:WD_3:mbe.c:39	(at logger.py:129) 
2019-02-12 21:30:05,715 [D] └:F:n:WD_3:mbe.c:37	(at logger.py:129) 
2019-02-12 21:30:05,730 [D] subprocess cmd: ['source compile.sh /home/bohrok/Documents/DM/output/orbs/mbe/7/work'], stdout: b''	(at ex_script.py:45) 
2019-02-12 21:30:05,730 [D] -:F:n:WD_1:mbe.c:39	(at logger.py:129) 
2019-02-12 21:30:05,746 [D] subprocess cmd: ['source compile.sh /home/bohrok/Documents/DM/output/orbs/mbe/7/work'], stdout: b''	(at ex_script.py:45) 
2019-02-12 21:30:05,747 [D] ┌:F:n:WD_2:mbe.c:39	(at logger.py:129) 
2019-02-12 21:30:05,747 [D] └:F:n:WD_2:mbe.c:37	(at logger.py:129) 
2019-02-12 21:30:05,769 [D] subprocess cmd: ['source compile.sh /home/bohrok/Documents/DM/output/orbs/mbe/7/work'], stdout: b''	(at ex_script.py:45) 
2019-02-12 21:30:05,769 [D] ┌:F:n:WD_3:mbe.c:39	(at logger.py:129) 
2019-02-12 21:30:05,769 [D] |:F:n:WD_3:mbe.c:37	(at logger.py:129) 
2019-02-12 21:30:05,769 [D] └:F:n:WD_3:mbe.c:35	(at logger.py:129) 
2019-02-12 21:30:05,769 [D]  : : :pass:mbe.c:38	(at logger.py:129) 
2019-02-12 21:30:05,789 [D] subprocess cmd: ['source compile.sh /home/bohrok/Documents/DM/output/orbs/mbe/7/work'], stdout: b''	(at ex_script.py:45) 
2019-02-12 21:30:05,789 [D] -:F:n:WD_1:mbe.c:37	(at logger.py:129) 
2019-02-12 21:30:05,810 [D] subprocess cmd: ['source compile.sh /home/bohrok/Documents/DM/output/orbs/mbe/7/work'], stdout: b''	(at ex_script.py:45) 
2019-02-12 21:30:05,810 [D] ┌:F:n:WD_2:mbe.c:37	(at logger.py:129) 
2019-02-12 21:30:05,810 [D] └:F:n:WD_2:mbe.c:35	(at logger.py:129) 
2019-02-12 21:30:05,827 [D] subprocess cmd: ['source compile.sh /home/bohrok/Documents/DM/output/orbs/mbe/7/work'], stdout: b''	(at ex_script.py:45) 
2019-02-12 21:30:05,827 [D] ┌:F:n:WD_3:mbe.c:37	(at logger.py:129) 
2019-02-12 21:30:05,827 [D] |:F:n:WD_3:mbe.c:35	(at logger.py:129) 
2019-02-12 21:30:05,827 [D] └:F:n:WD_3:mbe.c:34	(at logger.py:129) 
2019-02-12 21:30:05,827 [D]  : : :pass:mbe.c:36	(at logger.py:129) 
2019-02-12 21:30:05,844 [D] subprocess cmd: ['source compile.sh /home/bohrok/Documents/DM/output/orbs/mbe/7/work'], stdout: b''	(at ex_script.py:45) 
2019-02-12 21:30:05,844 [D] -:F:n:WD_1:mbe.c:35	(at logger.py:129) 
2019-02-12 21:30:05,860 [D] subprocess cmd: ['source compile.sh /home/bohrok/Documents/DM/output/orbs/mbe/7/work'], stdout: b''	(at ex_script.py:45) 
2019-02-12 21:30:05,861 [D] ┌:F:n:WD_2:mbe.c:35	(at logger.py:129) 
2019-02-12 21:30:05,861 [D] └:F:n:WD_2:mbe.c:34	(at logger.py:129) 
2019-02-12 21:30:05,879 [D] subprocess cmd: ['source compile.sh /home/bohrok/Documents/DM/output/orbs/mbe/7/work'], stdout: b''	(at ex_script.py:45) 
2019-02-12 21:30:05,879 [D] ┌:F:n:WD_3:mbe.c:35	(at logger.py:129) 
2019-02-12 21:30:05,879 [D] |:F:n:WD_3:mbe.c:34	(at logger.py:129) 
2019-02-12 21:30:05,879 [D] └:F:n:WD_3:mbe.c:33	(at logger.py:129) 
2019-02-12 21:30:05,896 [D] subprocess cmd: ['source compile.sh /home/bohrok/Documents/DM/output/orbs/mbe/7/work'], stdout: b''	(at ex_script.py:45) 
2019-02-12 21:30:05,897 [D] -:F:n:WD_1:mbe.c:34	(at logger.py:129) 
2019-02-12 21:30:05,914 [D] subprocess cmd: ['source compile.sh /home/bohrok/Documents/DM/output/orbs/mbe/7/work'], stdout: b''	(at ex_script.py:45) 
2019-02-12 21:30:05,914 [D] ┌:F:n:WD_2:mbe.c:34	(at logger.py:129) 
2019-02-12 21:30:05,914 [D] └:F:n:WD_2:mbe.c:33	(at logger.py:129) 
2019-02-12 21:30:05,930 [D] subprocess cmd: ['source compile.sh /home/bohrok/Documents/DM/output/orbs/mbe/7/work'], stdout: b''	(at ex_script.py:45) 
2019-02-12 21:30:05,930 [D] ┌:F:n:WD_3:mbe.c:34	(at logger.py:129) 
2019-02-12 21:30:05,930 [D] |:F:n:WD_3:mbe.c:33	(at logger.py:129) 
2019-02-12 21:30:05,930 [D] └:F:n:WD_3:mbe.c:32	(at logger.py:129) 
2019-02-12 21:30:05,966 [D] -:C:c:WD_1:mbe.c:33	(at logger.py:129) 
2019-02-12 21:30:06,002 [D] ┌:C:c:WD_2:mbe.c:33	(at logger.py:129) 
2019-02-12 21:30:06,002 [D] └:C:c:WD_2:mbe.c:32	(at logger.py:129) 
2019-02-12 21:30:06,024 [D] subprocess cmd: ['source compile.sh /home/bohrok/Documents/DM/output/orbs/mbe/7/work'], stdout: b''	(at ex_script.py:45) 
2019-02-12 21:30:06,025 [D] ┌:F:n:WD_3:mbe.c:33	(at logger.py:129) 
2019-02-12 21:30:06,025 [D] |:F:n:WD_3:mbe.c:32	(at logger.py:129) 
2019-02-12 21:30:06,025 [D] └:F:n:WD_3:mbe.c:25	(at logger.py:129) 
2019-02-12 21:30:06,025 [D] -:C:c:WD_1:mbe.c:32	(at logger.py:129) 
2019-02-12 21:30:06,041 [D] subprocess cmd: ['source compile.sh /home/bohrok/Documents/DM/output/orbs/mbe/7/work'], stdout: b''	(at ex_script.py:45) 
2019-02-12 21:30:06,042 [D] ┌:F:n:WD_2:mbe.c:32	(at logger.py:129) 
2019-02-12 21:30:06,042 [D] └:F:n:WD_2:mbe.c:25	(at logger.py:129) 
2019-02-12 21:30:06,063 [D] subprocess cmd: ['source compile.sh /home/bohrok/Documents/DM/output/orbs/mbe/7/work'], stdout: b''	(at ex_script.py:45) 
2019-02-12 21:30:06,064 [D] ┌:F:n:WD_3:mbe.c:32	(at logger.py:129) 
2019-02-12 21:30:06,064 [D] |:F:n:WD_3:mbe.c:25	(at logger.py:129) 
2019-02-12 21:30:06,064 [D] └:F:n:WD_3:mbe.c:23	(at logger.py:129) 
2019-02-12 21:30:06,064 [D]  : : :pass:mbe.c:31	(at logger.py:129) 
2019-02-12 21:30:06,064 [D]  : : :pass:mbe.c:30	(at logger.py:129) 
2019-02-12 21:30:06,064 [D]  : : :pass:mbe.c:29	(at logger.py:129) 
2019-02-12 21:30:06,064 [D]  : : :pass:mbe.c:28	(at logger.py:129) 
2019-02-12 21:30:06,064 [D]  : : :pass:mbe.c:27	(at logger.py:129) 
2019-02-12 21:30:06,064 [D]  : : :pass:mbe.c:26	(at logger.py:129) 
2019-02-12 21:30:06,064 [D] -:F:n:WD_1:mbe.c:25	(at logger.py:129) 
2019-02-12 21:30:06,064 [D] ┌:F:n:WD_2:mbe.c:25	(at logger.py:129) 
2019-02-12 21:30:06,064 [D] └:F:n:WD_2:mbe.c:23	(at logger.py:129) 
2019-02-12 21:30:06,064 [D] ┌:F:n:WD_3:mbe.c:25	(at logger.py:129) 
2019-02-12 21:30:06,065 [D] |:F:n:WD_3:mbe.c:23	(at logger.py:129) 
2019-02-12 21:30:06,065 [D] └:F:n:WD_3:mbe.c:22	(at logger.py:129) 
2019-02-12 21:30:06,065 [D]  : : :pass:mbe.c:24	(at logger.py:129) 
2019-02-12 21:30:06,065 [D] -:F:n:WD_1:mbe.c:23	(at logger.py:129) 
2019-02-12 21:30:06,065 [D] ┌:F:n:WD_2:mbe.c:23	(at logger.py:129) 
2019-02-12 21:30:06,065 [D] └:F:n:WD_2:mbe.c:22	(at logger.py:129) 
2019-02-12 21:30:06,065 [D] ┌:F:n:WD_3:mbe.c:23	(at logger.py:129) 
2019-02-12 21:30:06,065 [D] |:F:n:WD_3:mbe.c:22	(at logger.py:129) 
2019-02-12 21:30:06,065 [D] └:F:n:WD_3:mbe.c:19	(at logger.py:129) 
2019-02-12 21:30:06,065 [D] -:C:c:WD_1:mbe.c:22	(at logger.py:129) 
2019-02-12 21:30:06,065 [D] ┌:C:c:WD_2:mbe.c:22	(at logger.py:129) 
2019-02-12 21:30:06,065 [D] └:C:c:WD_2:mbe.c:19	(at logger.py:129) 
2019-02-12 21:30:06,066 [D] ┌:F:n:WD_3:mbe.c:22	(at logger.py:129) 
2019-02-12 21:30:06,066 [D] |:F:n:WD_3:mbe.c:19	(at logger.py:129) 
2019-02-12 21:30:06,066 [D] └:F:n:WD_3:mbe.c:16	(at logger.py:129) 
2019-02-12 21:30:06,066 [D]  : : :pass:mbe.c:21	(at logger.py:129) 
2019-02-12 21:30:06,066 [D]  : : :pass:mbe.c:20	(at logger.py:129) 
2019-02-12 21:30:06,066 [D] -:C:c:WD_1:mbe.c:19	(at logger.py:129) 
2019-02-12 21:30:06,066 [D] ┌:F:n:WD_2:mbe.c:19	(at logger.py:129) 
2019-02-12 21:30:06,066 [D] └:F:n:WD_2:mbe.c:16	(at logger.py:129) 
2019-02-12 21:30:06,066 [D] ┌:F:n:WD_3:mbe.c:19	(at logger.py:129) 
2019-02-12 21:30:06,066 [D] |:F:n:WD_3:mbe.c:16	(at logger.py:129) 
2019-02-12 21:30:06,066 [D] └:F:n:WD_3:mbe.c:15	(at logger.py:129) 
2019-02-12 21:30:06,066 [D]  : : :pass:mbe.c:18	(at logger.py:129) 
2019-02-12 21:30:06,066 [D]  : : :pass:mbe.c:17	(at logger.py:129) 
2019-02-12 21:30:06,066 [D] -:F:n:WD_1:mbe.c:16	(at logger.py:129) 
2019-02-12 21:30:06,066 [D] ┌:F:n:WD_2:mbe.c:16	(at logger.py:129) 
2019-02-12 21:30:06,067 [D] └:F:n:WD_2:mbe.c:15	(at logger.py:129) 
2019-02-12 21:30:06,067 [D] ┌:F:n:WD_3:mbe.c:16	(at logger.py:129) 
2019-02-12 21:30:06,067 [D] |:F:n:WD_3:mbe.c:15	(at logger.py:129) 
2019-02-12 21:30:06,067 [D] └:F:n:WD_3:mbe.c:14	(at logger.py:129) 
2019-02-12 21:30:06,067 [D] -:F:n:WD_1:mbe.c:15	(at logger.py:129) 
2019-02-12 21:30:06,067 [D] ┌:F:n:WD_2:mbe.c:15	(at logger.py:129) 
2019-02-12 21:30:06,067 [D] └:F:n:WD_2:mbe.c:14	(at logger.py:129) 
2019-02-12 21:30:06,067 [D] ┌:F:n:WD_3:mbe.c:15	(at logger.py:129) 
2019-02-12 21:30:06,067 [D] |:F:n:WD_3:mbe.c:14	(at logger.py:129) 
2019-02-12 21:30:06,067 [D] └:F:n:WD_3:mbe.c:4	(at logger.py:129) 
2019-02-12 21:30:06,067 [D] -:F:n:WD_1:mbe.c:14	(at logger.py:129) 
2019-02-12 21:30:06,067 [D] ┌:F:n:WD_2:mbe.c:14	(at logger.py:129) 
2019-02-12 21:30:06,068 [D] └:F:n:WD_2:mbe.c:4	(at logger.py:129) 
2019-02-12 21:30:06,068 [D] ┌:F:n:WD_3:mbe.c:14	(at logger.py:129) 
2019-02-12 21:30:06,068 [D] └:F:n:WD_3:mbe.c:4	(at logger.py:129) 
2019-02-12 21:30:06,068 [D]  : : :pass:mbe.c:13	(at logger.py:129) 
2019-02-12 21:30:06,068 [D]  : : :pass:mbe.c:12	(at logger.py:129) 
2019-02-12 21:30:06,068 [D]  : : :pass:mbe.c:11	(at logger.py:129) 
2019-02-12 21:30:06,068 [D]  : : :pass:mbe.c:10	(at logger.py:129) 
2019-02-12 21:30:06,068 [D]  : : :pass:mbe.c:9	(at logger.py:129) 
2019-02-12 21:30:06,068 [D]  : : :pass:mbe.c:8	(at logger.py:129) 
2019-02-12 21:30:06,068 [D]  : : :pass:mbe.c:7	(at logger.py:129) 
2019-02-12 21:30:06,068 [D]  : : :pass:mbe.c:6	(at logger.py:129) 
2019-02-12 21:30:06,068 [D]  : : :pass:mbe.c:5	(at logger.py:129) 
2019-02-12 21:30:06,068 [D] -:F:n:WD_1:mbe.c:4	(at logger.py:129) 
2019-02-12 21:30:06,068 [D] -:F:n:WD_2:mbe.c:4	(at logger.py:129) 
2019-02-12 21:30:06,069 [D] -:F:n:WD_3:mbe.c:4	(at logger.py:129) 
2019-02-12 21:30:06,069 [D]  : : :pass:mbe.c:3	(at logger.py:129) 
2019-02-12 21:30:06,069 [D]  : : :pass:mbe.c:2	(at logger.py:129) 
2019-02-12 21:30:06,069 [D]  : : :pass:mbe.c:1	(at logger.py:129) 
2019-02-12 21:30:06,069 [D] comp_cached_cnt:25	(at logger.py:134) 
2019-02-12 21:30:06,069 [D] compile_cnt:47	(at logger.py:134) 
2019-02-12 21:30:06,069 [D] execute_cnt:1	(at logger.py:134) 
2019-02-12 21:30:06,069 [D] fail_del_cnt:9	(at logger.py:134) 
2019-02-12 21:30:06,069 [D] iter_idx:3	(at logger.py:134) 
2019-02-12 21:30:06,069 [D] reuse_cnt:8	(at logger.py:134) 
2019-02-12 21:30:06,069 [D] succ_del_cnt:0	(at logger.py:134) 
2019-02-12 21:30:06,069 [D] time:0.9232077598571777	(at logger.py:134) 
2019-02-12 21:30:06,069 [D] deletion:55	(at logger.py:136) 
2019-02-12 21:30:06,069 [I] Iteration 3 finished	(at orbs.py:87) 
2019-02-12 21:30:06,070 [D] total_lines:79	(at logger.py:74) 
2019-02-12 21:30:06,070 [D] iteration_cnt:3	(at logger.py:75) 
2019-02-12 21:30:06,070 [D] comp_cached_cnt:29	(at logger.py:79) 
2019-02-12 21:30:06,070 [D] compile_cnt:299	(at logger.py:79) 
2019-02-12 21:30:06,070 [D] execute_cnt:46	(at logger.py:79) 
2019-02-12 21:30:06,070 [D] fail_del_cnt:42	(at logger.py:79) 
2019-02-12 21:30:06,070 [D] reuse_cnt:36	(at logger.py:79) 
2019-02-12 21:30:06,070 [D] succ_del_cnt:40	(at logger.py:79) 
2019-02-12 21:30:06,070 [D] time:22.98026943206787	(at logger.py:80) 
2019-02-12 21:30:06,070 [D] deletion:55	(at logger.py:82) 
2019-02-12 21:30:06,070 [I] ORBS fin.	(at orbs.py:91) 
2019-02-12 21:30:06,070 [I] ===== END - RUN ==============================================	(at main.py:95) 
2019-02-12 21:30:06,070 [I] 	(at main.py:96) 
