2019-03-02 21:45:49,502 [I] output_path: output/model/wc/random/once_success	(at model.py:166) 
2019-03-02 21:45:49,517 [I] factor_size: 21	(at model.py:121) 
2019-03-02 21:45:49,517 [I] response_size: 19	(at model.py:122) 
2019-03-02 21:45:49,552 [I] Criteria path loaded (path:output/original/wc/scripts/test/criteria)	(at model.py:43) 
2019-03-02 21:45:49,554 [I] unique response cnt: 33	(at model.py:179) 
2019-03-02 21:45:49,554 [I] 1 1 0 1 1 1 0 0 1 1 1 1 0 0 0 0 0 0 0	(at model.py:181) 
2019-03-02 21:45:49,554 [I] 1 1 1 1 1 1 0 0 1 0 0 1 0 0 0 0 0 1 1	(at model.py:181) 
2019-03-02 21:45:49,554 [I] 1 1 1 1 1 1 1 1 1 1 1 1 0 0 0 0 1 1 1	(at model.py:181) 
2019-03-02 21:45:49,554 [I] 1 1 1 1 1 0 0 0 0 0 0 0 0 0 0 0 0 0 0	(at model.py:181) 
2019-03-02 21:45:49,554 [I] 1 1 1 1 1 1 1 1 1 1 1 1 1 0 0 1 1 1 1	(at model.py:181) 
2019-03-02 21:45:49,554 [I] 1 1 1 1 1 1 0 0 1 0 0 1 0 0 0 0 1 1 1	(at model.py:181) 
2019-03-02 21:45:49,554 [I] 1 1 1 1 1 1 1 1 1 1 1 1 1 1 1 1 1 1 1	(at model.py:181) 
2019-03-02 21:45:49,554 [I] 1 1 1 1 1 1 1 1 1 1 1 1 0 0 0 0 0 1 1	(at model.py:181) 
2019-03-02 21:45:49,554 [I] 1 1 1 1 1 1 1 1 1 0 0 1 1 0 0 1 1 1 1	(at model.py:181) 
2019-03-02 21:45:49,554 [I] 1 1 0 1 1 1 0 0 1 1 1 1 0 0 0 0 0 1 1	(at model.py:181) 
2019-03-02 21:45:49,554 [I] 1 1 1 1 1 1 1 1 1 0 0 1 0 0 0 0 0 0 0	(at model.py:181) 
2019-03-02 21:45:49,555 [I] 1 1 1 0 0 1 1 1 1 1 1 1 0 0 0 0 1 1 1	(at model.py:181) 
2019-03-02 21:45:49,555 [I] 1 1 1 1 1 1 1 1 1 1 1 1 0 0 0 0 0 0 0	(at model.py:181) 
2019-03-02 21:45:49,555 [I] 1 1 1 1 1 1 0 0 1 0 0 1 1 1 1 1 1 1 1	(at model.py:181) 
2019-03-02 21:45:49,555 [I] 1 1 1 1 0 1 1 1 1 0 0 1 1 0 0 1 1 1 1	(at model.py:181) 
2019-03-02 21:45:49,555 [I] 1 1 1 0 1 1 1 1 1 1 1 1 0 0 0 0 0 0 0	(at model.py:181) 
2019-03-02 21:45:49,555 [I] 1 1 1 1 0 1 1 1 1 1 1 1 0 0 0 0 1 1 1	(at model.py:181) 
2019-03-02 21:45:49,555 [I] 1 1 1 1 1 1 1 1 1 0 0 1 1 1 1 1 1 1 1	(at model.py:181) 
2019-03-02 21:45:49,555 [I] 1 1 1 1 1 1 0 0 1 0 0 1 0 0 0 0 0 0 0	(at model.py:181) 
2019-03-02 21:45:49,555 [I] 1 1 1 1 1 1 1 1 1 0 0 1 0 0 0 0 1 1 1	(at model.py:181) 
2019-03-02 21:45:49,555 [I] 1 1 0 1 0 1 0 0 1 1 1 1 1 0 0 1 1 1 1	(at model.py:181) 
2019-03-02 21:45:49,555 [I] 1 1 1 1 0 1 1 1 1 1 1 1 0 0 0 0 0 1 1	(at model.py:181) 
2019-03-02 21:45:49,555 [I] 1 1 1 0 1 1 1 1 1 1 1 1 0 0 0 0 1 1 1	(at model.py:181) 
2019-03-02 21:45:49,555 [I] 1 1 1 0 1 1 1 1 1 1 1 1 0 0 0 0 0 1 1	(at model.py:181) 
2019-03-02 21:45:49,555 [I] 1 1 1 1 0 0 0 0 0 0 0 0 0 0 0 0 0 0 0	(at model.py:181) 
2019-03-02 21:45:49,555 [I] 1 1 1 0 0 1 1 1 1 1 1 1 0 0 0 0 0 1 1	(at model.py:181) 
2019-03-02 21:45:49,555 [I] 1 1 1 1 0 1 1 1 1 1 1 1 1 0 0 1 1 1 1	(at model.py:181) 
2019-03-02 21:45:49,555 [I] 1 1 0 1 1 1 0 0 1 1 1 1 1 1 1 1 1 1 1	(at model.py:181) 
2019-03-02 21:45:49,555 [I] 1 1 0 1 1 1 0 0 1 1 1 1 0 0 0 0 1 1 1	(at model.py:181) 
2019-03-02 21:45:49,555 [I] 1 1 1 0 1 0 0 0 0 0 0 0 0 0 0 0 0 0 0	(at model.py:181) 
2019-03-02 21:45:49,555 [I] 1 1 1 1 0 1 0 0 1 0 0 1 1 0 0 1 1 1 1	(at model.py:181) 
2019-03-02 21:45:49,555 [I] 1 1 1 1 1 1 1 1 1 0 0 1 0 0 0 0 0 1 1	(at model.py:181) 
2019-03-02 21:45:49,556 [I] 1 1 0 1 1 1 0 0 1 0 0 1 1 1 1 1 1 1 1	(at model.py:181) 
2019-03-02 21:45:49,556 [I] Criterion ORBS:10:5:characters (1): response_idx:2, vector_idx:23	(at model.py:135) 
2019-03-02 21:45:49,556 [I] inferred factor:
[1 1 1 1 1 1 1 1 1 1 1 1 1 1 1 1 1 1 1 1 1]	(at model.py:145) 
2019-03-02 21:45:49,707 [I] succ: False	(at model.py:150) 
2019-03-02 21:45:49,707 [I] response:
[1 1 0 1 1 0 0 0 0 0 0 0 0 0 0 0 0 0 0]	(at model.py:151) 
2019-03-02 21:45:49,707 [I] Criterion ORBS:11:5:inword (2): response_idx:3, vector_idx:24	(at model.py:135) 
2019-03-02 21:45:49,708 [I] inferred factor:
[1 1 1 1 1 1 1 1 1 1 1 1 1 1 1 1 1 1 1 1 1]	(at model.py:145) 
2019-03-02 21:45:49,871 [I] succ: True	(at model.py:150) 
2019-03-02 21:45:49,872 [I] response:
[1 1 0 1 1 0 0 0 0 0 0 0 0 0 0 0 0 0 0]	(at model.py:151) 
2019-03-02 21:45:49,872 [I] Criterion ORBS:12:5:words (3): response_idx:4, vector_idx:25	(at model.py:135) 
2019-03-02 21:45:49,872 [I] inferred factor:
[1 1 1 1 1 1 1 1 1 1 1 1 1 1 1 1 1 1 1 1 1]	(at model.py:145) 
2019-03-02 21:45:50,024 [I] succ: True	(at model.py:150) 
2019-03-02 21:45:50,025 [I] response:
[1 1 0 1 1 0 0 0 0 0 0 0 0 0 0 0 0 0 0]	(at model.py:151) 
2019-03-02 21:45:50,025 [I] Criterion ORBS:13:25:c (4): response_idx:5, vector_idx:26	(at model.py:135) 
2019-03-02 21:45:50,025 [I] inferred factor:
[1 1 1 0 0 1 1 1 1 1 1 1 1 1 1 1 1 1 1 1 1]	(at model.py:145) 
2019-03-02 21:45:50,179 [I] succ: True	(at model.py:150) 
2019-03-02 21:45:50,180 [I] response:
[1 1 1 0 0 1 0 0 1 0 0 1 0 0 0 0 0 0 0]	(at model.py:151) 
2019-03-02 21:45:50,180 [I] Criterion ORBS:15:22:characters (5): response_idx:6, vector_idx:27	(at model.py:135) 
2019-03-02 21:45:50,180 [I] inferred factor:
[1 1 1 0 0 0 1 1 1 1 1 1 1 1 1 1 1 1 1 1 1]	(at model.py:145) 
2019-03-02 21:45:50,352 [I] succ: True	(at model.py:150) 
2019-03-02 21:45:50,353 [I] response:
[1 1 1 0 0 1 1 1 1 0 0 1 0 0 0 0 0 0 0]	(at model.py:151) 
2019-03-02 21:45:50,353 [I] Criterion ORBS:15:9:characters (6): response_idx:7, vector_idx:28	(at model.py:135) 
2019-03-02 21:45:50,353 [I] inferred factor:
[1 1 1 0 0 0 1 1 1 1 1 1 1 1 1 1 1 1 1 1 1]	(at model.py:145) 
2019-03-02 21:45:50,513 [I] succ: True	(at model.py:150) 
2019-03-02 21:45:50,514 [I] response:
[1 1 1 0 0 1 1 1 1 0 0 1 0 0 0 0 0 0 0]	(at model.py:151) 
2019-03-02 21:45:50,514 [I] Criterion ORBS:16:13:c (7): response_idx:8, vector_idx:29	(at model.py:135) 
2019-03-02 21:45:50,514 [I] inferred factor:
[1 1 1 0 0 1 1 1 1 1 1 1 1 1 1 1 1 1 1 1 1]	(at model.py:145) 
2019-03-02 21:45:50,691 [I] succ: True	(at model.py:150) 
2019-03-02 21:45:50,692 [I] response:
[1 1 1 0 0 1 0 0 1 0 0 1 0 0 0 0 0 0 0]	(at model.py:151) 
2019-03-02 21:45:50,692 [I] Criterion ORBS:18:21:lines (8): response_idx:9, vector_idx:30	(at model.py:135) 
2019-03-02 21:45:50,692 [I] inferred factor:
[1 1 1 0 0 0 0 0 0 1 1 1 1 1 1 1 1 1 1 1 1]	(at model.py:145) 
2019-03-02 21:45:50,867 [I] succ: True	(at model.py:150) 
2019-03-02 21:45:50,868 [I] response:
[1 1 0 0 0 1 0 0 1 1 1 1 0 0 0 0 0 0 0]	(at model.py:151) 
2019-03-02 21:45:50,868 [I] Criterion ORBS:18:13:lines (9): response_idx:10, vector_idx:31	(at model.py:135) 
2019-03-02 21:45:50,869 [I] inferred factor:
[1 1 1 0 0 0 0 0 0 1 1 1 1 1 1 1 1 1 1 1 1]	(at model.py:145) 
2019-03-02 21:45:51,047 [I] succ: True	(at model.py:150) 
2019-03-02 21:45:51,047 [I] response:
[1 1 0 0 0 1 0 0 1 1 1 1 0 0 0 0 0 0 0]	(at model.py:151) 
2019-03-02 21:45:51,047 [I] Criterion ORBS:20:22:c (10): response_idx:11, vector_idx:32	(at model.py:135) 
2019-03-02 21:45:51,048 [I] inferred factor:
[1 1 1 0 0 1 1 1 1 1 1 1 1 1 1 1 1 1 1 1 1]	(at model.py:145) 
2019-03-02 21:45:51,223 [I] succ: True	(at model.py:150) 
2019-03-02 21:45:51,223 [I] response:
[1 1 1 0 0 1 0 0 1 0 0 1 0 0 0 0 0 0 0]	(at model.py:151) 
2019-03-02 21:45:51,224 [I] Criterion ORBS:22:17:inword (11): response_idx:12, vector_idx:33	(at model.py:135) 
2019-03-02 21:45:51,224 [I] inferred factor:
[1 1 1 0 0 1 1 1 1 0 0 0 0 1 0 0 0 1 0 1 0]	(at model.py:145) 
2019-03-02 21:45:51,396 [I] succ: True	(at model.py:150) 
2019-03-02 21:45:51,396 [I] response:
[1 1 0 1 0 1 0 0 1 0 0 1 1 0 0 1 1 1 1]	(at model.py:151) 
2019-03-02 21:45:51,396 [I] Criterion ORBS:24:25:words (12): response_idx:13, vector_idx:34	(at model.py:135) 
2019-03-02 21:45:51,396 [I] inferred factor:
[1 1 0 0 0 1 1 1 1 0 0 0 0 0 0 0 0 1 0 1 0]	(at model.py:145) 
2019-03-02 21:45:51,556 [I] succ: True	(at model.py:150) 
2019-03-02 21:45:51,556 [I] response:
[1 1 0 1 1 1 0 0 1 0 0 1 1 1 1 1 1 1 1]	(at model.py:151) 
2019-03-02 21:45:51,556 [I] Criterion ORBS:24:17:words (13): response_idx:14, vector_idx:35	(at model.py:135) 
2019-03-02 21:45:51,556 [I] inferred factor:
[1 1 0 0 0 1 1 1 1 0 0 0 0 0 0 0 0 1 0 1 0]	(at model.py:145) 
2019-03-02 21:45:51,710 [I] succ: True	(at model.py:150) 
2019-03-02 21:45:51,711 [I] response:
[1 1 0 1 1 1 0 0 1 0 0 1 1 1 1 1 1 1 1]	(at model.py:151) 
2019-03-02 21:45:51,711 [I] Criterion ORBS:25:17:inword (14): response_idx:15, vector_idx:36	(at model.py:135) 
2019-03-02 21:45:51,711 [I] inferred factor:
[1 1 1 0 0 1 1 1 1 0 0 0 0 1 0 0 0 1 0 1 0]	(at model.py:145) 
2019-03-02 21:45:51,874 [I] succ: True	(at model.py:150) 
2019-03-02 21:45:51,874 [I] response:
[1 1 0 1 0 1 0 0 1 0 0 1 1 0 0 1 1 1 1]	(at model.py:151) 
2019-03-02 21:45:51,874 [I] Criterion ORBS:30:13:inword (15): response_idx:16, vector_idx:37	(at model.py:135) 
2019-03-02 21:45:51,875 [I] inferred factor:
[1 1 1 0 0 1 1 1 1 0 1 1 1 1 1 0 1 1 0 1 0]	(at model.py:145) 
2019-03-02 21:45:52,036 [I] succ: False	(at model.py:150) 
2019-03-02 21:45:52,036 [I] response:
[1 1 1 0 0 1 0 0 1 0 0 1 0 0 0 0 0 1 1]	(at model.py:151) 
2019-03-02 21:45:52,036 [I] Criterion ORBS:36:19:c (16): response_idx:17, vector_idx:38	(at model.py:135) 
2019-03-02 21:45:52,037 [I] inferred factor:
[1 1 1 0 0 1 1 1 1 0 1 1 1 1 1 1 1 1 1 1 1]	(at model.py:145) 
2019-03-02 21:45:52,198 [I] succ: True	(at model.py:150) 
2019-03-02 21:45:52,198 [I] response:
[1 1 1 0 0 1 0 0 1 0 0 1 0 0 0 0 0 1 1]	(at model.py:151) 
2019-03-02 21:45:52,198 [I] Criterion ORBS:37:11:c (17): response_idx:18, vector_idx:39	(at model.py:135) 
2019-03-02 21:45:52,198 [I] inferred factor:
[1 1 1 0 0 1 1 1 1 0 1 1 1 1 1 1 1 1 1 1 1]	(at model.py:145) 
2019-03-02 21:45:52,370 [I] succ: True	(at model.py:150) 
2019-03-02 21:45:52,371 [I] response:
[1 1 1 0 0 1 0 0 1 0 0 1 0 0 0 0 0 1 1]	(at model.py:151) 
2019-03-02 21:45:52,371 [I] success rate: 0.8823529411764706	(at model.py:190) 
