2019-01-23 05:34:02,519 [I] Initial factor queue size: 22	(at doe_manager.py:29) 
2019-01-23 05:34:02,519 [I] Start iteration.	(at main.py:48) 
2019-01-23 05:34:02,519 [I] Iter idx: 0, Qsize: 21	(at main.py:51) 
2019-01-23 05:34:02,520 [I] Curr factor: [0, 0, 0, 0, 0, 0, 0, 0, 0, 0, 0, 0, 0, 0, 0, 0, 0, 0, 0, 0, 0]	(at main.py:53) 
2019-01-23 05:34:02,622 [I] Response: [True, True, True, True, True, True, True, True, True, True, True, True, True, True, True, True]	(at main.py:56) 
2019-01-23 05:34:02,622 [I] Iter idx: 1, Qsize: 20	(at main.py:51) 
2019-01-23 05:34:02,622 [I] Curr factor: [0, 0, 0, 0, 0, 0, 0, 0, 0, 0, 0, 0, 0, 0, 1, 1, 0, 0, 0, 0, 0]	(at main.py:53) 
2019-01-23 05:34:02,722 [I] Response: [True, True, False, False, False, False, False, False, True, True, True, False, False, False, False, True]	(at main.py:56) 
2019-01-23 05:34:02,722 [I] Iter idx: 2, Qsize: 19	(at main.py:51) 
2019-01-23 05:34:02,722 [I] Curr factor: [0, 0, 0, 0, 0, 0, 0, 0, 0, 0, 0, 0, 0, 0, 0, 0, 0, 0, 1, 0, 0]	(at main.py:53) 
2019-01-23 05:34:02,824 [I] Response: [True, True, False, False, False, False, False, False, True, True, True, False, False, False, False, True]	(at main.py:56) 
2019-01-23 05:34:02,824 [I] Iter idx: 3, Qsize: 18	(at main.py:51) 
2019-01-23 05:34:02,824 [I] Curr factor: [0, 0, 0, 0, 0, 0, 0, 0, 0, 0, 0, 0, 0, 0, 0, 0, 0, 0, 0, 1, 0]	(at main.py:53) 
2019-01-23 05:34:03,194 [I] Response: [True, False, False, False, False, False, False, False, False, False, False, False, False, False, False, False]	(at main.py:56) 
2019-01-23 05:34:03,194 [I] Iter idx: 4, Qsize: 17	(at main.py:51) 
2019-01-23 05:34:03,194 [I] Curr factor: [0, 0, 0, 0, 1, 1, 1, 1, 1, 1, 0, 0, 0, 0, 0, 0, 0, 0, 0, 0, 0]	(at main.py:53) 
2019-01-23 05:34:03,586 [I] Response: [True, False, False, False, False, False, False, False, False, False, False, False, False, False, False, False]	(at main.py:56) 
2019-01-23 05:34:03,586 [I] Iter idx: 5, Qsize: 16	(at main.py:51) 
2019-01-23 05:34:03,586 [I] Curr factor: [0, 0, 0, 0, 0, 0, 0, 0, 0, 0, 1, 0, 0, 0, 0, 0, 0, 0, 0, 0, 0]	(at main.py:53) 
2019-01-23 05:34:03,741 [I] Response: [True, True, True, True, True, True, True, True, True, True, True, True, True, True, True, True]	(at main.py:56) 
2019-01-23 05:34:03,742 [I] Iter idx: 6, Qsize: 15	(at main.py:51) 
2019-01-23 05:34:03,742 [I] Curr factor: [0, 0, 0, 0, 0, 0, 0, 0, 0, 0, 0, 0, 0, 0, 0, 1, 0, 0, 0, 0, 0]	(at main.py:53) 
2019-01-23 05:34:03,871 [I] Response: [True, True, False, False, False, False, False, False, True, True, True, False, False, False, False, True]	(at main.py:56) 
2019-01-23 05:34:03,871 [I] Iter idx: 7, Qsize: 14	(at main.py:51) 
2019-01-23 05:34:03,872 [I] Curr factor: [0, 0, 0, 0, 0, 0, 1, 0, 0, 0, 0, 0, 0, 0, 0, 0, 0, 0, 0, 0, 0]	(at main.py:53) 
2019-01-23 05:34:04,206 [I] Response: [True, False, False, False, False, False, False, False, False, False, False, False, False, False, False, False]	(at main.py:56) 
2019-01-23 05:34:04,206 [I] Iter idx: 8, Qsize: 13	(at main.py:51) 
2019-01-23 05:34:04,206 [I] Curr factor: [0, 0, 1, 1, 1, 1, 1, 1, 1, 1, 0, 0, 0, 0, 0, 0, 0, 0, 0, 0, 0]	(at main.py:53) 
2019-01-23 05:34:04,312 [I] Response: [True, True, False, False, False, False, False, False, False, False, False, False, False, False, False, False]	(at main.py:56) 
2019-01-23 05:34:04,312 [I] Iter idx: 9, Qsize: 12	(at main.py:51) 
2019-01-23 05:34:04,312 [I] Curr factor: [0, 0, 0, 0, 0, 0, 0, 0, 0, 0, 0, 0, 0, 1, 0, 0, 0, 0, 0, 0, 0]	(at main.py:53) 
2019-01-23 05:34:04,652 [I] Response: [True, False, False, False, False, False, False, False, False, False, False, False, False, False, False, False]	(at main.py:56) 
2019-01-23 05:34:04,653 [I] Iter idx: 10, Qsize: 11	(at main.py:51) 
2019-01-23 05:34:04,653 [I] Curr factor: [0, 0, 0, 0, 0, 0, 0, 0, 0, 0, 0, 0, 1, 0, 0, 0, 0, 0, 0, 0, 0]	(at main.py:53) 
2019-01-23 05:34:04,778 [I] Response: [True, True, True, True, True, True, True, True, True, True, True, True, True, True, True, True]	(at main.py:56) 
2019-01-23 05:34:04,778 [I] Iter idx: 11, Qsize: 10	(at main.py:51) 
2019-01-23 05:34:04,778 [I] Curr factor: [0, 0, 0, 1, 1, 1, 1, 1, 1, 1, 0, 0, 0, 0, 0, 0, 0, 0, 0, 0, 0]	(at main.py:53) 
2019-01-23 05:34:05,081 [I] Response: [True, False, False, False, False, False, False, False, False, False, False, False, False, False, False, False]	(at main.py:56) 
2019-01-23 05:34:05,081 [I] Iter idx: 12, Qsize: 9	(at main.py:51) 
2019-01-23 05:34:05,081 [I] Curr factor: [0, 0, 0, 0, 0, 0, 0, 0, 0, 0, 0, 0, 0, 0, 0, 0, 0, 1, 0, 0, 0]	(at main.py:53) 
2019-01-23 05:34:05,195 [I] Response: [True, True, False, False, False, False, False, False, True, True, True, False, False, False, False, True]	(at main.py:56) 
2019-01-23 05:34:05,196 [I] Iter idx: 13, Qsize: 8	(at main.py:51) 
2019-01-23 05:34:05,196 [I] Curr factor: [0, 1, 0, 0, 0, 0, 0, 0, 0, 0, 0, 0, 0, 0, 0, 0, 0, 0, 0, 0, 0]	(at main.py:53) 
2019-01-23 05:34:05,310 [I] Response: [True, True, False, False, False, False, False, False, True, True, True, False, False, False, False, True]	(at main.py:56) 
2019-01-23 05:34:05,310 [I] Iter idx: 14, Qsize: 7	(at main.py:51) 
2019-01-23 05:34:05,310 [I] Curr factor: [0, 0, 0, 0, 0, 0, 0, 0, 0, 0, 0, 0, 0, 0, 0, 0, 1, 0, 0, 0, 0]	(at main.py:53) 
2019-01-23 05:34:05,651 [I] Response: [True, False, False, False, False, False, False, False, False, False, False, False, False, False, False, False]	(at main.py:56) 
2019-01-23 05:34:05,651 [I] Iter idx: 15, Qsize: 6	(at main.py:51) 
2019-01-23 05:34:05,651 [I] Curr factor: [0, 0, 0, 0, 0, 0, 0, 0, 1, 0, 0, 0, 0, 0, 0, 0, 0, 0, 0, 0, 0]	(at main.py:53) 
2019-01-23 05:34:05,755 [I] Response: [True, True, False, False, False, False, False, False, True, True, True, False, False, False, False, True]	(at main.py:56) 
2019-01-23 05:34:05,755 [I] Iter idx: 16, Qsize: 5	(at main.py:51) 
2019-01-23 05:34:05,755 [I] Curr factor: [0, 0, 0, 0, 0, 0, 0, 1, 1, 1, 0, 0, 0, 0, 0, 0, 0, 0, 0, 0, 0]	(at main.py:53) 
2019-01-23 05:34:06,089 [I] Response: [True, False, False, False, False, False, False, False, False, False, False, False, False, False, False, False]	(at main.py:56) 
2019-01-23 05:34:06,089 [I] Iter idx: 17, Qsize: 4	(at main.py:51) 
2019-01-23 05:34:06,089 [I] Curr factor: [0, 0, 0, 0, 0, 0, 0, 0, 0, 0, 0, 1, 1, 1, 0, 0, 0, 0, 0, 0, 0]	(at main.py:53) 
2019-01-23 05:34:06,424 [I] Response: [True, False, False, False, False, False, False, False, False, False, False, False, False, False, False, False]	(at main.py:56) 
2019-01-23 05:34:06,424 [I] Iter idx: 18, Qsize: 3	(at main.py:51) 
2019-01-23 05:34:06,424 [I] Curr factor: [0, 0, 0, 0, 0, 0, 0, 0, 0, 1, 0, 0, 0, 0, 0, 0, 0, 0, 0, 0, 0]	(at main.py:53) 
2019-01-23 05:34:06,762 [I] Response: [True, False, False, False, False, False, False, False, False, False, False, False, False, False, False, False]	(at main.py:56) 
2019-01-23 05:34:06,762 [I] Iter idx: 19, Qsize: 2	(at main.py:51) 
2019-01-23 05:34:06,762 [I] Curr factor: [0, 0, 0, 0, 0, 1, 1, 0, 0, 0, 0, 0, 0, 0, 0, 0, 0, 0, 0, 0, 0]	(at main.py:53) 
2019-01-23 05:34:07,099 [I] Response: [True, False, False, False, False, False, False, False, False, False, False, False, False, False, False, False]	(at main.py:56) 
2019-01-23 05:34:07,099 [I] Iter idx: 20, Qsize: 1	(at main.py:51) 
2019-01-23 05:34:07,100 [I] Curr factor: [1, 0, 0, 0, 0, 0, 0, 0, 0, 0, 0, 0, 0, 0, 0, 0, 0, 0, 0, 0, 0]	(at main.py:53) 
2019-01-23 05:34:07,202 [I] Response: [True, True, False, False, False, False, False, False, False, False, False, False, False, False, False, False]	(at main.py:56) 
2019-01-23 05:34:07,202 [I] Iter idx: 21, Qsize: 0	(at main.py:51) 
2019-01-23 05:34:07,202 [I] Curr factor: [0, 0, 0, 0, 0, 0, 0, 0, 0, 0, 0, 0, 0, 0, 0, 0, 0, 0, 0, 0, 1]	(at main.py:53) 
2019-01-23 05:34:07,302 [I] Response: [True, True, True, True, True, True, True, True, True, True, True, True, True, True, True, True]	(at main.py:56) 
2019-01-23 05:34:07,302 [I] End iteration. Save model.	(at main.py:62) 
2019-01-23 05:34:07,324 [I] Model saved. End program.	(at main.py:64) 
