2019-03-02 02:02:38,124 [I] 	(at main.py:29) 
2019-03-02 02:02:38,124 [I] ===== START - RUN ==============================================	(at main.py:32) 
2019-03-02 02:02:38,124 [D] Title: RUN, Job key: RUN_2019-03-02_02:02:38	(at main.py:40) 
2019-03-02 02:02:38,124 [I] Load config file.	(at main.py:56) 
2019-03-02 02:02:38,124 [D] Loading config from ['/home/bohrok/Documents/DM/output/orbs/wc/12/config/config.ini']	(at config.py:16) 
2019-03-02 02:02:38,125 [D] Load config successfully!	(at config.py:19) 
2019-03-02 02:02:38,125 [D] Initialize directory: .	(at workspace.py:10) 
2019-03-02 02:02:38,125 [I] Initialize workspace.	(at main.py:64) 
2019-03-02 02:02:38,125 [I] Working directory path: /home/bohrok/Documents/DM/output/orbs/wc/12/work	(at workspace.py:41) 
2019-03-02 02:02:38,127 [D] Record the config on workspace.	(at workspace.py:62) 
2019-03-02 02:02:38,127 [I] No PRE stage.	(at main.py:73) 
2019-03-02 02:02:38,127 [I] Construct SliceSpace.	(at main.py:76) 
2019-03-02 02:02:38,127 [I] Compile the system.	(at slicespace.py:148) 
2019-03-02 02:02:38,160 [I] Execute the system.	(at slicespace.py:160) 
2019-03-02 02:02:38,172 [I] Compile the system again (sanity check).	(at slicespace.py:174) 
2019-03-02 02:02:38,206 [I] Execute the system again (sanity check).	(at slicespace.py:188) 
2019-03-02 02:02:38,221 [I] Construct deletion operators.	(at main.py:80) 
2019-03-02 02:02:38,221 [I] Run ORBS stage.	(at main.py:85) 
2019-03-02 02:02:38,221 [I] ORBS starts...	(at orbs.py:53) 
2019-03-02 02:02:38,236 [D] subprocess cmd: ['source compile.sh /home/bohrok/Documents/DM/output/orbs/wc/12/work'], stdout: b''	(at ex_script.py:45) 
2019-03-02 02:02:38,236 [D] -:F:n:WD_1:wc.c:48	(at logger.py:129) 
2019-03-02 02:02:38,248 [D] subprocess cmd: ['source compile.sh /home/bohrok/Documents/DM/output/orbs/wc/12/work'], stdout: b''	(at ex_script.py:45) 
2019-03-02 02:02:38,249 [D] ┌:F:n:WD_2:wc.c:48	(at logger.py:129) 
2019-03-02 02:02:38,249 [D] └:F:n:WD_2:wc.c:47	(at logger.py:129) 
2019-03-02 02:02:38,262 [D] subprocess cmd: ['source compile.sh /home/bohrok/Documents/DM/output/orbs/wc/12/work'], stdout: b''	(at ex_script.py:45) 
2019-03-02 02:02:38,262 [D] ┌:F:n:WD_3:wc.c:48	(at logger.py:129) 
2019-03-02 02:02:38,262 [D] |:F:n:WD_3:wc.c:47	(at logger.py:129) 
2019-03-02 02:02:38,262 [D] └:F:n:WD_3:wc.c:46	(at logger.py:129) 
2019-03-02 02:02:38,278 [D] subprocess cmd: ['source compile.sh /home/bohrok/Documents/DM/output/orbs/wc/12/work'], stdout: b''	(at ex_script.py:45) 
2019-03-02 02:02:38,278 [D] -:F:n:WD_1:wc.c:47	(at logger.py:129) 
2019-03-02 02:02:38,290 [D] subprocess cmd: ['source compile.sh /home/bohrok/Documents/DM/output/orbs/wc/12/work'], stdout: b''	(at ex_script.py:45) 
2019-03-02 02:02:38,291 [D] ┌:F:n:WD_2:wc.c:47	(at logger.py:129) 
2019-03-02 02:02:38,291 [D] └:F:n:WD_2:wc.c:46	(at logger.py:129) 
2019-03-02 02:02:38,305 [D] subprocess cmd: ['source compile.sh /home/bohrok/Documents/DM/output/orbs/wc/12/work'], stdout: b''	(at ex_script.py:45) 
2019-03-02 02:02:38,305 [D] ┌:F:n:WD_3:wc.c:47	(at logger.py:129) 
2019-03-02 02:02:38,305 [D] |:F:n:WD_3:wc.c:46	(at logger.py:129) 
2019-03-02 02:02:38,305 [D] └:F:n:WD_3:wc.c:45	(at logger.py:129) 
2019-03-02 02:02:38,352 [D] -:C:n:WD_1:wc.c:46	(at logger.py:129) 
2019-03-02 02:02:38,365 [D] subprocess cmd: ['source compile.sh /home/bohrok/Documents/DM/output/orbs/wc/12/work'], stdout: b''	(at ex_script.py:45) 
2019-03-02 02:02:38,365 [D] ┌:F:n:WD_2:wc.c:46	(at logger.py:129) 
2019-03-02 02:02:38,365 [D] └:F:n:WD_2:wc.c:45	(at logger.py:129) 
2019-03-02 02:02:38,378 [D] subprocess cmd: ['source compile.sh /home/bohrok/Documents/DM/output/orbs/wc/12/work'], stdout: b''	(at ex_script.py:45) 
2019-03-02 02:02:38,378 [D] ┌:F:n:WD_3:wc.c:46	(at logger.py:129) 
2019-03-02 02:02:38,378 [D] |:F:n:WD_3:wc.c:45	(at logger.py:129) 
2019-03-02 02:02:38,378 [D] └:F:n:WD_3:wc.c:44	(at logger.py:129) 
2019-03-02 02:02:38,392 [D] subprocess cmd: ['source compile.sh /home/bohrok/Documents/DM/output/orbs/wc/12/work'], stdout: b''	(at ex_script.py:45) 
2019-03-02 02:02:38,392 [D] -:F:n:WD_1:wc.c:45	(at logger.py:129) 
2019-03-02 02:02:38,406 [D] subprocess cmd: ['source compile.sh /home/bohrok/Documents/DM/output/orbs/wc/12/work'], stdout: b''	(at ex_script.py:45) 
2019-03-02 02:02:38,406 [D] ┌:F:n:WD_2:wc.c:45	(at logger.py:129) 
2019-03-02 02:02:38,406 [D] └:F:n:WD_2:wc.c:44	(at logger.py:129) 
2019-03-02 02:02:38,445 [D] ┌:C:c:WD_3:wc.c:45	(at logger.py:129) 
2019-03-02 02:02:38,445 [D] |:C:c:WD_3:wc.c:44	(at logger.py:129) 
2019-03-02 02:02:38,445 [D] └:C:c:WD_3:wc.c:43	(at logger.py:129) 
2019-03-02 02:02:38,479 [D] -:P:c:WD_1:wc.c:44	(at logger.py:129) 
2019-03-02 02:02:38,492 [D] subprocess cmd: ['source compile.sh /home/bohrok/Documents/DM/output/orbs/wc/12/work'], stdout: b''	(at ex_script.py:45) 
2019-03-02 02:02:38,493 [D] -:F:n:WD_1:wc.c:43	(at logger.py:129) 
2019-03-02 02:02:38,506 [D] subprocess cmd: ['source compile.sh /home/bohrok/Documents/DM/output/orbs/wc/12/work'], stdout: b''	(at ex_script.py:45) 
2019-03-02 02:02:38,506 [D] ┌:F:n:WD_2:wc.c:43	(at logger.py:129) 
2019-03-02 02:02:38,506 [D] └:F:n:WD_2:wc.c:42	(at logger.py:129) 
2019-03-02 02:02:38,556 [D] ┌:C:n:WD_3:wc.c:43	(at logger.py:129) 
2019-03-02 02:02:38,556 [D] |:C:n:WD_3:wc.c:42	(at logger.py:129) 
2019-03-02 02:02:38,556 [D] └:C:n:WD_3:wc.c:41	(at logger.py:129) 
2019-03-02 02:02:38,606 [D] subprocess cmd: ['source execute.sh /home/bohrok/Documents/DM/output/orbs/wc/12/work'], stdout: b''	(at ex_script.py:45) 
2019-03-02 02:02:38,606 [D] -:C:n:WD_1:wc.c:42	(at logger.py:129) 
2019-03-02 02:02:38,621 [D] subprocess cmd: ['source compile.sh /home/bohrok/Documents/DM/output/orbs/wc/12/work'], stdout: b''	(at ex_script.py:45) 
2019-03-02 02:02:38,621 [D] ┌:F:n:WD_2:wc.c:42	(at logger.py:129) 
2019-03-02 02:02:38,621 [D] └:F:n:WD_2:wc.c:41	(at logger.py:129) 
2019-03-02 02:02:38,635 [D] subprocess cmd: ['source compile.sh /home/bohrok/Documents/DM/output/orbs/wc/12/work'], stdout: b''	(at ex_script.py:45) 
2019-03-02 02:02:38,635 [D] ┌:F:n:WD_3:wc.c:42	(at logger.py:129) 
2019-03-02 02:02:38,635 [D] |:F:n:WD_3:wc.c:41	(at logger.py:129) 
2019-03-02 02:02:38,635 [D] └:F:n:WD_3:wc.c:40	(at logger.py:129) 
2019-03-02 02:02:38,649 [D] subprocess cmd: ['source compile.sh /home/bohrok/Documents/DM/output/orbs/wc/12/work'], stdout: b''	(at ex_script.py:45) 
2019-03-02 02:02:38,650 [D] -:F:n:WD_1:wc.c:41	(at logger.py:129) 
2019-03-02 02:02:38,663 [D] subprocess cmd: ['source compile.sh /home/bohrok/Documents/DM/output/orbs/wc/12/work'], stdout: b''	(at ex_script.py:45) 
2019-03-02 02:02:38,663 [D] ┌:F:n:WD_2:wc.c:41	(at logger.py:129) 
2019-03-02 02:02:38,663 [D] └:F:n:WD_2:wc.c:40	(at logger.py:129) 
2019-03-02 02:02:38,676 [D] subprocess cmd: ['source compile.sh /home/bohrok/Documents/DM/output/orbs/wc/12/work'], stdout: b''	(at ex_script.py:45) 
2019-03-02 02:02:38,676 [D] ┌:F:n:WD_3:wc.c:41	(at logger.py:129) 
2019-03-02 02:02:38,676 [D] |:F:n:WD_3:wc.c:40	(at logger.py:129) 
2019-03-02 02:02:38,676 [D] └:F:n:WD_3:wc.c:39	(at logger.py:129) 
2019-03-02 02:02:38,690 [D] subprocess cmd: ['source compile.sh /home/bohrok/Documents/DM/output/orbs/wc/12/work'], stdout: b''	(at ex_script.py:45) 
2019-03-02 02:02:38,691 [D] -:F:n:WD_1:wc.c:40	(at logger.py:129) 
2019-03-02 02:02:38,739 [D] ┌:C:n:WD_2:wc.c:40	(at logger.py:129) 
2019-03-02 02:02:38,739 [D] └:C:n:WD_2:wc.c:39	(at logger.py:129) 
2019-03-02 02:02:38,787 [D] ┌:C:n:WD_3:wc.c:40	(at logger.py:129) 
2019-03-02 02:02:38,787 [D] |:C:n:WD_3:wc.c:39	(at logger.py:129) 
2019-03-02 02:02:38,787 [D] └:C:n:WD_3:wc.c:38	(at logger.py:129) 
2019-03-02 02:02:38,800 [D] subprocess cmd: ['source compile.sh /home/bohrok/Documents/DM/output/orbs/wc/12/work'], stdout: b''	(at ex_script.py:45) 
2019-03-02 02:02:38,800 [D] -:F:n:WD_1:wc.c:39	(at logger.py:129) 
2019-03-02 02:02:38,812 [D] subprocess cmd: ['source compile.sh /home/bohrok/Documents/DM/output/orbs/wc/12/work'], stdout: b''	(at ex_script.py:45) 
2019-03-02 02:02:38,812 [D] ┌:F:n:WD_2:wc.c:39	(at logger.py:129) 
2019-03-02 02:02:38,812 [D] └:F:n:WD_2:wc.c:38	(at logger.py:129) 
2019-03-02 02:02:38,825 [D] subprocess cmd: ['source compile.sh /home/bohrok/Documents/DM/output/orbs/wc/12/work'], stdout: b''	(at ex_script.py:45) 
2019-03-02 02:02:38,825 [D] ┌:F:n:WD_3:wc.c:39	(at logger.py:129) 
2019-03-02 02:02:38,826 [D] |:F:n:WD_3:wc.c:38	(at logger.py:129) 
2019-03-02 02:02:38,826 [D] └:F:n:WD_3:wc.c:37	(at logger.py:129) 
2019-03-02 02:02:38,871 [D] -:P:n:WD_1:wc.c:38	(at logger.py:129) 
2019-03-02 02:02:38,884 [D] subprocess cmd: ['source compile.sh /home/bohrok/Documents/DM/output/orbs/wc/12/work'], stdout: b''	(at ex_script.py:45) 
2019-03-02 02:02:38,884 [D] -:F:n:WD_1:wc.c:37	(at logger.py:129) 
2019-03-02 02:02:38,897 [D] subprocess cmd: ['source compile.sh /home/bohrok/Documents/DM/output/orbs/wc/12/work'], stdout: b''	(at ex_script.py:45) 
2019-03-02 02:02:38,897 [D] ┌:F:n:WD_2:wc.c:37	(at logger.py:129) 
2019-03-02 02:02:38,897 [D] └:F:n:WD_2:wc.c:36	(at logger.py:129) 
2019-03-02 02:02:38,928 [D] subprocess cmd: ['source compile.sh /home/bohrok/Documents/DM/output/orbs/wc/12/work'], stdout: b''	(at ex_script.py:45) 
2019-03-02 02:02:38,928 [D] ┌:F:n:WD_3:wc.c:37	(at logger.py:129) 
2019-03-02 02:02:38,928 [D] |:F:n:WD_3:wc.c:36	(at logger.py:129) 
2019-03-02 02:02:38,928 [D] └:F:n:WD_3:wc.c:35	(at logger.py:129) 
2019-03-02 02:02:38,940 [D] subprocess cmd: ['source compile.sh /home/bohrok/Documents/DM/output/orbs/wc/12/work'], stdout: b''	(at ex_script.py:45) 
2019-03-02 02:02:38,940 [D] -:F:n:WD_1:wc.c:36	(at logger.py:129) 
2019-03-02 02:02:38,955 [D] subprocess cmd: ['source compile.sh /home/bohrok/Documents/DM/output/orbs/wc/12/work'], stdout: b''	(at ex_script.py:45) 
2019-03-02 02:02:38,955 [D] ┌:F:n:WD_2:wc.c:36	(at logger.py:129) 
2019-03-02 02:02:38,955 [D] └:F:n:WD_2:wc.c:35	(at logger.py:129) 
2019-03-02 02:02:38,969 [D] subprocess cmd: ['source compile.sh /home/bohrok/Documents/DM/output/orbs/wc/12/work'], stdout: b''	(at ex_script.py:45) 
2019-03-02 02:02:38,969 [D] ┌:F:n:WD_3:wc.c:36	(at logger.py:129) 
2019-03-02 02:02:38,969 [D] |:F:n:WD_3:wc.c:35	(at logger.py:129) 
2019-03-02 02:02:38,969 [D] └:F:n:WD_3:wc.c:34	(at logger.py:129) 
2019-03-02 02:02:38,982 [D] subprocess cmd: ['source compile.sh /home/bohrok/Documents/DM/output/orbs/wc/12/work'], stdout: b''	(at ex_script.py:45) 
2019-03-02 02:02:38,982 [D] -:F:n:WD_1:wc.c:35	(at logger.py:129) 
2019-03-02 02:02:38,995 [D] subprocess cmd: ['source compile.sh /home/bohrok/Documents/DM/output/orbs/wc/12/work'], stdout: b''	(at ex_script.py:45) 
2019-03-02 02:02:38,995 [D] ┌:F:n:WD_2:wc.c:35	(at logger.py:129) 
2019-03-02 02:02:38,995 [D] └:F:n:WD_2:wc.c:34	(at logger.py:129) 
2019-03-02 02:02:39,008 [D] subprocess cmd: ['source compile.sh /home/bohrok/Documents/DM/output/orbs/wc/12/work'], stdout: b''	(at ex_script.py:45) 
2019-03-02 02:02:39,009 [D] ┌:F:n:WD_3:wc.c:35	(at logger.py:129) 
2019-03-02 02:02:39,009 [D] |:F:n:WD_3:wc.c:34	(at logger.py:129) 
2019-03-02 02:02:39,009 [D] └:F:n:WD_3:wc.c:33	(at logger.py:129) 
2019-03-02 02:02:39,023 [D] subprocess cmd: ['source compile.sh /home/bohrok/Documents/DM/output/orbs/wc/12/work'], stdout: b''	(at ex_script.py:45) 
2019-03-02 02:02:39,024 [D] -:F:n:WD_1:wc.c:34	(at logger.py:129) 
2019-03-02 02:02:39,039 [D] subprocess cmd: ['source compile.sh /home/bohrok/Documents/DM/output/orbs/wc/12/work'], stdout: b''	(at ex_script.py:45) 
2019-03-02 02:02:39,039 [D] ┌:F:n:WD_2:wc.c:34	(at logger.py:129) 
2019-03-02 02:02:39,039 [D] └:F:n:WD_2:wc.c:33	(at logger.py:129) 
2019-03-02 02:02:39,056 [D] subprocess cmd: ['source compile.sh /home/bohrok/Documents/DM/output/orbs/wc/12/work'], stdout: b''	(at ex_script.py:45) 
2019-03-02 02:02:39,057 [D] ┌:F:n:WD_3:wc.c:34	(at logger.py:129) 
2019-03-02 02:02:39,057 [D] |:F:n:WD_3:wc.c:33	(at logger.py:129) 
2019-03-02 02:02:39,057 [D] └:F:n:WD_3:wc.c:32	(at logger.py:129) 
2019-03-02 02:02:39,074 [D] subprocess cmd: ['source compile.sh /home/bohrok/Documents/DM/output/orbs/wc/12/work'], stdout: b''	(at ex_script.py:45) 
2019-03-02 02:02:39,074 [D] -:F:n:WD_1:wc.c:33	(at logger.py:129) 
2019-03-02 02:02:39,089 [D] subprocess cmd: ['source compile.sh /home/bohrok/Documents/DM/output/orbs/wc/12/work'], stdout: b''	(at ex_script.py:45) 
2019-03-02 02:02:39,089 [D] ┌:F:n:WD_2:wc.c:33	(at logger.py:129) 
2019-03-02 02:02:39,089 [D] └:F:n:WD_2:wc.c:32	(at logger.py:129) 
2019-03-02 02:02:39,104 [D] subprocess cmd: ['source compile.sh /home/bohrok/Documents/DM/output/orbs/wc/12/work'], stdout: b''	(at ex_script.py:45) 
2019-03-02 02:02:39,104 [D] ┌:F:n:WD_3:wc.c:33	(at logger.py:129) 
2019-03-02 02:02:39,104 [D] |:F:n:WD_3:wc.c:32	(at logger.py:129) 
2019-03-02 02:02:39,104 [D] └:F:n:WD_3:wc.c:31	(at logger.py:129) 
2019-03-02 02:02:39,152 [D] -:C:n:WD_1:wc.c:32	(at logger.py:129) 
2019-03-02 02:02:39,165 [D] subprocess cmd: ['source compile.sh /home/bohrok/Documents/DM/output/orbs/wc/12/work'], stdout: b''	(at ex_script.py:45) 
2019-03-02 02:02:39,165 [D] ┌:F:n:WD_2:wc.c:32	(at logger.py:129) 
2019-03-02 02:02:39,165 [D] └:F:n:WD_2:wc.c:31	(at logger.py:129) 
2019-03-02 02:02:39,177 [D] subprocess cmd: ['source compile.sh /home/bohrok/Documents/DM/output/orbs/wc/12/work'], stdout: b''	(at ex_script.py:45) 
2019-03-02 02:02:39,178 [D] ┌:F:n:WD_3:wc.c:32	(at logger.py:129) 
2019-03-02 02:02:39,178 [D] |:F:n:WD_3:wc.c:31	(at logger.py:129) 
2019-03-02 02:02:39,178 [D] └:F:n:WD_3:wc.c:30	(at logger.py:129) 
2019-03-02 02:02:39,191 [D] subprocess cmd: ['source compile.sh /home/bohrok/Documents/DM/output/orbs/wc/12/work'], stdout: b''	(at ex_script.py:45) 
2019-03-02 02:02:39,191 [D] -:F:n:WD_1:wc.c:31	(at logger.py:129) 
2019-03-02 02:02:39,205 [D] subprocess cmd: ['source compile.sh /home/bohrok/Documents/DM/output/orbs/wc/12/work'], stdout: b''	(at ex_script.py:45) 
2019-03-02 02:02:39,205 [D] ┌:F:n:WD_2:wc.c:31	(at logger.py:129) 
2019-03-02 02:02:39,205 [D] └:F:n:WD_2:wc.c:30	(at logger.py:129) 
2019-03-02 02:02:39,254 [D] ┌:C:n:WD_3:wc.c:31	(at logger.py:129) 
2019-03-02 02:02:39,254 [D] |:C:n:WD_3:wc.c:30	(at logger.py:129) 
2019-03-02 02:02:39,254 [D] └:C:n:WD_3:wc.c:29	(at logger.py:129) 
2019-03-02 02:02:39,304 [D] -:C:n:WD_1:wc.c:30	(at logger.py:129) 
2019-03-02 02:02:39,317 [D] subprocess cmd: ['source compile.sh /home/bohrok/Documents/DM/output/orbs/wc/12/work'], stdout: b''	(at ex_script.py:45) 
2019-03-02 02:02:39,317 [D] ┌:F:n:WD_2:wc.c:30	(at logger.py:129) 
2019-03-02 02:02:39,317 [D] └:F:n:WD_2:wc.c:29	(at logger.py:129) 
2019-03-02 02:02:39,330 [D] subprocess cmd: ['source compile.sh /home/bohrok/Documents/DM/output/orbs/wc/12/work'], stdout: b''	(at ex_script.py:45) 
2019-03-02 02:02:39,330 [D] ┌:F:n:WD_3:wc.c:30	(at logger.py:129) 
2019-03-02 02:02:39,330 [D] |:F:n:WD_3:wc.c:29	(at logger.py:129) 
2019-03-02 02:02:39,330 [D] └:F:n:WD_3:wc.c:28	(at logger.py:129) 
2019-03-02 02:02:39,342 [D] subprocess cmd: ['source compile.sh /home/bohrok/Documents/DM/output/orbs/wc/12/work'], stdout: b''	(at ex_script.py:45) 
2019-03-02 02:02:39,342 [D] -:F:n:WD_1:wc.c:29	(at logger.py:129) 
2019-03-02 02:02:39,357 [D] subprocess cmd: ['source compile.sh /home/bohrok/Documents/DM/output/orbs/wc/12/work'], stdout: b''	(at ex_script.py:45) 
2019-03-02 02:02:39,357 [D] ┌:F:n:WD_2:wc.c:29	(at logger.py:129) 
2019-03-02 02:02:39,358 [D] └:F:n:WD_2:wc.c:28	(at logger.py:129) 
2019-03-02 02:02:39,373 [D] subprocess cmd: ['source compile.sh /home/bohrok/Documents/DM/output/orbs/wc/12/work'], stdout: b''	(at ex_script.py:45) 
2019-03-02 02:02:39,373 [D] ┌:F:n:WD_3:wc.c:29	(at logger.py:129) 
2019-03-02 02:02:39,374 [D] |:F:n:WD_3:wc.c:28	(at logger.py:129) 
2019-03-02 02:02:39,374 [D] └:F:n:WD_3:wc.c:27	(at logger.py:129) 
2019-03-02 02:02:39,387 [D] subprocess cmd: ['source compile.sh /home/bohrok/Documents/DM/output/orbs/wc/12/work'], stdout: b''	(at ex_script.py:45) 
2019-03-02 02:02:39,387 [D] -:F:n:WD_1:wc.c:28	(at logger.py:129) 
2019-03-02 02:02:39,399 [D] subprocess cmd: ['source compile.sh /home/bohrok/Documents/DM/output/orbs/wc/12/work'], stdout: b''	(at ex_script.py:45) 
2019-03-02 02:02:39,399 [D] ┌:F:n:WD_2:wc.c:28	(at logger.py:129) 
2019-03-02 02:02:39,399 [D] └:F:n:WD_2:wc.c:27	(at logger.py:129) 
2019-03-02 02:02:39,413 [D] subprocess cmd: ['source compile.sh /home/bohrok/Documents/DM/output/orbs/wc/12/work'], stdout: b''	(at ex_script.py:45) 
2019-03-02 02:02:39,413 [D] ┌:F:n:WD_3:wc.c:28	(at logger.py:129) 
2019-03-02 02:02:39,413 [D] |:F:n:WD_3:wc.c:27	(at logger.py:129) 
2019-03-02 02:02:39,413 [D] └:F:n:WD_3:wc.c:26	(at logger.py:129) 
2019-03-02 02:02:39,459 [D] -:C:n:WD_1:wc.c:27	(at logger.py:129) 
2019-03-02 02:02:39,515 [D] ┌:C:n:WD_2:wc.c:27	(at logger.py:129) 
2019-03-02 02:02:39,515 [D] └:C:n:WD_2:wc.c:26	(at logger.py:129) 
2019-03-02 02:02:39,558 [D] subprocess cmd: ['source execute.sh /home/bohrok/Documents/DM/output/orbs/wc/12/work'], stdout: b''	(at ex_script.py:45) 
2019-03-02 02:02:39,558 [D] ┌:C:n:WD_3:wc.c:27	(at logger.py:129) 
2019-03-02 02:02:39,558 [D] |:C:n:WD_3:wc.c:26	(at logger.py:129) 
2019-03-02 02:02:39,558 [D] └:C:n:WD_3:wc.c:25	(at logger.py:129) 
2019-03-02 02:02:39,604 [D] -:C:n:WD_1:wc.c:26	(at logger.py:129) 
2019-03-02 02:02:39,648 [D] subprocess cmd: ['source execute.sh /home/bohrok/Documents/DM/output/orbs/wc/12/work'], stdout: b''	(at ex_script.py:45) 
2019-03-02 02:02:39,649 [D] ┌:C:n:WD_2:wc.c:26	(at logger.py:129) 
2019-03-02 02:02:39,649 [D] └:C:n:WD_2:wc.c:25	(at logger.py:129) 
2019-03-02 02:02:39,683 [D] ┌:C:c:WD_3:wc.c:26	(at logger.py:129) 
2019-03-02 02:02:39,683 [D] |:C:c:WD_3:wc.c:25	(at logger.py:129) 
2019-03-02 02:02:39,683 [D] └:C:c:WD_3:wc.c:24	(at logger.py:129) 
2019-03-02 02:02:39,730 [D] subprocess cmd: ['source execute.sh /home/bohrok/Documents/DM/output/orbs/wc/12/work'], stdout: b''	(at ex_script.py:45) 
2019-03-02 02:02:39,730 [D] -:C:n:WD_1:wc.c:25	(at logger.py:129) 
2019-03-02 02:02:39,765 [D] ┌:C:c:WD_2:wc.c:25	(at logger.py:129) 
2019-03-02 02:02:39,766 [D] └:C:c:WD_2:wc.c:24	(at logger.py:129) 
2019-03-02 02:02:39,777 [D] subprocess cmd: ['source compile.sh /home/bohrok/Documents/DM/output/orbs/wc/12/work'], stdout: b''	(at ex_script.py:45) 
2019-03-02 02:02:39,778 [D] ┌:F:n:WD_3:wc.c:25	(at logger.py:129) 
2019-03-02 02:02:39,778 [D] |:F:n:WD_3:wc.c:24	(at logger.py:129) 
2019-03-02 02:02:39,778 [D] └:F:n:WD_3:wc.c:23	(at logger.py:129) 
2019-03-02 02:02:39,812 [D] -:P:c:WD_1:wc.c:24	(at logger.py:129) 
2019-03-02 02:02:39,825 [D] subprocess cmd: ['source compile.sh /home/bohrok/Documents/DM/output/orbs/wc/12/work'], stdout: b''	(at ex_script.py:45) 
2019-03-02 02:02:39,826 [D] -:F:n:WD_1:wc.c:23	(at logger.py:129) 
2019-03-02 02:02:39,841 [D] subprocess cmd: ['source compile.sh /home/bohrok/Documents/DM/output/orbs/wc/12/work'], stdout: b''	(at ex_script.py:45) 
2019-03-02 02:02:39,841 [D] ┌:F:n:WD_2:wc.c:23	(at logger.py:129) 
2019-03-02 02:02:39,841 [D] └:F:n:WD_2:wc.c:22	(at logger.py:129) 
2019-03-02 02:02:39,859 [D] subprocess cmd: ['source compile.sh /home/bohrok/Documents/DM/output/orbs/wc/12/work'], stdout: b''	(at ex_script.py:45) 
2019-03-02 02:02:39,859 [D] ┌:F:n:WD_3:wc.c:23	(at logger.py:129) 
2019-03-02 02:02:39,859 [D] |:F:n:WD_3:wc.c:22	(at logger.py:129) 
2019-03-02 02:02:39,859 [D] └:F:n:WD_3:wc.c:21	(at logger.py:129) 
2019-03-02 02:02:39,910 [D] -:C:n:WD_1:wc.c:22	(at logger.py:129) 
2019-03-02 02:02:39,924 [D] subprocess cmd: ['source compile.sh /home/bohrok/Documents/DM/output/orbs/wc/12/work'], stdout: b''	(at ex_script.py:45) 
2019-03-02 02:02:39,924 [D] ┌:F:n:WD_2:wc.c:22	(at logger.py:129) 
2019-03-02 02:02:39,924 [D] └:F:n:WD_2:wc.c:21	(at logger.py:129) 
2019-03-02 02:02:39,938 [D] subprocess cmd: ['source compile.sh /home/bohrok/Documents/DM/output/orbs/wc/12/work'], stdout: b''	(at ex_script.py:45) 
2019-03-02 02:02:39,938 [D] ┌:F:n:WD_3:wc.c:22	(at logger.py:129) 
2019-03-02 02:02:39,938 [D] |:F:n:WD_3:wc.c:21	(at logger.py:129) 
2019-03-02 02:02:39,938 [D] └:F:n:WD_3:wc.c:20	(at logger.py:129) 
2019-03-02 02:02:39,952 [D] subprocess cmd: ['source compile.sh /home/bohrok/Documents/DM/output/orbs/wc/12/work'], stdout: b''	(at ex_script.py:45) 
2019-03-02 02:02:39,952 [D] -:F:n:WD_1:wc.c:21	(at logger.py:129) 
2019-03-02 02:02:39,967 [D] subprocess cmd: ['source compile.sh /home/bohrok/Documents/DM/output/orbs/wc/12/work'], stdout: b''	(at ex_script.py:45) 
2019-03-02 02:02:39,967 [D] ┌:F:n:WD_2:wc.c:21	(at logger.py:129) 
2019-03-02 02:02:39,967 [D] └:F:n:WD_2:wc.c:20	(at logger.py:129) 
2019-03-02 02:02:40,013 [D] ┌:C:n:WD_3:wc.c:21	(at logger.py:129) 
2019-03-02 02:02:40,014 [D] |:C:n:WD_3:wc.c:20	(at logger.py:129) 
2019-03-02 02:02:40,014 [D] └:C:n:WD_3:wc.c:19	(at logger.py:129) 
2019-03-02 02:02:40,060 [D] subprocess cmd: ['source compile.sh /home/bohrok/Documents/DM/output/orbs/wc/12/work'], stdout: b''	(at ex_script.py:45) 
2019-03-02 02:02:40,061 [D] -:F:n:WD_1:wc.c:20	(at logger.py:129) 
2019-03-02 02:02:40,089 [D] subprocess cmd: ['source compile.sh /home/bohrok/Documents/DM/output/orbs/wc/12/work'], stdout: b''	(at ex_script.py:45) 
2019-03-02 02:02:40,089 [D] ┌:F:n:WD_2:wc.c:20	(at logger.py:129) 
2019-03-02 02:02:40,089 [D] └:F:n:WD_2:wc.c:19	(at logger.py:129) 
2019-03-02 02:02:40,104 [D] subprocess cmd: ['source compile.sh /home/bohrok/Documents/DM/output/orbs/wc/12/work'], stdout: b''	(at ex_script.py:45) 
2019-03-02 02:02:40,104 [D] ┌:F:n:WD_3:wc.c:20	(at logger.py:129) 
2019-03-02 02:02:40,104 [D] |:F:n:WD_3:wc.c:19	(at logger.py:129) 
2019-03-02 02:02:40,104 [D] └:F:n:WD_3:wc.c:18	(at logger.py:129) 
2019-03-02 02:02:40,119 [D] subprocess cmd: ['source compile.sh /home/bohrok/Documents/DM/output/orbs/wc/12/work'], stdout: b''	(at ex_script.py:45) 
2019-03-02 02:02:40,119 [D] -:F:n:WD_1:wc.c:19	(at logger.py:129) 
2019-03-02 02:02:40,133 [D] subprocess cmd: ['source compile.sh /home/bohrok/Documents/DM/output/orbs/wc/12/work'], stdout: b''	(at ex_script.py:45) 
2019-03-02 02:02:40,133 [D] ┌:F:n:WD_2:wc.c:19	(at logger.py:129) 
2019-03-02 02:02:40,133 [D] └:F:n:WD_2:wc.c:18	(at logger.py:129) 
2019-03-02 02:02:40,180 [D] subprocess cmd: ['source execute.sh /home/bohrok/Documents/DM/output/orbs/wc/12/work'], stdout: b''	(at ex_script.py:45) 
2019-03-02 02:02:40,181 [D] ┌:C:n:WD_3:wc.c:19	(at logger.py:129) 
2019-03-02 02:02:40,181 [D] |:C:n:WD_3:wc.c:18	(at logger.py:129) 
2019-03-02 02:02:40,181 [D] └:C:n:WD_3:wc.c:17	(at logger.py:129) 
2019-03-02 02:02:40,224 [D] -:P:n:WD_1:wc.c:18	(at logger.py:129) 
2019-03-02 02:02:40,238 [D] subprocess cmd: ['source compile.sh /home/bohrok/Documents/DM/output/orbs/wc/12/work'], stdout: b''	(at ex_script.py:45) 
2019-03-02 02:02:40,239 [D] -:F:n:WD_1:wc.c:17	(at logger.py:129) 
2019-03-02 02:02:40,252 [D] subprocess cmd: ['source compile.sh /home/bohrok/Documents/DM/output/orbs/wc/12/work'], stdout: b''	(at ex_script.py:45) 
2019-03-02 02:02:40,252 [D] ┌:F:n:WD_2:wc.c:17	(at logger.py:129) 
2019-03-02 02:02:40,253 [D] └:F:n:WD_2:wc.c:16	(at logger.py:129) 
2019-03-02 02:02:40,266 [D] subprocess cmd: ['source compile.sh /home/bohrok/Documents/DM/output/orbs/wc/12/work'], stdout: b''	(at ex_script.py:45) 
2019-03-02 02:02:40,267 [D] ┌:F:n:WD_3:wc.c:17	(at logger.py:129) 
2019-03-02 02:02:40,267 [D] |:F:n:WD_3:wc.c:16	(at logger.py:129) 
2019-03-02 02:02:40,267 [D] └:F:n:WD_3:wc.c:15	(at logger.py:129) 
2019-03-02 02:02:40,300 [D] -:P:c:WD_1:wc.c:16	(at logger.py:129) 
2019-03-02 02:02:40,342 [D] -:P:n:WD_1:wc.c:15	(at logger.py:129) 
2019-03-02 02:02:40,356 [D] subprocess cmd: ['source compile.sh /home/bohrok/Documents/DM/output/orbs/wc/12/work'], stdout: b''	(at ex_script.py:45) 
2019-03-02 02:02:40,356 [D] -:F:n:WD_1:wc.c:14	(at logger.py:129) 
2019-03-02 02:02:40,370 [D] subprocess cmd: ['source compile.sh /home/bohrok/Documents/DM/output/orbs/wc/12/work'], stdout: b''	(at ex_script.py:45) 
2019-03-02 02:02:40,370 [D] ┌:F:n:WD_2:wc.c:14	(at logger.py:129) 
2019-03-02 02:02:40,370 [D] └:F:n:WD_2:wc.c:13	(at logger.py:129) 
2019-03-02 02:02:40,383 [D] subprocess cmd: ['source compile.sh /home/bohrok/Documents/DM/output/orbs/wc/12/work'], stdout: b''	(at ex_script.py:45) 
2019-03-02 02:02:40,383 [D] ┌:F:n:WD_3:wc.c:14	(at logger.py:129) 
2019-03-02 02:02:40,383 [D] |:F:n:WD_3:wc.c:13	(at logger.py:129) 
2019-03-02 02:02:40,383 [D] └:F:n:WD_3:wc.c:12	(at logger.py:129) 
2019-03-02 02:02:40,429 [D] subprocess cmd: ['source execute.sh /home/bohrok/Documents/DM/output/orbs/wc/12/work'], stdout: b''	(at ex_script.py:45) 
2019-03-02 02:02:40,429 [D] -:C:n:WD_1:wc.c:13	(at logger.py:129) 
2019-03-02 02:02:40,474 [D] subprocess cmd: ['source execute.sh /home/bohrok/Documents/DM/output/orbs/wc/12/work'], stdout: b''	(at ex_script.py:45) 
2019-03-02 02:02:40,474 [D] ┌:C:n:WD_2:wc.c:13	(at logger.py:129) 
2019-03-02 02:02:40,474 [D] └:C:n:WD_2:wc.c:12	(at logger.py:129) 
2019-03-02 02:02:40,523 [D] ┌:C:n:WD_3:wc.c:13	(at logger.py:129) 
2019-03-02 02:02:40,523 [D] |:C:n:WD_3:wc.c:12	(at logger.py:129) 
2019-03-02 02:02:40,523 [D] └:C:n:WD_3:wc.c:11	(at logger.py:129) 
2019-03-02 02:02:40,570 [D] -:C:n:WD_1:wc.c:12	(at logger.py:129) 
2019-03-02 02:02:40,614 [D] ┌:C:n:WD_2:wc.c:12	(at logger.py:129) 
2019-03-02 02:02:40,614 [D] └:C:n:WD_2:wc.c:11	(at logger.py:129) 
2019-03-02 02:02:40,658 [D] ┌:C:n:WD_3:wc.c:12	(at logger.py:129) 
2019-03-02 02:02:40,658 [D] |:C:n:WD_3:wc.c:11	(at logger.py:129) 
2019-03-02 02:02:40,658 [D] └:C:n:WD_3:wc.c:10	(at logger.py:129) 
2019-03-02 02:02:40,707 [D] -:P:n:WD_1:wc.c:11	(at logger.py:129) 
2019-03-02 02:02:40,756 [D] -:C:n:WD_1:wc.c:10	(at logger.py:129) 
2019-03-02 02:02:40,770 [D] subprocess cmd: ['source compile.sh /home/bohrok/Documents/DM/output/orbs/wc/12/work'], stdout: b''	(at ex_script.py:45) 
2019-03-02 02:02:40,770 [D] ┌:F:n:WD_2:wc.c:10	(at logger.py:129) 
2019-03-02 02:02:40,770 [D] └:F:n:WD_2:wc.c:9	(at logger.py:129) 
2019-03-02 02:02:40,783 [D] subprocess cmd: ['source compile.sh /home/bohrok/Documents/DM/output/orbs/wc/12/work'], stdout: b''	(at ex_script.py:45) 
2019-03-02 02:02:40,783 [D] ┌:F:n:WD_3:wc.c:10	(at logger.py:129) 
2019-03-02 02:02:40,783 [D] |:F:n:WD_3:wc.c:9	(at logger.py:129) 
2019-03-02 02:02:40,783 [D] └:F:n:WD_3:wc.c:8	(at logger.py:129) 
2019-03-02 02:02:40,797 [D] subprocess cmd: ['source compile.sh /home/bohrok/Documents/DM/output/orbs/wc/12/work'], stdout: b''	(at ex_script.py:45) 
2019-03-02 02:02:40,797 [D] -:F:n:WD_1:wc.c:9	(at logger.py:129) 
2019-03-02 02:02:40,813 [D] subprocess cmd: ['source compile.sh /home/bohrok/Documents/DM/output/orbs/wc/12/work'], stdout: b''	(at ex_script.py:45) 
2019-03-02 02:02:40,813 [D] ┌:F:n:WD_2:wc.c:9	(at logger.py:129) 
2019-03-02 02:02:40,814 [D] └:F:n:WD_2:wc.c:8	(at logger.py:129) 
2019-03-02 02:02:40,826 [D] subprocess cmd: ['source compile.sh /home/bohrok/Documents/DM/output/orbs/wc/12/work'], stdout: b''	(at ex_script.py:45) 
2019-03-02 02:02:40,826 [D] ┌:F:n:WD_3:wc.c:9	(at logger.py:129) 
2019-03-02 02:02:40,827 [D] |:F:n:WD_3:wc.c:8	(at logger.py:129) 
2019-03-02 02:02:40,827 [D] └:F:n:WD_3:wc.c:7	(at logger.py:129) 
2019-03-02 02:02:40,842 [D] subprocess cmd: ['source compile.sh /home/bohrok/Documents/DM/output/orbs/wc/12/work'], stdout: b''	(at ex_script.py:45) 
2019-03-02 02:02:40,842 [D] -:F:n:WD_1:wc.c:8	(at logger.py:129) 
2019-03-02 02:02:40,857 [D] subprocess cmd: ['source compile.sh /home/bohrok/Documents/DM/output/orbs/wc/12/work'], stdout: b''	(at ex_script.py:45) 
2019-03-02 02:02:40,858 [D] ┌:F:n:WD_2:wc.c:8	(at logger.py:129) 
2019-03-02 02:02:40,858 [D] └:F:n:WD_2:wc.c:7	(at logger.py:129) 
2019-03-02 02:02:40,873 [D] subprocess cmd: ['source compile.sh /home/bohrok/Documents/DM/output/orbs/wc/12/work'], stdout: b''	(at ex_script.py:45) 
2019-03-02 02:02:40,873 [D] ┌:F:n:WD_3:wc.c:8	(at logger.py:129) 
2019-03-02 02:02:40,873 [D] |:F:n:WD_3:wc.c:7	(at logger.py:129) 
2019-03-02 02:02:40,873 [D] └:F:n:WD_3:wc.c:6	(at logger.py:129) 
2019-03-02 02:02:40,888 [D] subprocess cmd: ['source compile.sh /home/bohrok/Documents/DM/output/orbs/wc/12/work'], stdout: b''	(at ex_script.py:45) 
2019-03-02 02:02:40,888 [D] -:F:n:WD_1:wc.c:7	(at logger.py:129) 
2019-03-02 02:02:40,902 [D] subprocess cmd: ['source compile.sh /home/bohrok/Documents/DM/output/orbs/wc/12/work'], stdout: b''	(at ex_script.py:45) 
2019-03-02 02:02:40,902 [D] ┌:F:n:WD_2:wc.c:7	(at logger.py:129) 
2019-03-02 02:02:40,902 [D] └:F:n:WD_2:wc.c:6	(at logger.py:129) 
2019-03-02 02:02:40,915 [D] subprocess cmd: ['source compile.sh /home/bohrok/Documents/DM/output/orbs/wc/12/work'], stdout: b''	(at ex_script.py:45) 
2019-03-02 02:02:40,916 [D] ┌:F:n:WD_3:wc.c:7	(at logger.py:129) 
2019-03-02 02:02:40,916 [D] |:F:n:WD_3:wc.c:6	(at logger.py:129) 
2019-03-02 02:02:40,916 [D] └:F:n:WD_3:wc.c:5	(at logger.py:129) 
2019-03-02 02:02:40,948 [D] -:P:c:WD_1:wc.c:6	(at logger.py:129) 
2019-03-02 02:02:40,960 [D] subprocess cmd: ['source compile.sh /home/bohrok/Documents/DM/output/orbs/wc/12/work'], stdout: b''	(at ex_script.py:45) 
2019-03-02 02:02:40,960 [D] -:F:n:WD_1:wc.c:5	(at logger.py:129) 
2019-03-02 02:02:40,975 [D] subprocess cmd: ['source compile.sh /home/bohrok/Documents/DM/output/orbs/wc/12/work'], stdout: b''	(at ex_script.py:45) 
2019-03-02 02:02:40,975 [D] ┌:F:n:WD_2:wc.c:5	(at logger.py:129) 
2019-03-02 02:02:40,975 [D] └:F:n:WD_2:wc.c:4	(at logger.py:129) 
2019-03-02 02:02:40,989 [D] subprocess cmd: ['source compile.sh /home/bohrok/Documents/DM/output/orbs/wc/12/work'], stdout: b''	(at ex_script.py:45) 
2019-03-02 02:02:40,990 [D] ┌:F:n:WD_3:wc.c:5	(at logger.py:129) 
2019-03-02 02:02:40,990 [D] |:F:n:WD_3:wc.c:4	(at logger.py:129) 
2019-03-02 02:02:40,990 [D] └:F:n:WD_3:wc.c:3	(at logger.py:129) 
2019-03-02 02:02:41,004 [D] subprocess cmd: ['source compile.sh /home/bohrok/Documents/DM/output/orbs/wc/12/work'], stdout: b''	(at ex_script.py:45) 
2019-03-02 02:02:41,004 [D] -:F:n:WD_1:wc.c:4	(at logger.py:129) 
2019-03-02 02:02:41,018 [D] subprocess cmd: ['source compile.sh /home/bohrok/Documents/DM/output/orbs/wc/12/work'], stdout: b''	(at ex_script.py:45) 
2019-03-02 02:02:41,018 [D] ┌:F:n:WD_2:wc.c:4	(at logger.py:129) 
2019-03-02 02:02:41,018 [D] └:F:n:WD_2:wc.c:3	(at logger.py:129) 
2019-03-02 02:02:41,033 [D] subprocess cmd: ['source compile.sh /home/bohrok/Documents/DM/output/orbs/wc/12/work'], stdout: b''	(at ex_script.py:45) 
2019-03-02 02:02:41,033 [D] ┌:F:n:WD_3:wc.c:4	(at logger.py:129) 
2019-03-02 02:02:41,033 [D] |:F:n:WD_3:wc.c:3	(at logger.py:129) 
2019-03-02 02:02:41,033 [D] └:F:n:WD_3:wc.c:2	(at logger.py:129) 
2019-03-02 02:02:41,048 [D] subprocess cmd: ['source compile.sh /home/bohrok/Documents/DM/output/orbs/wc/12/work'], stdout: b''	(at ex_script.py:45) 
2019-03-02 02:02:41,048 [D] -:F:n:WD_1:wc.c:3	(at logger.py:129) 
2019-03-02 02:02:41,061 [D] subprocess cmd: ['source compile.sh /home/bohrok/Documents/DM/output/orbs/wc/12/work'], stdout: b''	(at ex_script.py:45) 
2019-03-02 02:02:41,061 [D] ┌:F:n:WD_2:wc.c:3	(at logger.py:129) 
2019-03-02 02:02:41,061 [D] └:F:n:WD_2:wc.c:2	(at logger.py:129) 
2019-03-02 02:02:41,074 [D] subprocess cmd: ['source compile.sh /home/bohrok/Documents/DM/output/orbs/wc/12/work'], stdout: b''	(at ex_script.py:45) 
2019-03-02 02:02:41,075 [D] ┌:F:n:WD_3:wc.c:3	(at logger.py:129) 
2019-03-02 02:02:41,075 [D] |:F:n:WD_3:wc.c:2	(at logger.py:129) 
2019-03-02 02:02:41,075 [D] └:F:n:WD_3:wc.c:1	(at logger.py:129) 
2019-03-02 02:02:41,090 [D] subprocess cmd: ['source compile.sh /home/bohrok/Documents/DM/output/orbs/wc/12/work'], stdout: b''	(at ex_script.py:45) 
2019-03-02 02:02:41,090 [D] -:F:n:WD_1:wc.c:2	(at logger.py:129) 
2019-03-02 02:02:41,103 [D] subprocess cmd: ['source compile.sh /home/bohrok/Documents/DM/output/orbs/wc/12/work'], stdout: b''	(at ex_script.py:45) 
2019-03-02 02:02:41,103 [D] ┌:F:n:WD_2:wc.c:2	(at logger.py:129) 
2019-03-02 02:02:41,103 [D] └:F:n:WD_2:wc.c:1	(at logger.py:129) 
2019-03-02 02:02:41,103 [D] ┌:F:n:WD_3:wc.c:2	(at logger.py:129) 
2019-03-02 02:02:41,103 [D] └:F:n:WD_3:wc.c:1	(at logger.py:129) 
2019-03-02 02:02:41,148 [D] -:P:n:WD_1:wc.c:1	(at logger.py:129) 
2019-03-02 02:02:41,149 [D] comp_cached_cnt:1	(at logger.py:134) 
2019-03-02 02:02:41,149 [D] compile_cnt:125	(at logger.py:134) 
2019-03-02 02:02:41,149 [D] execute_cnt:29	(at logger.py:134) 
2019-03-02 02:02:41,149 [D] fail_del_cnt:27	(at logger.py:134) 
2019-03-02 02:02:41,149 [D] iter_idx:1	(at logger.py:134) 
2019-03-02 02:02:41,149 [D] reuse_cnt:7	(at logger.py:134) 
2019-03-02 02:02:41,149 [D] succ_del_cnt:9	(at logger.py:134) 
2019-03-02 02:02:41,149 [D] time:2.927044630050659	(at logger.py:134) 
2019-03-02 02:02:41,149 [D] deletion:9	(at logger.py:136) 
2019-03-02 02:02:41,150 [I] Iteration 1 finished	(at orbs.py:87) 
2019-03-02 02:02:41,161 [D] subprocess cmd: ['source compile.sh /home/bohrok/Documents/DM/output/orbs/wc/12/work'], stdout: b''	(at ex_script.py:45) 
2019-03-02 02:02:41,162 [D] -:F:n:WD_1:wc.c:48	(at logger.py:129) 
2019-03-02 02:02:41,174 [D] subprocess cmd: ['source compile.sh /home/bohrok/Documents/DM/output/orbs/wc/12/work'], stdout: b''	(at ex_script.py:45) 
2019-03-02 02:02:41,174 [D] ┌:F:n:WD_2:wc.c:48	(at logger.py:129) 
2019-03-02 02:02:41,174 [D] └:F:n:WD_2:wc.c:47	(at logger.py:129) 
2019-03-02 02:02:41,187 [D] subprocess cmd: ['source compile.sh /home/bohrok/Documents/DM/output/orbs/wc/12/work'], stdout: b''	(at ex_script.py:45) 
2019-03-02 02:02:41,187 [D] ┌:F:n:WD_3:wc.c:48	(at logger.py:129) 
2019-03-02 02:02:41,187 [D] |:F:n:WD_3:wc.c:47	(at logger.py:129) 
2019-03-02 02:02:41,187 [D] └:F:n:WD_3:wc.c:46	(at logger.py:129) 
2019-03-02 02:02:41,198 [D] subprocess cmd: ['source compile.sh /home/bohrok/Documents/DM/output/orbs/wc/12/work'], stdout: b''	(at ex_script.py:45) 
2019-03-02 02:02:41,198 [D] -:F:n:WD_1:wc.c:47	(at logger.py:129) 
2019-03-02 02:02:41,209 [D] subprocess cmd: ['source compile.sh /home/bohrok/Documents/DM/output/orbs/wc/12/work'], stdout: b''	(at ex_script.py:45) 
2019-03-02 02:02:41,209 [D] ┌:F:n:WD_2:wc.c:47	(at logger.py:129) 
2019-03-02 02:02:41,209 [D] └:F:n:WD_2:wc.c:46	(at logger.py:129) 
2019-03-02 02:02:41,256 [D] ┌:C:n:WD_3:wc.c:47	(at logger.py:129) 
2019-03-02 02:02:41,256 [D] |:C:n:WD_3:wc.c:46	(at logger.py:129) 
2019-03-02 02:02:41,256 [D] └:C:n:WD_3:wc.c:45	(at logger.py:129) 
2019-03-02 02:02:41,288 [D] -:C:c:WD_1:wc.c:46	(at logger.py:129) 
2019-03-02 02:02:41,298 [D] subprocess cmd: ['source compile.sh /home/bohrok/Documents/DM/output/orbs/wc/12/work'], stdout: b''	(at ex_script.py:45) 
2019-03-02 02:02:41,298 [D] ┌:F:n:WD_2:wc.c:46	(at logger.py:129) 
2019-03-02 02:02:41,298 [D] └:F:n:WD_2:wc.c:45	(at logger.py:129) 
2019-03-02 02:02:41,298 [D] ┌:C:c:WD_3:wc.c:46	(at logger.py:129) 
2019-03-02 02:02:41,298 [D] |:C:c:WD_3:wc.c:45	(at logger.py:129) 
2019-03-02 02:02:41,299 [D] └:C:c:WD_3:wc.c:43	(at logger.py:129) 
2019-03-02 02:02:41,309 [D] subprocess cmd: ['source compile.sh /home/bohrok/Documents/DM/output/orbs/wc/12/work'], stdout: b''	(at ex_script.py:45) 
2019-03-02 02:02:41,309 [D] -:F:n:WD_1:wc.c:45	(at logger.py:129) 
2019-03-02 02:02:41,343 [D] ┌:C:c:WD_2:wc.c:45	(at logger.py:129) 
2019-03-02 02:02:41,344 [D] └:C:c:WD_2:wc.c:43	(at logger.py:129) 
2019-03-02 02:02:41,431 [D] ┌:C:n:WD_3:wc.c:45	(at logger.py:129) 
2019-03-02 02:02:41,431 [D] |:C:n:WD_3:wc.c:43	(at logger.py:129) 
2019-03-02 02:02:41,431 [D] └:C:n:WD_3:wc.c:42	(at logger.py:129) 
2019-03-02 02:02:41,432 [D]  : : :pass:wc.c:44	(at logger.py:129) 
2019-03-02 02:02:41,474 [D] subprocess cmd: ['source compile.sh /home/bohrok/Documents/DM/output/orbs/wc/12/work'], stdout: b''	(at ex_script.py:45) 
2019-03-02 02:02:41,474 [D] -:F:n:WD_1:wc.c:43	(at logger.py:129) 
2019-03-02 02:02:41,491 [D] subprocess cmd: ['source compile.sh /home/bohrok/Documents/DM/output/orbs/wc/12/work'], stdout: b''	(at ex_script.py:45) 
2019-03-02 02:02:41,491 [D] ┌:F:n:WD_2:wc.c:43	(at logger.py:129) 
2019-03-02 02:02:41,491 [D] └:F:n:WD_2:wc.c:42	(at logger.py:129) 
2019-03-02 02:02:41,491 [D] ┌:C:c:WD_3:wc.c:43	(at logger.py:129) 
2019-03-02 02:02:41,491 [D] |:C:c:WD_3:wc.c:42	(at logger.py:129) 
2019-03-02 02:02:41,491 [D] └:C:c:WD_3:wc.c:41	(at logger.py:129) 
2019-03-02 02:02:41,536 [D] subprocess cmd: ['source execute.sh /home/bohrok/Documents/DM/output/orbs/wc/12/work'], stdout: b''	(at ex_script.py:45) 
2019-03-02 02:02:41,536 [D] -:C:n:WD_1:wc.c:42	(at logger.py:129) 
2019-03-02 02:02:41,548 [D] subprocess cmd: ['source compile.sh /home/bohrok/Documents/DM/output/orbs/wc/12/work'], stdout: b''	(at ex_script.py:45) 
2019-03-02 02:02:41,549 [D] ┌:F:n:WD_2:wc.c:42	(at logger.py:129) 
2019-03-02 02:02:41,549 [D] └:F:n:WD_2:wc.c:41	(at logger.py:129) 
2019-03-02 02:02:41,559 [D] subprocess cmd: ['source compile.sh /home/bohrok/Documents/DM/output/orbs/wc/12/work'], stdout: b''	(at ex_script.py:45) 
2019-03-02 02:02:41,559 [D] ┌:F:n:WD_3:wc.c:42	(at logger.py:129) 
2019-03-02 02:02:41,559 [D] |:F:n:WD_3:wc.c:41	(at logger.py:129) 
2019-03-02 02:02:41,559 [D] └:F:n:WD_3:wc.c:40	(at logger.py:129) 
2019-03-02 02:02:41,572 [D] subprocess cmd: ['source compile.sh /home/bohrok/Documents/DM/output/orbs/wc/12/work'], stdout: b''	(at ex_script.py:45) 
2019-03-02 02:02:41,572 [D] -:F:n:WD_1:wc.c:41	(at logger.py:129) 
2019-03-02 02:02:41,584 [D] subprocess cmd: ['source compile.sh /home/bohrok/Documents/DM/output/orbs/wc/12/work'], stdout: b''	(at ex_script.py:45) 
2019-03-02 02:02:41,584 [D] ┌:F:n:WD_2:wc.c:41	(at logger.py:129) 
2019-03-02 02:02:41,584 [D] └:F:n:WD_2:wc.c:40	(at logger.py:129) 
2019-03-02 02:02:41,594 [D] subprocess cmd: ['source compile.sh /home/bohrok/Documents/DM/output/orbs/wc/12/work'], stdout: b''	(at ex_script.py:45) 
2019-03-02 02:02:41,594 [D] ┌:F:n:WD_3:wc.c:41	(at logger.py:129) 
2019-03-02 02:02:41,594 [D] |:F:n:WD_3:wc.c:40	(at logger.py:129) 
2019-03-02 02:02:41,594 [D] └:F:n:WD_3:wc.c:39	(at logger.py:129) 
2019-03-02 02:02:41,607 [D] subprocess cmd: ['source compile.sh /home/bohrok/Documents/DM/output/orbs/wc/12/work'], stdout: b''	(at ex_script.py:45) 
2019-03-02 02:02:41,608 [D] -:F:n:WD_1:wc.c:40	(at logger.py:129) 
2019-03-02 02:02:41,657 [D] ┌:C:n:WD_2:wc.c:40	(at logger.py:129) 
2019-03-02 02:02:41,657 [D] └:C:n:WD_2:wc.c:39	(at logger.py:129) 
2019-03-02 02:02:41,669 [D] subprocess cmd: ['source compile.sh /home/bohrok/Documents/DM/output/orbs/wc/12/work'], stdout: b''	(at ex_script.py:45) 
2019-03-02 02:02:41,669 [D] ┌:F:n:WD_3:wc.c:40	(at logger.py:129) 
2019-03-02 02:02:41,669 [D] |:F:n:WD_3:wc.c:39	(at logger.py:129) 
2019-03-02 02:02:41,669 [D] └:F:n:WD_3:wc.c:37	(at logger.py:129) 
2019-03-02 02:02:41,682 [D] subprocess cmd: ['source compile.sh /home/bohrok/Documents/DM/output/orbs/wc/12/work'], stdout: b''	(at ex_script.py:45) 
2019-03-02 02:02:41,682 [D] -:F:n:WD_1:wc.c:39	(at logger.py:129) 
2019-03-02 02:02:41,692 [D] subprocess cmd: ['source compile.sh /home/bohrok/Documents/DM/output/orbs/wc/12/work'], stdout: b''	(at ex_script.py:45) 
2019-03-02 02:02:41,692 [D] ┌:F:n:WD_2:wc.c:39	(at logger.py:129) 
2019-03-02 02:02:41,692 [D] └:F:n:WD_2:wc.c:37	(at logger.py:129) 
2019-03-02 02:02:41,705 [D] subprocess cmd: ['source compile.sh /home/bohrok/Documents/DM/output/orbs/wc/12/work'], stdout: b''	(at ex_script.py:45) 
2019-03-02 02:02:41,705 [D] ┌:F:n:WD_3:wc.c:39	(at logger.py:129) 
2019-03-02 02:02:41,705 [D] |:F:n:WD_3:wc.c:37	(at logger.py:129) 
2019-03-02 02:02:41,705 [D] └:F:n:WD_3:wc.c:36	(at logger.py:129) 
2019-03-02 02:02:41,705 [D]  : : :pass:wc.c:38	(at logger.py:129) 
2019-03-02 02:02:41,717 [D] subprocess cmd: ['source compile.sh /home/bohrok/Documents/DM/output/orbs/wc/12/work'], stdout: b''	(at ex_script.py:45) 
2019-03-02 02:02:41,717 [D] -:F:n:WD_1:wc.c:37	(at logger.py:129) 
2019-03-02 02:02:41,726 [D] subprocess cmd: ['source compile.sh /home/bohrok/Documents/DM/output/orbs/wc/12/work'], stdout: b''	(at ex_script.py:45) 
2019-03-02 02:02:41,726 [D] ┌:F:n:WD_2:wc.c:37	(at logger.py:129) 
2019-03-02 02:02:41,727 [D] └:F:n:WD_2:wc.c:36	(at logger.py:129) 
2019-03-02 02:02:41,758 [D] subprocess cmd: ['source compile.sh /home/bohrok/Documents/DM/output/orbs/wc/12/work'], stdout: b''	(at ex_script.py:45) 
2019-03-02 02:02:41,759 [D] ┌:F:n:WD_3:wc.c:37	(at logger.py:129) 
2019-03-02 02:02:41,759 [D] |:F:n:WD_3:wc.c:36	(at logger.py:129) 
2019-03-02 02:02:41,759 [D] └:F:n:WD_3:wc.c:35	(at logger.py:129) 
2019-03-02 02:02:41,771 [D] subprocess cmd: ['source compile.sh /home/bohrok/Documents/DM/output/orbs/wc/12/work'], stdout: b''	(at ex_script.py:45) 
2019-03-02 02:02:41,771 [D] -:F:n:WD_1:wc.c:36	(at logger.py:129) 
2019-03-02 02:02:41,783 [D] subprocess cmd: ['source compile.sh /home/bohrok/Documents/DM/output/orbs/wc/12/work'], stdout: b''	(at ex_script.py:45) 
2019-03-02 02:02:41,783 [D] ┌:F:n:WD_2:wc.c:36	(at logger.py:129) 
2019-03-02 02:02:41,784 [D] └:F:n:WD_2:wc.c:35	(at logger.py:129) 
2019-03-02 02:02:41,793 [D] subprocess cmd: ['source compile.sh /home/bohrok/Documents/DM/output/orbs/wc/12/work'], stdout: b''	(at ex_script.py:45) 
2019-03-02 02:02:41,794 [D] ┌:F:n:WD_3:wc.c:36	(at logger.py:129) 
2019-03-02 02:02:41,794 [D] |:F:n:WD_3:wc.c:35	(at logger.py:129) 
2019-03-02 02:02:41,794 [D] └:F:n:WD_3:wc.c:34	(at logger.py:129) 
2019-03-02 02:02:41,806 [D] subprocess cmd: ['source compile.sh /home/bohrok/Documents/DM/output/orbs/wc/12/work'], stdout: b''	(at ex_script.py:45) 
2019-03-02 02:02:41,807 [D] -:F:n:WD_1:wc.c:35	(at logger.py:129) 
2019-03-02 02:02:41,821 [D] subprocess cmd: ['source compile.sh /home/bohrok/Documents/DM/output/orbs/wc/12/work'], stdout: b''	(at ex_script.py:45) 
2019-03-02 02:02:41,822 [D] ┌:F:n:WD_2:wc.c:35	(at logger.py:129) 
2019-03-02 02:02:41,822 [D] └:F:n:WD_2:wc.c:34	(at logger.py:129) 
2019-03-02 02:02:41,833 [D] subprocess cmd: ['source compile.sh /home/bohrok/Documents/DM/output/orbs/wc/12/work'], stdout: b''	(at ex_script.py:45) 
2019-03-02 02:02:41,834 [D] ┌:F:n:WD_3:wc.c:35	(at logger.py:129) 
2019-03-02 02:02:41,834 [D] |:F:n:WD_3:wc.c:34	(at logger.py:129) 
2019-03-02 02:02:41,834 [D] └:F:n:WD_3:wc.c:33	(at logger.py:129) 
2019-03-02 02:02:41,845 [D] subprocess cmd: ['source compile.sh /home/bohrok/Documents/DM/output/orbs/wc/12/work'], stdout: b''	(at ex_script.py:45) 
2019-03-02 02:02:41,846 [D] -:F:n:WD_1:wc.c:34	(at logger.py:129) 
2019-03-02 02:02:41,858 [D] subprocess cmd: ['source compile.sh /home/bohrok/Documents/DM/output/orbs/wc/12/work'], stdout: b''	(at ex_script.py:45) 
2019-03-02 02:02:41,858 [D] ┌:F:n:WD_2:wc.c:34	(at logger.py:129) 
2019-03-02 02:02:41,858 [D] └:F:n:WD_2:wc.c:33	(at logger.py:129) 
2019-03-02 02:02:41,871 [D] subprocess cmd: ['source compile.sh /home/bohrok/Documents/DM/output/orbs/wc/12/work'], stdout: b''	(at ex_script.py:45) 
2019-03-02 02:02:41,871 [D] ┌:F:n:WD_3:wc.c:34	(at logger.py:129) 
2019-03-02 02:02:41,871 [D] |:F:n:WD_3:wc.c:33	(at logger.py:129) 
2019-03-02 02:02:41,871 [D] └:F:n:WD_3:wc.c:32	(at logger.py:129) 
2019-03-02 02:02:41,883 [D] subprocess cmd: ['source compile.sh /home/bohrok/Documents/DM/output/orbs/wc/12/work'], stdout: b''	(at ex_script.py:45) 
2019-03-02 02:02:41,883 [D] -:F:n:WD_1:wc.c:33	(at logger.py:129) 
2019-03-02 02:02:41,894 [D] subprocess cmd: ['source compile.sh /home/bohrok/Documents/DM/output/orbs/wc/12/work'], stdout: b''	(at ex_script.py:45) 
2019-03-02 02:02:41,894 [D] ┌:F:n:WD_2:wc.c:33	(at logger.py:129) 
2019-03-02 02:02:41,894 [D] └:F:n:WD_2:wc.c:32	(at logger.py:129) 
2019-03-02 02:02:41,907 [D] subprocess cmd: ['source compile.sh /home/bohrok/Documents/DM/output/orbs/wc/12/work'], stdout: b''	(at ex_script.py:45) 
2019-03-02 02:02:41,907 [D] ┌:F:n:WD_3:wc.c:33	(at logger.py:129) 
2019-03-02 02:02:41,907 [D] |:F:n:WD_3:wc.c:32	(at logger.py:129) 
2019-03-02 02:02:41,907 [D] └:F:n:WD_3:wc.c:31	(at logger.py:129) 
2019-03-02 02:02:41,955 [D] -:C:n:WD_1:wc.c:32	(at logger.py:129) 
2019-03-02 02:02:42,050 [D] subprocess cmd: ['source compile.sh /home/bohrok/Documents/DM/output/orbs/wc/12/work'], stdout: b''	(at ex_script.py:45) 
2019-03-02 02:02:42,051 [D] ┌:F:n:WD_2:wc.c:32	(at logger.py:129) 
2019-03-02 02:02:42,051 [D] └:F:n:WD_2:wc.c:31	(at logger.py:129) 
2019-03-02 02:02:42,133 [D] subprocess cmd: ['source compile.sh /home/bohrok/Documents/DM/output/orbs/wc/12/work'], stdout: b''	(at ex_script.py:45) 
2019-03-02 02:02:42,134 [D] ┌:F:n:WD_3:wc.c:32	(at logger.py:129) 
2019-03-02 02:02:42,134 [D] |:F:n:WD_3:wc.c:31	(at logger.py:129) 
2019-03-02 02:02:42,135 [D] └:F:n:WD_3:wc.c:30	(at logger.py:129) 
2019-03-02 02:02:42,166 [D] subprocess cmd: ['source compile.sh /home/bohrok/Documents/DM/output/orbs/wc/12/work'], stdout: b''	(at ex_script.py:45) 
2019-03-02 02:02:42,166 [D] -:F:n:WD_1:wc.c:31	(at logger.py:129) 
2019-03-02 02:02:42,179 [D] subprocess cmd: ['source compile.sh /home/bohrok/Documents/DM/output/orbs/wc/12/work'], stdout: b''	(at ex_script.py:45) 
2019-03-02 02:02:42,180 [D] ┌:F:n:WD_2:wc.c:31	(at logger.py:129) 
2019-03-02 02:02:42,180 [D] └:F:n:WD_2:wc.c:30	(at logger.py:129) 
2019-03-02 02:02:42,227 [D] ┌:C:n:WD_3:wc.c:31	(at logger.py:129) 
2019-03-02 02:02:42,228 [D] |:C:n:WD_3:wc.c:30	(at logger.py:129) 
2019-03-02 02:02:42,228 [D] └:C:n:WD_3:wc.c:29	(at logger.py:129) 
2019-03-02 02:02:42,276 [D] -:C:n:WD_1:wc.c:30	(at logger.py:129) 
2019-03-02 02:02:42,290 [D] subprocess cmd: ['source compile.sh /home/bohrok/Documents/DM/output/orbs/wc/12/work'], stdout: b''	(at ex_script.py:45) 
2019-03-02 02:02:42,290 [D] ┌:F:n:WD_2:wc.c:30	(at logger.py:129) 
2019-03-02 02:02:42,290 [D] └:F:n:WD_2:wc.c:29	(at logger.py:129) 
2019-03-02 02:02:42,302 [D] subprocess cmd: ['source compile.sh /home/bohrok/Documents/DM/output/orbs/wc/12/work'], stdout: b''	(at ex_script.py:45) 
2019-03-02 02:02:42,302 [D] ┌:F:n:WD_3:wc.c:30	(at logger.py:129) 
2019-03-02 02:02:42,302 [D] |:F:n:WD_3:wc.c:29	(at logger.py:129) 
2019-03-02 02:02:42,303 [D] └:F:n:WD_3:wc.c:28	(at logger.py:129) 
2019-03-02 02:02:42,315 [D] subprocess cmd: ['source compile.sh /home/bohrok/Documents/DM/output/orbs/wc/12/work'], stdout: b''	(at ex_script.py:45) 
2019-03-02 02:02:42,315 [D] -:F:n:WD_1:wc.c:29	(at logger.py:129) 
2019-03-02 02:02:42,325 [D] subprocess cmd: ['source compile.sh /home/bohrok/Documents/DM/output/orbs/wc/12/work'], stdout: b''	(at ex_script.py:45) 
2019-03-02 02:02:42,325 [D] ┌:F:n:WD_2:wc.c:29	(at logger.py:129) 
2019-03-02 02:02:42,325 [D] └:F:n:WD_2:wc.c:28	(at logger.py:129) 
2019-03-02 02:02:42,339 [D] subprocess cmd: ['source compile.sh /home/bohrok/Documents/DM/output/orbs/wc/12/work'], stdout: b''	(at ex_script.py:45) 
2019-03-02 02:02:42,340 [D] ┌:F:n:WD_3:wc.c:29	(at logger.py:129) 
2019-03-02 02:02:42,340 [D] |:F:n:WD_3:wc.c:28	(at logger.py:129) 
2019-03-02 02:02:42,340 [D] └:F:n:WD_3:wc.c:27	(at logger.py:129) 
2019-03-02 02:02:42,351 [D] subprocess cmd: ['source compile.sh /home/bohrok/Documents/DM/output/orbs/wc/12/work'], stdout: b''	(at ex_script.py:45) 
2019-03-02 02:02:42,351 [D] -:F:n:WD_1:wc.c:28	(at logger.py:129) 
2019-03-02 02:02:42,362 [D] subprocess cmd: ['source compile.sh /home/bohrok/Documents/DM/output/orbs/wc/12/work'], stdout: b''	(at ex_script.py:45) 
2019-03-02 02:02:42,363 [D] ┌:F:n:WD_2:wc.c:28	(at logger.py:129) 
2019-03-02 02:02:42,363 [D] └:F:n:WD_2:wc.c:27	(at logger.py:129) 
2019-03-02 02:02:42,375 [D] subprocess cmd: ['source compile.sh /home/bohrok/Documents/DM/output/orbs/wc/12/work'], stdout: b''	(at ex_script.py:45) 
2019-03-02 02:02:42,375 [D] ┌:F:n:WD_3:wc.c:28	(at logger.py:129) 
2019-03-02 02:02:42,375 [D] |:F:n:WD_3:wc.c:27	(at logger.py:129) 
2019-03-02 02:02:42,375 [D] └:F:n:WD_3:wc.c:26	(at logger.py:129) 
2019-03-02 02:02:42,421 [D] -:C:n:WD_1:wc.c:27	(at logger.py:129) 
2019-03-02 02:02:42,467 [D] ┌:C:n:WD_2:wc.c:27	(at logger.py:129) 
2019-03-02 02:02:42,468 [D] └:C:n:WD_2:wc.c:26	(at logger.py:129) 
2019-03-02 02:02:42,511 [D] subprocess cmd: ['source execute.sh /home/bohrok/Documents/DM/output/orbs/wc/12/work'], stdout: b''	(at ex_script.py:45) 
2019-03-02 02:02:42,511 [D] ┌:C:n:WD_3:wc.c:27	(at logger.py:129) 
2019-03-02 02:02:42,511 [D] |:C:n:WD_3:wc.c:26	(at logger.py:129) 
2019-03-02 02:02:42,511 [D] └:C:n:WD_3:wc.c:25	(at logger.py:129) 
2019-03-02 02:02:42,557 [D] -:C:n:WD_1:wc.c:26	(at logger.py:129) 
2019-03-02 02:02:42,601 [D] subprocess cmd: ['source execute.sh /home/bohrok/Documents/DM/output/orbs/wc/12/work'], stdout: b''	(at ex_script.py:45) 
2019-03-02 02:02:42,601 [D] ┌:C:n:WD_2:wc.c:26	(at logger.py:129) 
2019-03-02 02:02:42,601 [D] └:C:n:WD_2:wc.c:25	(at logger.py:129) 
2019-03-02 02:02:42,611 [D] subprocess cmd: ['source compile.sh /home/bohrok/Documents/DM/output/orbs/wc/12/work'], stdout: b''	(at ex_script.py:45) 
2019-03-02 02:02:42,611 [D] ┌:F:n:WD_3:wc.c:26	(at logger.py:129) 
2019-03-02 02:02:42,611 [D] |:F:n:WD_3:wc.c:25	(at logger.py:129) 
2019-03-02 02:02:42,611 [D] └:F:n:WD_3:wc.c:23	(at logger.py:129) 
2019-03-02 02:02:42,660 [D] subprocess cmd: ['source execute.sh /home/bohrok/Documents/DM/output/orbs/wc/12/work'], stdout: b''	(at ex_script.py:45) 
2019-03-02 02:02:42,660 [D] -:C:n:WD_1:wc.c:25	(at logger.py:129) 
2019-03-02 02:02:42,672 [D] subprocess cmd: ['source compile.sh /home/bohrok/Documents/DM/output/orbs/wc/12/work'], stdout: b''	(at ex_script.py:45) 
2019-03-02 02:02:42,673 [D] ┌:F:n:WD_2:wc.c:25	(at logger.py:129) 
2019-03-02 02:02:42,673 [D] └:F:n:WD_2:wc.c:23	(at logger.py:129) 
2019-03-02 02:02:42,683 [D] subprocess cmd: ['source compile.sh /home/bohrok/Documents/DM/output/orbs/wc/12/work'], stdout: b''	(at ex_script.py:45) 
2019-03-02 02:02:42,683 [D] ┌:F:n:WD_3:wc.c:25	(at logger.py:129) 
2019-03-02 02:02:42,684 [D] |:F:n:WD_3:wc.c:23	(at logger.py:129) 
2019-03-02 02:02:42,684 [D] └:F:n:WD_3:wc.c:22	(at logger.py:129) 
2019-03-02 02:02:42,684 [D]  : : :pass:wc.c:24	(at logger.py:129) 
2019-03-02 02:02:42,694 [D] subprocess cmd: ['source compile.sh /home/bohrok/Documents/DM/output/orbs/wc/12/work'], stdout: b''	(at ex_script.py:45) 
2019-03-02 02:02:42,694 [D] -:F:n:WD_1:wc.c:23	(at logger.py:129) 
2019-03-02 02:02:42,707 [D] subprocess cmd: ['source compile.sh /home/bohrok/Documents/DM/output/orbs/wc/12/work'], stdout: b''	(at ex_script.py:45) 
2019-03-02 02:02:42,707 [D] ┌:F:n:WD_2:wc.c:23	(at logger.py:129) 
2019-03-02 02:02:42,708 [D] └:F:n:WD_2:wc.c:22	(at logger.py:129) 
2019-03-02 02:02:42,720 [D] subprocess cmd: ['source compile.sh /home/bohrok/Documents/DM/output/orbs/wc/12/work'], stdout: b''	(at ex_script.py:45) 
2019-03-02 02:02:42,720 [D] ┌:F:n:WD_3:wc.c:23	(at logger.py:129) 
2019-03-02 02:02:42,720 [D] |:F:n:WD_3:wc.c:22	(at logger.py:129) 
2019-03-02 02:02:42,721 [D] └:F:n:WD_3:wc.c:21	(at logger.py:129) 
2019-03-02 02:02:42,766 [D] -:C:n:WD_1:wc.c:22	(at logger.py:129) 
2019-03-02 02:02:42,776 [D] subprocess cmd: ['source compile.sh /home/bohrok/Documents/DM/output/orbs/wc/12/work'], stdout: b''	(at ex_script.py:45) 
2019-03-02 02:02:42,777 [D] ┌:F:n:WD_2:wc.c:22	(at logger.py:129) 
2019-03-02 02:02:42,777 [D] └:F:n:WD_2:wc.c:21	(at logger.py:129) 
2019-03-02 02:02:42,790 [D] subprocess cmd: ['source compile.sh /home/bohrok/Documents/DM/output/orbs/wc/12/work'], stdout: b''	(at ex_script.py:45) 
2019-03-02 02:02:42,790 [D] ┌:F:n:WD_3:wc.c:22	(at logger.py:129) 
2019-03-02 02:02:42,790 [D] |:F:n:WD_3:wc.c:21	(at logger.py:129) 
2019-03-02 02:02:42,790 [D] └:F:n:WD_3:wc.c:20	(at logger.py:129) 
2019-03-02 02:02:42,804 [D] subprocess cmd: ['source compile.sh /home/bohrok/Documents/DM/output/orbs/wc/12/work'], stdout: b''	(at ex_script.py:45) 
2019-03-02 02:02:42,804 [D] -:F:n:WD_1:wc.c:21	(at logger.py:129) 
2019-03-02 02:02:42,816 [D] subprocess cmd: ['source compile.sh /home/bohrok/Documents/DM/output/orbs/wc/12/work'], stdout: b''	(at ex_script.py:45) 
2019-03-02 02:02:42,816 [D] ┌:F:n:WD_2:wc.c:21	(at logger.py:129) 
2019-03-02 02:02:42,816 [D] └:F:n:WD_2:wc.c:20	(at logger.py:129) 
2019-03-02 02:02:42,828 [D] subprocess cmd: ['source compile.sh /home/bohrok/Documents/DM/output/orbs/wc/12/work'], stdout: b''	(at ex_script.py:45) 
2019-03-02 02:02:42,829 [D] ┌:F:n:WD_3:wc.c:21	(at logger.py:129) 
2019-03-02 02:02:42,829 [D] |:F:n:WD_3:wc.c:20	(at logger.py:129) 
2019-03-02 02:02:42,829 [D] └:F:n:WD_3:wc.c:19	(at logger.py:129) 
2019-03-02 02:02:42,843 [D] subprocess cmd: ['source compile.sh /home/bohrok/Documents/DM/output/orbs/wc/12/work'], stdout: b''	(at ex_script.py:45) 
2019-03-02 02:02:42,843 [D] -:F:n:WD_1:wc.c:20	(at logger.py:129) 
2019-03-02 02:02:42,858 [D] subprocess cmd: ['source compile.sh /home/bohrok/Documents/DM/output/orbs/wc/12/work'], stdout: b''	(at ex_script.py:45) 
2019-03-02 02:02:42,858 [D] ┌:F:n:WD_2:wc.c:20	(at logger.py:129) 
2019-03-02 02:02:42,858 [D] └:F:n:WD_2:wc.c:19	(at logger.py:129) 
2019-03-02 02:02:42,858 [D] ┌:F:n:WD_3:wc.c:20	(at logger.py:129) 
2019-03-02 02:02:42,858 [D] |:F:n:WD_3:wc.c:19	(at logger.py:129) 
2019-03-02 02:02:42,859 [D] └:F:n:WD_3:wc.c:17	(at logger.py:129) 
2019-03-02 02:02:42,872 [D] subprocess cmd: ['source compile.sh /home/bohrok/Documents/DM/output/orbs/wc/12/work'], stdout: b''	(at ex_script.py:45) 
2019-03-02 02:02:42,872 [D] -:F:n:WD_1:wc.c:19	(at logger.py:129) 
2019-03-02 02:02:42,904 [D] ┌:P:c:WD_2:wc.c:19	(at logger.py:129) 
2019-03-02 02:02:42,905 [D] └:P:c:WD_2:wc.c:17	(at logger.py:129) 
2019-03-02 02:02:42,905 [D]  : : :pass:wc.c:18	(at logger.py:129) 
2019-03-02 02:02:42,905 [D]  : : :pass:wc.c:17	(at logger.py:129) 
2019-03-02 02:02:42,905 [D]  : : :pass:wc.c:16	(at logger.py:129) 
2019-03-02 02:02:42,905 [D]  : : :pass:wc.c:15	(at logger.py:129) 
2019-03-02 02:02:42,916 [D] subprocess cmd: ['source compile.sh /home/bohrok/Documents/DM/output/orbs/wc/12/work'], stdout: b''	(at ex_script.py:45) 
2019-03-02 02:02:42,916 [D] -:F:n:WD_1:wc.c:14	(at logger.py:129) 
2019-03-02 02:02:42,926 [D] subprocess cmd: ['source compile.sh /home/bohrok/Documents/DM/output/orbs/wc/12/work'], stdout: b''	(at ex_script.py:45) 
2019-03-02 02:02:42,927 [D] ┌:F:n:WD_2:wc.c:14	(at logger.py:129) 
2019-03-02 02:02:42,927 [D] └:F:n:WD_2:wc.c:13	(at logger.py:129) 
2019-03-02 02:02:42,941 [D] subprocess cmd: ['source compile.sh /home/bohrok/Documents/DM/output/orbs/wc/12/work'], stdout: b''	(at ex_script.py:45) 
2019-03-02 02:02:42,941 [D] ┌:F:n:WD_3:wc.c:14	(at logger.py:129) 
2019-03-02 02:02:42,941 [D] |:F:n:WD_3:wc.c:13	(at logger.py:129) 
2019-03-02 02:02:42,941 [D] └:F:n:WD_3:wc.c:12	(at logger.py:129) 
2019-03-02 02:02:42,989 [D] subprocess cmd: ['source execute.sh /home/bohrok/Documents/DM/output/orbs/wc/12/work'], stdout: b''	(at ex_script.py:45) 
2019-03-02 02:02:42,990 [D] -:C:n:WD_1:wc.c:13	(at logger.py:129) 
2019-03-02 02:02:43,022 [D] ┌:C:c:WD_2:wc.c:13	(at logger.py:129) 
2019-03-02 02:02:43,022 [D] └:C:c:WD_2:wc.c:12	(at logger.py:129) 
2019-03-02 02:02:43,067 [D] subprocess cmd: ['source execute.sh /home/bohrok/Documents/DM/output/orbs/wc/12/work'], stdout: b''	(at ex_script.py:45) 
2019-03-02 02:02:43,067 [D] ┌:C:n:WD_3:wc.c:13	(at logger.py:129) 
2019-03-02 02:02:43,068 [D] |:C:n:WD_3:wc.c:12	(at logger.py:129) 
2019-03-02 02:02:43,068 [D] └:C:n:WD_3:wc.c:10	(at logger.py:129) 
2019-03-02 02:02:43,119 [D] -:C:n:WD_1:wc.c:12	(at logger.py:129) 
2019-03-02 02:02:43,158 [D] ┌:C:n:WD_2:wc.c:12	(at logger.py:129) 
2019-03-02 02:02:43,158 [D] └:C:n:WD_2:wc.c:10	(at logger.py:129) 
2019-03-02 02:02:43,169 [D] subprocess cmd: ['source compile.sh /home/bohrok/Documents/DM/output/orbs/wc/12/work'], stdout: b''	(at ex_script.py:45) 
2019-03-02 02:02:43,169 [D] ┌:F:n:WD_3:wc.c:12	(at logger.py:129) 
2019-03-02 02:02:43,169 [D] |:F:n:WD_3:wc.c:10	(at logger.py:129) 
2019-03-02 02:02:43,169 [D] └:F:n:WD_3:wc.c:9	(at logger.py:129) 
2019-03-02 02:02:43,169 [D]  : : :pass:wc.c:11	(at logger.py:129) 
2019-03-02 02:02:43,211 [D] -:C:n:WD_1:wc.c:10	(at logger.py:129) 
2019-03-02 02:02:43,224 [D] subprocess cmd: ['source compile.sh /home/bohrok/Documents/DM/output/orbs/wc/12/work'], stdout: b''	(at ex_script.py:45) 
2019-03-02 02:02:43,224 [D] ┌:F:n:WD_2:wc.c:10	(at logger.py:129) 
2019-03-02 02:02:43,224 [D] └:F:n:WD_2:wc.c:9	(at logger.py:129) 
2019-03-02 02:02:43,235 [D] subprocess cmd: ['source compile.sh /home/bohrok/Documents/DM/output/orbs/wc/12/work'], stdout: b''	(at ex_script.py:45) 
2019-03-02 02:02:43,236 [D] ┌:F:n:WD_3:wc.c:10	(at logger.py:129) 
2019-03-02 02:02:43,236 [D] |:F:n:WD_3:wc.c:9	(at logger.py:129) 
2019-03-02 02:02:43,236 [D] └:F:n:WD_3:wc.c:8	(at logger.py:129) 
2019-03-02 02:02:43,246 [D] subprocess cmd: ['source compile.sh /home/bohrok/Documents/DM/output/orbs/wc/12/work'], stdout: b''	(at ex_script.py:45) 
2019-03-02 02:02:43,247 [D] -:F:n:WD_1:wc.c:9	(at logger.py:129) 
2019-03-02 02:02:43,258 [D] subprocess cmd: ['source compile.sh /home/bohrok/Documents/DM/output/orbs/wc/12/work'], stdout: b''	(at ex_script.py:45) 
2019-03-02 02:02:43,258 [D] ┌:F:n:WD_2:wc.c:9	(at logger.py:129) 
2019-03-02 02:02:43,259 [D] └:F:n:WD_2:wc.c:8	(at logger.py:129) 
2019-03-02 02:02:43,271 [D] subprocess cmd: ['source compile.sh /home/bohrok/Documents/DM/output/orbs/wc/12/work'], stdout: b''	(at ex_script.py:45) 
2019-03-02 02:02:43,271 [D] ┌:F:n:WD_3:wc.c:9	(at logger.py:129) 
2019-03-02 02:02:43,271 [D] |:F:n:WD_3:wc.c:8	(at logger.py:129) 
2019-03-02 02:02:43,271 [D] └:F:n:WD_3:wc.c:7	(at logger.py:129) 
2019-03-02 02:02:43,283 [D] subprocess cmd: ['source compile.sh /home/bohrok/Documents/DM/output/orbs/wc/12/work'], stdout: b''	(at ex_script.py:45) 
2019-03-02 02:02:43,283 [D] -:F:n:WD_1:wc.c:8	(at logger.py:129) 
2019-03-02 02:02:43,294 [D] subprocess cmd: ['source compile.sh /home/bohrok/Documents/DM/output/orbs/wc/12/work'], stdout: b''	(at ex_script.py:45) 
2019-03-02 02:02:43,294 [D] ┌:F:n:WD_2:wc.c:8	(at logger.py:129) 
2019-03-02 02:02:43,294 [D] └:F:n:WD_2:wc.c:7	(at logger.py:129) 
2019-03-02 02:02:43,307 [D] subprocess cmd: ['source compile.sh /home/bohrok/Documents/DM/output/orbs/wc/12/work'], stdout: b''	(at ex_script.py:45) 
2019-03-02 02:02:43,307 [D] ┌:F:n:WD_3:wc.c:8	(at logger.py:129) 
2019-03-02 02:02:43,307 [D] |:F:n:WD_3:wc.c:7	(at logger.py:129) 
2019-03-02 02:02:43,307 [D] └:F:n:WD_3:wc.c:5	(at logger.py:129) 
2019-03-02 02:02:43,320 [D] subprocess cmd: ['source compile.sh /home/bohrok/Documents/DM/output/orbs/wc/12/work'], stdout: b''	(at ex_script.py:45) 
2019-03-02 02:02:43,320 [D] -:F:n:WD_1:wc.c:7	(at logger.py:129) 
2019-03-02 02:02:43,334 [D] subprocess cmd: ['source compile.sh /home/bohrok/Documents/DM/output/orbs/wc/12/work'], stdout: b''	(at ex_script.py:45) 
2019-03-02 02:02:43,334 [D] ┌:F:n:WD_2:wc.c:7	(at logger.py:129) 
2019-03-02 02:02:43,334 [D] └:F:n:WD_2:wc.c:5	(at logger.py:129) 
2019-03-02 02:02:43,344 [D] subprocess cmd: ['source compile.sh /home/bohrok/Documents/DM/output/orbs/wc/12/work'], stdout: b''	(at ex_script.py:45) 
2019-03-02 02:02:43,345 [D] ┌:F:n:WD_3:wc.c:7	(at logger.py:129) 
2019-03-02 02:02:43,345 [D] |:F:n:WD_3:wc.c:5	(at logger.py:129) 
2019-03-02 02:02:43,345 [D] └:F:n:WD_3:wc.c:4	(at logger.py:129) 
2019-03-02 02:02:43,345 [D]  : : :pass:wc.c:6	(at logger.py:129) 
2019-03-02 02:02:43,357 [D] subprocess cmd: ['source compile.sh /home/bohrok/Documents/DM/output/orbs/wc/12/work'], stdout: b''	(at ex_script.py:45) 
2019-03-02 02:02:43,357 [D] -:F:n:WD_1:wc.c:5	(at logger.py:129) 
2019-03-02 02:02:43,368 [D] subprocess cmd: ['source compile.sh /home/bohrok/Documents/DM/output/orbs/wc/12/work'], stdout: b''	(at ex_script.py:45) 
2019-03-02 02:02:43,368 [D] ┌:F:n:WD_2:wc.c:5	(at logger.py:129) 
2019-03-02 02:02:43,368 [D] └:F:n:WD_2:wc.c:4	(at logger.py:129) 
2019-03-02 02:02:43,378 [D] subprocess cmd: ['source compile.sh /home/bohrok/Documents/DM/output/orbs/wc/12/work'], stdout: b''	(at ex_script.py:45) 
2019-03-02 02:02:43,378 [D] ┌:F:n:WD_3:wc.c:5	(at logger.py:129) 
2019-03-02 02:02:43,378 [D] |:F:n:WD_3:wc.c:4	(at logger.py:129) 
2019-03-02 02:02:43,378 [D] └:F:n:WD_3:wc.c:3	(at logger.py:129) 
2019-03-02 02:02:43,390 [D] subprocess cmd: ['source compile.sh /home/bohrok/Documents/DM/output/orbs/wc/12/work'], stdout: b''	(at ex_script.py:45) 
2019-03-02 02:02:43,390 [D] -:F:n:WD_1:wc.c:4	(at logger.py:129) 
2019-03-02 02:02:43,401 [D] subprocess cmd: ['source compile.sh /home/bohrok/Documents/DM/output/orbs/wc/12/work'], stdout: b''	(at ex_script.py:45) 
2019-03-02 02:02:43,402 [D] ┌:F:n:WD_2:wc.c:4	(at logger.py:129) 
2019-03-02 02:02:43,402 [D] └:F:n:WD_2:wc.c:3	(at logger.py:129) 
2019-03-02 02:02:43,412 [D] subprocess cmd: ['source compile.sh /home/bohrok/Documents/DM/output/orbs/wc/12/work'], stdout: b''	(at ex_script.py:45) 
2019-03-02 02:02:43,413 [D] ┌:F:n:WD_3:wc.c:4	(at logger.py:129) 
2019-03-02 02:02:43,413 [D] |:F:n:WD_3:wc.c:3	(at logger.py:129) 
2019-03-02 02:02:43,413 [D] └:F:n:WD_3:wc.c:2	(at logger.py:129) 
2019-03-02 02:02:43,424 [D] subprocess cmd: ['source compile.sh /home/bohrok/Documents/DM/output/orbs/wc/12/work'], stdout: b''	(at ex_script.py:45) 
2019-03-02 02:02:43,424 [D] -:F:n:WD_1:wc.c:3	(at logger.py:129) 
2019-03-02 02:02:43,436 [D] subprocess cmd: ['source compile.sh /home/bohrok/Documents/DM/output/orbs/wc/12/work'], stdout: b''	(at ex_script.py:45) 
2019-03-02 02:02:43,436 [D] ┌:F:n:WD_2:wc.c:3	(at logger.py:129) 
2019-03-02 02:02:43,437 [D] └:F:n:WD_2:wc.c:2	(at logger.py:129) 
2019-03-02 02:02:43,437 [D] ┌:F:n:WD_3:wc.c:3	(at logger.py:129) 
2019-03-02 02:02:43,437 [D] └:F:n:WD_3:wc.c:2	(at logger.py:129) 
2019-03-02 02:02:43,449 [D] subprocess cmd: ['source compile.sh /home/bohrok/Documents/DM/output/orbs/wc/12/work'], stdout: b''	(at ex_script.py:45) 
2019-03-02 02:02:43,449 [D] -:F:n:WD_1:wc.c:2	(at logger.py:129) 
2019-03-02 02:02:43,449 [D] -:F:n:WD_2:wc.c:2	(at logger.py:129) 
2019-03-02 02:02:43,449 [D] -:F:n:WD_3:wc.c:2	(at logger.py:129) 
2019-03-02 02:02:43,450 [D]  : : :pass:wc.c:1	(at logger.py:129) 
2019-03-02 02:02:43,450 [D] comp_cached_cnt:6	(at logger.py:134) 
2019-03-02 02:02:43,450 [D] compile_cnt:107	(at logger.py:134) 
2019-03-02 02:02:43,450 [D] execute_cnt:19	(at logger.py:134) 
2019-03-02 02:02:43,450 [D] fail_del_cnt:24	(at logger.py:134) 
2019-03-02 02:02:43,450 [D] iter_idx:2	(at logger.py:134) 
2019-03-02 02:02:43,450 [D] reuse_cnt:6	(at logger.py:134) 
2019-03-02 02:02:43,450 [D] succ_del_cnt:1	(at logger.py:134) 
2019-03-02 02:02:43,450 [D] time:2.2994935512542725	(at logger.py:134) 
2019-03-02 02:02:43,450 [D] deletion:11	(at logger.py:136) 
2019-03-02 02:02:43,450 [I] Iteration 2 finished	(at orbs.py:87) 
2019-03-02 02:02:43,462 [D] subprocess cmd: ['source compile.sh /home/bohrok/Documents/DM/output/orbs/wc/12/work'], stdout: b''	(at ex_script.py:45) 
2019-03-02 02:02:43,462 [D] -:F:n:WD_1:wc.c:48	(at logger.py:129) 
2019-03-02 02:02:43,475 [D] subprocess cmd: ['source compile.sh /home/bohrok/Documents/DM/output/orbs/wc/12/work'], stdout: b''	(at ex_script.py:45) 
2019-03-02 02:02:43,475 [D] ┌:F:n:WD_2:wc.c:48	(at logger.py:129) 
2019-03-02 02:02:43,475 [D] └:F:n:WD_2:wc.c:47	(at logger.py:129) 
2019-03-02 02:02:43,489 [D] subprocess cmd: ['source compile.sh /home/bohrok/Documents/DM/output/orbs/wc/12/work'], stdout: b''	(at ex_script.py:45) 
2019-03-02 02:02:43,489 [D] ┌:F:n:WD_3:wc.c:48	(at logger.py:129) 
2019-03-02 02:02:43,489 [D] |:F:n:WD_3:wc.c:47	(at logger.py:129) 
2019-03-02 02:02:43,489 [D] └:F:n:WD_3:wc.c:46	(at logger.py:129) 
2019-03-02 02:02:43,500 [D] subprocess cmd: ['source compile.sh /home/bohrok/Documents/DM/output/orbs/wc/12/work'], stdout: b''	(at ex_script.py:45) 
2019-03-02 02:02:43,501 [D] -:F:n:WD_1:wc.c:47	(at logger.py:129) 
2019-03-02 02:02:43,512 [D] subprocess cmd: ['source compile.sh /home/bohrok/Documents/DM/output/orbs/wc/12/work'], stdout: b''	(at ex_script.py:45) 
2019-03-02 02:02:43,513 [D] ┌:F:n:WD_2:wc.c:47	(at logger.py:129) 
2019-03-02 02:02:43,513 [D] └:F:n:WD_2:wc.c:46	(at logger.py:129) 
2019-03-02 02:02:43,546 [D] ┌:C:c:WD_3:wc.c:47	(at logger.py:129) 
2019-03-02 02:02:43,546 [D] |:C:c:WD_3:wc.c:46	(at logger.py:129) 
2019-03-02 02:02:43,546 [D] └:C:c:WD_3:wc.c:45	(at logger.py:129) 
2019-03-02 02:02:43,577 [D] -:C:c:WD_1:wc.c:46	(at logger.py:129) 
2019-03-02 02:02:43,589 [D] subprocess cmd: ['source compile.sh /home/bohrok/Documents/DM/output/orbs/wc/12/work'], stdout: b''	(at ex_script.py:45) 
2019-03-02 02:02:43,590 [D] ┌:F:n:WD_2:wc.c:46	(at logger.py:129) 
2019-03-02 02:02:43,590 [D] └:F:n:WD_2:wc.c:45	(at logger.py:129) 
2019-03-02 02:02:43,590 [D] ┌:C:c:WD_3:wc.c:46	(at logger.py:129) 
2019-03-02 02:02:43,590 [D] |:C:c:WD_3:wc.c:45	(at logger.py:129) 
2019-03-02 02:02:43,590 [D] └:C:c:WD_3:wc.c:43	(at logger.py:129) 
2019-03-02 02:02:43,600 [D] subprocess cmd: ['source compile.sh /home/bohrok/Documents/DM/output/orbs/wc/12/work'], stdout: b''	(at ex_script.py:45) 
2019-03-02 02:02:43,600 [D] -:F:n:WD_1:wc.c:45	(at logger.py:129) 
2019-03-02 02:02:43,632 [D] ┌:C:c:WD_2:wc.c:45	(at logger.py:129) 
2019-03-02 02:02:43,632 [D] └:C:c:WD_2:wc.c:43	(at logger.py:129) 
2019-03-02 02:02:43,663 [D] ┌:C:c:WD_3:wc.c:45	(at logger.py:129) 
2019-03-02 02:02:43,663 [D] |:C:c:WD_3:wc.c:43	(at logger.py:129) 
2019-03-02 02:02:43,663 [D] └:C:c:WD_3:wc.c:42	(at logger.py:129) 
2019-03-02 02:02:43,663 [D]  : : :pass:wc.c:44	(at logger.py:129) 
2019-03-02 02:02:43,675 [D] subprocess cmd: ['source compile.sh /home/bohrok/Documents/DM/output/orbs/wc/12/work'], stdout: b''	(at ex_script.py:45) 
2019-03-02 02:02:43,675 [D] -:F:n:WD_1:wc.c:43	(at logger.py:129) 
2019-03-02 02:02:43,686 [D] subprocess cmd: ['source compile.sh /home/bohrok/Documents/DM/output/orbs/wc/12/work'], stdout: b''	(at ex_script.py:45) 
2019-03-02 02:02:43,686 [D] ┌:F:n:WD_2:wc.c:43	(at logger.py:129) 
2019-03-02 02:02:43,686 [D] └:F:n:WD_2:wc.c:42	(at logger.py:129) 
2019-03-02 02:02:43,686 [D] ┌:C:c:WD_3:wc.c:43	(at logger.py:129) 
2019-03-02 02:02:43,686 [D] |:C:c:WD_3:wc.c:42	(at logger.py:129) 
2019-03-02 02:02:43,686 [D] └:C:c:WD_3:wc.c:41	(at logger.py:129) 
2019-03-02 02:02:43,717 [D] -:C:c:WD_1:wc.c:42	(at logger.py:129) 
2019-03-02 02:02:43,727 [D] subprocess cmd: ['source compile.sh /home/bohrok/Documents/DM/output/orbs/wc/12/work'], stdout: b''	(at ex_script.py:45) 
2019-03-02 02:02:43,728 [D] ┌:F:n:WD_2:wc.c:42	(at logger.py:129) 
2019-03-02 02:02:43,728 [D] └:F:n:WD_2:wc.c:41	(at logger.py:129) 
2019-03-02 02:02:43,740 [D] subprocess cmd: ['source compile.sh /home/bohrok/Documents/DM/output/orbs/wc/12/work'], stdout: b''	(at ex_script.py:45) 
2019-03-02 02:02:43,740 [D] ┌:F:n:WD_3:wc.c:42	(at logger.py:129) 
2019-03-02 02:02:43,740 [D] |:F:n:WD_3:wc.c:41	(at logger.py:129) 
2019-03-02 02:02:43,740 [D] └:F:n:WD_3:wc.c:40	(at logger.py:129) 
2019-03-02 02:02:43,751 [D] subprocess cmd: ['source compile.sh /home/bohrok/Documents/DM/output/orbs/wc/12/work'], stdout: b''	(at ex_script.py:45) 
2019-03-02 02:02:43,752 [D] -:F:n:WD_1:wc.c:41	(at logger.py:129) 
2019-03-02 02:02:43,761 [D] subprocess cmd: ['source compile.sh /home/bohrok/Documents/DM/output/orbs/wc/12/work'], stdout: b''	(at ex_script.py:45) 
2019-03-02 02:02:43,762 [D] ┌:F:n:WD_2:wc.c:41	(at logger.py:129) 
2019-03-02 02:02:43,762 [D] └:F:n:WD_2:wc.c:40	(at logger.py:129) 
2019-03-02 02:02:43,775 [D] subprocess cmd: ['source compile.sh /home/bohrok/Documents/DM/output/orbs/wc/12/work'], stdout: b''	(at ex_script.py:45) 
2019-03-02 02:02:43,775 [D] ┌:F:n:WD_3:wc.c:41	(at logger.py:129) 
2019-03-02 02:02:43,775 [D] |:F:n:WD_3:wc.c:40	(at logger.py:129) 
2019-03-02 02:02:43,775 [D] └:F:n:WD_3:wc.c:39	(at logger.py:129) 
2019-03-02 02:02:43,787 [D] subprocess cmd: ['source compile.sh /home/bohrok/Documents/DM/output/orbs/wc/12/work'], stdout: b''	(at ex_script.py:45) 
2019-03-02 02:02:43,787 [D] -:F:n:WD_1:wc.c:40	(at logger.py:129) 
2019-03-02 02:02:43,821 [D] ┌:C:c:WD_2:wc.c:40	(at logger.py:129) 
2019-03-02 02:02:43,821 [D] └:C:c:WD_2:wc.c:39	(at logger.py:129) 
2019-03-02 02:02:43,832 [D] subprocess cmd: ['source compile.sh /home/bohrok/Documents/DM/output/orbs/wc/12/work'], stdout: b''	(at ex_script.py:45) 
2019-03-02 02:02:43,833 [D] ┌:F:n:WD_3:wc.c:40	(at logger.py:129) 
2019-03-02 02:02:43,833 [D] |:F:n:WD_3:wc.c:39	(at logger.py:129) 
2019-03-02 02:02:43,833 [D] └:F:n:WD_3:wc.c:37	(at logger.py:129) 
2019-03-02 02:02:43,843 [D] subprocess cmd: ['source compile.sh /home/bohrok/Documents/DM/output/orbs/wc/12/work'], stdout: b''	(at ex_script.py:45) 
2019-03-02 02:02:43,844 [D] -:F:n:WD_1:wc.c:39	(at logger.py:129) 
2019-03-02 02:02:43,856 [D] subprocess cmd: ['source compile.sh /home/bohrok/Documents/DM/output/orbs/wc/12/work'], stdout: b''	(at ex_script.py:45) 
2019-03-02 02:02:43,856 [D] ┌:F:n:WD_2:wc.c:39	(at logger.py:129) 
2019-03-02 02:02:43,856 [D] └:F:n:WD_2:wc.c:37	(at logger.py:129) 
2019-03-02 02:02:43,869 [D] subprocess cmd: ['source compile.sh /home/bohrok/Documents/DM/output/orbs/wc/12/work'], stdout: b''	(at ex_script.py:45) 
2019-03-02 02:02:43,869 [D] ┌:F:n:WD_3:wc.c:39	(at logger.py:129) 
2019-03-02 02:02:43,869 [D] |:F:n:WD_3:wc.c:37	(at logger.py:129) 
2019-03-02 02:02:43,869 [D] └:F:n:WD_3:wc.c:36	(at logger.py:129) 
2019-03-02 02:02:43,869 [D]  : : :pass:wc.c:38	(at logger.py:129) 
2019-03-02 02:02:43,883 [D] subprocess cmd: ['source compile.sh /home/bohrok/Documents/DM/output/orbs/wc/12/work'], stdout: b''	(at ex_script.py:45) 
2019-03-02 02:02:43,883 [D] -:F:n:WD_1:wc.c:37	(at logger.py:129) 
2019-03-02 02:02:43,894 [D] subprocess cmd: ['source compile.sh /home/bohrok/Documents/DM/output/orbs/wc/12/work'], stdout: b''	(at ex_script.py:45) 
2019-03-02 02:02:43,895 [D] ┌:F:n:WD_2:wc.c:37	(at logger.py:129) 
2019-03-02 02:02:43,895 [D] └:F:n:WD_2:wc.c:36	(at logger.py:129) 
2019-03-02 02:02:43,929 [D] subprocess cmd: ['source compile.sh /home/bohrok/Documents/DM/output/orbs/wc/12/work'], stdout: b''	(at ex_script.py:45) 
2019-03-02 02:02:43,929 [D] ┌:F:n:WD_3:wc.c:37	(at logger.py:129) 
2019-03-02 02:02:43,929 [D] |:F:n:WD_3:wc.c:36	(at logger.py:129) 
2019-03-02 02:02:43,930 [D] └:F:n:WD_3:wc.c:35	(at logger.py:129) 
2019-03-02 02:02:43,941 [D] subprocess cmd: ['source compile.sh /home/bohrok/Documents/DM/output/orbs/wc/12/work'], stdout: b''	(at ex_script.py:45) 
2019-03-02 02:02:43,941 [D] -:F:n:WD_1:wc.c:36	(at logger.py:129) 
2019-03-02 02:02:43,952 [D] subprocess cmd: ['source compile.sh /home/bohrok/Documents/DM/output/orbs/wc/12/work'], stdout: b''	(at ex_script.py:45) 
2019-03-02 02:02:43,952 [D] ┌:F:n:WD_2:wc.c:36	(at logger.py:129) 
2019-03-02 02:02:43,952 [D] └:F:n:WD_2:wc.c:35	(at logger.py:129) 
2019-03-02 02:02:43,962 [D] subprocess cmd: ['source compile.sh /home/bohrok/Documents/DM/output/orbs/wc/12/work'], stdout: b''	(at ex_script.py:45) 
2019-03-02 02:02:43,962 [D] ┌:F:n:WD_3:wc.c:36	(at logger.py:129) 
2019-03-02 02:02:43,962 [D] |:F:n:WD_3:wc.c:35	(at logger.py:129) 
2019-03-02 02:02:43,962 [D] └:F:n:WD_3:wc.c:34	(at logger.py:129) 
2019-03-02 02:02:43,975 [D] subprocess cmd: ['source compile.sh /home/bohrok/Documents/DM/output/orbs/wc/12/work'], stdout: b''	(at ex_script.py:45) 
2019-03-02 02:02:43,975 [D] -:F:n:WD_1:wc.c:35	(at logger.py:129) 
2019-03-02 02:02:43,987 [D] subprocess cmd: ['source compile.sh /home/bohrok/Documents/DM/output/orbs/wc/12/work'], stdout: b''	(at ex_script.py:45) 
2019-03-02 02:02:43,987 [D] ┌:F:n:WD_2:wc.c:35	(at logger.py:129) 
2019-03-02 02:02:43,987 [D] └:F:n:WD_2:wc.c:34	(at logger.py:129) 
2019-03-02 02:02:43,999 [D] subprocess cmd: ['source compile.sh /home/bohrok/Documents/DM/output/orbs/wc/12/work'], stdout: b''	(at ex_script.py:45) 
2019-03-02 02:02:43,999 [D] ┌:F:n:WD_3:wc.c:35	(at logger.py:129) 
2019-03-02 02:02:43,999 [D] |:F:n:WD_3:wc.c:34	(at logger.py:129) 
2019-03-02 02:02:43,999 [D] └:F:n:WD_3:wc.c:33	(at logger.py:129) 
2019-03-02 02:02:44,010 [D] subprocess cmd: ['source compile.sh /home/bohrok/Documents/DM/output/orbs/wc/12/work'], stdout: b''	(at ex_script.py:45) 
2019-03-02 02:02:44,010 [D] -:F:n:WD_1:wc.c:34	(at logger.py:129) 
2019-03-02 02:02:44,022 [D] subprocess cmd: ['source compile.sh /home/bohrok/Documents/DM/output/orbs/wc/12/work'], stdout: b''	(at ex_script.py:45) 
2019-03-02 02:02:44,022 [D] ┌:F:n:WD_2:wc.c:34	(at logger.py:129) 
2019-03-02 02:02:44,022 [D] └:F:n:WD_2:wc.c:33	(at logger.py:129) 
2019-03-02 02:02:44,034 [D] subprocess cmd: ['source compile.sh /home/bohrok/Documents/DM/output/orbs/wc/12/work'], stdout: b''	(at ex_script.py:45) 
2019-03-02 02:02:44,034 [D] ┌:F:n:WD_3:wc.c:34	(at logger.py:129) 
2019-03-02 02:02:44,034 [D] |:F:n:WD_3:wc.c:33	(at logger.py:129) 
2019-03-02 02:02:44,035 [D] └:F:n:WD_3:wc.c:32	(at logger.py:129) 
2019-03-02 02:02:44,045 [D] subprocess cmd: ['source compile.sh /home/bohrok/Documents/DM/output/orbs/wc/12/work'], stdout: b''	(at ex_script.py:45) 
2019-03-02 02:02:44,045 [D] -:F:n:WD_1:wc.c:33	(at logger.py:129) 
2019-03-02 02:02:44,059 [D] subprocess cmd: ['source compile.sh /home/bohrok/Documents/DM/output/orbs/wc/12/work'], stdout: b''	(at ex_script.py:45) 
2019-03-02 02:02:44,059 [D] ┌:F:n:WD_2:wc.c:33	(at logger.py:129) 
2019-03-02 02:02:44,059 [D] └:F:n:WD_2:wc.c:32	(at logger.py:129) 
2019-03-02 02:02:44,073 [D] subprocess cmd: ['source compile.sh /home/bohrok/Documents/DM/output/orbs/wc/12/work'], stdout: b''	(at ex_script.py:45) 
2019-03-02 02:02:44,073 [D] ┌:F:n:WD_3:wc.c:33	(at logger.py:129) 
2019-03-02 02:02:44,073 [D] |:F:n:WD_3:wc.c:32	(at logger.py:129) 
2019-03-02 02:02:44,073 [D] └:F:n:WD_3:wc.c:31	(at logger.py:129) 
2019-03-02 02:02:44,106 [D] -:C:c:WD_1:wc.c:32	(at logger.py:129) 
2019-03-02 02:02:44,117 [D] subprocess cmd: ['source compile.sh /home/bohrok/Documents/DM/output/orbs/wc/12/work'], stdout: b''	(at ex_script.py:45) 
2019-03-02 02:02:44,117 [D] ┌:F:n:WD_2:wc.c:32	(at logger.py:129) 
2019-03-02 02:02:44,117 [D] └:F:n:WD_2:wc.c:31	(at logger.py:129) 
2019-03-02 02:02:44,127 [D] subprocess cmd: ['source compile.sh /home/bohrok/Documents/DM/output/orbs/wc/12/work'], stdout: b''	(at ex_script.py:45) 
2019-03-02 02:02:44,128 [D] ┌:F:n:WD_3:wc.c:32	(at logger.py:129) 
2019-03-02 02:02:44,128 [D] |:F:n:WD_3:wc.c:31	(at logger.py:129) 
2019-03-02 02:02:44,128 [D] └:F:n:WD_3:wc.c:30	(at logger.py:129) 
2019-03-02 02:02:44,140 [D] subprocess cmd: ['source compile.sh /home/bohrok/Documents/DM/output/orbs/wc/12/work'], stdout: b''	(at ex_script.py:45) 
2019-03-02 02:02:44,141 [D] -:F:n:WD_1:wc.c:31	(at logger.py:129) 
2019-03-02 02:02:44,153 [D] subprocess cmd: ['source compile.sh /home/bohrok/Documents/DM/output/orbs/wc/12/work'], stdout: b''	(at ex_script.py:45) 
2019-03-02 02:02:44,153 [D] ┌:F:n:WD_2:wc.c:31	(at logger.py:129) 
2019-03-02 02:02:44,153 [D] └:F:n:WD_2:wc.c:30	(at logger.py:129) 
2019-03-02 02:02:44,185 [D] ┌:C:c:WD_3:wc.c:31	(at logger.py:129) 
2019-03-02 02:02:44,185 [D] |:C:c:WD_3:wc.c:30	(at logger.py:129) 
2019-03-02 02:02:44,185 [D] └:C:c:WD_3:wc.c:29	(at logger.py:129) 
2019-03-02 02:02:44,218 [D] -:C:c:WD_1:wc.c:30	(at logger.py:129) 
2019-03-02 02:02:44,228 [D] subprocess cmd: ['source compile.sh /home/bohrok/Documents/DM/output/orbs/wc/12/work'], stdout: b''	(at ex_script.py:45) 
2019-03-02 02:02:44,228 [D] ┌:F:n:WD_2:wc.c:30	(at logger.py:129) 
2019-03-02 02:02:44,228 [D] └:F:n:WD_2:wc.c:29	(at logger.py:129) 
2019-03-02 02:02:44,241 [D] subprocess cmd: ['source compile.sh /home/bohrok/Documents/DM/output/orbs/wc/12/work'], stdout: b''	(at ex_script.py:45) 
2019-03-02 02:02:44,241 [D] ┌:F:n:WD_3:wc.c:30	(at logger.py:129) 
2019-03-02 02:02:44,241 [D] |:F:n:WD_3:wc.c:29	(at logger.py:129) 
2019-03-02 02:02:44,241 [D] └:F:n:WD_3:wc.c:28	(at logger.py:129) 
2019-03-02 02:02:44,252 [D] subprocess cmd: ['source compile.sh /home/bohrok/Documents/DM/output/orbs/wc/12/work'], stdout: b''	(at ex_script.py:45) 
2019-03-02 02:02:44,252 [D] -:F:n:WD_1:wc.c:29	(at logger.py:129) 
2019-03-02 02:02:44,262 [D] subprocess cmd: ['source compile.sh /home/bohrok/Documents/DM/output/orbs/wc/12/work'], stdout: b''	(at ex_script.py:45) 
2019-03-02 02:02:44,263 [D] ┌:F:n:WD_2:wc.c:29	(at logger.py:129) 
2019-03-02 02:02:44,263 [D] └:F:n:WD_2:wc.c:28	(at logger.py:129) 
2019-03-02 02:02:44,276 [D] subprocess cmd: ['source compile.sh /home/bohrok/Documents/DM/output/orbs/wc/12/work'], stdout: b''	(at ex_script.py:45) 
2019-03-02 02:02:44,276 [D] ┌:F:n:WD_3:wc.c:29	(at logger.py:129) 
2019-03-02 02:02:44,276 [D] |:F:n:WD_3:wc.c:28	(at logger.py:129) 
2019-03-02 02:02:44,276 [D] └:F:n:WD_3:wc.c:27	(at logger.py:129) 
2019-03-02 02:02:44,288 [D] subprocess cmd: ['source compile.sh /home/bohrok/Documents/DM/output/orbs/wc/12/work'], stdout: b''	(at ex_script.py:45) 
2019-03-02 02:02:44,289 [D] -:F:n:WD_1:wc.c:28	(at logger.py:129) 
2019-03-02 02:02:44,300 [D] subprocess cmd: ['source compile.sh /home/bohrok/Documents/DM/output/orbs/wc/12/work'], stdout: b''	(at ex_script.py:45) 
2019-03-02 02:02:44,300 [D] ┌:F:n:WD_2:wc.c:28	(at logger.py:129) 
2019-03-02 02:02:44,300 [D] └:F:n:WD_2:wc.c:27	(at logger.py:129) 
2019-03-02 02:02:44,311 [D] subprocess cmd: ['source compile.sh /home/bohrok/Documents/DM/output/orbs/wc/12/work'], stdout: b''	(at ex_script.py:45) 
2019-03-02 02:02:44,311 [D] ┌:F:n:WD_3:wc.c:28	(at logger.py:129) 
2019-03-02 02:02:44,311 [D] |:F:n:WD_3:wc.c:27	(at logger.py:129) 
2019-03-02 02:02:44,311 [D] └:F:n:WD_3:wc.c:26	(at logger.py:129) 
2019-03-02 02:02:44,346 [D] -:C:c:WD_1:wc.c:27	(at logger.py:129) 
2019-03-02 02:02:44,379 [D] ┌:C:c:WD_2:wc.c:27	(at logger.py:129) 
2019-03-02 02:02:44,379 [D] └:C:c:WD_2:wc.c:26	(at logger.py:129) 
2019-03-02 02:02:44,411 [D] ┌:C:c:WD_3:wc.c:27	(at logger.py:129) 
2019-03-02 02:02:44,411 [D] |:C:c:WD_3:wc.c:26	(at logger.py:129) 
2019-03-02 02:02:44,411 [D] └:C:c:WD_3:wc.c:25	(at logger.py:129) 
2019-03-02 02:02:44,445 [D] -:C:c:WD_1:wc.c:26	(at logger.py:129) 
2019-03-02 02:02:44,478 [D] ┌:C:c:WD_2:wc.c:26	(at logger.py:129) 
2019-03-02 02:02:44,478 [D] └:C:c:WD_2:wc.c:25	(at logger.py:129) 
2019-03-02 02:02:44,491 [D] subprocess cmd: ['source compile.sh /home/bohrok/Documents/DM/output/orbs/wc/12/work'], stdout: b''	(at ex_script.py:45) 
2019-03-02 02:02:44,491 [D] ┌:F:n:WD_3:wc.c:26	(at logger.py:129) 
2019-03-02 02:02:44,492 [D] |:F:n:WD_3:wc.c:25	(at logger.py:129) 
2019-03-02 02:02:44,492 [D] └:F:n:WD_3:wc.c:23	(at logger.py:129) 
2019-03-02 02:02:44,523 [D] -:C:c:WD_1:wc.c:25	(at logger.py:129) 
2019-03-02 02:02:44,534 [D] subprocess cmd: ['source compile.sh /home/bohrok/Documents/DM/output/orbs/wc/12/work'], stdout: b''	(at ex_script.py:45) 
2019-03-02 02:02:44,535 [D] ┌:F:n:WD_2:wc.c:25	(at logger.py:129) 
2019-03-02 02:02:44,535 [D] └:F:n:WD_2:wc.c:23	(at logger.py:129) 
2019-03-02 02:02:44,544 [D] subprocess cmd: ['source compile.sh /home/bohrok/Documents/DM/output/orbs/wc/12/work'], stdout: b''	(at ex_script.py:45) 
2019-03-02 02:02:44,544 [D] ┌:F:n:WD_3:wc.c:25	(at logger.py:129) 
2019-03-02 02:02:44,545 [D] |:F:n:WD_3:wc.c:23	(at logger.py:129) 
2019-03-02 02:02:44,545 [D] └:F:n:WD_3:wc.c:22	(at logger.py:129) 
2019-03-02 02:02:44,545 [D]  : : :pass:wc.c:24	(at logger.py:129) 
2019-03-02 02:02:44,557 [D] subprocess cmd: ['source compile.sh /home/bohrok/Documents/DM/output/orbs/wc/12/work'], stdout: b''	(at ex_script.py:45) 
2019-03-02 02:02:44,557 [D] -:F:n:WD_1:wc.c:23	(at logger.py:129) 
2019-03-02 02:02:44,569 [D] subprocess cmd: ['source compile.sh /home/bohrok/Documents/DM/output/orbs/wc/12/work'], stdout: b''	(at ex_script.py:45) 
2019-03-02 02:02:44,569 [D] ┌:F:n:WD_2:wc.c:23	(at logger.py:129) 
2019-03-02 02:02:44,569 [D] └:F:n:WD_2:wc.c:22	(at logger.py:129) 
2019-03-02 02:02:44,580 [D] subprocess cmd: ['source compile.sh /home/bohrok/Documents/DM/output/orbs/wc/12/work'], stdout: b''	(at ex_script.py:45) 
2019-03-02 02:02:44,580 [D] ┌:F:n:WD_3:wc.c:23	(at logger.py:129) 
2019-03-02 02:02:44,581 [D] |:F:n:WD_3:wc.c:22	(at logger.py:129) 
2019-03-02 02:02:44,581 [D] └:F:n:WD_3:wc.c:21	(at logger.py:129) 
2019-03-02 02:02:44,614 [D] -:C:c:WD_1:wc.c:22	(at logger.py:129) 
2019-03-02 02:02:44,626 [D] subprocess cmd: ['source compile.sh /home/bohrok/Documents/DM/output/orbs/wc/12/work'], stdout: b''	(at ex_script.py:45) 
2019-03-02 02:02:44,626 [D] ┌:F:n:WD_2:wc.c:22	(at logger.py:129) 
2019-03-02 02:02:44,626 [D] └:F:n:WD_2:wc.c:21	(at logger.py:129) 
2019-03-02 02:02:44,638 [D] subprocess cmd: ['source compile.sh /home/bohrok/Documents/DM/output/orbs/wc/12/work'], stdout: b''	(at ex_script.py:45) 
2019-03-02 02:02:44,638 [D] ┌:F:n:WD_3:wc.c:22	(at logger.py:129) 
2019-03-02 02:02:44,638 [D] |:F:n:WD_3:wc.c:21	(at logger.py:129) 
2019-03-02 02:02:44,638 [D] └:F:n:WD_3:wc.c:20	(at logger.py:129) 
2019-03-02 02:02:44,650 [D] subprocess cmd: ['source compile.sh /home/bohrok/Documents/DM/output/orbs/wc/12/work'], stdout: b''	(at ex_script.py:45) 
2019-03-02 02:02:44,650 [D] -:F:n:WD_1:wc.c:21	(at logger.py:129) 
2019-03-02 02:02:44,660 [D] subprocess cmd: ['source compile.sh /home/bohrok/Documents/DM/output/orbs/wc/12/work'], stdout: b''	(at ex_script.py:45) 
2019-03-02 02:02:44,660 [D] ┌:F:n:WD_2:wc.c:21	(at logger.py:129) 
2019-03-02 02:02:44,660 [D] └:F:n:WD_2:wc.c:20	(at logger.py:129) 
2019-03-02 02:02:44,672 [D] subprocess cmd: ['source compile.sh /home/bohrok/Documents/DM/output/orbs/wc/12/work'], stdout: b''	(at ex_script.py:45) 
2019-03-02 02:02:44,672 [D] ┌:F:n:WD_3:wc.c:21	(at logger.py:129) 
2019-03-02 02:02:44,672 [D] |:F:n:WD_3:wc.c:20	(at logger.py:129) 
2019-03-02 02:02:44,672 [D] └:F:n:WD_3:wc.c:14	(at logger.py:129) 
2019-03-02 02:02:44,672 [D] -:F:n:WD_1:wc.c:20	(at logger.py:129) 
2019-03-02 02:02:44,684 [D] subprocess cmd: ['source compile.sh /home/bohrok/Documents/DM/output/orbs/wc/12/work'], stdout: b''	(at ex_script.py:45) 
2019-03-02 02:02:44,684 [D] ┌:F:n:WD_2:wc.c:20	(at logger.py:129) 
2019-03-02 02:02:44,684 [D] └:F:n:WD_2:wc.c:14	(at logger.py:129) 
2019-03-02 02:02:44,694 [D] subprocess cmd: ['source compile.sh /home/bohrok/Documents/DM/output/orbs/wc/12/work'], stdout: b''	(at ex_script.py:45) 
2019-03-02 02:02:44,694 [D] ┌:F:n:WD_3:wc.c:20	(at logger.py:129) 
2019-03-02 02:02:44,695 [D] |:F:n:WD_3:wc.c:14	(at logger.py:129) 
2019-03-02 02:02:44,695 [D] └:F:n:WD_3:wc.c:13	(at logger.py:129) 
2019-03-02 02:02:44,695 [D]  : : :pass:wc.c:19	(at logger.py:129) 
2019-03-02 02:02:44,695 [D]  : : :pass:wc.c:18	(at logger.py:129) 
2019-03-02 02:02:44,695 [D]  : : :pass:wc.c:17	(at logger.py:129) 
2019-03-02 02:02:44,695 [D]  : : :pass:wc.c:16	(at logger.py:129) 
2019-03-02 02:02:44,695 [D]  : : :pass:wc.c:15	(at logger.py:129) 
2019-03-02 02:02:44,695 [D] -:F:n:WD_1:wc.c:14	(at logger.py:129) 
2019-03-02 02:02:44,695 [D] ┌:F:n:WD_2:wc.c:14	(at logger.py:129) 
2019-03-02 02:02:44,695 [D] └:F:n:WD_2:wc.c:13	(at logger.py:129) 
2019-03-02 02:02:44,695 [D] ┌:F:n:WD_3:wc.c:14	(at logger.py:129) 
2019-03-02 02:02:44,695 [D] |:F:n:WD_3:wc.c:13	(at logger.py:129) 
2019-03-02 02:02:44,695 [D] └:F:n:WD_3:wc.c:12	(at logger.py:129) 
2019-03-02 02:02:44,695 [D] -:C:c:WD_1:wc.c:13	(at logger.py:129) 
2019-03-02 02:02:44,696 [D] ┌:C:c:WD_2:wc.c:13	(at logger.py:129) 
2019-03-02 02:02:44,696 [D] └:C:c:WD_2:wc.c:12	(at logger.py:129) 
2019-03-02 02:02:44,696 [D] ┌:C:c:WD_3:wc.c:13	(at logger.py:129) 
2019-03-02 02:02:44,696 [D] |:C:c:WD_3:wc.c:12	(at logger.py:129) 
2019-03-02 02:02:44,696 [D] └:C:c:WD_3:wc.c:10	(at logger.py:129) 
2019-03-02 02:02:44,696 [D] -:C:c:WD_1:wc.c:12	(at logger.py:129) 
2019-03-02 02:02:44,696 [D] ┌:C:c:WD_2:wc.c:12	(at logger.py:129) 
2019-03-02 02:02:44,696 [D] └:C:c:WD_2:wc.c:10	(at logger.py:129) 
2019-03-02 02:02:44,696 [D] ┌:F:n:WD_3:wc.c:12	(at logger.py:129) 
2019-03-02 02:02:44,696 [D] |:F:n:WD_3:wc.c:10	(at logger.py:129) 
2019-03-02 02:02:44,696 [D] └:F:n:WD_3:wc.c:9	(at logger.py:129) 
2019-03-02 02:02:44,696 [D]  : : :pass:wc.c:11	(at logger.py:129) 
2019-03-02 02:02:44,697 [D] -:C:c:WD_1:wc.c:10	(at logger.py:129) 
2019-03-02 02:02:44,697 [D] ┌:F:n:WD_2:wc.c:10	(at logger.py:129) 
2019-03-02 02:02:44,697 [D] └:F:n:WD_2:wc.c:9	(at logger.py:129) 
2019-03-02 02:02:44,697 [D] ┌:F:n:WD_3:wc.c:10	(at logger.py:129) 
2019-03-02 02:02:44,697 [D] |:F:n:WD_3:wc.c:9	(at logger.py:129) 
2019-03-02 02:02:44,697 [D] └:F:n:WD_3:wc.c:8	(at logger.py:129) 
2019-03-02 02:02:44,697 [D] -:F:n:WD_1:wc.c:9	(at logger.py:129) 
2019-03-02 02:02:44,697 [D] ┌:F:n:WD_2:wc.c:9	(at logger.py:129) 
2019-03-02 02:02:44,697 [D] └:F:n:WD_2:wc.c:8	(at logger.py:129) 
2019-03-02 02:02:44,697 [D] ┌:F:n:WD_3:wc.c:9	(at logger.py:129) 
2019-03-02 02:02:44,697 [D] |:F:n:WD_3:wc.c:8	(at logger.py:129) 
2019-03-02 02:02:44,697 [D] └:F:n:WD_3:wc.c:7	(at logger.py:129) 
2019-03-02 02:02:44,698 [D] -:F:n:WD_1:wc.c:8	(at logger.py:129) 
2019-03-02 02:02:44,698 [D] ┌:F:n:WD_2:wc.c:8	(at logger.py:129) 
2019-03-02 02:02:44,698 [D] └:F:n:WD_2:wc.c:7	(at logger.py:129) 
2019-03-02 02:02:44,698 [D] ┌:F:n:WD_3:wc.c:8	(at logger.py:129) 
2019-03-02 02:02:44,698 [D] |:F:n:WD_3:wc.c:7	(at logger.py:129) 
2019-03-02 02:02:44,698 [D] └:F:n:WD_3:wc.c:5	(at logger.py:129) 
2019-03-02 02:02:44,698 [D] -:F:n:WD_1:wc.c:7	(at logger.py:129) 
2019-03-02 02:02:44,698 [D] ┌:F:n:WD_2:wc.c:7	(at logger.py:129) 
2019-03-02 02:02:44,698 [D] └:F:n:WD_2:wc.c:5	(at logger.py:129) 
2019-03-02 02:02:44,698 [D] ┌:F:n:WD_3:wc.c:7	(at logger.py:129) 
2019-03-02 02:02:44,698 [D] |:F:n:WD_3:wc.c:5	(at logger.py:129) 
2019-03-02 02:02:44,698 [D] └:F:n:WD_3:wc.c:4	(at logger.py:129) 
2019-03-02 02:02:44,698 [D]  : : :pass:wc.c:6	(at logger.py:129) 
2019-03-02 02:02:44,698 [D] -:F:n:WD_1:wc.c:5	(at logger.py:129) 
2019-03-02 02:02:44,699 [D] ┌:F:n:WD_2:wc.c:5	(at logger.py:129) 
2019-03-02 02:02:44,699 [D] └:F:n:WD_2:wc.c:4	(at logger.py:129) 
2019-03-02 02:02:44,699 [D] ┌:F:n:WD_3:wc.c:5	(at logger.py:129) 
2019-03-02 02:02:44,699 [D] |:F:n:WD_3:wc.c:4	(at logger.py:129) 
2019-03-02 02:02:44,699 [D] └:F:n:WD_3:wc.c:3	(at logger.py:129) 
2019-03-02 02:02:44,699 [D] -:F:n:WD_1:wc.c:4	(at logger.py:129) 
2019-03-02 02:02:44,699 [D] ┌:F:n:WD_2:wc.c:4	(at logger.py:129) 
2019-03-02 02:02:44,699 [D] └:F:n:WD_2:wc.c:3	(at logger.py:129) 
2019-03-02 02:02:44,699 [D] ┌:F:n:WD_3:wc.c:4	(at logger.py:129) 
2019-03-02 02:02:44,699 [D] |:F:n:WD_3:wc.c:3	(at logger.py:129) 
2019-03-02 02:02:44,699 [D] └:F:n:WD_3:wc.c:2	(at logger.py:129) 
2019-03-02 02:02:44,699 [D] -:F:n:WD_1:wc.c:3	(at logger.py:129) 
2019-03-02 02:02:44,699 [D] ┌:F:n:WD_2:wc.c:3	(at logger.py:129) 
2019-03-02 02:02:44,699 [D] └:F:n:WD_2:wc.c:2	(at logger.py:129) 
2019-03-02 02:02:44,700 [D] ┌:F:n:WD_3:wc.c:3	(at logger.py:129) 
2019-03-02 02:02:44,700 [D] └:F:n:WD_3:wc.c:2	(at logger.py:129) 
2019-03-02 02:02:44,700 [D] -:F:n:WD_1:wc.c:2	(at logger.py:129) 
2019-03-02 02:02:44,700 [D] -:F:n:WD_2:wc.c:2	(at logger.py:129) 
2019-03-02 02:02:44,700 [D] -:F:n:WD_3:wc.c:2	(at logger.py:129) 
2019-03-02 02:02:44,700 [D]  : : :pass:wc.c:1	(at logger.py:129) 
2019-03-02 02:02:44,700 [D] comp_cached_cnt:36	(at logger.py:134) 
2019-03-02 02:02:44,700 [D] compile_cnt:75	(at logger.py:134) 
2019-03-02 02:02:44,700 [D] execute_cnt:0	(at logger.py:134) 
2019-03-02 02:02:44,700 [D] fail_del_cnt:24	(at logger.py:134) 
2019-03-02 02:02:44,700 [D] iter_idx:3	(at logger.py:134) 
2019-03-02 02:02:44,700 [D] reuse_cnt:24	(at logger.py:134) 
2019-03-02 02:02:44,700 [D] succ_del_cnt:0	(at logger.py:134) 
2019-03-02 02:02:44,700 [D] time:1.2494959831237793	(at logger.py:134) 
2019-03-02 02:02:44,700 [D] deletion:11	(at logger.py:136) 
2019-03-02 02:02:44,701 [I] Iteration 3 finished	(at orbs.py:87) 
2019-03-02 02:02:44,701 [D] total_lines:48	(at logger.py:74) 
2019-03-02 02:02:44,701 [D] iteration_cnt:3	(at logger.py:75) 
2019-03-02 02:02:44,701 [D] comp_cached_cnt:43	(at logger.py:79) 
2019-03-02 02:02:44,701 [D] compile_cnt:307	(at logger.py:79) 
2019-03-02 02:02:44,701 [D] execute_cnt:48	(at logger.py:79) 
2019-03-02 02:02:44,701 [D] fail_del_cnt:75	(at logger.py:79) 
2019-03-02 02:02:44,701 [D] reuse_cnt:37	(at logger.py:79) 
2019-03-02 02:02:44,701 [D] succ_del_cnt:10	(at logger.py:79) 
2019-03-02 02:02:44,701 [D] time:6.479721307754517	(at logger.py:80) 
2019-03-02 02:02:44,701 [D] deletion:11	(at logger.py:82) 
2019-03-02 02:02:44,701 [I] ORBS fin.	(at orbs.py:91) 
2019-03-02 02:02:44,701 [I] ===== END - RUN ==============================================	(at main.py:95) 
2019-03-02 02:02:44,701 [I] 	(at main.py:96) 
