2019-01-23 05:35:04,079 [I] Set default doe_random_threshold: 1 / (21:factor_size) = 0.047619047619047616	(at doe.py:18) 
2019-01-23 05:35:04,101 [I] Initial factor queue size: 100	(at doe_manager.py:29) 
2019-01-23 05:35:04,101 [I] Start iteration.	(at main.py:48) 
2019-01-23 05:35:04,101 [I] Iter idx: 0, Qsize: 99	(at main.py:51) 
2019-01-23 05:35:04,101 [I] Curr factor: [0, 0, 0, 0, 0, 0, 0, 0, 0, 0, 0, 0, 0, 0, 0, 0, 0, 0, 0, 0, 0]	(at main.py:53) 
2019-01-23 05:35:04,224 [I] Response: [True, True, True, True, True, True, True, True, True, True, True, True, True, True, True, True]	(at main.py:56) 
2019-01-23 05:35:04,224 [I] Iter idx: 1, Qsize: 98	(at main.py:51) 
2019-01-23 05:35:04,224 [I] Curr factor: [0, 1, 1, 1, 1, 1, 1, 1, 1, 1, 0, 0, 0, 0, 0, 0, 0, 0, 0, 0, 0]	(at main.py:53) 
2019-01-23 05:35:04,330 [I] Response: [True, True, False, False, False, False, False, False, False, False, False, False, False, False, False, False]	(at main.py:56) 
2019-01-23 05:35:04,330 [I] Iter idx: 2, Qsize: 97	(at main.py:51) 
2019-01-23 05:35:04,330 [I] Curr factor: [0, 0, 0, 0, 1, 1, 1, 1, 1, 1, 0, 0, 1, 0, 0, 0, 0, 0, 0, 0, 0]	(at main.py:53) 
2019-01-23 05:35:04,685 [I] Response: [True, False, False, False, False, False, False, False, False, False, False, False, False, False, False, False]	(at main.py:56) 
2019-01-23 05:35:04,685 [I] Iter idx: 3, Qsize: 96	(at main.py:51) 
2019-01-23 05:35:04,685 [I] Curr factor: [0, 0, 0, 0, 0, 0, 0, 0, 0, 0, 0, 0, 0, 0, 0, 0, 1, 0, 1, 0, 0]	(at main.py:53) 
2019-01-23 05:35:05,094 [I] Response: [True, False, False, False, False, False, False, False, False, False, False, False, False, False, False, False]	(at main.py:56) 
2019-01-23 05:35:05,094 [I] Iter idx: 4, Qsize: 95	(at main.py:51) 
2019-01-23 05:35:05,094 [I] Curr factor: [0, 0, 0, 0, 0, 0, 0, 0, 0, 0, 0, 0, 0, 0, 0, 0, 0, 1, 0, 0, 0]	(at main.py:53) 
2019-01-23 05:35:05,249 [I] Response: [True, True, False, False, False, False, False, False, True, True, True, False, False, False, False, True]	(at main.py:56) 
2019-01-23 05:35:05,249 [I] Iter idx: 5, Qsize: 94	(at main.py:51) 
2019-01-23 05:35:05,249 [I] Curr factor: [0, 0, 0, 0, 1, 1, 1, 1, 1, 1, 0, 0, 0, 0, 0, 0, 0, 0, 0, 0, 0]	(at main.py:53) 
2019-01-23 05:35:05,591 [I] Response: [True, False, False, False, False, False, False, False, False, False, False, False, False, False, False, False]	(at main.py:56) 
2019-01-23 05:35:05,591 [I] Iter idx: 6, Qsize: 93	(at main.py:51) 
2019-01-23 05:35:05,591 [I] Curr factor: [0, 0, 0, 0, 0, 0, 0, 0, 0, 0, 1, 0, 0, 0, 0, 0, 0, 1, 0, 0, 0]	(at main.py:53) 
2019-01-23 05:35:05,701 [I] Response: [True, True, False, False, False, False, False, False, True, True, True, False, False, False, False, True]	(at main.py:56) 
2019-01-23 05:35:05,701 [I] Iter idx: 7, Qsize: 92	(at main.py:51) 
2019-01-23 05:35:05,701 [I] Curr factor: [0, 0, 0, 0, 0, 0, 0, 0, 0, 1, 0, 0, 0, 0, 1, 1, 0, 0, 0, 0, 0]	(at main.py:53) 
2019-01-23 05:35:06,044 [I] Response: [True, False, False, False, False, False, False, False, False, False, False, False, False, False, False, False]	(at main.py:56) 
2019-01-23 05:35:06,044 [I] Iter idx: 8, Qsize: 91	(at main.py:51) 
2019-01-23 05:35:06,044 [I] Curr factor: [0, 0, 0, 0, 0, 0, 0, 0, 0, 0, 0, 0, 0, 0, 0, 0, 0, 0, 0, 1, 0]	(at main.py:53) 
2019-01-23 05:35:06,380 [I] Response: [True, False, False, False, False, False, False, False, False, False, False, False, False, False, False, False]	(at main.py:56) 
2019-01-23 05:35:06,381 [I] Iter idx: 9, Qsize: 90	(at main.py:51) 
2019-01-23 05:35:06,381 [I] Curr factor: [0, 0, 0, 0, 0, 0, 0, 1, 1, 1, 0, 0, 0, 0, 1, 1, 0, 0, 0, 0, 0]	(at main.py:53) 
2019-01-23 05:35:06,727 [I] Response: [True, False, False, False, False, False, False, False, False, False, False, False, False, False, False, False]	(at main.py:56) 
2019-01-23 05:35:06,727 [I] Iter idx: 10, Qsize: 89	(at main.py:51) 
2019-01-23 05:35:06,727 [I] Curr factor: [0, 0, 0, 0, 0, 0, 0, 0, 0, 0, 0, 1, 1, 1, 0, 0, 0, 0, 0, 0, 0]	(at main.py:53) 
2019-01-23 05:35:07,067 [I] Response: [True, False, False, False, False, False, False, False, False, False, False, False, False, False, False, False]	(at main.py:56) 
2019-01-23 05:35:07,067 [I] Iter idx: 11, Qsize: 88	(at main.py:51) 
2019-01-23 05:35:07,067 [I] Curr factor: [0, 0, 0, 0, 0, 0, 0, 0, 0, 0, 0, 0, 1, 0, 0, 1, 0, 0, 0, 0, 0]	(at main.py:53) 
2019-01-23 05:35:07,172 [I] Response: [True, True, False, False, False, False, False, False, True, True, True, False, False, False, False, True]	(at main.py:56) 
2019-01-23 05:35:07,173 [I] Iter idx: 12, Qsize: 87	(at main.py:51) 
2019-01-23 05:35:07,173 [I] Curr factor: [0, 0, 0, 0, 0, 0, 1, 1, 1, 1, 0, 0, 0, 1, 0, 0, 0, 0, 0, 0, 0]	(at main.py:53) 
2019-01-23 05:35:07,506 [I] Response: [True, False, False, False, False, False, False, False, False, False, False, False, False, False, False, False]	(at main.py:56) 
2019-01-23 05:35:07,507 [I] Iter idx: 13, Qsize: 86	(at main.py:51) 
2019-01-23 05:35:07,507 [I] Curr factor: [0, 0, 0, 0, 0, 0, 0, 1, 1, 1, 0, 0, 0, 0, 0, 0, 0, 0, 0, 0, 0]	(at main.py:53) 
2019-01-23 05:35:07,862 [I] Response: [True, False, False, False, False, False, False, False, False, False, False, False, False, False, False, False]	(at main.py:56) 
2019-01-23 05:35:07,862 [I] Iter idx: 14, Qsize: 85	(at main.py:51) 
2019-01-23 05:35:07,862 [I] Curr factor: [0, 0, 0, 0, 0, 0, 0, 0, 0, 0, 0, 0, 0, 0, 0, 1, 0, 0, 0, 0, 0]	(at main.py:53) 
2019-01-23 05:35:07,966 [I] Response: [True, True, False, False, False, False, False, False, True, True, True, False, False, False, False, True]	(at main.py:56) 
2019-01-23 05:35:07,966 [I] Iter idx: 15, Qsize: 84	(at main.py:51) 
2019-01-23 05:35:07,966 [I] Curr factor: [0, 0, 0, 0, 0, 0, 0, 0, 0, 0, 0, 0, 0, 0, 0, 0, 0, 0, 0, 0, 1]	(at main.py:53) 
2019-01-23 05:35:08,071 [I] Response: [True, True, True, True, True, True, True, True, True, True, True, True, True, True, True, True]	(at main.py:56) 
2019-01-23 05:35:08,072 [I] Iter idx: 16, Qsize: 83	(at main.py:51) 
2019-01-23 05:35:08,072 [I] Curr factor: [0, 0, 0, 0, 0, 0, 0, 0, 0, 1, 0, 1, 1, 1, 0, 0, 0, 0, 0, 0, 0]	(at main.py:53) 
2019-01-23 05:35:08,417 [I] Response: [True, False, False, False, False, False, False, False, False, False, False, False, False, False, False, False]	(at main.py:56) 
2019-01-23 05:35:08,417 [I] Iter idx: 17, Qsize: 82	(at main.py:51) 
2019-01-23 05:35:08,417 [I] Curr factor: [0, 0, 1, 1, 1, 1, 1, 1, 1, 1, 0, 0, 0, 0, 0, 0, 0, 0, 0, 0, 0]	(at main.py:53) 
2019-01-23 05:35:08,555 [I] Response: [True, True, False, False, False, False, False, False, False, False, False, False, False, False, False, False]	(at main.py:56) 
2019-01-23 05:35:08,556 [I] Iter idx: 18, Qsize: 81	(at main.py:51) 
2019-01-23 05:35:08,556 [I] Curr factor: [0, 0, 0, 0, 0, 0, 0, 0, 0, 1, 0, 0, 0, 0, 0, 0, 0, 0, 0, 0, 0]	(at main.py:53) 
2019-01-23 05:35:08,895 [I] Response: [True, False, False, False, False, False, False, False, False, False, False, False, False, False, False, False]	(at main.py:56) 
2019-01-23 05:35:08,895 [I] Iter idx: 19, Qsize: 80	(at main.py:51) 
2019-01-23 05:35:08,896 [I] Curr factor: [0, 0, 0, 0, 0, 1, 1, 0, 0, 0, 0, 0, 0, 0, 0, 0, 0, 0, 0, 0, 0]	(at main.py:53) 
2019-01-23 05:35:09,252 [I] Response: [True, False, False, False, False, False, False, False, False, False, False, False, False, False, False, False]	(at main.py:56) 
2019-01-23 05:35:09,253 [I] Iter idx: 20, Qsize: 79	(at main.py:51) 
2019-01-23 05:35:09,253 [I] Curr factor: [0, 0, 1, 1, 1, 1, 1, 1, 1, 1, 0, 1, 1, 1, 1, 1, 0, 1, 0, 0, 0]	(at main.py:53) 
2019-01-23 05:35:09,355 [I] Response: [True, True, False, False, False, False, False, False, False, False, False, False, False, False, False, False]	(at main.py:56) 
2019-01-23 05:35:09,356 [I] Iter idx: 21, Qsize: 78	(at main.py:51) 
2019-01-23 05:35:09,356 [I] Curr factor: [0, 0, 0, 0, 0, 0, 0, 0, 0, 0, 1, 0, 0, 0, 0, 0, 0, 0, 0, 0, 0]	(at main.py:53) 
2019-01-23 05:35:09,460 [I] Response: [True, True, True, True, True, True, True, True, True, True, True, True, True, True, True, True]	(at main.py:56) 
2019-01-23 05:35:09,460 [I] Iter idx: 22, Qsize: 77	(at main.py:51) 
2019-01-23 05:35:09,460 [I] Curr factor: [0, 0, 0, 0, 0, 0, 0, 0, 0, 0, 0, 0, 0, 1, 0, 0, 0, 0, 0, 0, 0]	(at main.py:53) 
2019-01-23 05:35:09,799 [I] Response: [True, False, False, False, False, False, False, False, False, False, False, False, False, False, False, False]	(at main.py:56) 
2019-01-23 05:35:09,799 [I] Iter idx: 23, Qsize: 76	(at main.py:51) 
2019-01-23 05:35:09,799 [I] Curr factor: [0, 0, 0, 0, 0, 1, 1, 0, 0, 0, 0, 0, 0, 0, 0, 0, 0, 0, 1, 1, 0]	(at main.py:53) 
2019-01-23 05:35:10,130 [I] Response: [True, False, False, False, False, False, False, False, False, False, False, False, False, False, False, False]	(at main.py:56) 
2019-01-23 05:35:10,130 [I] Iter idx: 24, Qsize: 75	(at main.py:51) 
2019-01-23 05:35:10,130 [I] Curr factor: [0, 0, 0, 0, 0, 1, 1, 1, 1, 1, 0, 0, 0, 0, 0, 0, 0, 0, 0, 0, 0]	(at main.py:53) 
2019-01-23 05:35:10,465 [I] Response: [True, False, False, False, False, False, False, False, False, False, False, False, False, False, False, False]	(at main.py:56) 
2019-01-23 05:35:10,466 [I] Iter idx: 25, Qsize: 74	(at main.py:51) 
2019-01-23 05:35:10,466 [I] Curr factor: [0, 0, 0, 0, 0, 0, 0, 0, 0, 0, 0, 0, 0, 0, 1, 1, 0, 0, 0, 0, 0]	(at main.py:53) 
2019-01-23 05:35:10,570 [I] Response: [True, True, False, False, False, False, False, False, True, True, True, False, False, False, False, True]	(at main.py:56) 
2019-01-23 05:35:10,571 [I] Iter idx: 26, Qsize: 73	(at main.py:51) 
2019-01-23 05:35:10,571 [I] Curr factor: [0, 0, 0, 1, 1, 1, 1, 1, 1, 1, 0, 0, 0, 0, 0, 0, 0, 0, 0, 1, 0]	(at main.py:53) 
2019-01-23 05:35:10,874 [I] Response: [True, False, False, False, False, False, False, False, False, False, False, False, False, False, False, False]	(at main.py:56) 
2019-01-23 05:35:10,874 [I] Iter idx: 27, Qsize: 72	(at main.py:51) 
2019-01-23 05:35:10,875 [I] Curr factor: [0, 0, 0, 0, 0, 1, 1, 0, 0, 0, 0, 0, 0, 0, 0, 1, 0, 0, 0, 0, 0]	(at main.py:53) 
2019-01-23 05:35:10,976 [I] Response: [True, True, False, False, False, False, False, False, True, True, True, False, False, False, False, True]	(at main.py:56) 
2019-01-23 05:35:10,976 [I] Iter idx: 28, Qsize: 71	(at main.py:51) 
2019-01-23 05:35:10,976 [I] Curr factor: [0, 0, 0, 0, 0, 0, 0, 0, 0, 0, 0, 0, 0, 1, 0, 0, 0, 1, 0, 0, 0]	(at main.py:53) 
2019-01-23 05:35:11,315 [I] Response: [True, False, False, False, False, False, False, False, False, False, False, False, False, False, False, False]	(at main.py:56) 
2019-01-23 05:35:11,315 [I] Iter idx: 29, Qsize: 70	(at main.py:51) 
2019-01-23 05:35:11,315 [I] Curr factor: [0, 0, 0, 1, 1, 1, 1, 1, 1, 1, 0, 0, 0, 0, 0, 0, 0, 0, 0, 0, 0]	(at main.py:53) 
2019-01-23 05:35:11,617 [I] Response: [True, False, False, False, False, False, False, False, False, False, False, False, False, False, False, False]	(at main.py:56) 
2019-01-23 05:35:11,617 [I] Iter idx: 30, Qsize: 69	(at main.py:51) 
2019-01-23 05:35:11,617 [I] Curr factor: [0, 0, 0, 0, 1, 1, 1, 1, 1, 1, 0, 1, 1, 1, 0, 0, 0, 0, 0, 0, 0]	(at main.py:53) 
2019-01-23 05:35:11,949 [I] Response: [True, False, False, False, False, False, False, False, False, False, False, False, False, False, False, False]	(at main.py:56) 
2019-01-23 05:35:11,949 [I] Iter idx: 31, Qsize: 68	(at main.py:51) 
2019-01-23 05:35:11,949 [I] Curr factor: [0, 1, 0, 0, 0, 0, 0, 0, 0, 0, 0, 0, 0, 0, 0, 0, 0, 0, 0, 0, 0]	(at main.py:53) 
2019-01-23 05:35:12,054 [I] Response: [True, True, False, False, False, False, False, False, True, True, True, False, False, False, False, True]	(at main.py:56) 
2019-01-23 05:35:12,054 [I] Iter idx: 32, Qsize: 67	(at main.py:51) 
2019-01-23 05:35:12,054 [I] Curr factor: [1, 0, 0, 1, 1, 1, 1, 1, 1, 1, 0, 0, 1, 0, 0, 0, 0, 0, 0, 0, 0]	(at main.py:53) 
2019-01-23 05:35:12,158 [I] Response: [True, True, False, False, False, False, False, False, False, False, False, False, False, False, False, False]	(at main.py:56) 
2019-01-23 05:35:12,158 [I] Iter idx: 33, Qsize: 66	(at main.py:51) 
2019-01-23 05:35:12,158 [I] Curr factor: [0, 0, 0, 0, 0, 0, 0, 0, 0, 0, 0, 0, 0, 0, 0, 0, 0, 1, 0, 1, 0]	(at main.py:53) 
2019-01-23 05:35:12,486 [I] Response: [True, False, False, False, False, False, False, False, False, False, False, False, False, False, False, False]	(at main.py:56) 
2019-01-23 05:35:12,486 [I] Iter idx: 34, Qsize: 65	(at main.py:51) 
2019-01-23 05:35:12,486 [I] Curr factor: [0, 0, 1, 1, 1, 1, 1, 1, 1, 1, 0, 0, 0, 0, 0, 0, 1, 0, 0, 0, 0]	(at main.py:53) 
2019-01-23 05:35:12,594 [I] Response: [True, True, False, False, False, False, False, False, False, False, False, False, False, False, False, False]	(at main.py:56) 
2019-01-23 05:35:12,595 [I] Iter idx: 35, Qsize: 64	(at main.py:51) 
2019-01-23 05:35:12,595 [I] Curr factor: [0, 0, 1, 1, 1, 1, 1, 1, 1, 1, 0, 1, 1, 1, 0, 0, 0, 0, 0, 0, 0]	(at main.py:53) 
2019-01-23 05:35:12,712 [I] Response: [True, True, False, False, False, False, False, False, False, False, False, False, False, False, False, False]	(at main.py:56) 
2019-01-23 05:35:12,712 [I] Iter idx: 36, Qsize: 63	(at main.py:51) 
2019-01-23 05:35:12,712 [I] Curr factor: [0, 0, 0, 0, 0, 0, 0, 0, 0, 0, 0, 0, 0, 0, 0, 0, 1, 0, 0, 0, 0]	(at main.py:53) 
2019-01-23 05:35:13,064 [I] Response: [True, False, False, False, False, False, False, False, False, False, False, False, False, False, False, False]	(at main.py:56) 
2019-01-23 05:35:13,064 [I] Iter idx: 37, Qsize: 62	(at main.py:51) 
2019-01-23 05:35:13,064 [I] Curr factor: [0, 0, 0, 0, 0, 1, 1, 0, 0, 0, 0, 0, 0, 0, 0, 0, 0, 0, 0, 1, 0]	(at main.py:53) 
2019-01-23 05:35:13,412 [I] Response: [True, False, False, False, False, False, False, False, False, False, False, False, False, False, False, False]	(at main.py:56) 
2019-01-23 05:35:13,412 [I] Iter idx: 38, Qsize: 61	(at main.py:51) 
2019-01-23 05:35:13,412 [I] Curr factor: [0, 0, 0, 0, 0, 0, 0, 0, 0, 0, 0, 0, 0, 1, 0, 0, 0, 0, 1, 0, 0]	(at main.py:53) 
2019-01-23 05:35:13,755 [I] Response: [True, False, False, False, False, False, False, False, False, False, False, False, False, False, False, False]	(at main.py:56) 
2019-01-23 05:35:13,756 [I] Iter idx: 39, Qsize: 60	(at main.py:51) 
2019-01-23 05:35:13,756 [I] Curr factor: [0, 0, 1, 1, 1, 1, 1, 1, 1, 1, 0, 0, 0, 1, 0, 0, 0, 0, 0, 0, 0]	(at main.py:53) 
2019-01-23 05:35:13,859 [I] Response: [True, True, False, False, False, False, False, False, False, False, False, False, False, False, False, False]	(at main.py:56) 
2019-01-23 05:35:13,859 [I] Iter idx: 40, Qsize: 59	(at main.py:51) 
2019-01-23 05:35:13,859 [I] Curr factor: [0, 0, 0, 0, 0, 1, 1, 0, 0, 0, 0, 0, 0, 1, 0, 0, 0, 0, 0, 0, 0]	(at main.py:53) 
2019-01-23 05:35:14,189 [I] Response: [True, False, False, False, False, False, False, False, False, False, False, False, False, False, False, False]	(at main.py:56) 
2019-01-23 05:35:14,189 [I] Iter idx: 41, Qsize: 58	(at main.py:51) 
2019-01-23 05:35:14,189 [I] Curr factor: [0, 0, 0, 0, 1, 1, 1, 1, 1, 1, 0, 0, 0, 0, 0, 0, 0, 0, 0, 1, 0]	(at main.py:53) 
2019-01-23 05:35:14,528 [I] Response: [True, False, False, False, False, False, False, False, False, False, False, False, False, False, False, False]	(at main.py:56) 
2019-01-23 05:35:14,528 [I] Iter idx: 42, Qsize: 57	(at main.py:51) 
2019-01-23 05:35:14,528 [I] Curr factor: [0, 1, 0, 0, 0, 0, 0, 0, 0, 1, 0, 0, 0, 0, 0, 0, 0, 0, 0, 0, 0]	(at main.py:53) 
2019-01-23 05:35:14,897 [I] Response: [True, False, False, False, False, False, False, False, False, False, False, False, False, False, False, False]	(at main.py:56) 
2019-01-23 05:35:14,898 [I] Iter idx: 43, Qsize: 56	(at main.py:51) 
2019-01-23 05:35:14,898 [I] Curr factor: [0, 0, 1, 1, 1, 1, 1, 1, 1, 1, 0, 0, 1, 0, 0, 1, 0, 0, 0, 1, 0]	(at main.py:53) 
2019-01-23 05:35:15,016 [I] Response: [True, True, False, False, False, False, False, False, False, False, False, False, False, False, False, False]	(at main.py:56) 
2019-01-23 05:35:15,016 [I] Iter idx: 44, Qsize: 55	(at main.py:51) 
2019-01-23 05:35:15,016 [I] Curr factor: [0, 0, 0, 0, 0, 0, 1, 0, 0, 0, 0, 1, 1, 1, 0, 0, 0, 0, 0, 0, 1]	(at main.py:53) 
2019-01-23 05:35:15,370 [I] Response: [True, False, False, False, False, False, False, False, False, False, False, False, False, False, False, False]	(at main.py:56) 
2019-01-23 05:35:15,371 [I] Iter idx: 45, Qsize: 54	(at main.py:51) 
2019-01-23 05:35:15,371 [I] Curr factor: [1, 0, 0, 0, 0, 0, 0, 0, 0, 0, 0, 0, 0, 0, 0, 0, 0, 0, 0, 0, 0]	(at main.py:53) 
2019-01-23 05:35:15,479 [I] Response: [True, True, False, False, False, False, False, False, False, False, False, False, False, False, False, False]	(at main.py:56) 
2019-01-23 05:35:15,479 [I] Iter idx: 46, Qsize: 53	(at main.py:51) 
2019-01-23 05:35:15,479 [I] Curr factor: [0, 0, 1, 1, 1, 1, 1, 1, 1, 1, 0, 0, 1, 0, 0, 0, 0, 0, 0, 0, 0]	(at main.py:53) 
2019-01-23 05:35:15,578 [I] Response: [True, True, False, False, False, False, False, False, False, False, False, False, False, False, False, False]	(at main.py:56) 
2019-01-23 05:35:15,578 [I] Iter idx: 47, Qsize: 52	(at main.py:51) 
2019-01-23 05:35:15,579 [I] Curr factor: [0, 0, 0, 0, 0, 0, 0, 0, 1, 0, 0, 0, 0, 0, 0, 0, 0, 0, 0, 0, 0]	(at main.py:53) 
2019-01-23 05:35:15,689 [I] Response: [True, True, False, False, False, False, False, False, True, True, True, False, False, False, False, True]	(at main.py:56) 
2019-01-23 05:35:15,689 [I] Iter idx: 48, Qsize: 51	(at main.py:51) 
2019-01-23 05:35:15,689 [I] Curr factor: [0, 0, 0, 0, 0, 0, 0, 1, 1, 1, 0, 0, 0, 0, 0, 1, 0, 0, 0, 0, 0]	(at main.py:53) 
2019-01-23 05:35:16,020 [I] Response: [True, False, False, False, False, False, False, False, False, False, False, False, False, False, False, False]	(at main.py:56) 
2019-01-23 05:35:16,020 [I] Iter idx: 49, Qsize: 50	(at main.py:51) 
2019-01-23 05:35:16,020 [I] Curr factor: [0, 0, 0, 0, 0, 1, 1, 0, 0, 0, 1, 0, 0, 0, 0, 0, 1, 0, 0, 0, 0]	(at main.py:53) 
2019-01-23 05:35:16,351 [I] Response: [True, False, False, False, False, False, False, False, False, False, False, False, False, False, False, False]	(at main.py:56) 
2019-01-23 05:35:16,351 [I] Iter idx: 50, Qsize: 49	(at main.py:51) 
2019-01-23 05:35:16,352 [I] Curr factor: [1, 0, 0, 0, 0, 0, 0, 0, 1, 0, 0, 0, 0, 0, 0, 0, 0, 0, 0, 0, 0]	(at main.py:53) 
2019-01-23 05:35:16,453 [I] Response: [True, True, False, False, False, False, False, False, False, False, False, False, False, False, False, False]	(at main.py:56) 
2019-01-23 05:35:16,453 [I] Iter idx: 51, Qsize: 48	(at main.py:51) 
2019-01-23 05:35:16,453 [I] Curr factor: [0, 0, 0, 0, 0, 0, 0, 0, 1, 1, 0, 0, 0, 0, 0, 0, 0, 1, 0, 0, 0]	(at main.py:53) 
2019-01-23 05:35:16,801 [I] Response: [True, False, False, False, False, False, False, False, False, False, False, False, False, False, False, False]	(at main.py:56) 
2019-01-23 05:35:16,802 [I] Iter idx: 52, Qsize: 47	(at main.py:51) 
2019-01-23 05:35:16,802 [I] Curr factor: [0, 0, 0, 0, 0, 1, 1, 0, 0, 0, 0, 0, 0, 0, 1, 1, 0, 0, 0, 0, 0]	(at main.py:53) 
2019-01-23 05:35:16,907 [I] Response: [True, True, False, False, False, False, False, False, True, True, True, False, False, False, False, True]	(at main.py:56) 
2019-01-23 05:35:16,907 [I] Iter idx: 53, Qsize: 46	(at main.py:51) 
2019-01-23 05:35:16,908 [I] Curr factor: [0, 0, 0, 0, 0, 0, 0, 0, 0, 0, 0, 0, 1, 0, 0, 0, 0, 0, 0, 0, 0]	(at main.py:53) 
2019-01-23 05:35:17,011 [I] Response: [True, True, True, True, True, True, True, True, True, True, True, True, True, True, True, True]	(at main.py:56) 
2019-01-23 05:35:17,011 [I] Iter idx: 54, Qsize: 45	(at main.py:51) 
2019-01-23 05:35:17,011 [I] Curr factor: [1, 0, 0, 0, 0, 0, 0, 1, 1, 1, 0, 0, 0, 0, 0, 0, 0, 1, 0, 0, 0]	(at main.py:53) 
2019-01-23 05:35:17,115 [I] Response: [True, True, False, False, False, False, False, False, False, False, False, False, False, False, False, False]	(at main.py:56) 
2019-01-23 05:35:17,115 [I] Iter idx: 55, Qsize: 44	(at main.py:51) 
2019-01-23 05:35:17,115 [I] Curr factor: [0, 0, 0, 0, 0, 0, 0, 0, 0, 0, 0, 0, 0, 0, 0, 1, 0, 0, 1, 0, 0]	(at main.py:53) 
2019-01-23 05:35:17,224 [I] Response: [True, True, False, False, False, False, False, False, True, True, True, False, False, False, False, True]	(at main.py:56) 
2019-01-23 05:35:17,225 [I] Iter idx: 56, Qsize: 43	(at main.py:51) 
2019-01-23 05:35:17,225 [I] Curr factor: [0, 0, 1, 1, 1, 1, 1, 1, 1, 1, 0, 0, 0, 0, 1, 1, 0, 0, 0, 0, 0]	(at main.py:53) 
2019-01-23 05:35:17,324 [I] Response: [True, True, False, False, False, False, False, False, False, False, False, False, False, False, False, False]	(at main.py:56) 
2019-01-23 05:35:17,324 [I] Iter idx: 57, Qsize: 42	(at main.py:51) 
2019-01-23 05:35:17,324 [I] Curr factor: [0, 0, 1, 1, 1, 1, 1, 1, 1, 1, 0, 0, 0, 0, 1, 1, 1, 0, 0, 0, 0]	(at main.py:53) 
2019-01-23 05:35:17,425 [I] Response: [True, True, False, False, False, False, False, False, False, False, False, False, False, False, False, False]	(at main.py:56) 
2019-01-23 05:35:17,426 [I] Iter idx: 58, Qsize: 41	(at main.py:51) 
2019-01-23 05:35:17,426 [I] Curr factor: [0, 0, 0, 0, 0, 0, 1, 0, 0, 0, 0, 0, 0, 0, 0, 0, 0, 0, 0, 0, 0]	(at main.py:53) 
2019-01-23 05:35:17,763 [I] Response: [True, False, False, False, False, False, False, False, False, False, False, False, False, False, False, False]	(at main.py:56) 
2019-01-23 05:35:17,763 [I] Iter idx: 59, Qsize: 40	(at main.py:51) 
2019-01-23 05:35:17,763 [I] Curr factor: [1, 0, 0, 0, 0, 0, 0, 0, 0, 0, 0, 0, 0, 0, 0, 0, 0, 0, 0, 1, 0]	(at main.py:53) 
2019-01-23 05:35:17,874 [I] Response: [True, True, False, False, False, False, False, False, False, False, False, False, False, False, False, False]	(at main.py:56) 
2019-01-23 05:35:17,875 [I] Iter idx: 60, Qsize: 39	(at main.py:51) 
2019-01-23 05:35:17,875 [I] Curr factor: [1, 0, 0, 0, 0, 0, 0, 1, 1, 1, 0, 0, 0, 0, 0, 0, 0, 0, 0, 0, 0]	(at main.py:53) 
2019-01-23 05:35:17,974 [I] Response: [True, True, False, False, False, False, False, False, False, False, False, False, False, False, False, False]	(at main.py:56) 
2019-01-23 05:35:17,975 [I] Iter idx: 61, Qsize: 38	(at main.py:51) 
2019-01-23 05:35:17,975 [I] Curr factor: [0, 0, 0, 0, 1, 1, 1, 1, 1, 1, 0, 0, 0, 0, 0, 0, 0, 1, 1, 0, 0]	(at main.py:53) 
2019-01-23 05:35:18,305 [I] Response: [True, False, False, False, False, False, False, False, False, False, False, False, False, False, False, False]	(at main.py:56) 
2019-01-23 05:35:18,305 [I] Iter idx: 62, Qsize: 37	(at main.py:51) 
2019-01-23 05:35:18,305 [I] Curr factor: [0, 0, 0, 0, 0, 0, 0, 0, 0, 0, 0, 0, 0, 0, 0, 0, 0, 1, 1, 0, 1]	(at main.py:53) 
2019-01-23 05:35:18,409 [I] Response: [True, True, False, False, False, False, False, False, True, True, True, False, False, False, False, True]	(at main.py:56) 
2019-01-23 05:35:18,409 [I] Iter idx: 63, Qsize: 36	(at main.py:51) 
2019-01-23 05:35:18,409 [I] Curr factor: [0, 1, 0, 0, 0, 0, 1, 0, 1, 0, 0, 0, 0, 0, 0, 0, 0, 0, 0, 0, 0]	(at main.py:53) 
2019-01-23 05:35:18,513 [I] Response: [True, True, False, False, False, False, False, False, True, True, True, False, False, False, False, True]	(at main.py:56) 
2019-01-23 05:35:18,513 [I] Iter idx: 64, Qsize: 35	(at main.py:51) 
2019-01-23 05:35:18,513 [I] Curr factor: [0, 0, 0, 1, 1, 1, 1, 1, 1, 1, 0, 1, 1, 1, 0, 0, 0, 0, 0, 0, 0]	(at main.py:53) 
2019-01-23 05:35:18,843 [I] Response: [True, False, False, False, False, False, False, False, False, False, False, False, False, False, False, False]	(at main.py:56) 
2019-01-23 05:35:18,844 [I] Iter idx: 65, Qsize: 34	(at main.py:51) 
2019-01-23 05:35:18,844 [I] Curr factor: [0, 0, 0, 0, 0, 0, 0, 0, 0, 1, 0, 0, 0, 0, 0, 1, 0, 0, 0, 0, 0]	(at main.py:53) 
2019-01-23 05:35:19,197 [I] Response: [True, False, False, False, False, False, False, False, False, False, False, False, False, False, False, False]	(at main.py:56) 
2019-01-23 05:35:19,197 [I] Iter idx: 66, Qsize: 33	(at main.py:51) 
2019-01-23 05:35:19,197 [I] Curr factor: [0, 0, 0, 0, 0, 0, 1, 0, 0, 0, 0, 0, 1, 0, 0, 0, 0, 0, 0, 0, 0]	(at main.py:53) 
2019-01-23 05:35:19,528 [I] Response: [True, False, False, False, False, False, False, False, False, False, False, False, False, False, False, False]	(at main.py:56) 
2019-01-23 05:35:19,528 [I] Iter idx: 67, Qsize: 32	(at main.py:51) 
2019-01-23 05:35:19,528 [I] Curr factor: [0, 0, 1, 1, 1, 1, 1, 1, 1, 1, 0, 0, 0, 0, 0, 0, 0, 0, 1, 0, 0]	(at main.py:53) 
2019-01-23 05:35:19,636 [I] Response: [True, True, False, False, False, False, False, False, False, False, False, False, False, False, False, False]	(at main.py:56) 
2019-01-23 05:35:19,637 [I] Iter idx: 68, Qsize: 31	(at main.py:51) 
2019-01-23 05:35:19,637 [I] Curr factor: [0, 0, 0, 0, 0, 0, 0, 0, 0, 1, 0, 0, 0, 0, 0, 0, 0, 0, 1, 0, 0]	(at main.py:53) 
2019-01-23 05:35:19,970 [I] Response: [True, False, False, False, False, False, False, False, False, False, False, False, False, False, False, False]	(at main.py:56) 
2019-01-23 05:35:19,971 [I] Iter idx: 69, Qsize: 30	(at main.py:51) 
2019-01-23 05:35:19,971 [I] Curr factor: [0, 0, 0, 0, 0, 0, 0, 0, 0, 0, 0, 0, 0, 0, 0, 1, 0, 0, 0, 1, 0]	(at main.py:53) 
2019-01-23 05:35:20,312 [I] Response: [True, False, False, False, False, False, False, False, False, False, False, False, False, False, False, False]	(at main.py:56) 
2019-01-23 05:35:20,313 [I] Iter idx: 70, Qsize: 29	(at main.py:51) 
2019-01-23 05:35:20,313 [I] Curr factor: [0, 0, 0, 0, 0, 0, 0, 0, 1, 0, 0, 0, 0, 0, 1, 1, 1, 0, 0, 0, 0]	(at main.py:53) 
2019-01-23 05:35:20,845 [I] Response: [True, False, False, False, False, False, False, False, False, False, False, False, False, False, False, False]	(at main.py:56) 
2019-01-23 05:35:20,845 [I] Iter idx: 71, Qsize: 28	(at main.py:51) 
2019-01-23 05:35:20,845 [I] Curr factor: [0, 0, 0, 0, 0, 0, 0, 0, 1, 0, 1, 0, 0, 0, 0, 0, 0, 0, 0, 0, 0]	(at main.py:53) 
2019-01-23 05:35:20,948 [I] Response: [True, True, False, False, False, False, False, False, True, True, True, False, False, False, False, True]	(at main.py:56) 
2019-01-23 05:35:20,948 [I] Iter idx: 72, Qsize: 27	(at main.py:51) 
2019-01-23 05:35:20,949 [I] Curr factor: [0, 1, 0, 0, 0, 0, 0, 0, 0, 1, 0, 0, 0, 0, 0, 0, 0, 0, 0, 0, 1]	(at main.py:53) 
2019-01-23 05:35:21,288 [I] Response: [True, False, False, False, False, False, False, False, False, False, False, False, False, False, False, False]	(at main.py:56) 
2019-01-23 05:35:21,288 [I] Iter idx: 73, Qsize: 26	(at main.py:51) 
2019-01-23 05:35:21,288 [I] Curr factor: [0, 0, 0, 1, 1, 1, 1, 1, 1, 1, 0, 0, 0, 0, 0, 0, 1, 0, 0, 0, 0]	(at main.py:53) 
2019-01-23 05:35:21,589 [I] Response: [True, False, False, False, False, False, False, False, False, False, False, False, False, False, False, False]	(at main.py:56) 
2019-01-23 05:35:21,589 [I] Iter idx: 74, Qsize: 25	(at main.py:51) 
2019-01-23 05:35:21,589 [I] Curr factor: [0, 0, 1, 1, 1, 1, 1, 1, 1, 1, 0, 0, 0, 0, 0, 0, 0, 0, 0, 1, 0]	(at main.py:53) 
2019-01-23 05:35:21,699 [I] Response: [True, True, False, False, False, False, False, False, False, False, False, False, False, False, False, False]	(at main.py:56) 
2019-01-23 05:35:21,699 [I] Iter idx: 75, Qsize: 24	(at main.py:51) 
2019-01-23 05:35:21,699 [I] Curr factor: [0, 0, 0, 0, 0, 0, 0, 0, 0, 0, 0, 0, 0, 0, 1, 1, 1, 0, 0, 0, 0]	(at main.py:53) 
2019-01-23 05:35:22,048 [I] Response: [True, False, False, False, False, False, False, False, False, False, False, False, False, False, False, False]	(at main.py:56) 
2019-01-23 05:35:22,049 [I] Iter idx: 76, Qsize: 23	(at main.py:51) 
2019-01-23 05:35:22,049 [I] Curr factor: [1, 0, 0, 0, 0, 0, 0, 0, 0, 1, 0, 0, 0, 0, 0, 0, 0, 0, 0, 0, 0]	(at main.py:53) 
2019-01-23 05:35:22,154 [I] Response: [True, True, False, False, False, False, False, False, False, False, False, False, False, False, False, False]	(at main.py:56) 
2019-01-23 05:35:22,155 [I] Iter idx: 77, Qsize: 22	(at main.py:51) 
2019-01-23 05:35:22,155 [I] Curr factor: [0, 0, 0, 0, 0, 0, 0, 0, 0, 0, 0, 0, 0, 0, 0, 0, 0, 0, 1, 0, 0]	(at main.py:53) 
2019-01-23 05:35:22,259 [I] Response: [True, True, False, False, False, False, False, False, True, True, True, False, False, False, False, True]	(at main.py:56) 
2019-01-23 05:35:22,259 [I] Iter idx: 78, Qsize: 21	(at main.py:51) 
2019-01-23 05:35:22,259 [I] Curr factor: [0, 0, 0, 0, 0, 1, 1, 1, 1, 1, 0, 1, 1, 1, 0, 0, 0, 0, 0, 0, 0]	(at main.py:53) 
2019-01-23 05:35:22,600 [I] Response: [True, False, False, False, False, False, False, False, False, False, False, False, False, False, False, False]	(at main.py:56) 
2019-01-23 05:35:22,600 [I] Iter idx: 79, Qsize: 20	(at main.py:51) 
2019-01-23 05:35:22,600 [I] Curr factor: [0, 0, 0, 0, 0, 1, 1, 1, 1, 1, 0, 0, 0, 0, 1, 1, 0, 0, 0, 0, 0]	(at main.py:53) 
2019-01-23 05:35:22,929 [I] Response: [True, False, False, False, False, False, False, False, False, False, False, False, False, False, False, False]	(at main.py:56) 
2019-01-23 05:35:22,929 [I] Iter idx: 80, Qsize: 19	(at main.py:51) 
2019-01-23 05:35:22,930 [I] Curr factor: [0, 0, 0, 0, 0, 0, 1, 0, 0, 0, 0, 0, 0, 0, 0, 0, 0, 1, 0, 0, 0]	(at main.py:53) 
2019-01-23 05:35:23,264 [I] Response: [True, False, False, False, False, False, False, False, False, False, False, False, False, False, False, False]	(at main.py:56) 
2019-01-23 05:35:23,264 [I] Iter idx: 81, Qsize: 18	(at main.py:51) 
2019-01-23 05:35:23,264 [I] Curr factor: [0, 0, 0, 0, 0, 0, 0, 0, 0, 0, 0, 0, 0, 0, 0, 0, 1, 0, 0, 0, 1]	(at main.py:53) 
2019-01-23 05:35:23,609 [I] Response: [True, False, False, False, False, False, False, False, False, False, False, False, False, False, False, False]	(at main.py:56) 
2019-01-23 05:35:23,610 [I] Iter idx: 82, Qsize: 17	(at main.py:51) 
2019-01-23 05:35:23,610 [I] Curr factor: [0, 0, 0, 1, 1, 1, 1, 1, 1, 1, 1, 0, 0, 0, 0, 0, 0, 0, 0, 0, 0]	(at main.py:53) 
2019-01-23 05:35:23,913 [I] Response: [True, False, False, False, False, False, False, False, False, False, False, False, False, False, False, False]	(at main.py:56) 
2019-01-23 05:35:23,913 [I] Iter idx: 83, Qsize: 16	(at main.py:51) 
2019-01-23 05:35:23,913 [I] Curr factor: [0, 0, 0, 0, 0, 0, 0, 0, 0, 0, 1, 0, 1, 0, 0, 0, 0, 0, 0, 0, 0]	(at main.py:53) 
2019-01-23 05:35:24,017 [I] Response: [True, True, True, True, True, True, True, True, True, True, True, True, True, True, True, True]	(at main.py:56) 
2019-01-23 05:35:24,018 [I] Iter idx: 84, Qsize: 15	(at main.py:51) 
2019-01-23 05:35:24,018 [I] Curr factor: [1, 0, 0, 0, 0, 0, 0, 0, 0, 0, 0, 0, 1, 0, 0, 0, 1, 0, 0, 0, 0]	(at main.py:53) 
2019-01-23 05:35:24,118 [I] Response: [True, True, False, False, False, False, False, False, False, False, False, False, False, False, False, False]	(at main.py:56) 
2019-01-23 05:35:24,118 [I] Iter idx: 85, Qsize: 14	(at main.py:51) 
2019-01-23 05:35:24,118 [I] Curr factor: [0, 0, 0, 1, 1, 1, 1, 1, 1, 1, 0, 0, 0, 0, 0, 0, 0, 0, 1, 0, 0]	(at main.py:53) 
2019-01-23 05:35:24,418 [I] Response: [True, False, False, False, False, False, False, False, False, False, False, False, False, False, False, False]	(at main.py:56) 
2019-01-23 05:35:24,418 [I] Iter idx: 86, Qsize: 13	(at main.py:51) 
2019-01-23 05:35:24,418 [I] Curr factor: [0, 1, 0, 0, 0, 0, 0, 1, 1, 1, 0, 0, 0, 0, 0, 0, 0, 1, 0, 0, 0]	(at main.py:53) 
2019-01-23 05:35:24,750 [I] Response: [True, False, False, False, False, False, False, False, False, False, False, False, False, False, False, False]	(at main.py:56) 
2019-01-23 05:35:24,751 [I] Iter idx: 87, Qsize: 12	(at main.py:51) 
2019-01-23 05:35:24,751 [I] Curr factor: [0, 0, 0, 0, 0, 0, 1, 0, 0, 0, 0, 0, 0, 0, 0, 1, 0, 0, 0, 0, 0]	(at main.py:53) 
2019-01-23 05:35:24,856 [I] Response: [True, True, False, False, False, False, False, False, True, True, True, False, False, False, False, True]	(at main.py:56) 
2019-01-23 05:35:24,857 [I] Iter idx: 88, Qsize: 11	(at main.py:51) 
2019-01-23 05:35:24,857 [I] Curr factor: [0, 1, 0, 0, 0, 1, 1, 0, 0, 0, 0, 0, 0, 0, 0, 0, 0, 0, 0, 0, 1]	(at main.py:53) 
2019-01-23 05:35:25,189 [I] Response: [True, False, False, False, False, False, False, False, False, False, False, False, False, False, False, False]	(at main.py:56) 
2019-01-23 05:35:25,189 [I] Iter idx: 89, Qsize: 10	(at main.py:51) 
2019-01-23 05:35:25,189 [I] Curr factor: [0, 0, 0, 1, 1, 1, 1, 1, 1, 1, 0, 0, 0, 0, 0, 0, 0, 1, 0, 0, 0]	(at main.py:53) 
2019-01-23 05:35:25,495 [I] Response: [True, False, False, False, False, False, False, False, False, False, False, False, False, False, False, False]	(at main.py:56) 
2019-01-23 05:35:25,496 [I] Iter idx: 90, Qsize: 9	(at main.py:51) 
2019-01-23 05:35:25,496 [I] Curr factor: [0, 0, 0, 0, 0, 0, 0, 0, 0, 1, 0, 0, 0, 0, 0, 0, 0, 0, 0, 1, 0]	(at main.py:53) 
2019-01-23 05:35:25,856 [I] Response: [True, False, False, False, False, False, False, False, False, False, False, False, False, False, False, False]	(at main.py:56) 
2019-01-23 05:35:25,857 [I] Iter idx: 91, Qsize: 8	(at main.py:51) 
2019-01-23 05:35:25,857 [I] Curr factor: [0, 0, 1, 1, 1, 1, 1, 1, 1, 1, 1, 0, 0, 0, 0, 0, 0, 0, 0, 0, 0]	(at main.py:53) 
2019-01-23 05:35:25,962 [I] Response: [True, True, False, False, False, False, False, False, False, False, False, False, False, False, False, False]	(at main.py:56) 
2019-01-23 05:35:25,962 [I] Iter idx: 92, Qsize: 7	(at main.py:51) 
2019-01-23 05:35:25,962 [I] Curr factor: [0, 1, 0, 0, 0, 0, 0, 0, 0, 0, 0, 0, 0, 0, 1, 1, 0, 0, 0, 0, 0]	(at main.py:53) 
2019-01-23 05:35:26,062 [I] Response: [True, True, False, False, False, False, False, False, True, True, True, False, False, False, False, True]	(at main.py:56) 
2019-01-23 05:35:26,062 [I] Iter idx: 93, Qsize: 6	(at main.py:51) 
2019-01-23 05:35:26,062 [I] Curr factor: [0, 0, 0, 0, 0, 0, 0, 0, 0, 0, 0, 0, 0, 0, 0, 1, 0, 0, 0, 0, 1]	(at main.py:53) 
2019-01-23 05:35:26,176 [I] Response: [True, True, False, False, False, False, False, False, True, True, True, False, False, False, False, True]	(at main.py:56) 
2019-01-23 05:35:26,176 [I] Iter idx: 94, Qsize: 5	(at main.py:51) 
2019-01-23 05:35:26,176 [I] Curr factor: [0, 1, 0, 0, 0, 0, 0, 0, 1, 0, 0, 0, 0, 0, 0, 0, 0, 0, 0, 0, 0]	(at main.py:53) 
2019-01-23 05:35:26,280 [I] Response: [True, True, False, False, False, False, False, False, True, True, True, False, False, False, False, True]	(at main.py:56) 
2019-01-23 05:35:26,280 [I] Iter idx: 95, Qsize: 4	(at main.py:51) 
2019-01-23 05:35:26,280 [I] Curr factor: [0, 1, 0, 0, 0, 0, 0, 0, 0, 1, 0, 1, 1, 1, 0, 0, 0, 0, 1, 1, 0]	(at main.py:53) 
2019-01-23 05:35:26,620 [I] Response: [True, False, False, False, False, False, False, False, False, False, False, False, False, False, False, False]	(at main.py:56) 
2019-01-23 05:35:26,621 [I] Iter idx: 96, Qsize: 3	(at main.py:51) 
2019-01-23 05:35:26,621 [I] Curr factor: [0, 0, 0, 0, 0, 0, 0, 0, 0, 0, 0, 0, 1, 0, 1, 1, 0, 0, 1, 0, 0]	(at main.py:53) 
2019-01-23 05:35:26,745 [I] Response: [True, True, False, False, False, False, False, False, True, True, True, False, False, False, False, True]	(at main.py:56) 
2019-01-23 05:35:26,746 [I] Iter idx: 97, Qsize: 2	(at main.py:51) 
2019-01-23 05:35:26,746 [I] Curr factor: [0, 0, 0, 0, 0, 0, 0, 1, 1, 1, 0, 0, 0, 0, 0, 0, 0, 0, 1, 0, 0]	(at main.py:53) 
2019-01-23 05:35:27,092 [I] Response: [True, False, False, False, False, False, False, False, False, False, False, False, False, False, False, False]	(at main.py:56) 
2019-01-23 05:35:27,092 [I] Iter idx: 98, Qsize: 1	(at main.py:51) 
2019-01-23 05:35:27,092 [I] Curr factor: [1, 0, 0, 1, 1, 1, 1, 1, 1, 1, 0, 0, 0, 0, 0, 0, 0, 1, 0, 0, 0]	(at main.py:53) 
2019-01-23 05:35:27,203 [I] Response: [True, True, False, False, False, False, False, False, False, False, False, False, False, False, False, False]	(at main.py:56) 
2019-01-23 05:35:27,203 [I] Iter idx: 99, Qsize: 0	(at main.py:51) 
2019-01-23 05:35:27,203 [I] Curr factor: [0, 1, 0, 0, 0, 0, 0, 1, 1, 1, 0, 0, 0, 0, 0, 0, 0, 0, 0, 0, 1]	(at main.py:53) 
2019-01-23 05:35:27,547 [I] Response: [True, False, False, False, False, False, False, False, False, False, False, False, False, False, False, False]	(at main.py:56) 
2019-01-23 05:35:27,547 [I] End iteration. Save model.	(at main.py:62) 
2019-01-23 05:35:27,570 [I] Model saved. End program.	(at main.py:64) 
