2019-03-02 01:40:36,359 [I] Set default doe_random_threshold: 1 / (21:factor_size) = 0.047619047619047616	(at doe.py:20) 
2019-03-02 01:40:36,395 [I] Initial factor queue size: 100	(at doe_manager.py:29) 
2019-03-02 01:40:36,396 [I] Start iteration.	(at main.py:56) 
2019-03-02 01:40:36,396 [I] Iter idx: 0, Qsize: 99	(at main.py:59) 
2019-03-02 01:40:36,396 [I] Curr factor: [0, 0, 0, 0, 0, 0, 0, 0, 0, 0, 0, 0, 0, 0, 0, 0, 0, 0, 0, 0, 0]	(at main.py:61) 
2019-03-02 01:40:36,549 [I] Response: [True, True, True, True, True, True, True, True, True, True, True, True, True, True, True, True, True, True, True]	(at main.py:64) 
2019-03-02 01:40:36,549 [I] Iter idx: 1, Qsize: 98	(at main.py:59) 
2019-03-02 01:40:36,549 [I] Curr factor: [0, 0, 0, 0, 0, 0, 0, 0, 0, 0, 0, 0, 0, 1, 0, 0, 0, 0, 0, 0, 0]	(at main.py:61) 
2019-03-02 01:40:36,703 [I] Response: [True, True, True, True, True, True, True, True, True, True, True, True, True, False, False, True, True, True, True]	(at main.py:64) 
2019-03-02 01:40:36,704 [I] Iter idx: 2, Qsize: 97	(at main.py:59) 
2019-03-02 01:40:36,704 [I] Curr factor: [0, 0, 0, 0, 0, 0, 0, 0, 0, 0, 0, 0, 0, 0, 1, 0, 0, 0, 0, 0, 0]	(at main.py:61) 
2019-03-02 01:40:36,863 [I] Response: [True, True, True, True, True, True, True, True, True, True, True, True, False, False, False, False, True, True, True]	(at main.py:64) 
2019-03-02 01:40:36,863 [I] Iter idx: 3, Qsize: 96	(at main.py:59) 
2019-03-02 01:40:36,864 [I] Curr factor: [0, 0, 0, 0, 0, 1, 0, 0, 0, 0, 0, 0, 0, 0, 0, 0, 0, 0, 0, 0, 0]	(at main.py:61) 
2019-03-02 01:40:37,026 [I] Response: [True, True, True, True, True, True, False, False, True, False, False, True, True, True, True, True, True, True, True]	(at main.py:64) 
2019-03-02 01:40:37,027 [I] Iter idx: 4, Qsize: 95	(at main.py:59) 
2019-03-02 01:40:37,027 [I] Curr factor: [0, 0, 0, 0, 0, 0, 0, 1, 1, 0, 0, 0, 0, 0, 0, 0, 0, 0, 0, 0, 0]	(at main.py:61) 
2019-03-02 01:40:37,185 [I] Response: [True, True, True, True, True, True, True, True, True, False, False, True, True, True, True, True, True, True, True]	(at main.py:64) 
2019-03-02 01:40:37,186 [I] Iter idx: 5, Qsize: 94	(at main.py:59) 
2019-03-02 01:40:37,186 [I] Curr factor: [0, 0, 1, 0, 1, 1, 1, 1, 1, 1, 1, 1, 1, 1, 1, 1, 1, 0, 0, 0, 0]	(at main.py:61) 
2019-03-02 01:40:37,356 [I] Response: [True, True, True, True, False, False, False, False, False, False, False, False, False, False, False, False, False, False, False]	(at main.py:64) 
2019-03-02 01:40:37,357 [I] Iter idx: 6, Qsize: 93	(at main.py:59) 
2019-03-02 01:40:37,357 [I] Curr factor: [0, 0, 0, 0, 1, 1, 1, 1, 1, 1, 1, 1, 1, 1, 1, 1, 1, 0, 0, 0, 1]	(at main.py:61) 
2019-03-02 01:40:37,522 [I] Response: [True, True, True, True, True, False, False, False, False, False, False, False, False, False, False, False, False, False, False]	(at main.py:64) 
2019-03-02 01:40:37,523 [I] Iter idx: 7, Qsize: 92	(at main.py:59) 
2019-03-02 01:40:37,524 [I] Curr factor: [0, 0, 0, 0, 0, 0, 1, 1, 1, 1, 1, 1, 1, 1, 1, 1, 1, 0, 0, 0, 0]	(at main.py:61) 
2019-03-02 01:40:37,709 [I] Response: [True, True, True, True, True, True, True, True, True, False, False, True, False, False, False, False, False, False, False]	(at main.py:64) 
2019-03-02 01:40:37,710 [I] Iter idx: 8, Qsize: 91	(at main.py:59) 
2019-03-02 01:40:37,710 [I] Curr factor: [0, 0, 0, 0, 0, 0, 0, 0, 0, 1, 1, 1, 1, 1, 1, 1, 1, 0, 0, 0, 0]	(at main.py:61) 
2019-03-02 01:40:37,922 [I] Response: [True, True, True, True, True, True, True, True, True, True, True, True, False, False, False, False, False, False, False]	(at main.py:64) 
2019-03-02 01:40:37,922 [I] Iter idx: 9, Qsize: 90	(at main.py:59) 
2019-03-02 01:40:37,922 [I] Curr factor: [0, 1, 0, 0, 0, 0, 0, 0, 0, 0, 0, 0, 0, 0, 0, 0, 0, 0, 0, 0, 0]	(at main.py:61) 
2019-03-02 01:40:38,056 [I] Response: [True, True, True, False, True, True, True, True, True, True, True, True, False, False, False, False, True, True, True]	(at main.py:64) 
2019-03-02 01:40:38,057 [I] Iter idx: 10, Qsize: 89	(at main.py:59) 
2019-03-02 01:40:38,057 [I] Curr factor: [0, 0, 0, 0, 0, 0, 0, 0, 0, 0, 0, 1, 1, 1, 1, 0, 0, 1, 0, 0, 0]	(at main.py:61) 
2019-03-02 01:40:38,353 [I] Response: [True, True, True, True, True, True, True, True, True, True, True, True, False, False, False, False, True, True, True]	(at main.py:64) 
2019-03-02 01:40:38,354 [I] Iter idx: 11, Qsize: 88	(at main.py:59) 
2019-03-02 01:40:38,354 [I] Curr factor: [0, 0, 0, 0, 0, 0, 0, 0, 0, 0, 0, 0, 0, 0, 0, 0, 0, 0, 1, 1, 1]	(at main.py:61) 
2019-03-02 01:40:38,515 [I] Response: [True, True, True, True, True, True, True, True, True, True, True, True, False, False, False, False, False, True, True]	(at main.py:64) 
2019-03-02 01:40:38,515 [I] Iter idx: 12, Qsize: 87	(at main.py:59) 
2019-03-02 01:40:38,515 [I] Curr factor: [0, 0, 0, 0, 0, 0, 0, 0, 0, 0, 1, 1, 1, 1, 1, 0, 0, 0, 0, 0, 0]	(at main.py:61) 
2019-03-02 01:40:38,715 [I] Response: [True, True, True, True, True, True, True, True, True, True, True, True, False, False, False, False, True, True, True]	(at main.py:64) 
2019-03-02 01:40:38,715 [I] Iter idx: 13, Qsize: 86	(at main.py:59) 
2019-03-02 01:40:38,715 [I] Curr factor: [0, 0, 0, 0, 0, 0, 0, 0, 0, 0, 0, 0, 0, 0, 0, 0, 1, 0, 0, 0, 0]	(at main.py:61) 
2019-03-02 01:40:38,915 [I] Response: [True, True, True, True, True, True, True, True, True, True, True, True, False, False, False, False, False, True, True]	(at main.py:64) 
2019-03-02 01:40:38,915 [I] Iter idx: 14, Qsize: 85	(at main.py:59) 
2019-03-02 01:40:38,916 [I] Curr factor: [1, 0, 0, 0, 0, 0, 0, 0, 0, 1, 1, 1, 1, 1, 1, 1, 1, 0, 0, 1, 0]	(at main.py:61) 
2019-03-02 01:40:39,115 [I] Response: [True, True, False, True, True, True, False, False, True, True, True, True, False, False, False, False, False, False, False]	(at main.py:64) 
2019-03-02 01:40:39,115 [I] Iter idx: 15, Qsize: 84	(at main.py:59) 
2019-03-02 01:40:39,115 [I] Curr factor: [0, 0, 0, 0, 0, 0, 1, 1, 1, 0, 0, 0, 0, 0, 0, 0, 0, 0, 0, 0, 0]	(at main.py:61) 
2019-03-02 01:40:39,284 [I] Response: [True, True, True, True, True, True, True, True, True, False, False, True, True, True, True, True, True, True, True]	(at main.py:64) 
2019-03-02 01:40:39,284 [I] Iter idx: 16, Qsize: 83	(at main.py:59) 
2019-03-02 01:40:39,284 [I] Curr factor: [0, 0, 0, 0, 1, 1, 1, 1, 1, 1, 1, 1, 1, 1, 1, 1, 1, 0, 0, 0, 0]	(at main.py:61) 
2019-03-02 01:40:39,444 [I] Response: [True, True, True, True, True, False, False, False, False, False, False, False, False, False, False, False, False, False, False]	(at main.py:64) 
2019-03-02 01:40:39,444 [I] Iter idx: 17, Qsize: 82	(at main.py:59) 
2019-03-02 01:40:39,444 [I] Curr factor: [0, 0, 0, 0, 0, 0, 0, 1, 1, 0, 0, 0, 0, 1, 0, 0, 0, 0, 0, 0, 0]	(at main.py:61) 
2019-03-02 01:40:39,629 [I] Response: [True, True, True, True, True, True, True, True, True, False, False, True, True, False, False, True, True, True, True]	(at main.py:64) 
2019-03-02 01:40:39,629 [I] Iter idx: 18, Qsize: 81	(at main.py:59) 
2019-03-02 01:40:39,629 [I] Curr factor: [0, 0, 0, 0, 0, 0, 0, 0, 0, 0, 0, 0, 0, 1, 0, 0, 0, 0, 0, 0, 1]	(at main.py:61) 
2019-03-02 01:40:39,817 [I] Response: [True, True, True, True, True, True, True, True, True, True, True, True, False, False, False, False, False, True, True]	(at main.py:64) 
2019-03-02 01:40:39,817 [I] Iter idx: 19, Qsize: 80	(at main.py:59) 
2019-03-02 01:40:39,817 [I] Curr factor: [0, 0, 1, 0, 0, 0, 0, 0, 0, 0, 0, 0, 0, 0, 0, 0, 0, 0, 0, 0, 0]	(at main.py:61) 
2019-03-02 01:40:40,032 [I] Response: [True, True, True, True, False, True, True, True, True, True, True, True, True, False, False, True, True, True, True]	(at main.py:64) 
2019-03-02 01:40:40,032 [I] Iter idx: 20, Qsize: 79	(at main.py:59) 
2019-03-02 01:40:40,033 [I] Curr factor: [0, 0, 0, 1, 1, 1, 1, 1, 1, 1, 1, 1, 1, 1, 1, 1, 1, 0, 0, 0, 0]	(at main.py:61) 
2019-03-02 01:40:40,217 [I] Response: [True, True, True, True, True, False, False, False, False, False, False, False, False, False, False, False, False, False, False]	(at main.py:64) 
2019-03-02 01:40:40,217 [I] Iter idx: 21, Qsize: 78	(at main.py:59) 
2019-03-02 01:40:40,217 [I] Curr factor: [0, 0, 0, 0, 0, 0, 0, 0, 0, 0, 0, 0, 1, 1, 1, 1, 1, 0, 0, 0, 0]	(at main.py:61) 
2019-03-02 01:40:40,372 [I] Response: [True, True, True, True, True, True, True, True, True, True, True, True, False, False, False, False, False, True, True]	(at main.py:64) 
2019-03-02 01:40:40,373 [I] Iter idx: 22, Qsize: 77	(at main.py:59) 
2019-03-02 01:40:40,373 [I] Curr factor: [0, 0, 0, 0, 0, 0, 0, 0, 0, 0, 0, 0, 0, 0, 0, 0, 0, 0, 0, 1, 0]	(at main.py:61) 
2019-03-02 01:40:40,548 [I] Response: [True, True, True, True, True, True, True, True, True, True, True, True, True, True, True, True, True, True, True]	(at main.py:64) 
2019-03-02 01:40:40,548 [I] Iter idx: 23, Qsize: 76	(at main.py:59) 
2019-03-02 01:40:40,549 [I] Curr factor: [0, 0, 0, 0, 0, 0, 0, 0, 0, 0, 0, 0, 0, 0, 0, 0, 1, 0, 0, 1, 0]	(at main.py:61) 
2019-03-02 01:40:40,730 [I] Response: [True, True, True, True, True, True, True, True, True, True, True, True, False, False, False, False, False, True, True]	(at main.py:64) 
2019-03-02 01:40:40,731 [I] Iter idx: 24, Qsize: 75	(at main.py:59) 
2019-03-02 01:40:40,731 [I] Curr factor: [0, 0, 0, 0, 0, 0, 0, 0, 0, 1, 1, 1, 1, 1, 1, 1, 1, 0, 1, 1, 1]	(at main.py:61) 
2019-03-02 01:40:40,945 [I] Response: [True, True, True, True, True, True, True, True, True, True, True, True, False, False, False, False, False, False, False]	(at main.py:64) 
2019-03-02 01:40:40,945 [I] Iter idx: 25, Qsize: 74	(at main.py:59) 
2019-03-02 01:40:40,945 [I] Curr factor: [0, 0, 0, 0, 0, 1, 0, 0, 0, 1, 1, 1, 1, 1, 1, 1, 1, 0, 1, 1, 1]	(at main.py:61) 
2019-03-02 01:40:41,140 [I] Response: [True, True, True, True, True, True, False, False, True, False, False, True, False, False, False, False, False, False, False]	(at main.py:64) 
2019-03-02 01:40:41,141 [I] Iter idx: 26, Qsize: 73	(at main.py:59) 
2019-03-02 01:40:41,141 [I] Curr factor: [0, 0, 0, 0, 0, 1, 0, 0, 0, 0, 0, 1, 1, 1, 1, 0, 0, 0, 0, 0, 0]	(at main.py:61) 
2019-03-02 01:40:41,371 [I] Response: [True, True, True, True, True, True, False, False, True, False, False, True, False, False, False, False, True, True, True]	(at main.py:64) 
2019-03-02 01:40:41,372 [I] Iter idx: 27, Qsize: 72	(at main.py:59) 
2019-03-02 01:40:41,372 [I] Curr factor: [0, 0, 0, 0, 0, 0, 0, 0, 1, 0, 0, 0, 0, 0, 0, 0, 0, 0, 0, 0, 0]	(at main.py:61) 
2019-03-02 01:40:41,581 [I] Response: [True, True, True, True, True, True, True, True, True, False, False, True, True, True, True, True, True, True, True]	(at main.py:64) 
2019-03-02 01:40:41,581 [I] Iter idx: 28, Qsize: 71	(at main.py:59) 
2019-03-02 01:40:41,582 [I] Curr factor: [0, 0, 0, 0, 0, 0, 0, 0, 0, 0, 0, 1, 1, 1, 1, 0, 0, 0, 0, 0, 0]	(at main.py:61) 
2019-03-02 01:40:41,716 [I] Response: [True, True, True, True, True, True, True, True, True, True, True, True, False, False, False, False, True, True, True]	(at main.py:64) 
2019-03-02 01:40:41,717 [I] Iter idx: 29, Qsize: 70	(at main.py:59) 
2019-03-02 01:40:41,717 [I] Curr factor: [0, 0, 0, 0, 0, 0, 0, 0, 0, 0, 0, 0, 0, 0, 0, 0, 0, 1, 0, 0, 0]	(at main.py:61) 
2019-03-02 01:40:41,895 [I] Response: [True, True, True, True, True, True, True, True, True, True, True, True, True, True, True, True, True, True, True]	(at main.py:64) 
2019-03-02 01:40:41,895 [I] Iter idx: 30, Qsize: 69	(at main.py:59) 
2019-03-02 01:40:41,895 [I] Curr factor: [0, 0, 0, 0, 0, 0, 0, 0, 0, 0, 0, 0, 1, 1, 1, 0, 0, 0, 0, 0, 0]	(at main.py:61) 
2019-03-02 01:40:42,145 [I] Response: [True, True, True, True, True, True, True, True, True, True, True, True, False, False, False, False, True, True, True]	(at main.py:64) 
2019-03-02 01:40:42,146 [I] Iter idx: 31, Qsize: 68	(at main.py:59) 
2019-03-02 01:40:42,146 [I] Curr factor: [0, 0, 0, 0, 0, 0, 0, 0, 1, 0, 0, 0, 0, 0, 1, 0, 0, 0, 0, 0, 0]	(at main.py:61) 
2019-03-02 01:40:42,321 [I] Response: [True, True, True, True, True, True, True, True, True, False, False, True, False, False, False, False, True, True, True]	(at main.py:64) 
2019-03-02 01:40:42,322 [I] Iter idx: 32, Qsize: 67	(at main.py:59) 
2019-03-02 01:40:42,322 [I] Curr factor: [0, 0, 0, 0, 0, 0, 0, 0, 1, 0, 1, 1, 1, 1, 1, 0, 0, 1, 0, 0, 0]	(at main.py:61) 
2019-03-02 01:40:42,497 [I] Response: [True, True, True, True, True, True, True, True, True, False, False, True, False, False, False, False, True, True, True]	(at main.py:64) 
2019-03-02 01:40:42,497 [I] Iter idx: 33, Qsize: 66	(at main.py:59) 
2019-03-02 01:40:42,497 [I] Curr factor: [1, 0, 1, 0, 0, 0, 0, 0, 0, 0, 0, 0, 0, 0, 0, 0, 0, 0, 0, 0, 0]	(at main.py:61) 
2019-03-02 01:40:42,664 [I] Response: [True, True, False, True, False, True, False, False, True, True, True, True, True, False, False, True, True, True, True]	(at main.py:64) 
2019-03-02 01:40:42,665 [I] Iter idx: 34, Qsize: 65	(at main.py:59) 
2019-03-02 01:40:42,665 [I] Curr factor: [0, 0, 0, 0, 0, 0, 1, 1, 1, 0, 0, 0, 0, 0, 0, 0, 1, 0, 0, 0, 0]	(at main.py:61) 
2019-03-02 01:40:42,990 [I] Response: [True, True, True, True, True, True, True, True, True, False, False, True, False, False, False, False, False, True, True]	(at main.py:64) 
2019-03-02 01:40:42,991 [I] Iter idx: 35, Qsize: 64	(at main.py:59) 
2019-03-02 01:40:42,991 [I] Curr factor: [1, 0, 1, 0, 0, 0, 0, 1, 1, 0, 0, 0, 0, 0, 0, 0, 0, 0, 0, 1, 0]	(at main.py:61) 
2019-03-02 01:40:43,168 [I] Response: [True, True, True, True, False, True, True, True, True, False, False, True, True, False, False, True, True, True, True]	(at main.py:64) 
2019-03-02 01:40:43,168 [I] Iter idx: 36, Qsize: 63	(at main.py:59) 
2019-03-02 01:40:43,168 [I] Curr factor: [0, 0, 0, 0, 0, 0, 0, 0, 0, 0, 0, 0, 0, 0, 0, 0, 0, 0, 0, 1, 1]	(at main.py:61) 
2019-03-02 01:40:43,369 [I] Response: [True, True, True, True, True, True, True, True, True, True, True, True, False, False, False, False, False, True, True]	(at main.py:64) 
2019-03-02 01:40:43,369 [I] Iter idx: 37, Qsize: 62	(at main.py:59) 
2019-03-02 01:40:43,369 [I] Curr factor: [0, 0, 0, 0, 0, 0, 0, 0, 0, 0, 0, 0, 0, 0, 0, 1, 1, 0, 0, 0, 0]	(at main.py:61) 
2019-03-02 01:40:43,615 [I] Response: [True, True, True, True, True, True, True, True, True, True, True, True, False, False, False, False, False, True, True]	(at main.py:64) 
2019-03-02 01:40:43,616 [I] Iter idx: 38, Qsize: 61	(at main.py:59) 
2019-03-02 01:40:43,616 [I] Curr factor: [1, 0, 0, 0, 0, 0, 0, 0, 0, 0, 0, 0, 0, 0, 0, 0, 0, 0, 0, 0, 0]	(at main.py:61) 
2019-03-02 01:40:43,800 [I] Response: [True, True, False, True, True, True, False, False, True, True, True, True, True, True, True, True, True, True, True]	(at main.py:64) 
2019-03-02 01:40:43,800 [I] Iter idx: 39, Qsize: 60	(at main.py:59) 
2019-03-02 01:40:43,800 [I] Curr factor: [0, 0, 0, 1, 1, 1, 1, 1, 1, 1, 1, 1, 1, 1, 1, 1, 1, 1, 0, 0, 0]	(at main.py:61) 
2019-03-02 01:40:44,020 [I] Response: [True, True, True, True, True, False, False, False, False, False, False, False, False, False, False, False, False, False, False]	(at main.py:64) 
2019-03-02 01:40:44,020 [I] Iter idx: 40, Qsize: 59	(at main.py:59) 
2019-03-02 01:40:44,020 [I] Curr factor: [0, 0, 0, 0, 0, 0, 0, 0, 0, 0, 0, 0, 0, 0, 0, 0, 0, 0, 0, 0, 1]	(at main.py:61) 
2019-03-02 01:40:44,156 [I] Response: [True, True, True, True, True, True, True, True, True, True, True, True, False, False, False, False, False, True, True]	(at main.py:64) 
2019-03-02 01:40:44,156 [I] Iter idx: 41, Qsize: 58	(at main.py:59) 
2019-03-02 01:40:44,156 [I] Curr factor: [0, 1, 1, 0, 0, 0, 0, 0, 0, 0, 0, 0, 0, 0, 0, 0, 0, 0, 0, 0, 0]	(at main.py:61) 
2019-03-02 01:40:44,317 [I] Response: [True, True, True, False, False, True, True, True, True, True, True, True, False, False, False, False, True, True, True]	(at main.py:64) 
2019-03-02 01:40:44,318 [I] Iter idx: 42, Qsize: 57	(at main.py:59) 
2019-03-02 01:40:44,318 [I] Curr factor: [0, 0, 0, 0, 0, 0, 1, 1, 1, 0, 0, 1, 1, 1, 1, 0, 0, 0, 0, 0, 0]	(at main.py:61) 
2019-03-02 01:40:44,464 [I] Response: [True, True, True, True, True, True, True, True, True, False, False, True, False, False, False, False, True, True, True]	(at main.py:64) 
2019-03-02 01:40:44,465 [I] Iter idx: 43, Qsize: 56	(at main.py:59) 
2019-03-02 01:40:44,465 [I] Curr factor: [0, 0, 0, 0, 0, 0, 0, 0, 1, 0, 0, 0, 0, 0, 0, 0, 0, 1, 0, 0, 0]	(at main.py:61) 
2019-03-02 01:40:44,607 [I] Response: [True, True, True, True, True, True, True, True, True, False, False, True, True, True, True, True, True, True, True]	(at main.py:64) 
2019-03-02 01:40:44,607 [I] Iter idx: 44, Qsize: 55	(at main.py:59) 
2019-03-02 01:40:44,607 [I] Curr factor: [0, 1, 0, 1, 1, 1, 1, 1, 1, 1, 1, 1, 1, 1, 1, 1, 1, 0, 0, 0, 0]	(at main.py:61) 
2019-03-02 01:40:44,754 [I] Response: [True, True, True, True, True, False, False, False, False, False, False, False, False, False, False, False, False, False, False]	(at main.py:64) 
2019-03-02 01:40:44,755 [I] Iter idx: 45, Qsize: 54	(at main.py:59) 
2019-03-02 01:40:44,755 [I] Curr factor: [0, 0, 0, 0, 0, 0, 0, 0, 0, 0, 0, 0, 0, 0, 0, 0, 0, 1, 1, 1, 1]	(at main.py:61) 
2019-03-02 01:40:44,909 [I] Response: [True, True, True, True, True, True, True, True, True, True, True, True, False, False, False, False, False, True, True]	(at main.py:64) 
2019-03-02 01:40:44,910 [I] Iter idx: 46, Qsize: 53	(at main.py:59) 
2019-03-02 01:40:44,910 [I] Curr factor: [0, 0, 1, 0, 0, 0, 0, 0, 0, 0, 0, 0, 0, 0, 1, 0, 0, 0, 0, 0, 0]	(at main.py:61) 
2019-03-02 01:40:45,073 [I] Response: [True, True, True, True, False, True, True, True, True, True, True, True, False, False, False, False, True, True, True]	(at main.py:64) 
2019-03-02 01:40:45,074 [I] Iter idx: 47, Qsize: 52	(at main.py:59) 
2019-03-02 01:40:45,074 [I] Curr factor: [0, 0, 1, 0, 0, 0, 0, 0, 0, 0, 0, 0, 0, 0, 0, 0, 0, 1, 0, 0, 0]	(at main.py:61) 
2019-03-02 01:40:45,247 [I] Response: [True, True, True, True, False, True, True, True, True, True, True, True, True, False, False, True, True, True, True]	(at main.py:64) 
2019-03-02 01:40:45,247 [I] Iter idx: 48, Qsize: 51	(at main.py:59) 
2019-03-02 01:40:45,247 [I] Curr factor: [0, 0, 0, 0, 0, 0, 0, 0, 0, 1, 1, 1, 1, 1, 1, 1, 1, 1, 0, 0, 0]	(at main.py:61) 
2019-03-02 01:40:45,400 [I] Response: [True, True, True, True, True, True, True, True, True, True, True, True, False, False, False, False, False, False, False]	(at main.py:64) 
2019-03-02 01:40:45,400 [I] Iter idx: 49, Qsize: 50	(at main.py:59) 
2019-03-02 01:40:45,400 [I] Curr factor: [0, 1, 1, 0, 0, 0, 0, 0, 0, 0, 0, 0, 1, 1, 1, 0, 1, 0, 0, 0, 0]	(at main.py:61) 
2019-03-02 01:40:45,580 [I] Response: [True, True, True, False, False, True, True, True, True, True, True, True, False, False, False, False, False, True, True]	(at main.py:64) 
2019-03-02 01:40:45,580 [I] Iter idx: 50, Qsize: 49	(at main.py:59) 
2019-03-02 01:40:45,580 [I] Curr factor: [0, 0, 0, 0, 0, 1, 0, 1, 1, 0, 0, 0, 0, 0, 0, 0, 0, 0, 0, 0, 0]	(at main.py:61) 
2019-03-02 01:40:45,745 [I] Response: [True, True, True, True, True, True, False, False, True, False, False, True, True, True, True, True, True, True, True]	(at main.py:64) 
2019-03-02 01:40:45,746 [I] Iter idx: 51, Qsize: 48	(at main.py:59) 
2019-03-02 01:40:45,746 [I] Curr factor: [0, 0, 1, 0, 0, 0, 0, 0, 0, 0, 0, 0, 0, 0, 0, 0, 0, 0, 0, 0, 1]	(at main.py:61) 
2019-03-02 01:40:45,918 [I] Response: [True, True, True, True, False, True, True, True, True, True, True, True, False, False, False, False, False, True, True]	(at main.py:64) 
2019-03-02 01:40:45,919 [I] Iter idx: 52, Qsize: 47	(at main.py:59) 
2019-03-02 01:40:45,919 [I] Curr factor: [0, 1, 0, 0, 0, 0, 0, 0, 0, 0, 0, 1, 1, 1, 1, 0, 0, 0, 0, 0, 0]	(at main.py:61) 
2019-03-02 01:40:46,092 [I] Response: [True, True, True, False, True, True, True, True, True, True, True, True, False, False, False, False, True, True, True]	(at main.py:64) 
2019-03-02 01:40:46,093 [I] Iter idx: 53, Qsize: 46	(at main.py:59) 
2019-03-02 01:40:46,093 [I] Curr factor: [0, 0, 0, 0, 0, 0, 0, 0, 0, 0, 1, 1, 1, 1, 1, 0, 0, 1, 0, 0, 0]	(at main.py:61) 
2019-03-02 01:40:46,246 [I] Response: [True, True, True, True, True, True, True, True, True, True, True, True, False, False, False, False, True, True, True]	(at main.py:64) 
2019-03-02 01:40:46,247 [I] Iter idx: 54, Qsize: 45	(at main.py:59) 
2019-03-02 01:40:46,247 [I] Curr factor: [0, 0, 0, 0, 0, 0, 0, 0, 0, 0, 0, 0, 0, 1, 1, 0, 0, 0, 0, 1, 0]	(at main.py:61) 
2019-03-02 01:40:46,404 [I] Response: [True, True, True, True, True, True, True, True, True, True, True, True, False, False, False, False, True, True, True]	(at main.py:64) 
2019-03-02 01:40:46,404 [I] Iter idx: 55, Qsize: 44	(at main.py:59) 
2019-03-02 01:40:46,405 [I] Curr factor: [0, 0, 0, 1, 1, 1, 1, 1, 1, 1, 1, 1, 1, 1, 1, 1, 1, 0, 0, 1, 0]	(at main.py:61) 
2019-03-02 01:40:46,562 [I] Response: [True, True, True, True, True, False, False, False, False, False, False, False, False, False, False, False, False, False, False]	(at main.py:64) 
2019-03-02 01:40:46,563 [I] Iter idx: 56, Qsize: 43	(at main.py:59) 
2019-03-02 01:40:46,564 [I] Curr factor: [0, 0, 0, 0, 0, 0, 1, 1, 1, 1, 1, 1, 1, 1, 1, 1, 1, 0, 0, 0, 1]	(at main.py:61) 
2019-03-02 01:40:46,747 [I] Response: [True, True, True, True, True, True, True, True, True, False, False, True, False, False, False, False, False, False, False]	(at main.py:64) 
2019-03-02 01:40:46,748 [I] Iter idx: 57, Qsize: 42	(at main.py:59) 
2019-03-02 01:40:46,748 [I] Curr factor: [0, 0, 0, 0, 0, 0, 0, 0, 0, 0, 0, 0, 0, 0, 0, 1, 1, 1, 0, 0, 0]	(at main.py:61) 
2019-03-02 01:40:46,919 [I] Response: [True, True, True, True, True, True, True, True, True, True, True, True, False, False, False, False, False, True, True]	(at main.py:64) 
2019-03-02 01:40:46,920 [I] Iter idx: 58, Qsize: 41	(at main.py:59) 
2019-03-02 01:40:46,920 [I] Curr factor: [0, 1, 0, 0, 0, 1, 0, 1, 1, 0, 0, 0, 0, 0, 0, 0, 0, 0, 0, 0, 0]	(at main.py:61) 
2019-03-02 01:40:47,106 [I] Response: [True, True, True, True, True, True, False, False, True, False, False, True, True, True, True, True, True, True, True]	(at main.py:64) 
2019-03-02 01:40:47,106 [I] Iter idx: 59, Qsize: 40	(at main.py:59) 
2019-03-02 01:40:47,106 [I] Curr factor: [0, 0, 0, 0, 0, 0, 1, 1, 1, 1, 1, 1, 1, 1, 1, 1, 1, 0, 1, 1, 1]	(at main.py:61) 
2019-03-02 01:40:47,275 [I] Response: [True, True, True, True, True, True, True, True, True, False, False, True, False, False, False, False, False, False, False]	(at main.py:64) 
2019-03-02 01:40:47,275 [I] Iter idx: 60, Qsize: 39	(at main.py:59) 
2019-03-02 01:40:47,276 [I] Curr factor: [0, 1, 0, 0, 0, 0, 0, 0, 0, 1, 1, 1, 1, 1, 1, 1, 1, 0, 0, 0, 0]	(at main.py:61) 
2019-03-02 01:40:47,439 [I] Response: [True, True, True, False, True, True, True, True, True, True, True, True, False, False, False, False, False, False, False]	(at main.py:64) 
2019-03-02 01:40:47,440 [I] Iter idx: 61, Qsize: 38	(at main.py:59) 
2019-03-02 01:40:47,440 [I] Curr factor: [0, 0, 0, 0, 0, 0, 0, 0, 1, 1, 1, 1, 1, 1, 1, 1, 1, 0, 0, 0, 0]	(at main.py:61) 
2019-03-02 01:40:47,598 [I] Response: [True, True, True, True, True, True, True, True, True, False, False, True, False, False, False, False, False, False, False]	(at main.py:64) 
2019-03-02 01:40:47,599 [I] Iter idx: 62, Qsize: 37	(at main.py:59) 
2019-03-02 01:40:47,600 [I] Curr factor: [0, 0, 0, 0, 0, 0, 0, 0, 0, 0, 0, 0, 0, 0, 0, 0, 1, 0, 0, 0, 1]	(at main.py:61) 
2019-03-02 01:40:47,761 [I] Response: [True, True, True, True, True, True, True, True, True, True, True, True, False, False, False, False, False, True, True]	(at main.py:64) 
2019-03-02 01:40:47,762 [I] Iter idx: 63, Qsize: 36	(at main.py:59) 
2019-03-02 01:40:47,762 [I] Curr factor: [0, 0, 0, 0, 0, 0, 1, 1, 1, 0, 0, 0, 0, 0, 0, 0, 0, 0, 1, 1, 1]	(at main.py:61) 
2019-03-02 01:40:47,925 [I] Response: [True, True, True, True, True, True, True, True, True, False, False, True, False, False, False, False, False, True, True]	(at main.py:64) 
2019-03-02 01:40:47,925 [I] Iter idx: 64, Qsize: 35	(at main.py:59) 
2019-03-02 01:40:47,925 [I] Curr factor: [1, 0, 0, 0, 1, 1, 1, 1, 1, 1, 1, 1, 1, 1, 1, 1, 1, 0, 0, 0, 0]	(at main.py:61) 
2019-03-02 01:40:48,090 [I] Response: [True, True, True, True, True, False, False, False, False, False, False, False, False, False, False, False, False, False, False]	(at main.py:64) 
2019-03-02 01:40:48,091 [I] Iter idx: 65, Qsize: 34	(at main.py:59) 
2019-03-02 01:40:48,091 [I] Curr factor: [0, 0, 1, 0, 0, 0, 0, 0, 0, 0, 0, 1, 1, 1, 1, 0, 0, 1, 0, 0, 0]	(at main.py:61) 
2019-03-02 01:40:48,261 [I] Response: [True, True, True, True, False, True, True, True, True, True, True, True, False, False, False, False, True, True, True]	(at main.py:64) 
2019-03-02 01:40:48,262 [I] Iter idx: 66, Qsize: 33	(at main.py:59) 
2019-03-02 01:40:48,262 [I] Curr factor: [0, 0, 0, 0, 0, 0, 0, 0, 1, 0, 0, 0, 0, 0, 0, 0, 0, 0, 0, 1, 0]	(at main.py:61) 
2019-03-02 01:40:48,426 [I] Response: [True, True, True, True, True, True, True, True, True, False, False, True, True, True, True, True, True, True, True]	(at main.py:64) 
2019-03-02 01:40:48,426 [I] Iter idx: 67, Qsize: 32	(at main.py:59) 
2019-03-02 01:40:48,426 [I] Curr factor: [0, 0, 0, 0, 0, 0, 1, 1, 1, 0, 0, 0, 0, 1, 0, 0, 0, 0, 0, 0, 0]	(at main.py:61) 
2019-03-02 01:40:48,590 [I] Response: [True, True, True, True, True, True, True, True, True, False, False, True, True, False, False, True, True, True, True]	(at main.py:64) 
2019-03-02 01:40:48,590 [I] Iter idx: 68, Qsize: 31	(at main.py:59) 
2019-03-02 01:40:48,590 [I] Curr factor: [0, 0, 0, 0, 0, 0, 1, 1, 1, 0, 1, 1, 1, 1, 1, 0, 0, 0, 0, 0, 0]	(at main.py:61) 
2019-03-02 01:40:48,749 [I] Response: [True, True, True, True, True, True, True, True, True, False, False, True, False, False, False, False, True, True, True]	(at main.py:64) 
2019-03-02 01:40:48,750 [I] Iter idx: 69, Qsize: 30	(at main.py:59) 
2019-03-02 01:40:48,750 [I] Curr factor: [1, 0, 0, 0, 0, 1, 0, 0, 0, 0, 0, 0, 0, 0, 0, 0, 0, 0, 0, 0, 0]	(at main.py:61) 
2019-03-02 01:40:48,936 [I] Response: [True, True, False, True, True, True, False, False, True, False, False, True, True, True, True, True, True, True, True]	(at main.py:64) 
2019-03-02 01:40:48,937 [I] Iter idx: 70, Qsize: 29	(at main.py:59) 
2019-03-02 01:40:48,937 [I] Curr factor: [1, 0, 0, 0, 0, 0, 0, 0, 0, 0, 0, 0, 0, 0, 0, 1, 1, 0, 0, 0, 0]	(at main.py:61) 
2019-03-02 01:40:49,147 [I] Response: [True, True, False, True, True, True, False, False, True, True, True, True, False, False, False, False, False, True, True]	(at main.py:64) 
2019-03-02 01:40:49,148 [I] Iter idx: 71, Qsize: 28	(at main.py:59) 
2019-03-02 01:40:49,148 [I] Curr factor: [0, 0, 0, 0, 0, 0, 0, 0, 1, 1, 1, 1, 1, 1, 1, 1, 1, 0, 0, 1, 1]	(at main.py:61) 
2019-03-02 01:40:49,313 [I] Response: [True, True, True, True, True, True, True, True, True, False, False, True, False, False, False, False, False, False, False]	(at main.py:64) 
2019-03-02 01:40:49,314 [I] Iter idx: 72, Qsize: 27	(at main.py:59) 
2019-03-02 01:40:49,314 [I] Curr factor: [0, 1, 0, 0, 0, 0, 0, 0, 0, 0, 0, 0, 0, 0, 0, 0, 0, 1, 0, 0, 0]	(at main.py:61) 
2019-03-02 01:40:49,472 [I] Response: [True, True, True, False, True, True, True, True, True, True, True, True, False, False, False, False, True, True, True]	(at main.py:64) 
2019-03-02 01:40:49,473 [I] Iter idx: 73, Qsize: 26	(at main.py:59) 
2019-03-02 01:40:49,473 [I] Curr factor: [1, 0, 0, 0, 0, 0, 0, 0, 0, 0, 0, 0, 1, 1, 1, 0, 0, 0, 0, 0, 0]	(at main.py:61) 
2019-03-02 01:40:49,634 [I] Response: [True, True, False, True, True, True, False, False, True, True, True, True, False, False, False, False, True, True, True]	(at main.py:64) 
2019-03-02 01:40:49,634 [I] Iter idx: 74, Qsize: 25	(at main.py:59) 
2019-03-02 01:40:49,634 [I] Curr factor: [0, 0, 0, 0, 0, 1, 0, 0, 1, 0, 0, 0, 0, 0, 0, 0, 0, 0, 0, 0, 0]	(at main.py:61) 
2019-03-02 01:40:49,791 [I] Response: [True, True, True, True, True, True, False, False, True, False, False, True, True, True, True, True, True, True, True]	(at main.py:64) 
2019-03-02 01:40:49,791 [I] Iter idx: 75, Qsize: 24	(at main.py:59) 
2019-03-02 01:40:49,792 [I] Curr factor: [1, 0, 0, 0, 0, 0, 1, 1, 1, 0, 0, 0, 0, 0, 0, 0, 0, 0, 0, 0, 0]	(at main.py:61) 
2019-03-02 01:40:49,953 [I] Response: [True, True, True, True, True, True, True, True, True, False, False, True, True, True, True, True, True, True, True]	(at main.py:64) 
2019-03-02 01:40:49,953 [I] Iter idx: 76, Qsize: 23	(at main.py:59) 
2019-03-02 01:40:49,953 [I] Curr factor: [0, 0, 0, 0, 0, 0, 0, 0, 0, 0, 0, 0, 0, 0, 1, 0, 0, 0, 0, 0, 1]	(at main.py:61) 
2019-03-02 01:40:50,252 [I] Response: [True, True, True, True, True, True, True, True, True, True, True, True, False, False, False, False, False, True, True]	(at main.py:64) 
2019-03-02 01:40:50,253 [I] Iter idx: 77, Qsize: 22	(at main.py:59) 
2019-03-02 01:40:50,253 [I] Curr factor: [0, 0, 0, 0, 0, 1, 0, 0, 0, 0, 0, 0, 1, 1, 1, 0, 0, 0, 0, 0, 0]	(at main.py:61) 
2019-03-02 01:40:50,492 [I] Response: [True, True, True, True, True, True, False, False, True, False, False, True, False, False, False, False, True, True, True]	(at main.py:64) 
2019-03-02 01:40:50,492 [I] Iter idx: 78, Qsize: 21	(at main.py:59) 
2019-03-02 01:40:50,492 [I] Curr factor: [0, 0, 0, 0, 0, 0, 0, 0, 0, 0, 0, 0, 1, 1, 1, 0, 0, 0, 0, 0, 1]	(at main.py:61) 
2019-03-02 01:40:50,707 [I] Response: [True, True, True, True, True, True, True, True, True, True, True, True, False, False, False, False, False, True, True]	(at main.py:64) 
2019-03-02 01:40:50,707 [I] Iter idx: 79, Qsize: 20	(at main.py:59) 
2019-03-02 01:40:50,708 [I] Curr factor: [0, 0, 0, 0, 0, 0, 0, 0, 1, 0, 0, 0, 0, 0, 0, 0, 1, 0, 0, 0, 0]	(at main.py:61) 
2019-03-02 01:40:50,938 [I] Response: [True, True, True, True, True, True, True, True, True, False, False, True, False, False, False, False, False, True, True]	(at main.py:64) 
2019-03-02 01:40:50,938 [I] Iter idx: 80, Qsize: 19	(at main.py:59) 
2019-03-02 01:40:50,939 [I] Curr factor: [0, 0, 0, 0, 0, 0, 0, 0, 0, 0, 0, 0, 1, 1, 1, 1, 1, 0, 0, 1, 0]	(at main.py:61) 
2019-03-02 01:40:51,137 [I] Response: [True, True, True, True, True, True, True, True, True, True, True, True, False, False, False, False, False, True, True]	(at main.py:64) 
2019-03-02 01:40:51,138 [I] Iter idx: 81, Qsize: 18	(at main.py:59) 
2019-03-02 01:40:51,138 [I] Curr factor: [0, 0, 0, 0, 0, 1, 0, 0, 0, 0, 0, 0, 0, 0, 0, 1, 1, 0, 0, 0, 0]	(at main.py:61) 
2019-03-02 01:40:51,323 [I] Response: [True, True, True, True, True, True, False, False, True, False, False, True, False, False, False, False, False, True, True]	(at main.py:64) 
2019-03-02 01:40:51,323 [I] Iter idx: 82, Qsize: 17	(at main.py:59) 
2019-03-02 01:40:51,324 [I] Curr factor: [0, 1, 0, 0, 0, 0, 0, 0, 0, 0, 0, 0, 0, 0, 0, 0, 0, 0, 0, 0, 1]	(at main.py:61) 
2019-03-02 01:40:51,564 [I] Response: [True, True, True, False, True, True, True, True, True, True, True, True, False, False, False, False, False, True, True]	(at main.py:64) 
2019-03-02 01:40:51,564 [I] Iter idx: 83, Qsize: 16	(at main.py:59) 
2019-03-02 01:40:51,564 [I] Curr factor: [0, 0, 0, 0, 0, 0, 0, 0, 0, 0, 1, 1, 1, 1, 1, 0, 1, 0, 0, 0, 0]	(at main.py:61) 
2019-03-02 01:40:51,769 [I] Response: [True, True, True, True, True, True, True, True, True, True, True, True, False, False, False, False, True, True, True]	(at main.py:64) 
2019-03-02 01:40:51,769 [I] Iter idx: 84, Qsize: 15	(at main.py:59) 
2019-03-02 01:40:51,769 [I] Curr factor: [0, 0, 1, 1, 1, 1, 1, 1, 1, 1, 1, 1, 1, 1, 1, 1, 1, 0, 0, 0, 0]	(at main.py:61) 
2019-03-02 01:40:51,921 [I] Response: [True, True, True, True, True, False, False, False, False, False, False, False, False, False, False, False, False, False, False]	(at main.py:64) 
2019-03-02 01:40:51,921 [I] Iter idx: 85, Qsize: 14	(at main.py:59) 
2019-03-02 01:40:51,922 [I] Curr factor: [0, 0, 0, 0, 0, 0, 0, 0, 0, 0, 1, 1, 1, 1, 1, 0, 0, 0, 1, 1, 1]	(at main.py:61) 
2019-03-02 01:40:52,064 [I] Response: [True, True, True, True, True, True, True, True, True, True, True, True, False, False, False, False, False, True, True]	(at main.py:64) 
2019-03-02 01:40:52,064 [I] Iter idx: 86, Qsize: 13	(at main.py:59) 
2019-03-02 01:40:52,064 [I] Curr factor: [0, 0, 0, 0, 0, 0, 0, 0, 0, 0, 0, 0, 1, 1, 1, 0, 0, 1, 0, 0, 0]	(at main.py:61) 
2019-03-02 01:40:52,197 [I] Response: [True, True, True, True, True, True, True, True, True, True, True, True, False, False, False, False, True, True, True]	(at main.py:64) 
2019-03-02 01:40:52,197 [I] Iter idx: 87, Qsize: 12	(at main.py:59) 
2019-03-02 01:40:52,198 [I] Curr factor: [0, 0, 1, 1, 1, 1, 1, 1, 1, 1, 1, 1, 1, 1, 1, 1, 1, 0, 0, 1, 0]	(at main.py:61) 
2019-03-02 01:40:52,336 [I] Response: [True, True, True, True, True, False, False, False, False, False, False, False, False, False, False, False, False, False, False]	(at main.py:64) 
2019-03-02 01:40:52,337 [I] Iter idx: 88, Qsize: 11	(at main.py:59) 
2019-03-02 01:40:52,337 [I] Curr factor: [0, 0, 0, 0, 0, 0, 0, 1, 1, 0, 0, 0, 0, 0, 0, 0, 1, 0, 0, 0, 0]	(at main.py:61) 
2019-03-02 01:40:52,476 [I] Response: [True, True, True, True, True, True, True, True, True, False, False, True, False, False, False, False, False, True, True]	(at main.py:64) 
2019-03-02 01:40:52,477 [I] Iter idx: 89, Qsize: 10	(at main.py:59) 
2019-03-02 01:40:52,477 [I] Curr factor: [0, 0, 1, 0, 0, 0, 0, 0, 0, 0, 0, 0, 1, 1, 1, 0, 0, 0, 0, 0, 0]	(at main.py:61) 
2019-03-02 01:40:52,615 [I] Response: [True, True, True, True, False, True, True, True, True, True, True, True, False, False, False, False, True, True, True]	(at main.py:64) 
2019-03-02 01:40:52,616 [I] Iter idx: 90, Qsize: 9	(at main.py:59) 
2019-03-02 01:40:52,616 [I] Curr factor: [0, 0, 0, 0, 0, 0, 0, 0, 0, 0, 0, 0, 1, 1, 1, 0, 0, 0, 1, 1, 1]	(at main.py:61) 
2019-03-02 01:40:52,759 [I] Response: [True, True, True, True, True, True, True, True, True, True, True, True, False, False, False, False, False, True, True]	(at main.py:64) 
2019-03-02 01:40:52,760 [I] Iter idx: 91, Qsize: 8	(at main.py:59) 
2019-03-02 01:40:52,760 [I] Curr factor: [0, 1, 0, 0, 0, 0, 0, 0, 0, 0, 0, 1, 1, 1, 1, 1, 1, 0, 0, 0, 0]	(at main.py:61) 
2019-03-02 01:40:52,907 [I] Response: [True, True, True, False, True, True, True, True, True, True, True, True, False, False, False, False, False, True, True]	(at main.py:64) 
2019-03-02 01:40:52,908 [I] Iter idx: 92, Qsize: 7	(at main.py:59) 
2019-03-02 01:40:52,908 [I] Curr factor: [0, 0, 0, 0, 0, 0, 0, 0, 0, 0, 0, 0, 0, 0, 0, 0, 0, 1, 0, 0, 1]	(at main.py:61) 
2019-03-02 01:40:53,057 [I] Response: [True, True, True, True, True, True, True, True, True, True, True, True, False, False, False, False, False, True, True]	(at main.py:64) 
2019-03-02 01:40:53,057 [I] Iter idx: 93, Qsize: 6	(at main.py:59) 
2019-03-02 01:40:53,058 [I] Curr factor: [0, 0, 1, 0, 0, 1, 0, 0, 0, 0, 0, 0, 0, 0, 0, 0, 0, 1, 0, 0, 0]	(at main.py:61) 
2019-03-02 01:40:53,208 [I] Response: [True, True, True, True, False, True, False, False, True, False, False, True, True, False, False, True, True, True, True]	(at main.py:64) 
2019-03-02 01:40:53,208 [I] Iter idx: 94, Qsize: 5	(at main.py:59) 
2019-03-02 01:40:53,208 [I] Curr factor: [0, 1, 0, 0, 0, 0, 0, 0, 0, 0, 0, 0, 0, 0, 1, 0, 0, 0, 0, 0, 0]	(at main.py:61) 
2019-03-02 01:40:53,356 [I] Response: [True, True, True, False, True, True, True, True, True, True, True, True, False, False, False, False, True, True, True]	(at main.py:64) 
2019-03-02 01:40:53,356 [I] Iter idx: 95, Qsize: 4	(at main.py:59) 
2019-03-02 01:40:53,356 [I] Curr factor: [0, 1, 0, 0, 1, 1, 1, 1, 1, 1, 1, 1, 1, 1, 1, 1, 1, 0, 0, 0, 0]	(at main.py:61) 
2019-03-02 01:40:53,781 [I] Response: [True, True, True, False, True, False, False, False, False, False, False, False, False, False, False, False, False, False, False]	(at main.py:64) 
2019-03-02 01:40:53,781 [I] Iter idx: 96, Qsize: 3	(at main.py:59) 
2019-03-02 01:40:53,782 [I] Curr factor: [0, 0, 0, 0, 0, 0, 0, 1, 1, 0, 0, 0, 0, 0, 0, 0, 0, 1, 0, 0, 0]	(at main.py:61) 
2019-03-02 01:40:54,264 [I] Response: [True, True, True, True, True, True, True, True, True, False, False, True, True, True, True, True, True, True, True]	(at main.py:64) 
2019-03-02 01:40:54,265 [I] Iter idx: 97, Qsize: 2	(at main.py:59) 
2019-03-02 01:40:54,265 [I] Curr factor: [0, 0, 0, 0, 0, 0, 0, 1, 1, 0, 0, 0, 0, 0, 1, 0, 0, 0, 0, 1, 0]	(at main.py:61) 
2019-03-02 01:40:54,429 [I] Response: [True, True, True, True, True, True, True, True, True, False, False, True, False, False, False, False, True, True, True]	(at main.py:64) 
2019-03-02 01:40:54,430 [I] Iter idx: 98, Qsize: 1	(at main.py:59) 
2019-03-02 01:40:54,430 [I] Curr factor: [0, 0, 0, 0, 0, 0, 0, 0, 0, 1, 1, 1, 1, 1, 1, 1, 1, 0, 0, 1, 1]	(at main.py:61) 
2019-03-02 01:40:54,599 [I] Response: [True, True, True, True, True, True, True, True, True, True, True, True, False, False, False, False, False, False, False]	(at main.py:64) 
2019-03-02 01:40:54,600 [I] Iter idx: 99, Qsize: 0	(at main.py:59) 
2019-03-02 01:40:54,600 [I] Curr factor: [1, 0, 0, 0, 0, 0, 0, 0, 0, 0, 1, 1, 1, 1, 1, 0, 0, 0, 0, 0, 0]	(at main.py:61) 
2019-03-02 01:40:54,757 [I] Response: [True, True, False, True, True, True, False, False, True, True, True, True, False, False, False, False, True, True, True]	(at main.py:64) 
2019-03-02 01:40:54,757 [I] End iteration. Save model.	(at main.py:70) 
2019-03-02 01:40:54,790 [I] Model saved. End program.	(at main.py:72) 
