2019-03-02 02:04:49,295 [I] 	(at main.py:29) 
2019-03-02 02:04:49,295 [I] ===== START - RUN ==============================================	(at main.py:32) 
2019-03-02 02:04:49,295 [D] Title: RUN, Job key: RUN_2019-03-02_02:04:49	(at main.py:40) 
2019-03-02 02:04:49,296 [I] Load config file.	(at main.py:56) 
2019-03-02 02:04:49,296 [D] Loading config from ['/home/bohrok/Documents/DM/output/orbs/mug/4/config/config.ini']	(at config.py:16) 
2019-03-02 02:04:49,296 [D] Load config successfully!	(at config.py:19) 
2019-03-02 02:04:49,296 [D] Initialize directory: .	(at workspace.py:10) 
2019-03-02 02:04:49,296 [I] Initialize workspace.	(at main.py:64) 
2019-03-02 02:04:49,296 [I] Working directory path: /home/bohrok/Documents/DM/output/orbs/mug/4/work	(at workspace.py:41) 
2019-03-02 02:04:49,297 [D] Record the config on workspace.	(at workspace.py:62) 
2019-03-02 02:04:49,298 [I] No PRE stage.	(at main.py:73) 
2019-03-02 02:04:49,298 [I] Construct SliceSpace.	(at main.py:76) 
2019-03-02 02:04:49,298 [I] Compile the system.	(at slicespace.py:148) 
2019-03-02 02:04:49,333 [I] Execute the system.	(at slicespace.py:160) 
2019-03-02 02:04:49,343 [I] Compile the system again (sanity check).	(at slicespace.py:174) 
2019-03-02 02:04:49,380 [I] Execute the system again (sanity check).	(at slicespace.py:188) 
2019-03-02 02:04:49,390 [I] Construct deletion operators.	(at main.py:80) 
2019-03-02 02:04:49,390 [I] Run ORBS stage.	(at main.py:85) 
2019-03-02 02:04:49,391 [I] ORBS starts...	(at orbs.py:53) 
2019-03-02 02:04:49,407 [D] subprocess cmd: ['source compile.sh /home/bohrok/Documents/DM/output/orbs/mug/4/work'], stdout: b''	(at ex_script.py:45) 
2019-03-02 02:04:49,407 [D] -:F:n:WD_1:mug.c:65	(at logger.py:129) 
2019-03-02 02:04:49,425 [D] subprocess cmd: ['source compile.sh /home/bohrok/Documents/DM/output/orbs/mug/4/work'], stdout: b''	(at ex_script.py:45) 
2019-03-02 02:04:49,425 [D] ┌:F:n:WD_2:mug.c:65	(at logger.py:129) 
2019-03-02 02:04:49,425 [D] └:F:n:WD_2:mug.c:64	(at logger.py:129) 
2019-03-02 02:04:49,442 [D] subprocess cmd: ['source compile.sh /home/bohrok/Documents/DM/output/orbs/mug/4/work'], stdout: b''	(at ex_script.py:45) 
2019-03-02 02:04:49,442 [D] ┌:F:n:WD_3:mug.c:65	(at logger.py:129) 
2019-03-02 02:04:49,442 [D] |:F:n:WD_3:mug.c:64	(at logger.py:129) 
2019-03-02 02:04:49,442 [D] └:F:n:WD_3:mug.c:63	(at logger.py:129) 
2019-03-02 02:04:49,487 [D] -:P:n:WD_1:mug.c:64	(at logger.py:129) 
2019-03-02 02:04:49,503 [D] subprocess cmd: ['source compile.sh /home/bohrok/Documents/DM/output/orbs/mug/4/work'], stdout: b''	(at ex_script.py:45) 
2019-03-02 02:04:49,503 [D] -:F:n:WD_1:mug.c:63	(at logger.py:129) 
2019-03-02 02:04:49,522 [D] subprocess cmd: ['source compile.sh /home/bohrok/Documents/DM/output/orbs/mug/4/work'], stdout: b''	(at ex_script.py:45) 
2019-03-02 02:04:49,522 [D] ┌:F:n:WD_2:mug.c:63	(at logger.py:129) 
2019-03-02 02:04:49,522 [D] └:F:n:WD_2:mug.c:62	(at logger.py:129) 
2019-03-02 02:04:49,558 [D] subprocess cmd: ['source compile.sh /home/bohrok/Documents/DM/output/orbs/mug/4/work'], stdout: b''	(at ex_script.py:45) 
2019-03-02 02:04:49,558 [D] ┌:F:n:WD_3:mug.c:63	(at logger.py:129) 
2019-03-02 02:04:49,558 [D] |:F:n:WD_3:mug.c:62	(at logger.py:129) 
2019-03-02 02:04:49,558 [D] └:F:n:WD_3:mug.c:61	(at logger.py:129) 
2019-03-02 02:04:49,574 [D] subprocess cmd: ['source compile.sh /home/bohrok/Documents/DM/output/orbs/mug/4/work'], stdout: b''	(at ex_script.py:45) 
2019-03-02 02:04:49,574 [D] -:F:n:WD_1:mug.c:62	(at logger.py:129) 
2019-03-02 02:04:49,589 [D] subprocess cmd: ['source compile.sh /home/bohrok/Documents/DM/output/orbs/mug/4/work'], stdout: b''	(at ex_script.py:45) 
2019-03-02 02:04:49,590 [D] ┌:F:n:WD_2:mug.c:62	(at logger.py:129) 
2019-03-02 02:04:49,590 [D] └:F:n:WD_2:mug.c:61	(at logger.py:129) 
2019-03-02 02:04:49,607 [D] subprocess cmd: ['source compile.sh /home/bohrok/Documents/DM/output/orbs/mug/4/work'], stdout: b''	(at ex_script.py:45) 
2019-03-02 02:04:49,607 [D] ┌:F:n:WD_3:mug.c:62	(at logger.py:129) 
2019-03-02 02:04:49,607 [D] |:F:n:WD_3:mug.c:61	(at logger.py:129) 
2019-03-02 02:04:49,607 [D] └:F:n:WD_3:mug.c:60	(at logger.py:129) 
2019-03-02 02:04:49,624 [D] subprocess cmd: ['source compile.sh /home/bohrok/Documents/DM/output/orbs/mug/4/work'], stdout: b''	(at ex_script.py:45) 
2019-03-02 02:04:49,624 [D] -:F:n:WD_1:mug.c:61	(at logger.py:129) 
2019-03-02 02:04:49,642 [D] subprocess cmd: ['source compile.sh /home/bohrok/Documents/DM/output/orbs/mug/4/work'], stdout: b''	(at ex_script.py:45) 
2019-03-02 02:04:49,643 [D] ┌:F:n:WD_2:mug.c:61	(at logger.py:129) 
2019-03-02 02:04:49,643 [D] └:F:n:WD_2:mug.c:60	(at logger.py:129) 
2019-03-02 02:04:49,659 [D] subprocess cmd: ['source compile.sh /home/bohrok/Documents/DM/output/orbs/mug/4/work'], stdout: b''	(at ex_script.py:45) 
2019-03-02 02:04:49,660 [D] ┌:F:n:WD_3:mug.c:61	(at logger.py:129) 
2019-03-02 02:04:49,660 [D] |:F:n:WD_3:mug.c:60	(at logger.py:129) 
2019-03-02 02:04:49,660 [D] └:F:n:WD_3:mug.c:59	(at logger.py:129) 
2019-03-02 02:04:49,706 [D] -:P:n:WD_1:mug.c:60	(at logger.py:129) 
2019-03-02 02:04:49,722 [D] subprocess cmd: ['source compile.sh /home/bohrok/Documents/DM/output/orbs/mug/4/work'], stdout: b''	(at ex_script.py:45) 
2019-03-02 02:04:49,722 [D] -:F:n:WD_1:mug.c:59	(at logger.py:129) 
2019-03-02 02:04:49,740 [D] subprocess cmd: ['source compile.sh /home/bohrok/Documents/DM/output/orbs/mug/4/work'], stdout: b''	(at ex_script.py:45) 
2019-03-02 02:04:49,740 [D] ┌:F:n:WD_2:mug.c:59	(at logger.py:129) 
2019-03-02 02:04:49,740 [D] └:F:n:WD_2:mug.c:58	(at logger.py:129) 
2019-03-02 02:04:49,779 [D] subprocess cmd: ['source compile.sh /home/bohrok/Documents/DM/output/orbs/mug/4/work'], stdout: b''	(at ex_script.py:45) 
2019-03-02 02:04:49,779 [D] ┌:F:n:WD_3:mug.c:59	(at logger.py:129) 
2019-03-02 02:04:49,779 [D] |:F:n:WD_3:mug.c:58	(at logger.py:129) 
2019-03-02 02:04:49,779 [D] └:F:n:WD_3:mug.c:57	(at logger.py:129) 
2019-03-02 02:04:49,794 [D] subprocess cmd: ['source compile.sh /home/bohrok/Documents/DM/output/orbs/mug/4/work'], stdout: b''	(at ex_script.py:45) 
2019-03-02 02:04:49,795 [D] -:F:n:WD_1:mug.c:58	(at logger.py:129) 
2019-03-02 02:04:49,809 [D] subprocess cmd: ['source compile.sh /home/bohrok/Documents/DM/output/orbs/mug/4/work'], stdout: b''	(at ex_script.py:45) 
2019-03-02 02:04:49,810 [D] ┌:F:n:WD_2:mug.c:58	(at logger.py:129) 
2019-03-02 02:04:49,810 [D] └:F:n:WD_2:mug.c:57	(at logger.py:129) 
2019-03-02 02:04:49,826 [D] subprocess cmd: ['source compile.sh /home/bohrok/Documents/DM/output/orbs/mug/4/work'], stdout: b''	(at ex_script.py:45) 
2019-03-02 02:04:49,827 [D] ┌:F:n:WD_3:mug.c:58	(at logger.py:129) 
2019-03-02 02:04:49,827 [D] |:F:n:WD_3:mug.c:57	(at logger.py:129) 
2019-03-02 02:04:49,827 [D] └:F:n:WD_3:mug.c:56	(at logger.py:129) 
2019-03-02 02:04:49,843 [D] subprocess cmd: ['source compile.sh /home/bohrok/Documents/DM/output/orbs/mug/4/work'], stdout: b''	(at ex_script.py:45) 
2019-03-02 02:04:49,844 [D] -:F:n:WD_1:mug.c:57	(at logger.py:129) 
2019-03-02 02:04:49,861 [D] subprocess cmd: ['source compile.sh /home/bohrok/Documents/DM/output/orbs/mug/4/work'], stdout: b''	(at ex_script.py:45) 
2019-03-02 02:04:49,861 [D] ┌:F:n:WD_2:mug.c:57	(at logger.py:129) 
2019-03-02 02:04:49,861 [D] └:F:n:WD_2:mug.c:56	(at logger.py:129) 
2019-03-02 02:04:49,879 [D] subprocess cmd: ['source compile.sh /home/bohrok/Documents/DM/output/orbs/mug/4/work'], stdout: b''	(at ex_script.py:45) 
2019-03-02 02:04:49,880 [D] ┌:F:n:WD_3:mug.c:57	(at logger.py:129) 
2019-03-02 02:04:49,880 [D] |:F:n:WD_3:mug.c:56	(at logger.py:129) 
2019-03-02 02:04:49,880 [D] └:F:n:WD_3:mug.c:55	(at logger.py:129) 
2019-03-02 02:04:50,128 [D] subprocess cmd: ['source execute.sh /home/bohrok/Documents/DM/output/orbs/mug/4/work'], stdout: b'execute.sh: line 9: 18992 Killed                  timeout --signal=KILL 0.1 ./mug.exe 4 -4 0 > ./outputs/output0\nexecute.sh: line 15: 18994 Killed                  timeout --signal=KILL 0.1 ./mug.exe 4 4 0 > ./outputs/output1\n'	(at ex_script.py:45) 
2019-03-02 02:04:50,128 [D] -:C:n:WD_1:mug.c:56	(at logger.py:129) 
2019-03-02 02:04:50,175 [D] subprocess cmd: ['source compile.sh /home/bohrok/Documents/DM/output/orbs/mug/4/work'], stdout: b''	(at ex_script.py:45) 
2019-03-02 02:04:50,175 [D] ┌:F:n:WD_2:mug.c:56	(at logger.py:129) 
2019-03-02 02:04:50,175 [D] └:F:n:WD_2:mug.c:55	(at logger.py:129) 
2019-03-02 02:04:50,192 [D] subprocess cmd: ['source compile.sh /home/bohrok/Documents/DM/output/orbs/mug/4/work'], stdout: b''	(at ex_script.py:45) 
2019-03-02 02:04:50,193 [D] ┌:F:n:WD_3:mug.c:56	(at logger.py:129) 
2019-03-02 02:04:50,193 [D] |:F:n:WD_3:mug.c:55	(at logger.py:129) 
2019-03-02 02:04:50,193 [D] └:F:n:WD_3:mug.c:54	(at logger.py:129) 
2019-03-02 02:04:50,209 [D] subprocess cmd: ['source compile.sh /home/bohrok/Documents/DM/output/orbs/mug/4/work'], stdout: b''	(at ex_script.py:45) 
2019-03-02 02:04:50,209 [D] -:F:n:WD_1:mug.c:55	(at logger.py:129) 
2019-03-02 02:04:50,226 [D] subprocess cmd: ['source compile.sh /home/bohrok/Documents/DM/output/orbs/mug/4/work'], stdout: b''	(at ex_script.py:45) 
2019-03-02 02:04:50,226 [D] ┌:F:n:WD_2:mug.c:55	(at logger.py:129) 
2019-03-02 02:04:50,226 [D] └:F:n:WD_2:mug.c:54	(at logger.py:129) 
2019-03-02 02:04:50,265 [D] subprocess cmd: ['source compile.sh /home/bohrok/Documents/DM/output/orbs/mug/4/work'], stdout: b''	(at ex_script.py:45) 
2019-03-02 02:04:50,265 [D] ┌:F:n:WD_3:mug.c:55	(at logger.py:129) 
2019-03-02 02:04:50,265 [D] |:F:n:WD_3:mug.c:54	(at logger.py:129) 
2019-03-02 02:04:50,265 [D] └:F:n:WD_3:mug.c:53	(at logger.py:129) 
2019-03-02 02:04:50,281 [D] subprocess cmd: ['source compile.sh /home/bohrok/Documents/DM/output/orbs/mug/4/work'], stdout: b''	(at ex_script.py:45) 
2019-03-02 02:04:50,281 [D] -:F:n:WD_1:mug.c:54	(at logger.py:129) 
2019-03-02 02:04:50,299 [D] subprocess cmd: ['source compile.sh /home/bohrok/Documents/DM/output/orbs/mug/4/work'], stdout: b''	(at ex_script.py:45) 
2019-03-02 02:04:50,299 [D] ┌:F:n:WD_2:mug.c:54	(at logger.py:129) 
2019-03-02 02:04:50,299 [D] └:F:n:WD_2:mug.c:53	(at logger.py:129) 
2019-03-02 02:04:50,314 [D] subprocess cmd: ['source compile.sh /home/bohrok/Documents/DM/output/orbs/mug/4/work'], stdout: b''	(at ex_script.py:45) 
2019-03-02 02:04:50,314 [D] ┌:F:n:WD_3:mug.c:54	(at logger.py:129) 
2019-03-02 02:04:50,315 [D] |:F:n:WD_3:mug.c:53	(at logger.py:129) 
2019-03-02 02:04:50,315 [D] └:F:n:WD_3:mug.c:52	(at logger.py:129) 
2019-03-02 02:04:50,331 [D] subprocess cmd: ['source compile.sh /home/bohrok/Documents/DM/output/orbs/mug/4/work'], stdout: b''	(at ex_script.py:45) 
2019-03-02 02:04:50,331 [D] -:F:n:WD_1:mug.c:53	(at logger.py:129) 
2019-03-02 02:04:50,349 [D] subprocess cmd: ['source compile.sh /home/bohrok/Documents/DM/output/orbs/mug/4/work'], stdout: b''	(at ex_script.py:45) 
2019-03-02 02:04:50,349 [D] ┌:F:n:WD_2:mug.c:53	(at logger.py:129) 
2019-03-02 02:04:50,349 [D] └:F:n:WD_2:mug.c:52	(at logger.py:129) 
2019-03-02 02:04:50,365 [D] subprocess cmd: ['source compile.sh /home/bohrok/Documents/DM/output/orbs/mug/4/work'], stdout: b''	(at ex_script.py:45) 
2019-03-02 02:04:50,365 [D] ┌:F:n:WD_3:mug.c:53	(at logger.py:129) 
2019-03-02 02:04:50,365 [D] |:F:n:WD_3:mug.c:52	(at logger.py:129) 
2019-03-02 02:04:50,365 [D] └:F:n:WD_3:mug.c:51	(at logger.py:129) 
2019-03-02 02:04:50,381 [D] subprocess cmd: ['source compile.sh /home/bohrok/Documents/DM/output/orbs/mug/4/work'], stdout: b''	(at ex_script.py:45) 
2019-03-02 02:04:50,381 [D] -:F:n:WD_1:mug.c:52	(at logger.py:129) 
2019-03-02 02:04:50,397 [D] subprocess cmd: ['source compile.sh /home/bohrok/Documents/DM/output/orbs/mug/4/work'], stdout: b''	(at ex_script.py:45) 
2019-03-02 02:04:50,397 [D] ┌:F:n:WD_2:mug.c:52	(at logger.py:129) 
2019-03-02 02:04:50,397 [D] └:F:n:WD_2:mug.c:51	(at logger.py:129) 
2019-03-02 02:04:50,411 [D] subprocess cmd: ['source compile.sh /home/bohrok/Documents/DM/output/orbs/mug/4/work'], stdout: b''	(at ex_script.py:45) 
2019-03-02 02:04:50,412 [D] ┌:F:n:WD_3:mug.c:52	(at logger.py:129) 
2019-03-02 02:04:50,412 [D] |:F:n:WD_3:mug.c:51	(at logger.py:129) 
2019-03-02 02:04:50,412 [D] └:F:n:WD_3:mug.c:50	(at logger.py:129) 
2019-03-02 02:04:50,461 [D] -:P:n:WD_1:mug.c:51	(at logger.py:129) 
2019-03-02 02:04:50,478 [D] subprocess cmd: ['source compile.sh /home/bohrok/Documents/DM/output/orbs/mug/4/work'], stdout: b''	(at ex_script.py:45) 
2019-03-02 02:04:50,478 [D] -:F:n:WD_1:mug.c:50	(at logger.py:129) 
2019-03-02 02:04:50,494 [D] subprocess cmd: ['source compile.sh /home/bohrok/Documents/DM/output/orbs/mug/4/work'], stdout: b''	(at ex_script.py:45) 
2019-03-02 02:04:50,495 [D] ┌:F:n:WD_2:mug.c:50	(at logger.py:129) 
2019-03-02 02:04:50,495 [D] └:F:n:WD_2:mug.c:49	(at logger.py:129) 
2019-03-02 02:04:50,534 [D] ┌:P:c:WD_3:mug.c:50	(at logger.py:129) 
2019-03-02 02:04:50,534 [D] |:P:c:WD_3:mug.c:49	(at logger.py:129) 
2019-03-02 02:04:50,534 [D] └:P:c:WD_3:mug.c:48	(at logger.py:129) 
2019-03-02 02:04:50,534 [D]  : : :pass:mug.c:49	(at logger.py:129) 
2019-03-02 02:04:50,534 [D]  : : :pass:mug.c:48	(at logger.py:129) 
2019-03-02 02:04:50,582 [D] -:P:n:WD_1:mug.c:47	(at logger.py:129) 
2019-03-02 02:04:50,598 [D] subprocess cmd: ['source compile.sh /home/bohrok/Documents/DM/output/orbs/mug/4/work'], stdout: b''	(at ex_script.py:45) 
2019-03-02 02:04:50,598 [D] -:F:n:WD_1:mug.c:46	(at logger.py:129) 
2019-03-02 02:04:50,614 [D] subprocess cmd: ['source compile.sh /home/bohrok/Documents/DM/output/orbs/mug/4/work'], stdout: b''	(at ex_script.py:45) 
2019-03-02 02:04:50,614 [D] ┌:F:n:WD_2:mug.c:46	(at logger.py:129) 
2019-03-02 02:04:50,614 [D] └:F:n:WD_2:mug.c:45	(at logger.py:129) 
2019-03-02 02:04:50,630 [D] subprocess cmd: ['source compile.sh /home/bohrok/Documents/DM/output/orbs/mug/4/work'], stdout: b''	(at ex_script.py:45) 
2019-03-02 02:04:50,630 [D] ┌:F:n:WD_3:mug.c:46	(at logger.py:129) 
2019-03-02 02:04:50,630 [D] |:F:n:WD_3:mug.c:45	(at logger.py:129) 
2019-03-02 02:04:50,630 [D] └:F:n:WD_3:mug.c:44	(at logger.py:129) 
2019-03-02 02:04:50,667 [D] -:P:c:WD_1:mug.c:45	(at logger.py:129) 
2019-03-02 02:04:50,683 [D] subprocess cmd: ['source compile.sh /home/bohrok/Documents/DM/output/orbs/mug/4/work'], stdout: b''	(at ex_script.py:45) 
2019-03-02 02:04:50,683 [D] -:F:n:WD_1:mug.c:44	(at logger.py:129) 
2019-03-02 02:04:50,698 [D] subprocess cmd: ['source compile.sh /home/bohrok/Documents/DM/output/orbs/mug/4/work'], stdout: b''	(at ex_script.py:45) 
2019-03-02 02:04:50,698 [D] ┌:F:n:WD_2:mug.c:44	(at logger.py:129) 
2019-03-02 02:04:50,698 [D] └:F:n:WD_2:mug.c:43	(at logger.py:129) 
2019-03-02 02:04:50,736 [D] subprocess cmd: ['source compile.sh /home/bohrok/Documents/DM/output/orbs/mug/4/work'], stdout: b''	(at ex_script.py:45) 
2019-03-02 02:04:50,736 [D] ┌:F:n:WD_3:mug.c:44	(at logger.py:129) 
2019-03-02 02:04:50,736 [D] |:F:n:WD_3:mug.c:43	(at logger.py:129) 
2019-03-02 02:04:50,736 [D] └:F:n:WD_3:mug.c:42	(at logger.py:129) 
2019-03-02 02:04:50,752 [D] subprocess cmd: ['source compile.sh /home/bohrok/Documents/DM/output/orbs/mug/4/work'], stdout: b''	(at ex_script.py:45) 
2019-03-02 02:04:50,753 [D] -:F:n:WD_1:mug.c:43	(at logger.py:129) 
2019-03-02 02:04:50,769 [D] subprocess cmd: ['source compile.sh /home/bohrok/Documents/DM/output/orbs/mug/4/work'], stdout: b''	(at ex_script.py:45) 
2019-03-02 02:04:50,769 [D] ┌:F:n:WD_2:mug.c:43	(at logger.py:129) 
2019-03-02 02:04:50,769 [D] └:F:n:WD_2:mug.c:42	(at logger.py:129) 
2019-03-02 02:04:50,786 [D] subprocess cmd: ['source compile.sh /home/bohrok/Documents/DM/output/orbs/mug/4/work'], stdout: b''	(at ex_script.py:45) 
2019-03-02 02:04:50,786 [D] ┌:F:n:WD_3:mug.c:43	(at logger.py:129) 
2019-03-02 02:04:50,786 [D] |:F:n:WD_3:mug.c:42	(at logger.py:129) 
2019-03-02 02:04:50,786 [D] └:F:n:WD_3:mug.c:41	(at logger.py:129) 
2019-03-02 02:04:50,804 [D] subprocess cmd: ['source compile.sh /home/bohrok/Documents/DM/output/orbs/mug/4/work'], stdout: b''	(at ex_script.py:45) 
2019-03-02 02:04:50,804 [D] -:F:n:WD_1:mug.c:42	(at logger.py:129) 
2019-03-02 02:04:50,820 [D] subprocess cmd: ['source compile.sh /home/bohrok/Documents/DM/output/orbs/mug/4/work'], stdout: b''	(at ex_script.py:45) 
2019-03-02 02:04:50,821 [D] ┌:F:n:WD_2:mug.c:42	(at logger.py:129) 
2019-03-02 02:04:50,821 [D] └:F:n:WD_2:mug.c:41	(at logger.py:129) 
2019-03-02 02:04:50,838 [D] subprocess cmd: ['source compile.sh /home/bohrok/Documents/DM/output/orbs/mug/4/work'], stdout: b''	(at ex_script.py:45) 
2019-03-02 02:04:50,838 [D] ┌:F:n:WD_3:mug.c:42	(at logger.py:129) 
2019-03-02 02:04:50,839 [D] |:F:n:WD_3:mug.c:41	(at logger.py:129) 
2019-03-02 02:04:50,839 [D] └:F:n:WD_3:mug.c:40	(at logger.py:129) 
2019-03-02 02:04:50,858 [D] subprocess cmd: ['source compile.sh /home/bohrok/Documents/DM/output/orbs/mug/4/work'], stdout: b''	(at ex_script.py:45) 
2019-03-02 02:04:50,858 [D] -:F:n:WD_1:mug.c:41	(at logger.py:129) 
2019-03-02 02:04:50,875 [D] subprocess cmd: ['source compile.sh /home/bohrok/Documents/DM/output/orbs/mug/4/work'], stdout: b''	(at ex_script.py:45) 
2019-03-02 02:04:50,875 [D] ┌:F:n:WD_2:mug.c:41	(at logger.py:129) 
2019-03-02 02:04:50,875 [D] └:F:n:WD_2:mug.c:40	(at logger.py:129) 
2019-03-02 02:04:50,892 [D] subprocess cmd: ['source compile.sh /home/bohrok/Documents/DM/output/orbs/mug/4/work'], stdout: b''	(at ex_script.py:45) 
2019-03-02 02:04:50,892 [D] ┌:F:n:WD_3:mug.c:41	(at logger.py:129) 
2019-03-02 02:04:50,892 [D] |:F:n:WD_3:mug.c:40	(at logger.py:129) 
2019-03-02 02:04:50,893 [D] └:F:n:WD_3:mug.c:39	(at logger.py:129) 
2019-03-02 02:04:50,939 [D] -:C:n:WD_1:mug.c:40	(at logger.py:129) 
2019-03-02 02:04:50,954 [D] subprocess cmd: ['source compile.sh /home/bohrok/Documents/DM/output/orbs/mug/4/work'], stdout: b''	(at ex_script.py:45) 
2019-03-02 02:04:50,954 [D] ┌:F:n:WD_2:mug.c:40	(at logger.py:129) 
2019-03-02 02:04:50,954 [D] └:F:n:WD_2:mug.c:39	(at logger.py:129) 
2019-03-02 02:04:50,970 [D] subprocess cmd: ['source compile.sh /home/bohrok/Documents/DM/output/orbs/mug/4/work'], stdout: b''	(at ex_script.py:45) 
2019-03-02 02:04:50,970 [D] ┌:F:n:WD_3:mug.c:40	(at logger.py:129) 
2019-03-02 02:04:50,971 [D] |:F:n:WD_3:mug.c:39	(at logger.py:129) 
2019-03-02 02:04:50,971 [D] └:F:n:WD_3:mug.c:38	(at logger.py:129) 
2019-03-02 02:04:50,989 [D] subprocess cmd: ['source compile.sh /home/bohrok/Documents/DM/output/orbs/mug/4/work'], stdout: b''	(at ex_script.py:45) 
2019-03-02 02:04:50,990 [D] -:F:n:WD_1:mug.c:39	(at logger.py:129) 
2019-03-02 02:04:51,009 [D] subprocess cmd: ['source compile.sh /home/bohrok/Documents/DM/output/orbs/mug/4/work'], stdout: b''	(at ex_script.py:45) 
2019-03-02 02:04:51,009 [D] ┌:F:n:WD_2:mug.c:39	(at logger.py:129) 
2019-03-02 02:04:51,009 [D] └:F:n:WD_2:mug.c:38	(at logger.py:129) 
2019-03-02 02:04:51,053 [D] ┌:C:c:WD_3:mug.c:39	(at logger.py:129) 
2019-03-02 02:04:51,053 [D] |:C:c:WD_3:mug.c:38	(at logger.py:129) 
2019-03-02 02:04:51,053 [D] └:C:c:WD_3:mug.c:37	(at logger.py:129) 
2019-03-02 02:04:51,098 [D] -:P:c:WD_1:mug.c:38	(at logger.py:129) 
2019-03-02 02:04:51,113 [D] subprocess cmd: ['source compile.sh /home/bohrok/Documents/DM/output/orbs/mug/4/work'], stdout: b''	(at ex_script.py:45) 
2019-03-02 02:04:51,114 [D] -:F:n:WD_1:mug.c:37	(at logger.py:129) 
2019-03-02 02:04:51,129 [D] subprocess cmd: ['source compile.sh /home/bohrok/Documents/DM/output/orbs/mug/4/work'], stdout: b''	(at ex_script.py:45) 
2019-03-02 02:04:51,129 [D] ┌:F:n:WD_2:mug.c:37	(at logger.py:129) 
2019-03-02 02:04:51,129 [D] └:F:n:WD_2:mug.c:36	(at logger.py:129) 
2019-03-02 02:04:51,173 [D] ┌:C:n:WD_3:mug.c:37	(at logger.py:129) 
2019-03-02 02:04:51,173 [D] |:C:n:WD_3:mug.c:36	(at logger.py:129) 
2019-03-02 02:04:51,173 [D] └:C:n:WD_3:mug.c:35	(at logger.py:129) 
2019-03-02 02:04:51,220 [D] -:C:n:WD_1:mug.c:36	(at logger.py:129) 
2019-03-02 02:04:51,235 [D] subprocess cmd: ['source compile.sh /home/bohrok/Documents/DM/output/orbs/mug/4/work'], stdout: b''	(at ex_script.py:45) 
2019-03-02 02:04:51,236 [D] ┌:F:n:WD_2:mug.c:36	(at logger.py:129) 
2019-03-02 02:04:51,236 [D] └:F:n:WD_2:mug.c:35	(at logger.py:129) 
2019-03-02 02:04:51,252 [D] subprocess cmd: ['source compile.sh /home/bohrok/Documents/DM/output/orbs/mug/4/work'], stdout: b''	(at ex_script.py:45) 
2019-03-02 02:04:51,253 [D] ┌:F:n:WD_3:mug.c:36	(at logger.py:129) 
2019-03-02 02:04:51,253 [D] |:F:n:WD_3:mug.c:35	(at logger.py:129) 
2019-03-02 02:04:51,253 [D] └:F:n:WD_3:mug.c:34	(at logger.py:129) 
2019-03-02 02:04:51,269 [D] subprocess cmd: ['source compile.sh /home/bohrok/Documents/DM/output/orbs/mug/4/work'], stdout: b''	(at ex_script.py:45) 
2019-03-02 02:04:51,269 [D] -:F:n:WD_1:mug.c:35	(at logger.py:129) 
2019-03-02 02:04:51,285 [D] subprocess cmd: ['source compile.sh /home/bohrok/Documents/DM/output/orbs/mug/4/work'], stdout: b''	(at ex_script.py:45) 
2019-03-02 02:04:51,286 [D] ┌:F:n:WD_2:mug.c:35	(at logger.py:129) 
2019-03-02 02:04:51,286 [D] └:F:n:WD_2:mug.c:34	(at logger.py:129) 
2019-03-02 02:04:51,302 [D] subprocess cmd: ['source compile.sh /home/bohrok/Documents/DM/output/orbs/mug/4/work'], stdout: b''	(at ex_script.py:45) 
2019-03-02 02:04:51,302 [D] ┌:F:n:WD_3:mug.c:35	(at logger.py:129) 
2019-03-02 02:04:51,302 [D] |:F:n:WD_3:mug.c:34	(at logger.py:129) 
2019-03-02 02:04:51,303 [D] └:F:n:WD_3:mug.c:33	(at logger.py:129) 
2019-03-02 02:04:51,653 [D] subprocess cmd: ['source execute.sh /home/bohrok/Documents/DM/output/orbs/mug/4/work'], stdout: b'execute.sh: line 9: 19301 Killed                  timeout --signal=KILL 0.1 ./mug.exe 4 -4 0 > ./outputs/output0\nexecute.sh: line 15: 19303 Killed                  timeout --signal=KILL 0.1 ./mug.exe 4 4 0 > ./outputs/output1\nexecute.sh: line 21: 19305 Killed                  timeout --signal=KILL 0.1 ./mug.exe -4 4 0 > ./outputs/output2\n'	(at ex_script.py:45) 
2019-03-02 02:04:51,653 [D] -:C:n:WD_1:mug.c:34	(at logger.py:129) 
2019-03-02 02:04:51,722 [D] subprocess cmd: ['source compile.sh /home/bohrok/Documents/DM/output/orbs/mug/4/work'], stdout: b''	(at ex_script.py:45) 
2019-03-02 02:04:51,723 [D] ┌:F:n:WD_2:mug.c:34	(at logger.py:129) 
2019-03-02 02:04:51,724 [D] └:F:n:WD_2:mug.c:33	(at logger.py:129) 
2019-03-02 02:04:51,770 [D] subprocess cmd: ['source compile.sh /home/bohrok/Documents/DM/output/orbs/mug/4/work'], stdout: b''	(at ex_script.py:45) 
2019-03-02 02:04:51,770 [D] ┌:F:n:WD_3:mug.c:34	(at logger.py:129) 
2019-03-02 02:04:51,770 [D] |:F:n:WD_3:mug.c:33	(at logger.py:129) 
2019-03-02 02:04:51,770 [D] └:F:n:WD_3:mug.c:32	(at logger.py:129) 
2019-03-02 02:04:51,788 [D] subprocess cmd: ['source compile.sh /home/bohrok/Documents/DM/output/orbs/mug/4/work'], stdout: b''	(at ex_script.py:45) 
2019-03-02 02:04:51,788 [D] -:F:n:WD_1:mug.c:33	(at logger.py:129) 
2019-03-02 02:04:51,807 [D] subprocess cmd: ['source compile.sh /home/bohrok/Documents/DM/output/orbs/mug/4/work'], stdout: b''	(at ex_script.py:45) 
2019-03-02 02:04:51,807 [D] ┌:F:n:WD_2:mug.c:33	(at logger.py:129) 
2019-03-02 02:04:51,807 [D] └:F:n:WD_2:mug.c:32	(at logger.py:129) 
2019-03-02 02:04:51,844 [D] subprocess cmd: ['source compile.sh /home/bohrok/Documents/DM/output/orbs/mug/4/work'], stdout: b''	(at ex_script.py:45) 
2019-03-02 02:04:51,845 [D] ┌:F:n:WD_3:mug.c:33	(at logger.py:129) 
2019-03-02 02:04:51,845 [D] |:F:n:WD_3:mug.c:32	(at logger.py:129) 
2019-03-02 02:04:51,845 [D] └:F:n:WD_3:mug.c:31	(at logger.py:129) 
2019-03-02 02:04:51,861 [D] subprocess cmd: ['source compile.sh /home/bohrok/Documents/DM/output/orbs/mug/4/work'], stdout: b''	(at ex_script.py:45) 
2019-03-02 02:04:51,861 [D] -:F:n:WD_1:mug.c:32	(at logger.py:129) 
2019-03-02 02:04:51,876 [D] subprocess cmd: ['source compile.sh /home/bohrok/Documents/DM/output/orbs/mug/4/work'], stdout: b''	(at ex_script.py:45) 
2019-03-02 02:04:51,877 [D] ┌:F:n:WD_2:mug.c:32	(at logger.py:129) 
2019-03-02 02:04:51,877 [D] └:F:n:WD_2:mug.c:31	(at logger.py:129) 
2019-03-02 02:04:51,894 [D] subprocess cmd: ['source compile.sh /home/bohrok/Documents/DM/output/orbs/mug/4/work'], stdout: b''	(at ex_script.py:45) 
2019-03-02 02:04:51,894 [D] ┌:F:n:WD_3:mug.c:32	(at logger.py:129) 
2019-03-02 02:04:51,894 [D] |:F:n:WD_3:mug.c:31	(at logger.py:129) 
2019-03-02 02:04:51,894 [D] └:F:n:WD_3:mug.c:30	(at logger.py:129) 
2019-03-02 02:04:51,911 [D] subprocess cmd: ['source compile.sh /home/bohrok/Documents/DM/output/orbs/mug/4/work'], stdout: b''	(at ex_script.py:45) 
2019-03-02 02:04:51,911 [D] -:F:n:WD_1:mug.c:31	(at logger.py:129) 
2019-03-02 02:04:51,928 [D] subprocess cmd: ['source compile.sh /home/bohrok/Documents/DM/output/orbs/mug/4/work'], stdout: b''	(at ex_script.py:45) 
2019-03-02 02:04:51,928 [D] ┌:F:n:WD_2:mug.c:31	(at logger.py:129) 
2019-03-02 02:04:51,928 [D] └:F:n:WD_2:mug.c:30	(at logger.py:129) 
2019-03-02 02:04:51,944 [D] subprocess cmd: ['source compile.sh /home/bohrok/Documents/DM/output/orbs/mug/4/work'], stdout: b''	(at ex_script.py:45) 
2019-03-02 02:04:51,944 [D] ┌:F:n:WD_3:mug.c:31	(at logger.py:129) 
2019-03-02 02:04:51,944 [D] |:F:n:WD_3:mug.c:30	(at logger.py:129) 
2019-03-02 02:04:51,944 [D] └:F:n:WD_3:mug.c:29	(at logger.py:129) 
2019-03-02 02:04:51,998 [D] -:P:n:WD_1:mug.c:30	(at logger.py:129) 
2019-03-02 02:04:51,998 [D] -:F:n:WD_1:mug.c:29	(at logger.py:129) 
2019-03-02 02:04:52,014 [D] subprocess cmd: ['source compile.sh /home/bohrok/Documents/DM/output/orbs/mug/4/work'], stdout: b''	(at ex_script.py:45) 
2019-03-02 02:04:52,015 [D] ┌:F:n:WD_2:mug.c:29	(at logger.py:129) 
2019-03-02 02:04:52,015 [D] └:F:n:WD_2:mug.c:28	(at logger.py:129) 
2019-03-02 02:04:52,031 [D] subprocess cmd: ['source compile.sh /home/bohrok/Documents/DM/output/orbs/mug/4/work'], stdout: b''	(at ex_script.py:45) 
2019-03-02 02:04:52,031 [D] ┌:F:n:WD_3:mug.c:29	(at logger.py:129) 
2019-03-02 02:04:52,031 [D] |:F:n:WD_3:mug.c:28	(at logger.py:129) 
2019-03-02 02:04:52,031 [D] └:F:n:WD_3:mug.c:27	(at logger.py:129) 
2019-03-02 02:04:52,080 [D] -:C:n:WD_1:mug.c:28	(at logger.py:129) 
2019-03-02 02:04:52,130 [D] ┌:C:c:WD_2:mug.c:28	(at logger.py:129) 
2019-03-02 02:04:52,130 [D] └:C:c:WD_2:mug.c:27	(at logger.py:129) 
2019-03-02 02:04:52,375 [D] subprocess cmd: ['source execute.sh /home/bohrok/Documents/DM/output/orbs/mug/4/work'], stdout: b'execute.sh: line 9: 19414 Killed                  timeout --signal=KILL 0.1 ./mug.exe 4 -4 0 > ./outputs/output0\nexecute.sh: line 15: 19432 Killed                  timeout --signal=KILL 0.1 ./mug.exe 4 4 0 > ./outputs/output1\n'	(at ex_script.py:45) 
2019-03-02 02:04:52,376 [D] ┌:C:n:WD_3:mug.c:28	(at logger.py:129) 
2019-03-02 02:04:52,376 [D] |:C:n:WD_3:mug.c:27	(at logger.py:129) 
2019-03-02 02:04:52,376 [D] └:C:n:WD_3:mug.c:26	(at logger.py:129) 
2019-03-02 02:04:52,413 [D] -:P:c:WD_1:mug.c:27	(at logger.py:129) 
2019-03-02 02:04:52,662 [D] subprocess cmd: ['source execute.sh /home/bohrok/Documents/DM/output/orbs/mug/4/work'], stdout: b'execute.sh: line 9: 19455 Killed                  timeout --signal=KILL 0.1 ./mug.exe 4 -4 0 > ./outputs/output0\nexecute.sh: line 15: 19459 Killed                  timeout --signal=KILL 0.1 ./mug.exe 4 4 0 > ./outputs/output1\n'	(at ex_script.py:45) 
2019-03-02 02:04:52,662 [D] -:C:n:WD_1:mug.c:26	(at logger.py:129) 
2019-03-02 02:04:52,705 [D] subprocess cmd: ['source compile.sh /home/bohrok/Documents/DM/output/orbs/mug/4/work'], stdout: b''	(at ex_script.py:45) 
2019-03-02 02:04:52,705 [D] ┌:F:n:WD_2:mug.c:26	(at logger.py:129) 
2019-03-02 02:04:52,705 [D] └:F:n:WD_2:mug.c:25	(at logger.py:129) 
2019-03-02 02:04:52,723 [D] subprocess cmd: ['source compile.sh /home/bohrok/Documents/DM/output/orbs/mug/4/work'], stdout: b''	(at ex_script.py:45) 
2019-03-02 02:04:52,723 [D] ┌:F:n:WD_3:mug.c:26	(at logger.py:129) 
2019-03-02 02:04:52,723 [D] |:F:n:WD_3:mug.c:25	(at logger.py:129) 
2019-03-02 02:04:52,723 [D] └:F:n:WD_3:mug.c:24	(at logger.py:129) 
2019-03-02 02:04:52,742 [D] subprocess cmd: ['source compile.sh /home/bohrok/Documents/DM/output/orbs/mug/4/work'], stdout: b''	(at ex_script.py:45) 
2019-03-02 02:04:52,742 [D] -:F:n:WD_1:mug.c:25	(at logger.py:129) 
2019-03-02 02:04:52,760 [D] subprocess cmd: ['source compile.sh /home/bohrok/Documents/DM/output/orbs/mug/4/work'], stdout: b''	(at ex_script.py:45) 
2019-03-02 02:04:52,760 [D] ┌:F:n:WD_2:mug.c:25	(at logger.py:129) 
2019-03-02 02:04:52,760 [D] └:F:n:WD_2:mug.c:24	(at logger.py:129) 
2019-03-02 02:04:52,780 [D] subprocess cmd: ['source compile.sh /home/bohrok/Documents/DM/output/orbs/mug/4/work'], stdout: b''	(at ex_script.py:45) 
2019-03-02 02:04:52,780 [D] ┌:F:n:WD_3:mug.c:25	(at logger.py:129) 
2019-03-02 02:04:52,780 [D] |:F:n:WD_3:mug.c:24	(at logger.py:129) 
2019-03-02 02:04:52,780 [D] └:F:n:WD_3:mug.c:23	(at logger.py:129) 
2019-03-02 02:04:52,832 [D] -:P:n:WD_1:mug.c:24	(at logger.py:129) 
2019-03-02 02:04:52,878 [D] -:P:n:WD_1:mug.c:23	(at logger.py:129) 
2019-03-02 02:04:52,895 [D] subprocess cmd: ['source compile.sh /home/bohrok/Documents/DM/output/orbs/mug/4/work'], stdout: b''	(at ex_script.py:45) 
2019-03-02 02:04:52,896 [D] -:F:n:WD_1:mug.c:22	(at logger.py:129) 
2019-03-02 02:04:52,912 [D] subprocess cmd: ['source compile.sh /home/bohrok/Documents/DM/output/orbs/mug/4/work'], stdout: b''	(at ex_script.py:45) 
2019-03-02 02:04:52,913 [D] ┌:F:n:WD_2:mug.c:22	(at logger.py:129) 
2019-03-02 02:04:52,913 [D] └:F:n:WD_2:mug.c:21	(at logger.py:129) 
2019-03-02 02:04:52,929 [D] subprocess cmd: ['source compile.sh /home/bohrok/Documents/DM/output/orbs/mug/4/work'], stdout: b''	(at ex_script.py:45) 
2019-03-02 02:04:52,929 [D] ┌:F:n:WD_3:mug.c:22	(at logger.py:129) 
2019-03-02 02:04:52,929 [D] |:F:n:WD_3:mug.c:21	(at logger.py:129) 
2019-03-02 02:04:52,929 [D] └:F:n:WD_3:mug.c:20	(at logger.py:129) 
2019-03-02 02:04:52,978 [D] -:P:n:WD_1:mug.c:21	(at logger.py:129) 
2019-03-02 02:04:52,996 [D] subprocess cmd: ['source compile.sh /home/bohrok/Documents/DM/output/orbs/mug/4/work'], stdout: b''	(at ex_script.py:45) 
2019-03-02 02:04:52,996 [D] -:F:n:WD_1:mug.c:20	(at logger.py:129) 
2019-03-02 02:04:53,013 [D] subprocess cmd: ['source compile.sh /home/bohrok/Documents/DM/output/orbs/mug/4/work'], stdout: b''	(at ex_script.py:45) 
2019-03-02 02:04:53,014 [D] ┌:F:n:WD_2:mug.c:20	(at logger.py:129) 
2019-03-02 02:04:53,014 [D] └:F:n:WD_2:mug.c:19	(at logger.py:129) 
2019-03-02 02:04:53,031 [D] subprocess cmd: ['source compile.sh /home/bohrok/Documents/DM/output/orbs/mug/4/work'], stdout: b''	(at ex_script.py:45) 
2019-03-02 02:04:53,031 [D] ┌:F:n:WD_3:mug.c:20	(at logger.py:129) 
2019-03-02 02:04:53,031 [D] |:F:n:WD_3:mug.c:19	(at logger.py:129) 
2019-03-02 02:04:53,031 [D] └:F:n:WD_3:mug.c:18	(at logger.py:129) 
2019-03-02 02:04:53,079 [D] -:C:n:WD_1:mug.c:19	(at logger.py:129) 
2019-03-02 02:04:53,174 [D] ┌:C:n:WD_2:mug.c:19	(at logger.py:129) 
2019-03-02 02:04:53,175 [D] └:C:n:WD_2:mug.c:18	(at logger.py:129) 
2019-03-02 02:04:53,216 [D] ┌:C:c:WD_3:mug.c:19	(at logger.py:129) 
2019-03-02 02:04:53,217 [D] |:C:c:WD_3:mug.c:18	(at logger.py:129) 
2019-03-02 02:04:53,217 [D] └:C:c:WD_3:mug.c:17	(at logger.py:129) 
2019-03-02 02:04:53,260 [D] -:C:n:WD_1:mug.c:18	(at logger.py:129) 
2019-03-02 02:04:53,299 [D] ┌:C:c:WD_2:mug.c:18	(at logger.py:129) 
2019-03-02 02:04:53,299 [D] └:C:c:WD_2:mug.c:17	(at logger.py:129) 
2019-03-02 02:04:53,348 [D] ┌:C:n:WD_3:mug.c:18	(at logger.py:129) 
2019-03-02 02:04:53,349 [D] |:C:n:WD_3:mug.c:17	(at logger.py:129) 
2019-03-02 02:04:53,349 [D] └:C:n:WD_3:mug.c:16	(at logger.py:129) 
2019-03-02 02:04:53,386 [D] -:P:c:WD_1:mug.c:17	(at logger.py:129) 
2019-03-02 02:04:53,432 [D] -:P:n:WD_1:mug.c:16	(at logger.py:129) 
2019-03-02 02:04:53,479 [D] -:P:n:WD_1:mug.c:15	(at logger.py:129) 
2019-03-02 02:04:53,527 [D] -:C:n:WD_1:mug.c:14	(at logger.py:129) 
2019-03-02 02:04:53,565 [D] ┌:C:c:WD_2:mug.c:14	(at logger.py:129) 
2019-03-02 02:04:53,565 [D] └:C:c:WD_2:mug.c:13	(at logger.py:129) 
2019-03-02 02:04:53,602 [D] ┌:C:c:WD_3:mug.c:14	(at logger.py:129) 
2019-03-02 02:04:53,602 [D] |:C:c:WD_3:mug.c:13	(at logger.py:129) 
2019-03-02 02:04:53,602 [D] └:C:c:WD_3:mug.c:12	(at logger.py:129) 
2019-03-02 02:04:53,636 [D] -:P:c:WD_1:mug.c:13	(at logger.py:129) 
2019-03-02 02:04:53,673 [D] -:P:c:WD_1:mug.c:12	(at logger.py:129) 
2019-03-02 02:04:53,689 [D] subprocess cmd: ['source compile.sh /home/bohrok/Documents/DM/output/orbs/mug/4/work'], stdout: b''	(at ex_script.py:45) 
2019-03-02 02:04:53,689 [D] -:F:n:WD_1:mug.c:11	(at logger.py:129) 
2019-03-02 02:04:53,706 [D] subprocess cmd: ['source compile.sh /home/bohrok/Documents/DM/output/orbs/mug/4/work'], stdout: b''	(at ex_script.py:45) 
2019-03-02 02:04:53,706 [D] ┌:F:n:WD_2:mug.c:11	(at logger.py:129) 
2019-03-02 02:04:53,706 [D] └:F:n:WD_2:mug.c:10	(at logger.py:129) 
2019-03-02 02:04:53,724 [D] subprocess cmd: ['source compile.sh /home/bohrok/Documents/DM/output/orbs/mug/4/work'], stdout: b''	(at ex_script.py:45) 
2019-03-02 02:04:53,725 [D] ┌:F:n:WD_3:mug.c:11	(at logger.py:129) 
2019-03-02 02:04:53,725 [D] |:F:n:WD_3:mug.c:10	(at logger.py:129) 
2019-03-02 02:04:53,725 [D] └:F:n:WD_3:mug.c:9	(at logger.py:129) 
2019-03-02 02:04:53,742 [D] subprocess cmd: ['source compile.sh /home/bohrok/Documents/DM/output/orbs/mug/4/work'], stdout: b''	(at ex_script.py:45) 
2019-03-02 02:04:53,742 [D] -:F:n:WD_1:mug.c:10	(at logger.py:129) 
2019-03-02 02:04:53,758 [D] subprocess cmd: ['source compile.sh /home/bohrok/Documents/DM/output/orbs/mug/4/work'], stdout: b''	(at ex_script.py:45) 
2019-03-02 02:04:53,758 [D] ┌:F:n:WD_2:mug.c:10	(at logger.py:129) 
2019-03-02 02:04:53,759 [D] └:F:n:WD_2:mug.c:9	(at logger.py:129) 
2019-03-02 02:04:53,777 [D] subprocess cmd: ['source compile.sh /home/bohrok/Documents/DM/output/orbs/mug/4/work'], stdout: b''	(at ex_script.py:45) 
2019-03-02 02:04:53,777 [D] ┌:F:n:WD_3:mug.c:10	(at logger.py:129) 
2019-03-02 02:04:53,778 [D] |:F:n:WD_3:mug.c:9	(at logger.py:129) 
2019-03-02 02:04:53,778 [D] └:F:n:WD_3:mug.c:8	(at logger.py:129) 
2019-03-02 02:04:53,795 [D] subprocess cmd: ['source compile.sh /home/bohrok/Documents/DM/output/orbs/mug/4/work'], stdout: b''	(at ex_script.py:45) 
2019-03-02 02:04:53,795 [D] -:F:n:WD_1:mug.c:9	(at logger.py:129) 
2019-03-02 02:04:53,812 [D] subprocess cmd: ['source compile.sh /home/bohrok/Documents/DM/output/orbs/mug/4/work'], stdout: b''	(at ex_script.py:45) 
2019-03-02 02:04:53,812 [D] ┌:F:n:WD_2:mug.c:9	(at logger.py:129) 
2019-03-02 02:04:53,812 [D] └:F:n:WD_2:mug.c:8	(at logger.py:129) 
2019-03-02 02:04:53,827 [D] subprocess cmd: ['source compile.sh /home/bohrok/Documents/DM/output/orbs/mug/4/work'], stdout: b''	(at ex_script.py:45) 
2019-03-02 02:04:53,828 [D] ┌:F:n:WD_3:mug.c:9	(at logger.py:129) 
2019-03-02 02:04:53,828 [D] |:F:n:WD_3:mug.c:8	(at logger.py:129) 
2019-03-02 02:04:53,828 [D] └:F:n:WD_3:mug.c:7	(at logger.py:129) 
2019-03-02 02:04:53,869 [D] -:P:c:WD_1:mug.c:8	(at logger.py:129) 
2019-03-02 02:04:53,908 [D] -:P:c:WD_1:mug.c:7	(at logger.py:129) 
2019-03-02 02:04:53,955 [D] -:P:n:WD_1:mug.c:6	(at logger.py:129) 
2019-03-02 02:04:53,995 [D] -:P:c:WD_1:mug.c:5	(at logger.py:129) 
2019-03-02 02:04:54,012 [D] subprocess cmd: ['source compile.sh /home/bohrok/Documents/DM/output/orbs/mug/4/work'], stdout: b''	(at ex_script.py:45) 
2019-03-02 02:04:54,012 [D] -:F:n:WD_1:mug.c:4	(at logger.py:129) 
2019-03-02 02:04:54,029 [D] subprocess cmd: ['source compile.sh /home/bohrok/Documents/DM/output/orbs/mug/4/work'], stdout: b''	(at ex_script.py:45) 
2019-03-02 02:04:54,029 [D] ┌:F:n:WD_2:mug.c:4	(at logger.py:129) 
2019-03-02 02:04:54,029 [D] └:F:n:WD_2:mug.c:3	(at logger.py:129) 
2019-03-02 02:04:54,042 [D] subprocess cmd: ['source compile.sh /home/bohrok/Documents/DM/output/orbs/mug/4/work'], stdout: b''	(at ex_script.py:45) 
2019-03-02 02:04:54,042 [D] ┌:F:n:WD_3:mug.c:4	(at logger.py:129) 
2019-03-02 02:04:54,042 [D] |:F:n:WD_3:mug.c:3	(at logger.py:129) 
2019-03-02 02:04:54,042 [D] └:F:n:WD_3:mug.c:2	(at logger.py:129) 
2019-03-02 02:04:54,062 [D] subprocess cmd: ['source compile.sh /home/bohrok/Documents/DM/output/orbs/mug/4/work'], stdout: b''	(at ex_script.py:45) 
2019-03-02 02:04:54,063 [D] -:F:n:WD_1:mug.c:3	(at logger.py:129) 
2019-03-02 02:04:54,079 [D] subprocess cmd: ['source compile.sh /home/bohrok/Documents/DM/output/orbs/mug/4/work'], stdout: b''	(at ex_script.py:45) 
2019-03-02 02:04:54,079 [D] ┌:F:n:WD_2:mug.c:3	(at logger.py:129) 
2019-03-02 02:04:54,079 [D] └:F:n:WD_2:mug.c:2	(at logger.py:129) 
2019-03-02 02:04:54,091 [D] subprocess cmd: ['source compile.sh /home/bohrok/Documents/DM/output/orbs/mug/4/work'], stdout: b''	(at ex_script.py:45) 
2019-03-02 02:04:54,092 [D] ┌:F:n:WD_3:mug.c:3	(at logger.py:129) 
2019-03-02 02:04:54,092 [D] |:F:n:WD_3:mug.c:2	(at logger.py:129) 
2019-03-02 02:04:54,092 [D] └:F:n:WD_3:mug.c:1	(at logger.py:129) 
2019-03-02 02:04:54,141 [D] -:P:n:WD_1:mug.c:2	(at logger.py:129) 
2019-03-02 02:04:54,176 [D] -:P:c:WD_1:mug.c:1	(at logger.py:129) 
2019-03-02 02:04:54,176 [D] comp_cached_cnt:1	(at logger.py:134) 
2019-03-02 02:04:54,176 [D] compile_cnt:144	(at logger.py:134) 
2019-03-02 02:04:54,176 [D] execute_cnt:25	(at logger.py:134) 
2019-03-02 02:04:54,176 [D] fail_del_cnt:19	(at logger.py:134) 
2019-03-02 02:04:54,176 [D] iter_idx:1	(at logger.py:134) 
2019-03-02 02:04:54,176 [D] reuse_cnt:17	(at logger.py:134) 
2019-03-02 02:04:54,176 [D] succ_del_cnt:23	(at logger.py:134) 
2019-03-02 02:04:54,177 [D] time:4.78460431098938	(at logger.py:134) 
2019-03-02 02:04:54,177 [D] deletion:25	(at logger.py:136) 
2019-03-02 02:04:54,177 [I] Iteration 1 finished	(at orbs.py:87) 
2019-03-02 02:04:54,188 [D] subprocess cmd: ['source compile.sh /home/bohrok/Documents/DM/output/orbs/mug/4/work'], stdout: b''	(at ex_script.py:45) 
2019-03-02 02:04:54,188 [D] -:F:n:WD_1:mug.c:65	(at logger.py:129) 
2019-03-02 02:04:54,201 [D] subprocess cmd: ['source compile.sh /home/bohrok/Documents/DM/output/orbs/mug/4/work'], stdout: b''	(at ex_script.py:45) 
2019-03-02 02:04:54,202 [D] ┌:F:n:WD_2:mug.c:65	(at logger.py:129) 
2019-03-02 02:04:54,202 [D] └:F:n:WD_2:mug.c:63	(at logger.py:129) 
2019-03-02 02:04:54,245 [D] ┌:P:n:WD_3:mug.c:65	(at logger.py:129) 
2019-03-02 02:04:54,245 [D] |:P:n:WD_3:mug.c:63	(at logger.py:129) 
2019-03-02 02:04:54,246 [D] └:P:n:WD_3:mug.c:62	(at logger.py:129) 
2019-03-02 02:04:54,246 [D]  : : :pass:mug.c:64	(at logger.py:129) 
2019-03-02 02:04:54,246 [D]  : : :pass:mug.c:63	(at logger.py:129) 
2019-03-02 02:04:54,246 [D]  : : :pass:mug.c:62	(at logger.py:129) 
2019-03-02 02:04:54,256 [D] subprocess cmd: ['source compile.sh /home/bohrok/Documents/DM/output/orbs/mug/4/work'], stdout: b''	(at ex_script.py:45) 
2019-03-02 02:04:54,256 [D] -:F:n:WD_1:mug.c:61	(at logger.py:129) 
2019-03-02 02:04:54,269 [D] subprocess cmd: ['source compile.sh /home/bohrok/Documents/DM/output/orbs/mug/4/work'], stdout: b''	(at ex_script.py:45) 
2019-03-02 02:04:54,269 [D] ┌:F:n:WD_2:mug.c:61	(at logger.py:129) 
2019-03-02 02:04:54,269 [D] └:F:n:WD_2:mug.c:59	(at logger.py:129) 
2019-03-02 02:04:54,311 [D] ┌:P:n:WD_3:mug.c:61	(at logger.py:129) 
2019-03-02 02:04:54,311 [D] |:P:n:WD_3:mug.c:59	(at logger.py:129) 
2019-03-02 02:04:54,311 [D] └:P:n:WD_3:mug.c:58	(at logger.py:129) 
2019-03-02 02:04:54,311 [D]  : : :pass:mug.c:60	(at logger.py:129) 
2019-03-02 02:04:54,311 [D]  : : :pass:mug.c:59	(at logger.py:129) 
2019-03-02 02:04:54,311 [D]  : : :pass:mug.c:58	(at logger.py:129) 
2019-03-02 02:04:54,322 [D] subprocess cmd: ['source compile.sh /home/bohrok/Documents/DM/output/orbs/mug/4/work'], stdout: b''	(at ex_script.py:45) 
2019-03-02 02:04:54,322 [D] -:F:n:WD_1:mug.c:57	(at logger.py:129) 
2019-03-02 02:04:54,333 [D] subprocess cmd: ['source compile.sh /home/bohrok/Documents/DM/output/orbs/mug/4/work'], stdout: b''	(at ex_script.py:45) 
2019-03-02 02:04:54,334 [D] ┌:F:n:WD_2:mug.c:57	(at logger.py:129) 
2019-03-02 02:04:54,334 [D] └:F:n:WD_2:mug.c:56	(at logger.py:129) 
2019-03-02 02:04:54,345 [D] subprocess cmd: ['source compile.sh /home/bohrok/Documents/DM/output/orbs/mug/4/work'], stdout: b''	(at ex_script.py:45) 
2019-03-02 02:04:54,345 [D] ┌:F:n:WD_3:mug.c:57	(at logger.py:129) 
2019-03-02 02:04:54,345 [D] |:F:n:WD_3:mug.c:56	(at logger.py:129) 
2019-03-02 02:04:54,345 [D] └:F:n:WD_3:mug.c:55	(at logger.py:129) 
2019-03-02 02:04:54,388 [D] -:C:n:WD_1:mug.c:56	(at logger.py:129) 
2019-03-02 02:04:54,400 [D] subprocess cmd: ['source compile.sh /home/bohrok/Documents/DM/output/orbs/mug/4/work'], stdout: b''	(at ex_script.py:45) 
2019-03-02 02:04:54,400 [D] ┌:F:n:WD_2:mug.c:56	(at logger.py:129) 
2019-03-02 02:04:54,400 [D] └:F:n:WD_2:mug.c:55	(at logger.py:129) 
2019-03-02 02:04:54,410 [D] subprocess cmd: ['source compile.sh /home/bohrok/Documents/DM/output/orbs/mug/4/work'], stdout: b''	(at ex_script.py:45) 
2019-03-02 02:04:54,411 [D] ┌:F:n:WD_3:mug.c:56	(at logger.py:129) 
2019-03-02 02:04:54,411 [D] |:F:n:WD_3:mug.c:55	(at logger.py:129) 
2019-03-02 02:04:54,411 [D] └:F:n:WD_3:mug.c:54	(at logger.py:129) 
2019-03-02 02:04:54,422 [D] subprocess cmd: ['source compile.sh /home/bohrok/Documents/DM/output/orbs/mug/4/work'], stdout: b''	(at ex_script.py:45) 
2019-03-02 02:04:54,422 [D] -:F:n:WD_1:mug.c:55	(at logger.py:129) 
2019-03-02 02:04:54,434 [D] subprocess cmd: ['source compile.sh /home/bohrok/Documents/DM/output/orbs/mug/4/work'], stdout: b''	(at ex_script.py:45) 
2019-03-02 02:04:54,434 [D] ┌:F:n:WD_2:mug.c:55	(at logger.py:129) 
2019-03-02 02:04:54,434 [D] └:F:n:WD_2:mug.c:54	(at logger.py:129) 
2019-03-02 02:04:54,465 [D] subprocess cmd: ['source compile.sh /home/bohrok/Documents/DM/output/orbs/mug/4/work'], stdout: b''	(at ex_script.py:45) 
2019-03-02 02:04:54,465 [D] ┌:F:n:WD_3:mug.c:55	(at logger.py:129) 
2019-03-02 02:04:54,465 [D] |:F:n:WD_3:mug.c:54	(at logger.py:129) 
2019-03-02 02:04:54,465 [D] └:F:n:WD_3:mug.c:53	(at logger.py:129) 
2019-03-02 02:04:54,475 [D] subprocess cmd: ['source compile.sh /home/bohrok/Documents/DM/output/orbs/mug/4/work'], stdout: b''	(at ex_script.py:45) 
2019-03-02 02:04:54,475 [D] -:F:n:WD_1:mug.c:54	(at logger.py:129) 
2019-03-02 02:04:54,488 [D] subprocess cmd: ['source compile.sh /home/bohrok/Documents/DM/output/orbs/mug/4/work'], stdout: b''	(at ex_script.py:45) 
2019-03-02 02:04:54,488 [D] ┌:F:n:WD_2:mug.c:54	(at logger.py:129) 
2019-03-02 02:04:54,488 [D] └:F:n:WD_2:mug.c:53	(at logger.py:129) 
2019-03-02 02:04:54,499 [D] subprocess cmd: ['source compile.sh /home/bohrok/Documents/DM/output/orbs/mug/4/work'], stdout: b''	(at ex_script.py:45) 
2019-03-02 02:04:54,499 [D] ┌:F:n:WD_3:mug.c:54	(at logger.py:129) 
2019-03-02 02:04:54,499 [D] |:F:n:WD_3:mug.c:53	(at logger.py:129) 
2019-03-02 02:04:54,499 [D] └:F:n:WD_3:mug.c:52	(at logger.py:129) 
2019-03-02 02:04:54,510 [D] subprocess cmd: ['source compile.sh /home/bohrok/Documents/DM/output/orbs/mug/4/work'], stdout: b''	(at ex_script.py:45) 
2019-03-02 02:04:54,510 [D] -:F:n:WD_1:mug.c:53	(at logger.py:129) 
2019-03-02 02:04:54,522 [D] subprocess cmd: ['source compile.sh /home/bohrok/Documents/DM/output/orbs/mug/4/work'], stdout: b''	(at ex_script.py:45) 
2019-03-02 02:04:54,522 [D] ┌:F:n:WD_2:mug.c:53	(at logger.py:129) 
2019-03-02 02:04:54,522 [D] └:F:n:WD_2:mug.c:52	(at logger.py:129) 
2019-03-02 02:04:54,535 [D] subprocess cmd: ['source compile.sh /home/bohrok/Documents/DM/output/orbs/mug/4/work'], stdout: b''	(at ex_script.py:45) 
2019-03-02 02:04:54,535 [D] ┌:F:n:WD_3:mug.c:53	(at logger.py:129) 
2019-03-02 02:04:54,535 [D] |:F:n:WD_3:mug.c:52	(at logger.py:129) 
2019-03-02 02:04:54,535 [D] └:F:n:WD_3:mug.c:46	(at logger.py:129) 
2019-03-02 02:04:54,546 [D] subprocess cmd: ['source compile.sh /home/bohrok/Documents/DM/output/orbs/mug/4/work'], stdout: b''	(at ex_script.py:45) 
2019-03-02 02:04:54,547 [D] -:F:n:WD_1:mug.c:52	(at logger.py:129) 
2019-03-02 02:04:54,583 [D] ┌:P:c:WD_2:mug.c:52	(at logger.py:129) 
2019-03-02 02:04:54,583 [D] └:P:c:WD_2:mug.c:46	(at logger.py:129) 
2019-03-02 02:04:54,583 [D]  : : :pass:mug.c:51	(at logger.py:129) 
2019-03-02 02:04:54,583 [D]  : : :pass:mug.c:50	(at logger.py:129) 
2019-03-02 02:04:54,583 [D]  : : :pass:mug.c:49	(at logger.py:129) 
2019-03-02 02:04:54,583 [D]  : : :pass:mug.c:48	(at logger.py:129) 
2019-03-02 02:04:54,583 [D]  : : :pass:mug.c:47	(at logger.py:129) 
2019-03-02 02:04:54,583 [D]  : : :pass:mug.c:46	(at logger.py:129) 
2019-03-02 02:04:54,583 [D]  : : :pass:mug.c:45	(at logger.py:129) 
2019-03-02 02:04:54,594 [D] subprocess cmd: ['source compile.sh /home/bohrok/Documents/DM/output/orbs/mug/4/work'], stdout: b''	(at ex_script.py:45) 
2019-03-02 02:04:54,595 [D] -:F:n:WD_1:mug.c:44	(at logger.py:129) 
2019-03-02 02:04:54,606 [D] subprocess cmd: ['source compile.sh /home/bohrok/Documents/DM/output/orbs/mug/4/work'], stdout: b''	(at ex_script.py:45) 
2019-03-02 02:04:54,606 [D] ┌:F:n:WD_2:mug.c:44	(at logger.py:129) 
2019-03-02 02:04:54,607 [D] └:F:n:WD_2:mug.c:43	(at logger.py:129) 
2019-03-02 02:04:54,652 [D] ┌:P:n:WD_3:mug.c:44	(at logger.py:129) 
2019-03-02 02:04:54,652 [D] |:P:n:WD_3:mug.c:43	(at logger.py:129) 
2019-03-02 02:04:54,652 [D] └:P:n:WD_3:mug.c:42	(at logger.py:129) 
2019-03-02 02:04:54,652 [D]  : : :pass:mug.c:43	(at logger.py:129) 
2019-03-02 02:04:54,652 [D]  : : :pass:mug.c:42	(at logger.py:129) 
2019-03-02 02:04:54,665 [D] subprocess cmd: ['source compile.sh /home/bohrok/Documents/DM/output/orbs/mug/4/work'], stdout: b''	(at ex_script.py:45) 
2019-03-02 02:04:54,665 [D] -:F:n:WD_1:mug.c:41	(at logger.py:129) 
2019-03-02 02:04:54,676 [D] subprocess cmd: ['source compile.sh /home/bohrok/Documents/DM/output/orbs/mug/4/work'], stdout: b''	(at ex_script.py:45) 
2019-03-02 02:04:54,677 [D] ┌:F:n:WD_2:mug.c:41	(at logger.py:129) 
2019-03-02 02:04:54,677 [D] └:F:n:WD_2:mug.c:40	(at logger.py:129) 
2019-03-02 02:04:54,719 [D] ┌:C:n:WD_3:mug.c:41	(at logger.py:129) 
2019-03-02 02:04:54,720 [D] |:C:n:WD_3:mug.c:40	(at logger.py:129) 
2019-03-02 02:04:54,720 [D] └:C:n:WD_3:mug.c:39	(at logger.py:129) 
2019-03-02 02:04:54,755 [D] -:C:c:WD_1:mug.c:40	(at logger.py:129) 
2019-03-02 02:04:54,767 [D] subprocess cmd: ['source compile.sh /home/bohrok/Documents/DM/output/orbs/mug/4/work'], stdout: b''	(at ex_script.py:45) 
2019-03-02 02:04:54,767 [D] ┌:F:n:WD_2:mug.c:40	(at logger.py:129) 
2019-03-02 02:04:54,767 [D] └:F:n:WD_2:mug.c:39	(at logger.py:129) 
2019-03-02 02:04:54,767 [D] ┌:C:c:WD_3:mug.c:40	(at logger.py:129) 
2019-03-02 02:04:54,767 [D] |:C:c:WD_3:mug.c:39	(at logger.py:129) 
2019-03-02 02:04:54,767 [D] └:C:c:WD_3:mug.c:37	(at logger.py:129) 
2019-03-02 02:04:54,778 [D] subprocess cmd: ['source compile.sh /home/bohrok/Documents/DM/output/orbs/mug/4/work'], stdout: b''	(at ex_script.py:45) 
2019-03-02 02:04:54,779 [D] -:F:n:WD_1:mug.c:39	(at logger.py:129) 
2019-03-02 02:04:54,814 [D] ┌:C:c:WD_2:mug.c:39	(at logger.py:129) 
2019-03-02 02:04:54,814 [D] └:C:c:WD_2:mug.c:37	(at logger.py:129) 
2019-03-02 02:04:54,855 [D] ┌:C:n:WD_3:mug.c:39	(at logger.py:129) 
2019-03-02 02:04:54,856 [D] |:C:n:WD_3:mug.c:37	(at logger.py:129) 
2019-03-02 02:04:54,856 [D] └:C:n:WD_3:mug.c:36	(at logger.py:129) 
2019-03-02 02:04:54,856 [D]  : : :pass:mug.c:38	(at logger.py:129) 
2019-03-02 02:04:54,868 [D] subprocess cmd: ['source compile.sh /home/bohrok/Documents/DM/output/orbs/mug/4/work'], stdout: b''	(at ex_script.py:45) 
2019-03-02 02:04:54,868 [D] -:F:n:WD_1:mug.c:37	(at logger.py:129) 
2019-03-02 02:04:54,880 [D] subprocess cmd: ['source compile.sh /home/bohrok/Documents/DM/output/orbs/mug/4/work'], stdout: b''	(at ex_script.py:45) 
2019-03-02 02:04:54,880 [D] ┌:F:n:WD_2:mug.c:37	(at logger.py:129) 
2019-03-02 02:04:54,880 [D] └:F:n:WD_2:mug.c:36	(at logger.py:129) 
2019-03-02 02:04:54,881 [D] ┌:C:c:WD_3:mug.c:37	(at logger.py:129) 
2019-03-02 02:04:54,881 [D] |:C:c:WD_3:mug.c:36	(at logger.py:129) 
2019-03-02 02:04:54,881 [D] └:C:c:WD_3:mug.c:35	(at logger.py:129) 
2019-03-02 02:04:54,924 [D] -:C:n:WD_1:mug.c:36	(at logger.py:129) 
2019-03-02 02:04:54,936 [D] subprocess cmd: ['source compile.sh /home/bohrok/Documents/DM/output/orbs/mug/4/work'], stdout: b''	(at ex_script.py:45) 
2019-03-02 02:04:54,937 [D] ┌:F:n:WD_2:mug.c:36	(at logger.py:129) 
2019-03-02 02:04:54,937 [D] └:F:n:WD_2:mug.c:35	(at logger.py:129) 
2019-03-02 02:04:54,948 [D] subprocess cmd: ['source compile.sh /home/bohrok/Documents/DM/output/orbs/mug/4/work'], stdout: b''	(at ex_script.py:45) 
2019-03-02 02:04:54,949 [D] ┌:F:n:WD_3:mug.c:36	(at logger.py:129) 
2019-03-02 02:04:54,949 [D] |:F:n:WD_3:mug.c:35	(at logger.py:129) 
2019-03-02 02:04:54,949 [D] └:F:n:WD_3:mug.c:34	(at logger.py:129) 
2019-03-02 02:04:54,958 [D] subprocess cmd: ['source compile.sh /home/bohrok/Documents/DM/output/orbs/mug/4/work'], stdout: b''	(at ex_script.py:45) 
2019-03-02 02:04:54,959 [D] -:F:n:WD_1:mug.c:35	(at logger.py:129) 
2019-03-02 02:04:54,971 [D] subprocess cmd: ['source compile.sh /home/bohrok/Documents/DM/output/orbs/mug/4/work'], stdout: b''	(at ex_script.py:45) 
2019-03-02 02:04:54,971 [D] ┌:F:n:WD_2:mug.c:35	(at logger.py:129) 
2019-03-02 02:04:54,971 [D] └:F:n:WD_2:mug.c:34	(at logger.py:129) 
2019-03-02 02:04:54,982 [D] subprocess cmd: ['source compile.sh /home/bohrok/Documents/DM/output/orbs/mug/4/work'], stdout: b''	(at ex_script.py:45) 
2019-03-02 02:04:54,982 [D] ┌:F:n:WD_3:mug.c:35	(at logger.py:129) 
2019-03-02 02:04:54,982 [D] |:F:n:WD_3:mug.c:34	(at logger.py:129) 
2019-03-02 02:04:54,982 [D] └:F:n:WD_3:mug.c:33	(at logger.py:129) 
2019-03-02 02:04:55,329 [D] subprocess cmd: ['source execute.sh /home/bohrok/Documents/DM/output/orbs/mug/4/work'], stdout: b'execute.sh: line 9: 20156 Killed                  timeout --signal=KILL 0.1 ./mug.exe 4 -4 0 > ./outputs/output0\nexecute.sh: line 15: 20158 Killed                  timeout --signal=KILL 0.1 ./mug.exe 4 4 0 > ./outputs/output1\nexecute.sh: line 21: 20160 Killed                  timeout --signal=KILL 0.1 ./mug.exe -4 4 0 > ./outputs/output2\n'	(at ex_script.py:45) 
2019-03-02 02:04:55,329 [D] -:C:n:WD_1:mug.c:34	(at logger.py:129) 
2019-03-02 02:04:55,393 [D] subprocess cmd: ['source compile.sh /home/bohrok/Documents/DM/output/orbs/mug/4/work'], stdout: b''	(at ex_script.py:45) 
2019-03-02 02:04:55,393 [D] ┌:F:n:WD_2:mug.c:34	(at logger.py:129) 
2019-03-02 02:04:55,393 [D] └:F:n:WD_2:mug.c:33	(at logger.py:129) 
2019-03-02 02:04:55,404 [D] subprocess cmd: ['source compile.sh /home/bohrok/Documents/DM/output/orbs/mug/4/work'], stdout: b''	(at ex_script.py:45) 
2019-03-02 02:04:55,405 [D] ┌:F:n:WD_3:mug.c:34	(at logger.py:129) 
2019-03-02 02:04:55,405 [D] |:F:n:WD_3:mug.c:33	(at logger.py:129) 
2019-03-02 02:04:55,405 [D] └:F:n:WD_3:mug.c:32	(at logger.py:129) 
2019-03-02 02:04:55,416 [D] subprocess cmd: ['source compile.sh /home/bohrok/Documents/DM/output/orbs/mug/4/work'], stdout: b''	(at ex_script.py:45) 
2019-03-02 02:04:55,417 [D] -:F:n:WD_1:mug.c:33	(at logger.py:129) 
2019-03-02 02:04:55,426 [D] subprocess cmd: ['source compile.sh /home/bohrok/Documents/DM/output/orbs/mug/4/work'], stdout: b''	(at ex_script.py:45) 
2019-03-02 02:04:55,426 [D] ┌:F:n:WD_2:mug.c:33	(at logger.py:129) 
2019-03-02 02:04:55,426 [D] └:F:n:WD_2:mug.c:32	(at logger.py:129) 
2019-03-02 02:04:55,459 [D] subprocess cmd: ['source compile.sh /home/bohrok/Documents/DM/output/orbs/mug/4/work'], stdout: b''	(at ex_script.py:45) 
2019-03-02 02:04:55,460 [D] ┌:F:n:WD_3:mug.c:33	(at logger.py:129) 
2019-03-02 02:04:55,460 [D] |:F:n:WD_3:mug.c:32	(at logger.py:129) 
2019-03-02 02:04:55,460 [D] └:F:n:WD_3:mug.c:31	(at logger.py:129) 
2019-03-02 02:04:55,472 [D] subprocess cmd: ['source compile.sh /home/bohrok/Documents/DM/output/orbs/mug/4/work'], stdout: b''	(at ex_script.py:45) 
2019-03-02 02:04:55,472 [D] -:F:n:WD_1:mug.c:32	(at logger.py:129) 
2019-03-02 02:04:55,483 [D] subprocess cmd: ['source compile.sh /home/bohrok/Documents/DM/output/orbs/mug/4/work'], stdout: b''	(at ex_script.py:45) 
2019-03-02 02:04:55,483 [D] ┌:F:n:WD_2:mug.c:32	(at logger.py:129) 
2019-03-02 02:04:55,483 [D] └:F:n:WD_2:mug.c:31	(at logger.py:129) 
2019-03-02 02:04:55,494 [D] subprocess cmd: ['source compile.sh /home/bohrok/Documents/DM/output/orbs/mug/4/work'], stdout: b''	(at ex_script.py:45) 
2019-03-02 02:04:55,495 [D] ┌:F:n:WD_3:mug.c:32	(at logger.py:129) 
2019-03-02 02:04:55,495 [D] |:F:n:WD_3:mug.c:31	(at logger.py:129) 
2019-03-02 02:04:55,495 [D] └:F:n:WD_3:mug.c:29	(at logger.py:129) 
2019-03-02 02:04:55,506 [D] subprocess cmd: ['source compile.sh /home/bohrok/Documents/DM/output/orbs/mug/4/work'], stdout: b''	(at ex_script.py:45) 
2019-03-02 02:04:55,506 [D] -:F:n:WD_1:mug.c:31	(at logger.py:129) 
2019-03-02 02:04:55,518 [D] subprocess cmd: ['source compile.sh /home/bohrok/Documents/DM/output/orbs/mug/4/work'], stdout: b''	(at ex_script.py:45) 
2019-03-02 02:04:55,518 [D] ┌:F:n:WD_2:mug.c:31	(at logger.py:129) 
2019-03-02 02:04:55,518 [D] └:F:n:WD_2:mug.c:29	(at logger.py:129) 
2019-03-02 02:04:55,531 [D] subprocess cmd: ['source compile.sh /home/bohrok/Documents/DM/output/orbs/mug/4/work'], stdout: b''	(at ex_script.py:45) 
2019-03-02 02:04:55,531 [D] ┌:F:n:WD_3:mug.c:31	(at logger.py:129) 
2019-03-02 02:04:55,531 [D] |:F:n:WD_3:mug.c:29	(at logger.py:129) 
2019-03-02 02:04:55,531 [D] └:F:n:WD_3:mug.c:28	(at logger.py:129) 
2019-03-02 02:04:55,531 [D]  : : :pass:mug.c:30	(at logger.py:129) 
2019-03-02 02:04:55,531 [D] -:F:n:WD_1:mug.c:29	(at logger.py:129) 
2019-03-02 02:04:55,541 [D] subprocess cmd: ['source compile.sh /home/bohrok/Documents/DM/output/orbs/mug/4/work'], stdout: b''	(at ex_script.py:45) 
2019-03-02 02:04:55,542 [D] ┌:F:n:WD_2:mug.c:29	(at logger.py:129) 
2019-03-02 02:04:55,542 [D] └:F:n:WD_2:mug.c:28	(at logger.py:129) 
2019-03-02 02:04:55,555 [D] subprocess cmd: ['source compile.sh /home/bohrok/Documents/DM/output/orbs/mug/4/work'], stdout: b''	(at ex_script.py:45) 
2019-03-02 02:04:55,555 [D] ┌:F:n:WD_3:mug.c:29	(at logger.py:129) 
2019-03-02 02:04:55,555 [D] |:F:n:WD_3:mug.c:28	(at logger.py:129) 
2019-03-02 02:04:55,555 [D] └:F:n:WD_3:mug.c:26	(at logger.py:129) 
2019-03-02 02:04:55,603 [D] -:C:n:WD_1:mug.c:28	(at logger.py:129) 
2019-03-02 02:04:55,844 [D] subprocess cmd: ['source execute.sh /home/bohrok/Documents/DM/output/orbs/mug/4/work'], stdout: b'execute.sh: line 9: 20248 Killed                  timeout --signal=KILL 0.1 ./mug.exe 4 -4 0 > ./outputs/output0\nexecute.sh: line 15: 20250 Killed                  timeout --signal=KILL 0.1 ./mug.exe 4 4 0 > ./outputs/output1\n'	(at ex_script.py:45) 
2019-03-02 02:04:55,844 [D] ┌:C:n:WD_2:mug.c:28	(at logger.py:129) 
2019-03-02 02:04:55,844 [D] └:C:n:WD_2:mug.c:26	(at logger.py:129) 
2019-03-02 02:04:55,855 [D] subprocess cmd: ['source compile.sh /home/bohrok/Documents/DM/output/orbs/mug/4/work'], stdout: b''	(at ex_script.py:45) 
2019-03-02 02:04:55,855 [D] ┌:F:n:WD_3:mug.c:28	(at logger.py:129) 
2019-03-02 02:04:55,855 [D] |:F:n:WD_3:mug.c:26	(at logger.py:129) 
2019-03-02 02:04:55,855 [D] └:F:n:WD_3:mug.c:25	(at logger.py:129) 
2019-03-02 02:04:55,855 [D]  : : :pass:mug.c:27	(at logger.py:129) 
2019-03-02 02:04:56,098 [D] subprocess cmd: ['source execute.sh /home/bohrok/Documents/DM/output/orbs/mug/4/work'], stdout: b'execute.sh: line 9: 20268 Killed                  timeout --signal=KILL 0.1 ./mug.exe 4 -4 0 > ./outputs/output0\nexecute.sh: line 15: 20270 Killed                  timeout --signal=KILL 0.1 ./mug.exe 4 4 0 > ./outputs/output1\n'	(at ex_script.py:45) 
2019-03-02 02:04:56,099 [D] -:C:n:WD_1:mug.c:26	(at logger.py:129) 
2019-03-02 02:04:56,140 [D] subprocess cmd: ['source compile.sh /home/bohrok/Documents/DM/output/orbs/mug/4/work'], stdout: b''	(at ex_script.py:45) 
2019-03-02 02:04:56,140 [D] ┌:F:n:WD_2:mug.c:26	(at logger.py:129) 
2019-03-02 02:04:56,141 [D] └:F:n:WD_2:mug.c:25	(at logger.py:129) 
2019-03-02 02:04:56,206 [D] ┌:C:c:WD_3:mug.c:26	(at logger.py:129) 
2019-03-02 02:04:56,206 [D] |:C:c:WD_3:mug.c:25	(at logger.py:129) 
2019-03-02 02:04:56,206 [D] └:C:c:WD_3:mug.c:22	(at logger.py:129) 
2019-03-02 02:04:56,218 [D] subprocess cmd: ['source compile.sh /home/bohrok/Documents/DM/output/orbs/mug/4/work'], stdout: b''	(at ex_script.py:45) 
2019-03-02 02:04:56,218 [D] -:F:n:WD_1:mug.c:25	(at logger.py:129) 
2019-03-02 02:04:56,249 [D] ┌:P:c:WD_2:mug.c:25	(at logger.py:129) 
2019-03-02 02:04:56,249 [D] └:P:c:WD_2:mug.c:22	(at logger.py:129) 
2019-03-02 02:04:56,250 [D]  : : :pass:mug.c:24	(at logger.py:129) 
2019-03-02 02:04:56,250 [D]  : : :pass:mug.c:23	(at logger.py:129) 
2019-03-02 02:04:56,250 [D]  : : :pass:mug.c:22	(at logger.py:129) 
2019-03-02 02:04:56,250 [D]  : : :pass:mug.c:21	(at logger.py:129) 
2019-03-02 02:04:56,259 [D] subprocess cmd: ['source compile.sh /home/bohrok/Documents/DM/output/orbs/mug/4/work'], stdout: b''	(at ex_script.py:45) 
2019-03-02 02:04:56,259 [D] -:F:n:WD_1:mug.c:20	(at logger.py:129) 
2019-03-02 02:04:56,272 [D] subprocess cmd: ['source compile.sh /home/bohrok/Documents/DM/output/orbs/mug/4/work'], stdout: b''	(at ex_script.py:45) 
2019-03-02 02:04:56,272 [D] ┌:F:n:WD_2:mug.c:20	(at logger.py:129) 
2019-03-02 02:04:56,272 [D] └:F:n:WD_2:mug.c:19	(at logger.py:129) 
2019-03-02 02:04:56,283 [D] subprocess cmd: ['source compile.sh /home/bohrok/Documents/DM/output/orbs/mug/4/work'], stdout: b''	(at ex_script.py:45) 
2019-03-02 02:04:56,284 [D] ┌:F:n:WD_3:mug.c:20	(at logger.py:129) 
2019-03-02 02:04:56,284 [D] |:F:n:WD_3:mug.c:19	(at logger.py:129) 
2019-03-02 02:04:56,284 [D] └:F:n:WD_3:mug.c:18	(at logger.py:129) 
2019-03-02 02:04:56,327 [D] -:C:n:WD_1:mug.c:19	(at logger.py:129) 
2019-03-02 02:04:56,373 [D] ┌:C:n:WD_2:mug.c:19	(at logger.py:129) 
2019-03-02 02:04:56,373 [D] └:C:n:WD_2:mug.c:18	(at logger.py:129) 
2019-03-02 02:04:56,413 [D] ┌:C:n:WD_3:mug.c:19	(at logger.py:129) 
2019-03-02 02:04:56,414 [D] |:C:n:WD_3:mug.c:18	(at logger.py:129) 
2019-03-02 02:04:56,414 [D] └:C:n:WD_3:mug.c:14	(at logger.py:129) 
2019-03-02 02:04:56,455 [D] -:C:n:WD_1:mug.c:18	(at logger.py:129) 
2019-03-02 02:04:56,497 [D] subprocess cmd: ['source execute.sh /home/bohrok/Documents/DM/output/orbs/mug/4/work'], stdout: b''	(at ex_script.py:45) 
2019-03-02 02:04:56,497 [D] ┌:C:n:WD_2:mug.c:18	(at logger.py:129) 
2019-03-02 02:04:56,497 [D] └:C:n:WD_2:mug.c:14	(at logger.py:129) 
2019-03-02 02:04:56,508 [D] subprocess cmd: ['source compile.sh /home/bohrok/Documents/DM/output/orbs/mug/4/work'], stdout: b''	(at ex_script.py:45) 
2019-03-02 02:04:56,508 [D] ┌:F:n:WD_3:mug.c:18	(at logger.py:129) 
2019-03-02 02:04:56,508 [D] |:F:n:WD_3:mug.c:14	(at logger.py:129) 
2019-03-02 02:04:56,508 [D] └:F:n:WD_3:mug.c:11	(at logger.py:129) 
2019-03-02 02:04:56,508 [D]  : : :pass:mug.c:17	(at logger.py:129) 
2019-03-02 02:04:56,508 [D]  : : :pass:mug.c:16	(at logger.py:129) 
2019-03-02 02:04:56,508 [D]  : : :pass:mug.c:15	(at logger.py:129) 
2019-03-02 02:04:56,553 [D] -:C:n:WD_1:mug.c:14	(at logger.py:129) 
2019-03-02 02:04:56,565 [D] subprocess cmd: ['source compile.sh /home/bohrok/Documents/DM/output/orbs/mug/4/work'], stdout: b''	(at ex_script.py:45) 
2019-03-02 02:04:56,565 [D] ┌:F:n:WD_2:mug.c:14	(at logger.py:129) 
2019-03-02 02:04:56,566 [D] └:F:n:WD_2:mug.c:11	(at logger.py:129) 
2019-03-02 02:04:56,575 [D] subprocess cmd: ['source compile.sh /home/bohrok/Documents/DM/output/orbs/mug/4/work'], stdout: b''	(at ex_script.py:45) 
2019-03-02 02:04:56,575 [D] ┌:F:n:WD_3:mug.c:14	(at logger.py:129) 
2019-03-02 02:04:56,575 [D] |:F:n:WD_3:mug.c:11	(at logger.py:129) 
2019-03-02 02:04:56,575 [D] └:F:n:WD_3:mug.c:10	(at logger.py:129) 
2019-03-02 02:04:56,576 [D]  : : :pass:mug.c:13	(at logger.py:129) 
2019-03-02 02:04:56,576 [D]  : : :pass:mug.c:12	(at logger.py:129) 
2019-03-02 02:04:56,588 [D] subprocess cmd: ['source compile.sh /home/bohrok/Documents/DM/output/orbs/mug/4/work'], stdout: b''	(at ex_script.py:45) 
2019-03-02 02:04:56,588 [D] -:F:n:WD_1:mug.c:11	(at logger.py:129) 
2019-03-02 02:04:56,600 [D] subprocess cmd: ['source compile.sh /home/bohrok/Documents/DM/output/orbs/mug/4/work'], stdout: b''	(at ex_script.py:45) 
2019-03-02 02:04:56,600 [D] ┌:F:n:WD_2:mug.c:11	(at logger.py:129) 
2019-03-02 02:04:56,600 [D] └:F:n:WD_2:mug.c:10	(at logger.py:129) 
2019-03-02 02:04:56,611 [D] subprocess cmd: ['source compile.sh /home/bohrok/Documents/DM/output/orbs/mug/4/work'], stdout: b''	(at ex_script.py:45) 
2019-03-02 02:04:56,611 [D] ┌:F:n:WD_3:mug.c:11	(at logger.py:129) 
2019-03-02 02:04:56,611 [D] |:F:n:WD_3:mug.c:10	(at logger.py:129) 
2019-03-02 02:04:56,611 [D] └:F:n:WD_3:mug.c:9	(at logger.py:129) 
2019-03-02 02:04:56,623 [D] subprocess cmd: ['source compile.sh /home/bohrok/Documents/DM/output/orbs/mug/4/work'], stdout: b''	(at ex_script.py:45) 
2019-03-02 02:04:56,623 [D] -:F:n:WD_1:mug.c:10	(at logger.py:129) 
2019-03-02 02:04:56,634 [D] subprocess cmd: ['source compile.sh /home/bohrok/Documents/DM/output/orbs/mug/4/work'], stdout: b''	(at ex_script.py:45) 
2019-03-02 02:04:56,635 [D] ┌:F:n:WD_2:mug.c:10	(at logger.py:129) 
2019-03-02 02:04:56,635 [D] └:F:n:WD_2:mug.c:9	(at logger.py:129) 
2019-03-02 02:04:56,645 [D] subprocess cmd: ['source compile.sh /home/bohrok/Documents/DM/output/orbs/mug/4/work'], stdout: b''	(at ex_script.py:45) 
2019-03-02 02:04:56,645 [D] ┌:F:n:WD_3:mug.c:10	(at logger.py:129) 
2019-03-02 02:04:56,645 [D] |:F:n:WD_3:mug.c:9	(at logger.py:129) 
2019-03-02 02:04:56,646 [D] └:F:n:WD_3:mug.c:4	(at logger.py:129) 
2019-03-02 02:04:56,658 [D] subprocess cmd: ['source compile.sh /home/bohrok/Documents/DM/output/orbs/mug/4/work'], stdout: b''	(at ex_script.py:45) 
2019-03-02 02:04:56,658 [D] -:F:n:WD_1:mug.c:9	(at logger.py:129) 
2019-03-02 02:04:56,670 [D] subprocess cmd: ['source compile.sh /home/bohrok/Documents/DM/output/orbs/mug/4/work'], stdout: b''	(at ex_script.py:45) 
2019-03-02 02:04:56,670 [D] ┌:F:n:WD_2:mug.c:9	(at logger.py:129) 
2019-03-02 02:04:56,670 [D] └:F:n:WD_2:mug.c:4	(at logger.py:129) 
2019-03-02 02:04:56,682 [D] subprocess cmd: ['source compile.sh /home/bohrok/Documents/DM/output/orbs/mug/4/work'], stdout: b''	(at ex_script.py:45) 
2019-03-02 02:04:56,682 [D] ┌:F:n:WD_3:mug.c:9	(at logger.py:129) 
2019-03-02 02:04:56,682 [D] |:F:n:WD_3:mug.c:4	(at logger.py:129) 
2019-03-02 02:04:56,682 [D] └:F:n:WD_3:mug.c:3	(at logger.py:129) 
2019-03-02 02:04:56,682 [D]  : : :pass:mug.c:8	(at logger.py:129) 
2019-03-02 02:04:56,682 [D]  : : :pass:mug.c:7	(at logger.py:129) 
2019-03-02 02:04:56,682 [D]  : : :pass:mug.c:6	(at logger.py:129) 
2019-03-02 02:04:56,683 [D]  : : :pass:mug.c:5	(at logger.py:129) 
2019-03-02 02:04:56,695 [D] subprocess cmd: ['source compile.sh /home/bohrok/Documents/DM/output/orbs/mug/4/work'], stdout: b''	(at ex_script.py:45) 
2019-03-02 02:04:56,695 [D] -:F:n:WD_1:mug.c:4	(at logger.py:129) 
2019-03-02 02:04:56,707 [D] subprocess cmd: ['source compile.sh /home/bohrok/Documents/DM/output/orbs/mug/4/work'], stdout: b''	(at ex_script.py:45) 
2019-03-02 02:04:56,707 [D] ┌:F:n:WD_2:mug.c:4	(at logger.py:129) 
2019-03-02 02:04:56,707 [D] └:F:n:WD_2:mug.c:3	(at logger.py:129) 
2019-03-02 02:04:56,707 [D] ┌:F:n:WD_3:mug.c:4	(at logger.py:129) 
2019-03-02 02:04:56,707 [D] └:F:n:WD_3:mug.c:3	(at logger.py:129) 
2019-03-02 02:04:56,719 [D] subprocess cmd: ['source compile.sh /home/bohrok/Documents/DM/output/orbs/mug/4/work'], stdout: b''	(at ex_script.py:45) 
2019-03-02 02:04:56,719 [D] -:F:n:WD_1:mug.c:3	(at logger.py:129) 
2019-03-02 02:04:56,719 [D] -:F:n:WD_2:mug.c:3	(at logger.py:129) 
2019-03-02 02:04:56,720 [D] -:F:n:WD_3:mug.c:3	(at logger.py:129) 
2019-03-02 02:04:56,720 [D]  : : :pass:mug.c:2	(at logger.py:129) 
2019-03-02 02:04:56,720 [D]  : : :pass:mug.c:1	(at logger.py:129) 
2019-03-02 02:04:56,720 [D] comp_cached_cnt:6	(at logger.py:134) 
2019-03-02 02:04:56,720 [D] compile_cnt:88	(at logger.py:134) 
2019-03-02 02:04:56,720 [D] execute_cnt:17	(at logger.py:134) 
2019-03-02 02:04:56,720 [D] fail_del_cnt:19	(at logger.py:134) 
2019-03-02 02:04:56,720 [D] iter_idx:2	(at logger.py:134) 
2019-03-02 02:04:56,720 [D] reuse_cnt:7	(at logger.py:134) 
2019-03-02 02:04:56,720 [D] succ_del_cnt:5	(at logger.py:134) 
2019-03-02 02:04:56,720 [D] time:2.541639804840088	(at logger.py:134) 
2019-03-02 02:04:56,720 [D] deletion:38	(at logger.py:136) 
2019-03-02 02:04:56,720 [I] Iteration 2 finished	(at orbs.py:87) 
2019-03-02 02:04:56,721 [D]  : : :pass:mug.c:65	(at logger.py:129) 
2019-03-02 02:04:56,721 [D]  : : :pass:mug.c:64	(at logger.py:129) 
2019-03-02 02:04:56,721 [D]  : : :pass:mug.c:63	(at logger.py:129) 
2019-03-02 02:04:56,721 [D]  : : :pass:mug.c:62	(at logger.py:129) 
2019-03-02 02:04:56,721 [D]  : : :pass:mug.c:61	(at logger.py:129) 
2019-03-02 02:04:56,721 [D]  : : :pass:mug.c:60	(at logger.py:129) 
2019-03-02 02:04:56,721 [D]  : : :pass:mug.c:59	(at logger.py:129) 
2019-03-02 02:04:56,721 [D]  : : :pass:mug.c:58	(at logger.py:129) 
2019-03-02 02:04:56,733 [D] subprocess cmd: ['source compile.sh /home/bohrok/Documents/DM/output/orbs/mug/4/work'], stdout: b''	(at ex_script.py:45) 
2019-03-02 02:04:56,733 [D] -:F:n:WD_1:mug.c:57	(at logger.py:129) 
2019-03-02 02:04:56,744 [D] subprocess cmd: ['source compile.sh /home/bohrok/Documents/DM/output/orbs/mug/4/work'], stdout: b''	(at ex_script.py:45) 
2019-03-02 02:04:56,744 [D] ┌:F:n:WD_2:mug.c:57	(at logger.py:129) 
2019-03-02 02:04:56,744 [D] └:F:n:WD_2:mug.c:56	(at logger.py:129) 
2019-03-02 02:04:56,757 [D] subprocess cmd: ['source compile.sh /home/bohrok/Documents/DM/output/orbs/mug/4/work'], stdout: b''	(at ex_script.py:45) 
2019-03-02 02:04:56,757 [D] ┌:F:n:WD_3:mug.c:57	(at logger.py:129) 
2019-03-02 02:04:56,757 [D] |:F:n:WD_3:mug.c:56	(at logger.py:129) 
2019-03-02 02:04:56,757 [D] └:F:n:WD_3:mug.c:55	(at logger.py:129) 
2019-03-02 02:04:56,802 [D] -:C:n:WD_1:mug.c:56	(at logger.py:129) 
2019-03-02 02:04:56,816 [D] subprocess cmd: ['source compile.sh /home/bohrok/Documents/DM/output/orbs/mug/4/work'], stdout: b''	(at ex_script.py:45) 
2019-03-02 02:04:56,816 [D] ┌:F:n:WD_2:mug.c:56	(at logger.py:129) 
2019-03-02 02:04:56,816 [D] └:F:n:WD_2:mug.c:55	(at logger.py:129) 
2019-03-02 02:04:56,830 [D] subprocess cmd: ['source compile.sh /home/bohrok/Documents/DM/output/orbs/mug/4/work'], stdout: b''	(at ex_script.py:45) 
2019-03-02 02:04:56,831 [D] ┌:F:n:WD_3:mug.c:56	(at logger.py:129) 
2019-03-02 02:04:56,831 [D] |:F:n:WD_3:mug.c:55	(at logger.py:129) 
2019-03-02 02:04:56,831 [D] └:F:n:WD_3:mug.c:54	(at logger.py:129) 
2019-03-02 02:04:56,842 [D] subprocess cmd: ['source compile.sh /home/bohrok/Documents/DM/output/orbs/mug/4/work'], stdout: b''	(at ex_script.py:45) 
2019-03-02 02:04:56,843 [D] -:F:n:WD_1:mug.c:55	(at logger.py:129) 
2019-03-02 02:04:56,856 [D] subprocess cmd: ['source compile.sh /home/bohrok/Documents/DM/output/orbs/mug/4/work'], stdout: b''	(at ex_script.py:45) 
2019-03-02 02:04:56,857 [D] ┌:F:n:WD_2:mug.c:55	(at logger.py:129) 
2019-03-02 02:04:56,857 [D] └:F:n:WD_2:mug.c:54	(at logger.py:129) 
2019-03-02 02:04:56,893 [D] subprocess cmd: ['source compile.sh /home/bohrok/Documents/DM/output/orbs/mug/4/work'], stdout: b''	(at ex_script.py:45) 
2019-03-02 02:04:56,893 [D] ┌:F:n:WD_3:mug.c:55	(at logger.py:129) 
2019-03-02 02:04:56,893 [D] |:F:n:WD_3:mug.c:54	(at logger.py:129) 
2019-03-02 02:04:56,893 [D] └:F:n:WD_3:mug.c:53	(at logger.py:129) 
2019-03-02 02:04:56,906 [D] subprocess cmd: ['source compile.sh /home/bohrok/Documents/DM/output/orbs/mug/4/work'], stdout: b''	(at ex_script.py:45) 
2019-03-02 02:04:56,906 [D] -:F:n:WD_1:mug.c:54	(at logger.py:129) 
2019-03-02 02:04:56,918 [D] subprocess cmd: ['source compile.sh /home/bohrok/Documents/DM/output/orbs/mug/4/work'], stdout: b''	(at ex_script.py:45) 
2019-03-02 02:04:56,918 [D] ┌:F:n:WD_2:mug.c:54	(at logger.py:129) 
2019-03-02 02:04:56,918 [D] └:F:n:WD_2:mug.c:53	(at logger.py:129) 
2019-03-02 02:04:56,929 [D] subprocess cmd: ['source compile.sh /home/bohrok/Documents/DM/output/orbs/mug/4/work'], stdout: b''	(at ex_script.py:45) 
2019-03-02 02:04:56,929 [D] ┌:F:n:WD_3:mug.c:54	(at logger.py:129) 
2019-03-02 02:04:56,930 [D] |:F:n:WD_3:mug.c:53	(at logger.py:129) 
2019-03-02 02:04:56,930 [D] └:F:n:WD_3:mug.c:41	(at logger.py:129) 
2019-03-02 02:04:56,941 [D] subprocess cmd: ['source compile.sh /home/bohrok/Documents/DM/output/orbs/mug/4/work'], stdout: b''	(at ex_script.py:45) 
2019-03-02 02:04:56,941 [D] -:F:n:WD_1:mug.c:53	(at logger.py:129) 
2019-03-02 02:04:56,955 [D] subprocess cmd: ['source compile.sh /home/bohrok/Documents/DM/output/orbs/mug/4/work'], stdout: b''	(at ex_script.py:45) 
2019-03-02 02:04:56,955 [D] ┌:F:n:WD_2:mug.c:53	(at logger.py:129) 
2019-03-02 02:04:56,955 [D] └:F:n:WD_2:mug.c:41	(at logger.py:129) 
2019-03-02 02:04:56,967 [D] subprocess cmd: ['source compile.sh /home/bohrok/Documents/DM/output/orbs/mug/4/work'], stdout: b''	(at ex_script.py:45) 
2019-03-02 02:04:56,968 [D] ┌:F:n:WD_3:mug.c:53	(at logger.py:129) 
2019-03-02 02:04:56,968 [D] |:F:n:WD_3:mug.c:41	(at logger.py:129) 
2019-03-02 02:04:56,968 [D] └:F:n:WD_3:mug.c:40	(at logger.py:129) 
2019-03-02 02:04:56,968 [D]  : : :pass:mug.c:52	(at logger.py:129) 
2019-03-02 02:04:56,968 [D]  : : :pass:mug.c:51	(at logger.py:129) 
2019-03-02 02:04:56,968 [D]  : : :pass:mug.c:50	(at logger.py:129) 
2019-03-02 02:04:56,968 [D]  : : :pass:mug.c:49	(at logger.py:129) 
2019-03-02 02:04:56,968 [D]  : : :pass:mug.c:48	(at logger.py:129) 
2019-03-02 02:04:56,968 [D]  : : :pass:mug.c:47	(at logger.py:129) 
2019-03-02 02:04:56,968 [D]  : : :pass:mug.c:46	(at logger.py:129) 
2019-03-02 02:04:56,968 [D]  : : :pass:mug.c:45	(at logger.py:129) 
2019-03-02 02:04:56,968 [D]  : : :pass:mug.c:44	(at logger.py:129) 
2019-03-02 02:04:56,969 [D]  : : :pass:mug.c:43	(at logger.py:129) 
2019-03-02 02:04:56,969 [D]  : : :pass:mug.c:42	(at logger.py:129) 
2019-03-02 02:04:56,981 [D] subprocess cmd: ['source compile.sh /home/bohrok/Documents/DM/output/orbs/mug/4/work'], stdout: b''	(at ex_script.py:45) 
2019-03-02 02:04:56,982 [D] -:F:n:WD_1:mug.c:41	(at logger.py:129) 
2019-03-02 02:04:56,994 [D] subprocess cmd: ['source compile.sh /home/bohrok/Documents/DM/output/orbs/mug/4/work'], stdout: b''	(at ex_script.py:45) 
2019-03-02 02:04:56,995 [D] ┌:F:n:WD_2:mug.c:41	(at logger.py:129) 
2019-03-02 02:04:56,995 [D] └:F:n:WD_2:mug.c:40	(at logger.py:129) 
2019-03-02 02:04:57,034 [D] ┌:C:c:WD_3:mug.c:41	(at logger.py:129) 
2019-03-02 02:04:57,034 [D] |:C:c:WD_3:mug.c:40	(at logger.py:129) 
2019-03-02 02:04:57,034 [D] └:C:c:WD_3:mug.c:39	(at logger.py:129) 
2019-03-02 02:04:57,068 [D] -:C:c:WD_1:mug.c:40	(at logger.py:129) 
2019-03-02 02:04:57,081 [D] subprocess cmd: ['source compile.sh /home/bohrok/Documents/DM/output/orbs/mug/4/work'], stdout: b''	(at ex_script.py:45) 
2019-03-02 02:04:57,081 [D] ┌:F:n:WD_2:mug.c:40	(at logger.py:129) 
2019-03-02 02:04:57,081 [D] └:F:n:WD_2:mug.c:39	(at logger.py:129) 
2019-03-02 02:04:57,081 [D] ┌:C:c:WD_3:mug.c:40	(at logger.py:129) 
2019-03-02 02:04:57,081 [D] |:C:c:WD_3:mug.c:39	(at logger.py:129) 
2019-03-02 02:04:57,082 [D] └:C:c:WD_3:mug.c:37	(at logger.py:129) 
2019-03-02 02:04:57,093 [D] subprocess cmd: ['source compile.sh /home/bohrok/Documents/DM/output/orbs/mug/4/work'], stdout: b''	(at ex_script.py:45) 
2019-03-02 02:04:57,093 [D] -:F:n:WD_1:mug.c:39	(at logger.py:129) 
2019-03-02 02:04:57,126 [D] ┌:C:c:WD_2:mug.c:39	(at logger.py:129) 
2019-03-02 02:04:57,127 [D] └:C:c:WD_2:mug.c:37	(at logger.py:129) 
2019-03-02 02:04:57,160 [D] ┌:C:c:WD_3:mug.c:39	(at logger.py:129) 
2019-03-02 02:04:57,160 [D] |:C:c:WD_3:mug.c:37	(at logger.py:129) 
2019-03-02 02:04:57,160 [D] └:C:c:WD_3:mug.c:36	(at logger.py:129) 
2019-03-02 02:04:57,160 [D]  : : :pass:mug.c:38	(at logger.py:129) 
2019-03-02 02:04:57,173 [D] subprocess cmd: ['source compile.sh /home/bohrok/Documents/DM/output/orbs/mug/4/work'], stdout: b''	(at ex_script.py:45) 
2019-03-02 02:04:57,173 [D] -:F:n:WD_1:mug.c:37	(at logger.py:129) 
2019-03-02 02:04:57,185 [D] subprocess cmd: ['source compile.sh /home/bohrok/Documents/DM/output/orbs/mug/4/work'], stdout: b''	(at ex_script.py:45) 
2019-03-02 02:04:57,185 [D] ┌:F:n:WD_2:mug.c:37	(at logger.py:129) 
2019-03-02 02:04:57,185 [D] └:F:n:WD_2:mug.c:36	(at logger.py:129) 
2019-03-02 02:04:57,185 [D] ┌:C:c:WD_3:mug.c:37	(at logger.py:129) 
2019-03-02 02:04:57,185 [D] |:C:c:WD_3:mug.c:36	(at logger.py:129) 
2019-03-02 02:04:57,185 [D] └:C:c:WD_3:mug.c:35	(at logger.py:129) 
2019-03-02 02:04:57,216 [D] -:C:c:WD_1:mug.c:36	(at logger.py:129) 
2019-03-02 02:04:57,227 [D] subprocess cmd: ['source compile.sh /home/bohrok/Documents/DM/output/orbs/mug/4/work'], stdout: b''	(at ex_script.py:45) 
2019-03-02 02:04:57,227 [D] ┌:F:n:WD_2:mug.c:36	(at logger.py:129) 
2019-03-02 02:04:57,227 [D] └:F:n:WD_2:mug.c:35	(at logger.py:129) 
2019-03-02 02:04:57,240 [D] subprocess cmd: ['source compile.sh /home/bohrok/Documents/DM/output/orbs/mug/4/work'], stdout: b''	(at ex_script.py:45) 
2019-03-02 02:04:57,240 [D] ┌:F:n:WD_3:mug.c:36	(at logger.py:129) 
2019-03-02 02:04:57,240 [D] |:F:n:WD_3:mug.c:35	(at logger.py:129) 
2019-03-02 02:04:57,240 [D] └:F:n:WD_3:mug.c:34	(at logger.py:129) 
2019-03-02 02:04:57,251 [D] subprocess cmd: ['source compile.sh /home/bohrok/Documents/DM/output/orbs/mug/4/work'], stdout: b''	(at ex_script.py:45) 
2019-03-02 02:04:57,251 [D] -:F:n:WD_1:mug.c:35	(at logger.py:129) 
2019-03-02 02:04:57,262 [D] subprocess cmd: ['source compile.sh /home/bohrok/Documents/DM/output/orbs/mug/4/work'], stdout: b''	(at ex_script.py:45) 
2019-03-02 02:04:57,262 [D] ┌:F:n:WD_2:mug.c:35	(at logger.py:129) 
2019-03-02 02:04:57,263 [D] └:F:n:WD_2:mug.c:34	(at logger.py:129) 
2019-03-02 02:04:57,275 [D] subprocess cmd: ['source compile.sh /home/bohrok/Documents/DM/output/orbs/mug/4/work'], stdout: b''	(at ex_script.py:45) 
2019-03-02 02:04:57,275 [D] ┌:F:n:WD_3:mug.c:35	(at logger.py:129) 
2019-03-02 02:04:57,275 [D] |:F:n:WD_3:mug.c:34	(at logger.py:129) 
2019-03-02 02:04:57,275 [D] └:F:n:WD_3:mug.c:33	(at logger.py:129) 
2019-03-02 02:04:57,311 [D] -:C:c:WD_1:mug.c:34	(at logger.py:129) 
2019-03-02 02:04:57,324 [D] subprocess cmd: ['source compile.sh /home/bohrok/Documents/DM/output/orbs/mug/4/work'], stdout: b''	(at ex_script.py:45) 
2019-03-02 02:04:57,324 [D] ┌:F:n:WD_2:mug.c:34	(at logger.py:129) 
2019-03-02 02:04:57,324 [D] └:F:n:WD_2:mug.c:33	(at logger.py:129) 
2019-03-02 02:04:57,336 [D] subprocess cmd: ['source compile.sh /home/bohrok/Documents/DM/output/orbs/mug/4/work'], stdout: b''	(at ex_script.py:45) 
2019-03-02 02:04:57,336 [D] ┌:F:n:WD_3:mug.c:34	(at logger.py:129) 
2019-03-02 02:04:57,336 [D] |:F:n:WD_3:mug.c:33	(at logger.py:129) 
2019-03-02 02:04:57,336 [D] └:F:n:WD_3:mug.c:32	(at logger.py:129) 
2019-03-02 02:04:57,347 [D] subprocess cmd: ['source compile.sh /home/bohrok/Documents/DM/output/orbs/mug/4/work'], stdout: b''	(at ex_script.py:45) 
2019-03-02 02:04:57,348 [D] -:F:n:WD_1:mug.c:33	(at logger.py:129) 
2019-03-02 02:04:57,358 [D] subprocess cmd: ['source compile.sh /home/bohrok/Documents/DM/output/orbs/mug/4/work'], stdout: b''	(at ex_script.py:45) 
2019-03-02 02:04:57,359 [D] ┌:F:n:WD_2:mug.c:33	(at logger.py:129) 
2019-03-02 02:04:57,359 [D] └:F:n:WD_2:mug.c:32	(at logger.py:129) 
2019-03-02 02:04:57,389 [D] subprocess cmd: ['source compile.sh /home/bohrok/Documents/DM/output/orbs/mug/4/work'], stdout: b''	(at ex_script.py:45) 
2019-03-02 02:04:57,389 [D] ┌:F:n:WD_3:mug.c:33	(at logger.py:129) 
2019-03-02 02:04:57,389 [D] |:F:n:WD_3:mug.c:32	(at logger.py:129) 
2019-03-02 02:04:57,390 [D] └:F:n:WD_3:mug.c:31	(at logger.py:129) 
2019-03-02 02:04:57,401 [D] subprocess cmd: ['source compile.sh /home/bohrok/Documents/DM/output/orbs/mug/4/work'], stdout: b''	(at ex_script.py:45) 
2019-03-02 02:04:57,402 [D] -:F:n:WD_1:mug.c:32	(at logger.py:129) 
2019-03-02 02:04:57,412 [D] subprocess cmd: ['source compile.sh /home/bohrok/Documents/DM/output/orbs/mug/4/work'], stdout: b''	(at ex_script.py:45) 
2019-03-02 02:04:57,412 [D] ┌:F:n:WD_2:mug.c:32	(at logger.py:129) 
2019-03-02 02:04:57,413 [D] └:F:n:WD_2:mug.c:31	(at logger.py:129) 
2019-03-02 02:04:57,424 [D] subprocess cmd: ['source compile.sh /home/bohrok/Documents/DM/output/orbs/mug/4/work'], stdout: b''	(at ex_script.py:45) 
2019-03-02 02:04:57,425 [D] ┌:F:n:WD_3:mug.c:32	(at logger.py:129) 
2019-03-02 02:04:57,425 [D] |:F:n:WD_3:mug.c:31	(at logger.py:129) 
2019-03-02 02:04:57,425 [D] └:F:n:WD_3:mug.c:29	(at logger.py:129) 
2019-03-02 02:04:57,438 [D] subprocess cmd: ['source compile.sh /home/bohrok/Documents/DM/output/orbs/mug/4/work'], stdout: b''	(at ex_script.py:45) 
2019-03-02 02:04:57,438 [D] -:F:n:WD_1:mug.c:31	(at logger.py:129) 
2019-03-02 02:04:57,450 [D] subprocess cmd: ['source compile.sh /home/bohrok/Documents/DM/output/orbs/mug/4/work'], stdout: b''	(at ex_script.py:45) 
2019-03-02 02:04:57,450 [D] ┌:F:n:WD_2:mug.c:31	(at logger.py:129) 
2019-03-02 02:04:57,450 [D] └:F:n:WD_2:mug.c:29	(at logger.py:129) 
2019-03-02 02:04:57,460 [D] subprocess cmd: ['source compile.sh /home/bohrok/Documents/DM/output/orbs/mug/4/work'], stdout: b''	(at ex_script.py:45) 
2019-03-02 02:04:57,461 [D] ┌:F:n:WD_3:mug.c:31	(at logger.py:129) 
2019-03-02 02:04:57,461 [D] |:F:n:WD_3:mug.c:29	(at logger.py:129) 
2019-03-02 02:04:57,461 [D] └:F:n:WD_3:mug.c:28	(at logger.py:129) 
2019-03-02 02:04:57,461 [D]  : : :pass:mug.c:30	(at logger.py:129) 
2019-03-02 02:04:57,461 [D] -:F:n:WD_1:mug.c:29	(at logger.py:129) 
2019-03-02 02:04:57,474 [D] subprocess cmd: ['source compile.sh /home/bohrok/Documents/DM/output/orbs/mug/4/work'], stdout: b''	(at ex_script.py:45) 
2019-03-02 02:04:57,475 [D] ┌:F:n:WD_2:mug.c:29	(at logger.py:129) 
2019-03-02 02:04:57,475 [D] └:F:n:WD_2:mug.c:28	(at logger.py:129) 
2019-03-02 02:04:57,489 [D] subprocess cmd: ['source compile.sh /home/bohrok/Documents/DM/output/orbs/mug/4/work'], stdout: b''	(at ex_script.py:45) 
2019-03-02 02:04:57,489 [D] ┌:F:n:WD_3:mug.c:29	(at logger.py:129) 
2019-03-02 02:04:57,489 [D] |:F:n:WD_3:mug.c:28	(at logger.py:129) 
2019-03-02 02:04:57,489 [D] └:F:n:WD_3:mug.c:26	(at logger.py:129) 
2019-03-02 02:04:57,523 [D] -:C:c:WD_1:mug.c:28	(at logger.py:129) 
2019-03-02 02:04:57,557 [D] ┌:C:c:WD_2:mug.c:28	(at logger.py:129) 
2019-03-02 02:04:57,557 [D] └:C:c:WD_2:mug.c:26	(at logger.py:129) 
2019-03-02 02:04:57,570 [D] subprocess cmd: ['source compile.sh /home/bohrok/Documents/DM/output/orbs/mug/4/work'], stdout: b''	(at ex_script.py:45) 
2019-03-02 02:04:57,570 [D] ┌:F:n:WD_3:mug.c:28	(at logger.py:129) 
2019-03-02 02:04:57,570 [D] |:F:n:WD_3:mug.c:26	(at logger.py:129) 
2019-03-02 02:04:57,570 [D] └:F:n:WD_3:mug.c:20	(at logger.py:129) 
2019-03-02 02:04:57,570 [D]  : : :pass:mug.c:27	(at logger.py:129) 
2019-03-02 02:04:57,570 [D] -:C:c:WD_1:mug.c:26	(at logger.py:129) 
2019-03-02 02:04:57,582 [D] subprocess cmd: ['source compile.sh /home/bohrok/Documents/DM/output/orbs/mug/4/work'], stdout: b''	(at ex_script.py:45) 
2019-03-02 02:04:57,582 [D] ┌:F:n:WD_2:mug.c:26	(at logger.py:129) 
2019-03-02 02:04:57,582 [D] └:F:n:WD_2:mug.c:20	(at logger.py:129) 
2019-03-02 02:04:57,593 [D] subprocess cmd: ['source compile.sh /home/bohrok/Documents/DM/output/orbs/mug/4/work'], stdout: b''	(at ex_script.py:45) 
2019-03-02 02:04:57,593 [D] ┌:F:n:WD_3:mug.c:26	(at logger.py:129) 
2019-03-02 02:04:57,594 [D] |:F:n:WD_3:mug.c:20	(at logger.py:129) 
2019-03-02 02:04:57,594 [D] └:F:n:WD_3:mug.c:19	(at logger.py:129) 
2019-03-02 02:04:57,594 [D]  : : :pass:mug.c:25	(at logger.py:129) 
2019-03-02 02:04:57,594 [D]  : : :pass:mug.c:24	(at logger.py:129) 
2019-03-02 02:04:57,594 [D]  : : :pass:mug.c:23	(at logger.py:129) 
2019-03-02 02:04:57,594 [D]  : : :pass:mug.c:22	(at logger.py:129) 
2019-03-02 02:04:57,594 [D]  : : :pass:mug.c:21	(at logger.py:129) 
2019-03-02 02:04:57,594 [D] -:F:n:WD_1:mug.c:20	(at logger.py:129) 
2019-03-02 02:04:57,594 [D] ┌:F:n:WD_2:mug.c:20	(at logger.py:129) 
2019-03-02 02:04:57,595 [D] └:F:n:WD_2:mug.c:19	(at logger.py:129) 
2019-03-02 02:04:57,595 [D] ┌:F:n:WD_3:mug.c:20	(at logger.py:129) 
2019-03-02 02:04:57,595 [D] |:F:n:WD_3:mug.c:19	(at logger.py:129) 
2019-03-02 02:04:57,595 [D] └:F:n:WD_3:mug.c:18	(at logger.py:129) 
2019-03-02 02:04:57,595 [D] -:C:c:WD_1:mug.c:19	(at logger.py:129) 
2019-03-02 02:04:57,595 [D] ┌:C:c:WD_2:mug.c:19	(at logger.py:129) 
2019-03-02 02:04:57,595 [D] └:C:c:WD_2:mug.c:18	(at logger.py:129) 
2019-03-02 02:04:57,595 [D] ┌:C:c:WD_3:mug.c:19	(at logger.py:129) 
2019-03-02 02:04:57,595 [D] |:C:c:WD_3:mug.c:18	(at logger.py:129) 
2019-03-02 02:04:57,595 [D] └:C:c:WD_3:mug.c:14	(at logger.py:129) 
2019-03-02 02:04:57,596 [D] -:C:c:WD_1:mug.c:18	(at logger.py:129) 
2019-03-02 02:04:57,596 [D] ┌:C:c:WD_2:mug.c:18	(at logger.py:129) 
2019-03-02 02:04:57,596 [D] └:C:c:WD_2:mug.c:14	(at logger.py:129) 
2019-03-02 02:04:57,596 [D] ┌:F:n:WD_3:mug.c:18	(at logger.py:129) 
2019-03-02 02:04:57,596 [D] |:F:n:WD_3:mug.c:14	(at logger.py:129) 
2019-03-02 02:04:57,596 [D] └:F:n:WD_3:mug.c:11	(at logger.py:129) 
2019-03-02 02:04:57,596 [D]  : : :pass:mug.c:17	(at logger.py:129) 
2019-03-02 02:04:57,596 [D]  : : :pass:mug.c:16	(at logger.py:129) 
2019-03-02 02:04:57,596 [D]  : : :pass:mug.c:15	(at logger.py:129) 
2019-03-02 02:04:57,596 [D] -:C:c:WD_1:mug.c:14	(at logger.py:129) 
2019-03-02 02:04:57,596 [D] ┌:F:n:WD_2:mug.c:14	(at logger.py:129) 
2019-03-02 02:04:57,597 [D] └:F:n:WD_2:mug.c:11	(at logger.py:129) 
2019-03-02 02:04:57,597 [D] ┌:F:n:WD_3:mug.c:14	(at logger.py:129) 
2019-03-02 02:04:57,597 [D] |:F:n:WD_3:mug.c:11	(at logger.py:129) 
2019-03-02 02:04:57,597 [D] └:F:n:WD_3:mug.c:10	(at logger.py:129) 
2019-03-02 02:04:57,597 [D]  : : :pass:mug.c:13	(at logger.py:129) 
2019-03-02 02:04:57,597 [D]  : : :pass:mug.c:12	(at logger.py:129) 
2019-03-02 02:04:57,597 [D] -:F:n:WD_1:mug.c:11	(at logger.py:129) 
2019-03-02 02:04:57,597 [D] ┌:F:n:WD_2:mug.c:11	(at logger.py:129) 
2019-03-02 02:04:57,597 [D] └:F:n:WD_2:mug.c:10	(at logger.py:129) 
2019-03-02 02:04:57,597 [D] ┌:F:n:WD_3:mug.c:11	(at logger.py:129) 
2019-03-02 02:04:57,597 [D] |:F:n:WD_3:mug.c:10	(at logger.py:129) 
2019-03-02 02:04:57,598 [D] └:F:n:WD_3:mug.c:9	(at logger.py:129) 
2019-03-02 02:04:57,598 [D] -:F:n:WD_1:mug.c:10	(at logger.py:129) 
2019-03-02 02:04:57,598 [D] ┌:F:n:WD_2:mug.c:10	(at logger.py:129) 
2019-03-02 02:04:57,598 [D] └:F:n:WD_2:mug.c:9	(at logger.py:129) 
2019-03-02 02:04:57,598 [D] ┌:F:n:WD_3:mug.c:10	(at logger.py:129) 
2019-03-02 02:04:57,598 [D] |:F:n:WD_3:mug.c:9	(at logger.py:129) 
2019-03-02 02:04:57,598 [D] └:F:n:WD_3:mug.c:4	(at logger.py:129) 
2019-03-02 02:04:57,598 [D] -:F:n:WD_1:mug.c:9	(at logger.py:129) 
2019-03-02 02:04:57,598 [D] ┌:F:n:WD_2:mug.c:9	(at logger.py:129) 
2019-03-02 02:04:57,598 [D] └:F:n:WD_2:mug.c:4	(at logger.py:129) 
2019-03-02 02:04:57,598 [D] ┌:F:n:WD_3:mug.c:9	(at logger.py:129) 
2019-03-02 02:04:57,599 [D] |:F:n:WD_3:mug.c:4	(at logger.py:129) 
2019-03-02 02:04:57,599 [D] └:F:n:WD_3:mug.c:3	(at logger.py:129) 
2019-03-02 02:04:57,599 [D]  : : :pass:mug.c:8	(at logger.py:129) 
2019-03-02 02:04:57,599 [D]  : : :pass:mug.c:7	(at logger.py:129) 
2019-03-02 02:04:57,599 [D]  : : :pass:mug.c:6	(at logger.py:129) 
2019-03-02 02:04:57,599 [D]  : : :pass:mug.c:5	(at logger.py:129) 
2019-03-02 02:04:57,599 [D] -:F:n:WD_1:mug.c:4	(at logger.py:129) 
2019-03-02 02:04:57,599 [D] ┌:F:n:WD_2:mug.c:4	(at logger.py:129) 
2019-03-02 02:04:57,599 [D] └:F:n:WD_2:mug.c:3	(at logger.py:129) 
2019-03-02 02:04:57,599 [D] ┌:F:n:WD_3:mug.c:4	(at logger.py:129) 
2019-03-02 02:04:57,600 [D] └:F:n:WD_3:mug.c:3	(at logger.py:129) 
2019-03-02 02:04:57,600 [D] -:F:n:WD_1:mug.c:3	(at logger.py:129) 
2019-03-02 02:04:57,600 [D] -:F:n:WD_2:mug.c:3	(at logger.py:129) 
2019-03-02 02:04:57,600 [D] -:F:n:WD_3:mug.c:3	(at logger.py:129) 
2019-03-02 02:04:57,600 [D]  : : :pass:mug.c:2	(at logger.py:129) 
2019-03-02 02:04:57,600 [D]  : : :pass:mug.c:1	(at logger.py:129) 
2019-03-02 02:04:57,600 [D] comp_cached_cnt:31	(at logger.py:134) 
2019-03-02 02:04:57,600 [D] compile_cnt:50	(at logger.py:134) 
2019-03-02 02:04:57,600 [D] execute_cnt:1	(at logger.py:134) 
2019-03-02 02:04:57,600 [D] fail_del_cnt:18	(at logger.py:134) 
2019-03-02 02:04:57,600 [D] iter_idx:3	(at logger.py:134) 
2019-03-02 02:04:57,600 [D] reuse_cnt:17	(at logger.py:134) 
2019-03-02 02:04:57,600 [D] succ_del_cnt:0	(at logger.py:134) 
2019-03-02 02:04:57,601 [D] time:0.879406213760376	(at logger.py:134) 
2019-03-02 02:04:57,601 [D] deletion:38	(at logger.py:136) 
2019-03-02 02:04:57,601 [I] Iteration 3 finished	(at orbs.py:87) 
2019-03-02 02:04:57,601 [D] total_lines:65	(at logger.py:74) 
2019-03-02 02:04:57,601 [D] iteration_cnt:3	(at logger.py:75) 
2019-03-02 02:04:57,601 [D] comp_cached_cnt:38	(at logger.py:79) 
2019-03-02 02:04:57,601 [D] compile_cnt:282	(at logger.py:79) 
2019-03-02 02:04:57,601 [D] execute_cnt:43	(at logger.py:79) 
2019-03-02 02:04:57,601 [D] fail_del_cnt:56	(at logger.py:79) 
2019-03-02 02:04:57,601 [D] reuse_cnt:41	(at logger.py:79) 
2019-03-02 02:04:57,601 [D] succ_del_cnt:28	(at logger.py:79) 
2019-03-02 02:04:57,602 [D] time:8.210659980773926	(at logger.py:80) 
2019-03-02 02:04:57,602 [D] deletion:38	(at logger.py:82) 
2019-03-02 02:04:57,602 [I] ORBS fin.	(at orbs.py:91) 
2019-03-02 02:04:57,602 [I] ===== END - RUN ==============================================	(at main.py:95) 
2019-03-02 02:04:57,602 [I] 	(at main.py:96) 
