2019-01-26 01:23:15,361 [I] expr_path: /home/bohrok/Documents/DM/model/mbe/2hot/once_success	(at model.py:162) 
2019-01-26 01:23:17,594 [I] factor_size: 21	(at model.py:114) 
2019-01-26 01:23:17,595 [I] response_size: 16	(at model.py:115) 
2019-01-26 01:23:17,686 [I] Criteria path loaded (path:test/mbe/scripts/test/criteria)	(at model.py:45) 
2019-01-26 01:23:17,727 [I] unique response cnt: 4	(at model.py:173) 
2019-01-26 01:23:17,727 [I] 1 1 0 0 0 0 0 0 1 1 1 0 0 0 0 1	(at model.py:175) 
2019-01-26 01:23:17,727 [I] 1 0 0 0 0 0 0 0 0 0 0 0 0 0 0 0	(at model.py:175) 
2019-01-26 01:23:17,727 [I] 1 1 1 1 1 1 1 1 1 1 1 1 1 1 1 1	(at model.py:175) 
2019-01-26 01:23:17,728 [I] 1 1 0 0 0 0 0 0 0 0 0 0 0 0 0 0	(at model.py:175) 
2019-01-26 01:23:17,728 [I] Criterion ORBS:22:14:j (1): response_idx:2, vector_idx:23	(at model.py:128) 
2019-01-26 01:23:17,729 [I] inferred factor:
[0 0 0 0 0 0 0 0 0 0 1 0 1 0 0 0 0 0 0 0 1]	(at model.py:138) 
2019-01-26 01:23:20,994 [I] succ: True	(at model.py:143) 
2019-01-26 01:23:20,995 [I] response:
[1 1 1 1 1 1 1 1 1 1 1 1 1 1 1 1]	(at model.py:144) 
2019-01-26 01:23:20,995 [I] Criterion ORBS:24:15:k (2): response_idx:3, vector_idx:24	(at model.py:128) 
2019-01-26 01:23:20,996 [I] inferred factor:
[0 0 0 0 0 0 0 0 0 0 1 0 1 0 0 0 0 0 0 0 1]	(at model.py:138) 
2019-01-26 01:23:21,183 [I] succ: True	(at model.py:143) 
2019-01-26 01:23:21,184 [I] response:
[1 1 1 1 1 1 1 1 1 1 1 1 1 1 1 1]	(at model.py:144) 
2019-01-26 01:23:21,184 [I] Criterion ORBS:26:20:k (3): response_idx:4, vector_idx:25	(at model.py:128) 
2019-01-26 01:23:21,184 [I] inferred factor:
[0 0 0 0 0 0 0 0 0 0 1 0 1 0 0 0 0 0 0 0 1]	(at model.py:138) 
2019-01-26 01:23:21,437 [I] succ: True	(at model.py:143) 
2019-01-26 01:23:21,437 [I] response:
[1 1 1 1 1 1 1 1 1 1 1 1 1 1 1 1]	(at model.py:144) 
2019-01-26 01:23:21,438 [I] Criterion ORBS:26:13:k (4): response_idx:5, vector_idx:26	(at model.py:128) 
2019-01-26 01:23:21,438 [I] inferred factor:
[0 0 0 0 0 0 0 0 0 0 1 0 1 0 0 0 0 0 0 0 1]	(at model.py:138) 
2019-01-26 01:23:21,821 [I] succ: True	(at model.py:143) 
2019-01-26 01:23:21,822 [I] response:
[1 1 1 1 1 1 1 1 1 1 1 1 1 1 1 1]	(at model.py:144) 
2019-01-26 01:23:21,822 [I] Criterion ORBS:30:20:k (5): response_idx:6, vector_idx:27	(at model.py:128) 
2019-01-26 01:23:21,823 [I] inferred factor:
[0 0 0 0 0 0 0 0 0 0 1 0 1 0 0 0 0 0 0 0 1]	(at model.py:138) 
2019-01-26 01:23:22,071 [I] succ: True	(at model.py:143) 
2019-01-26 01:23:22,072 [I] response:
[1 1 1 1 1 1 1 1 1 1 1 1 1 1 1 1]	(at model.py:144) 
2019-01-26 01:23:22,072 [I] Criterion ORBS:30:13:k (6): response_idx:7, vector_idx:28	(at model.py:128) 
2019-01-26 01:23:22,073 [I] inferred factor:
[0 0 0 0 0 0 0 0 0 0 1 0 1 0 0 0 0 0 0 0 1]	(at model.py:138) 
2019-01-26 01:23:22,467 [I] succ: True	(at model.py:143) 
2019-01-26 01:23:22,467 [I] response:
[1 1 1 1 1 1 1 1 1 1 1 1 1 1 1 1]	(at model.py:144) 
2019-01-26 01:23:22,468 [I] Criterion ORBS:31:20:j (7): response_idx:8, vector_idx:29	(at model.py:128) 
2019-01-26 01:23:22,468 [I] inferred factor:
[0 1 0 0 0 1 1 0 1 0 1 0 1 0 1 1 0 1 1 0 1]	(at model.py:138) 
2019-01-26 01:23:22,708 [I] succ: True	(at model.py:143) 
2019-01-26 01:23:22,708 [I] response:
[1 1 0 0 0 0 0 0 1 1 1 0 0 0 0 1]	(at model.py:144) 
2019-01-26 01:23:22,709 [I] Criterion ORBS:31:13:j (8): response_idx:9, vector_idx:30	(at model.py:128) 
2019-01-26 01:23:22,709 [I] inferred factor:
[0 1 0 0 0 1 1 0 1 0 1 0 1 0 1 1 0 1 1 0 1]	(at model.py:138) 
2019-01-26 01:23:23,377 [I] succ: True	(at model.py:143) 
2019-01-26 01:23:23,378 [I] response:
[1 1 0 0 0 0 0 0 1 1 1 0 0 0 0 1]	(at model.py:144) 
2019-01-26 01:23:23,378 [I] Criterion ORBS:34:20:j (9): response_idx:10, vector_idx:31	(at model.py:128) 
2019-01-26 01:23:23,378 [I] inferred factor:
[0 1 0 0 0 1 1 0 1 0 1 0 1 0 1 1 0 1 1 0 1]	(at model.py:138) 
2019-01-26 01:23:23,762 [I] succ: True	(at model.py:143) 
2019-01-26 01:23:23,763 [I] response:
[1 1 0 0 0 0 0 0 1 1 1 0 0 0 0 1]	(at model.py:144) 
2019-01-26 01:23:23,763 [I] Criterion ORBS:39:8:j (10): response_idx:11, vector_idx:32	(at model.py:128) 
2019-01-26 01:23:23,763 [I] inferred factor:
[0 0 0 0 0 0 0 0 0 0 1 0 1 0 0 0 0 0 0 0 1]	(at model.py:138) 
2019-01-26 01:23:24,045 [I] succ: True	(at model.py:143) 
2019-01-26 01:23:24,045 [I] response:
[1 1 1 1 1 1 1 1 1 1 1 1 1 1 1 1]	(at model.py:144) 
2019-01-26 01:23:24,045 [I] Criterion ORBS:51:8:k (11): response_idx:12, vector_idx:33	(at model.py:128) 
2019-01-26 01:23:24,046 [I] inferred factor:
[0 0 0 0 0 0 0 0 0 0 1 0 1 0 0 0 0 0 0 0 1]	(at model.py:138) 
2019-01-26 01:23:24,392 [I] succ: True	(at model.py:143) 
2019-01-26 01:23:24,393 [I] response:
[1 1 1 1 1 1 1 1 1 1 1 1 1 1 1 1]	(at model.py:144) 
2019-01-26 01:23:24,393 [I] Criterion ORBS:61:12:k (12): response_idx:13, vector_idx:34	(at model.py:128) 
2019-01-26 01:23:24,393 [I] inferred factor:
[0 0 0 0 0 0 0 0 0 0 1 0 1 0 0 0 0 0 0 0 1]	(at model.py:138) 
2019-01-26 01:23:24,774 [I] succ: True	(at model.py:143) 
2019-01-26 01:23:24,774 [I] response:
[1 1 1 1 1 1 1 1 1 1 1 1 1 1 1 1]	(at model.py:144) 
2019-01-26 01:23:24,774 [I] Criterion ORBS:66:12:k (13): response_idx:14, vector_idx:35	(at model.py:128) 
2019-01-26 01:23:24,775 [I] inferred factor:
[0 0 0 0 0 0 0 0 0 0 1 0 1 0 0 0 0 0 0 0 1]	(at model.py:138) 
2019-01-26 01:23:25,002 [I] succ: True	(at model.py:143) 
2019-01-26 01:23:25,003 [I] response:
[1 1 1 1 1 1 1 1 1 1 1 1 1 1 1 1]	(at model.py:144) 
2019-01-26 01:23:25,003 [I] Criterion ORBS:71:12:j (14): response_idx:15, vector_idx:36	(at model.py:128) 
2019-01-26 01:23:25,003 [I] inferred factor:
[0 1 0 0 0 1 1 0 1 0 1 0 1 0 1 1 0 1 1 0 1]	(at model.py:138) 
2019-01-26 01:23:25,237 [I] succ: True	(at model.py:143) 
2019-01-26 01:23:25,238 [I] response:
[1 1 0 0 0 0 0 0 1 1 1 0 0 0 0 1]	(at model.py:144) 
2019-01-26 01:23:25,238 [I] success rate: 1.0	(at model.py:184) 
