2019-03-02 02:01:55,751 [D] -:F:n:WD_1:wc.c:48	(at logger.py:129) 
2019-03-02 02:01:55,763 [D] ┌:F:n:WD_2:wc.c:48	(at logger.py:129) 
2019-03-02 02:01:55,763 [D] └:F:n:WD_2:wc.c:34	(at logger.py:129) 
2019-03-02 02:01:55,774 [D] ┌:F:n:WD_3:wc.c:48	(at logger.py:129) 
2019-03-02 02:01:55,774 [D] |:F:n:WD_3:wc.c:34	(at logger.py:129) 
2019-03-02 02:01:55,774 [D] └:F:n:WD_3:wc.c:16	(at logger.py:129) 
2019-03-02 02:01:55,774 [D]  : : :pass:wc.c:47	(at logger.py:129) 
2019-03-02 02:01:55,774 [D]  : : :pass:wc.c:46	(at logger.py:129) 
2019-03-02 02:01:55,775 [D]  : : :pass:wc.c:45	(at logger.py:129) 
2019-03-02 02:01:55,775 [D]  : : :pass:wc.c:44	(at logger.py:129) 
2019-03-02 02:01:55,775 [D]  : : :pass:wc.c:43	(at logger.py:129) 
2019-03-02 02:01:55,775 [D]  : : :pass:wc.c:42	(at logger.py:129) 
2019-03-02 02:01:55,775 [D]  : : :pass:wc.c:41	(at logger.py:129) 
2019-03-02 02:01:55,775 [D]  : : :pass:wc.c:40	(at logger.py:129) 
2019-03-02 02:01:55,775 [D]  : : :pass:wc.c:39	(at logger.py:129) 
2019-03-02 02:01:55,775 [D]  : : :pass:wc.c:38	(at logger.py:129) 
2019-03-02 02:01:55,775 [D]  : : :pass:wc.c:37	(at logger.py:129) 
2019-03-02 02:01:55,775 [D]  : : :pass:wc.c:36	(at logger.py:129) 
2019-03-02 02:01:55,775 [D]  : : :pass:wc.c:35	(at logger.py:129) 
2019-03-02 02:01:55,776 [D] -:F:n:WD_1:wc.c:34	(at logger.py:129) 
2019-03-02 02:01:55,809 [D] ┌:P:c:WD_2:wc.c:34	(at logger.py:129) 
2019-03-02 02:01:55,810 [D] └:P:c:WD_2:wc.c:16	(at logger.py:129) 
2019-03-02 02:01:55,810 [D]  : : :pass:wc.c:33	(at logger.py:129) 
2019-03-02 02:01:55,810 [D]  : : :pass:wc.c:32	(at logger.py:129) 
2019-03-02 02:01:55,810 [D]  : : :pass:wc.c:31	(at logger.py:129) 
2019-03-02 02:01:55,810 [D]  : : :pass:wc.c:30	(at logger.py:129) 
2019-03-02 02:01:55,810 [D]  : : :pass:wc.c:29	(at logger.py:129) 
2019-03-02 02:01:55,810 [D]  : : :pass:wc.c:28	(at logger.py:129) 
2019-03-02 02:01:55,810 [D]  : : :pass:wc.c:27	(at logger.py:129) 
2019-03-02 02:01:55,810 [D]  : : :pass:wc.c:26	(at logger.py:129) 
2019-03-02 02:01:55,810 [D]  : : :pass:wc.c:25	(at logger.py:129) 
2019-03-02 02:01:55,810 [D]  : : :pass:wc.c:24	(at logger.py:129) 
2019-03-02 02:01:55,810 [D]  : : :pass:wc.c:23	(at logger.py:129) 
2019-03-02 02:01:55,810 [D]  : : :pass:wc.c:22	(at logger.py:129) 
2019-03-02 02:01:55,810 [D]  : : :pass:wc.c:21	(at logger.py:129) 
2019-03-02 02:01:55,810 [D]  : : :pass:wc.c:20	(at logger.py:129) 
2019-03-02 02:01:55,810 [D]  : : :pass:wc.c:19	(at logger.py:129) 
2019-03-02 02:01:55,810 [D]  : : :pass:wc.c:18	(at logger.py:129) 
2019-03-02 02:01:55,810 [D]  : : :pass:wc.c:17	(at logger.py:129) 
2019-03-02 02:01:55,811 [D]  : : :pass:wc.c:16	(at logger.py:129) 
2019-03-02 02:01:55,811 [D]  : : :pass:wc.c:15	(at logger.py:129) 
2019-03-02 02:01:55,811 [D]  : : :pass:wc.c:14	(at logger.py:129) 
2019-03-02 02:01:55,811 [D]  : : :pass:wc.c:13	(at logger.py:129) 
2019-03-02 02:01:55,843 [D] -:C:c:WD_1:wc.c:12	(at logger.py:129) 
2019-03-02 02:01:55,874 [D] ┌:C:c:WD_2:wc.c:12	(at logger.py:129) 
2019-03-02 02:01:55,874 [D] └:C:c:WD_2:wc.c:7	(at logger.py:129) 
2019-03-02 02:01:55,884 [D] ┌:F:n:WD_3:wc.c:12	(at logger.py:129) 
2019-03-02 02:01:55,884 [D] |:F:n:WD_3:wc.c:7	(at logger.py:129) 
2019-03-02 02:01:55,884 [D] └:F:n:WD_3:wc.c:4	(at logger.py:129) 
2019-03-02 02:01:55,885 [D]  : : :pass:wc.c:11	(at logger.py:129) 
2019-03-02 02:01:55,885 [D]  : : :pass:wc.c:10	(at logger.py:129) 
2019-03-02 02:01:55,885 [D]  : : :pass:wc.c:9	(at logger.py:129) 
2019-03-02 02:01:55,885 [D]  : : :pass:wc.c:8	(at logger.py:129) 
2019-03-02 02:01:55,897 [D] -:F:n:WD_1:wc.c:7	(at logger.py:129) 
2019-03-02 02:01:55,907 [D] ┌:F:n:WD_2:wc.c:7	(at logger.py:129) 
2019-03-02 02:01:55,907 [D] └:F:n:WD_2:wc.c:4	(at logger.py:129) 
2019-03-02 02:01:55,918 [D] ┌:F:n:WD_3:wc.c:7	(at logger.py:129) 
2019-03-02 02:01:55,918 [D] |:F:n:WD_3:wc.c:4	(at logger.py:129) 
2019-03-02 02:01:55,918 [D] └:F:n:WD_3:wc.c:3	(at logger.py:129) 
2019-03-02 02:01:55,918 [D]  : : :pass:wc.c:6	(at logger.py:129) 
2019-03-02 02:01:55,918 [D]  : : :pass:wc.c:5	(at logger.py:129) 
2019-03-02 02:01:55,930 [D] -:F:n:WD_1:wc.c:4	(at logger.py:129) 
2019-03-02 02:01:55,943 [D] ┌:F:n:WD_2:wc.c:4	(at logger.py:129) 
2019-03-02 02:01:55,943 [D] └:F:n:WD_2:wc.c:3	(at logger.py:129) 
2019-03-02 02:01:55,943 [D] ┌:F:n:WD_3:wc.c:4	(at logger.py:129) 
2019-03-02 02:01:55,943 [D] └:F:n:WD_3:wc.c:3	(at logger.py:129) 
2019-03-02 02:01:55,952 [D] -:F:n:WD_1:wc.c:3	(at logger.py:129) 
2019-03-02 02:01:55,953 [D] -:F:n:WD_2:wc.c:3	(at logger.py:129) 
2019-03-02 02:01:55,953 [D] -:F:n:WD_3:wc.c:3	(at logger.py:129) 
2019-03-02 02:01:55,953 [D]  : : :pass:wc.c:2	(at logger.py:129) 
2019-03-02 02:01:55,953 [D]  : : :pass:wc.c:1	(at logger.py:129) 
2019-03-02 02:01:55,953 [D] comp_cached_cnt:4	(at logger.py:134) 
2019-03-02 02:01:55,953 [D] compile_cnt:13	(at logger.py:134) 
2019-03-02 02:01:55,953 [D] execute_cnt:0	(at logger.py:134) 
2019-03-02 02:01:55,953 [D] fail_del_cnt:2	(at logger.py:134) 
2019-03-02 02:01:55,953 [D] iter_idx:4	(at logger.py:134) 
2019-03-02 02:01:55,953 [D] reuse_cnt:3	(at logger.py:134) 
2019-03-02 02:01:55,953 [D] succ_del_cnt:1	(at logger.py:134) 
2019-03-02 02:01:55,953 [D] time:0.21398591995239258	(at logger.py:134) 
2019-03-02 02:01:55,953 [D] deletion:43	(at logger.py:136) 
