2019-02-12 21:30:06,849 [D] -:F:n:WD_1:mbe.c:79	(at logger.py:129) 
2019-02-12 21:30:06,865 [D] ┌:F:n:WD_2:mbe.c:79	(at logger.py:129) 
2019-02-12 21:30:06,866 [D] └:F:n:WD_2:mbe.c:78	(at logger.py:129) 
2019-02-12 21:30:06,885 [D] ┌:F:n:WD_3:mbe.c:79	(at logger.py:129) 
2019-02-12 21:30:06,885 [D] |:F:n:WD_3:mbe.c:78	(at logger.py:129) 
2019-02-12 21:30:06,885 [D] └:F:n:WD_3:mbe.c:77	(at logger.py:129) 
2019-02-12 21:30:06,934 [D] -:P:n:WD_1:mbe.c:78	(at logger.py:129) 
2019-02-12 21:30:06,953 [D] -:F:n:WD_1:mbe.c:77	(at logger.py:129) 
2019-02-12 21:30:06,969 [D] ┌:F:n:WD_2:mbe.c:77	(at logger.py:129) 
2019-02-12 21:30:06,969 [D] └:F:n:WD_2:mbe.c:76	(at logger.py:129) 
2019-02-12 21:30:06,986 [D] ┌:F:n:WD_3:mbe.c:77	(at logger.py:129) 
2019-02-12 21:30:06,986 [D] |:F:n:WD_3:mbe.c:76	(at logger.py:129) 
2019-02-12 21:30:06,986 [D] └:F:n:WD_3:mbe.c:75	(at logger.py:129) 
2019-02-12 21:30:07,003 [D] -:F:n:WD_1:mbe.c:76	(at logger.py:129) 
2019-02-12 21:30:07,029 [D] ┌:F:n:WD_2:mbe.c:76	(at logger.py:129) 
2019-02-12 21:30:07,029 [D] └:F:n:WD_2:mbe.c:75	(at logger.py:129) 
2019-02-12 21:30:07,053 [D] ┌:F:n:WD_3:mbe.c:76	(at logger.py:129) 
2019-02-12 21:30:07,053 [D] |:F:n:WD_3:mbe.c:75	(at logger.py:129) 
2019-02-12 21:30:07,053 [D] └:F:n:WD_3:mbe.c:74	(at logger.py:129) 
2019-02-12 21:30:07,095 [D] -:P:c:WD_1:mbe.c:75	(at logger.py:129) 
2019-02-12 21:30:07,114 [D] -:F:n:WD_1:mbe.c:74	(at logger.py:129) 
2019-02-12 21:30:07,132 [D] ┌:F:n:WD_2:mbe.c:74	(at logger.py:129) 
2019-02-12 21:30:07,132 [D] └:F:n:WD_2:mbe.c:73	(at logger.py:129) 
2019-02-12 21:30:07,148 [D] ┌:F:n:WD_3:mbe.c:74	(at logger.py:129) 
2019-02-12 21:30:07,148 [D] |:F:n:WD_3:mbe.c:73	(at logger.py:129) 
2019-02-12 21:30:07,148 [D] └:F:n:WD_3:mbe.c:72	(at logger.py:129) 
2019-02-12 21:30:08,191 [D] -:C:n:WD_1:mbe.c:73	(at logger.py:129) 
2019-02-12 21:30:08,206 [D] ┌:F:n:WD_2:mbe.c:73	(at logger.py:129) 
2019-02-12 21:30:08,207 [D] └:F:n:WD_2:mbe.c:72	(at logger.py:129) 
2019-02-12 21:30:08,222 [D] ┌:F:n:WD_3:mbe.c:73	(at logger.py:129) 
2019-02-12 21:30:08,222 [D] |:F:n:WD_3:mbe.c:72	(at logger.py:129) 
2019-02-12 21:30:08,222 [D] └:F:n:WD_3:mbe.c:71	(at logger.py:129) 
2019-02-12 21:30:08,239 [D] -:F:n:WD_1:mbe.c:72	(at logger.py:129) 
2019-02-12 21:30:08,259 [D] ┌:F:n:WD_2:mbe.c:72	(at logger.py:129) 
2019-02-12 21:30:08,259 [D] └:F:n:WD_2:mbe.c:71	(at logger.py:129) 
2019-02-12 21:30:08,281 [D] ┌:F:n:WD_3:mbe.c:72	(at logger.py:129) 
2019-02-12 21:30:08,281 [D] |:F:n:WD_3:mbe.c:71	(at logger.py:129) 
2019-02-12 21:30:08,281 [D] └:F:n:WD_3:mbe.c:70	(at logger.py:129) 
2019-02-12 21:30:08,309 [D] -:F:n:WD_1:mbe.c:71	(at logger.py:129) 
2019-02-12 21:30:08,329 [D] ┌:F:n:WD_2:mbe.c:71	(at logger.py:129) 
2019-02-12 21:30:08,329 [D] └:F:n:WD_2:mbe.c:70	(at logger.py:129) 
2019-02-12 21:30:08,345 [D] ┌:F:n:WD_3:mbe.c:71	(at logger.py:129) 
2019-02-12 21:30:08,345 [D] |:F:n:WD_3:mbe.c:70	(at logger.py:129) 
2019-02-12 21:30:08,345 [D] └:F:n:WD_3:mbe.c:69	(at logger.py:129) 
2019-02-12 21:30:08,384 [D] -:P:c:WD_1:mbe.c:70	(at logger.py:129) 
2019-02-12 21:30:08,402 [D] -:F:n:WD_1:mbe.c:69	(at logger.py:129) 
2019-02-12 21:30:08,423 [D] ┌:F:n:WD_2:mbe.c:69	(at logger.py:129) 
2019-02-12 21:30:08,423 [D] └:F:n:WD_2:mbe.c:68	(at logger.py:129) 
2019-02-12 21:30:08,444 [D] ┌:F:n:WD_3:mbe.c:69	(at logger.py:129) 
2019-02-12 21:30:08,444 [D] |:F:n:WD_3:mbe.c:68	(at logger.py:129) 
2019-02-12 21:30:08,444 [D] └:F:n:WD_3:mbe.c:67	(at logger.py:129) 
2019-02-12 21:30:08,518 [D] -:P:n:WD_1:mbe.c:68	(at logger.py:129) 
2019-02-12 21:30:08,534 [D] -:F:n:WD_1:mbe.c:67	(at logger.py:129) 
2019-02-12 21:30:08,550 [D] ┌:F:n:WD_2:mbe.c:67	(at logger.py:129) 
2019-02-12 21:30:08,550 [D] └:F:n:WD_2:mbe.c:66	(at logger.py:129) 
2019-02-12 21:30:08,566 [D] ┌:F:n:WD_3:mbe.c:67	(at logger.py:129) 
2019-02-12 21:30:08,566 [D] |:F:n:WD_3:mbe.c:66	(at logger.py:129) 
2019-02-12 21:30:08,566 [D] └:F:n:WD_3:mbe.c:65	(at logger.py:129) 
2019-02-12 21:30:08,586 [D] -:F:n:WD_1:mbe.c:66	(at logger.py:129) 
2019-02-12 21:30:08,605 [D] ┌:F:n:WD_2:mbe.c:66	(at logger.py:129) 
2019-02-12 21:30:08,605 [D] └:F:n:WD_2:mbe.c:65	(at logger.py:129) 
2019-02-12 21:30:08,626 [D] ┌:F:n:WD_3:mbe.c:66	(at logger.py:129) 
2019-02-12 21:30:08,626 [D] |:F:n:WD_3:mbe.c:65	(at logger.py:129) 
2019-02-12 21:30:08,626 [D] └:F:n:WD_3:mbe.c:64	(at logger.py:129) 
2019-02-12 21:30:08,668 [D] -:P:c:WD_1:mbe.c:65	(at logger.py:129) 
2019-02-12 21:30:08,691 [D] -:F:n:WD_1:mbe.c:64	(at logger.py:129) 
2019-02-12 21:30:08,709 [D] ┌:F:n:WD_2:mbe.c:64	(at logger.py:129) 
2019-02-12 21:30:08,709 [D] └:F:n:WD_2:mbe.c:63	(at logger.py:129) 
2019-02-12 21:30:08,728 [D] ┌:F:n:WD_3:mbe.c:64	(at logger.py:129) 
2019-02-12 21:30:08,728 [D] |:F:n:WD_3:mbe.c:63	(at logger.py:129) 
2019-02-12 21:30:08,728 [D] └:F:n:WD_3:mbe.c:62	(at logger.py:129) 
2019-02-12 21:30:09,782 [D] -:C:n:WD_1:mbe.c:63	(at logger.py:129) 
2019-02-12 21:30:09,932 [D] ┌:F:n:WD_2:mbe.c:63	(at logger.py:129) 
2019-02-12 21:30:09,932 [D] └:F:n:WD_2:mbe.c:62	(at logger.py:129) 
2019-02-12 21:30:10,309 [D] ┌:F:n:WD_3:mbe.c:63	(at logger.py:129) 
2019-02-12 21:30:10,309 [D] |:F:n:WD_3:mbe.c:62	(at logger.py:129) 
2019-02-12 21:30:10,309 [D] └:F:n:WD_3:mbe.c:61	(at logger.py:129) 
2019-02-12 21:30:10,447 [D] -:F:n:WD_1:mbe.c:62	(at logger.py:129) 
2019-02-12 21:30:10,665 [D] ┌:F:n:WD_2:mbe.c:62	(at logger.py:129) 
2019-02-12 21:30:10,665 [D] └:F:n:WD_2:mbe.c:61	(at logger.py:129) 
2019-02-12 21:30:10,948 [D] ┌:F:n:WD_3:mbe.c:62	(at logger.py:129) 
2019-02-12 21:30:10,948 [D] |:F:n:WD_3:mbe.c:61	(at logger.py:129) 
2019-02-12 21:30:10,948 [D] └:F:n:WD_3:mbe.c:60	(at logger.py:129) 
2019-02-12 21:30:11,176 [D] -:F:n:WD_1:mbe.c:61	(at logger.py:129) 
2019-02-12 21:30:11,379 [D] ┌:F:n:WD_2:mbe.c:61	(at logger.py:129) 
2019-02-12 21:30:11,379 [D] └:F:n:WD_2:mbe.c:60	(at logger.py:129) 
2019-02-12 21:30:11,406 [D] ┌:F:n:WD_3:mbe.c:61	(at logger.py:129) 
2019-02-12 21:30:11,406 [D] |:F:n:WD_3:mbe.c:60	(at logger.py:129) 
2019-02-12 21:30:11,406 [D] └:F:n:WD_3:mbe.c:59	(at logger.py:129) 
2019-02-12 21:30:11,449 [D] -:P:c:WD_1:mbe.c:60	(at logger.py:129) 
2019-02-12 21:30:11,469 [D] -:F:n:WD_1:mbe.c:59	(at logger.py:129) 
2019-02-12 21:30:11,492 [D] ┌:F:n:WD_2:mbe.c:59	(at logger.py:129) 
2019-02-12 21:30:11,492 [D] └:F:n:WD_2:mbe.c:58	(at logger.py:129) 
2019-02-12 21:30:11,517 [D] ┌:F:n:WD_3:mbe.c:59	(at logger.py:129) 
2019-02-12 21:30:11,517 [D] |:F:n:WD_3:mbe.c:58	(at logger.py:129) 
2019-02-12 21:30:11,517 [D] └:F:n:WD_3:mbe.c:57	(at logger.py:129) 
2019-02-12 21:30:12,573 [D] -:C:n:WD_1:mbe.c:58	(at logger.py:129) 
2019-02-12 21:30:12,614 [D] ┌:C:c:WD_2:mbe.c:58	(at logger.py:129) 
2019-02-12 21:30:12,614 [D] └:C:c:WD_2:mbe.c:57	(at logger.py:129) 
2019-02-12 21:30:12,634 [D] ┌:F:n:WD_3:mbe.c:58	(at logger.py:129) 
2019-02-12 21:30:12,634 [D] |:F:n:WD_3:mbe.c:57	(at logger.py:129) 
2019-02-12 21:30:12,634 [D] └:F:n:WD_3:mbe.c:56	(at logger.py:129) 
2019-02-12 21:30:12,676 [D] -:P:c:WD_1:mbe.c:57	(at logger.py:129) 
2019-02-12 21:30:12,695 [D] -:F:n:WD_1:mbe.c:56	(at logger.py:129) 
2019-02-12 21:30:12,715 [D] ┌:F:n:WD_2:mbe.c:56	(at logger.py:129) 
2019-02-12 21:30:12,715 [D] └:F:n:WD_2:mbe.c:55	(at logger.py:129) 
2019-02-12 21:30:12,777 [D] ┌:P:n:WD_3:mbe.c:56	(at logger.py:129) 
2019-02-12 21:30:12,777 [D] |:P:n:WD_3:mbe.c:55	(at logger.py:129) 
2019-02-12 21:30:12,777 [D] └:P:n:WD_3:mbe.c:54	(at logger.py:129) 
2019-02-12 21:30:12,777 [D]  : : :pass:mbe.c:55	(at logger.py:129) 
2019-02-12 21:30:12,778 [D]  : : :pass:mbe.c:54	(at logger.py:129) 
2019-02-12 21:30:12,838 [D] -:P:n:WD_1:mbe.c:53	(at logger.py:129) 
2019-02-12 21:30:12,860 [D] -:F:n:WD_1:mbe.c:52	(at logger.py:129) 
2019-02-12 21:30:12,879 [D] ┌:F:n:WD_2:mbe.c:52	(at logger.py:129) 
2019-02-12 21:30:12,879 [D] └:F:n:WD_2:mbe.c:51	(at logger.py:129) 
2019-02-12 21:30:12,898 [D] ┌:F:n:WD_3:mbe.c:52	(at logger.py:129) 
2019-02-12 21:30:12,899 [D] |:F:n:WD_3:mbe.c:51	(at logger.py:129) 
2019-02-12 21:30:12,899 [D] └:F:n:WD_3:mbe.c:50	(at logger.py:129) 
2019-02-12 21:30:12,918 [D] -:F:n:WD_1:mbe.c:51	(at logger.py:129) 
2019-02-12 21:30:12,938 [D] ┌:F:n:WD_2:mbe.c:51	(at logger.py:129) 
2019-02-12 21:30:12,938 [D] └:F:n:WD_2:mbe.c:50	(at logger.py:129) 
2019-02-12 21:30:12,958 [D] ┌:F:n:WD_3:mbe.c:51	(at logger.py:129) 
2019-02-12 21:30:12,958 [D] |:F:n:WD_3:mbe.c:50	(at logger.py:129) 
2019-02-12 21:30:12,958 [D] └:F:n:WD_3:mbe.c:49	(at logger.py:129) 
2019-02-12 21:30:13,005 [D] -:P:c:WD_1:mbe.c:50	(at logger.py:129) 
2019-02-12 21:30:13,025 [D] -:F:n:WD_1:mbe.c:49	(at logger.py:129) 
2019-02-12 21:30:13,044 [D] ┌:F:n:WD_2:mbe.c:49	(at logger.py:129) 
2019-02-12 21:30:13,044 [D] └:F:n:WD_2:mbe.c:48	(at logger.py:129) 
2019-02-12 21:30:13,063 [D] ┌:F:n:WD_3:mbe.c:49	(at logger.py:129) 
2019-02-12 21:30:13,063 [D] |:F:n:WD_3:mbe.c:48	(at logger.py:129) 
2019-02-12 21:30:13,063 [D] └:F:n:WD_3:mbe.c:47	(at logger.py:129) 
2019-02-12 21:30:13,084 [D] -:F:n:WD_1:mbe.c:48	(at logger.py:129) 
2019-02-12 21:30:13,103 [D] ┌:F:n:WD_2:mbe.c:48	(at logger.py:129) 
2019-02-12 21:30:13,103 [D] └:F:n:WD_2:mbe.c:47	(at logger.py:129) 
2019-02-12 21:30:13,122 [D] ┌:F:n:WD_3:mbe.c:48	(at logger.py:129) 
2019-02-12 21:30:13,123 [D] |:F:n:WD_3:mbe.c:47	(at logger.py:129) 
2019-02-12 21:30:13,123 [D] └:F:n:WD_3:mbe.c:46	(at logger.py:129) 
2019-02-12 21:30:14,178 [D] -:C:n:WD_1:mbe.c:47	(at logger.py:129) 
2019-02-12 21:30:14,196 [D] ┌:F:n:WD_2:mbe.c:47	(at logger.py:129) 
2019-02-12 21:30:14,196 [D] └:F:n:WD_2:mbe.c:46	(at logger.py:129) 
2019-02-12 21:30:14,217 [D] ┌:F:n:WD_3:mbe.c:47	(at logger.py:129) 
2019-02-12 21:30:14,217 [D] |:F:n:WD_3:mbe.c:46	(at logger.py:129) 
2019-02-12 21:30:14,217 [D] └:F:n:WD_3:mbe.c:45	(at logger.py:129) 
2019-02-12 21:30:14,236 [D] -:F:n:WD_1:mbe.c:46	(at logger.py:129) 
2019-02-12 21:30:14,257 [D] ┌:F:n:WD_2:mbe.c:46	(at logger.py:129) 
2019-02-12 21:30:14,257 [D] └:F:n:WD_2:mbe.c:45	(at logger.py:129) 
2019-02-12 21:30:14,314 [D] ┌:C:c:WD_3:mbe.c:46	(at logger.py:129) 
2019-02-12 21:30:14,315 [D] |:C:c:WD_3:mbe.c:45	(at logger.py:129) 
2019-02-12 21:30:14,315 [D] └:C:c:WD_3:mbe.c:44	(at logger.py:129) 
2019-02-12 21:30:14,374 [D] -:P:c:WD_1:mbe.c:45	(at logger.py:129) 
2019-02-12 21:30:14,396 [D] -:F:n:WD_1:mbe.c:44	(at logger.py:129) 
2019-02-12 21:30:14,418 [D] ┌:F:n:WD_2:mbe.c:44	(at logger.py:129) 
2019-02-12 21:30:14,418 [D] └:F:n:WD_2:mbe.c:43	(at logger.py:129) 
2019-02-12 21:30:14,493 [D] ┌:C:n:WD_3:mbe.c:44	(at logger.py:129) 
2019-02-12 21:30:14,493 [D] |:C:n:WD_3:mbe.c:43	(at logger.py:129) 
2019-02-12 21:30:14,493 [D] └:C:n:WD_3:mbe.c:42	(at logger.py:129) 
2019-02-12 21:30:14,564 [D] -:C:n:WD_1:mbe.c:43	(at logger.py:129) 
2019-02-12 21:30:14,584 [D] ┌:F:n:WD_2:mbe.c:43	(at logger.py:129) 
2019-02-12 21:30:14,584 [D] └:F:n:WD_2:mbe.c:42	(at logger.py:129) 
2019-02-12 21:30:14,604 [D] ┌:F:n:WD_3:mbe.c:43	(at logger.py:129) 
2019-02-12 21:30:14,604 [D] |:F:n:WD_3:mbe.c:42	(at logger.py:129) 
2019-02-12 21:30:14,604 [D] └:F:n:WD_3:mbe.c:41	(at logger.py:129) 
2019-02-12 21:30:14,624 [D] -:F:n:WD_1:mbe.c:42	(at logger.py:129) 
2019-02-12 21:30:14,645 [D] ┌:F:n:WD_2:mbe.c:42	(at logger.py:129) 
2019-02-12 21:30:14,645 [D] └:F:n:WD_2:mbe.c:41	(at logger.py:129) 
2019-02-12 21:30:14,666 [D] ┌:F:n:WD_3:mbe.c:42	(at logger.py:129) 
2019-02-12 21:30:14,667 [D] |:F:n:WD_3:mbe.c:41	(at logger.py:129) 
2019-02-12 21:30:14,667 [D] └:F:n:WD_3:mbe.c:40	(at logger.py:129) 
2019-02-12 21:30:15,719 [D] -:C:n:WD_1:mbe.c:41	(at logger.py:129) 
2019-02-12 21:30:15,736 [D] ┌:F:n:WD_2:mbe.c:41	(at logger.py:129) 
2019-02-12 21:30:15,736 [D] └:F:n:WD_2:mbe.c:40	(at logger.py:129) 
2019-02-12 21:30:15,756 [D] ┌:F:n:WD_3:mbe.c:41	(at logger.py:129) 
2019-02-12 21:30:15,756 [D] |:F:n:WD_3:mbe.c:40	(at logger.py:129) 
2019-02-12 21:30:15,756 [D] └:F:n:WD_3:mbe.c:39	(at logger.py:129) 
2019-02-12 21:30:15,778 [D] -:F:n:WD_1:mbe.c:40	(at logger.py:129) 
2019-02-12 21:30:15,801 [D] ┌:F:n:WD_2:mbe.c:40	(at logger.py:129) 
2019-02-12 21:30:15,801 [D] └:F:n:WD_2:mbe.c:39	(at logger.py:129) 
2019-02-12 21:30:15,824 [D] ┌:F:n:WD_3:mbe.c:40	(at logger.py:129) 
2019-02-12 21:30:15,824 [D] |:F:n:WD_3:mbe.c:39	(at logger.py:129) 
2019-02-12 21:30:15,824 [D] └:F:n:WD_3:mbe.c:38	(at logger.py:129) 
2019-02-12 21:30:15,845 [D] -:F:n:WD_1:mbe.c:39	(at logger.py:129) 
2019-02-12 21:30:15,864 [D] ┌:F:n:WD_2:mbe.c:39	(at logger.py:129) 
2019-02-12 21:30:15,865 [D] └:F:n:WD_2:mbe.c:38	(at logger.py:129) 
2019-02-12 21:30:15,885 [D] ┌:F:n:WD_3:mbe.c:39	(at logger.py:129) 
2019-02-12 21:30:15,885 [D] |:F:n:WD_3:mbe.c:38	(at logger.py:129) 
2019-02-12 21:30:15,885 [D] └:F:n:WD_3:mbe.c:37	(at logger.py:129) 
2019-02-12 21:30:15,930 [D] -:P:c:WD_1:mbe.c:38	(at logger.py:129) 
2019-02-12 21:30:15,950 [D] -:F:n:WD_1:mbe.c:37	(at logger.py:129) 
2019-02-12 21:30:15,969 [D] ┌:F:n:WD_2:mbe.c:37	(at logger.py:129) 
2019-02-12 21:30:15,969 [D] └:F:n:WD_2:mbe.c:36	(at logger.py:129) 
2019-02-12 21:30:15,989 [D] ┌:F:n:WD_3:mbe.c:37	(at logger.py:129) 
2019-02-12 21:30:15,989 [D] |:F:n:WD_3:mbe.c:36	(at logger.py:129) 
2019-02-12 21:30:15,989 [D] └:F:n:WD_3:mbe.c:35	(at logger.py:129) 
2019-02-12 21:30:16,065 [D] -:P:n:WD_1:mbe.c:36	(at logger.py:129) 
2019-02-12 21:30:16,086 [D] -:F:n:WD_1:mbe.c:35	(at logger.py:129) 
2019-02-12 21:30:16,105 [D] ┌:F:n:WD_2:mbe.c:35	(at logger.py:129) 
2019-02-12 21:30:16,105 [D] └:F:n:WD_2:mbe.c:34	(at logger.py:129) 
2019-02-12 21:30:16,125 [D] ┌:F:n:WD_3:mbe.c:35	(at logger.py:129) 
2019-02-12 21:30:16,125 [D] |:F:n:WD_3:mbe.c:34	(at logger.py:129) 
2019-02-12 21:30:16,126 [D] └:F:n:WD_3:mbe.c:33	(at logger.py:129) 
2019-02-12 21:30:16,146 [D] -:F:n:WD_1:mbe.c:34	(at logger.py:129) 
2019-02-12 21:30:16,166 [D] ┌:F:n:WD_2:mbe.c:34	(at logger.py:129) 
2019-02-12 21:30:16,166 [D] └:F:n:WD_2:mbe.c:33	(at logger.py:129) 
2019-02-12 21:30:16,292 [D] ┌:F:n:WD_3:mbe.c:34	(at logger.py:129) 
2019-02-12 21:30:16,292 [D] |:F:n:WD_3:mbe.c:33	(at logger.py:129) 
2019-02-12 21:30:16,292 [D] └:F:n:WD_3:mbe.c:32	(at logger.py:129) 
2019-02-12 21:30:16,582 [D] -:P:c:WD_1:mbe.c:33	(at logger.py:129) 
2019-02-12 21:30:16,935 [D] -:C:n:WD_1:mbe.c:32	(at logger.py:129) 
2019-02-12 21:30:18,502 [D] ┌:C:n:WD_2:mbe.c:32	(at logger.py:129) 
2019-02-12 21:30:18,502 [D] └:C:n:WD_2:mbe.c:31	(at logger.py:129) 
2019-02-12 21:30:19,553 [D] ┌:C:n:WD_3:mbe.c:32	(at logger.py:129) 
2019-02-12 21:30:19,553 [D] |:C:n:WD_3:mbe.c:31	(at logger.py:129) 
2019-02-12 21:30:19,553 [D] └:C:n:WD_3:mbe.c:30	(at logger.py:129) 
2019-02-12 21:30:20,598 [D] -:C:n:WD_1:mbe.c:31	(at logger.py:129) 
2019-02-12 21:30:21,656 [D] ┌:C:n:WD_2:mbe.c:31	(at logger.py:129) 
2019-02-12 21:30:21,657 [D] └:C:n:WD_2:mbe.c:30	(at logger.py:129) 
2019-02-12 21:30:21,674 [D] ┌:F:n:WD_3:mbe.c:31	(at logger.py:129) 
2019-02-12 21:30:21,674 [D] |:F:n:WD_3:mbe.c:30	(at logger.py:129) 
2019-02-12 21:30:21,674 [D] └:F:n:WD_3:mbe.c:29	(at logger.py:129) 
2019-02-12 21:30:21,742 [D] -:P:n:WD_1:mbe.c:30	(at logger.py:129) 
2019-02-12 21:30:21,766 [D] -:F:n:WD_1:mbe.c:29	(at logger.py:129) 
2019-02-12 21:30:21,787 [D] ┌:F:n:WD_2:mbe.c:29	(at logger.py:129) 
2019-02-12 21:30:21,787 [D] └:F:n:WD_2:mbe.c:28	(at logger.py:129) 
2019-02-12 21:30:22,842 [D] ┌:C:n:WD_3:mbe.c:29	(at logger.py:129) 
2019-02-12 21:30:22,842 [D] |:C:n:WD_3:mbe.c:28	(at logger.py:129) 
2019-02-12 21:30:22,842 [D] └:C:n:WD_3:mbe.c:27	(at logger.py:129) 
2019-02-12 21:30:23,017 [D] -:P:n:WD_1:mbe.c:28	(at logger.py:129) 
2019-02-12 21:30:23,397 [D] -:F:n:WD_1:mbe.c:27	(at logger.py:129) 
2019-02-12 21:30:23,610 [D] ┌:F:n:WD_2:mbe.c:27	(at logger.py:129) 
2019-02-12 21:30:23,610 [D] └:F:n:WD_2:mbe.c:26	(at logger.py:129) 
2019-02-12 21:30:24,836 [D] ┌:C:n:WD_3:mbe.c:27	(at logger.py:129) 
2019-02-12 21:30:24,836 [D] |:C:n:WD_3:mbe.c:26	(at logger.py:129) 
2019-02-12 21:30:24,836 [D] └:C:n:WD_3:mbe.c:25	(at logger.py:129) 
2019-02-12 21:30:24,887 [D] -:P:n:WD_1:mbe.c:26	(at logger.py:129) 
2019-02-12 21:30:24,906 [D] -:F:n:WD_1:mbe.c:25	(at logger.py:129) 
2019-02-12 21:30:24,926 [D] ┌:F:n:WD_2:mbe.c:25	(at logger.py:129) 
2019-02-12 21:30:24,926 [D] └:F:n:WD_2:mbe.c:24	(at logger.py:129) 
2019-02-12 21:30:24,944 [D] ┌:F:n:WD_3:mbe.c:25	(at logger.py:129) 
2019-02-12 21:30:24,945 [D] |:F:n:WD_3:mbe.c:24	(at logger.py:129) 
2019-02-12 21:30:24,945 [D] └:F:n:WD_3:mbe.c:23	(at logger.py:129) 
2019-02-12 21:30:25,001 [D] -:P:n:WD_1:mbe.c:24	(at logger.py:129) 
2019-02-12 21:30:25,025 [D] -:F:n:WD_1:mbe.c:23	(at logger.py:129) 
2019-02-12 21:30:25,047 [D] ┌:F:n:WD_2:mbe.c:23	(at logger.py:129) 
2019-02-12 21:30:25,047 [D] └:F:n:WD_2:mbe.c:22	(at logger.py:129) 
2019-02-12 21:30:25,068 [D] ┌:F:n:WD_3:mbe.c:23	(at logger.py:129) 
2019-02-12 21:30:25,068 [D] |:F:n:WD_3:mbe.c:22	(at logger.py:129) 
2019-02-12 21:30:25,068 [D] └:F:n:WD_3:mbe.c:21	(at logger.py:129) 
2019-02-12 21:30:25,126 [D] -:C:n:WD_1:mbe.c:22	(at logger.py:129) 
2019-02-12 21:30:25,171 [D] ┌:C:c:WD_2:mbe.c:22	(at logger.py:129) 
2019-02-12 21:30:25,171 [D] └:C:c:WD_2:mbe.c:21	(at logger.py:129) 
2019-02-12 21:30:25,230 [D] ┌:C:n:WD_3:mbe.c:22	(at logger.py:129) 
2019-02-12 21:30:25,230 [D] |:C:n:WD_3:mbe.c:21	(at logger.py:129) 
2019-02-12 21:30:25,230 [D] └:C:n:WD_3:mbe.c:20	(at logger.py:129) 
2019-02-12 21:30:25,281 [D] -:P:c:WD_1:mbe.c:21	(at logger.py:129) 
2019-02-12 21:30:25,342 [D] -:P:n:WD_1:mbe.c:20	(at logger.py:129) 
2019-02-12 21:30:25,394 [D] -:C:n:WD_1:mbe.c:19	(at logger.py:129) 
2019-02-12 21:30:25,430 [D] ┌:C:c:WD_2:mbe.c:19	(at logger.py:129) 
2019-02-12 21:30:25,430 [D] └:C:c:WD_2:mbe.c:18	(at logger.py:129) 
2019-02-12 21:30:25,471 [D] ┌:C:c:WD_3:mbe.c:19	(at logger.py:129) 
2019-02-12 21:30:25,471 [D] |:C:c:WD_3:mbe.c:18	(at logger.py:129) 
2019-02-12 21:30:25,471 [D] └:C:c:WD_3:mbe.c:17	(at logger.py:129) 
2019-02-12 21:30:25,512 [D] -:P:c:WD_1:mbe.c:18	(at logger.py:129) 
2019-02-12 21:30:25,555 [D] -:P:c:WD_1:mbe.c:17	(at logger.py:129) 
2019-02-12 21:30:25,571 [D] -:F:n:WD_1:mbe.c:16	(at logger.py:129) 
2019-02-12 21:30:25,592 [D] ┌:F:n:WD_2:mbe.c:16	(at logger.py:129) 
2019-02-12 21:30:25,592 [D] └:F:n:WD_2:mbe.c:15	(at logger.py:129) 
2019-02-12 21:30:25,607 [D] ┌:F:n:WD_3:mbe.c:16	(at logger.py:129) 
2019-02-12 21:30:25,607 [D] |:F:n:WD_3:mbe.c:15	(at logger.py:129) 
2019-02-12 21:30:25,607 [D] └:F:n:WD_3:mbe.c:14	(at logger.py:129) 
2019-02-12 21:30:25,625 [D] -:F:n:WD_1:mbe.c:15	(at logger.py:129) 
2019-02-12 21:30:25,643 [D] ┌:F:n:WD_2:mbe.c:15	(at logger.py:129) 
2019-02-12 21:30:25,643 [D] └:F:n:WD_2:mbe.c:14	(at logger.py:129) 
2019-02-12 21:30:25,660 [D] ┌:F:n:WD_3:mbe.c:15	(at logger.py:129) 
2019-02-12 21:30:25,660 [D] |:F:n:WD_3:mbe.c:14	(at logger.py:129) 
2019-02-12 21:30:25,660 [D] └:F:n:WD_3:mbe.c:13	(at logger.py:129) 
2019-02-12 21:30:25,677 [D] -:F:n:WD_1:mbe.c:14	(at logger.py:129) 
2019-02-12 21:30:25,693 [D] ┌:F:n:WD_2:mbe.c:14	(at logger.py:129) 
2019-02-12 21:30:25,693 [D] └:F:n:WD_2:mbe.c:13	(at logger.py:129) 
2019-02-12 21:30:25,709 [D] ┌:F:n:WD_3:mbe.c:14	(at logger.py:129) 
2019-02-12 21:30:25,709 [D] |:F:n:WD_3:mbe.c:13	(at logger.py:129) 
2019-02-12 21:30:25,710 [D] └:F:n:WD_3:mbe.c:12	(at logger.py:129) 
2019-02-12 21:30:25,750 [D] -:P:c:WD_1:mbe.c:13	(at logger.py:129) 
2019-02-12 21:30:25,805 [D] -:P:n:WD_1:mbe.c:12	(at logger.py:129) 
2019-02-12 21:30:25,849 [D] -:P:c:WD_1:mbe.c:11	(at logger.py:129) 
2019-02-12 21:30:25,883 [D] -:P:c:WD_1:mbe.c:10	(at logger.py:129) 
2019-02-12 21:30:25,917 [D] -:P:c:WD_1:mbe.c:9	(at logger.py:129) 
2019-02-12 21:30:25,953 [D] -:P:c:WD_1:mbe.c:8	(at logger.py:129) 
2019-02-12 21:30:26,010 [D] -:P:n:WD_1:mbe.c:7	(at logger.py:129) 
2019-02-12 21:30:26,052 [D] -:P:c:WD_1:mbe.c:6	(at logger.py:129) 
2019-02-12 21:30:26,099 [D] -:P:n:WD_1:mbe.c:5	(at logger.py:129) 
2019-02-12 21:30:26,113 [D] -:F:n:WD_1:mbe.c:4	(at logger.py:129) 
2019-02-12 21:30:26,127 [D] ┌:F:n:WD_2:mbe.c:4	(at logger.py:129) 
2019-02-12 21:30:26,127 [D] └:F:n:WD_2:mbe.c:3	(at logger.py:129) 
2019-02-12 21:30:26,138 [D] ┌:F:n:WD_3:mbe.c:4	(at logger.py:129) 
2019-02-12 21:30:26,138 [D] |:F:n:WD_3:mbe.c:3	(at logger.py:129) 
2019-02-12 21:30:26,139 [D] └:F:n:WD_3:mbe.c:2	(at logger.py:129) 
2019-02-12 21:30:26,152 [D] -:F:n:WD_1:mbe.c:3	(at logger.py:129) 
2019-02-12 21:30:26,165 [D] ┌:F:n:WD_2:mbe.c:3	(at logger.py:129) 
2019-02-12 21:30:26,165 [D] └:F:n:WD_2:mbe.c:2	(at logger.py:129) 
2019-02-12 21:30:26,200 [D] ┌:P:c:WD_3:mbe.c:3	(at logger.py:129) 
2019-02-12 21:30:26,200 [D] |:P:c:WD_3:mbe.c:2	(at logger.py:129) 
2019-02-12 21:30:26,200 [D] └:P:c:WD_3:mbe.c:1	(at logger.py:129) 
2019-02-12 21:30:26,200 [D]  : : :pass:mbe.c:2	(at logger.py:129) 
2019-02-12 21:30:26,200 [D]  : : :pass:mbe.c:1	(at logger.py:129) 
2019-02-12 21:30:26,200 [D] comp_cached_cnt:0	(at logger.py:134) 
2019-02-12 21:30:26,200 [D] compile_cnt:165	(at logger.py:134) 
2019-02-12 21:30:26,200 [D] execute_cnt:30	(at logger.py:134) 
2019-02-12 21:30:26,200 [D] fail_del_cnt:22	(at logger.py:134) 
2019-02-12 21:30:26,200 [D] iter_idx:1	(at logger.py:134) 
2019-02-12 21:30:26,200 [D] reuse_cnt:24	(at logger.py:134) 
2019-02-12 21:30:26,200 [D] succ_del_cnt:32	(at logger.py:134) 
2019-02-12 21:30:26,201 [D] time:19.36548686027527	(at logger.py:134) 
2019-02-12 21:30:26,201 [D] deletion:36	(at logger.py:136) 
