2019-03-02 02:01:56,614 [I] 	(at main.py:29) 
2019-03-02 02:01:56,614 [I] ===== START - RUN ==============================================	(at main.py:32) 
2019-03-02 02:01:56,614 [D] Title: RUN, Job key: RUN_2019-03-02_02:01:56	(at main.py:40) 
2019-03-02 02:01:56,615 [I] Load config file.	(at main.py:56) 
2019-03-02 02:01:56,615 [D] Loading config from ['/home/bohrok/Documents/DM/output/orbs/wc/3/config/config.ini']	(at config.py:16) 
2019-03-02 02:01:56,615 [D] Load config successfully!	(at config.py:19) 
2019-03-02 02:01:56,615 [D] Initialize directory: .	(at workspace.py:10) 
2019-03-02 02:01:56,615 [I] Initialize workspace.	(at main.py:64) 
2019-03-02 02:01:56,615 [I] Working directory path: /home/bohrok/Documents/DM/output/orbs/wc/3/work	(at workspace.py:41) 
2019-03-02 02:01:56,616 [D] Record the config on workspace.	(at workspace.py:62) 
2019-03-02 02:01:56,617 [I] No PRE stage.	(at main.py:73) 
2019-03-02 02:01:56,617 [I] Construct SliceSpace.	(at main.py:76) 
2019-03-02 02:01:56,617 [I] Compile the system.	(at slicespace.py:148) 
2019-03-02 02:01:56,649 [I] Execute the system.	(at slicespace.py:160) 
2019-03-02 02:01:56,660 [I] Compile the system again (sanity check).	(at slicespace.py:174) 
2019-03-02 02:01:56,693 [I] Execute the system again (sanity check).	(at slicespace.py:188) 
2019-03-02 02:01:56,704 [I] Construct deletion operators.	(at main.py:80) 
2019-03-02 02:01:56,704 [I] Run ORBS stage.	(at main.py:85) 
2019-03-02 02:01:56,705 [I] ORBS starts...	(at orbs.py:53) 
2019-03-02 02:01:56,719 [D] subprocess cmd: ['source compile.sh /home/bohrok/Documents/DM/output/orbs/wc/3/work'], stdout: b''	(at ex_script.py:45) 
2019-03-02 02:01:56,719 [D] -:F:n:WD_1:wc.c:48	(at logger.py:129) 
2019-03-02 02:01:56,734 [D] subprocess cmd: ['source compile.sh /home/bohrok/Documents/DM/output/orbs/wc/3/work'], stdout: b''	(at ex_script.py:45) 
2019-03-02 02:01:56,734 [D] ┌:F:n:WD_2:wc.c:48	(at logger.py:129) 
2019-03-02 02:01:56,735 [D] └:F:n:WD_2:wc.c:47	(at logger.py:129) 
2019-03-02 02:01:56,748 [D] subprocess cmd: ['source compile.sh /home/bohrok/Documents/DM/output/orbs/wc/3/work'], stdout: b''	(at ex_script.py:45) 
2019-03-02 02:01:56,748 [D] ┌:F:n:WD_3:wc.c:48	(at logger.py:129) 
2019-03-02 02:01:56,748 [D] |:F:n:WD_3:wc.c:47	(at logger.py:129) 
2019-03-02 02:01:56,748 [D] └:F:n:WD_3:wc.c:46	(at logger.py:129) 
2019-03-02 02:01:56,761 [D] subprocess cmd: ['source compile.sh /home/bohrok/Documents/DM/output/orbs/wc/3/work'], stdout: b''	(at ex_script.py:45) 
2019-03-02 02:01:56,761 [D] -:F:n:WD_1:wc.c:47	(at logger.py:129) 
2019-03-02 02:01:56,773 [D] subprocess cmd: ['source compile.sh /home/bohrok/Documents/DM/output/orbs/wc/3/work'], stdout: b''	(at ex_script.py:45) 
2019-03-02 02:01:56,774 [D] ┌:F:n:WD_2:wc.c:47	(at logger.py:129) 
2019-03-02 02:01:56,774 [D] └:F:n:WD_2:wc.c:46	(at logger.py:129) 
2019-03-02 02:01:56,787 [D] subprocess cmd: ['source compile.sh /home/bohrok/Documents/DM/output/orbs/wc/3/work'], stdout: b''	(at ex_script.py:45) 
2019-03-02 02:01:56,787 [D] ┌:F:n:WD_3:wc.c:47	(at logger.py:129) 
2019-03-02 02:01:56,787 [D] |:F:n:WD_3:wc.c:46	(at logger.py:129) 
2019-03-02 02:01:56,787 [D] └:F:n:WD_3:wc.c:45	(at logger.py:129) 
2019-03-02 02:01:56,842 [D] -:P:n:WD_1:wc.c:46	(at logger.py:129) 
2019-03-02 02:01:56,856 [D] subprocess cmd: ['source compile.sh /home/bohrok/Documents/DM/output/orbs/wc/3/work'], stdout: b''	(at ex_script.py:45) 
2019-03-02 02:01:56,856 [D] -:F:n:WD_1:wc.c:45	(at logger.py:129) 
2019-03-02 02:01:56,869 [D] subprocess cmd: ['source compile.sh /home/bohrok/Documents/DM/output/orbs/wc/3/work'], stdout: b''	(at ex_script.py:45) 
2019-03-02 02:01:56,869 [D] ┌:F:n:WD_2:wc.c:45	(at logger.py:129) 
2019-03-02 02:01:56,869 [D] └:F:n:WD_2:wc.c:44	(at logger.py:129) 
2019-03-02 02:01:56,906 [D] ┌:P:c:WD_3:wc.c:45	(at logger.py:129) 
2019-03-02 02:01:56,906 [D] |:P:c:WD_3:wc.c:44	(at logger.py:129) 
2019-03-02 02:01:56,906 [D] └:P:c:WD_3:wc.c:43	(at logger.py:129) 
2019-03-02 02:01:56,906 [D]  : : :pass:wc.c:44	(at logger.py:129) 
2019-03-02 02:01:56,906 [D]  : : :pass:wc.c:43	(at logger.py:129) 
2019-03-02 02:01:56,954 [D] -:P:n:WD_1:wc.c:42	(at logger.py:129) 
2019-03-02 02:01:56,968 [D] subprocess cmd: ['source compile.sh /home/bohrok/Documents/DM/output/orbs/wc/3/work'], stdout: b''	(at ex_script.py:45) 
2019-03-02 02:01:56,968 [D] -:F:n:WD_1:wc.c:41	(at logger.py:129) 
2019-03-02 02:01:56,982 [D] subprocess cmd: ['source compile.sh /home/bohrok/Documents/DM/output/orbs/wc/3/work'], stdout: b''	(at ex_script.py:45) 
2019-03-02 02:01:56,982 [D] ┌:F:n:WD_2:wc.c:41	(at logger.py:129) 
2019-03-02 02:01:56,982 [D] └:F:n:WD_2:wc.c:40	(at logger.py:129) 
2019-03-02 02:01:56,995 [D] subprocess cmd: ['source compile.sh /home/bohrok/Documents/DM/output/orbs/wc/3/work'], stdout: b''	(at ex_script.py:45) 
2019-03-02 02:01:56,996 [D] ┌:F:n:WD_3:wc.c:41	(at logger.py:129) 
2019-03-02 02:01:56,996 [D] |:F:n:WD_3:wc.c:40	(at logger.py:129) 
2019-03-02 02:01:56,996 [D] └:F:n:WD_3:wc.c:39	(at logger.py:129) 
2019-03-02 02:01:57,010 [D] subprocess cmd: ['source compile.sh /home/bohrok/Documents/DM/output/orbs/wc/3/work'], stdout: b''	(at ex_script.py:45) 
2019-03-02 02:01:57,010 [D] -:F:n:WD_1:wc.c:40	(at logger.py:129) 
2019-03-02 02:01:57,044 [D] ┌:P:c:WD_2:wc.c:40	(at logger.py:129) 
2019-03-02 02:01:57,044 [D] └:P:c:WD_2:wc.c:39	(at logger.py:129) 
2019-03-02 02:01:57,045 [D]  : : :pass:wc.c:39	(at logger.py:129) 
2019-03-02 02:01:57,090 [D] -:P:n:WD_1:wc.c:38	(at logger.py:129) 
2019-03-02 02:01:57,105 [D] subprocess cmd: ['source compile.sh /home/bohrok/Documents/DM/output/orbs/wc/3/work'], stdout: b''	(at ex_script.py:45) 
2019-03-02 02:01:57,105 [D] -:F:n:WD_1:wc.c:37	(at logger.py:129) 
2019-03-02 02:01:57,119 [D] subprocess cmd: ['source compile.sh /home/bohrok/Documents/DM/output/orbs/wc/3/work'], stdout: b''	(at ex_script.py:45) 
2019-03-02 02:01:57,119 [D] ┌:F:n:WD_2:wc.c:37	(at logger.py:129) 
2019-03-02 02:01:57,120 [D] └:F:n:WD_2:wc.c:36	(at logger.py:129) 
2019-03-02 02:01:57,153 [D] subprocess cmd: ['source compile.sh /home/bohrok/Documents/DM/output/orbs/wc/3/work'], stdout: b''	(at ex_script.py:45) 
2019-03-02 02:01:57,153 [D] ┌:F:n:WD_3:wc.c:37	(at logger.py:129) 
2019-03-02 02:01:57,153 [D] |:F:n:WD_3:wc.c:36	(at logger.py:129) 
2019-03-02 02:01:57,153 [D] └:F:n:WD_3:wc.c:35	(at logger.py:129) 
2019-03-02 02:01:57,169 [D] subprocess cmd: ['source compile.sh /home/bohrok/Documents/DM/output/orbs/wc/3/work'], stdout: b''	(at ex_script.py:45) 
2019-03-02 02:01:57,169 [D] -:F:n:WD_1:wc.c:36	(at logger.py:129) 
2019-03-02 02:01:57,182 [D] subprocess cmd: ['source compile.sh /home/bohrok/Documents/DM/output/orbs/wc/3/work'], stdout: b''	(at ex_script.py:45) 
2019-03-02 02:01:57,182 [D] ┌:F:n:WD_2:wc.c:36	(at logger.py:129) 
2019-03-02 02:01:57,182 [D] └:F:n:WD_2:wc.c:35	(at logger.py:129) 
2019-03-02 02:01:57,196 [D] subprocess cmd: ['source compile.sh /home/bohrok/Documents/DM/output/orbs/wc/3/work'], stdout: b''	(at ex_script.py:45) 
2019-03-02 02:01:57,196 [D] ┌:F:n:WD_3:wc.c:36	(at logger.py:129) 
2019-03-02 02:01:57,196 [D] |:F:n:WD_3:wc.c:35	(at logger.py:129) 
2019-03-02 02:01:57,196 [D] └:F:n:WD_3:wc.c:34	(at logger.py:129) 
2019-03-02 02:01:57,209 [D] subprocess cmd: ['source compile.sh /home/bohrok/Documents/DM/output/orbs/wc/3/work'], stdout: b''	(at ex_script.py:45) 
2019-03-02 02:01:57,209 [D] -:F:n:WD_1:wc.c:35	(at logger.py:129) 
2019-03-02 02:01:57,223 [D] subprocess cmd: ['source compile.sh /home/bohrok/Documents/DM/output/orbs/wc/3/work'], stdout: b''	(at ex_script.py:45) 
2019-03-02 02:01:57,223 [D] ┌:F:n:WD_2:wc.c:35	(at logger.py:129) 
2019-03-02 02:01:57,223 [D] └:F:n:WD_2:wc.c:34	(at logger.py:129) 
2019-03-02 02:01:57,237 [D] subprocess cmd: ['source compile.sh /home/bohrok/Documents/DM/output/orbs/wc/3/work'], stdout: b''	(at ex_script.py:45) 
2019-03-02 02:01:57,237 [D] ┌:F:n:WD_3:wc.c:35	(at logger.py:129) 
2019-03-02 02:01:57,237 [D] |:F:n:WD_3:wc.c:34	(at logger.py:129) 
2019-03-02 02:01:57,237 [D] └:F:n:WD_3:wc.c:33	(at logger.py:129) 
2019-03-02 02:01:57,253 [D] subprocess cmd: ['source compile.sh /home/bohrok/Documents/DM/output/orbs/wc/3/work'], stdout: b''	(at ex_script.py:45) 
2019-03-02 02:01:57,253 [D] -:F:n:WD_1:wc.c:34	(at logger.py:129) 
2019-03-02 02:01:57,270 [D] subprocess cmd: ['source compile.sh /home/bohrok/Documents/DM/output/orbs/wc/3/work'], stdout: b''	(at ex_script.py:45) 
2019-03-02 02:01:57,270 [D] ┌:F:n:WD_2:wc.c:34	(at logger.py:129) 
2019-03-02 02:01:57,270 [D] └:F:n:WD_2:wc.c:33	(at logger.py:129) 
2019-03-02 02:01:57,284 [D] subprocess cmd: ['source compile.sh /home/bohrok/Documents/DM/output/orbs/wc/3/work'], stdout: b''	(at ex_script.py:45) 
2019-03-02 02:01:57,285 [D] ┌:F:n:WD_3:wc.c:34	(at logger.py:129) 
2019-03-02 02:01:57,285 [D] |:F:n:WD_3:wc.c:33	(at logger.py:129) 
2019-03-02 02:01:57,285 [D] └:F:n:WD_3:wc.c:32	(at logger.py:129) 
2019-03-02 02:01:57,298 [D] subprocess cmd: ['source compile.sh /home/bohrok/Documents/DM/output/orbs/wc/3/work'], stdout: b''	(at ex_script.py:45) 
2019-03-02 02:01:57,299 [D] -:F:n:WD_1:wc.c:33	(at logger.py:129) 
2019-03-02 02:01:57,314 [D] subprocess cmd: ['source compile.sh /home/bohrok/Documents/DM/output/orbs/wc/3/work'], stdout: b''	(at ex_script.py:45) 
2019-03-02 02:01:57,314 [D] ┌:F:n:WD_2:wc.c:33	(at logger.py:129) 
2019-03-02 02:01:57,314 [D] └:F:n:WD_2:wc.c:32	(at logger.py:129) 
2019-03-02 02:01:57,329 [D] subprocess cmd: ['source compile.sh /home/bohrok/Documents/DM/output/orbs/wc/3/work'], stdout: b''	(at ex_script.py:45) 
2019-03-02 02:01:57,329 [D] ┌:F:n:WD_3:wc.c:33	(at logger.py:129) 
2019-03-02 02:01:57,329 [D] |:F:n:WD_3:wc.c:32	(at logger.py:129) 
2019-03-02 02:01:57,329 [D] └:F:n:WD_3:wc.c:31	(at logger.py:129) 
2019-03-02 02:01:57,375 [D] -:P:n:WD_1:wc.c:32	(at logger.py:129) 
2019-03-02 02:01:57,421 [D] subprocess cmd: ['source compile.sh /home/bohrok/Documents/DM/output/orbs/wc/3/work'], stdout: b''	(at ex_script.py:45) 
2019-03-02 02:01:57,422 [D] -:F:n:WD_1:wc.c:31	(at logger.py:129) 
2019-03-02 02:01:57,474 [D] subprocess cmd: ['source compile.sh /home/bohrok/Documents/DM/output/orbs/wc/3/work'], stdout: b''	(at ex_script.py:45) 
2019-03-02 02:01:57,475 [D] ┌:F:n:WD_2:wc.c:31	(at logger.py:129) 
2019-03-02 02:01:57,475 [D] └:F:n:WD_2:wc.c:30	(at logger.py:129) 
2019-03-02 02:01:57,513 [D] ┌:P:c:WD_3:wc.c:31	(at logger.py:129) 
2019-03-02 02:01:57,513 [D] |:P:c:WD_3:wc.c:30	(at logger.py:129) 
2019-03-02 02:01:57,513 [D] └:P:c:WD_3:wc.c:29	(at logger.py:129) 
2019-03-02 02:01:57,513 [D]  : : :pass:wc.c:30	(at logger.py:129) 
2019-03-02 02:01:57,513 [D]  : : :pass:wc.c:29	(at logger.py:129) 
2019-03-02 02:01:57,526 [D] subprocess cmd: ['source compile.sh /home/bohrok/Documents/DM/output/orbs/wc/3/work'], stdout: b''	(at ex_script.py:45) 
2019-03-02 02:01:57,526 [D] -:F:n:WD_1:wc.c:28	(at logger.py:129) 
2019-03-02 02:01:57,540 [D] subprocess cmd: ['source compile.sh /home/bohrok/Documents/DM/output/orbs/wc/3/work'], stdout: b''	(at ex_script.py:45) 
2019-03-02 02:01:57,540 [D] ┌:F:n:WD_2:wc.c:28	(at logger.py:129) 
2019-03-02 02:01:57,540 [D] └:F:n:WD_2:wc.c:27	(at logger.py:129) 
2019-03-02 02:01:57,554 [D] subprocess cmd: ['source compile.sh /home/bohrok/Documents/DM/output/orbs/wc/3/work'], stdout: b''	(at ex_script.py:45) 
2019-03-02 02:01:57,554 [D] ┌:F:n:WD_3:wc.c:28	(at logger.py:129) 
2019-03-02 02:01:57,554 [D] |:F:n:WD_3:wc.c:27	(at logger.py:129) 
2019-03-02 02:01:57,554 [D] └:F:n:WD_3:wc.c:26	(at logger.py:129) 
2019-03-02 02:01:57,603 [D] -:P:n:WD_1:wc.c:27	(at logger.py:129) 
2019-03-02 02:01:57,648 [D] -:P:n:WD_1:wc.c:26	(at logger.py:129) 
2019-03-02 02:01:57,660 [D] subprocess cmd: ['source compile.sh /home/bohrok/Documents/DM/output/orbs/wc/3/work'], stdout: b''	(at ex_script.py:45) 
2019-03-02 02:01:57,661 [D] -:F:n:WD_1:wc.c:25	(at logger.py:129) 
2019-03-02 02:01:57,674 [D] subprocess cmd: ['source compile.sh /home/bohrok/Documents/DM/output/orbs/wc/3/work'], stdout: b''	(at ex_script.py:45) 
2019-03-02 02:01:57,675 [D] ┌:F:n:WD_2:wc.c:25	(at logger.py:129) 
2019-03-02 02:01:57,675 [D] └:F:n:WD_2:wc.c:24	(at logger.py:129) 
2019-03-02 02:01:57,688 [D] subprocess cmd: ['source compile.sh /home/bohrok/Documents/DM/output/orbs/wc/3/work'], stdout: b''	(at ex_script.py:45) 
2019-03-02 02:01:57,688 [D] ┌:F:n:WD_3:wc.c:25	(at logger.py:129) 
2019-03-02 02:01:57,688 [D] |:F:n:WD_3:wc.c:24	(at logger.py:129) 
2019-03-02 02:01:57,688 [D] └:F:n:WD_3:wc.c:23	(at logger.py:129) 
2019-03-02 02:01:57,722 [D] -:P:c:WD_1:wc.c:24	(at logger.py:129) 
2019-03-02 02:01:57,737 [D] subprocess cmd: ['source compile.sh /home/bohrok/Documents/DM/output/orbs/wc/3/work'], stdout: b''	(at ex_script.py:45) 
2019-03-02 02:01:57,738 [D] -:F:n:WD_1:wc.c:23	(at logger.py:129) 
2019-03-02 02:01:57,753 [D] subprocess cmd: ['source compile.sh /home/bohrok/Documents/DM/output/orbs/wc/3/work'], stdout: b''	(at ex_script.py:45) 
2019-03-02 02:01:57,753 [D] ┌:F:n:WD_2:wc.c:23	(at logger.py:129) 
2019-03-02 02:01:57,753 [D] └:F:n:WD_2:wc.c:22	(at logger.py:129) 
2019-03-02 02:01:57,803 [D] ┌:P:n:WD_3:wc.c:23	(at logger.py:129) 
2019-03-02 02:01:57,804 [D] |:P:n:WD_3:wc.c:22	(at logger.py:129) 
2019-03-02 02:01:57,804 [D] └:P:n:WD_3:wc.c:21	(at logger.py:129) 
2019-03-02 02:01:57,804 [D]  : : :pass:wc.c:22	(at logger.py:129) 
2019-03-02 02:01:57,804 [D]  : : :pass:wc.c:21	(at logger.py:129) 
2019-03-02 02:01:57,853 [D] -:P:n:WD_1:wc.c:20	(at logger.py:129) 
2019-03-02 02:01:57,868 [D] subprocess cmd: ['source compile.sh /home/bohrok/Documents/DM/output/orbs/wc/3/work'], stdout: b''	(at ex_script.py:45) 
2019-03-02 02:01:57,868 [D] -:F:n:WD_1:wc.c:19	(at logger.py:129) 
2019-03-02 02:01:57,881 [D] subprocess cmd: ['source compile.sh /home/bohrok/Documents/DM/output/orbs/wc/3/work'], stdout: b''	(at ex_script.py:45) 
2019-03-02 02:01:57,881 [D] ┌:F:n:WD_2:wc.c:19	(at logger.py:129) 
2019-03-02 02:01:57,881 [D] └:F:n:WD_2:wc.c:18	(at logger.py:129) 
2019-03-02 02:01:57,895 [D] subprocess cmd: ['source compile.sh /home/bohrok/Documents/DM/output/orbs/wc/3/work'], stdout: b''	(at ex_script.py:45) 
2019-03-02 02:01:57,896 [D] ┌:F:n:WD_3:wc.c:19	(at logger.py:129) 
2019-03-02 02:01:57,896 [D] |:F:n:WD_3:wc.c:18	(at logger.py:129) 
2019-03-02 02:01:57,896 [D] └:F:n:WD_3:wc.c:17	(at logger.py:129) 
2019-03-02 02:01:57,929 [D] -:P:c:WD_1:wc.c:18	(at logger.py:129) 
2019-03-02 02:01:57,971 [D] -:P:n:WD_1:wc.c:17	(at logger.py:129) 
2019-03-02 02:01:57,984 [D] subprocess cmd: ['source compile.sh /home/bohrok/Documents/DM/output/orbs/wc/3/work'], stdout: b''	(at ex_script.py:45) 
2019-03-02 02:01:57,985 [D] -:F:n:WD_1:wc.c:16	(at logger.py:129) 
2019-03-02 02:01:57,998 [D] subprocess cmd: ['source compile.sh /home/bohrok/Documents/DM/output/orbs/wc/3/work'], stdout: b''	(at ex_script.py:45) 
2019-03-02 02:01:57,998 [D] ┌:F:n:WD_2:wc.c:16	(at logger.py:129) 
2019-03-02 02:01:57,998 [D] └:F:n:WD_2:wc.c:15	(at logger.py:129) 
2019-03-02 02:01:58,011 [D] subprocess cmd: ['source compile.sh /home/bohrok/Documents/DM/output/orbs/wc/3/work'], stdout: b''	(at ex_script.py:45) 
2019-03-02 02:01:58,011 [D] ┌:F:n:WD_3:wc.c:16	(at logger.py:129) 
2019-03-02 02:01:58,012 [D] |:F:n:WD_3:wc.c:15	(at logger.py:129) 
2019-03-02 02:01:58,012 [D] └:F:n:WD_3:wc.c:14	(at logger.py:129) 
2019-03-02 02:01:58,059 [D] -:P:n:WD_1:wc.c:15	(at logger.py:129) 
2019-03-02 02:01:58,096 [D] -:P:c:WD_1:wc.c:14	(at logger.py:129) 
2019-03-02 02:01:58,139 [D] subprocess cmd: ['source execute.sh /home/bohrok/Documents/DM/output/orbs/wc/3/work'], stdout: b''	(at ex_script.py:45) 
2019-03-02 02:01:58,139 [D] -:C:n:WD_1:wc.c:13	(at logger.py:129) 
2019-03-02 02:01:58,187 [D] subprocess cmd: ['source execute.sh /home/bohrok/Documents/DM/output/orbs/wc/3/work'], stdout: b''	(at ex_script.py:45) 
2019-03-02 02:01:58,187 [D] ┌:C:n:WD_2:wc.c:13	(at logger.py:129) 
2019-03-02 02:01:58,187 [D] └:C:n:WD_2:wc.c:12	(at logger.py:129) 
2019-03-02 02:01:58,232 [D] subprocess cmd: ['source execute.sh /home/bohrok/Documents/DM/output/orbs/wc/3/work'], stdout: b''	(at ex_script.py:45) 
2019-03-02 02:01:58,233 [D] ┌:C:n:WD_3:wc.c:13	(at logger.py:129) 
2019-03-02 02:01:58,233 [D] |:C:n:WD_3:wc.c:12	(at logger.py:129) 
2019-03-02 02:01:58,233 [D] └:C:n:WD_3:wc.c:11	(at logger.py:129) 
2019-03-02 02:01:58,276 [D] -:P:n:WD_1:wc.c:12	(at logger.py:129) 
2019-03-02 02:01:58,322 [D] -:P:n:WD_1:wc.c:11	(at logger.py:129) 
2019-03-02 02:01:58,371 [D] -:P:n:WD_1:wc.c:10	(at logger.py:129) 
2019-03-02 02:01:58,406 [D] -:P:c:WD_1:wc.c:9	(at logger.py:129) 
2019-03-02 02:01:58,420 [D] subprocess cmd: ['source compile.sh /home/bohrok/Documents/DM/output/orbs/wc/3/work'], stdout: b''	(at ex_script.py:45) 
2019-03-02 02:01:58,420 [D] -:F:n:WD_1:wc.c:8	(at logger.py:129) 
2019-03-02 02:01:58,434 [D] subprocess cmd: ['source compile.sh /home/bohrok/Documents/DM/output/orbs/wc/3/work'], stdout: b''	(at ex_script.py:45) 
2019-03-02 02:01:58,434 [D] ┌:F:n:WD_2:wc.c:8	(at logger.py:129) 
2019-03-02 02:01:58,435 [D] └:F:n:WD_2:wc.c:7	(at logger.py:129) 
2019-03-02 02:01:58,447 [D] subprocess cmd: ['source compile.sh /home/bohrok/Documents/DM/output/orbs/wc/3/work'], stdout: b''	(at ex_script.py:45) 
2019-03-02 02:01:58,448 [D] ┌:F:n:WD_3:wc.c:8	(at logger.py:129) 
2019-03-02 02:01:58,448 [D] |:F:n:WD_3:wc.c:7	(at logger.py:129) 
2019-03-02 02:01:58,448 [D] └:F:n:WD_3:wc.c:6	(at logger.py:129) 
2019-03-02 02:01:58,482 [D] -:P:c:WD_1:wc.c:7	(at logger.py:129) 
2019-03-02 02:01:58,516 [D] -:P:c:WD_1:wc.c:6	(at logger.py:129) 
2019-03-02 02:01:58,551 [D] -:P:c:WD_1:wc.c:5	(at logger.py:129) 
2019-03-02 02:01:58,565 [D] subprocess cmd: ['source compile.sh /home/bohrok/Documents/DM/output/orbs/wc/3/work'], stdout: b''	(at ex_script.py:45) 
2019-03-02 02:01:58,565 [D] -:F:n:WD_1:wc.c:4	(at logger.py:129) 
2019-03-02 02:01:58,579 [D] subprocess cmd: ['source compile.sh /home/bohrok/Documents/DM/output/orbs/wc/3/work'], stdout: b''	(at ex_script.py:45) 
2019-03-02 02:01:58,579 [D] ┌:F:n:WD_2:wc.c:4	(at logger.py:129) 
2019-03-02 02:01:58,579 [D] └:F:n:WD_2:wc.c:3	(at logger.py:129) 
2019-03-02 02:01:58,592 [D] subprocess cmd: ['source compile.sh /home/bohrok/Documents/DM/output/orbs/wc/3/work'], stdout: b''	(at ex_script.py:45) 
2019-03-02 02:01:58,593 [D] ┌:F:n:WD_3:wc.c:4	(at logger.py:129) 
2019-03-02 02:01:58,593 [D] |:F:n:WD_3:wc.c:3	(at logger.py:129) 
2019-03-02 02:01:58,593 [D] └:F:n:WD_3:wc.c:2	(at logger.py:129) 
2019-03-02 02:01:58,605 [D] subprocess cmd: ['source compile.sh /home/bohrok/Documents/DM/output/orbs/wc/3/work'], stdout: b''	(at ex_script.py:45) 
2019-03-02 02:01:58,606 [D] -:F:n:WD_1:wc.c:3	(at logger.py:129) 
2019-03-02 02:01:58,620 [D] subprocess cmd: ['source compile.sh /home/bohrok/Documents/DM/output/orbs/wc/3/work'], stdout: b''	(at ex_script.py:45) 
2019-03-02 02:01:58,620 [D] ┌:F:n:WD_2:wc.c:3	(at logger.py:129) 
2019-03-02 02:01:58,620 [D] └:F:n:WD_2:wc.c:2	(at logger.py:129) 
2019-03-02 02:01:58,632 [D] subprocess cmd: ['source compile.sh /home/bohrok/Documents/DM/output/orbs/wc/3/work'], stdout: b''	(at ex_script.py:45) 
2019-03-02 02:01:58,632 [D] ┌:F:n:WD_3:wc.c:3	(at logger.py:129) 
2019-03-02 02:01:58,632 [D] |:F:n:WD_3:wc.c:2	(at logger.py:129) 
2019-03-02 02:01:58,632 [D] └:F:n:WD_3:wc.c:1	(at logger.py:129) 
2019-03-02 02:01:58,667 [D] -:P:c:WD_1:wc.c:2	(at logger.py:129) 
2019-03-02 02:01:58,699 [D] -:P:c:WD_1:wc.c:1	(at logger.py:129) 
2019-03-02 02:01:58,699 [D] comp_cached_cnt:0	(at logger.py:134) 
2019-03-02 02:01:58,699 [D] compile_cnt:80	(at logger.py:134) 
2019-03-02 02:01:58,699 [D] execute_cnt:16	(at logger.py:134) 
2019-03-02 02:01:58,699 [D] fail_del_cnt:3	(at logger.py:134) 
2019-03-02 02:01:58,700 [D] iter_idx:1	(at logger.py:134) 
2019-03-02 02:01:58,700 [D] reuse_cnt:12	(at logger.py:134) 
2019-03-02 02:01:58,700 [D] succ_del_cnt:25	(at logger.py:134) 
2019-03-02 02:01:58,700 [D] time:1.9940667152404785	(at logger.py:134) 
2019-03-02 02:01:58,700 [D] deletion:32	(at logger.py:136) 
2019-03-02 02:01:58,700 [I] Iteration 1 finished	(at orbs.py:87) 
2019-03-02 02:01:58,710 [D] subprocess cmd: ['source compile.sh /home/bohrok/Documents/DM/output/orbs/wc/3/work'], stdout: b''	(at ex_script.py:45) 
2019-03-02 02:01:58,711 [D] -:F:n:WD_1:wc.c:48	(at logger.py:129) 
2019-03-02 02:01:58,721 [D] subprocess cmd: ['source compile.sh /home/bohrok/Documents/DM/output/orbs/wc/3/work'], stdout: b''	(at ex_script.py:45) 
2019-03-02 02:01:58,721 [D] ┌:F:n:WD_2:wc.c:48	(at logger.py:129) 
2019-03-02 02:01:58,721 [D] └:F:n:WD_2:wc.c:47	(at logger.py:129) 
2019-03-02 02:01:58,734 [D] subprocess cmd: ['source compile.sh /home/bohrok/Documents/DM/output/orbs/wc/3/work'], stdout: b''	(at ex_script.py:45) 
2019-03-02 02:01:58,734 [D] ┌:F:n:WD_3:wc.c:48	(at logger.py:129) 
2019-03-02 02:01:58,734 [D] |:F:n:WD_3:wc.c:47	(at logger.py:129) 
2019-03-02 02:01:58,734 [D] └:F:n:WD_3:wc.c:41	(at logger.py:129) 
2019-03-02 02:01:58,746 [D] subprocess cmd: ['source compile.sh /home/bohrok/Documents/DM/output/orbs/wc/3/work'], stdout: b''	(at ex_script.py:45) 
2019-03-02 02:01:58,746 [D] -:F:n:WD_1:wc.c:47	(at logger.py:129) 
2019-03-02 02:01:58,777 [D] ┌:P:c:WD_2:wc.c:47	(at logger.py:129) 
2019-03-02 02:01:58,777 [D] └:P:c:WD_2:wc.c:41	(at logger.py:129) 
2019-03-02 02:01:58,777 [D]  : : :pass:wc.c:46	(at logger.py:129) 
2019-03-02 02:01:58,777 [D]  : : :pass:wc.c:45	(at logger.py:129) 
2019-03-02 02:01:58,777 [D]  : : :pass:wc.c:44	(at logger.py:129) 
2019-03-02 02:01:58,777 [D]  : : :pass:wc.c:43	(at logger.py:129) 
2019-03-02 02:01:58,777 [D]  : : :pass:wc.c:42	(at logger.py:129) 
2019-03-02 02:01:58,777 [D]  : : :pass:wc.c:41	(at logger.py:129) 
2019-03-02 02:01:58,777 [D]  : : :pass:wc.c:40	(at logger.py:129) 
2019-03-02 02:01:58,777 [D]  : : :pass:wc.c:39	(at logger.py:129) 
2019-03-02 02:01:58,777 [D]  : : :pass:wc.c:38	(at logger.py:129) 
2019-03-02 02:01:58,788 [D] subprocess cmd: ['source compile.sh /home/bohrok/Documents/DM/output/orbs/wc/3/work'], stdout: b''	(at ex_script.py:45) 
2019-03-02 02:01:58,788 [D] -:F:n:WD_1:wc.c:37	(at logger.py:129) 
2019-03-02 02:01:58,801 [D] subprocess cmd: ['source compile.sh /home/bohrok/Documents/DM/output/orbs/wc/3/work'], stdout: b''	(at ex_script.py:45) 
2019-03-02 02:01:58,801 [D] ┌:F:n:WD_2:wc.c:37	(at logger.py:129) 
2019-03-02 02:01:58,801 [D] └:F:n:WD_2:wc.c:36	(at logger.py:129) 
2019-03-02 02:01:58,846 [D] ┌:P:n:WD_3:wc.c:37	(at logger.py:129) 
2019-03-02 02:01:58,847 [D] |:P:n:WD_3:wc.c:36	(at logger.py:129) 
2019-03-02 02:01:58,847 [D] └:P:n:WD_3:wc.c:35	(at logger.py:129) 
2019-03-02 02:01:58,847 [D]  : : :pass:wc.c:36	(at logger.py:129) 
2019-03-02 02:01:58,847 [D]  : : :pass:wc.c:35	(at logger.py:129) 
2019-03-02 02:01:58,857 [D] subprocess cmd: ['source compile.sh /home/bohrok/Documents/DM/output/orbs/wc/3/work'], stdout: b''	(at ex_script.py:45) 
2019-03-02 02:01:58,857 [D] -:F:n:WD_1:wc.c:34	(at logger.py:129) 
2019-03-02 02:01:58,870 [D] subprocess cmd: ['source compile.sh /home/bohrok/Documents/DM/output/orbs/wc/3/work'], stdout: b''	(at ex_script.py:45) 
2019-03-02 02:01:58,870 [D] ┌:F:n:WD_2:wc.c:34	(at logger.py:129) 
2019-03-02 02:01:58,870 [D] └:F:n:WD_2:wc.c:33	(at logger.py:129) 
2019-03-02 02:01:58,883 [D] subprocess cmd: ['source compile.sh /home/bohrok/Documents/DM/output/orbs/wc/3/work'], stdout: b''	(at ex_script.py:45) 
2019-03-02 02:01:58,883 [D] ┌:F:n:WD_3:wc.c:34	(at logger.py:129) 
2019-03-02 02:01:58,883 [D] |:F:n:WD_3:wc.c:33	(at logger.py:129) 
2019-03-02 02:01:58,884 [D] └:F:n:WD_3:wc.c:28	(at logger.py:129) 
2019-03-02 02:01:58,895 [D] subprocess cmd: ['source compile.sh /home/bohrok/Documents/DM/output/orbs/wc/3/work'], stdout: b''	(at ex_script.py:45) 
2019-03-02 02:01:58,895 [D] -:F:n:WD_1:wc.c:33	(at logger.py:129) 
2019-03-02 02:01:58,906 [D] subprocess cmd: ['source compile.sh /home/bohrok/Documents/DM/output/orbs/wc/3/work'], stdout: b''	(at ex_script.py:45) 
2019-03-02 02:01:58,906 [D] ┌:F:n:WD_2:wc.c:33	(at logger.py:129) 
2019-03-02 02:01:58,906 [D] └:F:n:WD_2:wc.c:28	(at logger.py:129) 
2019-03-02 02:01:58,918 [D] subprocess cmd: ['source compile.sh /home/bohrok/Documents/DM/output/orbs/wc/3/work'], stdout: b''	(at ex_script.py:45) 
2019-03-02 02:01:58,919 [D] ┌:F:n:WD_3:wc.c:33	(at logger.py:129) 
2019-03-02 02:01:58,919 [D] |:F:n:WD_3:wc.c:28	(at logger.py:129) 
2019-03-02 02:01:58,919 [D] └:F:n:WD_3:wc.c:25	(at logger.py:129) 
2019-03-02 02:01:58,919 [D]  : : :pass:wc.c:32	(at logger.py:129) 
2019-03-02 02:01:58,919 [D]  : : :pass:wc.c:31	(at logger.py:129) 
2019-03-02 02:01:58,919 [D]  : : :pass:wc.c:30	(at logger.py:129) 
2019-03-02 02:01:58,919 [D]  : : :pass:wc.c:29	(at logger.py:129) 
2019-03-02 02:01:58,930 [D] subprocess cmd: ['source compile.sh /home/bohrok/Documents/DM/output/orbs/wc/3/work'], stdout: b''	(at ex_script.py:45) 
2019-03-02 02:01:58,931 [D] -:F:n:WD_1:wc.c:28	(at logger.py:129) 
2019-03-02 02:01:58,962 [D] ┌:P:c:WD_2:wc.c:28	(at logger.py:129) 
2019-03-02 02:01:58,962 [D] └:P:c:WD_2:wc.c:25	(at logger.py:129) 
2019-03-02 02:01:58,963 [D]  : : :pass:wc.c:27	(at logger.py:129) 
2019-03-02 02:01:58,963 [D]  : : :pass:wc.c:26	(at logger.py:129) 
2019-03-02 02:01:58,963 [D]  : : :pass:wc.c:25	(at logger.py:129) 
2019-03-02 02:01:58,963 [D]  : : :pass:wc.c:24	(at logger.py:129) 
2019-03-02 02:01:58,963 [D]  : : :pass:wc.c:23	(at logger.py:129) 
2019-03-02 02:01:58,963 [D]  : : :pass:wc.c:22	(at logger.py:129) 
2019-03-02 02:01:58,963 [D]  : : :pass:wc.c:21	(at logger.py:129) 
2019-03-02 02:01:58,963 [D]  : : :pass:wc.c:20	(at logger.py:129) 
2019-03-02 02:01:58,973 [D] subprocess cmd: ['source compile.sh /home/bohrok/Documents/DM/output/orbs/wc/3/work'], stdout: b''	(at ex_script.py:45) 
2019-03-02 02:01:58,974 [D] -:F:n:WD_1:wc.c:19	(at logger.py:129) 
2019-03-02 02:01:58,986 [D] subprocess cmd: ['source compile.sh /home/bohrok/Documents/DM/output/orbs/wc/3/work'], stdout: b''	(at ex_script.py:45) 
2019-03-02 02:01:58,987 [D] ┌:F:n:WD_2:wc.c:19	(at logger.py:129) 
2019-03-02 02:01:58,987 [D] └:F:n:WD_2:wc.c:16	(at logger.py:129) 
2019-03-02 02:01:58,999 [D] subprocess cmd: ['source compile.sh /home/bohrok/Documents/DM/output/orbs/wc/3/work'], stdout: b''	(at ex_script.py:45) 
2019-03-02 02:01:58,999 [D] ┌:F:n:WD_3:wc.c:19	(at logger.py:129) 
2019-03-02 02:01:58,999 [D] |:F:n:WD_3:wc.c:16	(at logger.py:129) 
2019-03-02 02:01:58,999 [D] └:F:n:WD_3:wc.c:13	(at logger.py:129) 
2019-03-02 02:01:58,999 [D]  : : :pass:wc.c:18	(at logger.py:129) 
2019-03-02 02:01:58,999 [D]  : : :pass:wc.c:17	(at logger.py:129) 
2019-03-02 02:01:59,011 [D] subprocess cmd: ['source compile.sh /home/bohrok/Documents/DM/output/orbs/wc/3/work'], stdout: b''	(at ex_script.py:45) 
2019-03-02 02:01:59,012 [D] -:F:n:WD_1:wc.c:16	(at logger.py:129) 
2019-03-02 02:01:59,022 [D] subprocess cmd: ['source compile.sh /home/bohrok/Documents/DM/output/orbs/wc/3/work'], stdout: b''	(at ex_script.py:45) 
2019-03-02 02:01:59,022 [D] ┌:F:n:WD_2:wc.c:16	(at logger.py:129) 
2019-03-02 02:01:59,022 [D] └:F:n:WD_2:wc.c:13	(at logger.py:129) 
2019-03-02 02:01:59,036 [D] subprocess cmd: ['source compile.sh /home/bohrok/Documents/DM/output/orbs/wc/3/work'], stdout: b''	(at ex_script.py:45) 
2019-03-02 02:01:59,036 [D] ┌:F:n:WD_3:wc.c:16	(at logger.py:129) 
2019-03-02 02:01:59,036 [D] |:F:n:WD_3:wc.c:13	(at logger.py:129) 
2019-03-02 02:01:59,036 [D] └:F:n:WD_3:wc.c:8	(at logger.py:129) 
2019-03-02 02:01:59,036 [D]  : : :pass:wc.c:15	(at logger.py:129) 
2019-03-02 02:01:59,036 [D]  : : :pass:wc.c:14	(at logger.py:129) 
2019-03-02 02:01:59,082 [D] subprocess cmd: ['source execute.sh /home/bohrok/Documents/DM/output/orbs/wc/3/work'], stdout: b''	(at ex_script.py:45) 
2019-03-02 02:01:59,082 [D] -:C:n:WD_1:wc.c:13	(at logger.py:129) 
2019-03-02 02:01:59,111 [D] ┌:C:c:WD_2:wc.c:13	(at logger.py:129) 
2019-03-02 02:01:59,111 [D] └:C:c:WD_2:wc.c:8	(at logger.py:129) 
2019-03-02 02:01:59,122 [D] subprocess cmd: ['source compile.sh /home/bohrok/Documents/DM/output/orbs/wc/3/work'], stdout: b''	(at ex_script.py:45) 
2019-03-02 02:01:59,123 [D] ┌:F:n:WD_3:wc.c:13	(at logger.py:129) 
2019-03-02 02:01:59,123 [D] |:F:n:WD_3:wc.c:8	(at logger.py:129) 
2019-03-02 02:01:59,123 [D] └:F:n:WD_3:wc.c:4	(at logger.py:129) 
2019-03-02 02:01:59,123 [D]  : : :pass:wc.c:12	(at logger.py:129) 
2019-03-02 02:01:59,123 [D]  : : :pass:wc.c:11	(at logger.py:129) 
2019-03-02 02:01:59,123 [D]  : : :pass:wc.c:10	(at logger.py:129) 
2019-03-02 02:01:59,123 [D]  : : :pass:wc.c:9	(at logger.py:129) 
2019-03-02 02:01:59,136 [D] subprocess cmd: ['source compile.sh /home/bohrok/Documents/DM/output/orbs/wc/3/work'], stdout: b''	(at ex_script.py:45) 
2019-03-02 02:01:59,136 [D] -:F:n:WD_1:wc.c:8	(at logger.py:129) 
2019-03-02 02:01:59,148 [D] subprocess cmd: ['source compile.sh /home/bohrok/Documents/DM/output/orbs/wc/3/work'], stdout: b''	(at ex_script.py:45) 
2019-03-02 02:01:59,148 [D] ┌:F:n:WD_2:wc.c:8	(at logger.py:129) 
2019-03-02 02:01:59,148 [D] └:F:n:WD_2:wc.c:4	(at logger.py:129) 
2019-03-02 02:01:59,157 [D] subprocess cmd: ['source compile.sh /home/bohrok/Documents/DM/output/orbs/wc/3/work'], stdout: b''	(at ex_script.py:45) 
2019-03-02 02:01:59,158 [D] ┌:F:n:WD_3:wc.c:8	(at logger.py:129) 
2019-03-02 02:01:59,158 [D] |:F:n:WD_3:wc.c:4	(at logger.py:129) 
2019-03-02 02:01:59,158 [D] └:F:n:WD_3:wc.c:3	(at logger.py:129) 
2019-03-02 02:01:59,158 [D]  : : :pass:wc.c:7	(at logger.py:129) 
2019-03-02 02:01:59,158 [D]  : : :pass:wc.c:6	(at logger.py:129) 
2019-03-02 02:01:59,158 [D]  : : :pass:wc.c:5	(at logger.py:129) 
2019-03-02 02:01:59,170 [D] subprocess cmd: ['source compile.sh /home/bohrok/Documents/DM/output/orbs/wc/3/work'], stdout: b''	(at ex_script.py:45) 
2019-03-02 02:01:59,170 [D] -:F:n:WD_1:wc.c:4	(at logger.py:129) 
2019-03-02 02:01:59,181 [D] subprocess cmd: ['source compile.sh /home/bohrok/Documents/DM/output/orbs/wc/3/work'], stdout: b''	(at ex_script.py:45) 
2019-03-02 02:01:59,181 [D] ┌:F:n:WD_2:wc.c:4	(at logger.py:129) 
2019-03-02 02:01:59,181 [D] └:F:n:WD_2:wc.c:3	(at logger.py:129) 
2019-03-02 02:01:59,181 [D] ┌:F:n:WD_3:wc.c:4	(at logger.py:129) 
2019-03-02 02:01:59,181 [D] └:F:n:WD_3:wc.c:3	(at logger.py:129) 
2019-03-02 02:01:59,191 [D] subprocess cmd: ['source compile.sh /home/bohrok/Documents/DM/output/orbs/wc/3/work'], stdout: b''	(at ex_script.py:45) 
2019-03-02 02:01:59,191 [D] -:F:n:WD_1:wc.c:3	(at logger.py:129) 
2019-03-02 02:01:59,192 [D] -:F:n:WD_2:wc.c:3	(at logger.py:129) 
2019-03-02 02:01:59,192 [D] -:F:n:WD_3:wc.c:3	(at logger.py:129) 
2019-03-02 02:01:59,192 [D]  : : :pass:wc.c:2	(at logger.py:129) 
2019-03-02 02:01:59,192 [D]  : : :pass:wc.c:1	(at logger.py:129) 
2019-03-02 02:01:59,192 [D] comp_cached_cnt:3	(at logger.py:134) 
2019-03-02 02:01:59,192 [D] compile_cnt:31	(at logger.py:134) 
2019-03-02 02:01:59,193 [D] execute_cnt:2	(at logger.py:134) 
2019-03-02 02:01:59,193 [D] fail_del_cnt:2	(at logger.py:134) 
2019-03-02 02:01:59,193 [D] iter_idx:2	(at logger.py:134) 
2019-03-02 02:01:59,193 [D] reuse_cnt:3	(at logger.py:134) 
2019-03-02 02:01:59,193 [D] succ_del_cnt:3	(at logger.py:134) 
2019-03-02 02:01:59,193 [D] time:0.4920005798339844	(at logger.py:134) 
2019-03-02 02:01:59,193 [D] deletion:39	(at logger.py:136) 
2019-03-02 02:01:59,193 [I] Iteration 2 finished	(at orbs.py:87) 
2019-03-02 02:01:59,206 [D] subprocess cmd: ['source compile.sh /home/bohrok/Documents/DM/output/orbs/wc/3/work'], stdout: b''	(at ex_script.py:45) 
2019-03-02 02:01:59,206 [D] -:F:n:WD_1:wc.c:48	(at logger.py:129) 
2019-03-02 02:01:59,219 [D] subprocess cmd: ['source compile.sh /home/bohrok/Documents/DM/output/orbs/wc/3/work'], stdout: b''	(at ex_script.py:45) 
2019-03-02 02:01:59,219 [D] ┌:F:n:WD_2:wc.c:48	(at logger.py:129) 
2019-03-02 02:01:59,219 [D] └:F:n:WD_2:wc.c:34	(at logger.py:129) 
2019-03-02 02:01:59,230 [D] subprocess cmd: ['source compile.sh /home/bohrok/Documents/DM/output/orbs/wc/3/work'], stdout: b''	(at ex_script.py:45) 
2019-03-02 02:01:59,230 [D] ┌:F:n:WD_3:wc.c:48	(at logger.py:129) 
2019-03-02 02:01:59,230 [D] |:F:n:WD_3:wc.c:34	(at logger.py:129) 
2019-03-02 02:01:59,230 [D] └:F:n:WD_3:wc.c:33	(at logger.py:129) 
2019-03-02 02:01:59,230 [D]  : : :pass:wc.c:47	(at logger.py:129) 
2019-03-02 02:01:59,231 [D]  : : :pass:wc.c:46	(at logger.py:129) 
2019-03-02 02:01:59,231 [D]  : : :pass:wc.c:45	(at logger.py:129) 
2019-03-02 02:01:59,231 [D]  : : :pass:wc.c:44	(at logger.py:129) 
2019-03-02 02:01:59,231 [D]  : : :pass:wc.c:43	(at logger.py:129) 
2019-03-02 02:01:59,231 [D]  : : :pass:wc.c:42	(at logger.py:129) 
2019-03-02 02:01:59,231 [D]  : : :pass:wc.c:41	(at logger.py:129) 
2019-03-02 02:01:59,231 [D]  : : :pass:wc.c:40	(at logger.py:129) 
2019-03-02 02:01:59,231 [D]  : : :pass:wc.c:39	(at logger.py:129) 
2019-03-02 02:01:59,231 [D]  : : :pass:wc.c:38	(at logger.py:129) 
2019-03-02 02:01:59,231 [D]  : : :pass:wc.c:37	(at logger.py:129) 
2019-03-02 02:01:59,231 [D]  : : :pass:wc.c:36	(at logger.py:129) 
2019-03-02 02:01:59,231 [D]  : : :pass:wc.c:35	(at logger.py:129) 
2019-03-02 02:01:59,243 [D] subprocess cmd: ['source compile.sh /home/bohrok/Documents/DM/output/orbs/wc/3/work'], stdout: b''	(at ex_script.py:45) 
2019-03-02 02:01:59,243 [D] -:F:n:WD_1:wc.c:34	(at logger.py:129) 
2019-03-02 02:01:59,254 [D] subprocess cmd: ['source compile.sh /home/bohrok/Documents/DM/output/orbs/wc/3/work'], stdout: b''	(at ex_script.py:45) 
2019-03-02 02:01:59,254 [D] ┌:F:n:WD_2:wc.c:34	(at logger.py:129) 
2019-03-02 02:01:59,254 [D] └:F:n:WD_2:wc.c:33	(at logger.py:129) 
2019-03-02 02:01:59,266 [D] subprocess cmd: ['source compile.sh /home/bohrok/Documents/DM/output/orbs/wc/3/work'], stdout: b''	(at ex_script.py:45) 
2019-03-02 02:01:59,266 [D] ┌:F:n:WD_3:wc.c:34	(at logger.py:129) 
2019-03-02 02:01:59,266 [D] |:F:n:WD_3:wc.c:33	(at logger.py:129) 
2019-03-02 02:01:59,266 [D] └:F:n:WD_3:wc.c:19	(at logger.py:129) 
2019-03-02 02:01:59,266 [D] -:F:n:WD_1:wc.c:33	(at logger.py:129) 
2019-03-02 02:01:59,300 [D] ┌:P:c:WD_2:wc.c:33	(at logger.py:129) 
2019-03-02 02:01:59,300 [D] └:P:c:WD_2:wc.c:19	(at logger.py:129) 
2019-03-02 02:01:59,300 [D]  : : :pass:wc.c:32	(at logger.py:129) 
2019-03-02 02:01:59,300 [D]  : : :pass:wc.c:31	(at logger.py:129) 
2019-03-02 02:01:59,300 [D]  : : :pass:wc.c:30	(at logger.py:129) 
2019-03-02 02:01:59,300 [D]  : : :pass:wc.c:29	(at logger.py:129) 
2019-03-02 02:01:59,300 [D]  : : :pass:wc.c:28	(at logger.py:129) 
2019-03-02 02:01:59,300 [D]  : : :pass:wc.c:27	(at logger.py:129) 
2019-03-02 02:01:59,300 [D]  : : :pass:wc.c:26	(at logger.py:129) 
2019-03-02 02:01:59,300 [D]  : : :pass:wc.c:25	(at logger.py:129) 
2019-03-02 02:01:59,301 [D]  : : :pass:wc.c:24	(at logger.py:129) 
2019-03-02 02:01:59,301 [D]  : : :pass:wc.c:23	(at logger.py:129) 
2019-03-02 02:01:59,301 [D]  : : :pass:wc.c:22	(at logger.py:129) 
2019-03-02 02:01:59,301 [D]  : : :pass:wc.c:21	(at logger.py:129) 
2019-03-02 02:01:59,301 [D]  : : :pass:wc.c:20	(at logger.py:129) 
2019-03-02 02:01:59,301 [D]  : : :pass:wc.c:19	(at logger.py:129) 
2019-03-02 02:01:59,301 [D]  : : :pass:wc.c:18	(at logger.py:129) 
2019-03-02 02:01:59,301 [D]  : : :pass:wc.c:17	(at logger.py:129) 
2019-03-02 02:01:59,312 [D] subprocess cmd: ['source compile.sh /home/bohrok/Documents/DM/output/orbs/wc/3/work'], stdout: b''	(at ex_script.py:45) 
2019-03-02 02:01:59,312 [D] -:F:n:WD_1:wc.c:16	(at logger.py:129) 
2019-03-02 02:01:59,322 [D] subprocess cmd: ['source compile.sh /home/bohrok/Documents/DM/output/orbs/wc/3/work'], stdout: b''	(at ex_script.py:45) 
2019-03-02 02:01:59,323 [D] ┌:F:n:WD_2:wc.c:16	(at logger.py:129) 
2019-03-02 02:01:59,323 [D] └:F:n:WD_2:wc.c:13	(at logger.py:129) 
2019-03-02 02:01:59,336 [D] subprocess cmd: ['source compile.sh /home/bohrok/Documents/DM/output/orbs/wc/3/work'], stdout: b''	(at ex_script.py:45) 
2019-03-02 02:01:59,336 [D] ┌:F:n:WD_3:wc.c:16	(at logger.py:129) 
2019-03-02 02:01:59,336 [D] |:F:n:WD_3:wc.c:13	(at logger.py:129) 
2019-03-02 02:01:59,336 [D] └:F:n:WD_3:wc.c:8	(at logger.py:129) 
2019-03-02 02:01:59,336 [D]  : : :pass:wc.c:15	(at logger.py:129) 
2019-03-02 02:01:59,336 [D]  : : :pass:wc.c:14	(at logger.py:129) 
2019-03-02 02:01:59,370 [D] -:C:c:WD_1:wc.c:13	(at logger.py:129) 
2019-03-02 02:01:59,400 [D] ┌:C:c:WD_2:wc.c:13	(at logger.py:129) 
2019-03-02 02:01:59,400 [D] └:C:c:WD_2:wc.c:8	(at logger.py:129) 
2019-03-02 02:01:59,411 [D] subprocess cmd: ['source compile.sh /home/bohrok/Documents/DM/output/orbs/wc/3/work'], stdout: b''	(at ex_script.py:45) 
2019-03-02 02:01:59,411 [D] ┌:F:n:WD_3:wc.c:13	(at logger.py:129) 
2019-03-02 02:01:59,411 [D] |:F:n:WD_3:wc.c:8	(at logger.py:129) 
2019-03-02 02:01:59,411 [D] └:F:n:WD_3:wc.c:4	(at logger.py:129) 
2019-03-02 02:01:59,411 [D]  : : :pass:wc.c:12	(at logger.py:129) 
2019-03-02 02:01:59,411 [D]  : : :pass:wc.c:11	(at logger.py:129) 
2019-03-02 02:01:59,411 [D]  : : :pass:wc.c:10	(at logger.py:129) 
2019-03-02 02:01:59,412 [D]  : : :pass:wc.c:9	(at logger.py:129) 
2019-03-02 02:01:59,421 [D] subprocess cmd: ['source compile.sh /home/bohrok/Documents/DM/output/orbs/wc/3/work'], stdout: b''	(at ex_script.py:45) 
2019-03-02 02:01:59,421 [D] -:F:n:WD_1:wc.c:8	(at logger.py:129) 
2019-03-02 02:01:59,433 [D] subprocess cmd: ['source compile.sh /home/bohrok/Documents/DM/output/orbs/wc/3/work'], stdout: b''	(at ex_script.py:45) 
2019-03-02 02:01:59,433 [D] ┌:F:n:WD_2:wc.c:8	(at logger.py:129) 
2019-03-02 02:01:59,433 [D] └:F:n:WD_2:wc.c:4	(at logger.py:129) 
2019-03-02 02:01:59,445 [D] subprocess cmd: ['source compile.sh /home/bohrok/Documents/DM/output/orbs/wc/3/work'], stdout: b''	(at ex_script.py:45) 
2019-03-02 02:01:59,446 [D] ┌:F:n:WD_3:wc.c:8	(at logger.py:129) 
2019-03-02 02:01:59,446 [D] |:F:n:WD_3:wc.c:4	(at logger.py:129) 
2019-03-02 02:01:59,446 [D] └:F:n:WD_3:wc.c:3	(at logger.py:129) 
2019-03-02 02:01:59,446 [D]  : : :pass:wc.c:7	(at logger.py:129) 
2019-03-02 02:01:59,446 [D]  : : :pass:wc.c:6	(at logger.py:129) 
2019-03-02 02:01:59,446 [D]  : : :pass:wc.c:5	(at logger.py:129) 
2019-03-02 02:01:59,456 [D] subprocess cmd: ['source compile.sh /home/bohrok/Documents/DM/output/orbs/wc/3/work'], stdout: b''	(at ex_script.py:45) 
2019-03-02 02:01:59,456 [D] -:F:n:WD_1:wc.c:4	(at logger.py:129) 
2019-03-02 02:01:59,468 [D] subprocess cmd: ['source compile.sh /home/bohrok/Documents/DM/output/orbs/wc/3/work'], stdout: b''	(at ex_script.py:45) 
2019-03-02 02:01:59,469 [D] ┌:F:n:WD_2:wc.c:4	(at logger.py:129) 
2019-03-02 02:01:59,469 [D] └:F:n:WD_2:wc.c:3	(at logger.py:129) 
2019-03-02 02:01:59,469 [D] ┌:F:n:WD_3:wc.c:4	(at logger.py:129) 
2019-03-02 02:01:59,469 [D] └:F:n:WD_3:wc.c:3	(at logger.py:129) 
2019-03-02 02:01:59,479 [D] subprocess cmd: ['source compile.sh /home/bohrok/Documents/DM/output/orbs/wc/3/work'], stdout: b''	(at ex_script.py:45) 
2019-03-02 02:01:59,479 [D] -:F:n:WD_1:wc.c:3	(at logger.py:129) 
2019-03-02 02:01:59,479 [D] -:F:n:WD_2:wc.c:3	(at logger.py:129) 
2019-03-02 02:01:59,480 [D] -:F:n:WD_3:wc.c:3	(at logger.py:129) 
2019-03-02 02:01:59,480 [D]  : : :pass:wc.c:2	(at logger.py:129) 
2019-03-02 02:01:59,480 [D]  : : :pass:wc.c:1	(at logger.py:129) 
2019-03-02 02:01:59,480 [D] comp_cached_cnt:4	(at logger.py:134) 
2019-03-02 02:01:59,480 [D] compile_cnt:19	(at logger.py:134) 
2019-03-02 02:01:59,480 [D] execute_cnt:0	(at logger.py:134) 
2019-03-02 02:01:59,480 [D] fail_del_cnt:2	(at logger.py:134) 
2019-03-02 02:01:59,480 [D] iter_idx:3	(at logger.py:134) 
2019-03-02 02:01:59,480 [D] reuse_cnt:3	(at logger.py:134) 
2019-03-02 02:01:59,480 [D] succ_del_cnt:1	(at logger.py:134) 
2019-03-02 02:01:59,480 [D] time:0.2858750820159912	(at logger.py:134) 
2019-03-02 02:01:59,480 [D] deletion:41	(at logger.py:136) 
2019-03-02 02:01:59,481 [I] Iteration 3 finished	(at orbs.py:87) 
2019-03-02 02:01:59,491 [D] subprocess cmd: ['source compile.sh /home/bohrok/Documents/DM/output/orbs/wc/3/work'], stdout: b''	(at ex_script.py:45) 
2019-03-02 02:01:59,491 [D] -:F:n:WD_1:wc.c:48	(at logger.py:129) 
2019-03-02 02:01:59,503 [D] subprocess cmd: ['source compile.sh /home/bohrok/Documents/DM/output/orbs/wc/3/work'], stdout: b''	(at ex_script.py:45) 
2019-03-02 02:01:59,504 [D] ┌:F:n:WD_2:wc.c:48	(at logger.py:129) 
2019-03-02 02:01:59,504 [D] └:F:n:WD_2:wc.c:34	(at logger.py:129) 
2019-03-02 02:01:59,515 [D] subprocess cmd: ['source compile.sh /home/bohrok/Documents/DM/output/orbs/wc/3/work'], stdout: b''	(at ex_script.py:45) 
2019-03-02 02:01:59,515 [D] ┌:F:n:WD_3:wc.c:48	(at logger.py:129) 
2019-03-02 02:01:59,515 [D] |:F:n:WD_3:wc.c:34	(at logger.py:129) 
2019-03-02 02:01:59,515 [D] └:F:n:WD_3:wc.c:16	(at logger.py:129) 
2019-03-02 02:01:59,516 [D]  : : :pass:wc.c:47	(at logger.py:129) 
2019-03-02 02:01:59,516 [D]  : : :pass:wc.c:46	(at logger.py:129) 
2019-03-02 02:01:59,516 [D]  : : :pass:wc.c:45	(at logger.py:129) 
2019-03-02 02:01:59,516 [D]  : : :pass:wc.c:44	(at logger.py:129) 
2019-03-02 02:01:59,516 [D]  : : :pass:wc.c:43	(at logger.py:129) 
2019-03-02 02:01:59,516 [D]  : : :pass:wc.c:42	(at logger.py:129) 
2019-03-02 02:01:59,516 [D]  : : :pass:wc.c:41	(at logger.py:129) 
2019-03-02 02:01:59,516 [D]  : : :pass:wc.c:40	(at logger.py:129) 
2019-03-02 02:01:59,516 [D]  : : :pass:wc.c:39	(at logger.py:129) 
2019-03-02 02:01:59,516 [D]  : : :pass:wc.c:38	(at logger.py:129) 
2019-03-02 02:01:59,516 [D]  : : :pass:wc.c:37	(at logger.py:129) 
2019-03-02 02:01:59,516 [D]  : : :pass:wc.c:36	(at logger.py:129) 
2019-03-02 02:01:59,516 [D]  : : :pass:wc.c:35	(at logger.py:129) 
2019-03-02 02:01:59,516 [D] -:F:n:WD_1:wc.c:34	(at logger.py:129) 
2019-03-02 02:01:59,552 [D] ┌:P:c:WD_2:wc.c:34	(at logger.py:129) 
2019-03-02 02:01:59,552 [D] └:P:c:WD_2:wc.c:16	(at logger.py:129) 
2019-03-02 02:01:59,552 [D]  : : :pass:wc.c:33	(at logger.py:129) 
2019-03-02 02:01:59,552 [D]  : : :pass:wc.c:32	(at logger.py:129) 
2019-03-02 02:01:59,552 [D]  : : :pass:wc.c:31	(at logger.py:129) 
2019-03-02 02:01:59,552 [D]  : : :pass:wc.c:30	(at logger.py:129) 
2019-03-02 02:01:59,552 [D]  : : :pass:wc.c:29	(at logger.py:129) 
2019-03-02 02:01:59,552 [D]  : : :pass:wc.c:28	(at logger.py:129) 
2019-03-02 02:01:59,553 [D]  : : :pass:wc.c:27	(at logger.py:129) 
2019-03-02 02:01:59,553 [D]  : : :pass:wc.c:26	(at logger.py:129) 
2019-03-02 02:01:59,553 [D]  : : :pass:wc.c:25	(at logger.py:129) 
2019-03-02 02:01:59,553 [D]  : : :pass:wc.c:24	(at logger.py:129) 
2019-03-02 02:01:59,553 [D]  : : :pass:wc.c:23	(at logger.py:129) 
2019-03-02 02:01:59,553 [D]  : : :pass:wc.c:22	(at logger.py:129) 
2019-03-02 02:01:59,553 [D]  : : :pass:wc.c:21	(at logger.py:129) 
2019-03-02 02:01:59,553 [D]  : : :pass:wc.c:20	(at logger.py:129) 
2019-03-02 02:01:59,553 [D]  : : :pass:wc.c:19	(at logger.py:129) 
2019-03-02 02:01:59,553 [D]  : : :pass:wc.c:18	(at logger.py:129) 
2019-03-02 02:01:59,553 [D]  : : :pass:wc.c:17	(at logger.py:129) 
2019-03-02 02:01:59,553 [D]  : : :pass:wc.c:16	(at logger.py:129) 
2019-03-02 02:01:59,553 [D]  : : :pass:wc.c:15	(at logger.py:129) 
2019-03-02 02:01:59,553 [D]  : : :pass:wc.c:14	(at logger.py:129) 
2019-03-02 02:01:59,584 [D] -:C:c:WD_1:wc.c:13	(at logger.py:129) 
2019-03-02 02:01:59,612 [D] ┌:C:c:WD_2:wc.c:13	(at logger.py:129) 
2019-03-02 02:01:59,612 [D] └:C:c:WD_2:wc.c:8	(at logger.py:129) 
2019-03-02 02:01:59,622 [D] subprocess cmd: ['source compile.sh /home/bohrok/Documents/DM/output/orbs/wc/3/work'], stdout: b''	(at ex_script.py:45) 
2019-03-02 02:01:59,622 [D] ┌:F:n:WD_3:wc.c:13	(at logger.py:129) 
2019-03-02 02:01:59,622 [D] |:F:n:WD_3:wc.c:8	(at logger.py:129) 
2019-03-02 02:01:59,622 [D] └:F:n:WD_3:wc.c:4	(at logger.py:129) 
2019-03-02 02:01:59,622 [D]  : : :pass:wc.c:12	(at logger.py:129) 
2019-03-02 02:01:59,622 [D]  : : :pass:wc.c:11	(at logger.py:129) 
2019-03-02 02:01:59,622 [D]  : : :pass:wc.c:10	(at logger.py:129) 
2019-03-02 02:01:59,622 [D]  : : :pass:wc.c:9	(at logger.py:129) 
2019-03-02 02:01:59,635 [D] subprocess cmd: ['source compile.sh /home/bohrok/Documents/DM/output/orbs/wc/3/work'], stdout: b''	(at ex_script.py:45) 
2019-03-02 02:01:59,635 [D] -:F:n:WD_1:wc.c:8	(at logger.py:129) 
2019-03-02 02:01:59,646 [D] subprocess cmd: ['source compile.sh /home/bohrok/Documents/DM/output/orbs/wc/3/work'], stdout: b''	(at ex_script.py:45) 
2019-03-02 02:01:59,647 [D] ┌:F:n:WD_2:wc.c:8	(at logger.py:129) 
2019-03-02 02:01:59,647 [D] └:F:n:WD_2:wc.c:4	(at logger.py:129) 
2019-03-02 02:01:59,656 [D] subprocess cmd: ['source compile.sh /home/bohrok/Documents/DM/output/orbs/wc/3/work'], stdout: b''	(at ex_script.py:45) 
2019-03-02 02:01:59,656 [D] ┌:F:n:WD_3:wc.c:8	(at logger.py:129) 
2019-03-02 02:01:59,656 [D] |:F:n:WD_3:wc.c:4	(at logger.py:129) 
2019-03-02 02:01:59,656 [D] └:F:n:WD_3:wc.c:3	(at logger.py:129) 
2019-03-02 02:01:59,656 [D]  : : :pass:wc.c:7	(at logger.py:129) 
2019-03-02 02:01:59,656 [D]  : : :pass:wc.c:6	(at logger.py:129) 
2019-03-02 02:01:59,657 [D]  : : :pass:wc.c:5	(at logger.py:129) 
2019-03-02 02:01:59,671 [D] subprocess cmd: ['source compile.sh /home/bohrok/Documents/DM/output/orbs/wc/3/work'], stdout: b''	(at ex_script.py:45) 
2019-03-02 02:01:59,671 [D] -:F:n:WD_1:wc.c:4	(at logger.py:129) 
2019-03-02 02:01:59,683 [D] subprocess cmd: ['source compile.sh /home/bohrok/Documents/DM/output/orbs/wc/3/work'], stdout: b''	(at ex_script.py:45) 
2019-03-02 02:01:59,683 [D] ┌:F:n:WD_2:wc.c:4	(at logger.py:129) 
2019-03-02 02:01:59,683 [D] └:F:n:WD_2:wc.c:3	(at logger.py:129) 
2019-03-02 02:01:59,683 [D] ┌:F:n:WD_3:wc.c:4	(at logger.py:129) 
2019-03-02 02:01:59,683 [D] └:F:n:WD_3:wc.c:3	(at logger.py:129) 
2019-03-02 02:01:59,694 [D] subprocess cmd: ['source compile.sh /home/bohrok/Documents/DM/output/orbs/wc/3/work'], stdout: b''	(at ex_script.py:45) 
2019-03-02 02:01:59,694 [D] -:F:n:WD_1:wc.c:3	(at logger.py:129) 
2019-03-02 02:01:59,694 [D] -:F:n:WD_2:wc.c:3	(at logger.py:129) 
2019-03-02 02:01:59,694 [D] -:F:n:WD_3:wc.c:3	(at logger.py:129) 
2019-03-02 02:01:59,694 [D]  : : :pass:wc.c:2	(at logger.py:129) 
2019-03-02 02:01:59,695 [D]  : : :pass:wc.c:1	(at logger.py:129) 
2019-03-02 02:01:59,695 [D] comp_cached_cnt:4	(at logger.py:134) 
2019-03-02 02:01:59,695 [D] compile_cnt:13	(at logger.py:134) 
2019-03-02 02:01:59,695 [D] execute_cnt:0	(at logger.py:134) 
2019-03-02 02:01:59,695 [D] fail_del_cnt:2	(at logger.py:134) 
2019-03-02 02:01:59,695 [D] iter_idx:4	(at logger.py:134) 
2019-03-02 02:01:59,695 [D] reuse_cnt:3	(at logger.py:134) 
2019-03-02 02:01:59,695 [D] succ_del_cnt:1	(at logger.py:134) 
2019-03-02 02:01:59,695 [D] time:0.2136211395263672	(at logger.py:134) 
2019-03-02 02:01:59,695 [D] deletion:43	(at logger.py:136) 
2019-03-02 02:01:59,696 [I] Iteration 4 finished	(at orbs.py:87) 
2019-03-02 02:01:59,696 [D] -:F:n:WD_1:wc.c:48	(at logger.py:129) 
2019-03-02 02:01:59,706 [D] subprocess cmd: ['source compile.sh /home/bohrok/Documents/DM/output/orbs/wc/3/work'], stdout: b''	(at ex_script.py:45) 
2019-03-02 02:01:59,707 [D] ┌:F:n:WD_2:wc.c:48	(at logger.py:129) 
2019-03-02 02:01:59,707 [D] └:F:n:WD_2:wc.c:13	(at logger.py:129) 
2019-03-02 02:01:59,719 [D] subprocess cmd: ['source compile.sh /home/bohrok/Documents/DM/output/orbs/wc/3/work'], stdout: b''	(at ex_script.py:45) 
2019-03-02 02:01:59,720 [D] ┌:F:n:WD_3:wc.c:48	(at logger.py:129) 
2019-03-02 02:01:59,720 [D] |:F:n:WD_3:wc.c:13	(at logger.py:129) 
2019-03-02 02:01:59,720 [D] └:F:n:WD_3:wc.c:8	(at logger.py:129) 
2019-03-02 02:01:59,720 [D]  : : :pass:wc.c:47	(at logger.py:129) 
2019-03-02 02:01:59,720 [D]  : : :pass:wc.c:46	(at logger.py:129) 
2019-03-02 02:01:59,720 [D]  : : :pass:wc.c:45	(at logger.py:129) 
2019-03-02 02:01:59,720 [D]  : : :pass:wc.c:44	(at logger.py:129) 
2019-03-02 02:01:59,720 [D]  : : :pass:wc.c:43	(at logger.py:129) 
2019-03-02 02:01:59,720 [D]  : : :pass:wc.c:42	(at logger.py:129) 
2019-03-02 02:01:59,720 [D]  : : :pass:wc.c:41	(at logger.py:129) 
2019-03-02 02:01:59,720 [D]  : : :pass:wc.c:40	(at logger.py:129) 
2019-03-02 02:01:59,720 [D]  : : :pass:wc.c:39	(at logger.py:129) 
2019-03-02 02:01:59,720 [D]  : : :pass:wc.c:38	(at logger.py:129) 
2019-03-02 02:01:59,720 [D]  : : :pass:wc.c:37	(at logger.py:129) 
2019-03-02 02:01:59,720 [D]  : : :pass:wc.c:36	(at logger.py:129) 
2019-03-02 02:01:59,720 [D]  : : :pass:wc.c:35	(at logger.py:129) 
2019-03-02 02:01:59,720 [D]  : : :pass:wc.c:34	(at logger.py:129) 
2019-03-02 02:01:59,721 [D]  : : :pass:wc.c:33	(at logger.py:129) 
2019-03-02 02:01:59,721 [D]  : : :pass:wc.c:32	(at logger.py:129) 
2019-03-02 02:01:59,721 [D]  : : :pass:wc.c:31	(at logger.py:129) 
2019-03-02 02:01:59,721 [D]  : : :pass:wc.c:30	(at logger.py:129) 
2019-03-02 02:01:59,721 [D]  : : :pass:wc.c:29	(at logger.py:129) 
2019-03-02 02:01:59,721 [D]  : : :pass:wc.c:28	(at logger.py:129) 
2019-03-02 02:01:59,721 [D]  : : :pass:wc.c:27	(at logger.py:129) 
2019-03-02 02:01:59,721 [D]  : : :pass:wc.c:26	(at logger.py:129) 
2019-03-02 02:01:59,721 [D]  : : :pass:wc.c:25	(at logger.py:129) 
2019-03-02 02:01:59,721 [D]  : : :pass:wc.c:24	(at logger.py:129) 
2019-03-02 02:01:59,721 [D]  : : :pass:wc.c:23	(at logger.py:129) 
2019-03-02 02:01:59,721 [D]  : : :pass:wc.c:22	(at logger.py:129) 
2019-03-02 02:01:59,721 [D]  : : :pass:wc.c:21	(at logger.py:129) 
2019-03-02 02:01:59,721 [D]  : : :pass:wc.c:20	(at logger.py:129) 
2019-03-02 02:01:59,721 [D]  : : :pass:wc.c:19	(at logger.py:129) 
2019-03-02 02:01:59,721 [D]  : : :pass:wc.c:18	(at logger.py:129) 
2019-03-02 02:01:59,721 [D]  : : :pass:wc.c:17	(at logger.py:129) 
2019-03-02 02:01:59,721 [D]  : : :pass:wc.c:16	(at logger.py:129) 
2019-03-02 02:01:59,722 [D]  : : :pass:wc.c:15	(at logger.py:129) 
2019-03-02 02:01:59,722 [D]  : : :pass:wc.c:14	(at logger.py:129) 
2019-03-02 02:01:59,722 [D] -:C:c:WD_1:wc.c:13	(at logger.py:129) 
2019-03-02 02:01:59,722 [D] ┌:C:c:WD_2:wc.c:13	(at logger.py:129) 
2019-03-02 02:01:59,722 [D] └:C:c:WD_2:wc.c:8	(at logger.py:129) 
2019-03-02 02:01:59,722 [D] ┌:F:n:WD_3:wc.c:13	(at logger.py:129) 
2019-03-02 02:01:59,722 [D] |:F:n:WD_3:wc.c:8	(at logger.py:129) 
2019-03-02 02:01:59,722 [D] └:F:n:WD_3:wc.c:4	(at logger.py:129) 
2019-03-02 02:01:59,722 [D]  : : :pass:wc.c:12	(at logger.py:129) 
2019-03-02 02:01:59,722 [D]  : : :pass:wc.c:11	(at logger.py:129) 
2019-03-02 02:01:59,722 [D]  : : :pass:wc.c:10	(at logger.py:129) 
2019-03-02 02:01:59,722 [D]  : : :pass:wc.c:9	(at logger.py:129) 
2019-03-02 02:01:59,722 [D] -:F:n:WD_1:wc.c:8	(at logger.py:129) 
2019-03-02 02:01:59,722 [D] ┌:F:n:WD_2:wc.c:8	(at logger.py:129) 
2019-03-02 02:01:59,722 [D] └:F:n:WD_2:wc.c:4	(at logger.py:129) 
2019-03-02 02:01:59,723 [D] ┌:F:n:WD_3:wc.c:8	(at logger.py:129) 
2019-03-02 02:01:59,723 [D] |:F:n:WD_3:wc.c:4	(at logger.py:129) 
2019-03-02 02:01:59,723 [D] └:F:n:WD_3:wc.c:3	(at logger.py:129) 
2019-03-02 02:01:59,723 [D]  : : :pass:wc.c:7	(at logger.py:129) 
2019-03-02 02:01:59,723 [D]  : : :pass:wc.c:6	(at logger.py:129) 
2019-03-02 02:01:59,723 [D]  : : :pass:wc.c:5	(at logger.py:129) 
2019-03-02 02:01:59,723 [D] -:F:n:WD_1:wc.c:4	(at logger.py:129) 
2019-03-02 02:01:59,723 [D] ┌:F:n:WD_2:wc.c:4	(at logger.py:129) 
2019-03-02 02:01:59,723 [D] └:F:n:WD_2:wc.c:3	(at logger.py:129) 
2019-03-02 02:01:59,723 [D] ┌:F:n:WD_3:wc.c:4	(at logger.py:129) 
2019-03-02 02:01:59,723 [D] └:F:n:WD_3:wc.c:3	(at logger.py:129) 
2019-03-02 02:01:59,723 [D] -:F:n:WD_1:wc.c:3	(at logger.py:129) 
2019-03-02 02:01:59,724 [D] -:F:n:WD_2:wc.c:3	(at logger.py:129) 
2019-03-02 02:01:59,724 [D] -:F:n:WD_3:wc.c:3	(at logger.py:129) 
2019-03-02 02:01:59,724 [D]  : : :pass:wc.c:2	(at logger.py:129) 
2019-03-02 02:01:59,724 [D]  : : :pass:wc.c:1	(at logger.py:129) 
2019-03-02 02:01:59,724 [D] comp_cached_cnt:13	(at logger.py:134) 
2019-03-02 02:01:59,724 [D] compile_cnt:2	(at logger.py:134) 
2019-03-02 02:01:59,724 [D] execute_cnt:0	(at logger.py:134) 
2019-03-02 02:01:59,724 [D] fail_del_cnt:2	(at logger.py:134) 
2019-03-02 02:01:59,724 [D] iter_idx:5	(at logger.py:134) 
2019-03-02 02:01:59,724 [D] reuse_cnt:2	(at logger.py:134) 
2019-03-02 02:01:59,725 [D] succ_del_cnt:0	(at logger.py:134) 
2019-03-02 02:01:59,725 [D] time:0.028371810913085938	(at logger.py:134) 
2019-03-02 02:01:59,725 [D] deletion:43	(at logger.py:136) 
2019-03-02 02:01:59,725 [I] Iteration 5 finished	(at orbs.py:87) 
2019-03-02 02:01:59,725 [D] total_lines:48	(at logger.py:74) 
2019-03-02 02:01:59,725 [D] iteration_cnt:5	(at logger.py:75) 
2019-03-02 02:01:59,725 [D] comp_cached_cnt:24	(at logger.py:79) 
2019-03-02 02:01:59,725 [D] compile_cnt:145	(at logger.py:79) 
2019-03-02 02:01:59,725 [D] execute_cnt:18	(at logger.py:79) 
2019-03-02 02:01:59,725 [D] fail_del_cnt:11	(at logger.py:79) 
2019-03-02 02:01:59,725 [D] reuse_cnt:23	(at logger.py:79) 
2019-03-02 02:01:59,725 [D] succ_del_cnt:30	(at logger.py:79) 
2019-03-02 02:01:59,725 [D] time:3.0205419063568115	(at logger.py:80) 
2019-03-02 02:01:59,725 [D] deletion:43	(at logger.py:82) 
2019-03-02 02:01:59,726 [I] ORBS fin.	(at orbs.py:91) 
2019-03-02 02:01:59,726 [I] ===== END - RUN ==============================================	(at main.py:95) 
2019-03-02 02:01:59,726 [I] 	(at main.py:96) 
