2019-01-26 01:23:38,941 [I] expr_path: /home/bohrok/Documents/DM/model/mbe/ff2l/logistic	(at model.py:162) 
2019-01-26 01:23:39,068 [I] factor_size: 21	(at model.py:114) 
2019-01-26 01:23:39,068 [I] response_size: 16	(at model.py:115) 
2019-01-26 01:23:39,097 [I] Criteria path loaded (path:test/mbe/scripts/test/criteria)	(at model.py:45) 
2019-01-26 01:23:39,098 [I] unique response cnt: 3	(at model.py:173) 
2019-01-26 01:23:39,098 [I] 1 1 0 0 0 0 0 0 0 0 0 0 0 0 0 0	(at model.py:175) 
2019-01-26 01:23:39,098 [I] 1 0 0 0 0 0 0 0 0 0 0 0 0 0 0 0	(at model.py:175) 
2019-01-26 01:23:39,098 [I] 1 1 1 1 1 1 1 1 1 1 1 1 1 1 1 1	(at model.py:175) 
2019-01-26 01:23:39,098 [I] Criterion ORBS:22:14:j (1): response_idx:2, vector_idx:23	(at model.py:128) 
2019-01-26 01:23:39,103 [I] inferred factor:
[0 0 0 0 0 0 0 0 0 0 0 0 0 0 0 0 0 0 0 0 0]	(at model.py:138) 
2019-01-26 01:23:39,340 [I] succ: True	(at model.py:143) 
2019-01-26 01:23:39,340 [I] response:
[1 1 1 1 1 1 1 1 1 1 1 1 1 1 1 1]	(at model.py:144) 
2019-01-26 01:23:39,341 [I] Criterion ORBS:24:15:k (2): response_idx:3, vector_idx:24	(at model.py:128) 
2019-01-26 01:23:39,348 [I] inferred factor:
[0 0 0 0 0 0 0 0 0 0 0 0 0 0 0 0 0 0 0 0 0]	(at model.py:138) 
2019-01-26 01:23:39,543 [I] succ: True	(at model.py:143) 
2019-01-26 01:23:39,544 [I] response:
[1 1 1 1 1 1 1 1 1 1 1 1 1 1 1 1]	(at model.py:144) 
2019-01-26 01:23:39,544 [I] Criterion ORBS:26:20:k (3): response_idx:4, vector_idx:25	(at model.py:128) 
2019-01-26 01:23:39,549 [I] inferred factor:
[0 0 0 0 0 0 0 0 0 0 0 0 0 0 0 0 0 0 0 0 0]	(at model.py:138) 
2019-01-26 01:23:39,819 [I] succ: True	(at model.py:143) 
2019-01-26 01:23:39,820 [I] response:
[1 1 1 1 1 1 1 1 1 1 1 1 1 1 1 1]	(at model.py:144) 
2019-01-26 01:23:39,820 [I] Criterion ORBS:26:13:k (4): response_idx:5, vector_idx:26	(at model.py:128) 
2019-01-26 01:23:39,824 [I] inferred factor:
[0 0 0 0 0 0 0 0 0 0 0 0 0 0 0 0 0 0 0 0 0]	(at model.py:138) 
2019-01-26 01:23:40,209 [I] succ: True	(at model.py:143) 
2019-01-26 01:23:40,210 [I] response:
[1 1 1 1 1 1 1 1 1 1 1 1 1 1 1 1]	(at model.py:144) 
2019-01-26 01:23:40,210 [I] Criterion ORBS:30:20:k (5): response_idx:6, vector_idx:27	(at model.py:128) 
2019-01-26 01:23:40,214 [I] inferred factor:
[0 0 0 0 0 0 0 0 0 0 0 0 0 0 0 0 0 0 0 0 0]	(at model.py:138) 
2019-01-26 01:23:40,449 [I] succ: True	(at model.py:143) 
2019-01-26 01:23:40,449 [I] response:
[1 1 1 1 1 1 1 1 1 1 1 1 1 1 1 1]	(at model.py:144) 
2019-01-26 01:23:40,449 [I] Criterion ORBS:30:13:k (6): response_idx:7, vector_idx:28	(at model.py:128) 
2019-01-26 01:23:40,453 [I] inferred factor:
[0 0 0 0 0 0 0 0 0 0 0 0 0 0 0 0 0 0 0 0 0]	(at model.py:138) 
2019-01-26 01:23:40,695 [I] succ: True	(at model.py:143) 
2019-01-26 01:23:40,696 [I] response:
[1 1 1 1 1 1 1 1 1 1 1 1 1 1 1 1]	(at model.py:144) 
2019-01-26 01:23:40,697 [I] Criterion ORBS:31:20:j (7): response_idx:8, vector_idx:29	(at model.py:128) 
2019-01-26 01:23:40,701 [I] inferred factor:
[0 0 0 0 0 0 0 0 0 0 0 0 0 0 0 0 0 0 0 0 0]	(at model.py:138) 
2019-01-26 01:23:40,917 [I] succ: True	(at model.py:143) 
2019-01-26 01:23:40,918 [I] response:
[1 1 1 1 1 1 1 1 1 1 1 1 1 1 1 1]	(at model.py:144) 
2019-01-26 01:23:40,918 [I] Criterion ORBS:31:13:j (8): response_idx:9, vector_idx:30	(at model.py:128) 
2019-01-26 01:23:40,920 [I] inferred factor:
[0 0 0 0 0 0 0 0 0 0 0 0 0 0 0 0 0 0 0 0 0]	(at model.py:138) 
2019-01-26 01:23:41,141 [I] succ: True	(at model.py:143) 
2019-01-26 01:23:41,141 [I] response:
[1 1 1 1 1 1 1 1 1 1 1 1 1 1 1 1]	(at model.py:144) 
2019-01-26 01:23:41,142 [I] Criterion ORBS:34:20:j (9): response_idx:10, vector_idx:31	(at model.py:128) 
2019-01-26 01:23:41,144 [I] inferred factor:
[0 0 0 0 0 0 0 0 0 0 0 0 0 0 0 0 0 0 0 0 0]	(at model.py:138) 
2019-01-26 01:23:41,388 [I] succ: True	(at model.py:143) 
2019-01-26 01:23:41,389 [I] response:
[1 1 1 1 1 1 1 1 1 1 1 1 1 1 1 1]	(at model.py:144) 
2019-01-26 01:23:41,389 [I] Criterion ORBS:39:8:j (10): response_idx:11, vector_idx:32	(at model.py:128) 
2019-01-26 01:23:41,392 [I] inferred factor:
[0 0 0 0 0 0 0 0 0 0 0 0 0 0 0 0 0 0 0 0 0]	(at model.py:138) 
2019-01-26 01:23:41,640 [I] succ: True	(at model.py:143) 
2019-01-26 01:23:41,641 [I] response:
[1 1 1 1 1 1 1 1 1 1 1 1 1 1 1 1]	(at model.py:144) 
2019-01-26 01:23:41,641 [I] Criterion ORBS:51:8:k (11): response_idx:12, vector_idx:33	(at model.py:128) 
2019-01-26 01:23:41,644 [I] inferred factor:
[0 0 0 0 0 0 0 0 0 0 0 0 0 0 0 0 0 0 0 0 0]	(at model.py:138) 
2019-01-26 01:23:41,874 [I] succ: True	(at model.py:143) 
2019-01-26 01:23:41,874 [I] response:
[1 1 1 1 1 1 1 1 1 1 1 1 1 1 1 1]	(at model.py:144) 
2019-01-26 01:23:41,875 [I] Criterion ORBS:61:12:k (12): response_idx:13, vector_idx:34	(at model.py:128) 
2019-01-26 01:23:41,878 [I] inferred factor:
[0 0 0 0 0 0 0 0 0 0 0 0 0 0 0 0 0 0 0 0 0]	(at model.py:138) 
2019-01-26 01:23:42,099 [I] succ: True	(at model.py:143) 
2019-01-26 01:23:42,101 [I] response:
[1 1 1 1 1 1 1 1 1 1 1 1 1 1 1 1]	(at model.py:144) 
2019-01-26 01:23:42,101 [I] Criterion ORBS:66:12:k (13): response_idx:14, vector_idx:35	(at model.py:128) 
2019-01-26 01:23:42,104 [I] inferred factor:
[0 0 0 0 0 0 0 0 0 0 0 0 0 0 0 0 0 0 0 0 0]	(at model.py:138) 
2019-01-26 01:23:42,356 [I] succ: True	(at model.py:143) 
2019-01-26 01:23:42,357 [I] response:
[1 1 1 1 1 1 1 1 1 1 1 1 1 1 1 1]	(at model.py:144) 
2019-01-26 01:23:42,357 [I] Criterion ORBS:71:12:j (14): response_idx:15, vector_idx:36	(at model.py:128) 
2019-01-26 01:23:42,360 [I] inferred factor:
[0 0 0 0 0 0 0 0 0 0 0 0 0 0 0 0 0 0 0 0 0]	(at model.py:138) 
2019-01-26 01:23:42,692 [I] succ: True	(at model.py:143) 
2019-01-26 01:23:42,692 [I] response:
[1 1 1 1 1 1 1 1 1 1 1 1 1 1 1 1]	(at model.py:144) 
2019-01-26 01:23:42,693 [I] success rate: 1.0	(at model.py:184) 
