2019-02-12 21:28:42,821 [D] -:F:n:WD_1:mbe.c:79	(at logger.py:129) 
2019-02-12 21:28:42,848 [D] ┌:F:n:WD_2:mbe.c:79	(at logger.py:129) 
2019-02-12 21:28:42,848 [D] └:F:n:WD_2:mbe.c:78	(at logger.py:129) 
2019-02-12 21:28:42,868 [D] ┌:F:n:WD_3:mbe.c:79	(at logger.py:129) 
2019-02-12 21:28:42,868 [D] |:F:n:WD_3:mbe.c:78	(at logger.py:129) 
2019-02-12 21:28:42,868 [D] └:F:n:WD_3:mbe.c:77	(at logger.py:129) 
2019-02-12 21:28:42,926 [D] -:P:n:WD_1:mbe.c:78	(at logger.py:129) 
2019-02-12 21:28:42,947 [D] -:F:n:WD_1:mbe.c:77	(at logger.py:129) 
2019-02-12 21:28:42,967 [D] ┌:F:n:WD_2:mbe.c:77	(at logger.py:129) 
2019-02-12 21:28:42,967 [D] └:F:n:WD_2:mbe.c:76	(at logger.py:129) 
2019-02-12 21:28:42,988 [D] ┌:F:n:WD_3:mbe.c:77	(at logger.py:129) 
2019-02-12 21:28:42,988 [D] |:F:n:WD_3:mbe.c:76	(at logger.py:129) 
2019-02-12 21:28:42,989 [D] └:F:n:WD_3:mbe.c:75	(at logger.py:129) 
2019-02-12 21:28:43,009 [D] -:F:n:WD_1:mbe.c:76	(at logger.py:129) 
2019-02-12 21:28:43,037 [D] ┌:F:n:WD_2:mbe.c:76	(at logger.py:129) 
2019-02-12 21:28:43,037 [D] └:F:n:WD_2:mbe.c:75	(at logger.py:129) 
2019-02-12 21:28:43,057 [D] ┌:F:n:WD_3:mbe.c:76	(at logger.py:129) 
2019-02-12 21:28:43,057 [D] |:F:n:WD_3:mbe.c:75	(at logger.py:129) 
2019-02-12 21:28:43,057 [D] └:F:n:WD_3:mbe.c:74	(at logger.py:129) 
2019-02-12 21:28:43,106 [D] -:P:c:WD_1:mbe.c:75	(at logger.py:129) 
2019-02-12 21:28:43,127 [D] -:F:n:WD_1:mbe.c:74	(at logger.py:129) 
2019-02-12 21:28:43,149 [D] ┌:F:n:WD_2:mbe.c:74	(at logger.py:129) 
2019-02-12 21:28:43,150 [D] └:F:n:WD_2:mbe.c:73	(at logger.py:129) 
2019-02-12 21:28:43,170 [D] ┌:F:n:WD_3:mbe.c:74	(at logger.py:129) 
2019-02-12 21:28:43,170 [D] |:F:n:WD_3:mbe.c:73	(at logger.py:129) 
2019-02-12 21:28:43,170 [D] └:F:n:WD_3:mbe.c:72	(at logger.py:129) 
2019-02-12 21:28:44,223 [D] -:C:n:WD_1:mbe.c:73	(at logger.py:129) 
2019-02-12 21:28:44,240 [D] ┌:F:n:WD_2:mbe.c:73	(at logger.py:129) 
2019-02-12 21:28:44,240 [D] └:F:n:WD_2:mbe.c:72	(at logger.py:129) 
2019-02-12 21:28:44,259 [D] ┌:F:n:WD_3:mbe.c:73	(at logger.py:129) 
2019-02-12 21:28:44,259 [D] |:F:n:WD_3:mbe.c:72	(at logger.py:129) 
2019-02-12 21:28:44,259 [D] └:F:n:WD_3:mbe.c:71	(at logger.py:129) 
2019-02-12 21:28:44,282 [D] -:F:n:WD_1:mbe.c:72	(at logger.py:129) 
2019-02-12 21:28:44,306 [D] ┌:F:n:WD_2:mbe.c:72	(at logger.py:129) 
2019-02-12 21:28:44,306 [D] └:F:n:WD_2:mbe.c:71	(at logger.py:129) 
2019-02-12 21:28:44,331 [D] ┌:F:n:WD_3:mbe.c:72	(at logger.py:129) 
2019-02-12 21:28:44,332 [D] |:F:n:WD_3:mbe.c:71	(at logger.py:129) 
2019-02-12 21:28:44,332 [D] └:F:n:WD_3:mbe.c:70	(at logger.py:129) 
2019-02-12 21:28:44,351 [D] -:F:n:WD_1:mbe.c:71	(at logger.py:129) 
2019-02-12 21:28:44,370 [D] ┌:F:n:WD_2:mbe.c:71	(at logger.py:129) 
2019-02-12 21:28:44,370 [D] └:F:n:WD_2:mbe.c:70	(at logger.py:129) 
2019-02-12 21:28:44,391 [D] ┌:F:n:WD_3:mbe.c:71	(at logger.py:129) 
2019-02-12 21:28:44,391 [D] |:F:n:WD_3:mbe.c:70	(at logger.py:129) 
2019-02-12 21:28:44,392 [D] └:F:n:WD_3:mbe.c:69	(at logger.py:129) 
2019-02-12 21:28:44,435 [D] -:P:c:WD_1:mbe.c:70	(at logger.py:129) 
2019-02-12 21:28:44,455 [D] -:F:n:WD_1:mbe.c:69	(at logger.py:129) 
2019-02-12 21:28:44,476 [D] ┌:F:n:WD_2:mbe.c:69	(at logger.py:129) 
2019-02-12 21:28:44,476 [D] └:F:n:WD_2:mbe.c:68	(at logger.py:129) 
2019-02-12 21:28:44,497 [D] ┌:F:n:WD_3:mbe.c:69	(at logger.py:129) 
2019-02-12 21:28:44,497 [D] |:F:n:WD_3:mbe.c:68	(at logger.py:129) 
2019-02-12 21:28:44,497 [D] └:F:n:WD_3:mbe.c:67	(at logger.py:129) 
2019-02-12 21:28:44,574 [D] -:C:n:WD_1:mbe.c:68	(at logger.py:129) 
2019-02-12 21:28:44,595 [D] ┌:F:n:WD_2:mbe.c:68	(at logger.py:129) 
2019-02-12 21:28:44,595 [D] └:F:n:WD_2:mbe.c:67	(at logger.py:129) 
2019-02-12 21:28:44,615 [D] ┌:F:n:WD_3:mbe.c:68	(at logger.py:129) 
2019-02-12 21:28:44,615 [D] |:F:n:WD_3:mbe.c:67	(at logger.py:129) 
2019-02-12 21:28:44,615 [D] └:F:n:WD_3:mbe.c:66	(at logger.py:129) 
2019-02-12 21:28:44,634 [D] -:F:n:WD_1:mbe.c:67	(at logger.py:129) 
2019-02-12 21:28:44,658 [D] ┌:F:n:WD_2:mbe.c:67	(at logger.py:129) 
2019-02-12 21:28:44,659 [D] └:F:n:WD_2:mbe.c:66	(at logger.py:129) 
2019-02-12 21:28:44,681 [D] ┌:F:n:WD_3:mbe.c:67	(at logger.py:129) 
2019-02-12 21:28:44,682 [D] |:F:n:WD_3:mbe.c:66	(at logger.py:129) 
2019-02-12 21:28:44,682 [D] └:F:n:WD_3:mbe.c:65	(at logger.py:129) 
2019-02-12 21:28:44,702 [D] -:F:n:WD_1:mbe.c:66	(at logger.py:129) 
2019-02-12 21:28:44,724 [D] ┌:F:n:WD_2:mbe.c:66	(at logger.py:129) 
2019-02-12 21:28:44,724 [D] └:F:n:WD_2:mbe.c:65	(at logger.py:129) 
2019-02-12 21:28:44,745 [D] ┌:F:n:WD_3:mbe.c:66	(at logger.py:129) 
2019-02-12 21:28:44,745 [D] |:F:n:WD_3:mbe.c:65	(at logger.py:129) 
2019-02-12 21:28:44,745 [D] └:F:n:WD_3:mbe.c:64	(at logger.py:129) 
2019-02-12 21:28:44,795 [D] -:P:c:WD_1:mbe.c:65	(at logger.py:129) 
2019-02-12 21:28:44,816 [D] -:F:n:WD_1:mbe.c:64	(at logger.py:129) 
2019-02-12 21:28:44,850 [D] ┌:F:n:WD_2:mbe.c:64	(at logger.py:129) 
2019-02-12 21:28:44,850 [D] └:F:n:WD_2:mbe.c:63	(at logger.py:129) 
2019-02-12 21:28:44,888 [D] ┌:F:n:WD_3:mbe.c:64	(at logger.py:129) 
2019-02-12 21:28:44,888 [D] |:F:n:WD_3:mbe.c:63	(at logger.py:129) 
2019-02-12 21:28:44,889 [D] └:F:n:WD_3:mbe.c:62	(at logger.py:129) 
2019-02-12 21:28:45,942 [D] -:C:n:WD_1:mbe.c:63	(at logger.py:129) 
2019-02-12 21:28:45,961 [D] ┌:F:n:WD_2:mbe.c:63	(at logger.py:129) 
2019-02-12 21:28:45,961 [D] └:F:n:WD_2:mbe.c:62	(at logger.py:129) 
2019-02-12 21:28:45,981 [D] ┌:F:n:WD_3:mbe.c:63	(at logger.py:129) 
2019-02-12 21:28:45,981 [D] |:F:n:WD_3:mbe.c:62	(at logger.py:129) 
2019-02-12 21:28:45,981 [D] └:F:n:WD_3:mbe.c:61	(at logger.py:129) 
2019-02-12 21:28:46,000 [D] -:F:n:WD_1:mbe.c:62	(at logger.py:129) 
2019-02-12 21:28:46,023 [D] ┌:F:n:WD_2:mbe.c:62	(at logger.py:129) 
2019-02-12 21:28:46,023 [D] └:F:n:WD_2:mbe.c:61	(at logger.py:129) 
2019-02-12 21:28:46,044 [D] ┌:F:n:WD_3:mbe.c:62	(at logger.py:129) 
2019-02-12 21:28:46,045 [D] |:F:n:WD_3:mbe.c:61	(at logger.py:129) 
2019-02-12 21:28:46,045 [D] └:F:n:WD_3:mbe.c:60	(at logger.py:129) 
2019-02-12 21:28:46,066 [D] -:F:n:WD_1:mbe.c:61	(at logger.py:129) 
2019-02-12 21:28:46,086 [D] ┌:F:n:WD_2:mbe.c:61	(at logger.py:129) 
2019-02-12 21:28:46,086 [D] └:F:n:WD_2:mbe.c:60	(at logger.py:129) 
2019-02-12 21:28:46,106 [D] ┌:F:n:WD_3:mbe.c:61	(at logger.py:129) 
2019-02-12 21:28:46,106 [D] |:F:n:WD_3:mbe.c:60	(at logger.py:129) 
2019-02-12 21:28:46,106 [D] └:F:n:WD_3:mbe.c:59	(at logger.py:129) 
2019-02-12 21:28:46,153 [D] -:P:c:WD_1:mbe.c:60	(at logger.py:129) 
2019-02-12 21:28:46,175 [D] -:F:n:WD_1:mbe.c:59	(at logger.py:129) 
2019-02-12 21:28:46,197 [D] ┌:F:n:WD_2:mbe.c:59	(at logger.py:129) 
2019-02-12 21:28:46,197 [D] └:F:n:WD_2:mbe.c:58	(at logger.py:129) 
2019-02-12 21:28:46,218 [D] ┌:F:n:WD_3:mbe.c:59	(at logger.py:129) 
2019-02-12 21:28:46,218 [D] |:F:n:WD_3:mbe.c:58	(at logger.py:129) 
2019-02-12 21:28:46,218 [D] └:F:n:WD_3:mbe.c:57	(at logger.py:129) 
2019-02-12 21:28:47,275 [D] -:C:n:WD_1:mbe.c:58	(at logger.py:129) 
2019-02-12 21:28:47,324 [D] ┌:C:c:WD_2:mbe.c:58	(at logger.py:129) 
2019-02-12 21:28:47,324 [D] └:C:c:WD_2:mbe.c:57	(at logger.py:129) 
2019-02-12 21:28:47,344 [D] ┌:F:n:WD_3:mbe.c:58	(at logger.py:129) 
2019-02-12 21:28:47,344 [D] |:F:n:WD_3:mbe.c:57	(at logger.py:129) 
2019-02-12 21:28:47,344 [D] └:F:n:WD_3:mbe.c:56	(at logger.py:129) 
2019-02-12 21:28:47,388 [D] -:P:c:WD_1:mbe.c:57	(at logger.py:129) 
2019-02-12 21:28:47,408 [D] -:F:n:WD_1:mbe.c:56	(at logger.py:129) 
2019-02-12 21:28:47,427 [D] ┌:F:n:WD_2:mbe.c:56	(at logger.py:129) 
2019-02-12 21:28:47,427 [D] └:F:n:WD_2:mbe.c:55	(at logger.py:129) 
2019-02-12 21:28:47,485 [D] ┌:C:n:WD_3:mbe.c:56	(at logger.py:129) 
2019-02-12 21:28:47,485 [D] |:C:n:WD_3:mbe.c:55	(at logger.py:129) 
2019-02-12 21:28:47,485 [D] └:C:n:WD_3:mbe.c:54	(at logger.py:129) 
2019-02-12 21:28:47,551 [D] -:C:n:WD_1:mbe.c:55	(at logger.py:129) 
2019-02-12 21:28:47,571 [D] ┌:F:n:WD_2:mbe.c:55	(at logger.py:129) 
2019-02-12 21:28:47,571 [D] └:F:n:WD_2:mbe.c:54	(at logger.py:129) 
2019-02-12 21:28:47,592 [D] ┌:F:n:WD_3:mbe.c:55	(at logger.py:129) 
2019-02-12 21:28:47,592 [D] |:F:n:WD_3:mbe.c:54	(at logger.py:129) 
2019-02-12 21:28:47,592 [D] └:F:n:WD_3:mbe.c:53	(at logger.py:129) 
2019-02-12 21:28:47,614 [D] -:F:n:WD_1:mbe.c:54	(at logger.py:129) 
2019-02-12 21:28:47,634 [D] ┌:F:n:WD_2:mbe.c:54	(at logger.py:129) 
2019-02-12 21:28:47,634 [D] └:F:n:WD_2:mbe.c:53	(at logger.py:129) 
2019-02-12 21:28:47,655 [D] ┌:F:n:WD_3:mbe.c:54	(at logger.py:129) 
2019-02-12 21:28:47,655 [D] |:F:n:WD_3:mbe.c:53	(at logger.py:129) 
2019-02-12 21:28:47,655 [D] └:F:n:WD_3:mbe.c:52	(at logger.py:129) 
2019-02-12 21:28:48,708 [D] -:C:n:WD_1:mbe.c:53	(at logger.py:129) 
2019-02-12 21:28:48,725 [D] ┌:F:n:WD_2:mbe.c:53	(at logger.py:129) 
2019-02-12 21:28:48,725 [D] └:F:n:WD_2:mbe.c:52	(at logger.py:129) 
2019-02-12 21:28:48,743 [D] ┌:F:n:WD_3:mbe.c:53	(at logger.py:129) 
2019-02-12 21:28:48,743 [D] |:F:n:WD_3:mbe.c:52	(at logger.py:129) 
2019-02-12 21:28:48,743 [D] └:F:n:WD_3:mbe.c:51	(at logger.py:129) 
2019-02-12 21:28:48,768 [D] -:F:n:WD_1:mbe.c:52	(at logger.py:129) 
2019-02-12 21:28:48,797 [D] ┌:F:n:WD_2:mbe.c:52	(at logger.py:129) 
2019-02-12 21:28:48,797 [D] └:F:n:WD_2:mbe.c:51	(at logger.py:129) 
2019-02-12 21:28:48,819 [D] ┌:F:n:WD_3:mbe.c:52	(at logger.py:129) 
2019-02-12 21:28:48,819 [D] |:F:n:WD_3:mbe.c:51	(at logger.py:129) 
2019-02-12 21:28:48,820 [D] └:F:n:WD_3:mbe.c:50	(at logger.py:129) 
2019-02-12 21:28:48,842 [D] -:F:n:WD_1:mbe.c:51	(at logger.py:129) 
2019-02-12 21:28:48,862 [D] ┌:F:n:WD_2:mbe.c:51	(at logger.py:129) 
2019-02-12 21:28:48,862 [D] └:F:n:WD_2:mbe.c:50	(at logger.py:129) 
2019-02-12 21:28:48,882 [D] ┌:F:n:WD_3:mbe.c:51	(at logger.py:129) 
2019-02-12 21:28:48,883 [D] |:F:n:WD_3:mbe.c:50	(at logger.py:129) 
2019-02-12 21:28:48,883 [D] └:F:n:WD_3:mbe.c:49	(at logger.py:129) 
2019-02-12 21:28:48,928 [D] -:P:c:WD_1:mbe.c:50	(at logger.py:129) 
2019-02-12 21:28:48,947 [D] -:F:n:WD_1:mbe.c:49	(at logger.py:129) 
2019-02-12 21:28:48,966 [D] ┌:F:n:WD_2:mbe.c:49	(at logger.py:129) 
2019-02-12 21:28:48,966 [D] └:F:n:WD_2:mbe.c:48	(at logger.py:129) 
2019-02-12 21:28:48,990 [D] ┌:F:n:WD_3:mbe.c:49	(at logger.py:129) 
2019-02-12 21:28:48,990 [D] |:F:n:WD_3:mbe.c:48	(at logger.py:129) 
2019-02-12 21:28:48,990 [D] └:F:n:WD_3:mbe.c:47	(at logger.py:129) 
2019-02-12 21:28:49,017 [D] -:F:n:WD_1:mbe.c:48	(at logger.py:129) 
2019-02-12 21:28:49,044 [D] ┌:F:n:WD_2:mbe.c:48	(at logger.py:129) 
2019-02-12 21:28:49,044 [D] └:F:n:WD_2:mbe.c:47	(at logger.py:129) 
2019-02-12 21:28:49,062 [D] ┌:F:n:WD_3:mbe.c:48	(at logger.py:129) 
2019-02-12 21:28:49,062 [D] |:F:n:WD_3:mbe.c:47	(at logger.py:129) 
2019-02-12 21:28:49,062 [D] └:F:n:WD_3:mbe.c:46	(at logger.py:129) 
2019-02-12 21:28:50,112 [D] -:C:n:WD_1:mbe.c:47	(at logger.py:129) 
2019-02-12 21:28:50,130 [D] ┌:F:n:WD_2:mbe.c:47	(at logger.py:129) 
2019-02-12 21:28:50,130 [D] └:F:n:WD_2:mbe.c:46	(at logger.py:129) 
2019-02-12 21:28:50,149 [D] ┌:F:n:WD_3:mbe.c:47	(at logger.py:129) 
2019-02-12 21:28:50,149 [D] |:F:n:WD_3:mbe.c:46	(at logger.py:129) 
2019-02-12 21:28:50,149 [D] └:F:n:WD_3:mbe.c:45	(at logger.py:129) 
2019-02-12 21:28:50,169 [D] -:F:n:WD_1:mbe.c:46	(at logger.py:129) 
2019-02-12 21:28:50,190 [D] ┌:F:n:WD_2:mbe.c:46	(at logger.py:129) 
2019-02-12 21:28:50,190 [D] └:F:n:WD_2:mbe.c:45	(at logger.py:129) 
2019-02-12 21:28:50,236 [D] ┌:C:c:WD_3:mbe.c:46	(at logger.py:129) 
2019-02-12 21:28:50,236 [D] |:C:c:WD_3:mbe.c:45	(at logger.py:129) 
2019-02-12 21:28:50,236 [D] └:C:c:WD_3:mbe.c:44	(at logger.py:129) 
2019-02-12 21:28:50,286 [D] -:P:c:WD_1:mbe.c:45	(at logger.py:129) 
2019-02-12 21:28:50,310 [D] -:F:n:WD_1:mbe.c:44	(at logger.py:129) 
2019-02-12 21:28:50,333 [D] ┌:F:n:WD_2:mbe.c:44	(at logger.py:129) 
2019-02-12 21:28:50,333 [D] └:F:n:WD_2:mbe.c:43	(at logger.py:129) 
2019-02-12 21:28:50,400 [D] ┌:C:n:WD_3:mbe.c:44	(at logger.py:129) 
2019-02-12 21:28:50,400 [D] |:C:n:WD_3:mbe.c:43	(at logger.py:129) 
2019-02-12 21:28:50,400 [D] └:C:n:WD_3:mbe.c:42	(at logger.py:129) 
2019-02-12 21:28:50,460 [D] -:C:n:WD_1:mbe.c:43	(at logger.py:129) 
2019-02-12 21:28:50,480 [D] ┌:F:n:WD_2:mbe.c:43	(at logger.py:129) 
2019-02-12 21:28:50,480 [D] └:F:n:WD_2:mbe.c:42	(at logger.py:129) 
2019-02-12 21:28:50,501 [D] ┌:F:n:WD_3:mbe.c:43	(at logger.py:129) 
2019-02-12 21:28:50,501 [D] |:F:n:WD_3:mbe.c:42	(at logger.py:129) 
2019-02-12 21:28:50,501 [D] └:F:n:WD_3:mbe.c:41	(at logger.py:129) 
2019-02-12 21:28:50,524 [D] -:F:n:WD_1:mbe.c:42	(at logger.py:129) 
2019-02-12 21:28:50,545 [D] ┌:F:n:WD_2:mbe.c:42	(at logger.py:129) 
2019-02-12 21:28:50,545 [D] └:F:n:WD_2:mbe.c:41	(at logger.py:129) 
2019-02-12 21:28:50,563 [D] ┌:F:n:WD_3:mbe.c:42	(at logger.py:129) 
2019-02-12 21:28:50,563 [D] |:F:n:WD_3:mbe.c:41	(at logger.py:129) 
2019-02-12 21:28:50,563 [D] └:F:n:WD_3:mbe.c:40	(at logger.py:129) 
2019-02-12 21:28:51,604 [D] -:C:n:WD_1:mbe.c:41	(at logger.py:129) 
2019-02-12 21:28:51,622 [D] ┌:F:n:WD_2:mbe.c:41	(at logger.py:129) 
2019-02-12 21:28:51,622 [D] └:F:n:WD_2:mbe.c:40	(at logger.py:129) 
2019-02-12 21:28:51,641 [D] ┌:F:n:WD_3:mbe.c:41	(at logger.py:129) 
2019-02-12 21:28:51,641 [D] |:F:n:WD_3:mbe.c:40	(at logger.py:129) 
2019-02-12 21:28:51,641 [D] └:F:n:WD_3:mbe.c:39	(at logger.py:129) 
2019-02-12 21:28:51,660 [D] -:F:n:WD_1:mbe.c:40	(at logger.py:129) 
2019-02-12 21:28:51,681 [D] ┌:F:n:WD_2:mbe.c:40	(at logger.py:129) 
2019-02-12 21:28:51,681 [D] └:F:n:WD_2:mbe.c:39	(at logger.py:129) 
2019-02-12 21:28:51,699 [D] ┌:F:n:WD_3:mbe.c:40	(at logger.py:129) 
2019-02-12 21:28:51,699 [D] |:F:n:WD_3:mbe.c:39	(at logger.py:129) 
2019-02-12 21:28:51,700 [D] └:F:n:WD_3:mbe.c:38	(at logger.py:129) 
2019-02-12 21:28:51,718 [D] -:F:n:WD_1:mbe.c:39	(at logger.py:129) 
2019-02-12 21:28:51,737 [D] ┌:F:n:WD_2:mbe.c:39	(at logger.py:129) 
2019-02-12 21:28:51,737 [D] └:F:n:WD_2:mbe.c:38	(at logger.py:129) 
2019-02-12 21:28:51,759 [D] ┌:F:n:WD_3:mbe.c:39	(at logger.py:129) 
2019-02-12 21:28:51,759 [D] |:F:n:WD_3:mbe.c:38	(at logger.py:129) 
2019-02-12 21:28:51,759 [D] └:F:n:WD_3:mbe.c:37	(at logger.py:129) 
2019-02-12 21:28:51,813 [D] -:P:c:WD_1:mbe.c:38	(at logger.py:129) 
2019-02-12 21:28:51,836 [D] -:F:n:WD_1:mbe.c:37	(at logger.py:129) 
2019-02-12 21:28:51,854 [D] ┌:F:n:WD_2:mbe.c:37	(at logger.py:129) 
2019-02-12 21:28:51,854 [D] └:F:n:WD_2:mbe.c:36	(at logger.py:129) 
2019-02-12 21:28:51,872 [D] ┌:F:n:WD_3:mbe.c:37	(at logger.py:129) 
2019-02-12 21:28:51,873 [D] |:F:n:WD_3:mbe.c:36	(at logger.py:129) 
2019-02-12 21:28:51,873 [D] └:F:n:WD_3:mbe.c:35	(at logger.py:129) 
2019-02-12 21:28:51,940 [D] -:P:n:WD_1:mbe.c:36	(at logger.py:129) 
2019-02-12 21:28:51,957 [D] -:F:n:WD_1:mbe.c:35	(at logger.py:129) 
2019-02-12 21:28:51,978 [D] ┌:F:n:WD_2:mbe.c:35	(at logger.py:129) 
2019-02-12 21:28:51,978 [D] └:F:n:WD_2:mbe.c:34	(at logger.py:129) 
2019-02-12 21:28:52,004 [D] ┌:F:n:WD_3:mbe.c:35	(at logger.py:129) 
2019-02-12 21:28:52,004 [D] |:F:n:WD_3:mbe.c:34	(at logger.py:129) 
2019-02-12 21:28:52,004 [D] └:F:n:WD_3:mbe.c:33	(at logger.py:129) 
2019-02-12 21:28:52,025 [D] -:F:n:WD_1:mbe.c:34	(at logger.py:129) 
2019-02-12 21:28:52,044 [D] ┌:F:n:WD_2:mbe.c:34	(at logger.py:129) 
2019-02-12 21:28:52,044 [D] └:F:n:WD_2:mbe.c:33	(at logger.py:129) 
2019-02-12 21:28:52,063 [D] ┌:F:n:WD_3:mbe.c:34	(at logger.py:129) 
2019-02-12 21:28:52,063 [D] |:F:n:WD_3:mbe.c:33	(at logger.py:129) 
2019-02-12 21:28:52,063 [D] └:F:n:WD_3:mbe.c:32	(at logger.py:129) 
2019-02-12 21:28:53,113 [D] -:C:n:WD_1:mbe.c:33	(at logger.py:129) 
2019-02-12 21:28:54,169 [D] ┌:C:n:WD_2:mbe.c:33	(at logger.py:129) 
2019-02-12 21:28:54,169 [D] └:C:n:WD_2:mbe.c:32	(at logger.py:129) 
2019-02-12 21:28:55,231 [D] ┌:C:n:WD_3:mbe.c:33	(at logger.py:129) 
2019-02-12 21:28:55,231 [D] |:C:n:WD_3:mbe.c:32	(at logger.py:129) 
2019-02-12 21:28:55,231 [D] └:C:n:WD_3:mbe.c:31	(at logger.py:129) 
2019-02-12 21:28:55,290 [D] -:C:n:WD_1:mbe.c:32	(at logger.py:129) 
2019-02-12 21:28:55,347 [D] ┌:C:n:WD_2:mbe.c:32	(at logger.py:129) 
2019-02-12 21:28:55,347 [D] └:C:n:WD_2:mbe.c:31	(at logger.py:129) 
2019-02-12 21:28:55,389 [D] ┌:C:c:WD_3:mbe.c:32	(at logger.py:129) 
2019-02-12 21:28:55,389 [D] |:C:c:WD_3:mbe.c:31	(at logger.py:129) 
2019-02-12 21:28:55,389 [D] └:C:c:WD_3:mbe.c:30	(at logger.py:129) 
2019-02-12 21:28:55,462 [D] -:C:n:WD_1:mbe.c:31	(at logger.py:129) 
2019-02-12 21:28:55,511 [D] ┌:C:c:WD_2:mbe.c:31	(at logger.py:129) 
2019-02-12 21:28:55,512 [D] └:C:c:WD_2:mbe.c:30	(at logger.py:129) 
2019-02-12 21:28:55,540 [D] ┌:F:n:WD_3:mbe.c:31	(at logger.py:129) 
2019-02-12 21:28:55,540 [D] |:F:n:WD_3:mbe.c:30	(at logger.py:129) 
2019-02-12 21:28:55,541 [D] └:F:n:WD_3:mbe.c:29	(at logger.py:129) 
2019-02-12 21:28:55,596 [D] -:P:c:WD_1:mbe.c:30	(at logger.py:129) 
2019-02-12 21:28:55,619 [D] -:F:n:WD_1:mbe.c:29	(at logger.py:129) 
2019-02-12 21:28:55,640 [D] ┌:F:n:WD_2:mbe.c:29	(at logger.py:129) 
2019-02-12 21:28:55,640 [D] └:F:n:WD_2:mbe.c:28	(at logger.py:129) 
2019-02-12 21:28:56,700 [D] ┌:C:n:WD_3:mbe.c:29	(at logger.py:129) 
2019-02-12 21:28:56,700 [D] |:C:n:WD_3:mbe.c:28	(at logger.py:129) 
2019-02-12 21:28:56,700 [D] └:C:n:WD_3:mbe.c:27	(at logger.py:129) 
2019-02-12 21:28:56,753 [D] -:C:n:WD_1:mbe.c:28	(at logger.py:129) 
2019-02-12 21:28:56,776 [D] ┌:F:n:WD_2:mbe.c:28	(at logger.py:129) 
2019-02-12 21:28:56,776 [D] └:F:n:WD_2:mbe.c:27	(at logger.py:129) 
2019-02-12 21:28:56,802 [D] ┌:F:n:WD_3:mbe.c:28	(at logger.py:129) 
2019-02-12 21:28:56,802 [D] |:F:n:WD_3:mbe.c:27	(at logger.py:129) 
2019-02-12 21:28:56,802 [D] └:F:n:WD_3:mbe.c:26	(at logger.py:129) 
2019-02-12 21:28:56,827 [D] -:F:n:WD_1:mbe.c:27	(at logger.py:129) 
2019-02-12 21:28:56,848 [D] ┌:F:n:WD_2:mbe.c:27	(at logger.py:129) 
2019-02-12 21:28:56,848 [D] └:F:n:WD_2:mbe.c:26	(at logger.py:129) 
2019-02-12 21:28:56,870 [D] ┌:F:n:WD_3:mbe.c:27	(at logger.py:129) 
2019-02-12 21:28:56,871 [D] |:F:n:WD_3:mbe.c:26	(at logger.py:129) 
2019-02-12 21:28:56,871 [D] └:F:n:WD_3:mbe.c:25	(at logger.py:129) 
2019-02-12 21:28:57,924 [D] -:C:n:WD_1:mbe.c:26	(at logger.py:129) 
2019-02-12 21:28:57,942 [D] ┌:F:n:WD_2:mbe.c:26	(at logger.py:129) 
2019-02-12 21:28:57,942 [D] └:F:n:WD_2:mbe.c:25	(at logger.py:129) 
2019-02-12 21:28:57,963 [D] ┌:F:n:WD_3:mbe.c:26	(at logger.py:129) 
2019-02-12 21:28:57,963 [D] |:F:n:WD_3:mbe.c:25	(at logger.py:129) 
2019-02-12 21:28:57,963 [D] └:F:n:WD_3:mbe.c:24	(at logger.py:129) 
2019-02-12 21:28:57,982 [D] -:F:n:WD_1:mbe.c:25	(at logger.py:129) 
2019-02-12 21:28:58,003 [D] ┌:F:n:WD_2:mbe.c:25	(at logger.py:129) 
2019-02-12 21:28:58,003 [D] └:F:n:WD_2:mbe.c:24	(at logger.py:129) 
2019-02-12 21:28:58,029 [D] ┌:F:n:WD_3:mbe.c:25	(at logger.py:129) 
2019-02-12 21:28:58,029 [D] |:F:n:WD_3:mbe.c:24	(at logger.py:129) 
2019-02-12 21:28:58,029 [D] └:F:n:WD_3:mbe.c:23	(at logger.py:129) 
2019-02-12 21:28:58,049 [D] -:F:n:WD_1:mbe.c:24	(at logger.py:129) 
2019-02-12 21:28:58,065 [D] ┌:F:n:WD_2:mbe.c:24	(at logger.py:129) 
2019-02-12 21:28:58,066 [D] └:F:n:WD_2:mbe.c:23	(at logger.py:129) 
2019-02-12 21:28:58,083 [D] ┌:F:n:WD_3:mbe.c:24	(at logger.py:129) 
2019-02-12 21:28:58,083 [D] |:F:n:WD_3:mbe.c:23	(at logger.py:129) 
2019-02-12 21:28:58,083 [D] └:F:n:WD_3:mbe.c:22	(at logger.py:129) 
2019-02-12 21:28:58,105 [D] -:F:n:WD_1:mbe.c:23	(at logger.py:129) 
2019-02-12 21:28:58,123 [D] ┌:F:n:WD_2:mbe.c:23	(at logger.py:129) 
2019-02-12 21:28:58,123 [D] └:F:n:WD_2:mbe.c:22	(at logger.py:129) 
2019-02-12 21:28:58,139 [D] ┌:F:n:WD_3:mbe.c:23	(at logger.py:129) 
2019-02-12 21:28:58,139 [D] |:F:n:WD_3:mbe.c:22	(at logger.py:129) 
2019-02-12 21:28:58,139 [D] └:F:n:WD_3:mbe.c:21	(at logger.py:129) 
2019-02-12 21:28:58,182 [D] -:C:n:WD_1:mbe.c:22	(at logger.py:129) 
2019-02-12 21:28:58,223 [D] ┌:C:c:WD_2:mbe.c:22	(at logger.py:129) 
2019-02-12 21:28:58,223 [D] └:C:c:WD_2:mbe.c:21	(at logger.py:129) 
2019-02-12 21:28:58,273 [D] ┌:C:n:WD_3:mbe.c:22	(at logger.py:129) 
2019-02-12 21:28:58,274 [D] |:C:n:WD_3:mbe.c:21	(at logger.py:129) 
2019-02-12 21:28:58,274 [D] └:C:n:WD_3:mbe.c:20	(at logger.py:129) 
2019-02-12 21:28:58,335 [D] -:P:c:WD_1:mbe.c:21	(at logger.py:129) 
2019-02-12 21:28:58,384 [D] -:C:n:WD_1:mbe.c:20	(at logger.py:129) 
2019-02-12 21:28:58,441 [D] ┌:C:n:WD_2:mbe.c:20	(at logger.py:129) 
2019-02-12 21:28:58,441 [D] └:C:n:WD_2:mbe.c:19	(at logger.py:129) 
2019-02-12 21:28:58,486 [D] ┌:C:c:WD_3:mbe.c:20	(at logger.py:129) 
2019-02-12 21:28:58,486 [D] |:C:c:WD_3:mbe.c:19	(at logger.py:129) 
2019-02-12 21:28:58,486 [D] └:C:c:WD_3:mbe.c:18	(at logger.py:129) 
2019-02-12 21:28:58,550 [D] -:C:n:WD_1:mbe.c:19	(at logger.py:129) 
2019-02-12 21:28:58,595 [D] ┌:C:c:WD_2:mbe.c:19	(at logger.py:129) 
2019-02-12 21:28:58,595 [D] └:C:c:WD_2:mbe.c:18	(at logger.py:129) 
2019-02-12 21:28:58,613 [D] ┌:F:n:WD_3:mbe.c:19	(at logger.py:129) 
2019-02-12 21:28:58,613 [D] |:F:n:WD_3:mbe.c:18	(at logger.py:129) 
2019-02-12 21:28:58,613 [D] └:F:n:WD_3:mbe.c:17	(at logger.py:129) 
2019-02-12 21:28:58,653 [D] -:P:c:WD_1:mbe.c:18	(at logger.py:129) 
2019-02-12 21:28:58,672 [D] -:F:n:WD_1:mbe.c:17	(at logger.py:129) 
2019-02-12 21:28:58,691 [D] ┌:F:n:WD_2:mbe.c:17	(at logger.py:129) 
2019-02-12 21:28:58,691 [D] └:F:n:WD_2:mbe.c:16	(at logger.py:129) 
2019-02-12 21:28:58,710 [D] ┌:F:n:WD_3:mbe.c:17	(at logger.py:129) 
2019-02-12 21:28:58,711 [D] |:F:n:WD_3:mbe.c:16	(at logger.py:129) 
2019-02-12 21:28:58,711 [D] └:F:n:WD_3:mbe.c:15	(at logger.py:129) 
2019-02-12 21:28:58,729 [D] -:F:n:WD_1:mbe.c:16	(at logger.py:129) 
2019-02-12 21:28:58,747 [D] ┌:F:n:WD_2:mbe.c:16	(at logger.py:129) 
2019-02-12 21:28:58,747 [D] └:F:n:WD_2:mbe.c:15	(at logger.py:129) 
2019-02-12 21:28:58,768 [D] ┌:F:n:WD_3:mbe.c:16	(at logger.py:129) 
2019-02-12 21:28:58,768 [D] |:F:n:WD_3:mbe.c:15	(at logger.py:129) 
2019-02-12 21:28:58,769 [D] └:F:n:WD_3:mbe.c:14	(at logger.py:129) 
2019-02-12 21:28:58,794 [D] -:F:n:WD_1:mbe.c:15	(at logger.py:129) 
2019-02-12 21:28:58,816 [D] ┌:F:n:WD_2:mbe.c:15	(at logger.py:129) 
2019-02-12 21:28:58,816 [D] └:F:n:WD_2:mbe.c:14	(at logger.py:129) 
2019-02-12 21:28:58,834 [D] ┌:F:n:WD_3:mbe.c:15	(at logger.py:129) 
2019-02-12 21:28:58,834 [D] |:F:n:WD_3:mbe.c:14	(at logger.py:129) 
2019-02-12 21:28:58,834 [D] └:F:n:WD_3:mbe.c:13	(at logger.py:129) 
2019-02-12 21:28:58,851 [D] -:F:n:WD_1:mbe.c:14	(at logger.py:129) 
2019-02-12 21:28:58,870 [D] ┌:F:n:WD_2:mbe.c:14	(at logger.py:129) 
2019-02-12 21:28:58,870 [D] └:F:n:WD_2:mbe.c:13	(at logger.py:129) 
2019-02-12 21:28:58,887 [D] ┌:F:n:WD_3:mbe.c:14	(at logger.py:129) 
2019-02-12 21:28:58,887 [D] |:F:n:WD_3:mbe.c:13	(at logger.py:129) 
2019-02-12 21:28:58,887 [D] └:F:n:WD_3:mbe.c:12	(at logger.py:129) 
2019-02-12 21:28:58,929 [D] -:P:c:WD_1:mbe.c:13	(at logger.py:129) 
2019-02-12 21:28:58,977 [D] -:P:n:WD_1:mbe.c:12	(at logger.py:129) 
2019-02-12 21:28:59,033 [D] -:P:n:WD_1:mbe.c:11	(at logger.py:129) 
2019-02-12 21:28:59,082 [D] -:P:n:WD_1:mbe.c:10	(at logger.py:129) 
2019-02-12 21:28:59,125 [D] -:P:c:WD_1:mbe.c:9	(at logger.py:129) 
2019-02-12 21:28:59,176 [D] -:P:n:WD_1:mbe.c:8	(at logger.py:129) 
2019-02-12 21:28:59,229 [D] -:P:n:WD_1:mbe.c:7	(at logger.py:129) 
2019-02-12 21:28:59,269 [D] -:P:c:WD_1:mbe.c:6	(at logger.py:129) 
2019-02-12 21:28:59,333 [D] -:P:n:WD_1:mbe.c:5	(at logger.py:129) 
2019-02-12 21:28:59,350 [D] -:F:n:WD_1:mbe.c:4	(at logger.py:129) 
2019-02-12 21:28:59,365 [D] ┌:F:n:WD_2:mbe.c:4	(at logger.py:129) 
2019-02-12 21:28:59,365 [D] └:F:n:WD_2:mbe.c:3	(at logger.py:129) 
2019-02-12 21:28:59,385 [D] ┌:F:n:WD_3:mbe.c:4	(at logger.py:129) 
2019-02-12 21:28:59,385 [D] |:F:n:WD_3:mbe.c:3	(at logger.py:129) 
2019-02-12 21:28:59,385 [D] └:F:n:WD_3:mbe.c:2	(at logger.py:129) 
2019-02-12 21:28:59,398 [D] -:F:n:WD_1:mbe.c:3	(at logger.py:129) 
2019-02-12 21:28:59,411 [D] ┌:F:n:WD_2:mbe.c:3	(at logger.py:129) 
2019-02-12 21:28:59,411 [D] └:F:n:WD_2:mbe.c:2	(at logger.py:129) 
2019-02-12 21:28:59,452 [D] ┌:P:c:WD_3:mbe.c:3	(at logger.py:129) 
2019-02-12 21:28:59,452 [D] |:P:c:WD_3:mbe.c:2	(at logger.py:129) 
2019-02-12 21:28:59,452 [D] └:P:c:WD_3:mbe.c:1	(at logger.py:129) 
2019-02-12 21:28:59,452 [D]  : : :pass:mbe.c:2	(at logger.py:129) 
2019-02-12 21:28:59,452 [D]  : : :pass:mbe.c:1	(at logger.py:129) 
2019-02-12 21:28:59,452 [D] comp_cached_cnt:0	(at logger.py:134) 
2019-02-12 21:28:59,452 [D] compile_cnt:187	(at logger.py:134) 
2019-02-12 21:28:59,452 [D] execute_cnt:33	(at logger.py:134) 
2019-02-12 21:28:59,452 [D] fail_del_cnt:32	(at logger.py:134) 
2019-02-12 21:28:59,452 [D] iter_idx:1	(at logger.py:134) 
2019-02-12 21:28:59,452 [D] reuse_cnt:22	(at logger.py:134) 
2019-02-12 21:28:59,452 [D] succ_del_cnt:23	(at logger.py:134) 
2019-02-12 21:28:59,452 [D] time:16.65702748298645	(at logger.py:134) 
2019-02-12 21:28:59,453 [D] deletion:25	(at logger.py:136) 
