2019-03-02 02:03:04,809 [I] 	(at main.py:29) 
2019-03-02 02:03:04,809 [I] ===== START - RUN ==============================================	(at main.py:32) 
2019-03-02 02:03:04,809 [D] Title: RUN, Job key: RUN_2019-03-02_02:03:04	(at main.py:40) 
2019-03-02 02:03:04,809 [I] Load config file.	(at main.py:56) 
2019-03-02 02:03:04,809 [D] Loading config from ['/home/bohrok/Documents/DM/output/orbs/wc/16/config/config.ini']	(at config.py:16) 
2019-03-02 02:03:04,809 [D] Load config successfully!	(at config.py:19) 
2019-03-02 02:03:04,810 [D] Initialize directory: .	(at workspace.py:10) 
2019-03-02 02:03:04,810 [I] Initialize workspace.	(at main.py:64) 
2019-03-02 02:03:04,810 [I] Working directory path: /home/bohrok/Documents/DM/output/orbs/wc/16/work	(at workspace.py:41) 
2019-03-02 02:03:04,811 [D] Record the config on workspace.	(at workspace.py:62) 
2019-03-02 02:03:04,811 [I] No PRE stage.	(at main.py:73) 
2019-03-02 02:03:04,811 [I] Construct SliceSpace.	(at main.py:76) 
2019-03-02 02:03:04,811 [I] Compile the system.	(at slicespace.py:148) 
2019-03-02 02:03:04,845 [I] Execute the system.	(at slicespace.py:160) 
2019-03-02 02:03:04,860 [I] Compile the system again (sanity check).	(at slicespace.py:174) 
2019-03-02 02:03:04,892 [I] Execute the system again (sanity check).	(at slicespace.py:188) 
2019-03-02 02:03:04,904 [I] Construct deletion operators.	(at main.py:80) 
2019-03-02 02:03:04,905 [I] Run ORBS stage.	(at main.py:85) 
2019-03-02 02:03:04,905 [I] ORBS starts...	(at orbs.py:53) 
2019-03-02 02:03:04,917 [D] subprocess cmd: ['source compile.sh /home/bohrok/Documents/DM/output/orbs/wc/16/work'], stdout: b''	(at ex_script.py:45) 
2019-03-02 02:03:04,918 [D] -:F:n:WD_1:wc.c:48	(at logger.py:129) 
2019-03-02 02:03:04,930 [D] subprocess cmd: ['source compile.sh /home/bohrok/Documents/DM/output/orbs/wc/16/work'], stdout: b''	(at ex_script.py:45) 
2019-03-02 02:03:04,930 [D] ┌:F:n:WD_2:wc.c:48	(at logger.py:129) 
2019-03-02 02:03:04,930 [D] └:F:n:WD_2:wc.c:47	(at logger.py:129) 
2019-03-02 02:03:04,944 [D] subprocess cmd: ['source compile.sh /home/bohrok/Documents/DM/output/orbs/wc/16/work'], stdout: b''	(at ex_script.py:45) 
2019-03-02 02:03:04,944 [D] ┌:F:n:WD_3:wc.c:48	(at logger.py:129) 
2019-03-02 02:03:04,944 [D] |:F:n:WD_3:wc.c:47	(at logger.py:129) 
2019-03-02 02:03:04,945 [D] └:F:n:WD_3:wc.c:46	(at logger.py:129) 
2019-03-02 02:03:04,958 [D] subprocess cmd: ['source compile.sh /home/bohrok/Documents/DM/output/orbs/wc/16/work'], stdout: b''	(at ex_script.py:45) 
2019-03-02 02:03:04,958 [D] -:F:n:WD_1:wc.c:47	(at logger.py:129) 
2019-03-02 02:03:04,971 [D] subprocess cmd: ['source compile.sh /home/bohrok/Documents/DM/output/orbs/wc/16/work'], stdout: b''	(at ex_script.py:45) 
2019-03-02 02:03:04,971 [D] ┌:F:n:WD_2:wc.c:47	(at logger.py:129) 
2019-03-02 02:03:04,971 [D] └:F:n:WD_2:wc.c:46	(at logger.py:129) 
2019-03-02 02:03:04,984 [D] subprocess cmd: ['source compile.sh /home/bohrok/Documents/DM/output/orbs/wc/16/work'], stdout: b''	(at ex_script.py:45) 
2019-03-02 02:03:04,984 [D] ┌:F:n:WD_3:wc.c:47	(at logger.py:129) 
2019-03-02 02:03:04,984 [D] |:F:n:WD_3:wc.c:46	(at logger.py:129) 
2019-03-02 02:03:04,984 [D] └:F:n:WD_3:wc.c:45	(at logger.py:129) 
2019-03-02 02:03:05,036 [D] -:P:n:WD_1:wc.c:46	(at logger.py:129) 
2019-03-02 02:03:05,052 [D] subprocess cmd: ['source compile.sh /home/bohrok/Documents/DM/output/orbs/wc/16/work'], stdout: b''	(at ex_script.py:45) 
2019-03-02 02:03:05,052 [D] -:F:n:WD_1:wc.c:45	(at logger.py:129) 
2019-03-02 02:03:05,066 [D] subprocess cmd: ['source compile.sh /home/bohrok/Documents/DM/output/orbs/wc/16/work'], stdout: b''	(at ex_script.py:45) 
2019-03-02 02:03:05,066 [D] ┌:F:n:WD_2:wc.c:45	(at logger.py:129) 
2019-03-02 02:03:05,066 [D] └:F:n:WD_2:wc.c:44	(at logger.py:129) 
2019-03-02 02:03:05,100 [D] ┌:P:c:WD_3:wc.c:45	(at logger.py:129) 
2019-03-02 02:03:05,101 [D] |:P:c:WD_3:wc.c:44	(at logger.py:129) 
2019-03-02 02:03:05,101 [D] └:P:c:WD_3:wc.c:43	(at logger.py:129) 
2019-03-02 02:03:05,101 [D]  : : :pass:wc.c:44	(at logger.py:129) 
2019-03-02 02:03:05,101 [D]  : : :pass:wc.c:43	(at logger.py:129) 
2019-03-02 02:03:05,145 [D] -:P:n:WD_1:wc.c:42	(at logger.py:129) 
2019-03-02 02:03:05,159 [D] subprocess cmd: ['source compile.sh /home/bohrok/Documents/DM/output/orbs/wc/16/work'], stdout: b''	(at ex_script.py:45) 
2019-03-02 02:03:05,160 [D] -:F:n:WD_1:wc.c:41	(at logger.py:129) 
2019-03-02 02:03:05,173 [D] subprocess cmd: ['source compile.sh /home/bohrok/Documents/DM/output/orbs/wc/16/work'], stdout: b''	(at ex_script.py:45) 
2019-03-02 02:03:05,173 [D] ┌:F:n:WD_2:wc.c:41	(at logger.py:129) 
2019-03-02 02:03:05,173 [D] └:F:n:WD_2:wc.c:40	(at logger.py:129) 
2019-03-02 02:03:05,189 [D] subprocess cmd: ['source compile.sh /home/bohrok/Documents/DM/output/orbs/wc/16/work'], stdout: b''	(at ex_script.py:45) 
2019-03-02 02:03:05,189 [D] ┌:F:n:WD_3:wc.c:41	(at logger.py:129) 
2019-03-02 02:03:05,189 [D] |:F:n:WD_3:wc.c:40	(at logger.py:129) 
2019-03-02 02:03:05,189 [D] └:F:n:WD_3:wc.c:39	(at logger.py:129) 
2019-03-02 02:03:05,202 [D] subprocess cmd: ['source compile.sh /home/bohrok/Documents/DM/output/orbs/wc/16/work'], stdout: b''	(at ex_script.py:45) 
2019-03-02 02:03:05,202 [D] -:F:n:WD_1:wc.c:40	(at logger.py:129) 
2019-03-02 02:03:05,237 [D] ┌:P:c:WD_2:wc.c:40	(at logger.py:129) 
2019-03-02 02:03:05,237 [D] └:P:c:WD_2:wc.c:39	(at logger.py:129) 
2019-03-02 02:03:05,237 [D]  : : :pass:wc.c:39	(at logger.py:129) 
2019-03-02 02:03:05,283 [D] -:P:n:WD_1:wc.c:38	(at logger.py:129) 
2019-03-02 02:03:05,330 [D] subprocess cmd: ['source execute.sh /home/bohrok/Documents/DM/output/orbs/wc/16/work'], stdout: b''	(at ex_script.py:45) 
2019-03-02 02:03:05,330 [D] -:C:n:WD_1:wc.c:37	(at logger.py:129) 
2019-03-02 02:03:05,367 [D] ┌:C:c:WD_2:wc.c:37	(at logger.py:129) 
2019-03-02 02:03:05,367 [D] └:C:c:WD_2:wc.c:36	(at logger.py:129) 
2019-03-02 02:03:05,378 [D] subprocess cmd: ['source compile.sh /home/bohrok/Documents/DM/output/orbs/wc/16/work'], stdout: b''	(at ex_script.py:45) 
2019-03-02 02:03:05,378 [D] ┌:F:n:WD_3:wc.c:37	(at logger.py:129) 
2019-03-02 02:03:05,378 [D] |:F:n:WD_3:wc.c:36	(at logger.py:129) 
2019-03-02 02:03:05,378 [D] └:F:n:WD_3:wc.c:35	(at logger.py:129) 
2019-03-02 02:03:05,411 [D] -:P:c:WD_1:wc.c:36	(at logger.py:129) 
2019-03-02 02:03:05,424 [D] subprocess cmd: ['source compile.sh /home/bohrok/Documents/DM/output/orbs/wc/16/work'], stdout: b''	(at ex_script.py:45) 
2019-03-02 02:03:05,425 [D] -:F:n:WD_1:wc.c:35	(at logger.py:129) 
2019-03-02 02:03:05,440 [D] subprocess cmd: ['source compile.sh /home/bohrok/Documents/DM/output/orbs/wc/16/work'], stdout: b''	(at ex_script.py:45) 
2019-03-02 02:03:05,440 [D] ┌:F:n:WD_2:wc.c:35	(at logger.py:129) 
2019-03-02 02:03:05,440 [D] └:F:n:WD_2:wc.c:34	(at logger.py:129) 
2019-03-02 02:03:05,470 [D] subprocess cmd: ['source compile.sh /home/bohrok/Documents/DM/output/orbs/wc/16/work'], stdout: b''	(at ex_script.py:45) 
2019-03-02 02:03:05,470 [D] ┌:F:n:WD_3:wc.c:35	(at logger.py:129) 
2019-03-02 02:03:05,471 [D] |:F:n:WD_3:wc.c:34	(at logger.py:129) 
2019-03-02 02:03:05,471 [D] └:F:n:WD_3:wc.c:33	(at logger.py:129) 
2019-03-02 02:03:05,487 [D] subprocess cmd: ['source compile.sh /home/bohrok/Documents/DM/output/orbs/wc/16/work'], stdout: b''	(at ex_script.py:45) 
2019-03-02 02:03:05,487 [D] -:F:n:WD_1:wc.c:34	(at logger.py:129) 
2019-03-02 02:03:05,501 [D] subprocess cmd: ['source compile.sh /home/bohrok/Documents/DM/output/orbs/wc/16/work'], stdout: b''	(at ex_script.py:45) 
2019-03-02 02:03:05,501 [D] ┌:F:n:WD_2:wc.c:34	(at logger.py:129) 
2019-03-02 02:03:05,501 [D] └:F:n:WD_2:wc.c:33	(at logger.py:129) 
2019-03-02 02:03:05,515 [D] subprocess cmd: ['source compile.sh /home/bohrok/Documents/DM/output/orbs/wc/16/work'], stdout: b''	(at ex_script.py:45) 
2019-03-02 02:03:05,515 [D] ┌:F:n:WD_3:wc.c:34	(at logger.py:129) 
2019-03-02 02:03:05,515 [D] |:F:n:WD_3:wc.c:33	(at logger.py:129) 
2019-03-02 02:03:05,515 [D] └:F:n:WD_3:wc.c:32	(at logger.py:129) 
2019-03-02 02:03:05,530 [D] subprocess cmd: ['source compile.sh /home/bohrok/Documents/DM/output/orbs/wc/16/work'], stdout: b''	(at ex_script.py:45) 
2019-03-02 02:03:05,530 [D] -:F:n:WD_1:wc.c:33	(at logger.py:129) 
2019-03-02 02:03:05,546 [D] subprocess cmd: ['source compile.sh /home/bohrok/Documents/DM/output/orbs/wc/16/work'], stdout: b''	(at ex_script.py:45) 
2019-03-02 02:03:05,546 [D] ┌:F:n:WD_2:wc.c:33	(at logger.py:129) 
2019-03-02 02:03:05,546 [D] └:F:n:WD_2:wc.c:32	(at logger.py:129) 
2019-03-02 02:03:05,561 [D] subprocess cmd: ['source compile.sh /home/bohrok/Documents/DM/output/orbs/wc/16/work'], stdout: b''	(at ex_script.py:45) 
2019-03-02 02:03:05,561 [D] ┌:F:n:WD_3:wc.c:33	(at logger.py:129) 
2019-03-02 02:03:05,561 [D] |:F:n:WD_3:wc.c:32	(at logger.py:129) 
2019-03-02 02:03:05,561 [D] └:F:n:WD_3:wc.c:31	(at logger.py:129) 
2019-03-02 02:03:05,574 [D] subprocess cmd: ['source compile.sh /home/bohrok/Documents/DM/output/orbs/wc/16/work'], stdout: b''	(at ex_script.py:45) 
2019-03-02 02:03:05,574 [D] -:F:n:WD_1:wc.c:32	(at logger.py:129) 
2019-03-02 02:03:05,588 [D] subprocess cmd: ['source compile.sh /home/bohrok/Documents/DM/output/orbs/wc/16/work'], stdout: b''	(at ex_script.py:45) 
2019-03-02 02:03:05,588 [D] ┌:F:n:WD_2:wc.c:32	(at logger.py:129) 
2019-03-02 02:03:05,588 [D] └:F:n:WD_2:wc.c:31	(at logger.py:129) 
2019-03-02 02:03:05,602 [D] subprocess cmd: ['source compile.sh /home/bohrok/Documents/DM/output/orbs/wc/16/work'], stdout: b''	(at ex_script.py:45) 
2019-03-02 02:03:05,602 [D] ┌:F:n:WD_3:wc.c:32	(at logger.py:129) 
2019-03-02 02:03:05,602 [D] |:F:n:WD_3:wc.c:31	(at logger.py:129) 
2019-03-02 02:03:05,602 [D] └:F:n:WD_3:wc.c:30	(at logger.py:129) 
2019-03-02 02:03:05,617 [D] subprocess cmd: ['source compile.sh /home/bohrok/Documents/DM/output/orbs/wc/16/work'], stdout: b''	(at ex_script.py:45) 
2019-03-02 02:03:05,617 [D] -:F:n:WD_1:wc.c:31	(at logger.py:129) 
2019-03-02 02:03:05,630 [D] subprocess cmd: ['source compile.sh /home/bohrok/Documents/DM/output/orbs/wc/16/work'], stdout: b''	(at ex_script.py:45) 
2019-03-02 02:03:05,630 [D] ┌:F:n:WD_2:wc.c:31	(at logger.py:129) 
2019-03-02 02:03:05,630 [D] └:F:n:WD_2:wc.c:30	(at logger.py:129) 
2019-03-02 02:03:05,646 [D] subprocess cmd: ['source compile.sh /home/bohrok/Documents/DM/output/orbs/wc/16/work'], stdout: b''	(at ex_script.py:45) 
2019-03-02 02:03:05,646 [D] ┌:F:n:WD_3:wc.c:31	(at logger.py:129) 
2019-03-02 02:03:05,647 [D] |:F:n:WD_3:wc.c:30	(at logger.py:129) 
2019-03-02 02:03:05,647 [D] └:F:n:WD_3:wc.c:29	(at logger.py:129) 
2019-03-02 02:03:05,694 [D] -:P:n:WD_1:wc.c:30	(at logger.py:129) 
2019-03-02 02:03:05,708 [D] subprocess cmd: ['source compile.sh /home/bohrok/Documents/DM/output/orbs/wc/16/work'], stdout: b''	(at ex_script.py:45) 
2019-03-02 02:03:05,708 [D] -:F:n:WD_1:wc.c:29	(at logger.py:129) 
2019-03-02 02:03:05,721 [D] subprocess cmd: ['source compile.sh /home/bohrok/Documents/DM/output/orbs/wc/16/work'], stdout: b''	(at ex_script.py:45) 
2019-03-02 02:03:05,721 [D] ┌:F:n:WD_2:wc.c:29	(at logger.py:129) 
2019-03-02 02:03:05,722 [D] └:F:n:WD_2:wc.c:28	(at logger.py:129) 
2019-03-02 02:03:05,757 [D] ┌:P:c:WD_3:wc.c:29	(at logger.py:129) 
2019-03-02 02:03:05,757 [D] |:P:c:WD_3:wc.c:28	(at logger.py:129) 
2019-03-02 02:03:05,758 [D] └:P:c:WD_3:wc.c:27	(at logger.py:129) 
2019-03-02 02:03:05,758 [D]  : : :pass:wc.c:28	(at logger.py:129) 
2019-03-02 02:03:05,758 [D]  : : :pass:wc.c:27	(at logger.py:129) 
2019-03-02 02:03:05,770 [D] subprocess cmd: ['source compile.sh /home/bohrok/Documents/DM/output/orbs/wc/16/work'], stdout: b''	(at ex_script.py:45) 
2019-03-02 02:03:05,771 [D] -:F:n:WD_1:wc.c:26	(at logger.py:129) 
2019-03-02 02:03:05,784 [D] subprocess cmd: ['source compile.sh /home/bohrok/Documents/DM/output/orbs/wc/16/work'], stdout: b''	(at ex_script.py:45) 
2019-03-02 02:03:05,784 [D] ┌:F:n:WD_2:wc.c:26	(at logger.py:129) 
2019-03-02 02:03:05,784 [D] └:F:n:WD_2:wc.c:25	(at logger.py:129) 
2019-03-02 02:03:05,797 [D] subprocess cmd: ['source compile.sh /home/bohrok/Documents/DM/output/orbs/wc/16/work'], stdout: b''	(at ex_script.py:45) 
2019-03-02 02:03:05,797 [D] ┌:F:n:WD_3:wc.c:26	(at logger.py:129) 
2019-03-02 02:03:05,797 [D] |:F:n:WD_3:wc.c:25	(at logger.py:129) 
2019-03-02 02:03:05,797 [D] └:F:n:WD_3:wc.c:24	(at logger.py:129) 
2019-03-02 02:03:05,848 [D] -:P:n:WD_1:wc.c:25	(at logger.py:129) 
2019-03-02 02:03:05,896 [D] -:P:n:WD_1:wc.c:24	(at logger.py:129) 
2019-03-02 02:03:05,911 [D] subprocess cmd: ['source compile.sh /home/bohrok/Documents/DM/output/orbs/wc/16/work'], stdout: b''	(at ex_script.py:45) 
2019-03-02 02:03:05,911 [D] -:F:n:WD_1:wc.c:23	(at logger.py:129) 
2019-03-02 02:03:05,924 [D] subprocess cmd: ['source compile.sh /home/bohrok/Documents/DM/output/orbs/wc/16/work'], stdout: b''	(at ex_script.py:45) 
2019-03-02 02:03:05,925 [D] ┌:F:n:WD_2:wc.c:23	(at logger.py:129) 
2019-03-02 02:03:05,925 [D] └:F:n:WD_2:wc.c:22	(at logger.py:129) 
2019-03-02 02:03:05,938 [D] subprocess cmd: ['source compile.sh /home/bohrok/Documents/DM/output/orbs/wc/16/work'], stdout: b''	(at ex_script.py:45) 
2019-03-02 02:03:05,938 [D] ┌:F:n:WD_3:wc.c:23	(at logger.py:129) 
2019-03-02 02:03:05,938 [D] |:F:n:WD_3:wc.c:22	(at logger.py:129) 
2019-03-02 02:03:05,938 [D] └:F:n:WD_3:wc.c:21	(at logger.py:129) 
2019-03-02 02:03:05,974 [D] -:P:c:WD_1:wc.c:22	(at logger.py:129) 
2019-03-02 02:03:05,987 [D] subprocess cmd: ['source compile.sh /home/bohrok/Documents/DM/output/orbs/wc/16/work'], stdout: b''	(at ex_script.py:45) 
2019-03-02 02:03:05,987 [D] -:F:n:WD_1:wc.c:21	(at logger.py:129) 
2019-03-02 02:03:06,001 [D] subprocess cmd: ['source compile.sh /home/bohrok/Documents/DM/output/orbs/wc/16/work'], stdout: b''	(at ex_script.py:45) 
2019-03-02 02:03:06,001 [D] ┌:F:n:WD_2:wc.c:21	(at logger.py:129) 
2019-03-02 02:03:06,001 [D] └:F:n:WD_2:wc.c:20	(at logger.py:129) 
2019-03-02 02:03:06,046 [D] subprocess cmd: ['source execute.sh /home/bohrok/Documents/DM/output/orbs/wc/16/work'], stdout: b''	(at ex_script.py:45) 
2019-03-02 02:03:06,047 [D] ┌:C:n:WD_3:wc.c:21	(at logger.py:129) 
2019-03-02 02:03:06,047 [D] |:C:n:WD_3:wc.c:20	(at logger.py:129) 
2019-03-02 02:03:06,047 [D] └:C:n:WD_3:wc.c:19	(at logger.py:129) 
2019-03-02 02:03:06,083 [D] -:C:c:WD_1:wc.c:20	(at logger.py:129) 
2019-03-02 02:03:06,097 [D] subprocess cmd: ['source compile.sh /home/bohrok/Documents/DM/output/orbs/wc/16/work'], stdout: b''	(at ex_script.py:45) 
2019-03-02 02:03:06,098 [D] ┌:F:n:WD_2:wc.c:20	(at logger.py:129) 
2019-03-02 02:03:06,098 [D] └:F:n:WD_2:wc.c:19	(at logger.py:129) 
2019-03-02 02:03:06,112 [D] subprocess cmd: ['source compile.sh /home/bohrok/Documents/DM/output/orbs/wc/16/work'], stdout: b''	(at ex_script.py:45) 
2019-03-02 02:03:06,112 [D] ┌:F:n:WD_3:wc.c:20	(at logger.py:129) 
2019-03-02 02:03:06,113 [D] |:F:n:WD_3:wc.c:19	(at logger.py:129) 
2019-03-02 02:03:06,113 [D] └:F:n:WD_3:wc.c:18	(at logger.py:129) 
2019-03-02 02:03:06,126 [D] subprocess cmd: ['source compile.sh /home/bohrok/Documents/DM/output/orbs/wc/16/work'], stdout: b''	(at ex_script.py:45) 
2019-03-02 02:03:06,127 [D] -:F:n:WD_1:wc.c:19	(at logger.py:129) 
2019-03-02 02:03:06,139 [D] subprocess cmd: ['source compile.sh /home/bohrok/Documents/DM/output/orbs/wc/16/work'], stdout: b''	(at ex_script.py:45) 
2019-03-02 02:03:06,140 [D] ┌:F:n:WD_2:wc.c:19	(at logger.py:129) 
2019-03-02 02:03:06,140 [D] └:F:n:WD_2:wc.c:18	(at logger.py:129) 
2019-03-02 02:03:06,185 [D] ┌:C:n:WD_3:wc.c:19	(at logger.py:129) 
2019-03-02 02:03:06,185 [D] |:C:n:WD_3:wc.c:18	(at logger.py:129) 
2019-03-02 02:03:06,186 [D] └:C:n:WD_3:wc.c:17	(at logger.py:129) 
2019-03-02 02:03:06,231 [D] -:P:n:WD_1:wc.c:18	(at logger.py:129) 
2019-03-02 02:03:06,247 [D] subprocess cmd: ['source compile.sh /home/bohrok/Documents/DM/output/orbs/wc/16/work'], stdout: b''	(at ex_script.py:45) 
2019-03-02 02:03:06,247 [D] -:F:n:WD_1:wc.c:17	(at logger.py:129) 
2019-03-02 02:03:06,262 [D] subprocess cmd: ['source compile.sh /home/bohrok/Documents/DM/output/orbs/wc/16/work'], stdout: b''	(at ex_script.py:45) 
2019-03-02 02:03:06,262 [D] ┌:F:n:WD_2:wc.c:17	(at logger.py:129) 
2019-03-02 02:03:06,262 [D] └:F:n:WD_2:wc.c:16	(at logger.py:129) 
2019-03-02 02:03:06,277 [D] subprocess cmd: ['source compile.sh /home/bohrok/Documents/DM/output/orbs/wc/16/work'], stdout: b''	(at ex_script.py:45) 
2019-03-02 02:03:06,278 [D] ┌:F:n:WD_3:wc.c:17	(at logger.py:129) 
2019-03-02 02:03:06,278 [D] |:F:n:WD_3:wc.c:16	(at logger.py:129) 
2019-03-02 02:03:06,278 [D] └:F:n:WD_3:wc.c:15	(at logger.py:129) 
2019-03-02 02:03:06,313 [D] -:P:c:WD_1:wc.c:16	(at logger.py:129) 
2019-03-02 02:03:06,362 [D] -:P:n:WD_1:wc.c:15	(at logger.py:129) 
2019-03-02 02:03:06,375 [D] subprocess cmd: ['source compile.sh /home/bohrok/Documents/DM/output/orbs/wc/16/work'], stdout: b''	(at ex_script.py:45) 
2019-03-02 02:03:06,375 [D] -:F:n:WD_1:wc.c:14	(at logger.py:129) 
2019-03-02 02:03:06,388 [D] subprocess cmd: ['source compile.sh /home/bohrok/Documents/DM/output/orbs/wc/16/work'], stdout: b''	(at ex_script.py:45) 
2019-03-02 02:03:06,388 [D] ┌:F:n:WD_2:wc.c:14	(at logger.py:129) 
2019-03-02 02:03:06,388 [D] └:F:n:WD_2:wc.c:13	(at logger.py:129) 
2019-03-02 02:03:06,402 [D] subprocess cmd: ['source compile.sh /home/bohrok/Documents/DM/output/orbs/wc/16/work'], stdout: b''	(at ex_script.py:45) 
2019-03-02 02:03:06,402 [D] ┌:F:n:WD_3:wc.c:14	(at logger.py:129) 
2019-03-02 02:03:06,402 [D] |:F:n:WD_3:wc.c:13	(at logger.py:129) 
2019-03-02 02:03:06,402 [D] └:F:n:WD_3:wc.c:12	(at logger.py:129) 
2019-03-02 02:03:06,450 [D] -:C:n:WD_1:wc.c:13	(at logger.py:129) 
2019-03-02 02:03:06,524 [D] ┌:C:n:WD_2:wc.c:13	(at logger.py:129) 
2019-03-02 02:03:06,525 [D] └:C:n:WD_2:wc.c:12	(at logger.py:129) 
2019-03-02 02:03:06,594 [D] ┌:C:n:WD_3:wc.c:13	(at logger.py:129) 
2019-03-02 02:03:06,594 [D] |:C:n:WD_3:wc.c:12	(at logger.py:129) 
2019-03-02 02:03:06,594 [D] └:C:n:WD_3:wc.c:11	(at logger.py:129) 
2019-03-02 02:03:06,642 [D] -:P:n:WD_1:wc.c:12	(at logger.py:129) 
2019-03-02 02:03:06,687 [D] -:P:n:WD_1:wc.c:11	(at logger.py:129) 
2019-03-02 02:03:06,733 [D] -:P:n:WD_1:wc.c:10	(at logger.py:129) 
2019-03-02 02:03:06,748 [D] subprocess cmd: ['source compile.sh /home/bohrok/Documents/DM/output/orbs/wc/16/work'], stdout: b''	(at ex_script.py:45) 
2019-03-02 02:03:06,749 [D] -:F:n:WD_1:wc.c:9	(at logger.py:129) 
2019-03-02 02:03:06,764 [D] subprocess cmd: ['source compile.sh /home/bohrok/Documents/DM/output/orbs/wc/16/work'], stdout: b''	(at ex_script.py:45) 
2019-03-02 02:03:06,764 [D] ┌:F:n:WD_2:wc.c:9	(at logger.py:129) 
2019-03-02 02:03:06,764 [D] └:F:n:WD_2:wc.c:8	(at logger.py:129) 
2019-03-02 02:03:06,778 [D] subprocess cmd: ['source compile.sh /home/bohrok/Documents/DM/output/orbs/wc/16/work'], stdout: b''	(at ex_script.py:45) 
2019-03-02 02:03:06,778 [D] ┌:F:n:WD_3:wc.c:9	(at logger.py:129) 
2019-03-02 02:03:06,779 [D] |:F:n:WD_3:wc.c:8	(at logger.py:129) 
2019-03-02 02:03:06,779 [D] └:F:n:WD_3:wc.c:7	(at logger.py:129) 
2019-03-02 02:03:06,814 [D] -:P:c:WD_1:wc.c:8	(at logger.py:129) 
2019-03-02 02:03:06,851 [D] -:P:c:WD_1:wc.c:7	(at logger.py:129) 
2019-03-02 02:03:06,887 [D] -:P:c:WD_1:wc.c:6	(at logger.py:129) 
2019-03-02 02:03:06,919 [D] -:P:c:WD_1:wc.c:5	(at logger.py:129) 
2019-03-02 02:03:06,932 [D] subprocess cmd: ['source compile.sh /home/bohrok/Documents/DM/output/orbs/wc/16/work'], stdout: b''	(at ex_script.py:45) 
2019-03-02 02:03:06,932 [D] -:F:n:WD_1:wc.c:4	(at logger.py:129) 
2019-03-02 02:03:06,947 [D] subprocess cmd: ['source compile.sh /home/bohrok/Documents/DM/output/orbs/wc/16/work'], stdout: b''	(at ex_script.py:45) 
2019-03-02 02:03:06,947 [D] ┌:F:n:WD_2:wc.c:4	(at logger.py:129) 
2019-03-02 02:03:06,947 [D] └:F:n:WD_2:wc.c:3	(at logger.py:129) 
2019-03-02 02:03:06,961 [D] subprocess cmd: ['source compile.sh /home/bohrok/Documents/DM/output/orbs/wc/16/work'], stdout: b''	(at ex_script.py:45) 
2019-03-02 02:03:06,961 [D] ┌:F:n:WD_3:wc.c:4	(at logger.py:129) 
2019-03-02 02:03:06,962 [D] |:F:n:WD_3:wc.c:3	(at logger.py:129) 
2019-03-02 02:03:06,962 [D] └:F:n:WD_3:wc.c:2	(at logger.py:129) 
2019-03-02 02:03:06,977 [D] subprocess cmd: ['source compile.sh /home/bohrok/Documents/DM/output/orbs/wc/16/work'], stdout: b''	(at ex_script.py:45) 
2019-03-02 02:03:06,977 [D] -:F:n:WD_1:wc.c:3	(at logger.py:129) 
2019-03-02 02:03:06,991 [D] subprocess cmd: ['source compile.sh /home/bohrok/Documents/DM/output/orbs/wc/16/work'], stdout: b''	(at ex_script.py:45) 
2019-03-02 02:03:06,992 [D] ┌:F:n:WD_2:wc.c:3	(at logger.py:129) 
2019-03-02 02:03:06,992 [D] └:F:n:WD_2:wc.c:2	(at logger.py:129) 
2019-03-02 02:03:07,003 [D] subprocess cmd: ['source compile.sh /home/bohrok/Documents/DM/output/orbs/wc/16/work'], stdout: b''	(at ex_script.py:45) 
2019-03-02 02:03:07,003 [D] ┌:F:n:WD_3:wc.c:3	(at logger.py:129) 
2019-03-02 02:03:07,003 [D] |:F:n:WD_3:wc.c:2	(at logger.py:129) 
2019-03-02 02:03:07,003 [D] └:F:n:WD_3:wc.c:1	(at logger.py:129) 
2019-03-02 02:03:07,016 [D] subprocess cmd: ['source compile.sh /home/bohrok/Documents/DM/output/orbs/wc/16/work'], stdout: b''	(at ex_script.py:45) 
2019-03-02 02:03:07,017 [D] -:F:n:WD_1:wc.c:2	(at logger.py:129) 
2019-03-02 02:03:07,030 [D] subprocess cmd: ['source compile.sh /home/bohrok/Documents/DM/output/orbs/wc/16/work'], stdout: b''	(at ex_script.py:45) 
2019-03-02 02:03:07,030 [D] ┌:F:n:WD_2:wc.c:2	(at logger.py:129) 
2019-03-02 02:03:07,030 [D] └:F:n:WD_2:wc.c:1	(at logger.py:129) 
2019-03-02 02:03:07,030 [D] ┌:F:n:WD_3:wc.c:2	(at logger.py:129) 
2019-03-02 02:03:07,030 [D] └:F:n:WD_3:wc.c:1	(at logger.py:129) 
2019-03-02 02:03:07,079 [D] -:P:n:WD_1:wc.c:1	(at logger.py:129) 
2019-03-02 02:03:07,080 [D] comp_cached_cnt:1	(at logger.py:134) 
2019-03-02 02:03:07,080 [D] compile_cnt:89	(at logger.py:134) 
2019-03-02 02:03:07,080 [D] execute_cnt:18	(at logger.py:134) 
2019-03-02 02:03:07,080 [D] fail_del_cnt:8	(at logger.py:134) 
2019-03-02 02:03:07,080 [D] iter_idx:1	(at logger.py:134) 
2019-03-02 02:03:07,080 [D] reuse_cnt:12	(at logger.py:134) 
2019-03-02 02:03:07,080 [D] succ_del_cnt:22	(at logger.py:134) 
2019-03-02 02:03:07,080 [D] time:2.174398422241211	(at logger.py:134) 
2019-03-02 02:03:07,080 [D] deletion:27	(at logger.py:136) 
2019-03-02 02:03:07,080 [I] Iteration 1 finished	(at orbs.py:87) 
2019-03-02 02:03:07,094 [D] subprocess cmd: ['source compile.sh /home/bohrok/Documents/DM/output/orbs/wc/16/work'], stdout: b''	(at ex_script.py:45) 
2019-03-02 02:03:07,094 [D] -:F:n:WD_1:wc.c:48	(at logger.py:129) 
2019-03-02 02:03:07,105 [D] subprocess cmd: ['source compile.sh /home/bohrok/Documents/DM/output/orbs/wc/16/work'], stdout: b''	(at ex_script.py:45) 
2019-03-02 02:03:07,105 [D] ┌:F:n:WD_2:wc.c:48	(at logger.py:129) 
2019-03-02 02:03:07,105 [D] └:F:n:WD_2:wc.c:47	(at logger.py:129) 
2019-03-02 02:03:07,116 [D] subprocess cmd: ['source compile.sh /home/bohrok/Documents/DM/output/orbs/wc/16/work'], stdout: b''	(at ex_script.py:45) 
2019-03-02 02:03:07,116 [D] ┌:F:n:WD_3:wc.c:48	(at logger.py:129) 
2019-03-02 02:03:07,116 [D] |:F:n:WD_3:wc.c:47	(at logger.py:129) 
2019-03-02 02:03:07,116 [D] └:F:n:WD_3:wc.c:41	(at logger.py:129) 
2019-03-02 02:03:07,129 [D] subprocess cmd: ['source compile.sh /home/bohrok/Documents/DM/output/orbs/wc/16/work'], stdout: b''	(at ex_script.py:45) 
2019-03-02 02:03:07,129 [D] -:F:n:WD_1:wc.c:47	(at logger.py:129) 
2019-03-02 02:03:07,163 [D] ┌:P:c:WD_2:wc.c:47	(at logger.py:129) 
2019-03-02 02:03:07,163 [D] └:P:c:WD_2:wc.c:41	(at logger.py:129) 
2019-03-02 02:03:07,163 [D]  : : :pass:wc.c:46	(at logger.py:129) 
2019-03-02 02:03:07,163 [D]  : : :pass:wc.c:45	(at logger.py:129) 
2019-03-02 02:03:07,163 [D]  : : :pass:wc.c:44	(at logger.py:129) 
2019-03-02 02:03:07,163 [D]  : : :pass:wc.c:43	(at logger.py:129) 
2019-03-02 02:03:07,163 [D]  : : :pass:wc.c:42	(at logger.py:129) 
2019-03-02 02:03:07,163 [D]  : : :pass:wc.c:41	(at logger.py:129) 
2019-03-02 02:03:07,163 [D]  : : :pass:wc.c:40	(at logger.py:129) 
2019-03-02 02:03:07,163 [D]  : : :pass:wc.c:39	(at logger.py:129) 
2019-03-02 02:03:07,163 [D]  : : :pass:wc.c:38	(at logger.py:129) 
2019-03-02 02:03:07,203 [D] subprocess cmd: ['source execute.sh /home/bohrok/Documents/DM/output/orbs/wc/16/work'], stdout: b''	(at ex_script.py:45) 
2019-03-02 02:03:07,204 [D] -:C:n:WD_1:wc.c:37	(at logger.py:129) 
2019-03-02 02:03:07,215 [D] subprocess cmd: ['source compile.sh /home/bohrok/Documents/DM/output/orbs/wc/16/work'], stdout: b''	(at ex_script.py:45) 
2019-03-02 02:03:07,215 [D] ┌:F:n:WD_2:wc.c:37	(at logger.py:129) 
2019-03-02 02:03:07,215 [D] └:F:n:WD_2:wc.c:35	(at logger.py:129) 
2019-03-02 02:03:07,228 [D] subprocess cmd: ['source compile.sh /home/bohrok/Documents/DM/output/orbs/wc/16/work'], stdout: b''	(at ex_script.py:45) 
2019-03-02 02:03:07,228 [D] ┌:F:n:WD_3:wc.c:37	(at logger.py:129) 
2019-03-02 02:03:07,228 [D] |:F:n:WD_3:wc.c:35	(at logger.py:129) 
2019-03-02 02:03:07,228 [D] └:F:n:WD_3:wc.c:34	(at logger.py:129) 
2019-03-02 02:03:07,228 [D]  : : :pass:wc.c:36	(at logger.py:129) 
2019-03-02 02:03:07,240 [D] subprocess cmd: ['source compile.sh /home/bohrok/Documents/DM/output/orbs/wc/16/work'], stdout: b''	(at ex_script.py:45) 
2019-03-02 02:03:07,240 [D] -:F:n:WD_1:wc.c:35	(at logger.py:129) 
2019-03-02 02:03:07,252 [D] subprocess cmd: ['source compile.sh /home/bohrok/Documents/DM/output/orbs/wc/16/work'], stdout: b''	(at ex_script.py:45) 
2019-03-02 02:03:07,252 [D] ┌:F:n:WD_2:wc.c:35	(at logger.py:129) 
2019-03-02 02:03:07,252 [D] └:F:n:WD_2:wc.c:34	(at logger.py:129) 
2019-03-02 02:03:07,285 [D] subprocess cmd: ['source compile.sh /home/bohrok/Documents/DM/output/orbs/wc/16/work'], stdout: b''	(at ex_script.py:45) 
2019-03-02 02:03:07,285 [D] ┌:F:n:WD_3:wc.c:35	(at logger.py:129) 
2019-03-02 02:03:07,285 [D] |:F:n:WD_3:wc.c:34	(at logger.py:129) 
2019-03-02 02:03:07,285 [D] └:F:n:WD_3:wc.c:33	(at logger.py:129) 
2019-03-02 02:03:07,296 [D] subprocess cmd: ['source compile.sh /home/bohrok/Documents/DM/output/orbs/wc/16/work'], stdout: b''	(at ex_script.py:45) 
2019-03-02 02:03:07,296 [D] -:F:n:WD_1:wc.c:34	(at logger.py:129) 
2019-03-02 02:03:07,307 [D] subprocess cmd: ['source compile.sh /home/bohrok/Documents/DM/output/orbs/wc/16/work'], stdout: b''	(at ex_script.py:45) 
2019-03-02 02:03:07,307 [D] ┌:F:n:WD_2:wc.c:34	(at logger.py:129) 
2019-03-02 02:03:07,307 [D] └:F:n:WD_2:wc.c:33	(at logger.py:129) 
2019-03-02 02:03:07,317 [D] subprocess cmd: ['source compile.sh /home/bohrok/Documents/DM/output/orbs/wc/16/work'], stdout: b''	(at ex_script.py:45) 
2019-03-02 02:03:07,318 [D] ┌:F:n:WD_3:wc.c:34	(at logger.py:129) 
2019-03-02 02:03:07,318 [D] |:F:n:WD_3:wc.c:33	(at logger.py:129) 
2019-03-02 02:03:07,318 [D] └:F:n:WD_3:wc.c:32	(at logger.py:129) 
2019-03-02 02:03:07,330 [D] subprocess cmd: ['source compile.sh /home/bohrok/Documents/DM/output/orbs/wc/16/work'], stdout: b''	(at ex_script.py:45) 
2019-03-02 02:03:07,330 [D] -:F:n:WD_1:wc.c:33	(at logger.py:129) 
2019-03-02 02:03:07,342 [D] subprocess cmd: ['source compile.sh /home/bohrok/Documents/DM/output/orbs/wc/16/work'], stdout: b''	(at ex_script.py:45) 
2019-03-02 02:03:07,342 [D] ┌:F:n:WD_2:wc.c:33	(at logger.py:129) 
2019-03-02 02:03:07,342 [D] └:F:n:WD_2:wc.c:32	(at logger.py:129) 
2019-03-02 02:03:07,353 [D] subprocess cmd: ['source compile.sh /home/bohrok/Documents/DM/output/orbs/wc/16/work'], stdout: b''	(at ex_script.py:45) 
2019-03-02 02:03:07,354 [D] ┌:F:n:WD_3:wc.c:33	(at logger.py:129) 
2019-03-02 02:03:07,354 [D] |:F:n:WD_3:wc.c:32	(at logger.py:129) 
2019-03-02 02:03:07,354 [D] └:F:n:WD_3:wc.c:31	(at logger.py:129) 
2019-03-02 02:03:07,364 [D] subprocess cmd: ['source compile.sh /home/bohrok/Documents/DM/output/orbs/wc/16/work'], stdout: b''	(at ex_script.py:45) 
2019-03-02 02:03:07,364 [D] -:F:n:WD_1:wc.c:32	(at logger.py:129) 
2019-03-02 02:03:07,376 [D] subprocess cmd: ['source compile.sh /home/bohrok/Documents/DM/output/orbs/wc/16/work'], stdout: b''	(at ex_script.py:45) 
2019-03-02 02:03:07,377 [D] ┌:F:n:WD_2:wc.c:32	(at logger.py:129) 
2019-03-02 02:03:07,377 [D] └:F:n:WD_2:wc.c:31	(at logger.py:129) 
2019-03-02 02:03:07,387 [D] subprocess cmd: ['source compile.sh /home/bohrok/Documents/DM/output/orbs/wc/16/work'], stdout: b''	(at ex_script.py:45) 
2019-03-02 02:03:07,388 [D] ┌:F:n:WD_3:wc.c:32	(at logger.py:129) 
2019-03-02 02:03:07,388 [D] |:F:n:WD_3:wc.c:31	(at logger.py:129) 
2019-03-02 02:03:07,388 [D] └:F:n:WD_3:wc.c:26	(at logger.py:129) 
2019-03-02 02:03:07,398 [D] subprocess cmd: ['source compile.sh /home/bohrok/Documents/DM/output/orbs/wc/16/work'], stdout: b''	(at ex_script.py:45) 
2019-03-02 02:03:07,399 [D] -:F:n:WD_1:wc.c:31	(at logger.py:129) 
2019-03-02 02:03:07,411 [D] subprocess cmd: ['source compile.sh /home/bohrok/Documents/DM/output/orbs/wc/16/work'], stdout: b''	(at ex_script.py:45) 
2019-03-02 02:03:07,411 [D] ┌:F:n:WD_2:wc.c:31	(at logger.py:129) 
2019-03-02 02:03:07,411 [D] └:F:n:WD_2:wc.c:26	(at logger.py:129) 
2019-03-02 02:03:07,422 [D] subprocess cmd: ['source compile.sh /home/bohrok/Documents/DM/output/orbs/wc/16/work'], stdout: b''	(at ex_script.py:45) 
2019-03-02 02:03:07,422 [D] ┌:F:n:WD_3:wc.c:31	(at logger.py:129) 
2019-03-02 02:03:07,422 [D] |:F:n:WD_3:wc.c:26	(at logger.py:129) 
2019-03-02 02:03:07,423 [D] └:F:n:WD_3:wc.c:23	(at logger.py:129) 
2019-03-02 02:03:07,423 [D]  : : :pass:wc.c:30	(at logger.py:129) 
2019-03-02 02:03:07,423 [D]  : : :pass:wc.c:29	(at logger.py:129) 
2019-03-02 02:03:07,423 [D]  : : :pass:wc.c:28	(at logger.py:129) 
2019-03-02 02:03:07,423 [D]  : : :pass:wc.c:27	(at logger.py:129) 
2019-03-02 02:03:07,433 [D] subprocess cmd: ['source compile.sh /home/bohrok/Documents/DM/output/orbs/wc/16/work'], stdout: b''	(at ex_script.py:45) 
2019-03-02 02:03:07,433 [D] -:F:n:WD_1:wc.c:26	(at logger.py:129) 
2019-03-02 02:03:07,467 [D] ┌:P:c:WD_2:wc.c:26	(at logger.py:129) 
2019-03-02 02:03:07,467 [D] └:P:c:WD_2:wc.c:23	(at logger.py:129) 
2019-03-02 02:03:07,467 [D]  : : :pass:wc.c:25	(at logger.py:129) 
2019-03-02 02:03:07,467 [D]  : : :pass:wc.c:24	(at logger.py:129) 
2019-03-02 02:03:07,467 [D]  : : :pass:wc.c:23	(at logger.py:129) 
2019-03-02 02:03:07,467 [D]  : : :pass:wc.c:22	(at logger.py:129) 
2019-03-02 02:03:07,481 [D] subprocess cmd: ['source compile.sh /home/bohrok/Documents/DM/output/orbs/wc/16/work'], stdout: b''	(at ex_script.py:45) 
2019-03-02 02:03:07,482 [D] -:F:n:WD_1:wc.c:21	(at logger.py:129) 
2019-03-02 02:03:07,496 [D] subprocess cmd: ['source compile.sh /home/bohrok/Documents/DM/output/orbs/wc/16/work'], stdout: b''	(at ex_script.py:45) 
2019-03-02 02:03:07,496 [D] ┌:F:n:WD_2:wc.c:21	(at logger.py:129) 
2019-03-02 02:03:07,496 [D] └:F:n:WD_2:wc.c:20	(at logger.py:129) 
2019-03-02 02:03:07,544 [D] subprocess cmd: ['source execute.sh /home/bohrok/Documents/DM/output/orbs/wc/16/work'], stdout: b''	(at ex_script.py:45) 
2019-03-02 02:03:07,545 [D] ┌:C:n:WD_3:wc.c:21	(at logger.py:129) 
2019-03-02 02:03:07,545 [D] |:C:n:WD_3:wc.c:20	(at logger.py:129) 
2019-03-02 02:03:07,545 [D] └:C:n:WD_3:wc.c:19	(at logger.py:129) 
2019-03-02 02:03:07,575 [D] -:C:c:WD_1:wc.c:20	(at logger.py:129) 
2019-03-02 02:03:07,586 [D] subprocess cmd: ['source compile.sh /home/bohrok/Documents/DM/output/orbs/wc/16/work'], stdout: b''	(at ex_script.py:45) 
2019-03-02 02:03:07,587 [D] ┌:F:n:WD_2:wc.c:20	(at logger.py:129) 
2019-03-02 02:03:07,587 [D] └:F:n:WD_2:wc.c:19	(at logger.py:129) 
2019-03-02 02:03:07,587 [D] ┌:C:c:WD_3:wc.c:20	(at logger.py:129) 
2019-03-02 02:03:07,587 [D] |:C:c:WD_3:wc.c:19	(at logger.py:129) 
2019-03-02 02:03:07,587 [D] └:C:c:WD_3:wc.c:17	(at logger.py:129) 
2019-03-02 02:03:07,597 [D] subprocess cmd: ['source compile.sh /home/bohrok/Documents/DM/output/orbs/wc/16/work'], stdout: b''	(at ex_script.py:45) 
2019-03-02 02:03:07,597 [D] -:F:n:WD_1:wc.c:19	(at logger.py:129) 
2019-03-02 02:03:07,630 [D] ┌:P:c:WD_2:wc.c:19	(at logger.py:129) 
2019-03-02 02:03:07,631 [D] └:P:c:WD_2:wc.c:17	(at logger.py:129) 
2019-03-02 02:03:07,631 [D]  : : :pass:wc.c:18	(at logger.py:129) 
2019-03-02 02:03:07,631 [D]  : : :pass:wc.c:17	(at logger.py:129) 
2019-03-02 02:03:07,631 [D]  : : :pass:wc.c:16	(at logger.py:129) 
2019-03-02 02:03:07,631 [D]  : : :pass:wc.c:15	(at logger.py:129) 
2019-03-02 02:03:07,643 [D] subprocess cmd: ['source compile.sh /home/bohrok/Documents/DM/output/orbs/wc/16/work'], stdout: b''	(at ex_script.py:45) 
2019-03-02 02:03:07,643 [D] -:F:n:WD_1:wc.c:14	(at logger.py:129) 
2019-03-02 02:03:07,654 [D] subprocess cmd: ['source compile.sh /home/bohrok/Documents/DM/output/orbs/wc/16/work'], stdout: b''	(at ex_script.py:45) 
2019-03-02 02:03:07,654 [D] ┌:F:n:WD_2:wc.c:14	(at logger.py:129) 
2019-03-02 02:03:07,654 [D] └:F:n:WD_2:wc.c:13	(at logger.py:129) 
2019-03-02 02:03:07,664 [D] subprocess cmd: ['source compile.sh /home/bohrok/Documents/DM/output/orbs/wc/16/work'], stdout: b''	(at ex_script.py:45) 
2019-03-02 02:03:07,664 [D] ┌:F:n:WD_3:wc.c:14	(at logger.py:129) 
2019-03-02 02:03:07,664 [D] |:F:n:WD_3:wc.c:13	(at logger.py:129) 
2019-03-02 02:03:07,664 [D] └:F:n:WD_3:wc.c:9	(at logger.py:129) 
2019-03-02 02:03:07,711 [D] -:C:n:WD_1:wc.c:13	(at logger.py:129) 
2019-03-02 02:03:07,721 [D] subprocess cmd: ['source compile.sh /home/bohrok/Documents/DM/output/orbs/wc/16/work'], stdout: b''	(at ex_script.py:45) 
2019-03-02 02:03:07,721 [D] ┌:F:n:WD_2:wc.c:13	(at logger.py:129) 
2019-03-02 02:03:07,721 [D] └:F:n:WD_2:wc.c:9	(at logger.py:129) 
2019-03-02 02:03:07,732 [D] subprocess cmd: ['source compile.sh /home/bohrok/Documents/DM/output/orbs/wc/16/work'], stdout: b''	(at ex_script.py:45) 
2019-03-02 02:03:07,732 [D] ┌:F:n:WD_3:wc.c:13	(at logger.py:129) 
2019-03-02 02:03:07,732 [D] |:F:n:WD_3:wc.c:9	(at logger.py:129) 
2019-03-02 02:03:07,733 [D] └:F:n:WD_3:wc.c:4	(at logger.py:129) 
2019-03-02 02:03:07,733 [D]  : : :pass:wc.c:12	(at logger.py:129) 
2019-03-02 02:03:07,733 [D]  : : :pass:wc.c:11	(at logger.py:129) 
2019-03-02 02:03:07,733 [D]  : : :pass:wc.c:10	(at logger.py:129) 
2019-03-02 02:03:07,746 [D] subprocess cmd: ['source compile.sh /home/bohrok/Documents/DM/output/orbs/wc/16/work'], stdout: b''	(at ex_script.py:45) 
2019-03-02 02:03:07,746 [D] -:F:n:WD_1:wc.c:9	(at logger.py:129) 
2019-03-02 02:03:07,758 [D] subprocess cmd: ['source compile.sh /home/bohrok/Documents/DM/output/orbs/wc/16/work'], stdout: b''	(at ex_script.py:45) 
2019-03-02 02:03:07,759 [D] ┌:F:n:WD_2:wc.c:9	(at logger.py:129) 
2019-03-02 02:03:07,759 [D] └:F:n:WD_2:wc.c:4	(at logger.py:129) 
2019-03-02 02:03:07,772 [D] subprocess cmd: ['source compile.sh /home/bohrok/Documents/DM/output/orbs/wc/16/work'], stdout: b''	(at ex_script.py:45) 
2019-03-02 02:03:07,772 [D] ┌:F:n:WD_3:wc.c:9	(at logger.py:129) 
2019-03-02 02:03:07,772 [D] |:F:n:WD_3:wc.c:4	(at logger.py:129) 
2019-03-02 02:03:07,772 [D] └:F:n:WD_3:wc.c:3	(at logger.py:129) 
2019-03-02 02:03:07,772 [D]  : : :pass:wc.c:8	(at logger.py:129) 
2019-03-02 02:03:07,772 [D]  : : :pass:wc.c:7	(at logger.py:129) 
2019-03-02 02:03:07,772 [D]  : : :pass:wc.c:6	(at logger.py:129) 
2019-03-02 02:03:07,772 [D]  : : :pass:wc.c:5	(at logger.py:129) 
2019-03-02 02:03:07,782 [D] subprocess cmd: ['source compile.sh /home/bohrok/Documents/DM/output/orbs/wc/16/work'], stdout: b''	(at ex_script.py:45) 
2019-03-02 02:03:07,783 [D] -:F:n:WD_1:wc.c:4	(at logger.py:129) 
2019-03-02 02:03:07,795 [D] subprocess cmd: ['source compile.sh /home/bohrok/Documents/DM/output/orbs/wc/16/work'], stdout: b''	(at ex_script.py:45) 
2019-03-02 02:03:07,795 [D] ┌:F:n:WD_2:wc.c:4	(at logger.py:129) 
2019-03-02 02:03:07,795 [D] └:F:n:WD_2:wc.c:3	(at logger.py:129) 
2019-03-02 02:03:07,807 [D] subprocess cmd: ['source compile.sh /home/bohrok/Documents/DM/output/orbs/wc/16/work'], stdout: b''	(at ex_script.py:45) 
2019-03-02 02:03:07,807 [D] ┌:F:n:WD_3:wc.c:4	(at logger.py:129) 
2019-03-02 02:03:07,807 [D] |:F:n:WD_3:wc.c:3	(at logger.py:129) 
2019-03-02 02:03:07,807 [D] └:F:n:WD_3:wc.c:2	(at logger.py:129) 
2019-03-02 02:03:07,817 [D] subprocess cmd: ['source compile.sh /home/bohrok/Documents/DM/output/orbs/wc/16/work'], stdout: b''	(at ex_script.py:45) 
2019-03-02 02:03:07,817 [D] -:F:n:WD_1:wc.c:3	(at logger.py:129) 
2019-03-02 02:03:07,829 [D] subprocess cmd: ['source compile.sh /home/bohrok/Documents/DM/output/orbs/wc/16/work'], stdout: b''	(at ex_script.py:45) 
2019-03-02 02:03:07,829 [D] ┌:F:n:WD_2:wc.c:3	(at logger.py:129) 
2019-03-02 02:03:07,829 [D] └:F:n:WD_2:wc.c:2	(at logger.py:129) 
2019-03-02 02:03:07,830 [D] ┌:F:n:WD_3:wc.c:3	(at logger.py:129) 
2019-03-02 02:03:07,830 [D] └:F:n:WD_3:wc.c:2	(at logger.py:129) 
2019-03-02 02:03:07,843 [D] subprocess cmd: ['source compile.sh /home/bohrok/Documents/DM/output/orbs/wc/16/work'], stdout: b''	(at ex_script.py:45) 
2019-03-02 02:03:07,843 [D] -:F:n:WD_1:wc.c:2	(at logger.py:129) 
2019-03-02 02:03:07,843 [D] -:F:n:WD_2:wc.c:2	(at logger.py:129) 
2019-03-02 02:03:07,843 [D] -:F:n:WD_3:wc.c:2	(at logger.py:129) 
2019-03-02 02:03:07,843 [D]  : : :pass:wc.c:1	(at logger.py:129) 
2019-03-02 02:03:07,843 [D] comp_cached_cnt:4	(at logger.py:134) 
2019-03-02 02:03:07,844 [D] compile_cnt:47	(at logger.py:134) 
2019-03-02 02:03:07,844 [D] execute_cnt:3	(at logger.py:134) 
2019-03-02 02:03:07,844 [D] fail_del_cnt:5	(at logger.py:134) 
2019-03-02 02:03:07,844 [D] iter_idx:2	(at logger.py:134) 
2019-03-02 02:03:07,844 [D] reuse_cnt:5	(at logger.py:134) 
2019-03-02 02:03:07,844 [D] succ_del_cnt:3	(at logger.py:134) 
2019-03-02 02:03:07,844 [D] time:0.7630326747894287	(at logger.py:134) 
2019-03-02 02:03:07,844 [D] deletion:33	(at logger.py:136) 
2019-03-02 02:03:07,844 [I] Iteration 2 finished	(at orbs.py:87) 
2019-03-02 02:03:07,857 [D] subprocess cmd: ['source compile.sh /home/bohrok/Documents/DM/output/orbs/wc/16/work'], stdout: b''	(at ex_script.py:45) 
2019-03-02 02:03:07,857 [D] -:F:n:WD_1:wc.c:48	(at logger.py:129) 
2019-03-02 02:03:07,868 [D] subprocess cmd: ['source compile.sh /home/bohrok/Documents/DM/output/orbs/wc/16/work'], stdout: b''	(at ex_script.py:45) 
2019-03-02 02:03:07,869 [D] ┌:F:n:WD_2:wc.c:48	(at logger.py:129) 
2019-03-02 02:03:07,869 [D] └:F:n:WD_2:wc.c:37	(at logger.py:129) 
2019-03-02 02:03:07,880 [D] subprocess cmd: ['source compile.sh /home/bohrok/Documents/DM/output/orbs/wc/16/work'], stdout: b''	(at ex_script.py:45) 
2019-03-02 02:03:07,880 [D] ┌:F:n:WD_3:wc.c:48	(at logger.py:129) 
2019-03-02 02:03:07,880 [D] |:F:n:WD_3:wc.c:37	(at logger.py:129) 
2019-03-02 02:03:07,880 [D] └:F:n:WD_3:wc.c:35	(at logger.py:129) 
2019-03-02 02:03:07,880 [D]  : : :pass:wc.c:47	(at logger.py:129) 
2019-03-02 02:03:07,881 [D]  : : :pass:wc.c:46	(at logger.py:129) 
2019-03-02 02:03:07,881 [D]  : : :pass:wc.c:45	(at logger.py:129) 
2019-03-02 02:03:07,881 [D]  : : :pass:wc.c:44	(at logger.py:129) 
2019-03-02 02:03:07,881 [D]  : : :pass:wc.c:43	(at logger.py:129) 
2019-03-02 02:03:07,881 [D]  : : :pass:wc.c:42	(at logger.py:129) 
2019-03-02 02:03:07,881 [D]  : : :pass:wc.c:41	(at logger.py:129) 
2019-03-02 02:03:07,881 [D]  : : :pass:wc.c:40	(at logger.py:129) 
2019-03-02 02:03:07,881 [D]  : : :pass:wc.c:39	(at logger.py:129) 
2019-03-02 02:03:07,881 [D]  : : :pass:wc.c:38	(at logger.py:129) 
2019-03-02 02:03:07,914 [D] -:C:c:WD_1:wc.c:37	(at logger.py:129) 
2019-03-02 02:03:07,926 [D] subprocess cmd: ['source compile.sh /home/bohrok/Documents/DM/output/orbs/wc/16/work'], stdout: b''	(at ex_script.py:45) 
2019-03-02 02:03:07,927 [D] ┌:F:n:WD_2:wc.c:37	(at logger.py:129) 
2019-03-02 02:03:07,927 [D] └:F:n:WD_2:wc.c:35	(at logger.py:129) 
2019-03-02 02:03:07,938 [D] subprocess cmd: ['source compile.sh /home/bohrok/Documents/DM/output/orbs/wc/16/work'], stdout: b''	(at ex_script.py:45) 
2019-03-02 02:03:07,938 [D] ┌:F:n:WD_3:wc.c:37	(at logger.py:129) 
2019-03-02 02:03:07,938 [D] |:F:n:WD_3:wc.c:35	(at logger.py:129) 
2019-03-02 02:03:07,938 [D] └:F:n:WD_3:wc.c:34	(at logger.py:129) 
2019-03-02 02:03:07,938 [D]  : : :pass:wc.c:36	(at logger.py:129) 
2019-03-02 02:03:07,949 [D] subprocess cmd: ['source compile.sh /home/bohrok/Documents/DM/output/orbs/wc/16/work'], stdout: b''	(at ex_script.py:45) 
2019-03-02 02:03:07,949 [D] -:F:n:WD_1:wc.c:35	(at logger.py:129) 
2019-03-02 02:03:07,961 [D] subprocess cmd: ['source compile.sh /home/bohrok/Documents/DM/output/orbs/wc/16/work'], stdout: b''	(at ex_script.py:45) 
2019-03-02 02:03:07,961 [D] ┌:F:n:WD_2:wc.c:35	(at logger.py:129) 
2019-03-02 02:03:07,961 [D] └:F:n:WD_2:wc.c:34	(at logger.py:129) 
2019-03-02 02:03:07,991 [D] subprocess cmd: ['source compile.sh /home/bohrok/Documents/DM/output/orbs/wc/16/work'], stdout: b''	(at ex_script.py:45) 
2019-03-02 02:03:07,991 [D] ┌:F:n:WD_3:wc.c:35	(at logger.py:129) 
2019-03-02 02:03:07,991 [D] |:F:n:WD_3:wc.c:34	(at logger.py:129) 
2019-03-02 02:03:07,991 [D] └:F:n:WD_3:wc.c:33	(at logger.py:129) 
2019-03-02 02:03:08,002 [D] subprocess cmd: ['source compile.sh /home/bohrok/Documents/DM/output/orbs/wc/16/work'], stdout: b''	(at ex_script.py:45) 
2019-03-02 02:03:08,002 [D] -:F:n:WD_1:wc.c:34	(at logger.py:129) 
2019-03-02 02:03:08,014 [D] subprocess cmd: ['source compile.sh /home/bohrok/Documents/DM/output/orbs/wc/16/work'], stdout: b''	(at ex_script.py:45) 
2019-03-02 02:03:08,014 [D] ┌:F:n:WD_2:wc.c:34	(at logger.py:129) 
2019-03-02 02:03:08,014 [D] └:F:n:WD_2:wc.c:33	(at logger.py:129) 
2019-03-02 02:03:08,026 [D] subprocess cmd: ['source compile.sh /home/bohrok/Documents/DM/output/orbs/wc/16/work'], stdout: b''	(at ex_script.py:45) 
2019-03-02 02:03:08,026 [D] ┌:F:n:WD_3:wc.c:34	(at logger.py:129) 
2019-03-02 02:03:08,026 [D] |:F:n:WD_3:wc.c:33	(at logger.py:129) 
2019-03-02 02:03:08,026 [D] └:F:n:WD_3:wc.c:32	(at logger.py:129) 
2019-03-02 02:03:08,038 [D] subprocess cmd: ['source compile.sh /home/bohrok/Documents/DM/output/orbs/wc/16/work'], stdout: b''	(at ex_script.py:45) 
2019-03-02 02:03:08,038 [D] -:F:n:WD_1:wc.c:33	(at logger.py:129) 
2019-03-02 02:03:08,048 [D] subprocess cmd: ['source compile.sh /home/bohrok/Documents/DM/output/orbs/wc/16/work'], stdout: b''	(at ex_script.py:45) 
2019-03-02 02:03:08,048 [D] ┌:F:n:WD_2:wc.c:33	(at logger.py:129) 
2019-03-02 02:03:08,048 [D] └:F:n:WD_2:wc.c:32	(at logger.py:129) 
2019-03-02 02:03:08,062 [D] subprocess cmd: ['source compile.sh /home/bohrok/Documents/DM/output/orbs/wc/16/work'], stdout: b''	(at ex_script.py:45) 
2019-03-02 02:03:08,062 [D] ┌:F:n:WD_3:wc.c:33	(at logger.py:129) 
2019-03-02 02:03:08,062 [D] |:F:n:WD_3:wc.c:32	(at logger.py:129) 
2019-03-02 02:03:08,062 [D] └:F:n:WD_3:wc.c:31	(at logger.py:129) 
2019-03-02 02:03:08,075 [D] subprocess cmd: ['source compile.sh /home/bohrok/Documents/DM/output/orbs/wc/16/work'], stdout: b''	(at ex_script.py:45) 
2019-03-02 02:03:08,075 [D] -:F:n:WD_1:wc.c:32	(at logger.py:129) 
2019-03-02 02:03:08,088 [D] subprocess cmd: ['source compile.sh /home/bohrok/Documents/DM/output/orbs/wc/16/work'], stdout: b''	(at ex_script.py:45) 
2019-03-02 02:03:08,088 [D] ┌:F:n:WD_2:wc.c:32	(at logger.py:129) 
2019-03-02 02:03:08,089 [D] └:F:n:WD_2:wc.c:31	(at logger.py:129) 
2019-03-02 02:03:08,100 [D] subprocess cmd: ['source compile.sh /home/bohrok/Documents/DM/output/orbs/wc/16/work'], stdout: b''	(at ex_script.py:45) 
2019-03-02 02:03:08,100 [D] ┌:F:n:WD_3:wc.c:32	(at logger.py:129) 
2019-03-02 02:03:08,100 [D] |:F:n:WD_3:wc.c:31	(at logger.py:129) 
2019-03-02 02:03:08,100 [D] └:F:n:WD_3:wc.c:21	(at logger.py:129) 
2019-03-02 02:03:08,112 [D] subprocess cmd: ['source compile.sh /home/bohrok/Documents/DM/output/orbs/wc/16/work'], stdout: b''	(at ex_script.py:45) 
2019-03-02 02:03:08,113 [D] -:F:n:WD_1:wc.c:31	(at logger.py:129) 
2019-03-02 02:03:08,125 [D] subprocess cmd: ['source compile.sh /home/bohrok/Documents/DM/output/orbs/wc/16/work'], stdout: b''	(at ex_script.py:45) 
2019-03-02 02:03:08,125 [D] ┌:F:n:WD_2:wc.c:31	(at logger.py:129) 
2019-03-02 02:03:08,125 [D] └:F:n:WD_2:wc.c:21	(at logger.py:129) 
2019-03-02 02:03:08,159 [D] ┌:C:c:WD_3:wc.c:31	(at logger.py:129) 
2019-03-02 02:03:08,159 [D] |:C:c:WD_3:wc.c:21	(at logger.py:129) 
2019-03-02 02:03:08,159 [D] └:C:c:WD_3:wc.c:20	(at logger.py:129) 
2019-03-02 02:03:08,160 [D]  : : :pass:wc.c:30	(at logger.py:129) 
2019-03-02 02:03:08,160 [D]  : : :pass:wc.c:29	(at logger.py:129) 
2019-03-02 02:03:08,160 [D]  : : :pass:wc.c:28	(at logger.py:129) 
2019-03-02 02:03:08,160 [D]  : : :pass:wc.c:27	(at logger.py:129) 
2019-03-02 02:03:08,160 [D]  : : :pass:wc.c:26	(at logger.py:129) 
2019-03-02 02:03:08,160 [D]  : : :pass:wc.c:25	(at logger.py:129) 
2019-03-02 02:03:08,160 [D]  : : :pass:wc.c:24	(at logger.py:129) 
2019-03-02 02:03:08,160 [D]  : : :pass:wc.c:23	(at logger.py:129) 
2019-03-02 02:03:08,160 [D]  : : :pass:wc.c:22	(at logger.py:129) 
2019-03-02 02:03:08,171 [D] subprocess cmd: ['source compile.sh /home/bohrok/Documents/DM/output/orbs/wc/16/work'], stdout: b''	(at ex_script.py:45) 
2019-03-02 02:03:08,172 [D] -:F:n:WD_1:wc.c:21	(at logger.py:129) 
2019-03-02 02:03:08,183 [D] subprocess cmd: ['source compile.sh /home/bohrok/Documents/DM/output/orbs/wc/16/work'], stdout: b''	(at ex_script.py:45) 
2019-03-02 02:03:08,184 [D] ┌:F:n:WD_2:wc.c:21	(at logger.py:129) 
2019-03-02 02:03:08,184 [D] └:F:n:WD_2:wc.c:20	(at logger.py:129) 
2019-03-02 02:03:08,196 [D] subprocess cmd: ['source compile.sh /home/bohrok/Documents/DM/output/orbs/wc/16/work'], stdout: b''	(at ex_script.py:45) 
2019-03-02 02:03:08,196 [D] ┌:F:n:WD_3:wc.c:21	(at logger.py:129) 
2019-03-02 02:03:08,196 [D] |:F:n:WD_3:wc.c:20	(at logger.py:129) 
2019-03-02 02:03:08,196 [D] └:F:n:WD_3:wc.c:14	(at logger.py:129) 
2019-03-02 02:03:08,196 [D] -:C:c:WD_1:wc.c:20	(at logger.py:129) 
2019-03-02 02:03:08,209 [D] subprocess cmd: ['source compile.sh /home/bohrok/Documents/DM/output/orbs/wc/16/work'], stdout: b''	(at ex_script.py:45) 
2019-03-02 02:03:08,209 [D] ┌:F:n:WD_2:wc.c:20	(at logger.py:129) 
2019-03-02 02:03:08,209 [D] └:F:n:WD_2:wc.c:14	(at logger.py:129) 
2019-03-02 02:03:08,220 [D] subprocess cmd: ['source compile.sh /home/bohrok/Documents/DM/output/orbs/wc/16/work'], stdout: b''	(at ex_script.py:45) 
2019-03-02 02:03:08,221 [D] ┌:F:n:WD_3:wc.c:20	(at logger.py:129) 
2019-03-02 02:03:08,221 [D] |:F:n:WD_3:wc.c:14	(at logger.py:129) 
2019-03-02 02:03:08,221 [D] └:F:n:WD_3:wc.c:13	(at logger.py:129) 
2019-03-02 02:03:08,221 [D]  : : :pass:wc.c:19	(at logger.py:129) 
2019-03-02 02:03:08,221 [D]  : : :pass:wc.c:18	(at logger.py:129) 
2019-03-02 02:03:08,221 [D]  : : :pass:wc.c:17	(at logger.py:129) 
2019-03-02 02:03:08,221 [D]  : : :pass:wc.c:16	(at logger.py:129) 
2019-03-02 02:03:08,221 [D]  : : :pass:wc.c:15	(at logger.py:129) 
2019-03-02 02:03:08,221 [D] -:F:n:WD_1:wc.c:14	(at logger.py:129) 
2019-03-02 02:03:08,221 [D] ┌:F:n:WD_2:wc.c:14	(at logger.py:129) 
2019-03-02 02:03:08,221 [D] └:F:n:WD_2:wc.c:13	(at logger.py:129) 
2019-03-02 02:03:08,222 [D] ┌:F:n:WD_3:wc.c:14	(at logger.py:129) 
2019-03-02 02:03:08,222 [D] |:F:n:WD_3:wc.c:13	(at logger.py:129) 
2019-03-02 02:03:08,222 [D] └:F:n:WD_3:wc.c:9	(at logger.py:129) 
2019-03-02 02:03:08,222 [D] -:C:c:WD_1:wc.c:13	(at logger.py:129) 
2019-03-02 02:03:08,222 [D] ┌:F:n:WD_2:wc.c:13	(at logger.py:129) 
2019-03-02 02:03:08,222 [D] └:F:n:WD_2:wc.c:9	(at logger.py:129) 
2019-03-02 02:03:08,222 [D] ┌:F:n:WD_3:wc.c:13	(at logger.py:129) 
2019-03-02 02:03:08,222 [D] |:F:n:WD_3:wc.c:9	(at logger.py:129) 
2019-03-02 02:03:08,222 [D] └:F:n:WD_3:wc.c:4	(at logger.py:129) 
2019-03-02 02:03:08,222 [D]  : : :pass:wc.c:12	(at logger.py:129) 
2019-03-02 02:03:08,222 [D]  : : :pass:wc.c:11	(at logger.py:129) 
2019-03-02 02:03:08,222 [D]  : : :pass:wc.c:10	(at logger.py:129) 
2019-03-02 02:03:08,222 [D] -:F:n:WD_1:wc.c:9	(at logger.py:129) 
2019-03-02 02:03:08,223 [D] ┌:F:n:WD_2:wc.c:9	(at logger.py:129) 
2019-03-02 02:03:08,223 [D] └:F:n:WD_2:wc.c:4	(at logger.py:129) 
2019-03-02 02:03:08,223 [D] ┌:F:n:WD_3:wc.c:9	(at logger.py:129) 
2019-03-02 02:03:08,223 [D] |:F:n:WD_3:wc.c:4	(at logger.py:129) 
2019-03-02 02:03:08,223 [D] └:F:n:WD_3:wc.c:3	(at logger.py:129) 
2019-03-02 02:03:08,223 [D]  : : :pass:wc.c:8	(at logger.py:129) 
2019-03-02 02:03:08,223 [D]  : : :pass:wc.c:7	(at logger.py:129) 
2019-03-02 02:03:08,223 [D]  : : :pass:wc.c:6	(at logger.py:129) 
2019-03-02 02:03:08,223 [D]  : : :pass:wc.c:5	(at logger.py:129) 
2019-03-02 02:03:08,223 [D] -:F:n:WD_1:wc.c:4	(at logger.py:129) 
2019-03-02 02:03:08,223 [D] ┌:F:n:WD_2:wc.c:4	(at logger.py:129) 
2019-03-02 02:03:08,223 [D] └:F:n:WD_2:wc.c:3	(at logger.py:129) 
2019-03-02 02:03:08,223 [D] ┌:F:n:WD_3:wc.c:4	(at logger.py:129) 
2019-03-02 02:03:08,223 [D] |:F:n:WD_3:wc.c:3	(at logger.py:129) 
2019-03-02 02:03:08,223 [D] └:F:n:WD_3:wc.c:2	(at logger.py:129) 
2019-03-02 02:03:08,223 [D] -:F:n:WD_1:wc.c:3	(at logger.py:129) 
2019-03-02 02:03:08,224 [D] ┌:F:n:WD_2:wc.c:3	(at logger.py:129) 
2019-03-02 02:03:08,224 [D] └:F:n:WD_2:wc.c:2	(at logger.py:129) 
2019-03-02 02:03:08,224 [D] ┌:F:n:WD_3:wc.c:3	(at logger.py:129) 
2019-03-02 02:03:08,224 [D] └:F:n:WD_3:wc.c:2	(at logger.py:129) 
2019-03-02 02:03:08,224 [D] -:F:n:WD_1:wc.c:2	(at logger.py:129) 
2019-03-02 02:03:08,224 [D] -:F:n:WD_2:wc.c:2	(at logger.py:129) 
2019-03-02 02:03:08,224 [D] -:F:n:WD_3:wc.c:2	(at logger.py:129) 
2019-03-02 02:03:08,224 [D]  : : :pass:wc.c:1	(at logger.py:129) 
2019-03-02 02:03:08,224 [D] comp_cached_cnt:19	(at logger.py:134) 
2019-03-02 02:03:08,224 [D] compile_cnt:26	(at logger.py:134) 
2019-03-02 02:03:08,224 [D] execute_cnt:0	(at logger.py:134) 
2019-03-02 02:03:08,224 [D] fail_del_cnt:4	(at logger.py:134) 
2019-03-02 02:03:08,224 [D] iter_idx:3	(at logger.py:134) 
2019-03-02 02:03:08,224 [D] reuse_cnt:4	(at logger.py:134) 
2019-03-02 02:03:08,224 [D] succ_del_cnt:0	(at logger.py:134) 
2019-03-02 02:03:08,225 [D] time:0.3797945976257324	(at logger.py:134) 
2019-03-02 02:03:08,225 [D] deletion:33	(at logger.py:136) 
2019-03-02 02:03:08,225 [I] Iteration 3 finished	(at orbs.py:87) 
2019-03-02 02:03:08,225 [D] total_lines:48	(at logger.py:74) 
2019-03-02 02:03:08,225 [D] iteration_cnt:3	(at logger.py:75) 
2019-03-02 02:03:08,225 [D] comp_cached_cnt:24	(at logger.py:79) 
2019-03-02 02:03:08,225 [D] compile_cnt:162	(at logger.py:79) 
2019-03-02 02:03:08,225 [D] execute_cnt:21	(at logger.py:79) 
2019-03-02 02:03:08,225 [D] fail_del_cnt:17	(at logger.py:79) 
2019-03-02 02:03:08,225 [D] reuse_cnt:21	(at logger.py:79) 
2019-03-02 02:03:08,225 [D] succ_del_cnt:25	(at logger.py:79) 
2019-03-02 02:03:08,225 [D] time:3.3203940391540527	(at logger.py:80) 
2019-03-02 02:03:08,225 [D] deletion:33	(at logger.py:82) 
2019-03-02 02:03:08,226 [I] ORBS fin.	(at orbs.py:91) 
2019-03-02 02:03:08,226 [I] ===== END - RUN ==============================================	(at main.py:95) 
2019-03-02 02:03:08,226 [I] 	(at main.py:96) 
