2019-02-12 22:36:57,620 [D] -:F:n:WD_1:mbe.c:79	(at logger.py:129) 
2019-02-12 22:36:57,638 [D] ┌:F:n:WD_2:mbe.c:79	(at logger.py:129) 
2019-02-12 22:36:57,638 [D] └:F:n:WD_2:mbe.c:78	(at logger.py:129) 
2019-02-12 22:36:57,655 [D] ┌:F:n:WD_3:mbe.c:79	(at logger.py:129) 
2019-02-12 22:36:57,655 [D] |:F:n:WD_3:mbe.c:78	(at logger.py:129) 
2019-02-12 22:36:57,655 [D] └:F:n:WD_3:mbe.c:77	(at logger.py:129) 
2019-02-12 22:36:57,702 [D] -:P:n:WD_1:mbe.c:78	(at logger.py:129) 
2019-02-12 22:36:57,717 [D] -:F:n:WD_1:mbe.c:77	(at logger.py:129) 
2019-02-12 22:36:57,732 [D] ┌:F:n:WD_2:mbe.c:77	(at logger.py:129) 
2019-02-12 22:36:57,732 [D] └:F:n:WD_2:mbe.c:76	(at logger.py:129) 
2019-02-12 22:36:57,748 [D] ┌:F:n:WD_3:mbe.c:77	(at logger.py:129) 
2019-02-12 22:36:57,748 [D] |:F:n:WD_3:mbe.c:76	(at logger.py:129) 
2019-02-12 22:36:57,748 [D] └:F:n:WD_3:mbe.c:75	(at logger.py:129) 
2019-02-12 22:36:57,763 [D] -:F:n:WD_1:mbe.c:76	(at logger.py:129) 
2019-02-12 22:36:57,781 [D] ┌:F:n:WD_2:mbe.c:76	(at logger.py:129) 
2019-02-12 22:36:57,781 [D] └:F:n:WD_2:mbe.c:75	(at logger.py:129) 
2019-02-12 22:36:57,795 [D] ┌:F:n:WD_3:mbe.c:76	(at logger.py:129) 
2019-02-12 22:36:57,795 [D] |:F:n:WD_3:mbe.c:75	(at logger.py:129) 
2019-02-12 22:36:57,795 [D] └:F:n:WD_3:mbe.c:74	(at logger.py:129) 
2019-02-12 22:36:57,829 [D] -:P:c:WD_1:mbe.c:75	(at logger.py:129) 
2019-02-12 22:36:57,845 [D] -:F:n:WD_1:mbe.c:74	(at logger.py:129) 
2019-02-12 22:36:57,859 [D] ┌:F:n:WD_2:mbe.c:74	(at logger.py:129) 
2019-02-12 22:36:57,859 [D] └:F:n:WD_2:mbe.c:73	(at logger.py:129) 
2019-02-12 22:36:57,873 [D] ┌:F:n:WD_3:mbe.c:74	(at logger.py:129) 
2019-02-12 22:36:57,873 [D] |:F:n:WD_3:mbe.c:73	(at logger.py:129) 
2019-02-12 22:36:57,873 [D] └:F:n:WD_3:mbe.c:72	(at logger.py:129) 
2019-02-12 22:36:58,911 [D] -:C:n:WD_1:mbe.c:73	(at logger.py:129) 
2019-02-12 22:36:58,928 [D] ┌:F:n:WD_2:mbe.c:73	(at logger.py:129) 
2019-02-12 22:36:58,928 [D] └:F:n:WD_2:mbe.c:72	(at logger.py:129) 
2019-02-12 22:36:58,945 [D] ┌:F:n:WD_3:mbe.c:73	(at logger.py:129) 
2019-02-12 22:36:58,945 [D] |:F:n:WD_3:mbe.c:72	(at logger.py:129) 
2019-02-12 22:36:58,945 [D] └:F:n:WD_3:mbe.c:71	(at logger.py:129) 
2019-02-12 22:36:58,963 [D] -:F:n:WD_1:mbe.c:72	(at logger.py:129) 
2019-02-12 22:36:58,981 [D] ┌:F:n:WD_2:mbe.c:72	(at logger.py:129) 
2019-02-12 22:36:58,981 [D] └:F:n:WD_2:mbe.c:71	(at logger.py:129) 
2019-02-12 22:36:59,002 [D] ┌:F:n:WD_3:mbe.c:72	(at logger.py:129) 
2019-02-12 22:36:59,002 [D] |:F:n:WD_3:mbe.c:71	(at logger.py:129) 
2019-02-12 22:36:59,002 [D] └:F:n:WD_3:mbe.c:70	(at logger.py:129) 
2019-02-12 22:36:59,022 [D] -:F:n:WD_1:mbe.c:71	(at logger.py:129) 
2019-02-12 22:36:59,038 [D] ┌:F:n:WD_2:mbe.c:71	(at logger.py:129) 
2019-02-12 22:36:59,038 [D] └:F:n:WD_2:mbe.c:70	(at logger.py:129) 
2019-02-12 22:36:59,053 [D] ┌:F:n:WD_3:mbe.c:71	(at logger.py:129) 
2019-02-12 22:36:59,054 [D] |:F:n:WD_3:mbe.c:70	(at logger.py:129) 
2019-02-12 22:36:59,054 [D] └:F:n:WD_3:mbe.c:69	(at logger.py:129) 
2019-02-12 22:36:59,091 [D] -:P:c:WD_1:mbe.c:70	(at logger.py:129) 
2019-02-12 22:36:59,110 [D] -:F:n:WD_1:mbe.c:69	(at logger.py:129) 
2019-02-12 22:36:59,128 [D] ┌:F:n:WD_2:mbe.c:69	(at logger.py:129) 
2019-02-12 22:36:59,128 [D] └:F:n:WD_2:mbe.c:68	(at logger.py:129) 
2019-02-12 22:36:59,146 [D] ┌:F:n:WD_3:mbe.c:69	(at logger.py:129) 
2019-02-12 22:36:59,146 [D] |:F:n:WD_3:mbe.c:68	(at logger.py:129) 
2019-02-12 22:36:59,146 [D] └:F:n:WD_3:mbe.c:67	(at logger.py:129) 
2019-02-12 22:36:59,208 [D] -:C:n:WD_1:mbe.c:68	(at logger.py:129) 
2019-02-12 22:36:59,259 [D] ┌:C:n:WD_2:mbe.c:68	(at logger.py:129) 
2019-02-12 22:36:59,259 [D] └:C:n:WD_2:mbe.c:67	(at logger.py:129) 
2019-02-12 22:36:59,305 [D] ┌:C:c:WD_3:mbe.c:68	(at logger.py:129) 
2019-02-12 22:36:59,306 [D] |:C:c:WD_3:mbe.c:67	(at logger.py:129) 
2019-02-12 22:36:59,306 [D] └:C:c:WD_3:mbe.c:66	(at logger.py:129) 
2019-02-12 22:36:59,357 [D] -:C:n:WD_1:mbe.c:67	(at logger.py:129) 
2019-02-12 22:36:59,395 [D] ┌:C:c:WD_2:mbe.c:67	(at logger.py:129) 
2019-02-12 22:36:59,395 [D] └:C:c:WD_2:mbe.c:66	(at logger.py:129) 
2019-02-12 22:36:59,413 [D] ┌:F:n:WD_3:mbe.c:67	(at logger.py:129) 
2019-02-12 22:36:59,413 [D] |:F:n:WD_3:mbe.c:66	(at logger.py:129) 
2019-02-12 22:36:59,413 [D] └:F:n:WD_3:mbe.c:65	(at logger.py:129) 
2019-02-12 22:36:59,451 [D] -:P:c:WD_1:mbe.c:66	(at logger.py:129) 
2019-02-12 22:36:59,468 [D] -:F:n:WD_1:mbe.c:65	(at logger.py:129) 
2019-02-12 22:36:59,489 [D] ┌:F:n:WD_2:mbe.c:65	(at logger.py:129) 
2019-02-12 22:36:59,489 [D] └:F:n:WD_2:mbe.c:64	(at logger.py:129) 
2019-02-12 22:36:59,507 [D] ┌:F:n:WD_3:mbe.c:65	(at logger.py:129) 
2019-02-12 22:36:59,507 [D] |:F:n:WD_3:mbe.c:64	(at logger.py:129) 
2019-02-12 22:36:59,507 [D] └:F:n:WD_3:mbe.c:63	(at logger.py:129) 
2019-02-12 22:36:59,528 [D] -:F:n:WD_1:mbe.c:64	(at logger.py:129) 
2019-02-12 22:36:59,545 [D] ┌:F:n:WD_2:mbe.c:64	(at logger.py:129) 
2019-02-12 22:36:59,546 [D] └:F:n:WD_2:mbe.c:63	(at logger.py:129) 
2019-02-12 22:36:59,564 [D] ┌:F:n:WD_3:mbe.c:64	(at logger.py:129) 
2019-02-12 22:36:59,564 [D] |:F:n:WD_3:mbe.c:63	(at logger.py:129) 
2019-02-12 22:36:59,564 [D] └:F:n:WD_3:mbe.c:62	(at logger.py:129) 
2019-02-12 22:36:59,603 [D] -:P:c:WD_1:mbe.c:63	(at logger.py:129) 
2019-02-12 22:36:59,621 [D] -:F:n:WD_1:mbe.c:62	(at logger.py:129) 
2019-02-12 22:36:59,641 [D] ┌:F:n:WD_2:mbe.c:62	(at logger.py:129) 
2019-02-12 22:36:59,641 [D] └:F:n:WD_2:mbe.c:61	(at logger.py:129) 
2019-02-12 22:36:59,660 [D] ┌:F:n:WD_3:mbe.c:62	(at logger.py:129) 
2019-02-12 22:36:59,661 [D] |:F:n:WD_3:mbe.c:61	(at logger.py:129) 
2019-02-12 22:36:59,661 [D] └:F:n:WD_3:mbe.c:60	(at logger.py:129) 
2019-02-12 22:37:00,709 [D] -:C:n:WD_1:mbe.c:61	(at logger.py:129) 
2019-02-12 22:37:00,727 [D] ┌:F:n:WD_2:mbe.c:61	(at logger.py:129) 
2019-02-12 22:37:00,727 [D] └:F:n:WD_2:mbe.c:60	(at logger.py:129) 
2019-02-12 22:37:00,745 [D] ┌:F:n:WD_3:mbe.c:61	(at logger.py:129) 
2019-02-12 22:37:00,745 [D] |:F:n:WD_3:mbe.c:60	(at logger.py:129) 
2019-02-12 22:37:00,745 [D] └:F:n:WD_3:mbe.c:59	(at logger.py:129) 
2019-02-12 22:37:00,763 [D] -:F:n:WD_1:mbe.c:60	(at logger.py:129) 
2019-02-12 22:37:00,784 [D] ┌:F:n:WD_2:mbe.c:60	(at logger.py:129) 
2019-02-12 22:37:00,784 [D] └:F:n:WD_2:mbe.c:59	(at logger.py:129) 
2019-02-12 22:37:00,803 [D] ┌:F:n:WD_3:mbe.c:60	(at logger.py:129) 
2019-02-12 22:37:00,803 [D] |:F:n:WD_3:mbe.c:59	(at logger.py:129) 
2019-02-12 22:37:00,803 [D] └:F:n:WD_3:mbe.c:58	(at logger.py:129) 
2019-02-12 22:37:00,823 [D] -:F:n:WD_1:mbe.c:59	(at logger.py:129) 
2019-02-12 22:37:00,841 [D] ┌:F:n:WD_2:mbe.c:59	(at logger.py:129) 
2019-02-12 22:37:00,841 [D] └:F:n:WD_2:mbe.c:58	(at logger.py:129) 
2019-02-12 22:37:00,857 [D] ┌:F:n:WD_3:mbe.c:59	(at logger.py:129) 
2019-02-12 22:37:00,857 [D] |:F:n:WD_3:mbe.c:58	(at logger.py:129) 
2019-02-12 22:37:00,857 [D] └:F:n:WD_3:mbe.c:57	(at logger.py:129) 
2019-02-12 22:37:00,897 [D] -:P:c:WD_1:mbe.c:58	(at logger.py:129) 
2019-02-12 22:37:00,915 [D] -:F:n:WD_1:mbe.c:57	(at logger.py:129) 
2019-02-12 22:37:00,933 [D] ┌:F:n:WD_2:mbe.c:57	(at logger.py:129) 
2019-02-12 22:37:00,933 [D] └:F:n:WD_2:mbe.c:56	(at logger.py:129) 
2019-02-12 22:37:00,950 [D] ┌:F:n:WD_3:mbe.c:57	(at logger.py:129) 
2019-02-12 22:37:00,950 [D] |:F:n:WD_3:mbe.c:56	(at logger.py:129) 
2019-02-12 22:37:00,950 [D] └:F:n:WD_3:mbe.c:55	(at logger.py:129) 
2019-02-12 22:37:01,998 [D] -:C:n:WD_1:mbe.c:56	(at logger.py:129) 
2019-02-12 22:37:02,034 [D] ┌:C:c:WD_2:mbe.c:56	(at logger.py:129) 
2019-02-12 22:37:02,034 [D] └:C:c:WD_2:mbe.c:55	(at logger.py:129) 
2019-02-12 22:37:02,049 [D] ┌:F:n:WD_3:mbe.c:56	(at logger.py:129) 
2019-02-12 22:37:02,049 [D] |:F:n:WD_3:mbe.c:55	(at logger.py:129) 
2019-02-12 22:37:02,049 [D] └:F:n:WD_3:mbe.c:54	(at logger.py:129) 
2019-02-12 22:37:02,086 [D] -:P:c:WD_1:mbe.c:55	(at logger.py:129) 
2019-02-12 22:37:02,105 [D] -:F:n:WD_1:mbe.c:54	(at logger.py:129) 
2019-02-12 22:37:02,122 [D] ┌:F:n:WD_2:mbe.c:54	(at logger.py:129) 
2019-02-12 22:37:02,122 [D] └:F:n:WD_2:mbe.c:53	(at logger.py:129) 
2019-02-12 22:37:02,174 [D] ┌:C:n:WD_3:mbe.c:54	(at logger.py:129) 
2019-02-12 22:37:02,174 [D] |:C:n:WD_3:mbe.c:53	(at logger.py:129) 
2019-02-12 22:37:02,174 [D] └:C:n:WD_3:mbe.c:52	(at logger.py:129) 
2019-02-12 22:37:02,224 [D] -:C:n:WD_1:mbe.c:53	(at logger.py:129) 
2019-02-12 22:37:02,243 [D] ┌:F:n:WD_2:mbe.c:53	(at logger.py:129) 
2019-02-12 22:37:02,243 [D] └:F:n:WD_2:mbe.c:52	(at logger.py:129) 
2019-02-12 22:37:02,261 [D] ┌:F:n:WD_3:mbe.c:53	(at logger.py:129) 
2019-02-12 22:37:02,261 [D] |:F:n:WD_3:mbe.c:52	(at logger.py:129) 
2019-02-12 22:37:02,261 [D] └:F:n:WD_3:mbe.c:51	(at logger.py:129) 
2019-02-12 22:37:02,282 [D] -:F:n:WD_1:mbe.c:52	(at logger.py:129) 
2019-02-12 22:37:02,305 [D] ┌:F:n:WD_2:mbe.c:52	(at logger.py:129) 
2019-02-12 22:37:02,306 [D] └:F:n:WD_2:mbe.c:51	(at logger.py:129) 
2019-02-12 22:37:02,327 [D] ┌:F:n:WD_3:mbe.c:52	(at logger.py:129) 
2019-02-12 22:37:02,327 [D] |:F:n:WD_3:mbe.c:51	(at logger.py:129) 
2019-02-12 22:37:02,327 [D] └:F:n:WD_3:mbe.c:50	(at logger.py:129) 
2019-02-12 22:37:03,373 [D] -:C:n:WD_1:mbe.c:51	(at logger.py:129) 
2019-02-12 22:37:03,390 [D] ┌:F:n:WD_2:mbe.c:51	(at logger.py:129) 
2019-02-12 22:37:03,390 [D] └:F:n:WD_2:mbe.c:50	(at logger.py:129) 
2019-02-12 22:37:03,407 [D] ┌:F:n:WD_3:mbe.c:51	(at logger.py:129) 
2019-02-12 22:37:03,407 [D] |:F:n:WD_3:mbe.c:50	(at logger.py:129) 
2019-02-12 22:37:03,407 [D] └:F:n:WD_3:mbe.c:49	(at logger.py:129) 
2019-02-12 22:37:03,425 [D] -:F:n:WD_1:mbe.c:50	(at logger.py:129) 
2019-02-12 22:37:03,443 [D] ┌:F:n:WD_2:mbe.c:50	(at logger.py:129) 
2019-02-12 22:37:03,443 [D] └:F:n:WD_2:mbe.c:49	(at logger.py:129) 
2019-02-12 22:37:03,460 [D] ┌:F:n:WD_3:mbe.c:50	(at logger.py:129) 
2019-02-12 22:37:03,460 [D] |:F:n:WD_3:mbe.c:49	(at logger.py:129) 
2019-02-12 22:37:03,460 [D] └:F:n:WD_3:mbe.c:48	(at logger.py:129) 
2019-02-12 22:37:03,478 [D] -:F:n:WD_1:mbe.c:49	(at logger.py:129) 
2019-02-12 22:37:03,496 [D] ┌:F:n:WD_2:mbe.c:49	(at logger.py:129) 
2019-02-12 22:37:03,496 [D] └:F:n:WD_2:mbe.c:48	(at logger.py:129) 
2019-02-12 22:37:03,519 [D] ┌:F:n:WD_3:mbe.c:49	(at logger.py:129) 
2019-02-12 22:37:03,519 [D] |:F:n:WD_3:mbe.c:48	(at logger.py:129) 
2019-02-12 22:37:03,519 [D] └:F:n:WD_3:mbe.c:47	(at logger.py:129) 
2019-02-12 22:37:03,560 [D] -:P:c:WD_1:mbe.c:48	(at logger.py:129) 
2019-02-12 22:37:03,576 [D] -:F:n:WD_1:mbe.c:47	(at logger.py:129) 
2019-02-12 22:37:03,593 [D] ┌:F:n:WD_2:mbe.c:47	(at logger.py:129) 
2019-02-12 22:37:03,594 [D] └:F:n:WD_2:mbe.c:46	(at logger.py:129) 
2019-02-12 22:37:03,611 [D] ┌:F:n:WD_3:mbe.c:47	(at logger.py:129) 
2019-02-12 22:37:03,611 [D] |:F:n:WD_3:mbe.c:46	(at logger.py:129) 
2019-02-12 22:37:03,611 [D] └:F:n:WD_3:mbe.c:45	(at logger.py:129) 
2019-02-12 22:37:03,630 [D] -:F:n:WD_1:mbe.c:46	(at logger.py:129) 
2019-02-12 22:37:03,648 [D] ┌:F:n:WD_2:mbe.c:46	(at logger.py:129) 
2019-02-12 22:37:03,648 [D] └:F:n:WD_2:mbe.c:45	(at logger.py:129) 
2019-02-12 22:37:03,665 [D] ┌:F:n:WD_3:mbe.c:46	(at logger.py:129) 
2019-02-12 22:37:03,665 [D] |:F:n:WD_3:mbe.c:45	(at logger.py:129) 
2019-02-12 22:37:03,665 [D] └:F:n:WD_3:mbe.c:44	(at logger.py:129) 
2019-02-12 22:37:04,711 [D] -:C:n:WD_1:mbe.c:45	(at logger.py:129) 
2019-02-12 22:37:04,727 [D] ┌:F:n:WD_2:mbe.c:45	(at logger.py:129) 
2019-02-12 22:37:04,727 [D] └:F:n:WD_2:mbe.c:44	(at logger.py:129) 
2019-02-12 22:37:04,744 [D] ┌:F:n:WD_3:mbe.c:45	(at logger.py:129) 
2019-02-12 22:37:04,744 [D] |:F:n:WD_3:mbe.c:44	(at logger.py:129) 
2019-02-12 22:37:04,744 [D] └:F:n:WD_3:mbe.c:43	(at logger.py:129) 
2019-02-12 22:37:04,761 [D] -:F:n:WD_1:mbe.c:44	(at logger.py:129) 
2019-02-12 22:37:04,780 [D] ┌:F:n:WD_2:mbe.c:44	(at logger.py:129) 
2019-02-12 22:37:04,780 [D] └:F:n:WD_2:mbe.c:43	(at logger.py:129) 
2019-02-12 22:37:04,826 [D] ┌:C:c:WD_3:mbe.c:44	(at logger.py:129) 
2019-02-12 22:37:04,827 [D] |:C:c:WD_3:mbe.c:43	(at logger.py:129) 
2019-02-12 22:37:04,827 [D] └:C:c:WD_3:mbe.c:42	(at logger.py:129) 
2019-02-12 22:37:04,866 [D] -:P:c:WD_1:mbe.c:43	(at logger.py:129) 
2019-02-12 22:37:04,883 [D] -:F:n:WD_1:mbe.c:42	(at logger.py:129) 
2019-02-12 22:37:04,900 [D] ┌:F:n:WD_2:mbe.c:42	(at logger.py:129) 
2019-02-12 22:37:04,900 [D] └:F:n:WD_2:mbe.c:41	(at logger.py:129) 
2019-02-12 22:37:04,962 [D] ┌:C:n:WD_3:mbe.c:42	(at logger.py:129) 
2019-02-12 22:37:04,962 [D] |:C:n:WD_3:mbe.c:41	(at logger.py:129) 
2019-02-12 22:37:04,962 [D] └:C:n:WD_3:mbe.c:40	(at logger.py:129) 
2019-02-12 22:37:05,020 [D] -:C:n:WD_1:mbe.c:41	(at logger.py:129) 
2019-02-12 22:37:05,039 [D] ┌:F:n:WD_2:mbe.c:41	(at logger.py:129) 
2019-02-12 22:37:05,039 [D] └:F:n:WD_2:mbe.c:40	(at logger.py:129) 
2019-02-12 22:37:05,057 [D] ┌:F:n:WD_3:mbe.c:41	(at logger.py:129) 
2019-02-12 22:37:05,057 [D] |:F:n:WD_3:mbe.c:40	(at logger.py:129) 
2019-02-12 22:37:05,057 [D] └:F:n:WD_3:mbe.c:39	(at logger.py:129) 
2019-02-12 22:37:05,075 [D] -:F:n:WD_1:mbe.c:40	(at logger.py:129) 
2019-02-12 22:37:05,092 [D] ┌:F:n:WD_2:mbe.c:40	(at logger.py:129) 
2019-02-12 22:37:05,092 [D] └:F:n:WD_2:mbe.c:39	(at logger.py:129) 
2019-02-12 22:37:05,110 [D] ┌:F:n:WD_3:mbe.c:40	(at logger.py:129) 
2019-02-12 22:37:05,110 [D] |:F:n:WD_3:mbe.c:39	(at logger.py:129) 
2019-02-12 22:37:05,111 [D] └:F:n:WD_3:mbe.c:38	(at logger.py:129) 
2019-02-12 22:37:06,157 [D] -:C:n:WD_1:mbe.c:39	(at logger.py:129) 
2019-02-12 22:37:06,172 [D] ┌:F:n:WD_2:mbe.c:39	(at logger.py:129) 
2019-02-12 22:37:06,172 [D] └:F:n:WD_2:mbe.c:38	(at logger.py:129) 
2019-02-12 22:37:06,188 [D] ┌:F:n:WD_3:mbe.c:39	(at logger.py:129) 
2019-02-12 22:37:06,189 [D] |:F:n:WD_3:mbe.c:38	(at logger.py:129) 
2019-02-12 22:37:06,189 [D] └:F:n:WD_3:mbe.c:37	(at logger.py:129) 
2019-02-12 22:37:06,206 [D] -:F:n:WD_1:mbe.c:38	(at logger.py:129) 
2019-02-12 22:37:06,222 [D] ┌:F:n:WD_2:mbe.c:38	(at logger.py:129) 
2019-02-12 22:37:06,222 [D] └:F:n:WD_2:mbe.c:37	(at logger.py:129) 
2019-02-12 22:37:06,241 [D] ┌:F:n:WD_3:mbe.c:38	(at logger.py:129) 
2019-02-12 22:37:06,241 [D] |:F:n:WD_3:mbe.c:37	(at logger.py:129) 
2019-02-12 22:37:06,241 [D] └:F:n:WD_3:mbe.c:36	(at logger.py:129) 
2019-02-12 22:37:06,260 [D] -:F:n:WD_1:mbe.c:37	(at logger.py:129) 
2019-02-12 22:37:06,285 [D] ┌:F:n:WD_2:mbe.c:37	(at logger.py:129) 
2019-02-12 22:37:06,285 [D] └:F:n:WD_2:mbe.c:36	(at logger.py:129) 
2019-02-12 22:37:06,306 [D] ┌:F:n:WD_3:mbe.c:37	(at logger.py:129) 
2019-02-12 22:37:06,306 [D] |:F:n:WD_3:mbe.c:36	(at logger.py:129) 
2019-02-12 22:37:06,306 [D] └:F:n:WD_3:mbe.c:35	(at logger.py:129) 
2019-02-12 22:37:06,345 [D] -:P:c:WD_1:mbe.c:36	(at logger.py:129) 
2019-02-12 22:37:06,362 [D] -:F:n:WD_1:mbe.c:35	(at logger.py:129) 
2019-02-12 22:37:06,383 [D] ┌:F:n:WD_2:mbe.c:35	(at logger.py:129) 
2019-02-12 22:37:06,383 [D] └:F:n:WD_2:mbe.c:34	(at logger.py:129) 
2019-02-12 22:37:06,401 [D] ┌:F:n:WD_3:mbe.c:35	(at logger.py:129) 
2019-02-12 22:37:06,401 [D] |:F:n:WD_3:mbe.c:34	(at logger.py:129) 
2019-02-12 22:37:06,401 [D] └:F:n:WD_3:mbe.c:33	(at logger.py:129) 
2019-02-12 22:37:06,462 [D] -:P:n:WD_1:mbe.c:34	(at logger.py:129) 
2019-02-12 22:37:06,481 [D] -:F:n:WD_1:mbe.c:33	(at logger.py:129) 
2019-02-12 22:37:06,501 [D] ┌:F:n:WD_2:mbe.c:33	(at logger.py:129) 
2019-02-12 22:37:06,501 [D] └:F:n:WD_2:mbe.c:32	(at logger.py:129) 
2019-02-12 22:37:06,527 [D] ┌:F:n:WD_3:mbe.c:33	(at logger.py:129) 
2019-02-12 22:37:06,527 [D] |:F:n:WD_3:mbe.c:32	(at logger.py:129) 
2019-02-12 22:37:06,528 [D] └:F:n:WD_3:mbe.c:31	(at logger.py:129) 
2019-02-12 22:37:06,545 [D] -:F:n:WD_1:mbe.c:32	(at logger.py:129) 
2019-02-12 22:37:06,565 [D] ┌:F:n:WD_2:mbe.c:32	(at logger.py:129) 
2019-02-12 22:37:06,565 [D] └:F:n:WD_2:mbe.c:31	(at logger.py:129) 
2019-02-12 22:37:06,582 [D] ┌:F:n:WD_3:mbe.c:32	(at logger.py:129) 
2019-02-12 22:37:06,582 [D] |:F:n:WD_3:mbe.c:31	(at logger.py:129) 
2019-02-12 22:37:06,583 [D] └:F:n:WD_3:mbe.c:30	(at logger.py:129) 
2019-02-12 22:37:07,630 [D] -:C:n:WD_1:mbe.c:31	(at logger.py:129) 
2019-02-12 22:37:08,685 [D] ┌:C:n:WD_2:mbe.c:31	(at logger.py:129) 
2019-02-12 22:37:08,685 [D] └:C:n:WD_2:mbe.c:30	(at logger.py:129) 
2019-02-12 22:37:08,700 [D] ┌:F:n:WD_3:mbe.c:31	(at logger.py:129) 
2019-02-12 22:37:08,700 [D] |:F:n:WD_3:mbe.c:30	(at logger.py:129) 
2019-02-12 22:37:08,700 [D] └:F:n:WD_3:mbe.c:29	(at logger.py:129) 
2019-02-12 22:37:08,748 [D] -:C:n:WD_1:mbe.c:30	(at logger.py:129) 
2019-02-12 22:37:08,770 [D] ┌:F:n:WD_2:mbe.c:30	(at logger.py:129) 
2019-02-12 22:37:08,770 [D] └:F:n:WD_2:mbe.c:29	(at logger.py:129) 
2019-02-12 22:37:08,788 [D] ┌:F:n:WD_3:mbe.c:30	(at logger.py:129) 
2019-02-12 22:37:08,788 [D] |:F:n:WD_3:mbe.c:29	(at logger.py:129) 
2019-02-12 22:37:08,788 [D] └:F:n:WD_3:mbe.c:28	(at logger.py:129) 
2019-02-12 22:37:08,808 [D] -:F:n:WD_1:mbe.c:29	(at logger.py:129) 
2019-02-12 22:37:08,825 [D] ┌:F:n:WD_2:mbe.c:29	(at logger.py:129) 
2019-02-12 22:37:08,825 [D] └:F:n:WD_2:mbe.c:28	(at logger.py:129) 
2019-02-12 22:37:09,870 [D] ┌:C:n:WD_3:mbe.c:29	(at logger.py:129) 
2019-02-12 22:37:09,870 [D] |:C:n:WD_3:mbe.c:28	(at logger.py:129) 
2019-02-12 22:37:09,870 [D] └:C:n:WD_3:mbe.c:27	(at logger.py:129) 
2019-02-12 22:37:09,915 [D] -:C:n:WD_1:mbe.c:28	(at logger.py:129) 
2019-02-12 22:37:09,933 [D] ┌:F:n:WD_2:mbe.c:28	(at logger.py:129) 
2019-02-12 22:37:09,933 [D] └:F:n:WD_2:mbe.c:27	(at logger.py:129) 
2019-02-12 22:37:09,949 [D] ┌:F:n:WD_3:mbe.c:28	(at logger.py:129) 
2019-02-12 22:37:09,949 [D] |:F:n:WD_3:mbe.c:27	(at logger.py:129) 
2019-02-12 22:37:09,950 [D] └:F:n:WD_3:mbe.c:26	(at logger.py:129) 
2019-02-12 22:37:09,967 [D] -:F:n:WD_1:mbe.c:27	(at logger.py:129) 
2019-02-12 22:37:09,987 [D] ┌:F:n:WD_2:mbe.c:27	(at logger.py:129) 
2019-02-12 22:37:09,987 [D] └:F:n:WD_2:mbe.c:26	(at logger.py:129) 
2019-02-12 22:37:10,008 [D] ┌:F:n:WD_3:mbe.c:27	(at logger.py:129) 
2019-02-12 22:37:10,009 [D] |:F:n:WD_3:mbe.c:26	(at logger.py:129) 
2019-02-12 22:37:10,009 [D] └:F:n:WD_3:mbe.c:25	(at logger.py:129) 
2019-02-12 22:37:11,055 [D] -:C:n:WD_1:mbe.c:26	(at logger.py:129) 
2019-02-12 22:37:11,071 [D] ┌:F:n:WD_2:mbe.c:26	(at logger.py:129) 
2019-02-12 22:37:11,071 [D] └:F:n:WD_2:mbe.c:25	(at logger.py:129) 
2019-02-12 22:37:11,087 [D] ┌:F:n:WD_3:mbe.c:26	(at logger.py:129) 
2019-02-12 22:37:11,087 [D] |:F:n:WD_3:mbe.c:25	(at logger.py:129) 
2019-02-12 22:37:11,087 [D] └:F:n:WD_3:mbe.c:24	(at logger.py:129) 
2019-02-12 22:37:11,104 [D] -:F:n:WD_1:mbe.c:25	(at logger.py:129) 
2019-02-12 22:37:11,121 [D] ┌:F:n:WD_2:mbe.c:25	(at logger.py:129) 
2019-02-12 22:37:11,121 [D] └:F:n:WD_2:mbe.c:24	(at logger.py:129) 
2019-02-12 22:37:11,141 [D] ┌:F:n:WD_3:mbe.c:25	(at logger.py:129) 
2019-02-12 22:37:11,141 [D] |:F:n:WD_3:mbe.c:24	(at logger.py:129) 
2019-02-12 22:37:11,141 [D] └:F:n:WD_3:mbe.c:23	(at logger.py:129) 
2019-02-12 22:37:11,158 [D] -:F:n:WD_1:mbe.c:24	(at logger.py:129) 
2019-02-12 22:37:11,177 [D] ┌:F:n:WD_2:mbe.c:24	(at logger.py:129) 
2019-02-12 22:37:11,178 [D] └:F:n:WD_2:mbe.c:23	(at logger.py:129) 
2019-02-12 22:37:11,196 [D] ┌:F:n:WD_3:mbe.c:24	(at logger.py:129) 
2019-02-12 22:37:11,196 [D] |:F:n:WD_3:mbe.c:23	(at logger.py:129) 
2019-02-12 22:37:11,196 [D] └:F:n:WD_3:mbe.c:22	(at logger.py:129) 
2019-02-12 22:37:11,216 [D] -:F:n:WD_1:mbe.c:23	(at logger.py:129) 
2019-02-12 22:37:11,234 [D] ┌:F:n:WD_2:mbe.c:23	(at logger.py:129) 
2019-02-12 22:37:11,234 [D] └:F:n:WD_2:mbe.c:22	(at logger.py:129) 
2019-02-12 22:37:11,255 [D] ┌:F:n:WD_3:mbe.c:23	(at logger.py:129) 
2019-02-12 22:37:11,255 [D] |:F:n:WD_3:mbe.c:22	(at logger.py:129) 
2019-02-12 22:37:11,256 [D] └:F:n:WD_3:mbe.c:21	(at logger.py:129) 
2019-02-12 22:37:11,316 [D] -:C:n:WD_1:mbe.c:22	(at logger.py:129) 
2019-02-12 22:37:11,354 [D] ┌:C:c:WD_2:mbe.c:22	(at logger.py:129) 
2019-02-12 22:37:11,354 [D] └:C:c:WD_2:mbe.c:21	(at logger.py:129) 
2019-02-12 22:37:11,410 [D] ┌:C:n:WD_3:mbe.c:22	(at logger.py:129) 
2019-02-12 22:37:11,410 [D] |:C:n:WD_3:mbe.c:21	(at logger.py:129) 
2019-02-12 22:37:11,410 [D] └:C:n:WD_3:mbe.c:20	(at logger.py:129) 
2019-02-12 22:37:11,447 [D] -:P:c:WD_1:mbe.c:21	(at logger.py:129) 
2019-02-12 22:37:11,498 [D] -:C:n:WD_1:mbe.c:20	(at logger.py:129) 
2019-02-12 22:37:11,551 [D] ┌:C:n:WD_2:mbe.c:20	(at logger.py:129) 
2019-02-12 22:37:11,551 [D] └:C:n:WD_2:mbe.c:19	(at logger.py:129) 
2019-02-12 22:37:11,590 [D] ┌:C:c:WD_3:mbe.c:20	(at logger.py:129) 
2019-02-12 22:37:11,590 [D] |:C:c:WD_3:mbe.c:19	(at logger.py:129) 
2019-02-12 22:37:11,590 [D] └:C:c:WD_3:mbe.c:18	(at logger.py:129) 
2019-02-12 22:37:11,638 [D] -:C:n:WD_1:mbe.c:19	(at logger.py:129) 
2019-02-12 22:37:11,678 [D] ┌:C:c:WD_2:mbe.c:19	(at logger.py:129) 
2019-02-12 22:37:11,679 [D] └:C:c:WD_2:mbe.c:18	(at logger.py:129) 
2019-02-12 22:37:11,696 [D] ┌:F:n:WD_3:mbe.c:19	(at logger.py:129) 
2019-02-12 22:37:11,696 [D] |:F:n:WD_3:mbe.c:18	(at logger.py:129) 
2019-02-12 22:37:11,697 [D] └:F:n:WD_3:mbe.c:17	(at logger.py:129) 
2019-02-12 22:37:11,736 [D] -:P:c:WD_1:mbe.c:18	(at logger.py:129) 
2019-02-12 22:37:11,754 [D] -:F:n:WD_1:mbe.c:17	(at logger.py:129) 
2019-02-12 22:37:11,773 [D] ┌:F:n:WD_2:mbe.c:17	(at logger.py:129) 
2019-02-12 22:37:11,773 [D] └:F:n:WD_2:mbe.c:16	(at logger.py:129) 
2019-02-12 22:37:11,792 [D] ┌:F:n:WD_3:mbe.c:17	(at logger.py:129) 
2019-02-12 22:37:11,792 [D] |:F:n:WD_3:mbe.c:16	(at logger.py:129) 
2019-02-12 22:37:11,792 [D] └:F:n:WD_3:mbe.c:15	(at logger.py:129) 
2019-02-12 22:37:11,812 [D] -:F:n:WD_1:mbe.c:16	(at logger.py:129) 
2019-02-12 22:37:11,830 [D] ┌:F:n:WD_2:mbe.c:16	(at logger.py:129) 
2019-02-12 22:37:11,830 [D] └:F:n:WD_2:mbe.c:15	(at logger.py:129) 
2019-02-12 22:37:11,902 [D] ┌:F:n:WD_3:mbe.c:16	(at logger.py:129) 
2019-02-12 22:37:11,902 [D] |:F:n:WD_3:mbe.c:15	(at logger.py:129) 
2019-02-12 22:37:11,902 [D] └:F:n:WD_3:mbe.c:14	(at logger.py:129) 
2019-02-12 22:37:11,922 [D] -:F:n:WD_1:mbe.c:15	(at logger.py:129) 
2019-02-12 22:37:11,941 [D] ┌:F:n:WD_2:mbe.c:15	(at logger.py:129) 
2019-02-12 22:37:11,942 [D] └:F:n:WD_2:mbe.c:14	(at logger.py:129) 
2019-02-12 22:37:11,960 [D] ┌:F:n:WD_3:mbe.c:15	(at logger.py:129) 
2019-02-12 22:37:11,960 [D] |:F:n:WD_3:mbe.c:14	(at logger.py:129) 
2019-02-12 22:37:11,960 [D] └:F:n:WD_3:mbe.c:13	(at logger.py:129) 
2019-02-12 22:37:11,978 [D] -:F:n:WD_1:mbe.c:14	(at logger.py:129) 
2019-02-12 22:37:11,997 [D] ┌:F:n:WD_2:mbe.c:14	(at logger.py:129) 
2019-02-12 22:37:11,998 [D] └:F:n:WD_2:mbe.c:13	(at logger.py:129) 
2019-02-12 22:37:12,021 [D] ┌:F:n:WD_3:mbe.c:14	(at logger.py:129) 
2019-02-12 22:37:12,021 [D] |:F:n:WD_3:mbe.c:13	(at logger.py:129) 
2019-02-12 22:37:12,021 [D] └:F:n:WD_3:mbe.c:12	(at logger.py:129) 
2019-02-12 22:37:12,060 [D] -:P:c:WD_1:mbe.c:13	(at logger.py:129) 
2019-02-12 22:37:12,109 [D] -:P:n:WD_1:mbe.c:12	(at logger.py:129) 
2019-02-12 22:37:12,158 [D] -:P:n:WD_1:mbe.c:11	(at logger.py:129) 
2019-02-12 22:37:12,208 [D] -:P:n:WD_1:mbe.c:10	(at logger.py:129) 
2019-02-12 22:37:12,248 [D] -:P:c:WD_1:mbe.c:9	(at logger.py:129) 
2019-02-12 22:37:12,310 [D] -:P:n:WD_1:mbe.c:8	(at logger.py:129) 
2019-02-12 22:37:12,361 [D] -:P:n:WD_1:mbe.c:7	(at logger.py:129) 
2019-02-12 22:37:12,400 [D] -:P:c:WD_1:mbe.c:6	(at logger.py:129) 
2019-02-12 22:37:12,447 [D] -:P:n:WD_1:mbe.c:5	(at logger.py:129) 
2019-02-12 22:37:12,459 [D] -:F:n:WD_1:mbe.c:4	(at logger.py:129) 
2019-02-12 22:37:12,472 [D] ┌:F:n:WD_2:mbe.c:4	(at logger.py:129) 
2019-02-12 22:37:12,472 [D] └:F:n:WD_2:mbe.c:3	(at logger.py:129) 
2019-02-12 22:37:12,485 [D] ┌:F:n:WD_3:mbe.c:4	(at logger.py:129) 
2019-02-12 22:37:12,485 [D] |:F:n:WD_3:mbe.c:3	(at logger.py:129) 
2019-02-12 22:37:12,485 [D] └:F:n:WD_3:mbe.c:2	(at logger.py:129) 
2019-02-12 22:37:12,499 [D] -:F:n:WD_1:mbe.c:3	(at logger.py:129) 
2019-02-12 22:37:12,515 [D] ┌:F:n:WD_2:mbe.c:3	(at logger.py:129) 
2019-02-12 22:37:12,515 [D] └:F:n:WD_2:mbe.c:2	(at logger.py:129) 
2019-02-12 22:37:12,555 [D] ┌:P:c:WD_3:mbe.c:3	(at logger.py:129) 
2019-02-12 22:37:12,556 [D] |:P:c:WD_3:mbe.c:2	(at logger.py:129) 
2019-02-12 22:37:12,556 [D] └:P:c:WD_3:mbe.c:1	(at logger.py:129) 
2019-02-12 22:37:12,556 [D]  : : :pass:mbe.c:2	(at logger.py:129) 
2019-02-12 22:37:12,556 [D]  : : :pass:mbe.c:1	(at logger.py:129) 
2019-02-12 22:37:12,556 [D] comp_cached_cnt:0	(at logger.py:134) 
2019-02-12 22:37:12,556 [D] compile_cnt:187	(at logger.py:134) 
2019-02-12 22:37:12,556 [D] execute_cnt:32	(at logger.py:134) 
2019-02-12 22:37:12,556 [D] fail_del_cnt:31	(at logger.py:134) 
2019-02-12 22:37:12,556 [D] iter_idx:1	(at logger.py:134) 
2019-02-12 22:37:12,556 [D] reuse_cnt:22	(at logger.py:134) 
2019-02-12 22:37:12,556 [D] succ_del_cnt:23	(at logger.py:134) 
2019-02-12 22:37:12,556 [D] time:14.952819108963013	(at logger.py:134) 
2019-02-12 22:37:12,556 [D] deletion:25	(at logger.py:136) 
