2019-03-02 02:05:33,256 [I] 	(at main.py:29) 
2019-03-02 02:05:33,256 [I] ===== START - RUN ==============================================	(at main.py:32) 
2019-03-02 02:05:33,256 [D] Title: RUN, Job key: RUN_2019-03-02_02:05:33	(at main.py:40) 
2019-03-02 02:05:33,256 [I] Load config file.	(at main.py:56) 
2019-03-02 02:05:33,257 [D] Loading config from ['/home/bohrok/Documents/DM/output/orbs/mug/9/config/config.ini']	(at config.py:16) 
2019-03-02 02:05:33,257 [D] Load config successfully!	(at config.py:19) 
2019-03-02 02:05:33,257 [D] Initialize directory: .	(at workspace.py:10) 
2019-03-02 02:05:33,257 [I] Initialize workspace.	(at main.py:64) 
2019-03-02 02:05:33,257 [I] Working directory path: /home/bohrok/Documents/DM/output/orbs/mug/9/work	(at workspace.py:41) 
2019-03-02 02:05:33,259 [D] Record the config on workspace.	(at workspace.py:62) 
2019-03-02 02:05:33,259 [I] No PRE stage.	(at main.py:73) 
2019-03-02 02:05:33,259 [I] Construct SliceSpace.	(at main.py:76) 
2019-03-02 02:05:33,260 [I] Compile the system.	(at slicespace.py:148) 
2019-03-02 02:05:33,295 [I] Execute the system.	(at slicespace.py:160) 
2019-03-02 02:05:33,342 [I] Compile the system again (sanity check).	(at slicespace.py:174) 
2019-03-02 02:05:33,388 [I] Execute the system again (sanity check).	(at slicespace.py:188) 
2019-03-02 02:05:33,398 [I] Construct deletion operators.	(at main.py:80) 
2019-03-02 02:05:33,398 [I] Run ORBS stage.	(at main.py:85) 
2019-03-02 02:05:33,398 [I] ORBS starts...	(at orbs.py:53) 
2019-03-02 02:05:33,415 [D] subprocess cmd: ['source compile.sh /home/bohrok/Documents/DM/output/orbs/mug/9/work'], stdout: b''	(at ex_script.py:45) 
2019-03-02 02:05:33,415 [D] -:F:n:WD_1:mug.c:63	(at logger.py:129) 
2019-03-02 02:05:33,430 [D] subprocess cmd: ['source compile.sh /home/bohrok/Documents/DM/output/orbs/mug/9/work'], stdout: b''	(at ex_script.py:45) 
2019-03-02 02:05:33,430 [D] ┌:F:n:WD_2:mug.c:63	(at logger.py:129) 
2019-03-02 02:05:33,430 [D] └:F:n:WD_2:mug.c:62	(at logger.py:129) 
2019-03-02 02:05:33,447 [D] subprocess cmd: ['source compile.sh /home/bohrok/Documents/DM/output/orbs/mug/9/work'], stdout: b''	(at ex_script.py:45) 
2019-03-02 02:05:33,447 [D] ┌:F:n:WD_3:mug.c:63	(at logger.py:129) 
2019-03-02 02:05:33,447 [D] |:F:n:WD_3:mug.c:62	(at logger.py:129) 
2019-03-02 02:05:33,447 [D] └:F:n:WD_3:mug.c:61	(at logger.py:129) 
2019-03-02 02:05:33,496 [D] -:P:n:WD_1:mug.c:62	(at logger.py:129) 
2019-03-02 02:05:33,512 [D] subprocess cmd: ['source compile.sh /home/bohrok/Documents/DM/output/orbs/mug/9/work'], stdout: b''	(at ex_script.py:45) 
2019-03-02 02:05:33,512 [D] -:F:n:WD_1:mug.c:61	(at logger.py:129) 
2019-03-02 02:05:33,528 [D] subprocess cmd: ['source compile.sh /home/bohrok/Documents/DM/output/orbs/mug/9/work'], stdout: b''	(at ex_script.py:45) 
2019-03-02 02:05:33,528 [D] ┌:F:n:WD_2:mug.c:61	(at logger.py:129) 
2019-03-02 02:05:33,528 [D] └:F:n:WD_2:mug.c:60	(at logger.py:129) 
2019-03-02 02:05:33,566 [D] subprocess cmd: ['source compile.sh /home/bohrok/Documents/DM/output/orbs/mug/9/work'], stdout: b''	(at ex_script.py:45) 
2019-03-02 02:05:33,567 [D] ┌:F:n:WD_3:mug.c:61	(at logger.py:129) 
2019-03-02 02:05:33,567 [D] |:F:n:WD_3:mug.c:60	(at logger.py:129) 
2019-03-02 02:05:33,567 [D] └:F:n:WD_3:mug.c:59	(at logger.py:129) 
2019-03-02 02:05:33,584 [D] subprocess cmd: ['source compile.sh /home/bohrok/Documents/DM/output/orbs/mug/9/work'], stdout: b''	(at ex_script.py:45) 
2019-03-02 02:05:33,584 [D] -:F:n:WD_1:mug.c:60	(at logger.py:129) 
2019-03-02 02:05:33,599 [D] subprocess cmd: ['source compile.sh /home/bohrok/Documents/DM/output/orbs/mug/9/work'], stdout: b''	(at ex_script.py:45) 
2019-03-02 02:05:33,599 [D] ┌:F:n:WD_2:mug.c:60	(at logger.py:129) 
2019-03-02 02:05:33,599 [D] └:F:n:WD_2:mug.c:59	(at logger.py:129) 
2019-03-02 02:05:33,614 [D] subprocess cmd: ['source compile.sh /home/bohrok/Documents/DM/output/orbs/mug/9/work'], stdout: b''	(at ex_script.py:45) 
2019-03-02 02:05:33,614 [D] ┌:F:n:WD_3:mug.c:60	(at logger.py:129) 
2019-03-02 02:05:33,615 [D] |:F:n:WD_3:mug.c:59	(at logger.py:129) 
2019-03-02 02:05:33,615 [D] └:F:n:WD_3:mug.c:58	(at logger.py:129) 
2019-03-02 02:05:33,631 [D] subprocess cmd: ['source compile.sh /home/bohrok/Documents/DM/output/orbs/mug/9/work'], stdout: b''	(at ex_script.py:45) 
2019-03-02 02:05:33,631 [D] -:F:n:WD_1:mug.c:59	(at logger.py:129) 
2019-03-02 02:05:33,646 [D] subprocess cmd: ['source compile.sh /home/bohrok/Documents/DM/output/orbs/mug/9/work'], stdout: b''	(at ex_script.py:45) 
2019-03-02 02:05:33,647 [D] ┌:F:n:WD_2:mug.c:59	(at logger.py:129) 
2019-03-02 02:05:33,647 [D] └:F:n:WD_2:mug.c:58	(at logger.py:129) 
2019-03-02 02:05:33,663 [D] subprocess cmd: ['source compile.sh /home/bohrok/Documents/DM/output/orbs/mug/9/work'], stdout: b''	(at ex_script.py:45) 
2019-03-02 02:05:33,663 [D] ┌:F:n:WD_3:mug.c:59	(at logger.py:129) 
2019-03-02 02:05:33,663 [D] |:F:n:WD_3:mug.c:58	(at logger.py:129) 
2019-03-02 02:05:33,663 [D] └:F:n:WD_3:mug.c:57	(at logger.py:129) 
2019-03-02 02:05:33,711 [D] -:P:n:WD_1:mug.c:58	(at logger.py:129) 
2019-03-02 02:05:33,726 [D] subprocess cmd: ['source compile.sh /home/bohrok/Documents/DM/output/orbs/mug/9/work'], stdout: b''	(at ex_script.py:45) 
2019-03-02 02:05:33,726 [D] -:F:n:WD_1:mug.c:57	(at logger.py:129) 
2019-03-02 02:05:33,741 [D] subprocess cmd: ['source compile.sh /home/bohrok/Documents/DM/output/orbs/mug/9/work'], stdout: b''	(at ex_script.py:45) 
2019-03-02 02:05:33,742 [D] ┌:F:n:WD_2:mug.c:57	(at logger.py:129) 
2019-03-02 02:05:33,742 [D] └:F:n:WD_2:mug.c:56	(at logger.py:129) 
2019-03-02 02:05:33,778 [D] subprocess cmd: ['source compile.sh /home/bohrok/Documents/DM/output/orbs/mug/9/work'], stdout: b''	(at ex_script.py:45) 
2019-03-02 02:05:33,779 [D] ┌:F:n:WD_3:mug.c:57	(at logger.py:129) 
2019-03-02 02:05:33,779 [D] |:F:n:WD_3:mug.c:56	(at logger.py:129) 
2019-03-02 02:05:33,779 [D] └:F:n:WD_3:mug.c:55	(at logger.py:129) 
2019-03-02 02:05:33,795 [D] subprocess cmd: ['source compile.sh /home/bohrok/Documents/DM/output/orbs/mug/9/work'], stdout: b''	(at ex_script.py:45) 
2019-03-02 02:05:33,795 [D] -:F:n:WD_1:mug.c:56	(at logger.py:129) 
2019-03-02 02:05:33,810 [D] subprocess cmd: ['source compile.sh /home/bohrok/Documents/DM/output/orbs/mug/9/work'], stdout: b''	(at ex_script.py:45) 
2019-03-02 02:05:33,810 [D] ┌:F:n:WD_2:mug.c:56	(at logger.py:129) 
2019-03-02 02:05:33,810 [D] └:F:n:WD_2:mug.c:55	(at logger.py:129) 
2019-03-02 02:05:33,825 [D] subprocess cmd: ['source compile.sh /home/bohrok/Documents/DM/output/orbs/mug/9/work'], stdout: b''	(at ex_script.py:45) 
2019-03-02 02:05:33,826 [D] ┌:F:n:WD_3:mug.c:56	(at logger.py:129) 
2019-03-02 02:05:33,826 [D] |:F:n:WD_3:mug.c:55	(at logger.py:129) 
2019-03-02 02:05:33,826 [D] └:F:n:WD_3:mug.c:54	(at logger.py:129) 
2019-03-02 02:05:33,842 [D] subprocess cmd: ['source compile.sh /home/bohrok/Documents/DM/output/orbs/mug/9/work'], stdout: b''	(at ex_script.py:45) 
2019-03-02 02:05:33,843 [D] -:F:n:WD_1:mug.c:55	(at logger.py:129) 
2019-03-02 02:05:33,859 [D] subprocess cmd: ['source compile.sh /home/bohrok/Documents/DM/output/orbs/mug/9/work'], stdout: b''	(at ex_script.py:45) 
2019-03-02 02:05:33,859 [D] ┌:F:n:WD_2:mug.c:55	(at logger.py:129) 
2019-03-02 02:05:33,859 [D] └:F:n:WD_2:mug.c:54	(at logger.py:129) 
2019-03-02 02:05:33,879 [D] subprocess cmd: ['source compile.sh /home/bohrok/Documents/DM/output/orbs/mug/9/work'], stdout: b''	(at ex_script.py:45) 
2019-03-02 02:05:33,879 [D] ┌:F:n:WD_3:mug.c:55	(at logger.py:129) 
2019-03-02 02:05:33,879 [D] |:F:n:WD_3:mug.c:54	(at logger.py:129) 
2019-03-02 02:05:33,879 [D] └:F:n:WD_3:mug.c:53	(at logger.py:129) 
2019-03-02 02:05:34,124 [D] subprocess cmd: ['source execute.sh /home/bohrok/Documents/DM/output/orbs/mug/9/work'], stdout: b'execute.sh: line 9: 29364 Killed                  timeout --signal=KILL 0.1 ./mug.exe 4 -4 0 > ./outputs/output0\nexecute.sh: line 15: 29366 Killed                  timeout --signal=KILL 0.1 ./mug.exe 4 4 0 > ./outputs/output1\n'	(at ex_script.py:45) 
2019-03-02 02:05:34,124 [D] -:C:n:WD_1:mug.c:54	(at logger.py:129) 
2019-03-02 02:05:34,174 [D] subprocess cmd: ['source compile.sh /home/bohrok/Documents/DM/output/orbs/mug/9/work'], stdout: b''	(at ex_script.py:45) 
2019-03-02 02:05:34,174 [D] ┌:F:n:WD_2:mug.c:54	(at logger.py:129) 
2019-03-02 02:05:34,174 [D] └:F:n:WD_2:mug.c:53	(at logger.py:129) 
2019-03-02 02:05:34,202 [D] subprocess cmd: ['source compile.sh /home/bohrok/Documents/DM/output/orbs/mug/9/work'], stdout: b''	(at ex_script.py:45) 
2019-03-02 02:05:34,202 [D] ┌:F:n:WD_3:mug.c:54	(at logger.py:129) 
2019-03-02 02:05:34,202 [D] |:F:n:WD_3:mug.c:53	(at logger.py:129) 
2019-03-02 02:05:34,202 [D] └:F:n:WD_3:mug.c:52	(at logger.py:129) 
2019-03-02 02:05:34,218 [D] subprocess cmd: ['source compile.sh /home/bohrok/Documents/DM/output/orbs/mug/9/work'], stdout: b''	(at ex_script.py:45) 
2019-03-02 02:05:34,218 [D] -:F:n:WD_1:mug.c:53	(at logger.py:129) 
2019-03-02 02:05:34,233 [D] subprocess cmd: ['source compile.sh /home/bohrok/Documents/DM/output/orbs/mug/9/work'], stdout: b''	(at ex_script.py:45) 
2019-03-02 02:05:34,233 [D] ┌:F:n:WD_2:mug.c:53	(at logger.py:129) 
2019-03-02 02:05:34,233 [D] └:F:n:WD_2:mug.c:52	(at logger.py:129) 
2019-03-02 02:05:34,272 [D] subprocess cmd: ['source compile.sh /home/bohrok/Documents/DM/output/orbs/mug/9/work'], stdout: b''	(at ex_script.py:45) 
2019-03-02 02:05:34,272 [D] ┌:F:n:WD_3:mug.c:53	(at logger.py:129) 
2019-03-02 02:05:34,273 [D] |:F:n:WD_3:mug.c:52	(at logger.py:129) 
2019-03-02 02:05:34,273 [D] └:F:n:WD_3:mug.c:51	(at logger.py:129) 
2019-03-02 02:05:34,289 [D] subprocess cmd: ['source compile.sh /home/bohrok/Documents/DM/output/orbs/mug/9/work'], stdout: b''	(at ex_script.py:45) 
2019-03-02 02:05:34,289 [D] -:F:n:WD_1:mug.c:52	(at logger.py:129) 
2019-03-02 02:05:34,307 [D] subprocess cmd: ['source compile.sh /home/bohrok/Documents/DM/output/orbs/mug/9/work'], stdout: b''	(at ex_script.py:45) 
2019-03-02 02:05:34,307 [D] ┌:F:n:WD_2:mug.c:52	(at logger.py:129) 
2019-03-02 02:05:34,307 [D] └:F:n:WD_2:mug.c:51	(at logger.py:129) 
2019-03-02 02:05:34,323 [D] subprocess cmd: ['source compile.sh /home/bohrok/Documents/DM/output/orbs/mug/9/work'], stdout: b''	(at ex_script.py:45) 
2019-03-02 02:05:34,324 [D] ┌:F:n:WD_3:mug.c:52	(at logger.py:129) 
2019-03-02 02:05:34,324 [D] |:F:n:WD_3:mug.c:51	(at logger.py:129) 
2019-03-02 02:05:34,324 [D] └:F:n:WD_3:mug.c:50	(at logger.py:129) 
2019-03-02 02:05:34,341 [D] subprocess cmd: ['source compile.sh /home/bohrok/Documents/DM/output/orbs/mug/9/work'], stdout: b''	(at ex_script.py:45) 
2019-03-02 02:05:34,342 [D] -:F:n:WD_1:mug.c:51	(at logger.py:129) 
2019-03-02 02:05:34,358 [D] subprocess cmd: ['source compile.sh /home/bohrok/Documents/DM/output/orbs/mug/9/work'], stdout: b''	(at ex_script.py:45) 
2019-03-02 02:05:34,358 [D] ┌:F:n:WD_2:mug.c:51	(at logger.py:129) 
2019-03-02 02:05:34,358 [D] └:F:n:WD_2:mug.c:50	(at logger.py:129) 
2019-03-02 02:05:34,374 [D] subprocess cmd: ['source compile.sh /home/bohrok/Documents/DM/output/orbs/mug/9/work'], stdout: b''	(at ex_script.py:45) 
2019-03-02 02:05:34,374 [D] ┌:F:n:WD_3:mug.c:51	(at logger.py:129) 
2019-03-02 02:05:34,374 [D] |:F:n:WD_3:mug.c:50	(at logger.py:129) 
2019-03-02 02:05:34,374 [D] └:F:n:WD_3:mug.c:49	(at logger.py:129) 
2019-03-02 02:05:34,391 [D] subprocess cmd: ['source compile.sh /home/bohrok/Documents/DM/output/orbs/mug/9/work'], stdout: b''	(at ex_script.py:45) 
2019-03-02 02:05:34,391 [D] -:F:n:WD_1:mug.c:50	(at logger.py:129) 
2019-03-02 02:05:34,409 [D] subprocess cmd: ['source compile.sh /home/bohrok/Documents/DM/output/orbs/mug/9/work'], stdout: b''	(at ex_script.py:45) 
2019-03-02 02:05:34,409 [D] ┌:F:n:WD_2:mug.c:50	(at logger.py:129) 
2019-03-02 02:05:34,409 [D] └:F:n:WD_2:mug.c:49	(at logger.py:129) 
2019-03-02 02:05:34,426 [D] subprocess cmd: ['source compile.sh /home/bohrok/Documents/DM/output/orbs/mug/9/work'], stdout: b''	(at ex_script.py:45) 
2019-03-02 02:05:34,426 [D] ┌:F:n:WD_3:mug.c:50	(at logger.py:129) 
2019-03-02 02:05:34,426 [D] |:F:n:WD_3:mug.c:49	(at logger.py:129) 
2019-03-02 02:05:34,426 [D] └:F:n:WD_3:mug.c:48	(at logger.py:129) 
2019-03-02 02:05:34,480 [D] -:P:n:WD_1:mug.c:49	(at logger.py:129) 
2019-03-02 02:05:34,497 [D] subprocess cmd: ['source compile.sh /home/bohrok/Documents/DM/output/orbs/mug/9/work'], stdout: b''	(at ex_script.py:45) 
2019-03-02 02:05:34,497 [D] -:F:n:WD_1:mug.c:48	(at logger.py:129) 
2019-03-02 02:05:34,513 [D] subprocess cmd: ['source compile.sh /home/bohrok/Documents/DM/output/orbs/mug/9/work'], stdout: b''	(at ex_script.py:45) 
2019-03-02 02:05:34,513 [D] ┌:F:n:WD_2:mug.c:48	(at logger.py:129) 
2019-03-02 02:05:34,513 [D] └:F:n:WD_2:mug.c:47	(at logger.py:129) 
2019-03-02 02:05:34,549 [D] ┌:P:c:WD_3:mug.c:48	(at logger.py:129) 
2019-03-02 02:05:34,550 [D] |:P:c:WD_3:mug.c:47	(at logger.py:129) 
2019-03-02 02:05:34,550 [D] └:P:c:WD_3:mug.c:46	(at logger.py:129) 
2019-03-02 02:05:34,550 [D]  : : :pass:mug.c:47	(at logger.py:129) 
2019-03-02 02:05:34,550 [D]  : : :pass:mug.c:46	(at logger.py:129) 
2019-03-02 02:05:34,597 [D] -:P:n:WD_1:mug.c:45	(at logger.py:129) 
2019-03-02 02:05:34,612 [D] subprocess cmd: ['source compile.sh /home/bohrok/Documents/DM/output/orbs/mug/9/work'], stdout: b''	(at ex_script.py:45) 
2019-03-02 02:05:34,612 [D] -:F:n:WD_1:mug.c:44	(at logger.py:129) 
2019-03-02 02:05:34,627 [D] subprocess cmd: ['source compile.sh /home/bohrok/Documents/DM/output/orbs/mug/9/work'], stdout: b''	(at ex_script.py:45) 
2019-03-02 02:05:34,627 [D] ┌:F:n:WD_2:mug.c:44	(at logger.py:129) 
2019-03-02 02:05:34,627 [D] └:F:n:WD_2:mug.c:43	(at logger.py:129) 
2019-03-02 02:05:34,642 [D] subprocess cmd: ['source compile.sh /home/bohrok/Documents/DM/output/orbs/mug/9/work'], stdout: b''	(at ex_script.py:45) 
2019-03-02 02:05:34,643 [D] ┌:F:n:WD_3:mug.c:44	(at logger.py:129) 
2019-03-02 02:05:34,643 [D] |:F:n:WD_3:mug.c:43	(at logger.py:129) 
2019-03-02 02:05:34,643 [D] └:F:n:WD_3:mug.c:42	(at logger.py:129) 
2019-03-02 02:05:34,680 [D] -:P:c:WD_1:mug.c:43	(at logger.py:129) 
2019-03-02 02:05:34,695 [D] subprocess cmd: ['source compile.sh /home/bohrok/Documents/DM/output/orbs/mug/9/work'], stdout: b''	(at ex_script.py:45) 
2019-03-02 02:05:34,695 [D] -:F:n:WD_1:mug.c:42	(at logger.py:129) 
2019-03-02 02:05:34,710 [D] subprocess cmd: ['source compile.sh /home/bohrok/Documents/DM/output/orbs/mug/9/work'], stdout: b''	(at ex_script.py:45) 
2019-03-02 02:05:34,711 [D] ┌:F:n:WD_2:mug.c:42	(at logger.py:129) 
2019-03-02 02:05:34,711 [D] └:F:n:WD_2:mug.c:41	(at logger.py:129) 
2019-03-02 02:05:34,747 [D] subprocess cmd: ['source compile.sh /home/bohrok/Documents/DM/output/orbs/mug/9/work'], stdout: b''	(at ex_script.py:45) 
2019-03-02 02:05:34,747 [D] ┌:F:n:WD_3:mug.c:42	(at logger.py:129) 
2019-03-02 02:05:34,747 [D] |:F:n:WD_3:mug.c:41	(at logger.py:129) 
2019-03-02 02:05:34,747 [D] └:F:n:WD_3:mug.c:40	(at logger.py:129) 
2019-03-02 02:05:34,762 [D] subprocess cmd: ['source compile.sh /home/bohrok/Documents/DM/output/orbs/mug/9/work'], stdout: b''	(at ex_script.py:45) 
2019-03-02 02:05:34,762 [D] -:F:n:WD_1:mug.c:41	(at logger.py:129) 
2019-03-02 02:05:34,777 [D] subprocess cmd: ['source compile.sh /home/bohrok/Documents/DM/output/orbs/mug/9/work'], stdout: b''	(at ex_script.py:45) 
2019-03-02 02:05:34,777 [D] ┌:F:n:WD_2:mug.c:41	(at logger.py:129) 
2019-03-02 02:05:34,777 [D] └:F:n:WD_2:mug.c:40	(at logger.py:129) 
2019-03-02 02:05:34,792 [D] subprocess cmd: ['source compile.sh /home/bohrok/Documents/DM/output/orbs/mug/9/work'], stdout: b''	(at ex_script.py:45) 
2019-03-02 02:05:34,792 [D] ┌:F:n:WD_3:mug.c:41	(at logger.py:129) 
2019-03-02 02:05:34,792 [D] |:F:n:WD_3:mug.c:40	(at logger.py:129) 
2019-03-02 02:05:34,792 [D] └:F:n:WD_3:mug.c:39	(at logger.py:129) 
2019-03-02 02:05:34,809 [D] subprocess cmd: ['source compile.sh /home/bohrok/Documents/DM/output/orbs/mug/9/work'], stdout: b''	(at ex_script.py:45) 
2019-03-02 02:05:34,809 [D] -:F:n:WD_1:mug.c:40	(at logger.py:129) 
2019-03-02 02:05:34,825 [D] subprocess cmd: ['source compile.sh /home/bohrok/Documents/DM/output/orbs/mug/9/work'], stdout: b''	(at ex_script.py:45) 
2019-03-02 02:05:34,826 [D] ┌:F:n:WD_2:mug.c:40	(at logger.py:129) 
2019-03-02 02:05:34,826 [D] └:F:n:WD_2:mug.c:39	(at logger.py:129) 
2019-03-02 02:05:34,842 [D] subprocess cmd: ['source compile.sh /home/bohrok/Documents/DM/output/orbs/mug/9/work'], stdout: b''	(at ex_script.py:45) 
2019-03-02 02:05:34,843 [D] ┌:F:n:WD_3:mug.c:40	(at logger.py:129) 
2019-03-02 02:05:34,843 [D] |:F:n:WD_3:mug.c:39	(at logger.py:129) 
2019-03-02 02:05:34,843 [D] └:F:n:WD_3:mug.c:38	(at logger.py:129) 
2019-03-02 02:05:34,862 [D] subprocess cmd: ['source compile.sh /home/bohrok/Documents/DM/output/orbs/mug/9/work'], stdout: b''	(at ex_script.py:45) 
2019-03-02 02:05:34,863 [D] -:F:n:WD_1:mug.c:39	(at logger.py:129) 
2019-03-02 02:05:34,878 [D] subprocess cmd: ['source compile.sh /home/bohrok/Documents/DM/output/orbs/mug/9/work'], stdout: b''	(at ex_script.py:45) 
2019-03-02 02:05:34,878 [D] ┌:F:n:WD_2:mug.c:39	(at logger.py:129) 
2019-03-02 02:05:34,878 [D] └:F:n:WD_2:mug.c:38	(at logger.py:129) 
2019-03-02 02:05:34,894 [D] subprocess cmd: ['source compile.sh /home/bohrok/Documents/DM/output/orbs/mug/9/work'], stdout: b''	(at ex_script.py:45) 
2019-03-02 02:05:34,895 [D] ┌:F:n:WD_3:mug.c:39	(at logger.py:129) 
2019-03-02 02:05:34,895 [D] |:F:n:WD_3:mug.c:38	(at logger.py:129) 
2019-03-02 02:05:34,895 [D] └:F:n:WD_3:mug.c:37	(at logger.py:129) 
2019-03-02 02:05:34,940 [D] -:C:n:WD_1:mug.c:38	(at logger.py:129) 
2019-03-02 02:05:34,954 [D] subprocess cmd: ['source compile.sh /home/bohrok/Documents/DM/output/orbs/mug/9/work'], stdout: b''	(at ex_script.py:45) 
2019-03-02 02:05:34,955 [D] ┌:F:n:WD_2:mug.c:38	(at logger.py:129) 
2019-03-02 02:05:34,955 [D] └:F:n:WD_2:mug.c:37	(at logger.py:129) 
2019-03-02 02:05:34,970 [D] subprocess cmd: ['source compile.sh /home/bohrok/Documents/DM/output/orbs/mug/9/work'], stdout: b''	(at ex_script.py:45) 
2019-03-02 02:05:34,970 [D] ┌:F:n:WD_3:mug.c:38	(at logger.py:129) 
2019-03-02 02:05:34,970 [D] |:F:n:WD_3:mug.c:37	(at logger.py:129) 
2019-03-02 02:05:34,970 [D] └:F:n:WD_3:mug.c:36	(at logger.py:129) 
2019-03-02 02:05:34,986 [D] subprocess cmd: ['source compile.sh /home/bohrok/Documents/DM/output/orbs/mug/9/work'], stdout: b''	(at ex_script.py:45) 
2019-03-02 02:05:34,986 [D] -:F:n:WD_1:mug.c:37	(at logger.py:129) 
2019-03-02 02:05:35,001 [D] subprocess cmd: ['source compile.sh /home/bohrok/Documents/DM/output/orbs/mug/9/work'], stdout: b''	(at ex_script.py:45) 
2019-03-02 02:05:35,001 [D] ┌:F:n:WD_2:mug.c:37	(at logger.py:129) 
2019-03-02 02:05:35,001 [D] └:F:n:WD_2:mug.c:36	(at logger.py:129) 
2019-03-02 02:05:35,037 [D] ┌:C:c:WD_3:mug.c:37	(at logger.py:129) 
2019-03-02 02:05:35,038 [D] |:C:c:WD_3:mug.c:36	(at logger.py:129) 
2019-03-02 02:05:35,038 [D] └:C:c:WD_3:mug.c:35	(at logger.py:129) 
2019-03-02 02:05:35,073 [D] -:P:c:WD_1:mug.c:36	(at logger.py:129) 
2019-03-02 02:05:35,088 [D] subprocess cmd: ['source compile.sh /home/bohrok/Documents/DM/output/orbs/mug/9/work'], stdout: b''	(at ex_script.py:45) 
2019-03-02 02:05:35,088 [D] -:F:n:WD_1:mug.c:35	(at logger.py:129) 
2019-03-02 02:05:35,102 [D] subprocess cmd: ['source compile.sh /home/bohrok/Documents/DM/output/orbs/mug/9/work'], stdout: b''	(at ex_script.py:45) 
2019-03-02 02:05:35,103 [D] ┌:F:n:WD_2:mug.c:35	(at logger.py:129) 
2019-03-02 02:05:35,103 [D] └:F:n:WD_2:mug.c:34	(at logger.py:129) 
2019-03-02 02:05:35,145 [D] ┌:C:n:WD_3:mug.c:35	(at logger.py:129) 
2019-03-02 02:05:35,146 [D] |:C:n:WD_3:mug.c:34	(at logger.py:129) 
2019-03-02 02:05:35,146 [D] └:C:n:WD_3:mug.c:33	(at logger.py:129) 
2019-03-02 02:05:35,192 [D] subprocess cmd: ['source execute.sh /home/bohrok/Documents/DM/output/orbs/mug/9/work'], stdout: b''	(at ex_script.py:45) 
2019-03-02 02:05:35,193 [D] -:C:n:WD_1:mug.c:34	(at logger.py:129) 
2019-03-02 02:05:35,209 [D] subprocess cmd: ['source compile.sh /home/bohrok/Documents/DM/output/orbs/mug/9/work'], stdout: b''	(at ex_script.py:45) 
2019-03-02 02:05:35,209 [D] ┌:F:n:WD_2:mug.c:34	(at logger.py:129) 
2019-03-02 02:05:35,209 [D] └:F:n:WD_2:mug.c:33	(at logger.py:129) 
2019-03-02 02:05:35,225 [D] subprocess cmd: ['source compile.sh /home/bohrok/Documents/DM/output/orbs/mug/9/work'], stdout: b''	(at ex_script.py:45) 
2019-03-02 02:05:35,226 [D] ┌:F:n:WD_3:mug.c:34	(at logger.py:129) 
2019-03-02 02:05:35,226 [D] |:F:n:WD_3:mug.c:33	(at logger.py:129) 
2019-03-02 02:05:35,226 [D] └:F:n:WD_3:mug.c:32	(at logger.py:129) 
2019-03-02 02:05:35,243 [D] subprocess cmd: ['source compile.sh /home/bohrok/Documents/DM/output/orbs/mug/9/work'], stdout: b''	(at ex_script.py:45) 
2019-03-02 02:05:35,243 [D] -:F:n:WD_1:mug.c:33	(at logger.py:129) 
2019-03-02 02:05:35,262 [D] subprocess cmd: ['source compile.sh /home/bohrok/Documents/DM/output/orbs/mug/9/work'], stdout: b''	(at ex_script.py:45) 
2019-03-02 02:05:35,262 [D] ┌:F:n:WD_2:mug.c:33	(at logger.py:129) 
2019-03-02 02:05:35,262 [D] └:F:n:WD_2:mug.c:32	(at logger.py:129) 
2019-03-02 02:05:35,280 [D] subprocess cmd: ['source compile.sh /home/bohrok/Documents/DM/output/orbs/mug/9/work'], stdout: b''	(at ex_script.py:45) 
2019-03-02 02:05:35,280 [D] ┌:F:n:WD_3:mug.c:33	(at logger.py:129) 
2019-03-02 02:05:35,280 [D] |:F:n:WD_3:mug.c:32	(at logger.py:129) 
2019-03-02 02:05:35,280 [D] └:F:n:WD_3:mug.c:31	(at logger.py:129) 
2019-03-02 02:05:35,626 [D] subprocess cmd: ['source execute.sh /home/bohrok/Documents/DM/output/orbs/mug/9/work'], stdout: b'execute.sh: line 9: 29672 Killed                  timeout --signal=KILL 0.1 ./mug.exe 4 -4 0 > ./outputs/output0\nexecute.sh: line 15: 29674 Killed                  timeout --signal=KILL 0.1 ./mug.exe 4 4 0 > ./outputs/output1\nexecute.sh: line 21: 29676 Killed                  timeout --signal=KILL 0.1 ./mug.exe -4 4 0 > ./outputs/output2\n'	(at ex_script.py:45) 
2019-03-02 02:05:35,626 [D] -:C:n:WD_1:mug.c:32	(at logger.py:129) 
2019-03-02 02:05:35,703 [D] subprocess cmd: ['source compile.sh /home/bohrok/Documents/DM/output/orbs/mug/9/work'], stdout: b''	(at ex_script.py:45) 
2019-03-02 02:05:35,703 [D] ┌:F:n:WD_2:mug.c:32	(at logger.py:129) 
2019-03-02 02:05:35,703 [D] └:F:n:WD_2:mug.c:31	(at logger.py:129) 
2019-03-02 02:05:35,727 [D] subprocess cmd: ['source compile.sh /home/bohrok/Documents/DM/output/orbs/mug/9/work'], stdout: b''	(at ex_script.py:45) 
2019-03-02 02:05:35,727 [D] ┌:F:n:WD_3:mug.c:32	(at logger.py:129) 
2019-03-02 02:05:35,727 [D] |:F:n:WD_3:mug.c:31	(at logger.py:129) 
2019-03-02 02:05:35,727 [D] └:F:n:WD_3:mug.c:30	(at logger.py:129) 
2019-03-02 02:05:35,745 [D] subprocess cmd: ['source compile.sh /home/bohrok/Documents/DM/output/orbs/mug/9/work'], stdout: b''	(at ex_script.py:45) 
2019-03-02 02:05:35,745 [D] -:F:n:WD_1:mug.c:31	(at logger.py:129) 
2019-03-02 02:05:35,764 [D] subprocess cmd: ['source compile.sh /home/bohrok/Documents/DM/output/orbs/mug/9/work'], stdout: b''	(at ex_script.py:45) 
2019-03-02 02:05:35,764 [D] ┌:F:n:WD_2:mug.c:31	(at logger.py:129) 
2019-03-02 02:05:35,764 [D] └:F:n:WD_2:mug.c:30	(at logger.py:129) 
2019-03-02 02:05:35,803 [D] subprocess cmd: ['source compile.sh /home/bohrok/Documents/DM/output/orbs/mug/9/work'], stdout: b''	(at ex_script.py:45) 
2019-03-02 02:05:35,803 [D] ┌:F:n:WD_3:mug.c:31	(at logger.py:129) 
2019-03-02 02:05:35,803 [D] |:F:n:WD_3:mug.c:30	(at logger.py:129) 
2019-03-02 02:05:35,803 [D] └:F:n:WD_3:mug.c:29	(at logger.py:129) 
2019-03-02 02:05:35,818 [D] subprocess cmd: ['source compile.sh /home/bohrok/Documents/DM/output/orbs/mug/9/work'], stdout: b''	(at ex_script.py:45) 
2019-03-02 02:05:35,818 [D] -:F:n:WD_1:mug.c:30	(at logger.py:129) 
2019-03-02 02:05:35,833 [D] subprocess cmd: ['source compile.sh /home/bohrok/Documents/DM/output/orbs/mug/9/work'], stdout: b''	(at ex_script.py:45) 
2019-03-02 02:05:35,834 [D] ┌:F:n:WD_2:mug.c:30	(at logger.py:129) 
2019-03-02 02:05:35,834 [D] └:F:n:WD_2:mug.c:29	(at logger.py:129) 
2019-03-02 02:05:35,849 [D] subprocess cmd: ['source compile.sh /home/bohrok/Documents/DM/output/orbs/mug/9/work'], stdout: b''	(at ex_script.py:45) 
2019-03-02 02:05:35,850 [D] ┌:F:n:WD_3:mug.c:30	(at logger.py:129) 
2019-03-02 02:05:35,850 [D] |:F:n:WD_3:mug.c:29	(at logger.py:129) 
2019-03-02 02:05:35,850 [D] └:F:n:WD_3:mug.c:28	(at logger.py:129) 
2019-03-02 02:05:35,864 [D] subprocess cmd: ['source compile.sh /home/bohrok/Documents/DM/output/orbs/mug/9/work'], stdout: b''	(at ex_script.py:45) 
2019-03-02 02:05:35,864 [D] -:F:n:WD_1:mug.c:29	(at logger.py:129) 
2019-03-02 02:05:35,884 [D] subprocess cmd: ['source compile.sh /home/bohrok/Documents/DM/output/orbs/mug/9/work'], stdout: b''	(at ex_script.py:45) 
2019-03-02 02:05:35,885 [D] ┌:F:n:WD_2:mug.c:29	(at logger.py:129) 
2019-03-02 02:05:35,885 [D] └:F:n:WD_2:mug.c:28	(at logger.py:129) 
2019-03-02 02:05:35,901 [D] subprocess cmd: ['source compile.sh /home/bohrok/Documents/DM/output/orbs/mug/9/work'], stdout: b''	(at ex_script.py:45) 
2019-03-02 02:05:35,901 [D] ┌:F:n:WD_3:mug.c:29	(at logger.py:129) 
2019-03-02 02:05:35,901 [D] |:F:n:WD_3:mug.c:28	(at logger.py:129) 
2019-03-02 02:05:35,901 [D] └:F:n:WD_3:mug.c:27	(at logger.py:129) 
2019-03-02 02:05:35,949 [D] -:P:n:WD_1:mug.c:28	(at logger.py:129) 
2019-03-02 02:05:35,965 [D] subprocess cmd: ['source compile.sh /home/bohrok/Documents/DM/output/orbs/mug/9/work'], stdout: b''	(at ex_script.py:45) 
2019-03-02 02:05:35,965 [D] -:F:n:WD_1:mug.c:27	(at logger.py:129) 
2019-03-02 02:05:35,982 [D] subprocess cmd: ['source compile.sh /home/bohrok/Documents/DM/output/orbs/mug/9/work'], stdout: b''	(at ex_script.py:45) 
2019-03-02 02:05:35,982 [D] ┌:F:n:WD_2:mug.c:27	(at logger.py:129) 
2019-03-02 02:05:35,982 [D] └:F:n:WD_2:mug.c:26	(at logger.py:129) 
2019-03-02 02:05:35,998 [D] subprocess cmd: ['source compile.sh /home/bohrok/Documents/DM/output/orbs/mug/9/work'], stdout: b''	(at ex_script.py:45) 
2019-03-02 02:05:35,998 [D] ┌:F:n:WD_3:mug.c:27	(at logger.py:129) 
2019-03-02 02:05:35,998 [D] |:F:n:WD_3:mug.c:26	(at logger.py:129) 
2019-03-02 02:05:35,998 [D] └:F:n:WD_3:mug.c:25	(at logger.py:129) 
2019-03-02 02:05:36,036 [D] -:P:c:WD_1:mug.c:26	(at logger.py:129) 
2019-03-02 02:05:36,085 [D] subprocess cmd: ['source execute.sh /home/bohrok/Documents/DM/output/orbs/mug/9/work'], stdout: b''	(at ex_script.py:45) 
2019-03-02 02:05:36,086 [D] -:C:n:WD_1:mug.c:25	(at logger.py:129) 
2019-03-02 02:05:36,330 [D] subprocess cmd: ['source execute.sh /home/bohrok/Documents/DM/output/orbs/mug/9/work'], stdout: b'execute.sh: line 9: 29790 Killed                  timeout --signal=KILL 0.1 ./mug.exe 4 -4 0 > ./outputs/output0\nexecute.sh: line 15: 29792 Killed                  timeout --signal=KILL 0.1 ./mug.exe 4 4 0 > ./outputs/output1\n'	(at ex_script.py:45) 
2019-03-02 02:05:36,330 [D] ┌:C:n:WD_2:mug.c:25	(at logger.py:129) 
2019-03-02 02:05:36,330 [D] └:C:n:WD_2:mug.c:24	(at logger.py:129) 
2019-03-02 02:05:36,345 [D] subprocess cmd: ['source compile.sh /home/bohrok/Documents/DM/output/orbs/mug/9/work'], stdout: b''	(at ex_script.py:45) 
2019-03-02 02:05:36,345 [D] ┌:F:n:WD_3:mug.c:25	(at logger.py:129) 
2019-03-02 02:05:36,345 [D] |:F:n:WD_3:mug.c:24	(at logger.py:129) 
2019-03-02 02:05:36,345 [D] └:F:n:WD_3:mug.c:23	(at logger.py:129) 
2019-03-02 02:05:36,592 [D] subprocess cmd: ['source execute.sh /home/bohrok/Documents/DM/output/orbs/mug/9/work'], stdout: b'execute.sh: line 9: 29810 Killed                  timeout --signal=KILL 0.1 ./mug.exe 4 -4 0 > ./outputs/output0\nexecute.sh: line 15: 29812 Killed                  timeout --signal=KILL 0.1 ./mug.exe 4 4 0 > ./outputs/output1\n'	(at ex_script.py:45) 
2019-03-02 02:05:36,592 [D] -:C:n:WD_1:mug.c:24	(at logger.py:129) 
2019-03-02 02:05:36,638 [D] subprocess cmd: ['source compile.sh /home/bohrok/Documents/DM/output/orbs/mug/9/work'], stdout: b''	(at ex_script.py:45) 
2019-03-02 02:05:36,638 [D] ┌:F:n:WD_2:mug.c:24	(at logger.py:129) 
2019-03-02 02:05:36,638 [D] └:F:n:WD_2:mug.c:23	(at logger.py:129) 
2019-03-02 02:05:36,653 [D] subprocess cmd: ['source compile.sh /home/bohrok/Documents/DM/output/orbs/mug/9/work'], stdout: b''	(at ex_script.py:45) 
2019-03-02 02:05:36,653 [D] ┌:F:n:WD_3:mug.c:24	(at logger.py:129) 
2019-03-02 02:05:36,653 [D] |:F:n:WD_3:mug.c:23	(at logger.py:129) 
2019-03-02 02:05:36,653 [D] └:F:n:WD_3:mug.c:22	(at logger.py:129) 
2019-03-02 02:05:36,667 [D] subprocess cmd: ['source compile.sh /home/bohrok/Documents/DM/output/orbs/mug/9/work'], stdout: b''	(at ex_script.py:45) 
2019-03-02 02:05:36,668 [D] -:F:n:WD_1:mug.c:23	(at logger.py:129) 
2019-03-02 02:05:36,685 [D] subprocess cmd: ['source compile.sh /home/bohrok/Documents/DM/output/orbs/mug/9/work'], stdout: b''	(at ex_script.py:45) 
2019-03-02 02:05:36,686 [D] ┌:F:n:WD_2:mug.c:23	(at logger.py:129) 
2019-03-02 02:05:36,686 [D] └:F:n:WD_2:mug.c:22	(at logger.py:129) 
2019-03-02 02:05:36,700 [D] subprocess cmd: ['source compile.sh /home/bohrok/Documents/DM/output/orbs/mug/9/work'], stdout: b''	(at ex_script.py:45) 
2019-03-02 02:05:36,700 [D] ┌:F:n:WD_3:mug.c:23	(at logger.py:129) 
2019-03-02 02:05:36,701 [D] |:F:n:WD_3:mug.c:22	(at logger.py:129) 
2019-03-02 02:05:36,701 [D] └:F:n:WD_3:mug.c:21	(at logger.py:129) 
2019-03-02 02:05:36,750 [D] -:P:n:WD_1:mug.c:22	(at logger.py:129) 
2019-03-02 02:05:36,795 [D] -:P:n:WD_1:mug.c:21	(at logger.py:129) 
2019-03-02 02:05:36,810 [D] subprocess cmd: ['source compile.sh /home/bohrok/Documents/DM/output/orbs/mug/9/work'], stdout: b''	(at ex_script.py:45) 
2019-03-02 02:05:36,811 [D] -:F:n:WD_1:mug.c:20	(at logger.py:129) 
2019-03-02 02:05:36,828 [D] subprocess cmd: ['source compile.sh /home/bohrok/Documents/DM/output/orbs/mug/9/work'], stdout: b''	(at ex_script.py:45) 
2019-03-02 02:05:36,828 [D] ┌:F:n:WD_2:mug.c:20	(at logger.py:129) 
2019-03-02 02:05:36,828 [D] └:F:n:WD_2:mug.c:19	(at logger.py:129) 
2019-03-02 02:05:36,846 [D] subprocess cmd: ['source compile.sh /home/bohrok/Documents/DM/output/orbs/mug/9/work'], stdout: b''	(at ex_script.py:45) 
2019-03-02 02:05:36,846 [D] ┌:F:n:WD_3:mug.c:20	(at logger.py:129) 
2019-03-02 02:05:36,847 [D] |:F:n:WD_3:mug.c:19	(at logger.py:129) 
2019-03-02 02:05:36,847 [D] └:F:n:WD_3:mug.c:18	(at logger.py:129) 
2019-03-02 02:05:36,892 [D] -:P:n:WD_1:mug.c:19	(at logger.py:129) 
2019-03-02 02:05:36,907 [D] subprocess cmd: ['source compile.sh /home/bohrok/Documents/DM/output/orbs/mug/9/work'], stdout: b''	(at ex_script.py:45) 
2019-03-02 02:05:36,907 [D] -:F:n:WD_1:mug.c:18	(at logger.py:129) 
2019-03-02 02:05:36,921 [D] subprocess cmd: ['source compile.sh /home/bohrok/Documents/DM/output/orbs/mug/9/work'], stdout: b''	(at ex_script.py:45) 
2019-03-02 02:05:36,921 [D] ┌:F:n:WD_2:mug.c:18	(at logger.py:129) 
2019-03-02 02:05:36,921 [D] └:F:n:WD_2:mug.c:17	(at logger.py:129) 
2019-03-02 02:05:36,938 [D] subprocess cmd: ['source compile.sh /home/bohrok/Documents/DM/output/orbs/mug/9/work'], stdout: b''	(at ex_script.py:45) 
2019-03-02 02:05:36,938 [D] ┌:F:n:WD_3:mug.c:18	(at logger.py:129) 
2019-03-02 02:05:36,938 [D] |:F:n:WD_3:mug.c:17	(at logger.py:129) 
2019-03-02 02:05:36,938 [D] └:F:n:WD_3:mug.c:16	(at logger.py:129) 
2019-03-02 02:05:36,983 [D] -:C:n:WD_1:mug.c:17	(at logger.py:129) 
2019-03-02 02:05:37,028 [D] ┌:C:n:WD_2:mug.c:17	(at logger.py:129) 
2019-03-02 02:05:37,028 [D] └:C:n:WD_2:mug.c:16	(at logger.py:129) 
2019-03-02 02:05:37,076 [D] ┌:C:n:WD_3:mug.c:17	(at logger.py:129) 
2019-03-02 02:05:37,076 [D] |:C:n:WD_3:mug.c:16	(at logger.py:129) 
2019-03-02 02:05:37,076 [D] └:C:n:WD_3:mug.c:15	(at logger.py:129) 
2019-03-02 02:05:37,125 [D] -:P:n:WD_1:mug.c:16	(at logger.py:129) 
2019-03-02 02:05:37,169 [D] -:P:n:WD_1:mug.c:15	(at logger.py:129) 
2019-03-02 02:05:37,211 [D] subprocess cmd: ['source execute.sh /home/bohrok/Documents/DM/output/orbs/mug/9/work'], stdout: b''	(at ex_script.py:45) 
2019-03-02 02:05:37,212 [D] -:C:n:WD_1:mug.c:14	(at logger.py:129) 
2019-03-02 02:05:37,248 [D] ┌:C:c:WD_2:mug.c:14	(at logger.py:129) 
2019-03-02 02:05:37,248 [D] └:C:c:WD_2:mug.c:13	(at logger.py:129) 
2019-03-02 02:05:37,290 [D] ┌:C:c:WD_3:mug.c:14	(at logger.py:129) 
2019-03-02 02:05:37,290 [D] |:C:c:WD_3:mug.c:13	(at logger.py:129) 
2019-03-02 02:05:37,290 [D] └:C:c:WD_3:mug.c:12	(at logger.py:129) 
2019-03-02 02:05:37,326 [D] -:P:c:WD_1:mug.c:13	(at logger.py:129) 
2019-03-02 02:05:37,364 [D] -:P:c:WD_1:mug.c:12	(at logger.py:129) 
2019-03-02 02:05:37,379 [D] subprocess cmd: ['source compile.sh /home/bohrok/Documents/DM/output/orbs/mug/9/work'], stdout: b''	(at ex_script.py:45) 
2019-03-02 02:05:37,380 [D] -:F:n:WD_1:mug.c:11	(at logger.py:129) 
2019-03-02 02:05:37,398 [D] subprocess cmd: ['source compile.sh /home/bohrok/Documents/DM/output/orbs/mug/9/work'], stdout: b''	(at ex_script.py:45) 
2019-03-02 02:05:37,398 [D] ┌:F:n:WD_2:mug.c:11	(at logger.py:129) 
2019-03-02 02:05:37,398 [D] └:F:n:WD_2:mug.c:10	(at logger.py:129) 
2019-03-02 02:05:37,415 [D] subprocess cmd: ['source compile.sh /home/bohrok/Documents/DM/output/orbs/mug/9/work'], stdout: b''	(at ex_script.py:45) 
2019-03-02 02:05:37,415 [D] ┌:F:n:WD_3:mug.c:11	(at logger.py:129) 
2019-03-02 02:05:37,415 [D] |:F:n:WD_3:mug.c:10	(at logger.py:129) 
2019-03-02 02:05:37,415 [D] └:F:n:WD_3:mug.c:9	(at logger.py:129) 
2019-03-02 02:05:37,432 [D] subprocess cmd: ['source compile.sh /home/bohrok/Documents/DM/output/orbs/mug/9/work'], stdout: b''	(at ex_script.py:45) 
2019-03-02 02:05:37,432 [D] -:F:n:WD_1:mug.c:10	(at logger.py:129) 
2019-03-02 02:05:37,468 [D] subprocess cmd: ['source compile.sh /home/bohrok/Documents/DM/output/orbs/mug/9/work'], stdout: b''	(at ex_script.py:45) 
2019-03-02 02:05:37,469 [D] ┌:F:n:WD_2:mug.c:10	(at logger.py:129) 
2019-03-02 02:05:37,469 [D] └:F:n:WD_2:mug.c:9	(at logger.py:129) 
2019-03-02 02:05:37,518 [D] subprocess cmd: ['source compile.sh /home/bohrok/Documents/DM/output/orbs/mug/9/work'], stdout: b''	(at ex_script.py:45) 
2019-03-02 02:05:37,518 [D] ┌:F:n:WD_3:mug.c:10	(at logger.py:129) 
2019-03-02 02:05:37,518 [D] |:F:n:WD_3:mug.c:9	(at logger.py:129) 
2019-03-02 02:05:37,519 [D] └:F:n:WD_3:mug.c:8	(at logger.py:129) 
2019-03-02 02:05:37,538 [D] subprocess cmd: ['source compile.sh /home/bohrok/Documents/DM/output/orbs/mug/9/work'], stdout: b''	(at ex_script.py:45) 
2019-03-02 02:05:37,538 [D] -:F:n:WD_1:mug.c:9	(at logger.py:129) 
2019-03-02 02:05:37,554 [D] subprocess cmd: ['source compile.sh /home/bohrok/Documents/DM/output/orbs/mug/9/work'], stdout: b''	(at ex_script.py:45) 
2019-03-02 02:05:37,554 [D] ┌:F:n:WD_2:mug.c:9	(at logger.py:129) 
2019-03-02 02:05:37,554 [D] └:F:n:WD_2:mug.c:8	(at logger.py:129) 
2019-03-02 02:05:37,569 [D] subprocess cmd: ['source compile.sh /home/bohrok/Documents/DM/output/orbs/mug/9/work'], stdout: b''	(at ex_script.py:45) 
2019-03-02 02:05:37,569 [D] ┌:F:n:WD_3:mug.c:9	(at logger.py:129) 
2019-03-02 02:05:37,569 [D] |:F:n:WD_3:mug.c:8	(at logger.py:129) 
2019-03-02 02:05:37,569 [D] └:F:n:WD_3:mug.c:7	(at logger.py:129) 
2019-03-02 02:05:37,604 [D] -:P:c:WD_1:mug.c:8	(at logger.py:129) 
2019-03-02 02:05:37,665 [D] -:P:c:WD_1:mug.c:7	(at logger.py:129) 
2019-03-02 02:05:37,728 [D] -:P:n:WD_1:mug.c:6	(at logger.py:129) 
2019-03-02 02:05:37,768 [D] -:P:c:WD_1:mug.c:5	(at logger.py:129) 
2019-03-02 02:05:37,829 [D] subprocess cmd: ['source compile.sh /home/bohrok/Documents/DM/output/orbs/mug/9/work'], stdout: b''	(at ex_script.py:45) 
2019-03-02 02:05:37,829 [D] -:F:n:WD_1:mug.c:4	(at logger.py:129) 
2019-03-02 02:05:37,872 [D] subprocess cmd: ['source compile.sh /home/bohrok/Documents/DM/output/orbs/mug/9/work'], stdout: b''	(at ex_script.py:45) 
2019-03-02 02:05:37,872 [D] ┌:F:n:WD_2:mug.c:4	(at logger.py:129) 
2019-03-02 02:05:37,872 [D] └:F:n:WD_2:mug.c:3	(at logger.py:129) 
2019-03-02 02:05:37,888 [D] subprocess cmd: ['source compile.sh /home/bohrok/Documents/DM/output/orbs/mug/9/work'], stdout: b''	(at ex_script.py:45) 
2019-03-02 02:05:37,888 [D] ┌:F:n:WD_3:mug.c:4	(at logger.py:129) 
2019-03-02 02:05:37,888 [D] |:F:n:WD_3:mug.c:3	(at logger.py:129) 
2019-03-02 02:05:37,888 [D] └:F:n:WD_3:mug.c:2	(at logger.py:129) 
2019-03-02 02:05:37,904 [D] subprocess cmd: ['source compile.sh /home/bohrok/Documents/DM/output/orbs/mug/9/work'], stdout: b''	(at ex_script.py:45) 
2019-03-02 02:05:37,905 [D] -:F:n:WD_1:mug.c:3	(at logger.py:129) 
2019-03-02 02:05:37,918 [D] subprocess cmd: ['source compile.sh /home/bohrok/Documents/DM/output/orbs/mug/9/work'], stdout: b''	(at ex_script.py:45) 
2019-03-02 02:05:37,919 [D] ┌:F:n:WD_2:mug.c:3	(at logger.py:129) 
2019-03-02 02:05:37,919 [D] └:F:n:WD_2:mug.c:2	(at logger.py:129) 
2019-03-02 02:05:37,928 [D] subprocess cmd: ['source compile.sh /home/bohrok/Documents/DM/output/orbs/mug/9/work'], stdout: b''	(at ex_script.py:45) 
2019-03-02 02:05:37,928 [D] ┌:F:n:WD_3:mug.c:3	(at logger.py:129) 
2019-03-02 02:05:37,928 [D] |:F:n:WD_3:mug.c:2	(at logger.py:129) 
2019-03-02 02:05:37,928 [D] └:F:n:WD_3:mug.c:1	(at logger.py:129) 
2019-03-02 02:05:37,974 [D] -:P:n:WD_1:mug.c:2	(at logger.py:129) 
2019-03-02 02:05:38,007 [D] -:P:c:WD_1:mug.c:1	(at logger.py:129) 
2019-03-02 02:05:38,007 [D] comp_cached_cnt:0	(at logger.py:134) 
2019-03-02 02:05:38,007 [D] compile_cnt:141	(at logger.py:134) 
2019-03-02 02:05:38,007 [D] execute_cnt:24	(at logger.py:134) 
2019-03-02 02:05:38,007 [D] fail_del_cnt:15	(at logger.py:134) 
2019-03-02 02:05:38,007 [D] iter_idx:1	(at logger.py:134) 
2019-03-02 02:05:38,008 [D] reuse_cnt:13	(at logger.py:134) 
2019-03-02 02:05:38,008 [D] succ_del_cnt:22	(at logger.py:134) 
2019-03-02 02:05:38,008 [D] time:4.6085755825042725	(at logger.py:134) 
2019-03-02 02:05:38,008 [D] deletion:24	(at logger.py:136) 
2019-03-02 02:05:38,008 [I] Iteration 1 finished	(at orbs.py:87) 
2019-03-02 02:05:38,020 [D] subprocess cmd: ['source compile.sh /home/bohrok/Documents/DM/output/orbs/mug/9/work'], stdout: b''	(at ex_script.py:45) 
2019-03-02 02:05:38,020 [D] -:F:n:WD_1:mug.c:63	(at logger.py:129) 
2019-03-02 02:05:38,030 [D] subprocess cmd: ['source compile.sh /home/bohrok/Documents/DM/output/orbs/mug/9/work'], stdout: b''	(at ex_script.py:45) 
2019-03-02 02:05:38,030 [D] ┌:F:n:WD_2:mug.c:63	(at logger.py:129) 
2019-03-02 02:05:38,031 [D] └:F:n:WD_2:mug.c:61	(at logger.py:129) 
2019-03-02 02:05:38,075 [D] ┌:P:n:WD_3:mug.c:63	(at logger.py:129) 
2019-03-02 02:05:38,075 [D] |:P:n:WD_3:mug.c:61	(at logger.py:129) 
2019-03-02 02:05:38,075 [D] └:P:n:WD_3:mug.c:60	(at logger.py:129) 
2019-03-02 02:05:38,075 [D]  : : :pass:mug.c:62	(at logger.py:129) 
2019-03-02 02:05:38,075 [D]  : : :pass:mug.c:61	(at logger.py:129) 
2019-03-02 02:05:38,075 [D]  : : :pass:mug.c:60	(at logger.py:129) 
2019-03-02 02:05:38,087 [D] subprocess cmd: ['source compile.sh /home/bohrok/Documents/DM/output/orbs/mug/9/work'], stdout: b''	(at ex_script.py:45) 
2019-03-02 02:05:38,087 [D] -:F:n:WD_1:mug.c:59	(at logger.py:129) 
2019-03-02 02:05:38,097 [D] subprocess cmd: ['source compile.sh /home/bohrok/Documents/DM/output/orbs/mug/9/work'], stdout: b''	(at ex_script.py:45) 
2019-03-02 02:05:38,098 [D] ┌:F:n:WD_2:mug.c:59	(at logger.py:129) 
2019-03-02 02:05:38,098 [D] └:F:n:WD_2:mug.c:57	(at logger.py:129) 
2019-03-02 02:05:38,142 [D] ┌:P:n:WD_3:mug.c:59	(at logger.py:129) 
2019-03-02 02:05:38,143 [D] |:P:n:WD_3:mug.c:57	(at logger.py:129) 
2019-03-02 02:05:38,143 [D] └:P:n:WD_3:mug.c:56	(at logger.py:129) 
2019-03-02 02:05:38,143 [D]  : : :pass:mug.c:58	(at logger.py:129) 
2019-03-02 02:05:38,143 [D]  : : :pass:mug.c:57	(at logger.py:129) 
2019-03-02 02:05:38,143 [D]  : : :pass:mug.c:56	(at logger.py:129) 
2019-03-02 02:05:38,155 [D] subprocess cmd: ['source compile.sh /home/bohrok/Documents/DM/output/orbs/mug/9/work'], stdout: b''	(at ex_script.py:45) 
2019-03-02 02:05:38,155 [D] -:F:n:WD_1:mug.c:55	(at logger.py:129) 
2019-03-02 02:05:38,166 [D] subprocess cmd: ['source compile.sh /home/bohrok/Documents/DM/output/orbs/mug/9/work'], stdout: b''	(at ex_script.py:45) 
2019-03-02 02:05:38,167 [D] ┌:F:n:WD_2:mug.c:55	(at logger.py:129) 
2019-03-02 02:05:38,167 [D] └:F:n:WD_2:mug.c:54	(at logger.py:129) 
2019-03-02 02:05:38,177 [D] subprocess cmd: ['source compile.sh /home/bohrok/Documents/DM/output/orbs/mug/9/work'], stdout: b''	(at ex_script.py:45) 
2019-03-02 02:05:38,178 [D] ┌:F:n:WD_3:mug.c:55	(at logger.py:129) 
2019-03-02 02:05:38,178 [D] |:F:n:WD_3:mug.c:54	(at logger.py:129) 
2019-03-02 02:05:38,178 [D] └:F:n:WD_3:mug.c:53	(at logger.py:129) 
2019-03-02 02:05:38,224 [D] -:C:n:WD_1:mug.c:54	(at logger.py:129) 
2019-03-02 02:05:38,236 [D] subprocess cmd: ['source compile.sh /home/bohrok/Documents/DM/output/orbs/mug/9/work'], stdout: b''	(at ex_script.py:45) 
2019-03-02 02:05:38,236 [D] ┌:F:n:WD_2:mug.c:54	(at logger.py:129) 
2019-03-02 02:05:38,236 [D] └:F:n:WD_2:mug.c:53	(at logger.py:129) 
2019-03-02 02:05:38,247 [D] subprocess cmd: ['source compile.sh /home/bohrok/Documents/DM/output/orbs/mug/9/work'], stdout: b''	(at ex_script.py:45) 
2019-03-02 02:05:38,247 [D] ┌:F:n:WD_3:mug.c:54	(at logger.py:129) 
2019-03-02 02:05:38,247 [D] |:F:n:WD_3:mug.c:53	(at logger.py:129) 
2019-03-02 02:05:38,247 [D] └:F:n:WD_3:mug.c:52	(at logger.py:129) 
2019-03-02 02:05:38,259 [D] subprocess cmd: ['source compile.sh /home/bohrok/Documents/DM/output/orbs/mug/9/work'], stdout: b''	(at ex_script.py:45) 
2019-03-02 02:05:38,259 [D] -:F:n:WD_1:mug.c:53	(at logger.py:129) 
2019-03-02 02:05:38,270 [D] subprocess cmd: ['source compile.sh /home/bohrok/Documents/DM/output/orbs/mug/9/work'], stdout: b''	(at ex_script.py:45) 
2019-03-02 02:05:38,271 [D] ┌:F:n:WD_2:mug.c:53	(at logger.py:129) 
2019-03-02 02:05:38,271 [D] └:F:n:WD_2:mug.c:52	(at logger.py:129) 
2019-03-02 02:05:38,302 [D] subprocess cmd: ['source compile.sh /home/bohrok/Documents/DM/output/orbs/mug/9/work'], stdout: b''	(at ex_script.py:45) 
2019-03-02 02:05:38,302 [D] ┌:F:n:WD_3:mug.c:53	(at logger.py:129) 
2019-03-02 02:05:38,302 [D] |:F:n:WD_3:mug.c:52	(at logger.py:129) 
2019-03-02 02:05:38,302 [D] └:F:n:WD_3:mug.c:51	(at logger.py:129) 
2019-03-02 02:05:38,311 [D] subprocess cmd: ['source compile.sh /home/bohrok/Documents/DM/output/orbs/mug/9/work'], stdout: b''	(at ex_script.py:45) 
2019-03-02 02:05:38,312 [D] -:F:n:WD_1:mug.c:52	(at logger.py:129) 
2019-03-02 02:05:38,325 [D] subprocess cmd: ['source compile.sh /home/bohrok/Documents/DM/output/orbs/mug/9/work'], stdout: b''	(at ex_script.py:45) 
2019-03-02 02:05:38,326 [D] ┌:F:n:WD_2:mug.c:52	(at logger.py:129) 
2019-03-02 02:05:38,326 [D] └:F:n:WD_2:mug.c:51	(at logger.py:129) 
2019-03-02 02:05:38,338 [D] subprocess cmd: ['source compile.sh /home/bohrok/Documents/DM/output/orbs/mug/9/work'], stdout: b''	(at ex_script.py:45) 
2019-03-02 02:05:38,338 [D] ┌:F:n:WD_3:mug.c:52	(at logger.py:129) 
2019-03-02 02:05:38,338 [D] |:F:n:WD_3:mug.c:51	(at logger.py:129) 
2019-03-02 02:05:38,338 [D] └:F:n:WD_3:mug.c:50	(at logger.py:129) 
2019-03-02 02:05:38,349 [D] subprocess cmd: ['source compile.sh /home/bohrok/Documents/DM/output/orbs/mug/9/work'], stdout: b''	(at ex_script.py:45) 
2019-03-02 02:05:38,349 [D] -:F:n:WD_1:mug.c:51	(at logger.py:129) 
2019-03-02 02:05:38,361 [D] subprocess cmd: ['source compile.sh /home/bohrok/Documents/DM/output/orbs/mug/9/work'], stdout: b''	(at ex_script.py:45) 
2019-03-02 02:05:38,361 [D] ┌:F:n:WD_2:mug.c:51	(at logger.py:129) 
2019-03-02 02:05:38,361 [D] └:F:n:WD_2:mug.c:50	(at logger.py:129) 
2019-03-02 02:05:38,374 [D] subprocess cmd: ['source compile.sh /home/bohrok/Documents/DM/output/orbs/mug/9/work'], stdout: b''	(at ex_script.py:45) 
2019-03-02 02:05:38,374 [D] ┌:F:n:WD_3:mug.c:51	(at logger.py:129) 
2019-03-02 02:05:38,374 [D] |:F:n:WD_3:mug.c:50	(at logger.py:129) 
2019-03-02 02:05:38,374 [D] └:F:n:WD_3:mug.c:44	(at logger.py:129) 
2019-03-02 02:05:38,386 [D] subprocess cmd: ['source compile.sh /home/bohrok/Documents/DM/output/orbs/mug/9/work'], stdout: b''	(at ex_script.py:45) 
2019-03-02 02:05:38,386 [D] -:F:n:WD_1:mug.c:50	(at logger.py:129) 
2019-03-02 02:05:38,420 [D] ┌:P:c:WD_2:mug.c:50	(at logger.py:129) 
2019-03-02 02:05:38,420 [D] └:P:c:WD_2:mug.c:44	(at logger.py:129) 
2019-03-02 02:05:38,420 [D]  : : :pass:mug.c:49	(at logger.py:129) 
2019-03-02 02:05:38,420 [D]  : : :pass:mug.c:48	(at logger.py:129) 
2019-03-02 02:05:38,420 [D]  : : :pass:mug.c:47	(at logger.py:129) 
2019-03-02 02:05:38,420 [D]  : : :pass:mug.c:46	(at logger.py:129) 
2019-03-02 02:05:38,420 [D]  : : :pass:mug.c:45	(at logger.py:129) 
2019-03-02 02:05:38,420 [D]  : : :pass:mug.c:44	(at logger.py:129) 
2019-03-02 02:05:38,420 [D]  : : :pass:mug.c:43	(at logger.py:129) 
2019-03-02 02:05:38,430 [D] subprocess cmd: ['source compile.sh /home/bohrok/Documents/DM/output/orbs/mug/9/work'], stdout: b''	(at ex_script.py:45) 
2019-03-02 02:05:38,431 [D] -:F:n:WD_1:mug.c:42	(at logger.py:129) 
2019-03-02 02:05:38,443 [D] subprocess cmd: ['source compile.sh /home/bohrok/Documents/DM/output/orbs/mug/9/work'], stdout: b''	(at ex_script.py:45) 
2019-03-02 02:05:38,444 [D] ┌:F:n:WD_2:mug.c:42	(at logger.py:129) 
2019-03-02 02:05:38,444 [D] └:F:n:WD_2:mug.c:41	(at logger.py:129) 
2019-03-02 02:05:38,491 [D] ┌:P:n:WD_3:mug.c:42	(at logger.py:129) 
2019-03-02 02:05:38,491 [D] |:P:n:WD_3:mug.c:41	(at logger.py:129) 
2019-03-02 02:05:38,491 [D] └:P:n:WD_3:mug.c:40	(at logger.py:129) 
2019-03-02 02:05:38,491 [D]  : : :pass:mug.c:41	(at logger.py:129) 
2019-03-02 02:05:38,491 [D]  : : :pass:mug.c:40	(at logger.py:129) 
2019-03-02 02:05:38,501 [D] subprocess cmd: ['source compile.sh /home/bohrok/Documents/DM/output/orbs/mug/9/work'], stdout: b''	(at ex_script.py:45) 
2019-03-02 02:05:38,502 [D] -:F:n:WD_1:mug.c:39	(at logger.py:129) 
2019-03-02 02:05:38,512 [D] subprocess cmd: ['source compile.sh /home/bohrok/Documents/DM/output/orbs/mug/9/work'], stdout: b''	(at ex_script.py:45) 
2019-03-02 02:05:38,512 [D] ┌:F:n:WD_2:mug.c:39	(at logger.py:129) 
2019-03-02 02:05:38,512 [D] └:F:n:WD_2:mug.c:38	(at logger.py:129) 
2019-03-02 02:05:38,558 [D] ┌:C:n:WD_3:mug.c:39	(at logger.py:129) 
2019-03-02 02:05:38,558 [D] |:C:n:WD_3:mug.c:38	(at logger.py:129) 
2019-03-02 02:05:38,558 [D] └:C:n:WD_3:mug.c:37	(at logger.py:129) 
2019-03-02 02:05:38,590 [D] -:C:c:WD_1:mug.c:38	(at logger.py:129) 
2019-03-02 02:05:38,600 [D] subprocess cmd: ['source compile.sh /home/bohrok/Documents/DM/output/orbs/mug/9/work'], stdout: b''	(at ex_script.py:45) 
2019-03-02 02:05:38,601 [D] ┌:F:n:WD_2:mug.c:38	(at logger.py:129) 
2019-03-02 02:05:38,601 [D] └:F:n:WD_2:mug.c:37	(at logger.py:129) 
2019-03-02 02:05:38,601 [D] ┌:C:c:WD_3:mug.c:38	(at logger.py:129) 
2019-03-02 02:05:38,601 [D] |:C:c:WD_3:mug.c:37	(at logger.py:129) 
2019-03-02 02:05:38,601 [D] └:C:c:WD_3:mug.c:35	(at logger.py:129) 
2019-03-02 02:05:38,611 [D] subprocess cmd: ['source compile.sh /home/bohrok/Documents/DM/output/orbs/mug/9/work'], stdout: b''	(at ex_script.py:45) 
2019-03-02 02:05:38,611 [D] -:F:n:WD_1:mug.c:37	(at logger.py:129) 
2019-03-02 02:05:38,647 [D] ┌:C:c:WD_2:mug.c:37	(at logger.py:129) 
2019-03-02 02:05:38,648 [D] └:C:c:WD_2:mug.c:35	(at logger.py:129) 
2019-03-02 02:05:38,690 [D] ┌:C:n:WD_3:mug.c:37	(at logger.py:129) 
2019-03-02 02:05:38,690 [D] |:C:n:WD_3:mug.c:35	(at logger.py:129) 
2019-03-02 02:05:38,690 [D] └:C:n:WD_3:mug.c:34	(at logger.py:129) 
2019-03-02 02:05:38,691 [D]  : : :pass:mug.c:36	(at logger.py:129) 
2019-03-02 02:05:38,701 [D] subprocess cmd: ['source compile.sh /home/bohrok/Documents/DM/output/orbs/mug/9/work'], stdout: b''	(at ex_script.py:45) 
2019-03-02 02:05:38,701 [D] -:F:n:WD_1:mug.c:35	(at logger.py:129) 
2019-03-02 02:05:38,711 [D] subprocess cmd: ['source compile.sh /home/bohrok/Documents/DM/output/orbs/mug/9/work'], stdout: b''	(at ex_script.py:45) 
2019-03-02 02:05:38,711 [D] ┌:F:n:WD_2:mug.c:35	(at logger.py:129) 
2019-03-02 02:05:38,711 [D] └:F:n:WD_2:mug.c:34	(at logger.py:129) 
2019-03-02 02:05:38,711 [D] ┌:C:c:WD_3:mug.c:35	(at logger.py:129) 
2019-03-02 02:05:38,711 [D] |:C:c:WD_3:mug.c:34	(at logger.py:129) 
2019-03-02 02:05:38,712 [D] └:C:c:WD_3:mug.c:33	(at logger.py:129) 
2019-03-02 02:05:38,757 [D] subprocess cmd: ['source execute.sh /home/bohrok/Documents/DM/output/orbs/mug/9/work'], stdout: b''	(at ex_script.py:45) 
2019-03-02 02:05:38,757 [D] -:C:n:WD_1:mug.c:34	(at logger.py:129) 
2019-03-02 02:05:38,768 [D] subprocess cmd: ['source compile.sh /home/bohrok/Documents/DM/output/orbs/mug/9/work'], stdout: b''	(at ex_script.py:45) 
2019-03-02 02:05:38,769 [D] ┌:F:n:WD_2:mug.c:34	(at logger.py:129) 
2019-03-02 02:05:38,769 [D] └:F:n:WD_2:mug.c:33	(at logger.py:129) 
2019-03-02 02:05:38,778 [D] subprocess cmd: ['source compile.sh /home/bohrok/Documents/DM/output/orbs/mug/9/work'], stdout: b''	(at ex_script.py:45) 
2019-03-02 02:05:38,779 [D] ┌:F:n:WD_3:mug.c:34	(at logger.py:129) 
2019-03-02 02:05:38,779 [D] |:F:n:WD_3:mug.c:33	(at logger.py:129) 
2019-03-02 02:05:38,779 [D] └:F:n:WD_3:mug.c:32	(at logger.py:129) 
2019-03-02 02:05:38,791 [D] subprocess cmd: ['source compile.sh /home/bohrok/Documents/DM/output/orbs/mug/9/work'], stdout: b''	(at ex_script.py:45) 
2019-03-02 02:05:38,792 [D] -:F:n:WD_1:mug.c:33	(at logger.py:129) 
2019-03-02 02:05:38,802 [D] subprocess cmd: ['source compile.sh /home/bohrok/Documents/DM/output/orbs/mug/9/work'], stdout: b''	(at ex_script.py:45) 
2019-03-02 02:05:38,802 [D] ┌:F:n:WD_2:mug.c:33	(at logger.py:129) 
2019-03-02 02:05:38,803 [D] └:F:n:WD_2:mug.c:32	(at logger.py:129) 
2019-03-02 02:05:38,813 [D] subprocess cmd: ['source compile.sh /home/bohrok/Documents/DM/output/orbs/mug/9/work'], stdout: b''	(at ex_script.py:45) 
2019-03-02 02:05:38,813 [D] ┌:F:n:WD_3:mug.c:33	(at logger.py:129) 
2019-03-02 02:05:38,813 [D] |:F:n:WD_3:mug.c:32	(at logger.py:129) 
2019-03-02 02:05:38,813 [D] └:F:n:WD_3:mug.c:31	(at logger.py:129) 
2019-03-02 02:05:39,167 [D] subprocess cmd: ['source execute.sh /home/bohrok/Documents/DM/output/orbs/mug/9/work'], stdout: b'execute.sh: line 9: 30463 Killed                  timeout --signal=KILL 0.1 ./mug.exe 4 -4 0 > ./outputs/output0\nexecute.sh: line 15: 30465 Killed                  timeout --signal=KILL 0.1 ./mug.exe 4 4 0 > ./outputs/output1\nexecute.sh: line 21: 30467 Killed                  timeout --signal=KILL 0.1 ./mug.exe -4 4 0 > ./outputs/output2\n'	(at ex_script.py:45) 
2019-03-02 02:05:39,167 [D] -:C:n:WD_1:mug.c:32	(at logger.py:129) 
2019-03-02 02:05:39,252 [D] subprocess cmd: ['source compile.sh /home/bohrok/Documents/DM/output/orbs/mug/9/work'], stdout: b''	(at ex_script.py:45) 
2019-03-02 02:05:39,252 [D] ┌:F:n:WD_2:mug.c:32	(at logger.py:129) 
2019-03-02 02:05:39,252 [D] └:F:n:WD_2:mug.c:31	(at logger.py:129) 
2019-03-02 02:05:39,262 [D] subprocess cmd: ['source compile.sh /home/bohrok/Documents/DM/output/orbs/mug/9/work'], stdout: b''	(at ex_script.py:45) 
2019-03-02 02:05:39,262 [D] ┌:F:n:WD_3:mug.c:32	(at logger.py:129) 
2019-03-02 02:05:39,263 [D] |:F:n:WD_3:mug.c:31	(at logger.py:129) 
2019-03-02 02:05:39,263 [D] └:F:n:WD_3:mug.c:30	(at logger.py:129) 
2019-03-02 02:05:39,276 [D] subprocess cmd: ['source compile.sh /home/bohrok/Documents/DM/output/orbs/mug/9/work'], stdout: b''	(at ex_script.py:45) 
2019-03-02 02:05:39,276 [D] -:F:n:WD_1:mug.c:31	(at logger.py:129) 
2019-03-02 02:05:39,287 [D] subprocess cmd: ['source compile.sh /home/bohrok/Documents/DM/output/orbs/mug/9/work'], stdout: b''	(at ex_script.py:45) 
2019-03-02 02:05:39,287 [D] ┌:F:n:WD_2:mug.c:31	(at logger.py:129) 
2019-03-02 02:05:39,287 [D] └:F:n:WD_2:mug.c:30	(at logger.py:129) 
2019-03-02 02:05:39,318 [D] subprocess cmd: ['source compile.sh /home/bohrok/Documents/DM/output/orbs/mug/9/work'], stdout: b''	(at ex_script.py:45) 
2019-03-02 02:05:39,318 [D] ┌:F:n:WD_3:mug.c:31	(at logger.py:129) 
2019-03-02 02:05:39,319 [D] |:F:n:WD_3:mug.c:30	(at logger.py:129) 
2019-03-02 02:05:39,319 [D] └:F:n:WD_3:mug.c:29	(at logger.py:129) 
2019-03-02 02:05:39,328 [D] subprocess cmd: ['source compile.sh /home/bohrok/Documents/DM/output/orbs/mug/9/work'], stdout: b''	(at ex_script.py:45) 
2019-03-02 02:05:39,328 [D] -:F:n:WD_1:mug.c:30	(at logger.py:129) 
2019-03-02 02:05:39,341 [D] subprocess cmd: ['source compile.sh /home/bohrok/Documents/DM/output/orbs/mug/9/work'], stdout: b''	(at ex_script.py:45) 
2019-03-02 02:05:39,341 [D] ┌:F:n:WD_2:mug.c:30	(at logger.py:129) 
2019-03-02 02:05:39,341 [D] └:F:n:WD_2:mug.c:29	(at logger.py:129) 
2019-03-02 02:05:39,352 [D] subprocess cmd: ['source compile.sh /home/bohrok/Documents/DM/output/orbs/mug/9/work'], stdout: b''	(at ex_script.py:45) 
2019-03-02 02:05:39,352 [D] ┌:F:n:WD_3:mug.c:30	(at logger.py:129) 
2019-03-02 02:05:39,352 [D] |:F:n:WD_3:mug.c:29	(at logger.py:129) 
2019-03-02 02:05:39,352 [D] └:F:n:WD_3:mug.c:27	(at logger.py:129) 
2019-03-02 02:05:39,362 [D] subprocess cmd: ['source compile.sh /home/bohrok/Documents/DM/output/orbs/mug/9/work'], stdout: b''	(at ex_script.py:45) 
2019-03-02 02:05:39,363 [D] -:F:n:WD_1:mug.c:29	(at logger.py:129) 
2019-03-02 02:05:39,376 [D] subprocess cmd: ['source compile.sh /home/bohrok/Documents/DM/output/orbs/mug/9/work'], stdout: b''	(at ex_script.py:45) 
2019-03-02 02:05:39,376 [D] ┌:F:n:WD_2:mug.c:29	(at logger.py:129) 
2019-03-02 02:05:39,376 [D] └:F:n:WD_2:mug.c:27	(at logger.py:129) 
2019-03-02 02:05:39,388 [D] subprocess cmd: ['source compile.sh /home/bohrok/Documents/DM/output/orbs/mug/9/work'], stdout: b''	(at ex_script.py:45) 
2019-03-02 02:05:39,388 [D] ┌:F:n:WD_3:mug.c:29	(at logger.py:129) 
2019-03-02 02:05:39,388 [D] |:F:n:WD_3:mug.c:27	(at logger.py:129) 
2019-03-02 02:05:39,388 [D] └:F:n:WD_3:mug.c:25	(at logger.py:129) 
2019-03-02 02:05:39,388 [D]  : : :pass:mug.c:28	(at logger.py:129) 
2019-03-02 02:05:39,400 [D] subprocess cmd: ['source compile.sh /home/bohrok/Documents/DM/output/orbs/mug/9/work'], stdout: b''	(at ex_script.py:45) 
2019-03-02 02:05:39,400 [D] -:F:n:WD_1:mug.c:27	(at logger.py:129) 
2019-03-02 02:05:39,412 [D] subprocess cmd: ['source compile.sh /home/bohrok/Documents/DM/output/orbs/mug/9/work'], stdout: b''	(at ex_script.py:45) 
2019-03-02 02:05:39,412 [D] ┌:F:n:WD_2:mug.c:27	(at logger.py:129) 
2019-03-02 02:05:39,412 [D] └:F:n:WD_2:mug.c:25	(at logger.py:129) 
2019-03-02 02:05:39,424 [D] subprocess cmd: ['source compile.sh /home/bohrok/Documents/DM/output/orbs/mug/9/work'], stdout: b''	(at ex_script.py:45) 
2019-03-02 02:05:39,424 [D] ┌:F:n:WD_3:mug.c:27	(at logger.py:129) 
2019-03-02 02:05:39,424 [D] |:F:n:WD_3:mug.c:25	(at logger.py:129) 
2019-03-02 02:05:39,424 [D] └:F:n:WD_3:mug.c:24	(at logger.py:129) 
2019-03-02 02:05:39,424 [D]  : : :pass:mug.c:26	(at logger.py:129) 
2019-03-02 02:05:39,471 [D] subprocess cmd: ['source execute.sh /home/bohrok/Documents/DM/output/orbs/mug/9/work'], stdout: b''	(at ex_script.py:45) 
2019-03-02 02:05:39,471 [D] -:C:n:WD_1:mug.c:25	(at logger.py:129) 
2019-03-02 02:05:39,711 [D] subprocess cmd: ['source execute.sh /home/bohrok/Documents/DM/output/orbs/mug/9/work'], stdout: b'execute.sh: line 9: 30555 Killed                  timeout --signal=KILL 0.1 ./mug.exe 4 -4 0 > ./outputs/output0\nexecute.sh: line 15: 30557 Killed                  timeout --signal=KILL 0.1 ./mug.exe 4 4 0 > ./outputs/output1\n'	(at ex_script.py:45) 
2019-03-02 02:05:39,711 [D] ┌:C:n:WD_2:mug.c:25	(at logger.py:129) 
2019-03-02 02:05:39,712 [D] └:C:n:WD_2:mug.c:24	(at logger.py:129) 
2019-03-02 02:05:39,723 [D] subprocess cmd: ['source compile.sh /home/bohrok/Documents/DM/output/orbs/mug/9/work'], stdout: b''	(at ex_script.py:45) 
2019-03-02 02:05:39,723 [D] ┌:F:n:WD_3:mug.c:25	(at logger.py:129) 
2019-03-02 02:05:39,723 [D] |:F:n:WD_3:mug.c:24	(at logger.py:129) 
2019-03-02 02:05:39,723 [D] └:F:n:WD_3:mug.c:23	(at logger.py:129) 
2019-03-02 02:05:39,963 [D] subprocess cmd: ['source execute.sh /home/bohrok/Documents/DM/output/orbs/mug/9/work'], stdout: b'execute.sh: line 9: 30575 Killed                  timeout --signal=KILL 0.1 ./mug.exe 4 -4 0 > ./outputs/output0\nexecute.sh: line 15: 30577 Killed                  timeout --signal=KILL 0.1 ./mug.exe 4 4 0 > ./outputs/output1\n'	(at ex_script.py:45) 
2019-03-02 02:05:39,963 [D] -:C:n:WD_1:mug.c:24	(at logger.py:129) 
2019-03-02 02:05:40,043 [D] subprocess cmd: ['source compile.sh /home/bohrok/Documents/DM/output/orbs/mug/9/work'], stdout: b''	(at ex_script.py:45) 
2019-03-02 02:05:40,044 [D] ┌:F:n:WD_2:mug.c:24	(at logger.py:129) 
2019-03-02 02:05:40,045 [D] └:F:n:WD_2:mug.c:23	(at logger.py:129) 
2019-03-02 02:05:40,108 [D] ┌:C:c:WD_3:mug.c:24	(at logger.py:129) 
2019-03-02 02:05:40,108 [D] |:C:c:WD_3:mug.c:23	(at logger.py:129) 
2019-03-02 02:05:40,108 [D] └:C:c:WD_3:mug.c:20	(at logger.py:129) 
2019-03-02 02:05:40,119 [D] subprocess cmd: ['source compile.sh /home/bohrok/Documents/DM/output/orbs/mug/9/work'], stdout: b''	(at ex_script.py:45) 
2019-03-02 02:05:40,119 [D] -:F:n:WD_1:mug.c:23	(at logger.py:129) 
2019-03-02 02:05:40,152 [D] ┌:P:c:WD_2:mug.c:23	(at logger.py:129) 
2019-03-02 02:05:40,152 [D] └:P:c:WD_2:mug.c:20	(at logger.py:129) 
2019-03-02 02:05:40,152 [D]  : : :pass:mug.c:22	(at logger.py:129) 
2019-03-02 02:05:40,153 [D]  : : :pass:mug.c:21	(at logger.py:129) 
2019-03-02 02:05:40,153 [D]  : : :pass:mug.c:20	(at logger.py:129) 
2019-03-02 02:05:40,153 [D]  : : :pass:mug.c:19	(at logger.py:129) 
2019-03-02 02:05:40,162 [D] subprocess cmd: ['source compile.sh /home/bohrok/Documents/DM/output/orbs/mug/9/work'], stdout: b''	(at ex_script.py:45) 
2019-03-02 02:05:40,163 [D] -:F:n:WD_1:mug.c:18	(at logger.py:129) 
2019-03-02 02:05:40,174 [D] subprocess cmd: ['source compile.sh /home/bohrok/Documents/DM/output/orbs/mug/9/work'], stdout: b''	(at ex_script.py:45) 
2019-03-02 02:05:40,175 [D] ┌:F:n:WD_2:mug.c:18	(at logger.py:129) 
2019-03-02 02:05:40,175 [D] └:F:n:WD_2:mug.c:17	(at logger.py:129) 
2019-03-02 02:05:40,185 [D] subprocess cmd: ['source compile.sh /home/bohrok/Documents/DM/output/orbs/mug/9/work'], stdout: b''	(at ex_script.py:45) 
2019-03-02 02:05:40,185 [D] ┌:F:n:WD_3:mug.c:18	(at logger.py:129) 
2019-03-02 02:05:40,186 [D] |:F:n:WD_3:mug.c:17	(at logger.py:129) 
2019-03-02 02:05:40,186 [D] └:F:n:WD_3:mug.c:14	(at logger.py:129) 
2019-03-02 02:05:40,231 [D] -:C:n:WD_1:mug.c:17	(at logger.py:129) 
2019-03-02 02:05:40,276 [D] ┌:C:n:WD_2:mug.c:17	(at logger.py:129) 
2019-03-02 02:05:40,276 [D] └:C:n:WD_2:mug.c:14	(at logger.py:129) 
2019-03-02 02:05:40,289 [D] subprocess cmd: ['source compile.sh /home/bohrok/Documents/DM/output/orbs/mug/9/work'], stdout: b''	(at ex_script.py:45) 
2019-03-02 02:05:40,289 [D] ┌:F:n:WD_3:mug.c:17	(at logger.py:129) 
2019-03-02 02:05:40,289 [D] |:F:n:WD_3:mug.c:14	(at logger.py:129) 
2019-03-02 02:05:40,289 [D] └:F:n:WD_3:mug.c:11	(at logger.py:129) 
2019-03-02 02:05:40,289 [D]  : : :pass:mug.c:16	(at logger.py:129) 
2019-03-02 02:05:40,289 [D]  : : :pass:mug.c:15	(at logger.py:129) 
2019-03-02 02:05:40,331 [D] subprocess cmd: ['source execute.sh /home/bohrok/Documents/DM/output/orbs/mug/9/work'], stdout: b''	(at ex_script.py:45) 
2019-03-02 02:05:40,331 [D] -:C:n:WD_1:mug.c:14	(at logger.py:129) 
2019-03-02 02:05:40,343 [D] subprocess cmd: ['source compile.sh /home/bohrok/Documents/DM/output/orbs/mug/9/work'], stdout: b''	(at ex_script.py:45) 
2019-03-02 02:05:40,343 [D] ┌:F:n:WD_2:mug.c:14	(at logger.py:129) 
2019-03-02 02:05:40,343 [D] └:F:n:WD_2:mug.c:11	(at logger.py:129) 
2019-03-02 02:05:40,354 [D] subprocess cmd: ['source compile.sh /home/bohrok/Documents/DM/output/orbs/mug/9/work'], stdout: b''	(at ex_script.py:45) 
2019-03-02 02:05:40,354 [D] ┌:F:n:WD_3:mug.c:14	(at logger.py:129) 
2019-03-02 02:05:40,354 [D] |:F:n:WD_3:mug.c:11	(at logger.py:129) 
2019-03-02 02:05:40,355 [D] └:F:n:WD_3:mug.c:10	(at logger.py:129) 
2019-03-02 02:05:40,355 [D]  : : :pass:mug.c:13	(at logger.py:129) 
2019-03-02 02:05:40,355 [D]  : : :pass:mug.c:12	(at logger.py:129) 
2019-03-02 02:05:40,364 [D] subprocess cmd: ['source compile.sh /home/bohrok/Documents/DM/output/orbs/mug/9/work'], stdout: b''	(at ex_script.py:45) 
2019-03-02 02:05:40,364 [D] -:F:n:WD_1:mug.c:11	(at logger.py:129) 
2019-03-02 02:05:40,377 [D] subprocess cmd: ['source compile.sh /home/bohrok/Documents/DM/output/orbs/mug/9/work'], stdout: b''	(at ex_script.py:45) 
2019-03-02 02:05:40,377 [D] ┌:F:n:WD_2:mug.c:11	(at logger.py:129) 
2019-03-02 02:05:40,377 [D] └:F:n:WD_2:mug.c:10	(at logger.py:129) 
2019-03-02 02:05:40,389 [D] subprocess cmd: ['source compile.sh /home/bohrok/Documents/DM/output/orbs/mug/9/work'], stdout: b''	(at ex_script.py:45) 
2019-03-02 02:05:40,389 [D] ┌:F:n:WD_3:mug.c:11	(at logger.py:129) 
2019-03-02 02:05:40,389 [D] |:F:n:WD_3:mug.c:10	(at logger.py:129) 
2019-03-02 02:05:40,389 [D] └:F:n:WD_3:mug.c:9	(at logger.py:129) 
2019-03-02 02:05:40,399 [D] subprocess cmd: ['source compile.sh /home/bohrok/Documents/DM/output/orbs/mug/9/work'], stdout: b''	(at ex_script.py:45) 
2019-03-02 02:05:40,400 [D] -:F:n:WD_1:mug.c:10	(at logger.py:129) 
2019-03-02 02:05:40,410 [D] subprocess cmd: ['source compile.sh /home/bohrok/Documents/DM/output/orbs/mug/9/work'], stdout: b''	(at ex_script.py:45) 
2019-03-02 02:05:40,411 [D] ┌:F:n:WD_2:mug.c:10	(at logger.py:129) 
2019-03-02 02:05:40,411 [D] └:F:n:WD_2:mug.c:9	(at logger.py:129) 
2019-03-02 02:05:40,423 [D] subprocess cmd: ['source compile.sh /home/bohrok/Documents/DM/output/orbs/mug/9/work'], stdout: b''	(at ex_script.py:45) 
2019-03-02 02:05:40,424 [D] ┌:F:n:WD_3:mug.c:10	(at logger.py:129) 
2019-03-02 02:05:40,424 [D] |:F:n:WD_3:mug.c:9	(at logger.py:129) 
2019-03-02 02:05:40,424 [D] └:F:n:WD_3:mug.c:4	(at logger.py:129) 
2019-03-02 02:05:40,436 [D] subprocess cmd: ['source compile.sh /home/bohrok/Documents/DM/output/orbs/mug/9/work'], stdout: b''	(at ex_script.py:45) 
2019-03-02 02:05:40,436 [D] -:F:n:WD_1:mug.c:9	(at logger.py:129) 
2019-03-02 02:05:40,446 [D] subprocess cmd: ['source compile.sh /home/bohrok/Documents/DM/output/orbs/mug/9/work'], stdout: b''	(at ex_script.py:45) 
2019-03-02 02:05:40,447 [D] ┌:F:n:WD_2:mug.c:9	(at logger.py:129) 
2019-03-02 02:05:40,447 [D] └:F:n:WD_2:mug.c:4	(at logger.py:129) 
2019-03-02 02:05:40,459 [D] subprocess cmd: ['source compile.sh /home/bohrok/Documents/DM/output/orbs/mug/9/work'], stdout: b''	(at ex_script.py:45) 
2019-03-02 02:05:40,460 [D] ┌:F:n:WD_3:mug.c:9	(at logger.py:129) 
2019-03-02 02:05:40,460 [D] |:F:n:WD_3:mug.c:4	(at logger.py:129) 
2019-03-02 02:05:40,460 [D] └:F:n:WD_3:mug.c:3	(at logger.py:129) 
2019-03-02 02:05:40,460 [D]  : : :pass:mug.c:8	(at logger.py:129) 
2019-03-02 02:05:40,460 [D]  : : :pass:mug.c:7	(at logger.py:129) 
2019-03-02 02:05:40,460 [D]  : : :pass:mug.c:6	(at logger.py:129) 
2019-03-02 02:05:40,460 [D]  : : :pass:mug.c:5	(at logger.py:129) 
2019-03-02 02:05:40,473 [D] subprocess cmd: ['source compile.sh /home/bohrok/Documents/DM/output/orbs/mug/9/work'], stdout: b''	(at ex_script.py:45) 
2019-03-02 02:05:40,473 [D] -:F:n:WD_1:mug.c:4	(at logger.py:129) 
2019-03-02 02:05:40,486 [D] subprocess cmd: ['source compile.sh /home/bohrok/Documents/DM/output/orbs/mug/9/work'], stdout: b''	(at ex_script.py:45) 
2019-03-02 02:05:40,486 [D] ┌:F:n:WD_2:mug.c:4	(at logger.py:129) 
2019-03-02 02:05:40,487 [D] └:F:n:WD_2:mug.c:3	(at logger.py:129) 
2019-03-02 02:05:40,487 [D] ┌:F:n:WD_3:mug.c:4	(at logger.py:129) 
2019-03-02 02:05:40,487 [D] └:F:n:WD_3:mug.c:3	(at logger.py:129) 
2019-03-02 02:05:40,497 [D] subprocess cmd: ['source compile.sh /home/bohrok/Documents/DM/output/orbs/mug/9/work'], stdout: b''	(at ex_script.py:45) 
2019-03-02 02:05:40,497 [D] -:F:n:WD_1:mug.c:3	(at logger.py:129) 
2019-03-02 02:05:40,498 [D] -:F:n:WD_2:mug.c:3	(at logger.py:129) 
2019-03-02 02:05:40,498 [D] -:F:n:WD_3:mug.c:3	(at logger.py:129) 
2019-03-02 02:05:40,498 [D]  : : :pass:mug.c:2	(at logger.py:129) 
2019-03-02 02:05:40,498 [D]  : : :pass:mug.c:1	(at logger.py:129) 
2019-03-02 02:05:40,498 [D] comp_cached_cnt:5	(at logger.py:134) 
2019-03-02 02:05:40,498 [D] compile_cnt:86	(at logger.py:134) 
2019-03-02 02:05:40,498 [D] execute_cnt:14	(at logger.py:134) 
2019-03-02 02:05:40,498 [D] fail_del_cnt:16	(at logger.py:134) 
2019-03-02 02:05:40,498 [D] iter_idx:2	(at logger.py:134) 
2019-03-02 02:05:40,499 [D] reuse_cnt:7	(at logger.py:134) 
2019-03-02 02:05:40,499 [D] succ_del_cnt:5	(at logger.py:134) 
2019-03-02 02:05:40,499 [D] time:2.4898626804351807	(at logger.py:134) 
2019-03-02 02:05:40,499 [D] deletion:37	(at logger.py:136) 
2019-03-02 02:05:40,499 [I] Iteration 2 finished	(at orbs.py:87) 
2019-03-02 02:05:40,500 [D]  : : :pass:mug.c:63	(at logger.py:129) 
2019-03-02 02:05:40,500 [D]  : : :pass:mug.c:62	(at logger.py:129) 
2019-03-02 02:05:40,500 [D]  : : :pass:mug.c:61	(at logger.py:129) 
2019-03-02 02:05:40,500 [D]  : : :pass:mug.c:60	(at logger.py:129) 
2019-03-02 02:05:40,500 [D]  : : :pass:mug.c:59	(at logger.py:129) 
2019-03-02 02:05:40,501 [D]  : : :pass:mug.c:58	(at logger.py:129) 
2019-03-02 02:05:40,501 [D]  : : :pass:mug.c:57	(at logger.py:129) 
2019-03-02 02:05:40,501 [D]  : : :pass:mug.c:56	(at logger.py:129) 
2019-03-02 02:05:40,513 [D] subprocess cmd: ['source compile.sh /home/bohrok/Documents/DM/output/orbs/mug/9/work'], stdout: b''	(at ex_script.py:45) 
2019-03-02 02:05:40,513 [D] -:F:n:WD_1:mug.c:55	(at logger.py:129) 
2019-03-02 02:05:40,527 [D] subprocess cmd: ['source compile.sh /home/bohrok/Documents/DM/output/orbs/mug/9/work'], stdout: b''	(at ex_script.py:45) 
2019-03-02 02:05:40,527 [D] ┌:F:n:WD_2:mug.c:55	(at logger.py:129) 
2019-03-02 02:05:40,527 [D] └:F:n:WD_2:mug.c:54	(at logger.py:129) 
2019-03-02 02:05:40,539 [D] subprocess cmd: ['source compile.sh /home/bohrok/Documents/DM/output/orbs/mug/9/work'], stdout: b''	(at ex_script.py:45) 
2019-03-02 02:05:40,539 [D] ┌:F:n:WD_3:mug.c:55	(at logger.py:129) 
2019-03-02 02:05:40,539 [D] |:F:n:WD_3:mug.c:54	(at logger.py:129) 
2019-03-02 02:05:40,539 [D] └:F:n:WD_3:mug.c:53	(at logger.py:129) 
2019-03-02 02:05:40,585 [D] -:C:n:WD_1:mug.c:54	(at logger.py:129) 
2019-03-02 02:05:40,596 [D] subprocess cmd: ['source compile.sh /home/bohrok/Documents/DM/output/orbs/mug/9/work'], stdout: b''	(at ex_script.py:45) 
2019-03-02 02:05:40,597 [D] ┌:F:n:WD_2:mug.c:54	(at logger.py:129) 
2019-03-02 02:05:40,597 [D] └:F:n:WD_2:mug.c:53	(at logger.py:129) 
2019-03-02 02:05:40,609 [D] subprocess cmd: ['source compile.sh /home/bohrok/Documents/DM/output/orbs/mug/9/work'], stdout: b''	(at ex_script.py:45) 
2019-03-02 02:05:40,609 [D] ┌:F:n:WD_3:mug.c:54	(at logger.py:129) 
2019-03-02 02:05:40,609 [D] |:F:n:WD_3:mug.c:53	(at logger.py:129) 
2019-03-02 02:05:40,609 [D] └:F:n:WD_3:mug.c:52	(at logger.py:129) 
2019-03-02 02:05:40,621 [D] subprocess cmd: ['source compile.sh /home/bohrok/Documents/DM/output/orbs/mug/9/work'], stdout: b''	(at ex_script.py:45) 
2019-03-02 02:05:40,621 [D] -:F:n:WD_1:mug.c:53	(at logger.py:129) 
2019-03-02 02:05:40,633 [D] subprocess cmd: ['source compile.sh /home/bohrok/Documents/DM/output/orbs/mug/9/work'], stdout: b''	(at ex_script.py:45) 
2019-03-02 02:05:40,633 [D] ┌:F:n:WD_2:mug.c:53	(at logger.py:129) 
2019-03-02 02:05:40,634 [D] └:F:n:WD_2:mug.c:52	(at logger.py:129) 
2019-03-02 02:05:40,667 [D] subprocess cmd: ['source compile.sh /home/bohrok/Documents/DM/output/orbs/mug/9/work'], stdout: b''	(at ex_script.py:45) 
2019-03-02 02:05:40,668 [D] ┌:F:n:WD_3:mug.c:53	(at logger.py:129) 
2019-03-02 02:05:40,668 [D] |:F:n:WD_3:mug.c:52	(at logger.py:129) 
2019-03-02 02:05:40,668 [D] └:F:n:WD_3:mug.c:51	(at logger.py:129) 
2019-03-02 02:05:40,680 [D] subprocess cmd: ['source compile.sh /home/bohrok/Documents/DM/output/orbs/mug/9/work'], stdout: b''	(at ex_script.py:45) 
2019-03-02 02:05:40,681 [D] -:F:n:WD_1:mug.c:52	(at logger.py:129) 
2019-03-02 02:05:40,694 [D] subprocess cmd: ['source compile.sh /home/bohrok/Documents/DM/output/orbs/mug/9/work'], stdout: b''	(at ex_script.py:45) 
2019-03-02 02:05:40,694 [D] ┌:F:n:WD_2:mug.c:52	(at logger.py:129) 
2019-03-02 02:05:40,694 [D] └:F:n:WD_2:mug.c:51	(at logger.py:129) 
2019-03-02 02:05:40,706 [D] subprocess cmd: ['source compile.sh /home/bohrok/Documents/DM/output/orbs/mug/9/work'], stdout: b''	(at ex_script.py:45) 
2019-03-02 02:05:40,706 [D] ┌:F:n:WD_3:mug.c:52	(at logger.py:129) 
2019-03-02 02:05:40,706 [D] |:F:n:WD_3:mug.c:51	(at logger.py:129) 
2019-03-02 02:05:40,706 [D] └:F:n:WD_3:mug.c:39	(at logger.py:129) 
2019-03-02 02:05:40,717 [D] subprocess cmd: ['source compile.sh /home/bohrok/Documents/DM/output/orbs/mug/9/work'], stdout: b''	(at ex_script.py:45) 
2019-03-02 02:05:40,718 [D] -:F:n:WD_1:mug.c:51	(at logger.py:129) 
2019-03-02 02:05:40,728 [D] subprocess cmd: ['source compile.sh /home/bohrok/Documents/DM/output/orbs/mug/9/work'], stdout: b''	(at ex_script.py:45) 
2019-03-02 02:05:40,729 [D] ┌:F:n:WD_2:mug.c:51	(at logger.py:129) 
2019-03-02 02:05:40,729 [D] └:F:n:WD_2:mug.c:39	(at logger.py:129) 
2019-03-02 02:05:40,741 [D] subprocess cmd: ['source compile.sh /home/bohrok/Documents/DM/output/orbs/mug/9/work'], stdout: b''	(at ex_script.py:45) 
2019-03-02 02:05:40,741 [D] ┌:F:n:WD_3:mug.c:51	(at logger.py:129) 
2019-03-02 02:05:40,741 [D] |:F:n:WD_3:mug.c:39	(at logger.py:129) 
2019-03-02 02:05:40,741 [D] └:F:n:WD_3:mug.c:38	(at logger.py:129) 
2019-03-02 02:05:40,741 [D]  : : :pass:mug.c:50	(at logger.py:129) 
2019-03-02 02:05:40,741 [D]  : : :pass:mug.c:49	(at logger.py:129) 
2019-03-02 02:05:40,742 [D]  : : :pass:mug.c:48	(at logger.py:129) 
2019-03-02 02:05:40,742 [D]  : : :pass:mug.c:47	(at logger.py:129) 
2019-03-02 02:05:40,742 [D]  : : :pass:mug.c:46	(at logger.py:129) 
2019-03-02 02:05:40,742 [D]  : : :pass:mug.c:45	(at logger.py:129) 
2019-03-02 02:05:40,742 [D]  : : :pass:mug.c:44	(at logger.py:129) 
2019-03-02 02:05:40,742 [D]  : : :pass:mug.c:43	(at logger.py:129) 
2019-03-02 02:05:40,742 [D]  : : :pass:mug.c:42	(at logger.py:129) 
2019-03-02 02:05:40,742 [D]  : : :pass:mug.c:41	(at logger.py:129) 
2019-03-02 02:05:40,742 [D]  : : :pass:mug.c:40	(at logger.py:129) 
2019-03-02 02:05:40,754 [D] subprocess cmd: ['source compile.sh /home/bohrok/Documents/DM/output/orbs/mug/9/work'], stdout: b''	(at ex_script.py:45) 
2019-03-02 02:05:40,755 [D] -:F:n:WD_1:mug.c:39	(at logger.py:129) 
2019-03-02 02:05:40,766 [D] subprocess cmd: ['source compile.sh /home/bohrok/Documents/DM/output/orbs/mug/9/work'], stdout: b''	(at ex_script.py:45) 
2019-03-02 02:05:40,766 [D] ┌:F:n:WD_2:mug.c:39	(at logger.py:129) 
2019-03-02 02:05:40,766 [D] └:F:n:WD_2:mug.c:38	(at logger.py:129) 
2019-03-02 02:05:40,802 [D] ┌:C:c:WD_3:mug.c:39	(at logger.py:129) 
2019-03-02 02:05:40,802 [D] |:C:c:WD_3:mug.c:38	(at logger.py:129) 
2019-03-02 02:05:40,802 [D] └:C:c:WD_3:mug.c:37	(at logger.py:129) 
2019-03-02 02:05:40,838 [D] -:C:c:WD_1:mug.c:38	(at logger.py:129) 
2019-03-02 02:05:40,851 [D] subprocess cmd: ['source compile.sh /home/bohrok/Documents/DM/output/orbs/mug/9/work'], stdout: b''	(at ex_script.py:45) 
2019-03-02 02:05:40,851 [D] ┌:F:n:WD_2:mug.c:38	(at logger.py:129) 
2019-03-02 02:05:40,851 [D] └:F:n:WD_2:mug.c:37	(at logger.py:129) 
2019-03-02 02:05:40,851 [D] ┌:C:c:WD_3:mug.c:38	(at logger.py:129) 
2019-03-02 02:05:40,851 [D] |:C:c:WD_3:mug.c:37	(at logger.py:129) 
2019-03-02 02:05:40,852 [D] └:C:c:WD_3:mug.c:35	(at logger.py:129) 
2019-03-02 02:05:40,863 [D] subprocess cmd: ['source compile.sh /home/bohrok/Documents/DM/output/orbs/mug/9/work'], stdout: b''	(at ex_script.py:45) 
2019-03-02 02:05:40,863 [D] -:F:n:WD_1:mug.c:37	(at logger.py:129) 
2019-03-02 02:05:40,896 [D] ┌:C:c:WD_2:mug.c:37	(at logger.py:129) 
2019-03-02 02:05:40,896 [D] └:C:c:WD_2:mug.c:35	(at logger.py:129) 
2019-03-02 02:05:40,926 [D] ┌:C:c:WD_3:mug.c:37	(at logger.py:129) 
2019-03-02 02:05:40,926 [D] |:C:c:WD_3:mug.c:35	(at logger.py:129) 
2019-03-02 02:05:40,926 [D] └:C:c:WD_3:mug.c:34	(at logger.py:129) 
2019-03-02 02:05:40,926 [D]  : : :pass:mug.c:36	(at logger.py:129) 
2019-03-02 02:05:40,937 [D] subprocess cmd: ['source compile.sh /home/bohrok/Documents/DM/output/orbs/mug/9/work'], stdout: b''	(at ex_script.py:45) 
2019-03-02 02:05:40,937 [D] -:F:n:WD_1:mug.c:35	(at logger.py:129) 
2019-03-02 02:05:40,947 [D] subprocess cmd: ['source compile.sh /home/bohrok/Documents/DM/output/orbs/mug/9/work'], stdout: b''	(at ex_script.py:45) 
2019-03-02 02:05:40,947 [D] ┌:F:n:WD_2:mug.c:35	(at logger.py:129) 
2019-03-02 02:05:40,947 [D] └:F:n:WD_2:mug.c:34	(at logger.py:129) 
2019-03-02 02:05:40,947 [D] ┌:C:c:WD_3:mug.c:35	(at logger.py:129) 
2019-03-02 02:05:40,947 [D] |:C:c:WD_3:mug.c:34	(at logger.py:129) 
2019-03-02 02:05:40,947 [D] └:C:c:WD_3:mug.c:33	(at logger.py:129) 
2019-03-02 02:05:40,980 [D] -:C:c:WD_1:mug.c:34	(at logger.py:129) 
2019-03-02 02:05:40,994 [D] subprocess cmd: ['source compile.sh /home/bohrok/Documents/DM/output/orbs/mug/9/work'], stdout: b''	(at ex_script.py:45) 
2019-03-02 02:05:40,994 [D] ┌:F:n:WD_2:mug.c:34	(at logger.py:129) 
2019-03-02 02:05:40,994 [D] └:F:n:WD_2:mug.c:33	(at logger.py:129) 
2019-03-02 02:05:41,006 [D] subprocess cmd: ['source compile.sh /home/bohrok/Documents/DM/output/orbs/mug/9/work'], stdout: b''	(at ex_script.py:45) 
2019-03-02 02:05:41,007 [D] ┌:F:n:WD_3:mug.c:34	(at logger.py:129) 
2019-03-02 02:05:41,007 [D] |:F:n:WD_3:mug.c:33	(at logger.py:129) 
2019-03-02 02:05:41,007 [D] └:F:n:WD_3:mug.c:32	(at logger.py:129) 
2019-03-02 02:05:41,018 [D] subprocess cmd: ['source compile.sh /home/bohrok/Documents/DM/output/orbs/mug/9/work'], stdout: b''	(at ex_script.py:45) 
2019-03-02 02:05:41,019 [D] -:F:n:WD_1:mug.c:33	(at logger.py:129) 
2019-03-02 02:05:41,029 [D] subprocess cmd: ['source compile.sh /home/bohrok/Documents/DM/output/orbs/mug/9/work'], stdout: b''	(at ex_script.py:45) 
2019-03-02 02:05:41,030 [D] ┌:F:n:WD_2:mug.c:33	(at logger.py:129) 
2019-03-02 02:05:41,030 [D] └:F:n:WD_2:mug.c:32	(at logger.py:129) 
2019-03-02 02:05:41,043 [D] subprocess cmd: ['source compile.sh /home/bohrok/Documents/DM/output/orbs/mug/9/work'], stdout: b''	(at ex_script.py:45) 
2019-03-02 02:05:41,043 [D] ┌:F:n:WD_3:mug.c:33	(at logger.py:129) 
2019-03-02 02:05:41,043 [D] |:F:n:WD_3:mug.c:32	(at logger.py:129) 
2019-03-02 02:05:41,043 [D] └:F:n:WD_3:mug.c:31	(at logger.py:129) 
2019-03-02 02:05:41,079 [D] -:C:c:WD_1:mug.c:32	(at logger.py:129) 
2019-03-02 02:05:41,091 [D] subprocess cmd: ['source compile.sh /home/bohrok/Documents/DM/output/orbs/mug/9/work'], stdout: b''	(at ex_script.py:45) 
2019-03-02 02:05:41,092 [D] ┌:F:n:WD_2:mug.c:32	(at logger.py:129) 
2019-03-02 02:05:41,092 [D] └:F:n:WD_2:mug.c:31	(at logger.py:129) 
2019-03-02 02:05:41,103 [D] subprocess cmd: ['source compile.sh /home/bohrok/Documents/DM/output/orbs/mug/9/work'], stdout: b''	(at ex_script.py:45) 
2019-03-02 02:05:41,103 [D] ┌:F:n:WD_3:mug.c:32	(at logger.py:129) 
2019-03-02 02:05:41,103 [D] |:F:n:WD_3:mug.c:31	(at logger.py:129) 
2019-03-02 02:05:41,103 [D] └:F:n:WD_3:mug.c:30	(at logger.py:129) 
2019-03-02 02:05:41,114 [D] subprocess cmd: ['source compile.sh /home/bohrok/Documents/DM/output/orbs/mug/9/work'], stdout: b''	(at ex_script.py:45) 
2019-03-02 02:05:41,114 [D] -:F:n:WD_1:mug.c:31	(at logger.py:129) 
2019-03-02 02:05:41,126 [D] subprocess cmd: ['source compile.sh /home/bohrok/Documents/DM/output/orbs/mug/9/work'], stdout: b''	(at ex_script.py:45) 
2019-03-02 02:05:41,126 [D] ┌:F:n:WD_2:mug.c:31	(at logger.py:129) 
2019-03-02 02:05:41,126 [D] └:F:n:WD_2:mug.c:30	(at logger.py:129) 
2019-03-02 02:05:41,157 [D] subprocess cmd: ['source compile.sh /home/bohrok/Documents/DM/output/orbs/mug/9/work'], stdout: b''	(at ex_script.py:45) 
2019-03-02 02:05:41,157 [D] ┌:F:n:WD_3:mug.c:31	(at logger.py:129) 
2019-03-02 02:05:41,157 [D] |:F:n:WD_3:mug.c:30	(at logger.py:129) 
2019-03-02 02:05:41,158 [D] └:F:n:WD_3:mug.c:29	(at logger.py:129) 
2019-03-02 02:05:41,168 [D] subprocess cmd: ['source compile.sh /home/bohrok/Documents/DM/output/orbs/mug/9/work'], stdout: b''	(at ex_script.py:45) 
2019-03-02 02:05:41,169 [D] -:F:n:WD_1:mug.c:30	(at logger.py:129) 
2019-03-02 02:05:41,179 [D] subprocess cmd: ['source compile.sh /home/bohrok/Documents/DM/output/orbs/mug/9/work'], stdout: b''	(at ex_script.py:45) 
2019-03-02 02:05:41,179 [D] ┌:F:n:WD_2:mug.c:30	(at logger.py:129) 
2019-03-02 02:05:41,180 [D] └:F:n:WD_2:mug.c:29	(at logger.py:129) 
2019-03-02 02:05:41,192 [D] subprocess cmd: ['source compile.sh /home/bohrok/Documents/DM/output/orbs/mug/9/work'], stdout: b''	(at ex_script.py:45) 
2019-03-02 02:05:41,193 [D] ┌:F:n:WD_3:mug.c:30	(at logger.py:129) 
2019-03-02 02:05:41,193 [D] |:F:n:WD_3:mug.c:29	(at logger.py:129) 
2019-03-02 02:05:41,193 [D] └:F:n:WD_3:mug.c:27	(at logger.py:129) 
2019-03-02 02:05:41,205 [D] subprocess cmd: ['source compile.sh /home/bohrok/Documents/DM/output/orbs/mug/9/work'], stdout: b''	(at ex_script.py:45) 
2019-03-02 02:05:41,205 [D] -:F:n:WD_1:mug.c:29	(at logger.py:129) 
2019-03-02 02:05:41,215 [D] subprocess cmd: ['source compile.sh /home/bohrok/Documents/DM/output/orbs/mug/9/work'], stdout: b''	(at ex_script.py:45) 
2019-03-02 02:05:41,216 [D] ┌:F:n:WD_2:mug.c:29	(at logger.py:129) 
2019-03-02 02:05:41,216 [D] └:F:n:WD_2:mug.c:27	(at logger.py:129) 
2019-03-02 02:05:41,227 [D] subprocess cmd: ['source compile.sh /home/bohrok/Documents/DM/output/orbs/mug/9/work'], stdout: b''	(at ex_script.py:45) 
2019-03-02 02:05:41,228 [D] ┌:F:n:WD_3:mug.c:29	(at logger.py:129) 
2019-03-02 02:05:41,228 [D] |:F:n:WD_3:mug.c:27	(at logger.py:129) 
2019-03-02 02:05:41,228 [D] └:F:n:WD_3:mug.c:25	(at logger.py:129) 
2019-03-02 02:05:41,228 [D]  : : :pass:mug.c:28	(at logger.py:129) 
2019-03-02 02:05:41,240 [D] subprocess cmd: ['source compile.sh /home/bohrok/Documents/DM/output/orbs/mug/9/work'], stdout: b''	(at ex_script.py:45) 
2019-03-02 02:05:41,240 [D] -:F:n:WD_1:mug.c:27	(at logger.py:129) 
2019-03-02 02:05:41,251 [D] subprocess cmd: ['source compile.sh /home/bohrok/Documents/DM/output/orbs/mug/9/work'], stdout: b''	(at ex_script.py:45) 
2019-03-02 02:05:41,251 [D] ┌:F:n:WD_2:mug.c:27	(at logger.py:129) 
2019-03-02 02:05:41,251 [D] └:F:n:WD_2:mug.c:25	(at logger.py:129) 
2019-03-02 02:05:41,263 [D] subprocess cmd: ['source compile.sh /home/bohrok/Documents/DM/output/orbs/mug/9/work'], stdout: b''	(at ex_script.py:45) 
2019-03-02 02:05:41,263 [D] ┌:F:n:WD_3:mug.c:27	(at logger.py:129) 
2019-03-02 02:05:41,263 [D] |:F:n:WD_3:mug.c:25	(at logger.py:129) 
2019-03-02 02:05:41,263 [D] └:F:n:WD_3:mug.c:24	(at logger.py:129) 
2019-03-02 02:05:41,263 [D]  : : :pass:mug.c:26	(at logger.py:129) 
2019-03-02 02:05:41,296 [D] -:C:c:WD_1:mug.c:25	(at logger.py:129) 
2019-03-02 02:05:41,328 [D] ┌:C:c:WD_2:mug.c:25	(at logger.py:129) 
2019-03-02 02:05:41,328 [D] └:C:c:WD_2:mug.c:24	(at logger.py:129) 
2019-03-02 02:05:41,339 [D] subprocess cmd: ['source compile.sh /home/bohrok/Documents/DM/output/orbs/mug/9/work'], stdout: b''	(at ex_script.py:45) 
2019-03-02 02:05:41,339 [D] ┌:F:n:WD_3:mug.c:25	(at logger.py:129) 
2019-03-02 02:05:41,339 [D] |:F:n:WD_3:mug.c:24	(at logger.py:129) 
2019-03-02 02:05:41,339 [D] └:F:n:WD_3:mug.c:18	(at logger.py:129) 
2019-03-02 02:05:41,339 [D] -:C:c:WD_1:mug.c:24	(at logger.py:129) 
2019-03-02 02:05:41,349 [D] subprocess cmd: ['source compile.sh /home/bohrok/Documents/DM/output/orbs/mug/9/work'], stdout: b''	(at ex_script.py:45) 
2019-03-02 02:05:41,349 [D] ┌:F:n:WD_2:mug.c:24	(at logger.py:129) 
2019-03-02 02:05:41,349 [D] └:F:n:WD_2:mug.c:18	(at logger.py:129) 
2019-03-02 02:05:41,362 [D] subprocess cmd: ['source compile.sh /home/bohrok/Documents/DM/output/orbs/mug/9/work'], stdout: b''	(at ex_script.py:45) 
2019-03-02 02:05:41,362 [D] ┌:F:n:WD_3:mug.c:24	(at logger.py:129) 
2019-03-02 02:05:41,362 [D] |:F:n:WD_3:mug.c:18	(at logger.py:129) 
2019-03-02 02:05:41,362 [D] └:F:n:WD_3:mug.c:17	(at logger.py:129) 
2019-03-02 02:05:41,362 [D]  : : :pass:mug.c:23	(at logger.py:129) 
2019-03-02 02:05:41,362 [D]  : : :pass:mug.c:22	(at logger.py:129) 
2019-03-02 02:05:41,362 [D]  : : :pass:mug.c:21	(at logger.py:129) 
2019-03-02 02:05:41,362 [D]  : : :pass:mug.c:20	(at logger.py:129) 
2019-03-02 02:05:41,362 [D]  : : :pass:mug.c:19	(at logger.py:129) 
2019-03-02 02:05:41,362 [D] -:F:n:WD_1:mug.c:18	(at logger.py:129) 
2019-03-02 02:05:41,362 [D] ┌:F:n:WD_2:mug.c:18	(at logger.py:129) 
2019-03-02 02:05:41,362 [D] └:F:n:WD_2:mug.c:17	(at logger.py:129) 
2019-03-02 02:05:41,363 [D] ┌:F:n:WD_3:mug.c:18	(at logger.py:129) 
2019-03-02 02:05:41,363 [D] |:F:n:WD_3:mug.c:17	(at logger.py:129) 
2019-03-02 02:05:41,363 [D] └:F:n:WD_3:mug.c:14	(at logger.py:129) 
2019-03-02 02:05:41,363 [D] -:C:c:WD_1:mug.c:17	(at logger.py:129) 
2019-03-02 02:05:41,363 [D] ┌:C:c:WD_2:mug.c:17	(at logger.py:129) 
2019-03-02 02:05:41,363 [D] └:C:c:WD_2:mug.c:14	(at logger.py:129) 
2019-03-02 02:05:41,363 [D] ┌:F:n:WD_3:mug.c:17	(at logger.py:129) 
2019-03-02 02:05:41,363 [D] |:F:n:WD_3:mug.c:14	(at logger.py:129) 
2019-03-02 02:05:41,363 [D] └:F:n:WD_3:mug.c:11	(at logger.py:129) 
2019-03-02 02:05:41,363 [D]  : : :pass:mug.c:16	(at logger.py:129) 
2019-03-02 02:05:41,363 [D]  : : :pass:mug.c:15	(at logger.py:129) 
2019-03-02 02:05:41,363 [D] -:C:c:WD_1:mug.c:14	(at logger.py:129) 
2019-03-02 02:05:41,363 [D] ┌:F:n:WD_2:mug.c:14	(at logger.py:129) 
2019-03-02 02:05:41,363 [D] └:F:n:WD_2:mug.c:11	(at logger.py:129) 
2019-03-02 02:05:41,364 [D] ┌:F:n:WD_3:mug.c:14	(at logger.py:129) 
2019-03-02 02:05:41,364 [D] |:F:n:WD_3:mug.c:11	(at logger.py:129) 
2019-03-02 02:05:41,364 [D] └:F:n:WD_3:mug.c:10	(at logger.py:129) 
2019-03-02 02:05:41,364 [D]  : : :pass:mug.c:13	(at logger.py:129) 
2019-03-02 02:05:41,364 [D]  : : :pass:mug.c:12	(at logger.py:129) 
2019-03-02 02:05:41,364 [D] -:F:n:WD_1:mug.c:11	(at logger.py:129) 
2019-03-02 02:05:41,364 [D] ┌:F:n:WD_2:mug.c:11	(at logger.py:129) 
2019-03-02 02:05:41,364 [D] └:F:n:WD_2:mug.c:10	(at logger.py:129) 
2019-03-02 02:05:41,364 [D] ┌:F:n:WD_3:mug.c:11	(at logger.py:129) 
2019-03-02 02:05:41,364 [D] |:F:n:WD_3:mug.c:10	(at logger.py:129) 
2019-03-02 02:05:41,364 [D] └:F:n:WD_3:mug.c:9	(at logger.py:129) 
2019-03-02 02:05:41,365 [D] -:F:n:WD_1:mug.c:10	(at logger.py:129) 
2019-03-02 02:05:41,365 [D] ┌:F:n:WD_2:mug.c:10	(at logger.py:129) 
2019-03-02 02:05:41,365 [D] └:F:n:WD_2:mug.c:9	(at logger.py:129) 
2019-03-02 02:05:41,365 [D] ┌:F:n:WD_3:mug.c:10	(at logger.py:129) 
2019-03-02 02:05:41,365 [D] |:F:n:WD_3:mug.c:9	(at logger.py:129) 
2019-03-02 02:05:41,365 [D] └:F:n:WD_3:mug.c:4	(at logger.py:129) 
2019-03-02 02:05:41,366 [D] -:F:n:WD_1:mug.c:9	(at logger.py:129) 
2019-03-02 02:05:41,366 [D] ┌:F:n:WD_2:mug.c:9	(at logger.py:129) 
2019-03-02 02:05:41,366 [D] └:F:n:WD_2:mug.c:4	(at logger.py:129) 
2019-03-02 02:05:41,366 [D] ┌:F:n:WD_3:mug.c:9	(at logger.py:129) 
2019-03-02 02:05:41,366 [D] |:F:n:WD_3:mug.c:4	(at logger.py:129) 
2019-03-02 02:05:41,366 [D] └:F:n:WD_3:mug.c:3	(at logger.py:129) 
2019-03-02 02:05:41,366 [D]  : : :pass:mug.c:8	(at logger.py:129) 
2019-03-02 02:05:41,366 [D]  : : :pass:mug.c:7	(at logger.py:129) 
2019-03-02 02:05:41,366 [D]  : : :pass:mug.c:6	(at logger.py:129) 
2019-03-02 02:05:41,366 [D]  : : :pass:mug.c:5	(at logger.py:129) 
2019-03-02 02:05:41,366 [D] -:F:n:WD_1:mug.c:4	(at logger.py:129) 
2019-03-02 02:05:41,366 [D] ┌:F:n:WD_2:mug.c:4	(at logger.py:129) 
2019-03-02 02:05:41,367 [D] └:F:n:WD_2:mug.c:3	(at logger.py:129) 
2019-03-02 02:05:41,367 [D] ┌:F:n:WD_3:mug.c:4	(at logger.py:129) 
2019-03-02 02:05:41,367 [D] └:F:n:WD_3:mug.c:3	(at logger.py:129) 
2019-03-02 02:05:41,367 [D] -:F:n:WD_1:mug.c:3	(at logger.py:129) 
2019-03-02 02:05:41,367 [D] -:F:n:WD_2:mug.c:3	(at logger.py:129) 
2019-03-02 02:05:41,367 [D] -:F:n:WD_3:mug.c:3	(at logger.py:129) 
2019-03-02 02:05:41,367 [D]  : : :pass:mug.c:2	(at logger.py:129) 
2019-03-02 02:05:41,368 [D]  : : :pass:mug.c:1	(at logger.py:129) 
2019-03-02 02:05:41,368 [D] comp_cached_cnt:27	(at logger.py:134) 
2019-03-02 02:05:41,368 [D] compile_cnt:51	(at logger.py:134) 
2019-03-02 02:05:41,368 [D] execute_cnt:1	(at logger.py:134) 
2019-03-02 02:05:41,368 [D] fail_del_cnt:15	(at logger.py:134) 
2019-03-02 02:05:41,368 [D] iter_idx:3	(at logger.py:134) 
2019-03-02 02:05:41,368 [D] reuse_cnt:14	(at logger.py:134) 
2019-03-02 02:05:41,368 [D] succ_del_cnt:0	(at logger.py:134) 
2019-03-02 02:05:41,368 [D] time:0.8676266670227051	(at logger.py:134) 
2019-03-02 02:05:41,368 [D] deletion:37	(at logger.py:136) 
2019-03-02 02:05:41,368 [I] Iteration 3 finished	(at orbs.py:87) 
2019-03-02 02:05:41,368 [D] total_lines:63	(at logger.py:74) 
2019-03-02 02:05:41,369 [D] iteration_cnt:3	(at logger.py:75) 
2019-03-02 02:05:41,369 [D] comp_cached_cnt:32	(at logger.py:79) 
2019-03-02 02:05:41,369 [D] compile_cnt:278	(at logger.py:79) 
2019-03-02 02:05:41,369 [D] execute_cnt:39	(at logger.py:79) 
2019-03-02 02:05:41,369 [D] fail_del_cnt:46	(at logger.py:79) 
2019-03-02 02:05:41,369 [D] reuse_cnt:34	(at logger.py:79) 
2019-03-02 02:05:41,369 [D] succ_del_cnt:27	(at logger.py:79) 
2019-03-02 02:05:41,369 [D] time:7.971079349517822	(at logger.py:80) 
2019-03-02 02:05:41,370 [D] deletion:37	(at logger.py:82) 
2019-03-02 02:05:41,370 [I] ORBS fin.	(at orbs.py:91) 
2019-03-02 02:05:41,370 [I] ===== END - RUN ==============================================	(at main.py:95) 
2019-03-02 02:05:41,370 [I] 	(at main.py:96) 
