2019-03-02 01:39:54,214 [I] Initial factor queue size: 185	(at doe_manager.py:29) 
2019-03-02 01:39:54,214 [I] Start iteration.	(at main.py:56) 
2019-03-02 01:39:54,215 [I] Iter idx: 0, Qsize: 184	(at main.py:59) 
2019-03-02 01:39:54,215 [I] Curr factor: [0, 0, 0, 0, 0, 0, 0, 0, 0, 0, 0, 0, 0, 0, 0, 0, 0, 0, 0, 0, 0]	(at main.py:61) 
2019-03-02 01:39:54,375 [I] Response: [True, True, True, True, True, True, True, True, True, True, True, True, True, True, True, True, True, True, True]	(at main.py:64) 
2019-03-02 01:39:54,375 [I] Iter idx: 1, Qsize: 183	(at main.py:59) 
2019-03-02 01:39:54,375 [I] Curr factor: [0, 0, 0, 0, 0, 0, 0, 0, 0, 0, 0, 0, 0, 0, 0, 0, 0, 0, 0, 1, 0]	(at main.py:61) 
2019-03-02 01:39:54,549 [I] Response: [True, True, True, True, True, True, True, True, True, True, True, True, True, True, True, True, True, True, True]	(at main.py:64) 
2019-03-02 01:39:54,550 [I] Iter idx: 2, Qsize: 182	(at main.py:59) 
2019-03-02 01:39:54,550 [I] Curr factor: [0, 0, 0, 0, 0, 0, 0, 1, 1, 0, 0, 0, 0, 0, 0, 0, 0, 0, 0, 0, 0]	(at main.py:61) 
2019-03-02 01:39:54,713 [I] Response: [True, True, True, True, True, True, True, True, True, False, False, True, True, True, True, True, True, True, True]	(at main.py:64) 
2019-03-02 01:39:54,714 [I] Iter idx: 3, Qsize: 181	(at main.py:59) 
2019-03-02 01:39:54,714 [I] Curr factor: [0, 0, 0, 0, 1, 1, 1, 1, 1, 1, 1, 1, 1, 1, 1, 1, 1, 0, 0, 0, 0]	(at main.py:61) 
2019-03-02 01:39:54,877 [I] Response: [True, True, True, True, True, False, False, False, False, False, False, False, False, False, False, False, False, False, False]	(at main.py:64) 
2019-03-02 01:39:54,878 [I] Iter idx: 4, Qsize: 180	(at main.py:59) 
2019-03-02 01:39:54,878 [I] Curr factor: [1, 0, 0, 0, 0, 0, 0, 0, 0, 0, 0, 0, 0, 0, 0, 0, 0, 0, 0, 0, 0]	(at main.py:61) 
2019-03-02 01:39:55,052 [I] Response: [True, True, False, True, True, True, False, False, True, True, True, True, True, True, True, True, True, True, True]	(at main.py:64) 
2019-03-02 01:39:55,053 [I] Iter idx: 5, Qsize: 179	(at main.py:59) 
2019-03-02 01:39:55,053 [I] Curr factor: [0, 1, 0, 0, 0, 0, 0, 0, 0, 0, 0, 0, 0, 0, 0, 0, 0, 0, 0, 0, 0]	(at main.py:61) 
2019-03-02 01:39:55,224 [I] Response: [True, True, True, False, True, True, True, True, True, True, True, True, False, False, False, False, True, True, True]	(at main.py:64) 
2019-03-02 01:39:55,224 [I] Iter idx: 6, Qsize: 178	(at main.py:59) 
2019-03-02 01:39:55,224 [I] Curr factor: [0, 0, 0, 1, 1, 1, 1, 1, 1, 1, 1, 1, 1, 1, 1, 1, 1, 0, 0, 0, 0]	(at main.py:61) 
2019-03-02 01:39:55,382 [I] Response: [True, True, True, True, True, False, False, False, False, False, False, False, False, False, False, False, False, False, False]	(at main.py:64) 
2019-03-02 01:39:55,382 [I] Iter idx: 7, Qsize: 177	(at main.py:59) 
2019-03-02 01:39:55,382 [I] Curr factor: [0, 0, 0, 0, 0, 0, 0, 0, 0, 0, 0, 0, 0, 0, 0, 0, 0, 0, 0, 0, 1]	(at main.py:61) 
2019-03-02 01:39:55,549 [I] Response: [True, True, True, True, True, True, True, True, True, True, True, True, False, False, False, False, False, True, True]	(at main.py:64) 
2019-03-02 01:39:55,549 [I] Iter idx: 8, Qsize: 176	(at main.py:59) 
2019-03-02 01:39:55,550 [I] Curr factor: [0, 0, 0, 0, 0, 0, 0, 0, 0, 0, 0, 0, 0, 0, 0, 0, 1, 0, 0, 0, 0]	(at main.py:61) 
2019-03-02 01:39:55,708 [I] Response: [True, True, True, True, True, True, True, True, True, True, True, True, False, False, False, False, False, True, True]	(at main.py:64) 
2019-03-02 01:39:55,708 [I] Iter idx: 9, Qsize: 175	(at main.py:59) 
2019-03-02 01:39:55,708 [I] Curr factor: [0, 0, 0, 0, 0, 0, 0, 0, 0, 0, 0, 0, 0, 0, 0, 0, 0, 1, 0, 0, 0]	(at main.py:61) 
2019-03-02 01:39:55,876 [I] Response: [True, True, True, True, True, True, True, True, True, True, True, True, True, True, True, True, True, True, True]	(at main.py:64) 
2019-03-02 01:39:55,877 [I] Iter idx: 10, Qsize: 174	(at main.py:59) 
2019-03-02 01:39:55,877 [I] Curr factor: [0, 0, 0, 0, 0, 0, 0, 0, 0, 0, 0, 0, 1, 1, 1, 0, 0, 0, 0, 0, 0]	(at main.py:61) 
2019-03-02 01:39:56,040 [I] Response: [True, True, True, True, True, True, True, True, True, True, True, True, False, False, False, False, True, True, True]	(at main.py:64) 
2019-03-02 01:39:56,040 [I] Iter idx: 11, Qsize: 173	(at main.py:59) 
2019-03-02 01:39:56,040 [I] Curr factor: [0, 0, 0, 0, 0, 1, 0, 0, 0, 0, 0, 0, 0, 0, 0, 0, 0, 0, 0, 0, 0]	(at main.py:61) 
2019-03-02 01:39:56,205 [I] Response: [True, True, True, True, True, True, False, False, True, False, False, True, True, True, True, True, True, True, True]	(at main.py:64) 
2019-03-02 01:39:56,206 [I] Iter idx: 12, Qsize: 172	(at main.py:59) 
2019-03-02 01:39:56,206 [I] Curr factor: [0, 0, 0, 0, 0, 0, 0, 0, 0, 1, 1, 1, 1, 1, 1, 1, 1, 0, 0, 0, 0]	(at main.py:61) 
2019-03-02 01:39:56,357 [I] Response: [True, True, True, True, True, True, True, True, True, True, True, True, False, False, False, False, False, False, False]	(at main.py:64) 
2019-03-02 01:39:56,357 [I] Iter idx: 13, Qsize: 171	(at main.py:59) 
2019-03-02 01:39:56,357 [I] Curr factor: [0, 0, 0, 0, 0, 0, 0, 0, 0, 0, 0, 0, 0, 0, 1, 0, 0, 0, 0, 0, 0]	(at main.py:61) 
2019-03-02 01:39:56,507 [I] Response: [True, True, True, True, True, True, True, True, True, True, True, True, False, False, False, False, True, True, True]	(at main.py:64) 
2019-03-02 01:39:56,507 [I] Iter idx: 14, Qsize: 170	(at main.py:59) 
2019-03-02 01:39:56,507 [I] Curr factor: [0, 0, 0, 0, 0, 0, 0, 0, 0, 0, 0, 1, 1, 1, 1, 0, 0, 0, 0, 0, 0]	(at main.py:61) 
2019-03-02 01:39:56,669 [I] Response: [True, True, True, True, True, True, True, True, True, True, True, True, False, False, False, False, True, True, True]	(at main.py:64) 
2019-03-02 01:39:56,670 [I] Iter idx: 15, Qsize: 169	(at main.py:59) 
2019-03-02 01:39:56,670 [I] Curr factor: [0, 0, 0, 0, 0, 0, 1, 1, 1, 0, 0, 0, 0, 0, 0, 0, 0, 0, 0, 0, 0]	(at main.py:61) 
2019-03-02 01:39:56,855 [I] Response: [True, True, True, True, True, True, True, True, True, False, False, True, True, True, True, True, True, True, True]	(at main.py:64) 
2019-03-02 01:39:56,855 [I] Iter idx: 16, Qsize: 168	(at main.py:59) 
2019-03-02 01:39:56,855 [I] Curr factor: [0, 0, 1, 0, 0, 0, 0, 0, 0, 0, 0, 0, 0, 0, 0, 0, 0, 0, 0, 0, 0]	(at main.py:61) 
2019-03-02 01:39:57,065 [I] Response: [True, True, True, True, False, True, True, True, True, True, True, True, True, False, False, True, True, True, True]	(at main.py:64) 
2019-03-02 01:39:57,066 [I] Iter idx: 17, Qsize: 167	(at main.py:59) 
2019-03-02 01:39:57,066 [I] Curr factor: [0, 0, 0, 0, 0, 0, 0, 0, 0, 0, 0, 0, 0, 1, 0, 0, 0, 0, 0, 0, 0]	(at main.py:61) 
2019-03-02 01:39:57,348 [I] Response: [True, True, True, True, True, True, True, True, True, True, True, True, True, False, False, True, True, True, True]	(at main.py:64) 
2019-03-02 01:39:57,348 [I] Iter idx: 18, Qsize: 166	(at main.py:59) 
2019-03-02 01:39:57,348 [I] Curr factor: [0, 0, 0, 0, 0, 0, 0, 0, 0, 0, 0, 0, 0, 0, 0, 1, 1, 0, 0, 0, 0]	(at main.py:61) 
2019-03-02 01:39:57,563 [I] Response: [True, True, True, True, True, True, True, True, True, True, True, True, False, False, False, False, False, True, True]	(at main.py:64) 
2019-03-02 01:39:57,563 [I] Iter idx: 19, Qsize: 165	(at main.py:59) 
2019-03-02 01:39:57,564 [I] Curr factor: [0, 0, 0, 0, 0, 0, 0, 0, 0, 0, 0, 0, 0, 0, 0, 0, 0, 0, 1, 1, 1]	(at main.py:61) 
2019-03-02 01:39:57,792 [I] Response: [True, True, True, True, True, True, True, True, True, True, True, True, False, False, False, False, False, True, True]	(at main.py:64) 
2019-03-02 01:39:57,792 [I] Iter idx: 20, Qsize: 164	(at main.py:59) 
2019-03-02 01:39:57,792 [I] Curr factor: [0, 0, 0, 0, 0, 0, 0, 0, 0, 0, 1, 1, 1, 1, 1, 0, 0, 0, 0, 0, 0]	(at main.py:61) 
2019-03-02 01:39:57,943 [I] Response: [True, True, True, True, True, True, True, True, True, True, True, True, False, False, False, False, True, True, True]	(at main.py:64) 
2019-03-02 01:39:57,943 [I] Iter idx: 21, Qsize: 163	(at main.py:59) 
2019-03-02 01:39:57,943 [I] Curr factor: [0, 0, 0, 0, 0, 0, 0, 0, 1, 0, 0, 0, 0, 0, 0, 0, 0, 0, 0, 0, 0]	(at main.py:61) 
2019-03-02 01:39:58,079 [I] Response: [True, True, True, True, True, True, True, True, True, False, False, True, True, True, True, True, True, True, True]	(at main.py:64) 
2019-03-02 01:39:58,079 [I] Iter idx: 22, Qsize: 162	(at main.py:59) 
2019-03-02 01:39:58,079 [I] Curr factor: [0, 0, 0, 0, 0, 1, 0, 0, 0, 0, 0, 0, 0, 0, 0, 0, 0, 0, 0, 1, 0]	(at main.py:61) 
2019-03-02 01:39:58,499 [I] Response: [True, True, True, True, True, True, False, False, True, False, False, True, True, True, True, True, True, True, True]	(at main.py:64) 
2019-03-02 01:39:58,499 [I] Iter idx: 23, Qsize: 161	(at main.py:59) 
2019-03-02 01:39:58,500 [I] Curr factor: [0, 0, 0, 0, 0, 0, 0, 0, 1, 0, 0, 0, 0, 0, 0, 0, 0, 0, 0, 0, 1]	(at main.py:61) 
2019-03-02 01:39:58,723 [I] Response: [True, True, True, True, True, True, True, True, True, False, False, True, False, False, False, False, False, True, True]	(at main.py:64) 
2019-03-02 01:39:58,724 [I] Iter idx: 24, Qsize: 160	(at main.py:59) 
2019-03-02 01:39:58,724 [I] Curr factor: [0, 0, 0, 0, 0, 0, 0, 0, 0, 0, 0, 0, 0, 0, 1, 0, 0, 0, 0, 1, 0]	(at main.py:61) 
2019-03-02 01:39:58,931 [I] Response: [True, True, True, True, True, True, True, True, True, True, True, True, False, False, False, False, True, True, True]	(at main.py:64) 
2019-03-02 01:39:58,931 [I] Iter idx: 25, Qsize: 159	(at main.py:59) 
2019-03-02 01:39:58,931 [I] Curr factor: [1, 0, 0, 0, 0, 0, 0, 0, 0, 0, 0, 0, 1, 1, 1, 0, 0, 0, 0, 0, 0]	(at main.py:61) 
2019-03-02 01:39:59,144 [I] Response: [True, True, False, True, True, True, False, False, True, True, True, True, False, False, False, False, True, True, True]	(at main.py:64) 
2019-03-02 01:39:59,145 [I] Iter idx: 26, Qsize: 158	(at main.py:59) 
2019-03-02 01:39:59,145 [I] Curr factor: [0, 0, 0, 0, 0, 0, 0, 0, 0, 0, 0, 0, 0, 1, 0, 1, 1, 0, 0, 0, 0]	(at main.py:61) 
2019-03-02 01:39:59,319 [I] Response: [True, True, True, True, True, True, True, True, True, True, True, True, False, False, False, False, False, True, True]	(at main.py:64) 
2019-03-02 01:39:59,319 [I] Iter idx: 27, Qsize: 157	(at main.py:59) 
2019-03-02 01:39:59,319 [I] Curr factor: [0, 0, 0, 0, 0, 0, 0, 0, 0, 0, 0, 0, 0, 0, 1, 0, 0, 0, 1, 1, 1]	(at main.py:61) 
2019-03-02 01:39:59,496 [I] Response: [True, True, True, True, True, True, True, True, True, True, True, True, False, False, False, False, False, True, True]	(at main.py:64) 
2019-03-02 01:39:59,496 [I] Iter idx: 28, Qsize: 156	(at main.py:59) 
2019-03-02 01:39:59,496 [I] Curr factor: [0, 1, 0, 0, 0, 1, 0, 0, 0, 0, 0, 0, 0, 0, 0, 0, 0, 0, 0, 0, 0]	(at main.py:61) 
2019-03-02 01:39:59,702 [I] Response: [True, True, True, True, True, True, False, False, True, False, False, True, True, True, True, True, True, True, True]	(at main.py:64) 
2019-03-02 01:39:59,702 [I] Iter idx: 29, Qsize: 155	(at main.py:59) 
2019-03-02 01:39:59,702 [I] Curr factor: [0, 0, 0, 0, 0, 0, 0, 0, 0, 1, 1, 1, 1, 1, 1, 1, 1, 0, 1, 1, 1]	(at main.py:61) 
2019-03-02 01:39:59,883 [I] Response: [True, True, True, True, True, True, True, True, True, True, True, True, False, False, False, False, False, False, False]	(at main.py:64) 
2019-03-02 01:39:59,884 [I] Iter idx: 30, Qsize: 154	(at main.py:59) 
2019-03-02 01:39:59,884 [I] Curr factor: [0, 1, 0, 0, 0, 0, 0, 0, 0, 0, 0, 0, 1, 1, 1, 0, 0, 0, 0, 0, 0]	(at main.py:61) 
2019-03-02 01:40:00,071 [I] Response: [True, True, True, False, True, True, True, True, True, True, True, True, False, False, False, False, True, True, True]	(at main.py:64) 
2019-03-02 01:40:00,071 [I] Iter idx: 31, Qsize: 153	(at main.py:59) 
2019-03-02 01:40:00,072 [I] Curr factor: [0, 0, 1, 0, 0, 0, 0, 1, 1, 0, 0, 0, 0, 0, 0, 0, 0, 0, 0, 0, 0]	(at main.py:61) 
2019-03-02 01:40:00,250 [I] Response: [True, True, True, True, False, True, True, True, True, False, False, True, True, False, False, True, True, True, True]	(at main.py:64) 
2019-03-02 01:40:00,251 [I] Iter idx: 32, Qsize: 152	(at main.py:59) 
2019-03-02 01:40:00,251 [I] Curr factor: [0, 0, 0, 0, 0, 0, 1, 1, 1, 0, 0, 0, 0, 0, 0, 1, 1, 0, 0, 0, 0]	(at main.py:61) 
2019-03-02 01:40:00,436 [I] Response: [True, True, True, True, True, True, True, True, True, False, False, True, False, False, False, False, False, True, True]	(at main.py:64) 
2019-03-02 01:40:00,437 [I] Iter idx: 33, Qsize: 151	(at main.py:59) 
2019-03-02 01:40:00,437 [I] Curr factor: [0, 0, 0, 0, 0, 0, 0, 0, 0, 0, 0, 0, 0, 0, 1, 0, 0, 0, 0, 0, 1]	(at main.py:61) 
2019-03-02 01:40:00,626 [I] Response: [True, True, True, True, True, True, True, True, True, True, True, True, False, False, False, False, False, True, True]	(at main.py:64) 
2019-03-02 01:40:00,627 [I] Iter idx: 34, Qsize: 150	(at main.py:59) 
2019-03-02 01:40:00,627 [I] Curr factor: [0, 0, 0, 0, 0, 0, 0, 0, 0, 0, 0, 0, 0, 0, 1, 1, 1, 0, 0, 0, 0]	(at main.py:61) 
2019-03-02 01:40:00,815 [I] Response: [True, True, True, True, True, True, True, True, True, True, True, True, False, False, False, False, False, True, True]	(at main.py:64) 
2019-03-02 01:40:00,816 [I] Iter idx: 35, Qsize: 149	(at main.py:59) 
2019-03-02 01:40:00,816 [I] Curr factor: [1, 0, 0, 0, 0, 0, 0, 0, 1, 0, 0, 0, 0, 0, 0, 0, 0, 0, 0, 0, 0]	(at main.py:61) 
2019-03-02 01:40:00,988 [I] Response: [True, True, False, True, True, True, False, False, True, False, False, True, True, True, True, True, True, True, True]	(at main.py:64) 
2019-03-02 01:40:00,988 [I] Iter idx: 36, Qsize: 148	(at main.py:59) 
2019-03-02 01:40:00,988 [I] Curr factor: [0, 0, 0, 0, 0, 0, 0, 0, 0, 0, 0, 0, 0, 0, 0, 1, 1, 1, 0, 0, 0]	(at main.py:61) 
2019-03-02 01:40:01,180 [I] Response: [True, True, True, True, True, True, True, True, True, True, True, True, False, False, False, False, False, True, True]	(at main.py:64) 
2019-03-02 01:40:01,181 [I] Iter idx: 37, Qsize: 147	(at main.py:59) 
2019-03-02 01:40:01,181 [I] Curr factor: [0, 0, 0, 0, 0, 0, 0, 0, 0, 0, 0, 1, 1, 1, 1, 0, 0, 0, 1, 1, 1]	(at main.py:61) 
2019-03-02 01:40:01,384 [I] Response: [True, True, True, True, True, True, True, True, True, True, True, True, False, False, False, False, False, True, True]	(at main.py:64) 
2019-03-02 01:40:01,385 [I] Iter idx: 38, Qsize: 146	(at main.py:59) 
2019-03-02 01:40:01,385 [I] Curr factor: [0, 0, 0, 0, 0, 0, 0, 0, 0, 0, 0, 0, 0, 1, 0, 0, 0, 0, 1, 1, 1]	(at main.py:61) 
2019-03-02 01:40:01,583 [I] Response: [True, True, True, True, True, True, True, True, True, True, True, True, False, False, False, False, False, True, True]	(at main.py:64) 
2019-03-02 01:40:01,583 [I] Iter idx: 39, Qsize: 145	(at main.py:59) 
2019-03-02 01:40:01,583 [I] Curr factor: [0, 0, 0, 0, 0, 0, 1, 1, 1, 0, 0, 0, 0, 0, 1, 0, 0, 0, 0, 0, 0]	(at main.py:61) 
2019-03-02 01:40:01,759 [I] Response: [True, True, True, True, True, True, True, True, True, False, False, True, False, False, False, False, True, True, True]	(at main.py:64) 
2019-03-02 01:40:01,760 [I] Iter idx: 40, Qsize: 144	(at main.py:59) 
2019-03-02 01:40:01,760 [I] Curr factor: [0, 0, 1, 0, 0, 0, 1, 1, 1, 0, 0, 0, 0, 0, 0, 0, 0, 0, 0, 0, 0]	(at main.py:61) 
2019-03-02 01:40:01,940 [I] Response: [True, True, True, True, False, True, True, True, True, False, False, True, True, False, False, True, True, True, True]	(at main.py:64) 
2019-03-02 01:40:01,941 [I] Iter idx: 41, Qsize: 143	(at main.py:59) 
2019-03-02 01:40:01,941 [I] Curr factor: [1, 0, 0, 0, 0, 0, 0, 0, 0, 1, 1, 1, 1, 1, 1, 1, 1, 0, 0, 0, 0]	(at main.py:61) 
2019-03-02 01:40:02,102 [I] Response: [True, True, False, True, True, True, False, False, True, True, True, True, False, False, False, False, False, False, False]	(at main.py:64) 
2019-03-02 01:40:02,102 [I] Iter idx: 42, Qsize: 142	(at main.py:59) 
2019-03-02 01:40:02,102 [I] Curr factor: [0, 0, 1, 0, 0, 1, 0, 0, 0, 0, 0, 0, 0, 0, 0, 0, 0, 0, 0, 0, 0]	(at main.py:61) 
2019-03-02 01:40:02,249 [I] Response: [True, True, True, True, False, True, False, False, True, False, False, True, True, False, False, True, True, True, True]	(at main.py:64) 
2019-03-02 01:40:02,250 [I] Iter idx: 43, Qsize: 141	(at main.py:59) 
2019-03-02 01:40:02,250 [I] Curr factor: [0, 0, 0, 0, 0, 1, 0, 0, 0, 0, 0, 0, 0, 0, 0, 0, 0, 0, 0, 0, 1]	(at main.py:61) 
2019-03-02 01:40:02,553 [I] Response: [True, True, True, True, True, True, False, False, True, False, False, True, False, False, False, False, False, True, True]	(at main.py:64) 
2019-03-02 01:40:02,554 [I] Iter idx: 44, Qsize: 140	(at main.py:59) 
2019-03-02 01:40:02,554 [I] Curr factor: [0, 0, 0, 0, 0, 0, 0, 0, 0, 0, 1, 1, 1, 1, 1, 0, 0, 1, 0, 0, 0]	(at main.py:61) 
2019-03-02 01:40:02,743 [I] Response: [True, True, True, True, True, True, True, True, True, True, True, True, False, False, False, False, True, True, True]	(at main.py:64) 
2019-03-02 01:40:02,744 [I] Iter idx: 45, Qsize: 139	(at main.py:59) 
2019-03-02 01:40:02,744 [I] Curr factor: [0, 0, 1, 0, 1, 1, 1, 1, 1, 1, 1, 1, 1, 1, 1, 1, 1, 0, 0, 0, 0]	(at main.py:61) 
2019-03-02 01:40:02,926 [I] Response: [True, True, True, True, False, False, False, False, False, False, False, False, False, False, False, False, False, False, False]	(at main.py:64) 
2019-03-02 01:40:02,927 [I] Iter idx: 46, Qsize: 138	(at main.py:59) 
2019-03-02 01:40:02,927 [I] Curr factor: [0, 0, 0, 0, 0, 0, 0, 0, 0, 0, 0, 0, 0, 0, 1, 0, 1, 0, 0, 0, 0]	(at main.py:61) 
2019-03-02 01:40:03,113 [I] Response: [True, True, True, True, True, True, True, True, True, True, True, True, False, False, False, False, True, True, True]	(at main.py:64) 
2019-03-02 01:40:03,113 [I] Iter idx: 47, Qsize: 137	(at main.py:59) 
2019-03-02 01:40:03,113 [I] Curr factor: [0, 0, 0, 0, 0, 0, 0, 0, 0, 0, 0, 1, 1, 1, 1, 0, 0, 1, 0, 0, 0]	(at main.py:61) 
2019-03-02 01:40:03,261 [I] Response: [True, True, True, True, True, True, True, True, True, True, True, True, False, False, False, False, True, True, True]	(at main.py:64) 
2019-03-02 01:40:03,261 [I] Iter idx: 48, Qsize: 136	(at main.py:59) 
2019-03-02 01:40:03,261 [I] Curr factor: [0, 0, 0, 0, 0, 1, 0, 0, 0, 0, 0, 0, 0, 0, 0, 0, 1, 0, 0, 0, 0]	(at main.py:61) 
2019-03-02 01:40:03,579 [I] Response: [True, True, True, True, True, True, False, False, True, False, False, True, False, False, False, False, False, True, True]	(at main.py:64) 
2019-03-02 01:40:03,580 [I] Iter idx: 49, Qsize: 135	(at main.py:59) 
2019-03-02 01:40:03,580 [I] Curr factor: [0, 0, 0, 0, 0, 0, 0, 0, 0, 0, 0, 0, 0, 0, 0, 0, 1, 0, 0, 1, 0]	(at main.py:61) 
2019-03-02 01:40:03,772 [I] Response: [True, True, True, True, True, True, True, True, True, True, True, True, False, False, False, False, False, True, True]	(at main.py:64) 
2019-03-02 01:40:03,772 [I] Iter idx: 50, Qsize: 134	(at main.py:59) 
2019-03-02 01:40:03,773 [I] Curr factor: [0, 0, 0, 0, 0, 0, 0, 0, 0, 1, 1, 1, 1, 1, 1, 1, 1, 0, 0, 1, 0]	(at main.py:61) 
2019-03-02 01:40:04,085 [I] Response: [True, True, True, True, True, True, True, True, True, True, True, True, False, False, False, False, False, False, False]	(at main.py:64) 
2019-03-02 01:40:04,086 [I] Iter idx: 51, Qsize: 133	(at main.py:59) 
2019-03-02 01:40:04,086 [I] Curr factor: [0, 1, 0, 0, 0, 0, 0, 0, 0, 0, 0, 0, 0, 0, 0, 0, 1, 0, 0, 0, 0]	(at main.py:61) 
2019-03-02 01:40:04,355 [I] Response: [True, True, True, False, True, True, True, True, True, True, True, True, False, False, False, False, False, True, True]	(at main.py:64) 
2019-03-02 01:40:04,355 [I] Iter idx: 52, Qsize: 132	(at main.py:59) 
2019-03-02 01:40:04,355 [I] Curr factor: [0, 0, 0, 0, 0, 0, 0, 1, 1, 0, 0, 0, 0, 0, 0, 1, 1, 0, 0, 0, 0]	(at main.py:61) 
2019-03-02 01:40:04,605 [I] Response: [True, True, True, True, True, True, True, True, True, False, False, True, False, False, False, False, False, True, True]	(at main.py:64) 
2019-03-02 01:40:04,606 [I] Iter idx: 53, Qsize: 131	(at main.py:59) 
2019-03-02 01:40:04,606 [I] Curr factor: [0, 0, 0, 0, 0, 0, 0, 0, 0, 0, 0, 0, 0, 0, 0, 0, 0, 1, 0, 0, 1]	(at main.py:61) 
2019-03-02 01:40:04,774 [I] Response: [True, True, True, True, True, True, True, True, True, True, True, True, False, False, False, False, False, True, True]	(at main.py:64) 
2019-03-02 01:40:04,775 [I] Iter idx: 54, Qsize: 130	(at main.py:59) 
2019-03-02 01:40:04,775 [I] Curr factor: [0, 0, 0, 0, 0, 0, 0, 1, 1, 0, 0, 0, 1, 1, 1, 0, 0, 0, 0, 0, 0]	(at main.py:61) 
2019-03-02 01:40:04,910 [I] Response: [True, True, True, True, True, True, True, True, True, False, False, True, False, False, False, False, True, True, True]	(at main.py:64) 
2019-03-02 01:40:04,911 [I] Iter idx: 55, Qsize: 129	(at main.py:59) 
2019-03-02 01:40:04,911 [I] Curr factor: [1, 0, 0, 0, 0, 0, 0, 1, 1, 0, 0, 0, 0, 0, 0, 0, 0, 0, 0, 0, 0]	(at main.py:61) 
2019-03-02 01:40:05,073 [I] Response: [True, True, True, True, True, True, True, True, True, False, False, True, True, True, True, True, True, True, True]	(at main.py:64) 
2019-03-02 01:40:05,074 [I] Iter idx: 56, Qsize: 128	(at main.py:59) 
2019-03-02 01:40:05,074 [I] Curr factor: [0, 0, 0, 0, 0, 0, 0, 0, 0, 0, 0, 0, 0, 1, 0, 0, 0, 0, 0, 0, 1]	(at main.py:61) 
2019-03-02 01:40:05,227 [I] Response: [True, True, True, True, True, True, True, True, True, True, True, True, False, False, False, False, False, True, True]	(at main.py:64) 
2019-03-02 01:40:05,227 [I] Iter idx: 57, Qsize: 127	(at main.py:59) 
2019-03-02 01:40:05,227 [I] Curr factor: [0, 0, 0, 0, 0, 0, 0, 0, 1, 0, 0, 0, 0, 0, 0, 1, 1, 0, 0, 0, 0]	(at main.py:61) 
2019-03-02 01:40:05,378 [I] Response: [True, True, True, True, True, True, True, True, True, False, False, True, False, False, False, False, False, True, True]	(at main.py:64) 
2019-03-02 01:40:05,378 [I] Iter idx: 58, Qsize: 126	(at main.py:59) 
2019-03-02 01:40:05,378 [I] Curr factor: [0, 0, 1, 0, 0, 0, 0, 0, 0, 0, 0, 0, 0, 1, 0, 0, 0, 0, 0, 0, 0]	(at main.py:61) 
2019-03-02 01:40:05,533 [I] Response: [True, True, True, True, False, True, True, True, True, True, True, True, True, False, False, True, True, True, True]	(at main.py:64) 
2019-03-02 01:40:05,534 [I] Iter idx: 59, Qsize: 125	(at main.py:59) 
2019-03-02 01:40:05,534 [I] Curr factor: [0, 0, 0, 0, 0, 0, 0, 0, 0, 0, 0, 0, 0, 1, 0, 0, 0, 1, 0, 0, 0]	(at main.py:61) 
2019-03-02 01:40:05,684 [I] Response: [True, True, True, True, True, True, True, True, True, True, True, True, True, False, False, True, True, True, True]	(at main.py:64) 
2019-03-02 01:40:05,684 [I] Iter idx: 60, Qsize: 124	(at main.py:59) 
2019-03-02 01:40:05,685 [I] Curr factor: [0, 1, 0, 0, 0, 0, 0, 0, 0, 0, 0, 0, 0, 0, 0, 0, 0, 0, 0, 1, 0]	(at main.py:61) 
2019-03-02 01:40:05,834 [I] Response: [True, True, True, False, True, True, True, True, True, True, True, True, False, False, False, False, True, True, True]	(at main.py:64) 
2019-03-02 01:40:05,835 [I] Iter idx: 61, Qsize: 123	(at main.py:59) 
2019-03-02 01:40:05,835 [I] Curr factor: [0, 0, 0, 0, 0, 0, 0, 1, 1, 0, 0, 0, 0, 0, 0, 0, 0, 0, 0, 1, 0]	(at main.py:61) 
2019-03-02 01:40:05,978 [I] Response: [True, True, True, True, True, True, True, True, True, False, False, True, True, True, True, True, True, True, True]	(at main.py:64) 
2019-03-02 01:40:05,979 [I] Iter idx: 62, Qsize: 122	(at main.py:59) 
2019-03-02 01:40:05,979 [I] Curr factor: [0, 0, 0, 0, 0, 1, 0, 0, 0, 0, 0, 0, 0, 0, 1, 0, 0, 0, 0, 0, 0]	(at main.py:61) 
2019-03-02 01:40:06,308 [I] Response: [True, True, True, True, True, True, False, False, True, False, False, True, False, False, False, False, True, True, True]	(at main.py:64) 
2019-03-02 01:40:06,309 [I] Iter idx: 63, Qsize: 121	(at main.py:59) 
2019-03-02 01:40:06,310 [I] Curr factor: [0, 0, 0, 0, 0, 0, 0, 0, 1, 0, 0, 0, 0, 1, 0, 0, 0, 0, 0, 0, 0]	(at main.py:61) 
2019-03-02 01:40:06,467 [I] Response: [True, True, True, True, True, True, True, True, True, False, False, True, True, False, False, True, True, True, True]	(at main.py:64) 
2019-03-02 01:40:06,467 [I] Iter idx: 64, Qsize: 120	(at main.py:59) 
2019-03-02 01:40:06,467 [I] Curr factor: [0, 0, 0, 0, 1, 1, 1, 1, 1, 1, 1, 1, 1, 1, 1, 1, 1, 0, 1, 1, 1]	(at main.py:61) 
2019-03-02 01:40:06,616 [I] Response: [True, True, True, True, True, False, False, False, False, False, False, False, False, False, False, False, False, False, False]	(at main.py:64) 
2019-03-02 01:40:06,616 [I] Iter idx: 65, Qsize: 119	(at main.py:59) 
2019-03-02 01:40:06,616 [I] Curr factor: [0, 0, 0, 0, 0, 1, 0, 0, 0, 0, 0, 0, 0, 0, 0, 0, 0, 1, 0, 0, 0]	(at main.py:61) 
2019-03-02 01:40:06,817 [I] Response: [True, True, True, True, True, True, False, False, True, False, False, True, True, True, True, True, True, True, True]	(at main.py:64) 
2019-03-02 01:40:06,817 [I] Iter idx: 66, Qsize: 118	(at main.py:59) 
2019-03-02 01:40:06,818 [I] Curr factor: [0, 0, 1, 0, 0, 0, 0, 0, 0, 0, 0, 0, 0, 0, 0, 0, 0, 0, 1, 1, 1]	(at main.py:61) 
2019-03-02 01:40:06,977 [I] Response: [True, True, True, True, False, True, True, True, True, True, True, True, False, False, False, False, False, True, True]	(at main.py:64) 
2019-03-02 01:40:06,977 [I] Iter idx: 67, Qsize: 117	(at main.py:59) 
2019-03-02 01:40:06,977 [I] Curr factor: [0, 0, 1, 0, 0, 0, 0, 0, 0, 0, 0, 0, 0, 0, 0, 0, 0, 0, 0, 1, 0]	(at main.py:61) 
2019-03-02 01:40:07,132 [I] Response: [True, True, True, True, False, True, True, True, True, True, True, True, True, False, False, True, True, True, True]	(at main.py:64) 
2019-03-02 01:40:07,133 [I] Iter idx: 68, Qsize: 116	(at main.py:59) 
2019-03-02 01:40:07,133 [I] Curr factor: [0, 1, 0, 0, 0, 0, 0, 0, 0, 0, 0, 0, 0, 0, 1, 0, 0, 0, 0, 0, 0]	(at main.py:61) 
2019-03-02 01:40:07,299 [I] Response: [True, True, True, False, True, True, True, True, True, True, True, True, False, False, False, False, True, True, True]	(at main.py:64) 
2019-03-02 01:40:07,300 [I] Iter idx: 69, Qsize: 115	(at main.py:59) 
2019-03-02 01:40:07,300 [I] Curr factor: [1, 0, 0, 0, 0, 0, 0, 0, 0, 0, 0, 0, 0, 0, 0, 0, 0, 0, 1, 1, 1]	(at main.py:61) 
2019-03-02 01:40:07,480 [I] Response: [True, True, False, True, True, True, False, False, True, True, True, True, False, False, False, False, False, True, True]	(at main.py:64) 
2019-03-02 01:40:07,480 [I] Iter idx: 70, Qsize: 114	(at main.py:59) 
2019-03-02 01:40:07,480 [I] Curr factor: [0, 0, 0, 0, 0, 0, 0, 0, 0, 0, 0, 0, 0, 0, 0, 1, 1, 0, 1, 1, 1]	(at main.py:61) 
2019-03-02 01:40:07,638 [I] Response: [True, True, True, True, True, True, True, True, True, True, True, True, False, False, False, False, False, True, True]	(at main.py:64) 
2019-03-02 01:40:07,638 [I] Iter idx: 71, Qsize: 113	(at main.py:59) 
2019-03-02 01:40:07,638 [I] Curr factor: [0, 0, 0, 0, 0, 0, 0, 1, 1, 0, 1, 1, 1, 1, 1, 0, 0, 0, 0, 0, 0]	(at main.py:61) 
2019-03-02 01:40:07,807 [I] Response: [True, True, True, True, True, True, True, True, True, False, False, True, False, False, False, False, True, True, True]	(at main.py:64) 
2019-03-02 01:40:07,807 [I] Iter idx: 72, Qsize: 112	(at main.py:59) 
2019-03-02 01:40:07,807 [I] Curr factor: [0, 0, 0, 0, 0, 1, 0, 1, 1, 0, 0, 0, 0, 0, 0, 0, 0, 0, 0, 0, 0]	(at main.py:61) 
2019-03-02 01:40:07,969 [I] Response: [True, True, True, True, True, True, False, False, True, False, False, True, True, True, True, True, True, True, True]	(at main.py:64) 
2019-03-02 01:40:07,969 [I] Iter idx: 73, Qsize: 111	(at main.py:59) 
2019-03-02 01:40:07,969 [I] Curr factor: [0, 0, 1, 0, 0, 0, 0, 0, 0, 0, 0, 0, 0, 0, 1, 0, 0, 0, 0, 0, 0]	(at main.py:61) 
2019-03-02 01:40:08,135 [I] Response: [True, True, True, True, False, True, True, True, True, True, True, True, False, False, False, False, True, True, True]	(at main.py:64) 
2019-03-02 01:40:08,135 [I] Iter idx: 74, Qsize: 110	(at main.py:59) 
2019-03-02 01:40:08,135 [I] Curr factor: [0, 0, 0, 0, 0, 0, 0, 0, 0, 0, 0, 0, 0, 0, 0, 1, 1, 0, 0, 0, 1]	(at main.py:61) 
2019-03-02 01:40:08,299 [I] Response: [True, True, True, True, True, True, True, True, True, True, True, True, False, False, False, False, False, True, True]	(at main.py:64) 
2019-03-02 01:40:08,300 [I] Iter idx: 75, Qsize: 109	(at main.py:59) 
2019-03-02 01:40:08,300 [I] Curr factor: [0, 1, 0, 0, 0, 0, 0, 0, 0, 0, 0, 0, 0, 0, 0, 0, 0, 0, 1, 1, 1]	(at main.py:61) 
2019-03-02 01:40:08,467 [I] Response: [True, True, True, False, True, True, True, True, True, True, True, True, False, False, False, False, False, True, True]	(at main.py:64) 
2019-03-02 01:40:08,468 [I] Iter idx: 76, Qsize: 108	(at main.py:59) 
2019-03-02 01:40:08,468 [I] Curr factor: [0, 0, 0, 0, 0, 0, 0, 0, 0, 0, 0, 0, 0, 1, 0, 0, 1, 0, 0, 0, 0]	(at main.py:61) 
2019-03-02 01:40:08,635 [I] Response: [True, True, True, True, True, True, True, True, True, True, True, True, False, False, False, False, False, True, True]	(at main.py:64) 
2019-03-02 01:40:08,635 [I] Iter idx: 77, Qsize: 107	(at main.py:59) 
2019-03-02 01:40:08,635 [I] Curr factor: [0, 0, 0, 0, 0, 0, 0, 0, 0, 0, 0, 1, 1, 1, 1, 1, 1, 0, 0, 0, 0]	(at main.py:61) 
2019-03-02 01:40:08,801 [I] Response: [True, True, True, True, True, True, True, True, True, True, True, True, False, False, False, False, False, True, True]	(at main.py:64) 
2019-03-02 01:40:08,801 [I] Iter idx: 78, Qsize: 106	(at main.py:59) 
2019-03-02 01:40:08,801 [I] Curr factor: [0, 0, 0, 0, 0, 0, 0, 0, 1, 0, 0, 0, 0, 0, 1, 0, 0, 0, 0, 0, 0]	(at main.py:61) 
2019-03-02 01:40:08,968 [I] Response: [True, True, True, True, True, True, True, True, True, False, False, True, False, False, False, False, True, True, True]	(at main.py:64) 
2019-03-02 01:40:08,968 [I] Iter idx: 79, Qsize: 105	(at main.py:59) 
2019-03-02 01:40:08,969 [I] Curr factor: [0, 0, 0, 0, 0, 1, 0, 0, 1, 0, 0, 0, 0, 0, 0, 0, 0, 0, 0, 0, 0]	(at main.py:61) 
2019-03-02 01:40:09,141 [I] Response: [True, True, True, True, True, True, False, False, True, False, False, True, True, True, True, True, True, True, True]	(at main.py:64) 
2019-03-02 01:40:09,142 [I] Iter idx: 80, Qsize: 104	(at main.py:59) 
2019-03-02 01:40:09,142 [I] Curr factor: [0, 0, 0, 0, 0, 0, 0, 0, 0, 0, 0, 0, 1, 1, 1, 0, 1, 0, 0, 0, 0]	(at main.py:61) 
2019-03-02 01:40:09,318 [I] Response: [True, True, True, True, True, True, True, True, True, True, True, True, False, False, False, False, True, True, True]	(at main.py:64) 
2019-03-02 01:40:09,318 [I] Iter idx: 81, Qsize: 103	(at main.py:59) 
2019-03-02 01:40:09,318 [I] Curr factor: [0, 0, 0, 0, 0, 0, 1, 1, 1, 0, 1, 1, 1, 1, 1, 0, 0, 0, 0, 0, 0]	(at main.py:61) 
2019-03-02 01:40:09,488 [I] Response: [True, True, True, True, True, True, True, True, True, False, False, True, False, False, False, False, True, True, True]	(at main.py:64) 
2019-03-02 01:40:09,489 [I] Iter idx: 82, Qsize: 102	(at main.py:59) 
2019-03-02 01:40:09,489 [I] Curr factor: [0, 0, 0, 0, 0, 0, 0, 0, 0, 0, 0, 0, 0, 0, 0, 0, 1, 0, 1, 1, 1]	(at main.py:61) 
2019-03-02 01:40:09,701 [I] Response: [True, True, True, True, True, True, True, True, True, True, True, True, False, False, False, False, False, True, True]	(at main.py:64) 
2019-03-02 01:40:09,702 [I] Iter idx: 83, Qsize: 101	(at main.py:59) 
2019-03-02 01:40:09,702 [I] Curr factor: [0, 0, 0, 1, 1, 1, 1, 1, 1, 1, 1, 1, 1, 1, 1, 1, 1, 0, 0, 1, 0]	(at main.py:61) 
2019-03-02 01:40:09,852 [I] Response: [True, True, True, True, True, False, False, False, False, False, False, False, False, False, False, False, False, False, False]	(at main.py:64) 
2019-03-02 01:40:09,853 [I] Iter idx: 84, Qsize: 100	(at main.py:59) 
2019-03-02 01:40:09,853 [I] Curr factor: [0, 0, 0, 0, 0, 0, 1, 1, 1, 0, 0, 0, 0, 0, 0, 0, 0, 0, 1, 1, 1]	(at main.py:61) 
2019-03-02 01:40:10,001 [I] Response: [True, True, True, True, True, True, True, True, True, False, False, True, False, False, False, False, False, True, True]	(at main.py:64) 
2019-03-02 01:40:10,001 [I] Iter idx: 85, Qsize: 99	(at main.py:59) 
2019-03-02 01:40:10,001 [I] Curr factor: [0, 1, 0, 0, 0, 0, 0, 0, 1, 0, 0, 0, 0, 0, 0, 0, 0, 0, 0, 0, 0]	(at main.py:61) 
2019-03-02 01:40:10,155 [I] Response: [True, True, True, True, True, True, True, True, True, False, False, True, True, True, True, True, True, True, True]	(at main.py:64) 
2019-03-02 01:40:10,156 [I] Iter idx: 86, Qsize: 98	(at main.py:59) 
2019-03-02 01:40:10,156 [I] Curr factor: [0, 0, 0, 0, 0, 0, 0, 0, 0, 0, 0, 1, 1, 1, 1, 0, 0, 0, 0, 0, 1]	(at main.py:61) 
2019-03-02 01:40:10,324 [I] Response: [True, True, True, True, True, True, True, True, True, True, True, True, False, False, False, False, False, True, True]	(at main.py:64) 
2019-03-02 01:40:10,325 [I] Iter idx: 87, Qsize: 97	(at main.py:59) 
2019-03-02 01:40:10,325 [I] Curr factor: [0, 0, 0, 0, 0, 0, 0, 0, 1, 0, 0, 0, 0, 0, 0, 0, 0, 1, 0, 0, 0]	(at main.py:61) 
2019-03-02 01:40:10,508 [I] Response: [True, True, True, True, True, True, True, True, True, False, False, True, True, True, True, True, True, True, True]	(at main.py:64) 
2019-03-02 01:40:10,509 [I] Iter idx: 88, Qsize: 96	(at main.py:59) 
2019-03-02 01:40:10,509 [I] Curr factor: [0, 0, 1, 0, 0, 0, 0, 0, 0, 0, 0, 0, 0, 0, 0, 1, 1, 0, 0, 0, 0]	(at main.py:61) 
2019-03-02 01:40:10,691 [I] Response: [True, True, True, True, False, True, True, True, True, True, True, True, False, False, False, False, False, True, True]	(at main.py:64) 
2019-03-02 01:40:10,692 [I] Iter idx: 89, Qsize: 95	(at main.py:59) 
2019-03-02 01:40:10,692 [I] Curr factor: [0, 0, 0, 0, 0, 0, 0, 0, 0, 0, 0, 0, 1, 1, 1, 0, 0, 0, 0, 1, 0]	(at main.py:61) 
2019-03-02 01:40:10,871 [I] Response: [True, True, True, True, True, True, True, True, True, True, True, True, False, False, False, False, True, True, True]	(at main.py:64) 
2019-03-02 01:40:10,872 [I] Iter idx: 90, Qsize: 94	(at main.py:59) 
2019-03-02 01:40:10,872 [I] Curr factor: [0, 0, 0, 0, 0, 0, 0, 1, 1, 0, 0, 0, 0, 0, 0, 0, 0, 1, 0, 0, 0]	(at main.py:61) 
2019-03-02 01:40:11,051 [I] Response: [True, True, True, True, True, True, True, True, True, False, False, True, True, True, True, True, True, True, True]	(at main.py:64) 
2019-03-02 01:40:11,052 [I] Iter idx: 91, Qsize: 93	(at main.py:59) 
2019-03-02 01:40:11,052 [I] Curr factor: [0, 0, 1, 0, 0, 0, 0, 0, 0, 0, 0, 1, 1, 1, 1, 0, 0, 0, 0, 0, 0]	(at main.py:61) 
2019-03-02 01:40:11,208 [I] Response: [True, True, True, True, False, True, True, True, True, True, True, True, False, False, False, False, True, True, True]	(at main.py:64) 
2019-03-02 01:40:11,209 [I] Iter idx: 92, Qsize: 92	(at main.py:59) 
2019-03-02 01:40:11,209 [I] Curr factor: [0, 0, 0, 0, 0, 0, 0, 0, 0, 0, 1, 1, 1, 1, 1, 0, 0, 0, 0, 0, 1]	(at main.py:61) 
2019-03-02 01:40:11,359 [I] Response: [True, True, True, True, True, True, True, True, True, True, True, True, False, False, False, False, False, True, True]	(at main.py:64) 
2019-03-02 01:40:11,360 [I] Iter idx: 93, Qsize: 91	(at main.py:59) 
2019-03-02 01:40:11,360 [I] Curr factor: [0, 1, 0, 0, 0, 0, 0, 0, 0, 0, 0, 1, 1, 1, 1, 0, 0, 0, 0, 0, 0]	(at main.py:61) 
2019-03-02 01:40:11,570 [I] Response: [True, True, True, False, True, True, True, True, True, True, True, True, False, False, False, False, True, True, True]	(at main.py:64) 
2019-03-02 01:40:11,571 [I] Iter idx: 94, Qsize: 90	(at main.py:59) 
2019-03-02 01:40:11,571 [I] Curr factor: [0, 0, 1, 0, 0, 0, 0, 0, 0, 0, 0, 0, 1, 1, 1, 0, 0, 0, 0, 0, 0]	(at main.py:61) 
2019-03-02 01:40:11,721 [I] Response: [True, True, True, True, False, True, True, True, True, True, True, True, False, False, False, False, True, True, True]	(at main.py:64) 
2019-03-02 01:40:11,722 [I] Iter idx: 95, Qsize: 89	(at main.py:59) 
2019-03-02 01:40:11,722 [I] Curr factor: [1, 0, 0, 0, 0, 0, 0, 0, 0, 0, 0, 0, 0, 0, 0, 0, 0, 0, 0, 0, 1]	(at main.py:61) 
2019-03-02 01:40:11,930 [I] Response: [True, True, False, True, True, True, False, False, True, True, True, True, False, False, False, False, False, True, True]	(at main.py:64) 
2019-03-02 01:40:11,930 [I] Iter idx: 96, Qsize: 88	(at main.py:59) 
2019-03-02 01:40:11,930 [I] Curr factor: [0, 1, 0, 1, 1, 1, 1, 1, 1, 1, 1, 1, 1, 1, 1, 1, 1, 0, 0, 0, 0]	(at main.py:61) 
2019-03-02 01:40:12,103 [I] Response: [True, True, True, True, True, False, False, False, False, False, False, False, False, False, False, False, False, False, False]	(at main.py:64) 
2019-03-02 01:40:12,103 [I] Iter idx: 97, Qsize: 87	(at main.py:59) 
2019-03-02 01:40:12,103 [I] Curr factor: [0, 0, 0, 1, 1, 1, 1, 1, 1, 1, 1, 1, 1, 1, 1, 1, 1, 0, 0, 0, 1]	(at main.py:61) 
2019-03-02 01:40:12,281 [I] Response: [True, True, True, True, True, False, False, False, False, False, False, False, False, False, False, False, False, False, False]	(at main.py:64) 
2019-03-02 01:40:12,282 [I] Iter idx: 98, Qsize: 86	(at main.py:59) 
2019-03-02 01:40:12,282 [I] Curr factor: [0, 0, 0, 0, 0, 1, 0, 0, 0, 0, 0, 0, 0, 0, 0, 0, 0, 0, 1, 1, 1]	(at main.py:61) 
2019-03-02 01:40:12,472 [I] Response: [True, True, True, True, True, True, False, False, True, False, False, True, False, False, False, False, False, True, True]	(at main.py:64) 
2019-03-02 01:40:12,473 [I] Iter idx: 99, Qsize: 85	(at main.py:59) 
2019-03-02 01:40:12,473 [I] Curr factor: [1, 0, 0, 0, 0, 0, 0, 0, 0, 0, 0, 0, 0, 0, 0, 0, 1, 0, 0, 0, 0]	(at main.py:61) 
2019-03-02 01:40:12,642 [I] Response: [True, True, False, True, True, True, False, False, True, True, True, True, False, False, False, False, False, True, True]	(at main.py:64) 
2019-03-02 01:40:12,642 [I] Iter idx: 100, Qsize: 84	(at main.py:59) 
2019-03-02 01:40:12,642 [I] Curr factor: [1, 0, 0, 0, 0, 1, 0, 0, 0, 0, 0, 0, 0, 0, 0, 0, 0, 0, 0, 0, 0]	(at main.py:61) 
2019-03-02 01:40:12,922 [I] Response: [True, True, False, True, True, True, False, False, True, False, False, True, True, True, True, True, True, True, True]	(at main.py:64) 
2019-03-02 01:40:12,922 [I] Iter idx: 101, Qsize: 83	(at main.py:59) 
2019-03-02 01:40:12,922 [I] Curr factor: [1, 0, 0, 0, 0, 0, 0, 0, 0, 0, 0, 1, 1, 1, 1, 0, 0, 0, 0, 0, 0]	(at main.py:61) 
2019-03-02 01:40:13,080 [I] Response: [True, True, False, True, True, True, False, False, True, True, True, True, False, False, False, False, True, True, True]	(at main.py:64) 
2019-03-02 01:40:13,080 [I] Iter idx: 102, Qsize: 82	(at main.py:59) 
2019-03-02 01:40:13,080 [I] Curr factor: [0, 0, 0, 0, 0, 0, 0, 0, 0, 0, 0, 0, 0, 0, 0, 0, 0, 0, 0, 1, 1]	(at main.py:61) 
2019-03-02 01:40:13,208 [I] Response: [True, True, True, True, True, True, True, True, True, True, True, True, False, False, False, False, False, True, True]	(at main.py:64) 
2019-03-02 01:40:13,208 [I] Iter idx: 103, Qsize: 81	(at main.py:59) 
2019-03-02 01:40:13,209 [I] Curr factor: [0, 0, 0, 0, 0, 0, 0, 0, 0, 0, 0, 0, 1, 1, 1, 1, 1, 0, 0, 0, 0]	(at main.py:61) 
2019-03-02 01:40:13,343 [I] Response: [True, True, True, True, True, True, True, True, True, True, True, True, False, False, False, False, False, True, True]	(at main.py:64) 
2019-03-02 01:40:13,343 [I] Iter idx: 104, Qsize: 80	(at main.py:59) 
2019-03-02 01:40:13,343 [I] Curr factor: [0, 0, 0, 0, 0, 0, 0, 0, 0, 0, 0, 1, 1, 1, 1, 0, 0, 0, 0, 1, 0]	(at main.py:61) 
2019-03-02 01:40:13,491 [I] Response: [True, True, True, True, True, True, True, True, True, True, True, True, False, False, False, False, True, True, True]	(at main.py:64) 
2019-03-02 01:40:13,492 [I] Iter idx: 105, Qsize: 79	(at main.py:59) 
2019-03-02 01:40:13,492 [I] Curr factor: [0, 0, 0, 0, 0, 0, 1, 1, 1, 0, 0, 0, 0, 0, 0, 0, 1, 0, 0, 0, 0]	(at main.py:61) 
2019-03-02 01:40:13,645 [I] Response: [True, True, True, True, True, True, True, True, True, False, False, True, False, False, False, False, False, True, True]	(at main.py:64) 
2019-03-02 01:40:13,645 [I] Iter idx: 106, Qsize: 78	(at main.py:59) 
2019-03-02 01:40:13,645 [I] Curr factor: [0, 0, 0, 0, 0, 0, 0, 0, 0, 0, 1, 1, 1, 1, 1, 0, 1, 0, 0, 0, 0]	(at main.py:61) 
2019-03-02 01:40:13,801 [I] Response: [True, True, True, True, True, True, True, True, True, True, True, True, False, False, False, False, True, True, True]	(at main.py:64) 
2019-03-02 01:40:13,802 [I] Iter idx: 107, Qsize: 77	(at main.py:59) 
2019-03-02 01:40:13,802 [I] Curr factor: [0, 0, 0, 0, 0, 1, 0, 0, 0, 0, 1, 1, 1, 1, 1, 0, 0, 0, 0, 0, 0]	(at main.py:61) 
2019-03-02 01:40:13,955 [I] Response: [True, True, True, True, True, True, False, False, True, False, False, True, False, False, False, False, True, True, True]	(at main.py:64) 
2019-03-02 01:40:13,955 [I] Iter idx: 108, Qsize: 76	(at main.py:59) 
2019-03-02 01:40:13,955 [I] Curr factor: [0, 0, 0, 0, 0, 1, 0, 0, 0, 0, 0, 1, 1, 1, 1, 0, 0, 0, 0, 0, 0]	(at main.py:61) 
2019-03-02 01:40:14,107 [I] Response: [True, True, True, True, True, True, False, False, True, False, False, True, False, False, False, False, True, True, True]	(at main.py:64) 
2019-03-02 01:40:14,107 [I] Iter idx: 109, Qsize: 75	(at main.py:59) 
2019-03-02 01:40:14,107 [I] Curr factor: [0, 0, 0, 0, 1, 1, 1, 1, 1, 1, 1, 1, 1, 1, 1, 1, 1, 1, 0, 0, 0]	(at main.py:61) 
2019-03-02 01:40:14,264 [I] Response: [True, True, True, True, True, False, False, False, False, False, False, False, False, False, False, False, False, False, False]	(at main.py:64) 
2019-03-02 01:40:14,265 [I] Iter idx: 110, Qsize: 74	(at main.py:59) 
2019-03-02 01:40:14,265 [I] Curr factor: [0, 0, 0, 0, 0, 0, 0, 0, 0, 0, 0, 0, 0, 0, 0, 0, 1, 0, 0, 0, 1]	(at main.py:61) 
2019-03-02 01:40:14,419 [I] Response: [True, True, True, True, True, True, True, True, True, True, True, True, False, False, False, False, False, True, True]	(at main.py:64) 
2019-03-02 01:40:14,420 [I] Iter idx: 111, Qsize: 73	(at main.py:59) 
2019-03-02 01:40:14,420 [I] Curr factor: [0, 0, 0, 1, 1, 1, 1, 1, 1, 1, 1, 1, 1, 1, 1, 1, 1, 0, 1, 1, 1]	(at main.py:61) 
2019-03-02 01:40:14,582 [I] Response: [True, True, True, True, True, False, False, False, False, False, False, False, False, False, False, False, False, False, False]	(at main.py:64) 
2019-03-02 01:40:14,582 [I] Iter idx: 112, Qsize: 72	(at main.py:59) 
2019-03-02 01:40:14,582 [I] Curr factor: [1, 0, 0, 0, 0, 0, 0, 0, 0, 0, 0, 0, 0, 0, 0, 1, 1, 0, 0, 0, 0]	(at main.py:61) 
2019-03-02 01:40:14,724 [I] Response: [True, True, False, True, True, True, False, False, True, True, True, True, False, False, False, False, False, True, True]	(at main.py:64) 
2019-03-02 01:40:14,724 [I] Iter idx: 113, Qsize: 71	(at main.py:59) 
2019-03-02 01:40:14,724 [I] Curr factor: [0, 0, 0, 0, 0, 0, 1, 1, 1, 0, 0, 0, 1, 1, 1, 0, 0, 0, 0, 0, 0]	(at main.py:61) 
2019-03-02 01:40:14,919 [I] Response: [True, True, True, True, True, True, True, True, True, False, False, True, False, False, False, False, True, True, True]	(at main.py:64) 
2019-03-02 01:40:14,920 [I] Iter idx: 114, Qsize: 70	(at main.py:59) 
2019-03-02 01:40:14,920 [I] Curr factor: [0, 0, 0, 0, 0, 1, 0, 0, 0, 0, 0, 0, 1, 1, 1, 0, 0, 0, 0, 0, 0]	(at main.py:61) 
2019-03-02 01:40:15,123 [I] Response: [True, True, True, True, True, True, False, False, True, False, False, True, False, False, False, False, True, True, True]	(at main.py:64) 
2019-03-02 01:40:15,123 [I] Iter idx: 115, Qsize: 69	(at main.py:59) 
2019-03-02 01:40:15,123 [I] Curr factor: [1, 0, 1, 0, 0, 0, 0, 0, 0, 0, 0, 0, 0, 0, 0, 0, 0, 0, 0, 0, 0]	(at main.py:61) 
2019-03-02 01:40:15,296 [I] Response: [True, True, False, True, False, True, False, False, True, True, True, True, True, False, False, True, True, True, True]	(at main.py:64) 
2019-03-02 01:40:15,297 [I] Iter idx: 116, Qsize: 68	(at main.py:59) 
2019-03-02 01:40:15,297 [I] Curr factor: [0, 0, 0, 0, 0, 0, 1, 1, 1, 0, 0, 0, 0, 0, 0, 0, 0, 0, 0, 0, 1]	(at main.py:61) 
2019-03-02 01:40:15,540 [I] Response: [True, True, True, True, True, True, True, True, True, False, False, True, False, False, False, False, False, True, True]	(at main.py:64) 
2019-03-02 01:40:15,540 [I] Iter idx: 117, Qsize: 67	(at main.py:59) 
2019-03-02 01:40:15,540 [I] Curr factor: [0, 0, 0, 0, 0, 0, 0, 1, 1, 0, 0, 0, 0, 1, 0, 0, 0, 0, 0, 0, 0]	(at main.py:61) 
2019-03-02 01:40:15,714 [I] Response: [True, True, True, True, True, True, True, True, True, False, False, True, True, False, False, True, True, True, True]	(at main.py:64) 
2019-03-02 01:40:15,715 [I] Iter idx: 118, Qsize: 66	(at main.py:59) 
2019-03-02 01:40:15,715 [I] Curr factor: [0, 0, 0, 0, 0, 0, 0, 0, 1, 1, 1, 1, 1, 1, 1, 1, 1, 0, 0, 0, 0]	(at main.py:61) 
2019-03-02 01:40:15,898 [I] Response: [True, True, True, True, True, True, True, True, True, False, False, True, False, False, False, False, False, False, False]	(at main.py:64) 
2019-03-02 01:40:15,899 [I] Iter idx: 119, Qsize: 65	(at main.py:59) 
2019-03-02 01:40:15,899 [I] Curr factor: [0, 1, 0, 0, 0, 0, 0, 0, 0, 0, 0, 0, 0, 0, 0, 0, 0, 0, 0, 0, 1]	(at main.py:61) 
2019-03-02 01:40:16,092 [I] Response: [True, True, True, False, True, True, True, True, True, True, True, True, False, False, False, False, False, True, True]	(at main.py:64) 
2019-03-02 01:40:16,092 [I] Iter idx: 120, Qsize: 64	(at main.py:59) 
2019-03-02 01:40:16,092 [I] Curr factor: [0, 0, 0, 0, 0, 0, 1, 1, 1, 0, 0, 1, 1, 1, 1, 0, 0, 0, 0, 0, 0]	(at main.py:61) 
2019-03-02 01:40:16,257 [I] Response: [True, True, True, True, True, True, True, True, True, False, False, True, False, False, False, False, True, True, True]	(at main.py:64) 
2019-03-02 01:40:16,257 [I] Iter idx: 121, Qsize: 63	(at main.py:59) 
2019-03-02 01:40:16,257 [I] Curr factor: [0, 0, 1, 0, 0, 0, 0, 0, 1, 0, 0, 0, 0, 0, 0, 0, 0, 0, 0, 0, 0]	(at main.py:61) 
2019-03-02 01:40:16,427 [I] Response: [True, True, True, True, False, True, True, True, True, False, False, True, True, False, False, True, True, True, True]	(at main.py:64) 
2019-03-02 01:40:16,428 [I] Iter idx: 122, Qsize: 62	(at main.py:59) 
2019-03-02 01:40:16,428 [I] Curr factor: [0, 0, 0, 0, 0, 0, 0, 0, 0, 0, 0, 0, 1, 1, 1, 0, 0, 0, 1, 1, 1]	(at main.py:61) 
2019-03-02 01:40:16,599 [I] Response: [True, True, True, True, True, True, True, True, True, True, True, True, False, False, False, False, False, True, True]	(at main.py:64) 
2019-03-02 01:40:16,599 [I] Iter idx: 123, Qsize: 61	(at main.py:59) 
2019-03-02 01:40:16,600 [I] Curr factor: [0, 0, 0, 0, 0, 0, 0, 0, 1, 0, 0, 0, 0, 0, 0, 0, 0, 0, 1, 1, 1]	(at main.py:61) 
2019-03-02 01:40:16,762 [I] Response: [True, True, True, True, True, True, True, True, True, False, False, True, False, False, False, False, False, True, True]	(at main.py:64) 
2019-03-02 01:40:16,762 [I] Iter idx: 124, Qsize: 60	(at main.py:59) 
2019-03-02 01:40:16,762 [I] Curr factor: [0, 1, 0, 0, 0, 0, 1, 1, 1, 0, 0, 0, 0, 0, 0, 0, 0, 0, 0, 0, 0]	(at main.py:61) 
2019-03-02 01:40:16,940 [I] Response: [True, True, True, False, True, True, True, True, True, False, False, True, False, False, False, False, True, True, True]	(at main.py:64) 
2019-03-02 01:40:16,941 [I] Iter idx: 125, Qsize: 59	(at main.py:59) 
2019-03-02 01:40:16,941 [I] Curr factor: [0, 0, 0, 0, 0, 0, 0, 0, 0, 0, 0, 0, 0, 0, 0, 0, 1, 1, 0, 0, 0]	(at main.py:61) 
2019-03-02 01:40:17,108 [I] Response: [True, True, True, True, True, True, True, True, True, True, True, True, False, False, False, False, False, True, True]	(at main.py:64) 
2019-03-02 01:40:17,108 [I] Iter idx: 126, Qsize: 58	(at main.py:59) 
2019-03-02 01:40:17,108 [I] Curr factor: [0, 0, 0, 0, 0, 0, 0, 0, 1, 0, 0, 1, 1, 1, 1, 0, 0, 0, 0, 0, 0]	(at main.py:61) 
2019-03-02 01:40:17,477 [I] Response: [True, True, True, True, True, True, True, True, True, False, False, True, False, False, False, False, True, True, True]	(at main.py:64) 
2019-03-02 01:40:17,477 [I] Iter idx: 127, Qsize: 57	(at main.py:59) 
2019-03-02 01:40:17,478 [I] Curr factor: [0, 0, 0, 0, 1, 1, 1, 1, 1, 1, 1, 1, 1, 1, 1, 1, 1, 0, 0, 1, 0]	(at main.py:61) 
2019-03-02 01:40:17,636 [I] Response: [True, True, True, True, True, False, False, False, False, False, False, False, False, False, False, False, False, False, False]	(at main.py:64) 
2019-03-02 01:40:17,636 [I] Iter idx: 128, Qsize: 56	(at main.py:59) 
2019-03-02 01:40:17,637 [I] Curr factor: [0, 0, 1, 0, 0, 0, 0, 0, 0, 0, 0, 0, 0, 0, 0, 0, 0, 1, 0, 0, 0]	(at main.py:61) 
2019-03-02 01:40:17,816 [I] Response: [True, True, True, True, False, True, True, True, True, True, True, True, True, False, False, True, True, True, True]	(at main.py:64) 
2019-03-02 01:40:17,817 [I] Iter idx: 129, Qsize: 55	(at main.py:59) 
2019-03-02 01:40:17,817 [I] Curr factor: [0, 0, 0, 0, 0, 0, 0, 0, 0, 1, 1, 1, 1, 1, 1, 1, 1, 1, 0, 0, 0]	(at main.py:61) 
2019-03-02 01:40:18,007 [I] Response: [True, True, True, True, True, True, True, True, True, True, True, True, False, False, False, False, False, False, False]	(at main.py:64) 
2019-03-02 01:40:18,007 [I] Iter idx: 130, Qsize: 54	(at main.py:59) 
2019-03-02 01:40:18,007 [I] Curr factor: [0, 0, 0, 0, 0, 0, 0, 0, 0, 0, 1, 1, 1, 1, 1, 1, 1, 0, 0, 0, 0]	(at main.py:61) 
2019-03-02 01:40:18,197 [I] Response: [True, True, True, True, True, True, True, True, True, True, True, True, False, False, False, False, False, True, True]	(at main.py:64) 
2019-03-02 01:40:18,197 [I] Iter idx: 131, Qsize: 53	(at main.py:59) 
2019-03-02 01:40:18,197 [I] Curr factor: [0, 0, 0, 0, 0, 0, 0, 0, 1, 0, 1, 1, 1, 1, 1, 0, 0, 0, 0, 0, 0]	(at main.py:61) 
2019-03-02 01:40:18,398 [I] Response: [True, True, True, True, True, True, True, True, True, False, False, True, False, False, False, False, True, True, True]	(at main.py:64) 
2019-03-02 01:40:18,398 [I] Iter idx: 132, Qsize: 52	(at main.py:59) 
2019-03-02 01:40:18,398 [I] Curr factor: [0, 0, 1, 0, 0, 0, 0, 0, 0, 0, 0, 0, 0, 0, 0, 0, 1, 0, 0, 0, 0]	(at main.py:61) 
2019-03-02 01:40:18,569 [I] Response: [True, True, True, True, False, True, True, True, True, True, True, True, False, False, False, False, False, True, True]	(at main.py:64) 
2019-03-02 01:40:18,570 [I] Iter idx: 133, Qsize: 51	(at main.py:59) 
2019-03-02 01:40:18,570 [I] Curr factor: [0, 0, 1, 0, 0, 0, 0, 0, 0, 0, 0, 0, 0, 0, 0, 0, 0, 0, 0, 0, 1]	(at main.py:61) 
2019-03-02 01:40:18,742 [I] Response: [True, True, True, True, False, True, True, True, True, True, True, True, False, False, False, False, False, True, True]	(at main.py:64) 
2019-03-02 01:40:18,743 [I] Iter idx: 134, Qsize: 50	(at main.py:59) 
2019-03-02 01:40:18,743 [I] Curr factor: [1, 0, 0, 0, 0, 0, 0, 0, 0, 0, 0, 0, 0, 0, 0, 0, 0, 0, 0, 1, 0]	(at main.py:61) 
2019-03-02 01:40:18,900 [I] Response: [True, True, False, True, True, True, False, False, True, True, True, True, True, True, True, True, True, True, True]	(at main.py:64) 
2019-03-02 01:40:18,900 [I] Iter idx: 135, Qsize: 49	(at main.py:59) 
2019-03-02 01:40:18,901 [I] Curr factor: [0, 0, 0, 0, 0, 0, 1, 1, 1, 0, 0, 0, 0, 0, 0, 0, 0, 1, 0, 0, 0]	(at main.py:61) 
2019-03-02 01:40:19,058 [I] Response: [True, True, True, True, True, True, True, True, True, False, False, True, True, True, True, True, True, True, True]	(at main.py:64) 
2019-03-02 01:40:19,059 [I] Iter idx: 136, Qsize: 48	(at main.py:59) 
2019-03-02 01:40:19,059 [I] Curr factor: [1, 0, 0, 0, 0, 0, 0, 0, 0, 0, 1, 1, 1, 1, 1, 0, 0, 0, 0, 0, 0]	(at main.py:61) 
2019-03-02 01:40:19,208 [I] Response: [True, True, False, True, True, True, False, False, True, True, True, True, False, False, False, False, True, True, True]	(at main.py:64) 
2019-03-02 01:40:19,208 [I] Iter idx: 137, Qsize: 47	(at main.py:59) 
2019-03-02 01:40:19,208 [I] Curr factor: [0, 0, 0, 0, 0, 0, 0, 0, 1, 0, 0, 0, 0, 0, 0, 0, 0, 0, 0, 1, 0]	(at main.py:61) 
2019-03-02 01:40:19,359 [I] Response: [True, True, True, True, True, True, True, True, True, False, False, True, True, True, True, True, True, True, True]	(at main.py:64) 
2019-03-02 01:40:19,359 [I] Iter idx: 138, Qsize: 46	(at main.py:59) 
2019-03-02 01:40:19,359 [I] Curr factor: [0, 1, 0, 0, 0, 0, 0, 0, 0, 0, 0, 0, 0, 0, 0, 1, 1, 0, 0, 0, 0]	(at main.py:61) 
2019-03-02 01:40:19,509 [I] Response: [True, True, True, False, True, True, True, True, True, True, True, True, False, False, False, False, False, True, True]	(at main.py:64) 
2019-03-02 01:40:19,509 [I] Iter idx: 139, Qsize: 45	(at main.py:59) 
2019-03-02 01:40:19,509 [I] Curr factor: [0, 1, 0, 0, 1, 1, 1, 1, 1, 1, 1, 1, 1, 1, 1, 1, 1, 0, 0, 0, 0]	(at main.py:61) 
2019-03-02 01:40:19,746 [I] Response: [True, True, True, False, True, False, False, False, False, False, False, False, False, False, False, False, False, False, False]	(at main.py:64) 
2019-03-02 01:40:19,747 [I] Iter idx: 140, Qsize: 44	(at main.py:59) 
2019-03-02 01:40:19,748 [I] Curr factor: [0, 0, 0, 0, 1, 1, 1, 1, 1, 1, 1, 1, 1, 1, 1, 1, 1, 0, 0, 0, 1]	(at main.py:61) 
2019-03-02 01:40:20,117 [I] Response: [True, True, True, True, True, False, False, False, False, False, False, False, False, False, False, False, False, False, False]	(at main.py:64) 
2019-03-02 01:40:20,118 [I] Iter idx: 141, Qsize: 43	(at main.py:59) 
2019-03-02 01:40:20,118 [I] Curr factor: [0, 0, 0, 0, 0, 0, 1, 1, 1, 0, 0, 0, 0, 0, 0, 0, 0, 0, 0, 1, 0]	(at main.py:61) 
2019-03-02 01:40:20,363 [I] Response: [True, True, True, True, True, True, True, True, True, False, False, True, True, True, True, True, True, True, True]	(at main.py:64) 
2019-03-02 01:40:20,364 [I] Iter idx: 142, Qsize: 42	(at main.py:59) 
2019-03-02 01:40:20,364 [I] Curr factor: [1, 0, 0, 0, 0, 0, 0, 0, 0, 0, 0, 0, 0, 0, 1, 0, 0, 0, 0, 0, 0]	(at main.py:61) 
2019-03-02 01:40:20,551 [I] Response: [True, True, False, True, True, True, False, False, True, True, True, True, False, False, False, False, True, True, True]	(at main.py:64) 
2019-03-02 01:40:20,551 [I] Iter idx: 143, Qsize: 41	(at main.py:59) 
2019-03-02 01:40:20,551 [I] Curr factor: [1, 0, 0, 1, 1, 1, 1, 1, 1, 1, 1, 1, 1, 1, 1, 1, 1, 0, 0, 0, 0]	(at main.py:61) 
2019-03-02 01:40:20,735 [I] Response: [True, True, False, True, True, False, False, False, False, False, False, False, False, False, False, False, False, False, False]	(at main.py:64) 
2019-03-02 01:40:20,736 [I] Iter idx: 144, Qsize: 40	(at main.py:59) 
2019-03-02 01:40:20,736 [I] Curr factor: [0, 1, 0, 0, 0, 0, 0, 1, 1, 0, 0, 0, 0, 0, 0, 0, 0, 0, 0, 0, 0]	(at main.py:61) 
2019-03-02 01:40:20,896 [I] Response: [True, True, True, False, True, True, True, True, True, False, False, True, False, False, False, False, True, True, True]	(at main.py:64) 
2019-03-02 01:40:20,896 [I] Iter idx: 145, Qsize: 39	(at main.py:59) 
2019-03-02 01:40:20,896 [I] Curr factor: [0, 0, 0, 0, 0, 0, 0, 1, 1, 0, 0, 0, 0, 0, 0, 0, 1, 0, 0, 0, 0]	(at main.py:61) 
2019-03-02 01:40:21,110 [I] Response: [True, True, True, True, True, True, True, True, True, False, False, True, False, False, False, False, False, True, True]	(at main.py:64) 
2019-03-02 01:40:21,111 [I] Iter idx: 146, Qsize: 38	(at main.py:59) 
2019-03-02 01:40:21,111 [I] Curr factor: [0, 0, 0, 0, 0, 0, 0, 1, 1, 1, 1, 1, 1, 1, 1, 1, 1, 0, 0, 0, 0]	(at main.py:61) 
2019-03-02 01:40:21,266 [I] Response: [True, True, True, True, True, True, True, True, True, False, False, True, False, False, False, False, False, False, False]	(at main.py:64) 
2019-03-02 01:40:21,266 [I] Iter idx: 147, Qsize: 37	(at main.py:59) 
2019-03-02 01:40:21,267 [I] Curr factor: [1, 0, 0, 0, 0, 0, 0, 0, 0, 0, 0, 0, 0, 1, 0, 0, 0, 0, 0, 0, 0]	(at main.py:61) 
2019-03-02 01:40:21,430 [I] Response: [True, True, False, True, True, True, False, False, True, True, True, True, True, False, False, True, True, True, True]	(at main.py:64) 
2019-03-02 01:40:21,430 [I] Iter idx: 148, Qsize: 36	(at main.py:59) 
2019-03-02 01:40:21,430 [I] Curr factor: [1, 0, 0, 0, 0, 0, 0, 0, 0, 0, 0, 0, 0, 0, 0, 0, 0, 1, 0, 0, 0]	(at main.py:61) 
2019-03-02 01:40:21,814 [I] Response: [True, True, False, True, True, True, False, False, True, True, True, True, True, True, True, True, True, True, True]	(at main.py:64) 
2019-03-02 01:40:21,814 [I] Iter idx: 149, Qsize: 35	(at main.py:59) 
2019-03-02 01:40:21,815 [I] Curr factor: [0, 0, 0, 0, 0, 0, 0, 0, 0, 0, 0, 0, 1, 1, 1, 0, 0, 0, 0, 0, 1]	(at main.py:61) 
2019-03-02 01:40:21,965 [I] Response: [True, True, True, True, True, True, True, True, True, True, True, True, False, False, False, False, False, True, True]	(at main.py:64) 
2019-03-02 01:40:21,965 [I] Iter idx: 150, Qsize: 34	(at main.py:59) 
2019-03-02 01:40:21,965 [I] Curr factor: [0, 0, 0, 0, 0, 0, 0, 0, 0, 0, 0, 0, 0, 0, 0, 0, 0, 1, 1, 1, 1]	(at main.py:61) 
2019-03-02 01:40:22,159 [I] Response: [True, True, True, True, True, True, True, True, True, True, True, True, False, False, False, False, False, True, True]	(at main.py:64) 
2019-03-02 01:40:22,160 [I] Iter idx: 151, Qsize: 33	(at main.py:59) 
2019-03-02 01:40:22,161 [I] Curr factor: [0, 0, 0, 0, 0, 0, 0, 0, 1, 0, 0, 0, 0, 0, 0, 0, 1, 0, 0, 0, 0]	(at main.py:61) 
2019-03-02 01:40:22,550 [I] Response: [True, True, True, True, True, True, True, True, True, False, False, True, False, False, False, False, False, True, True]	(at main.py:64) 
2019-03-02 01:40:22,551 [I] Iter idx: 152, Qsize: 32	(at main.py:59) 
2019-03-02 01:40:22,551 [I] Curr factor: [0, 1, 0, 0, 0, 0, 0, 0, 0, 1, 1, 1, 1, 1, 1, 1, 1, 0, 0, 0, 0]	(at main.py:61) 
2019-03-02 01:40:22,968 [I] Response: [True, True, True, False, True, True, True, True, True, True, True, True, False, False, False, False, False, False, False]	(at main.py:64) 
2019-03-02 01:40:22,968 [I] Iter idx: 153, Qsize: 31	(at main.py:59) 
2019-03-02 01:40:22,968 [I] Curr factor: [0, 0, 0, 0, 0, 0, 1, 1, 1, 0, 0, 0, 0, 1, 0, 0, 0, 0, 0, 0, 0]	(at main.py:61) 
2019-03-02 01:40:23,498 [I] Response: [True, True, True, True, True, True, True, True, True, False, False, True, True, False, False, True, True, True, True]	(at main.py:64) 
2019-03-02 01:40:23,498 [I] Iter idx: 154, Qsize: 30	(at main.py:59) 
2019-03-02 01:40:23,498 [I] Curr factor: [0, 0, 0, 0, 0, 0, 0, 1, 1, 0, 0, 0, 0, 0, 0, 0, 0, 0, 0, 0, 1]	(at main.py:61) 
2019-03-02 01:40:23,700 [I] Response: [True, True, True, True, True, True, True, True, True, False, False, True, False, False, False, False, False, True, True]	(at main.py:64) 
2019-03-02 01:40:23,700 [I] Iter idx: 155, Qsize: 29	(at main.py:59) 
2019-03-02 01:40:23,700 [I] Curr factor: [0, 0, 0, 0, 0, 0, 0, 1, 1, 0, 0, 0, 0, 0, 0, 0, 0, 0, 1, 1, 1]	(at main.py:61) 
2019-03-02 01:40:23,842 [I] Response: [True, True, True, True, True, True, True, True, True, False, False, True, False, False, False, False, False, True, True]	(at main.py:64) 
2019-03-02 01:40:23,842 [I] Iter idx: 156, Qsize: 28	(at main.py:59) 
2019-03-02 01:40:23,843 [I] Curr factor: [0, 1, 0, 0, 0, 0, 0, 0, 0, 0, 0, 0, 0, 1, 0, 0, 0, 0, 0, 0, 0]	(at main.py:61) 
2019-03-02 01:40:24,053 [I] Response: [True, True, True, False, True, True, True, True, True, True, True, True, False, False, False, False, True, True, True]	(at main.py:64) 
2019-03-02 01:40:24,054 [I] Iter idx: 157, Qsize: 27	(at main.py:59) 
2019-03-02 01:40:24,054 [I] Curr factor: [0, 1, 1, 0, 0, 0, 0, 0, 0, 0, 0, 0, 0, 0, 0, 0, 0, 0, 0, 0, 0]	(at main.py:61) 
2019-03-02 01:40:24,201 [I] Response: [True, True, True, False, False, True, True, True, True, True, True, True, False, False, False, False, True, True, True]	(at main.py:64) 
2019-03-02 01:40:24,202 [I] Iter idx: 158, Qsize: 26	(at main.py:59) 
2019-03-02 01:40:24,202 [I] Curr factor: [0, 0, 0, 0, 0, 0, 1, 1, 1, 1, 1, 1, 1, 1, 1, 1, 1, 0, 0, 0, 0]	(at main.py:61) 
2019-03-02 01:40:24,365 [I] Response: [True, True, True, True, True, True, True, True, True, False, False, True, False, False, False, False, False, False, False]	(at main.py:64) 
2019-03-02 01:40:24,365 [I] Iter idx: 159, Qsize: 25	(at main.py:59) 
2019-03-02 01:40:24,365 [I] Curr factor: [0, 0, 0, 0, 0, 0, 0, 0, 0, 0, 0, 0, 0, 0, 0, 1, 1, 0, 0, 1, 0]	(at main.py:61) 
2019-03-02 01:40:24,521 [I] Response: [True, True, True, True, True, True, True, True, True, True, True, True, False, False, False, False, False, True, True]	(at main.py:64) 
2019-03-02 01:40:24,521 [I] Iter idx: 160, Qsize: 24	(at main.py:59) 
2019-03-02 01:40:24,521 [I] Curr factor: [0, 0, 0, 0, 0, 0, 0, 0, 0, 0, 0, 0, 0, 1, 0, 0, 0, 0, 0, 1, 0]	(at main.py:61) 
2019-03-02 01:40:24,682 [I] Response: [True, True, True, True, True, True, True, True, True, True, True, True, True, False, False, True, True, True, True]	(at main.py:64) 
2019-03-02 01:40:24,682 [I] Iter idx: 161, Qsize: 23	(at main.py:59) 
2019-03-02 01:40:24,682 [I] Curr factor: [0, 0, 0, 0, 0, 0, 0, 0, 1, 0, 0, 0, 1, 1, 1, 0, 0, 0, 0, 0, 0]	(at main.py:61) 
2019-03-02 01:40:24,834 [I] Response: [True, True, True, True, True, True, True, True, True, False, False, True, False, False, False, False, True, True, True]	(at main.py:64) 
2019-03-02 01:40:24,835 [I] Iter idx: 162, Qsize: 22	(at main.py:59) 
2019-03-02 01:40:24,835 [I] Curr factor: [0, 0, 1, 1, 1, 1, 1, 1, 1, 1, 1, 1, 1, 1, 1, 1, 1, 0, 0, 0, 0]	(at main.py:61) 
2019-03-02 01:40:24,988 [I] Response: [True, True, True, True, True, False, False, False, False, False, False, False, False, False, False, False, False, False, False]	(at main.py:64) 
2019-03-02 01:40:24,988 [I] Iter idx: 163, Qsize: 21	(at main.py:59) 
2019-03-02 01:40:24,988 [I] Curr factor: [0, 0, 0, 0, 0, 0, 0, 1, 1, 0, 0, 0, 0, 0, 1, 0, 0, 0, 0, 0, 0]	(at main.py:61) 
2019-03-02 01:40:25,154 [I] Response: [True, True, True, True, True, True, True, True, True, False, False, True, False, False, False, False, True, True, True]	(at main.py:64) 
2019-03-02 01:40:25,154 [I] Iter idx: 164, Qsize: 20	(at main.py:59) 
2019-03-02 01:40:25,154 [I] Curr factor: [0, 0, 0, 0, 0, 1, 1, 1, 1, 0, 0, 0, 0, 0, 0, 0, 0, 0, 0, 0, 0]	(at main.py:61) 
2019-03-02 01:40:25,309 [I] Response: [True, True, True, True, True, True, False, False, True, False, False, True, True, True, True, True, True, True, True]	(at main.py:64) 
2019-03-02 01:40:25,309 [I] Iter idx: 165, Qsize: 19	(at main.py:59) 
2019-03-02 01:40:25,310 [I] Curr factor: [0, 0, 0, 0, 0, 0, 0, 0, 0, 0, 0, 0, 0, 0, 0, 0, 0, 1, 0, 1, 0]	(at main.py:61) 
2019-03-02 01:40:25,480 [I] Response: [True, True, True, True, True, True, True, True, True, True, True, True, True, True, True, True, True, True, True]	(at main.py:64) 
2019-03-02 01:40:25,480 [I] Iter idx: 166, Qsize: 18	(at main.py:59) 
2019-03-02 01:40:25,480 [I] Curr factor: [1, 0, 0, 0, 1, 1, 1, 1, 1, 1, 1, 1, 1, 1, 1, 1, 1, 0, 0, 0, 0]	(at main.py:61) 
2019-03-02 01:40:25,671 [I] Response: [True, True, True, True, True, False, False, False, False, False, False, False, False, False, False, False, False, False, False]	(at main.py:64) 
2019-03-02 01:40:25,672 [I] Iter idx: 167, Qsize: 17	(at main.py:59) 
2019-03-02 01:40:25,672 [I] Curr factor: [0, 0, 0, 0, 0, 0, 0, 0, 0, 0, 0, 0, 0, 0, 1, 0, 0, 1, 0, 0, 0]	(at main.py:61) 
2019-03-02 01:40:25,840 [I] Response: [True, True, True, True, True, True, True, True, True, True, True, True, False, False, False, False, True, True, True]	(at main.py:64) 
2019-03-02 01:40:25,841 [I] Iter idx: 168, Qsize: 16	(at main.py:59) 
2019-03-02 01:40:25,841 [I] Curr factor: [0, 0, 0, 0, 0, 1, 0, 0, 0, 1, 1, 1, 1, 1, 1, 1, 1, 0, 0, 0, 0]	(at main.py:61) 
2019-03-02 01:40:26,006 [I] Response: [True, True, True, True, True, True, False, False, True, False, False, True, False, False, False, False, False, False, False]	(at main.py:64) 
2019-03-02 01:40:26,006 [I] Iter idx: 169, Qsize: 15	(at main.py:59) 
2019-03-02 01:40:26,006 [I] Curr factor: [0, 0, 0, 0, 0, 0, 0, 0, 0, 0, 0, 0, 1, 1, 1, 0, 0, 1, 0, 0, 0]	(at main.py:61) 
2019-03-02 01:40:26,182 [I] Response: [True, True, True, True, True, True, True, True, True, True, True, True, False, False, False, False, True, True, True]	(at main.py:64) 
2019-03-02 01:40:26,182 [I] Iter idx: 170, Qsize: 14	(at main.py:59) 
2019-03-02 01:40:26,183 [I] Curr factor: [0, 0, 1, 0, 0, 0, 0, 0, 0, 1, 1, 1, 1, 1, 1, 1, 1, 0, 0, 0, 0]	(at main.py:61) 
2019-03-02 01:40:26,345 [I] Response: [True, True, True, True, False, True, True, True, True, True, True, True, False, False, False, False, False, False, False]	(at main.py:64) 
2019-03-02 01:40:26,346 [I] Iter idx: 171, Qsize: 13	(at main.py:59) 
2019-03-02 01:40:26,346 [I] Curr factor: [0, 0, 0, 0, 0, 1, 0, 0, 0, 0, 0, 0, 0, 1, 0, 0, 0, 0, 0, 0, 0]	(at main.py:61) 
2019-03-02 01:40:26,509 [I] Response: [True, True, True, True, True, True, False, False, True, False, False, True, True, False, False, True, True, True, True]	(at main.py:64) 
2019-03-02 01:40:26,509 [I] Iter idx: 172, Qsize: 12	(at main.py:59) 
2019-03-02 01:40:26,509 [I] Curr factor: [0, 0, 0, 0, 0, 0, 0, 0, 0, 0, 1, 1, 1, 1, 1, 0, 0, 0, 0, 1, 0]	(at main.py:61) 
2019-03-02 01:40:26,716 [I] Response: [True, True, True, True, True, True, True, True, True, True, True, True, False, False, False, False, True, True, True]	(at main.py:64) 
2019-03-02 01:40:26,716 [I] Iter idx: 173, Qsize: 11	(at main.py:59) 
2019-03-02 01:40:26,717 [I] Curr factor: [0, 0, 1, 0, 0, 0, 0, 0, 0, 0, 1, 1, 1, 1, 1, 0, 0, 0, 0, 0, 0]	(at main.py:61) 
2019-03-02 01:40:26,885 [I] Response: [True, True, True, True, False, True, True, True, True, True, True, True, False, False, False, False, True, True, True]	(at main.py:64) 
2019-03-02 01:40:26,886 [I] Iter idx: 174, Qsize: 10	(at main.py:59) 
2019-03-02 01:40:26,886 [I] Curr factor: [0, 0, 0, 0, 0, 0, 0, 0, 0, 0, 1, 1, 1, 1, 1, 0, 0, 0, 1, 1, 1]	(at main.py:61) 
2019-03-02 01:40:27,210 [I] Response: [True, True, True, True, True, True, True, True, True, True, True, True, False, False, False, False, False, True, True]	(at main.py:64) 
2019-03-02 01:40:27,211 [I] Iter idx: 175, Qsize: 9	(at main.py:59) 
2019-03-02 01:40:27,211 [I] Curr factor: [0, 1, 0, 0, 0, 0, 0, 0, 0, 0, 1, 1, 1, 1, 1, 0, 0, 0, 0, 0, 0]	(at main.py:61) 
2019-03-02 01:40:27,437 [I] Response: [True, True, True, False, True, True, True, True, True, True, True, True, False, False, False, False, True, True, True]	(at main.py:64) 
2019-03-02 01:40:27,438 [I] Iter idx: 176, Qsize: 8	(at main.py:59) 
2019-03-02 01:40:27,438 [I] Curr factor: [0, 0, 0, 0, 0, 1, 0, 0, 0, 0, 0, 0, 0, 0, 0, 1, 1, 0, 0, 0, 0]	(at main.py:61) 
2019-03-02 01:40:27,622 [I] Response: [True, True, True, True, True, True, False, False, True, False, False, True, False, False, False, False, False, True, True]	(at main.py:64) 
2019-03-02 01:40:27,623 [I] Iter idx: 177, Qsize: 7	(at main.py:59) 
2019-03-02 01:40:27,623 [I] Curr factor: [1, 0, 0, 0, 0, 0, 1, 1, 1, 0, 0, 0, 0, 0, 0, 0, 0, 0, 0, 0, 0]	(at main.py:61) 
2019-03-02 01:40:27,998 [I] Response: [True, True, True, True, True, True, True, True, True, False, False, True, True, True, True, True, True, True, True]	(at main.py:64) 
2019-03-02 01:40:27,999 [I] Iter idx: 178, Qsize: 6	(at main.py:59) 
2019-03-02 01:40:27,999 [I] Curr factor: [1, 1, 0, 0, 0, 0, 0, 0, 0, 0, 0, 0, 0, 0, 0, 0, 0, 0, 0, 0, 0]	(at main.py:61) 
2019-03-02 01:40:28,216 [I] Response: [True, True, False, False, True, True, False, False, True, True, True, True, False, False, False, False, True, True, True]	(at main.py:64) 
2019-03-02 01:40:28,217 [I] Iter idx: 179, Qsize: 5	(at main.py:59) 
2019-03-02 01:40:28,217 [I] Curr factor: [0, 0, 0, 0, 0, 0, 0, 1, 1, 0, 0, 1, 1, 1, 1, 0, 0, 0, 0, 0, 0]	(at main.py:61) 
2019-03-02 01:40:28,417 [I] Response: [True, True, True, True, True, True, True, True, True, False, False, True, False, False, False, False, True, True, True]	(at main.py:64) 
2019-03-02 01:40:28,418 [I] Iter idx: 180, Qsize: 4	(at main.py:59) 
2019-03-02 01:40:28,418 [I] Curr factor: [0, 0, 0, 0, 0, 0, 0, 0, 0, 0, 0, 0, 0, 1, 1, 0, 0, 0, 0, 0, 0]	(at main.py:61) 
2019-03-02 01:40:28,612 [I] Response: [True, True, True, True, True, True, True, True, True, True, True, True, False, False, False, False, True, True, True]	(at main.py:64) 
2019-03-02 01:40:28,613 [I] Iter idx: 181, Qsize: 3	(at main.py:59) 
2019-03-02 01:40:28,613 [I] Curr factor: [0, 0, 0, 1, 1, 1, 1, 1, 1, 1, 1, 1, 1, 1, 1, 1, 1, 1, 0, 0, 0]	(at main.py:61) 
2019-03-02 01:40:28,775 [I] Response: [True, True, True, True, True, False, False, False, False, False, False, False, False, False, False, False, False, False, False]	(at main.py:64) 
2019-03-02 01:40:28,776 [I] Iter idx: 182, Qsize: 2	(at main.py:59) 
2019-03-02 01:40:28,776 [I] Curr factor: [0, 0, 0, 0, 0, 0, 0, 0, 0, 1, 1, 1, 1, 1, 1, 1, 1, 0, 0, 0, 1]	(at main.py:61) 
2019-03-02 01:40:28,929 [I] Response: [True, True, True, True, True, True, True, True, True, True, True, True, False, False, False, False, False, False, False]	(at main.py:64) 
2019-03-02 01:40:28,929 [I] Iter idx: 183, Qsize: 1	(at main.py:59) 
2019-03-02 01:40:28,930 [I] Curr factor: [0, 1, 0, 0, 0, 0, 0, 0, 0, 0, 0, 0, 0, 0, 0, 0, 0, 1, 0, 0, 0]	(at main.py:61) 
2019-03-02 01:40:29,090 [I] Response: [True, True, True, False, True, True, True, True, True, True, True, True, False, False, False, False, True, True, True]	(at main.py:64) 
2019-03-02 01:40:29,091 [I] Iter idx: 184, Qsize: 0	(at main.py:59) 
2019-03-02 01:40:29,091 [I] Curr factor: [0, 0, 0, 0, 0, 0, 0, 0, 0, 0, 0, 1, 1, 1, 1, 0, 1, 0, 0, 0, 0]	(at main.py:61) 
2019-03-02 01:40:29,368 [I] Response: [True, True, True, True, True, True, True, True, True, True, True, True, False, False, False, False, True, True, True]	(at main.py:64) 
2019-03-02 01:40:29,368 [I] End iteration. Save model.	(at main.py:70) 
2019-03-02 01:40:29,404 [I] Model saved. End program.	(at main.py:72) 
