2019-03-02 02:02:31,384 [I] 	(at main.py:29) 
2019-03-02 02:02:31,384 [I] ===== START - RUN ==============================================	(at main.py:32) 
2019-03-02 02:02:31,385 [D] Title: RUN, Job key: RUN_2019-03-02_02:02:31	(at main.py:40) 
2019-03-02 02:02:31,385 [I] Load config file.	(at main.py:56) 
2019-03-02 02:02:31,385 [D] Loading config from ['/home/bohrok/Documents/DM/output/orbs/wc/11/config/config.ini']	(at config.py:16) 
2019-03-02 02:02:31,385 [D] Load config successfully!	(at config.py:19) 
2019-03-02 02:02:31,385 [D] Initialize directory: .	(at workspace.py:10) 
2019-03-02 02:02:31,385 [I] Initialize workspace.	(at main.py:64) 
2019-03-02 02:02:31,386 [I] Working directory path: /home/bohrok/Documents/DM/output/orbs/wc/11/work	(at workspace.py:41) 
2019-03-02 02:02:31,387 [D] Record the config on workspace.	(at workspace.py:62) 
2019-03-02 02:02:31,387 [I] No PRE stage.	(at main.py:73) 
2019-03-02 02:02:31,388 [I] Construct SliceSpace.	(at main.py:76) 
2019-03-02 02:02:31,388 [I] Compile the system.	(at slicespace.py:148) 
2019-03-02 02:02:31,420 [I] Execute the system.	(at slicespace.py:160) 
2019-03-02 02:02:31,433 [I] Compile the system again (sanity check).	(at slicespace.py:174) 
2019-03-02 02:02:31,468 [I] Execute the system again (sanity check).	(at slicespace.py:188) 
2019-03-02 02:02:31,483 [I] Construct deletion operators.	(at main.py:80) 
2019-03-02 02:02:31,484 [I] Run ORBS stage.	(at main.py:85) 
2019-03-02 02:02:31,484 [I] ORBS starts...	(at orbs.py:53) 
2019-03-02 02:02:31,500 [D] subprocess cmd: ['source compile.sh /home/bohrok/Documents/DM/output/orbs/wc/11/work'], stdout: b''	(at ex_script.py:45) 
2019-03-02 02:02:31,501 [D] -:F:n:WD_1:wc.c:48	(at logger.py:129) 
2019-03-02 02:02:31,517 [D] subprocess cmd: ['source compile.sh /home/bohrok/Documents/DM/output/orbs/wc/11/work'], stdout: b''	(at ex_script.py:45) 
2019-03-02 02:02:31,517 [D] ┌:F:n:WD_2:wc.c:48	(at logger.py:129) 
2019-03-02 02:02:31,517 [D] └:F:n:WD_2:wc.c:47	(at logger.py:129) 
2019-03-02 02:02:31,533 [D] subprocess cmd: ['source compile.sh /home/bohrok/Documents/DM/output/orbs/wc/11/work'], stdout: b''	(at ex_script.py:45) 
2019-03-02 02:02:31,534 [D] ┌:F:n:WD_3:wc.c:48	(at logger.py:129) 
2019-03-02 02:02:31,534 [D] |:F:n:WD_3:wc.c:47	(at logger.py:129) 
2019-03-02 02:02:31,534 [D] └:F:n:WD_3:wc.c:46	(at logger.py:129) 
2019-03-02 02:02:31,549 [D] subprocess cmd: ['source compile.sh /home/bohrok/Documents/DM/output/orbs/wc/11/work'], stdout: b''	(at ex_script.py:45) 
2019-03-02 02:02:31,550 [D] -:F:n:WD_1:wc.c:47	(at logger.py:129) 
2019-03-02 02:02:31,566 [D] subprocess cmd: ['source compile.sh /home/bohrok/Documents/DM/output/orbs/wc/11/work'], stdout: b''	(at ex_script.py:45) 
2019-03-02 02:02:31,567 [D] ┌:F:n:WD_2:wc.c:47	(at logger.py:129) 
2019-03-02 02:02:31,567 [D] └:F:n:WD_2:wc.c:46	(at logger.py:129) 
2019-03-02 02:02:31,584 [D] subprocess cmd: ['source compile.sh /home/bohrok/Documents/DM/output/orbs/wc/11/work'], stdout: b''	(at ex_script.py:45) 
2019-03-02 02:02:31,584 [D] ┌:F:n:WD_3:wc.c:47	(at logger.py:129) 
2019-03-02 02:02:31,584 [D] |:F:n:WD_3:wc.c:46	(at logger.py:129) 
2019-03-02 02:02:31,584 [D] └:F:n:WD_3:wc.c:45	(at logger.py:129) 
2019-03-02 02:02:31,633 [D] -:C:n:WD_1:wc.c:46	(at logger.py:129) 
2019-03-02 02:02:31,648 [D] subprocess cmd: ['source compile.sh /home/bohrok/Documents/DM/output/orbs/wc/11/work'], stdout: b''	(at ex_script.py:45) 
2019-03-02 02:02:31,648 [D] ┌:F:n:WD_2:wc.c:46	(at logger.py:129) 
2019-03-02 02:02:31,648 [D] └:F:n:WD_2:wc.c:45	(at logger.py:129) 
2019-03-02 02:02:31,663 [D] subprocess cmd: ['source compile.sh /home/bohrok/Documents/DM/output/orbs/wc/11/work'], stdout: b''	(at ex_script.py:45) 
2019-03-02 02:02:31,663 [D] ┌:F:n:WD_3:wc.c:46	(at logger.py:129) 
2019-03-02 02:02:31,663 [D] |:F:n:WD_3:wc.c:45	(at logger.py:129) 
2019-03-02 02:02:31,663 [D] └:F:n:WD_3:wc.c:44	(at logger.py:129) 
2019-03-02 02:02:31,676 [D] subprocess cmd: ['source compile.sh /home/bohrok/Documents/DM/output/orbs/wc/11/work'], stdout: b''	(at ex_script.py:45) 
2019-03-02 02:02:31,677 [D] -:F:n:WD_1:wc.c:45	(at logger.py:129) 
2019-03-02 02:02:31,689 [D] subprocess cmd: ['source compile.sh /home/bohrok/Documents/DM/output/orbs/wc/11/work'], stdout: b''	(at ex_script.py:45) 
2019-03-02 02:02:31,689 [D] ┌:F:n:WD_2:wc.c:45	(at logger.py:129) 
2019-03-02 02:02:31,689 [D] └:F:n:WD_2:wc.c:44	(at logger.py:129) 
2019-03-02 02:02:31,725 [D] ┌:C:c:WD_3:wc.c:45	(at logger.py:129) 
2019-03-02 02:02:31,725 [D] |:C:c:WD_3:wc.c:44	(at logger.py:129) 
2019-03-02 02:02:31,725 [D] └:C:c:WD_3:wc.c:43	(at logger.py:129) 
2019-03-02 02:02:31,761 [D] -:P:c:WD_1:wc.c:44	(at logger.py:129) 
2019-03-02 02:02:31,775 [D] subprocess cmd: ['source compile.sh /home/bohrok/Documents/DM/output/orbs/wc/11/work'], stdout: b''	(at ex_script.py:45) 
2019-03-02 02:02:31,775 [D] -:F:n:WD_1:wc.c:43	(at logger.py:129) 
2019-03-02 02:02:31,788 [D] subprocess cmd: ['source compile.sh /home/bohrok/Documents/DM/output/orbs/wc/11/work'], stdout: b''	(at ex_script.py:45) 
2019-03-02 02:02:31,789 [D] ┌:F:n:WD_2:wc.c:43	(at logger.py:129) 
2019-03-02 02:02:31,789 [D] └:F:n:WD_2:wc.c:42	(at logger.py:129) 
2019-03-02 02:02:31,836 [D] ┌:C:n:WD_3:wc.c:43	(at logger.py:129) 
2019-03-02 02:02:31,837 [D] |:C:n:WD_3:wc.c:42	(at logger.py:129) 
2019-03-02 02:02:31,837 [D] └:C:n:WD_3:wc.c:41	(at logger.py:129) 
2019-03-02 02:02:31,887 [D] subprocess cmd: ['source execute.sh /home/bohrok/Documents/DM/output/orbs/wc/11/work'], stdout: b''	(at ex_script.py:45) 
2019-03-02 02:02:31,887 [D] -:C:n:WD_1:wc.c:42	(at logger.py:129) 
2019-03-02 02:02:31,903 [D] subprocess cmd: ['source compile.sh /home/bohrok/Documents/DM/output/orbs/wc/11/work'], stdout: b''	(at ex_script.py:45) 
2019-03-02 02:02:31,903 [D] ┌:F:n:WD_2:wc.c:42	(at logger.py:129) 
2019-03-02 02:02:31,903 [D] └:F:n:WD_2:wc.c:41	(at logger.py:129) 
2019-03-02 02:02:31,918 [D] subprocess cmd: ['source compile.sh /home/bohrok/Documents/DM/output/orbs/wc/11/work'], stdout: b''	(at ex_script.py:45) 
2019-03-02 02:02:31,919 [D] ┌:F:n:WD_3:wc.c:42	(at logger.py:129) 
2019-03-02 02:02:31,919 [D] |:F:n:WD_3:wc.c:41	(at logger.py:129) 
2019-03-02 02:02:31,919 [D] └:F:n:WD_3:wc.c:40	(at logger.py:129) 
2019-03-02 02:02:31,933 [D] subprocess cmd: ['source compile.sh /home/bohrok/Documents/DM/output/orbs/wc/11/work'], stdout: b''	(at ex_script.py:45) 
2019-03-02 02:02:31,933 [D] -:F:n:WD_1:wc.c:41	(at logger.py:129) 
2019-03-02 02:02:31,948 [D] subprocess cmd: ['source compile.sh /home/bohrok/Documents/DM/output/orbs/wc/11/work'], stdout: b''	(at ex_script.py:45) 
2019-03-02 02:02:31,948 [D] ┌:F:n:WD_2:wc.c:41	(at logger.py:129) 
2019-03-02 02:02:31,948 [D] └:F:n:WD_2:wc.c:40	(at logger.py:129) 
2019-03-02 02:02:32,001 [D] subprocess cmd: ['source compile.sh /home/bohrok/Documents/DM/output/orbs/wc/11/work'], stdout: b''	(at ex_script.py:45) 
2019-03-02 02:02:32,002 [D] ┌:F:n:WD_3:wc.c:41	(at logger.py:129) 
2019-03-02 02:02:32,002 [D] |:F:n:WD_3:wc.c:40	(at logger.py:129) 
2019-03-02 02:02:32,002 [D] └:F:n:WD_3:wc.c:39	(at logger.py:129) 
2019-03-02 02:02:32,042 [D] subprocess cmd: ['source compile.sh /home/bohrok/Documents/DM/output/orbs/wc/11/work'], stdout: b''	(at ex_script.py:45) 
2019-03-02 02:02:32,042 [D] -:F:n:WD_1:wc.c:40	(at logger.py:129) 
2019-03-02 02:02:32,125 [D] ┌:C:n:WD_2:wc.c:40	(at logger.py:129) 
2019-03-02 02:02:32,125 [D] └:C:n:WD_2:wc.c:39	(at logger.py:129) 
2019-03-02 02:02:32,172 [D] ┌:C:n:WD_3:wc.c:40	(at logger.py:129) 
2019-03-02 02:02:32,172 [D] |:C:n:WD_3:wc.c:39	(at logger.py:129) 
2019-03-02 02:02:32,172 [D] └:C:n:WD_3:wc.c:38	(at logger.py:129) 
2019-03-02 02:02:32,184 [D] subprocess cmd: ['source compile.sh /home/bohrok/Documents/DM/output/orbs/wc/11/work'], stdout: b''	(at ex_script.py:45) 
2019-03-02 02:02:32,184 [D] -:F:n:WD_1:wc.c:39	(at logger.py:129) 
2019-03-02 02:02:32,199 [D] subprocess cmd: ['source compile.sh /home/bohrok/Documents/DM/output/orbs/wc/11/work'], stdout: b''	(at ex_script.py:45) 
2019-03-02 02:02:32,199 [D] ┌:F:n:WD_2:wc.c:39	(at logger.py:129) 
2019-03-02 02:02:32,199 [D] └:F:n:WD_2:wc.c:38	(at logger.py:129) 
2019-03-02 02:02:32,217 [D] subprocess cmd: ['source compile.sh /home/bohrok/Documents/DM/output/orbs/wc/11/work'], stdout: b''	(at ex_script.py:45) 
2019-03-02 02:02:32,217 [D] ┌:F:n:WD_3:wc.c:39	(at logger.py:129) 
2019-03-02 02:02:32,217 [D] |:F:n:WD_3:wc.c:38	(at logger.py:129) 
2019-03-02 02:02:32,217 [D] └:F:n:WD_3:wc.c:37	(at logger.py:129) 
2019-03-02 02:02:32,271 [D] -:P:n:WD_1:wc.c:38	(at logger.py:129) 
2019-03-02 02:02:32,288 [D] subprocess cmd: ['source compile.sh /home/bohrok/Documents/DM/output/orbs/wc/11/work'], stdout: b''	(at ex_script.py:45) 
2019-03-02 02:02:32,288 [D] -:F:n:WD_1:wc.c:37	(at logger.py:129) 
2019-03-02 02:02:32,302 [D] subprocess cmd: ['source compile.sh /home/bohrok/Documents/DM/output/orbs/wc/11/work'], stdout: b''	(at ex_script.py:45) 
2019-03-02 02:02:32,302 [D] ┌:F:n:WD_2:wc.c:37	(at logger.py:129) 
2019-03-02 02:02:32,302 [D] └:F:n:WD_2:wc.c:36	(at logger.py:129) 
2019-03-02 02:02:32,341 [D] subprocess cmd: ['source compile.sh /home/bohrok/Documents/DM/output/orbs/wc/11/work'], stdout: b''	(at ex_script.py:45) 
2019-03-02 02:02:32,341 [D] ┌:F:n:WD_3:wc.c:37	(at logger.py:129) 
2019-03-02 02:02:32,341 [D] |:F:n:WD_3:wc.c:36	(at logger.py:129) 
2019-03-02 02:02:32,341 [D] └:F:n:WD_3:wc.c:35	(at logger.py:129) 
2019-03-02 02:02:32,354 [D] subprocess cmd: ['source compile.sh /home/bohrok/Documents/DM/output/orbs/wc/11/work'], stdout: b''	(at ex_script.py:45) 
2019-03-02 02:02:32,354 [D] -:F:n:WD_1:wc.c:36	(at logger.py:129) 
2019-03-02 02:02:32,367 [D] subprocess cmd: ['source compile.sh /home/bohrok/Documents/DM/output/orbs/wc/11/work'], stdout: b''	(at ex_script.py:45) 
2019-03-02 02:02:32,368 [D] ┌:F:n:WD_2:wc.c:36	(at logger.py:129) 
2019-03-02 02:02:32,368 [D] └:F:n:WD_2:wc.c:35	(at logger.py:129) 
2019-03-02 02:02:32,384 [D] subprocess cmd: ['source compile.sh /home/bohrok/Documents/DM/output/orbs/wc/11/work'], stdout: b''	(at ex_script.py:45) 
2019-03-02 02:02:32,384 [D] ┌:F:n:WD_3:wc.c:36	(at logger.py:129) 
2019-03-02 02:02:32,384 [D] |:F:n:WD_3:wc.c:35	(at logger.py:129) 
2019-03-02 02:02:32,384 [D] └:F:n:WD_3:wc.c:34	(at logger.py:129) 
2019-03-02 02:02:32,400 [D] subprocess cmd: ['source compile.sh /home/bohrok/Documents/DM/output/orbs/wc/11/work'], stdout: b''	(at ex_script.py:45) 
2019-03-02 02:02:32,400 [D] -:F:n:WD_1:wc.c:35	(at logger.py:129) 
2019-03-02 02:02:32,415 [D] subprocess cmd: ['source compile.sh /home/bohrok/Documents/DM/output/orbs/wc/11/work'], stdout: b''	(at ex_script.py:45) 
2019-03-02 02:02:32,415 [D] ┌:F:n:WD_2:wc.c:35	(at logger.py:129) 
2019-03-02 02:02:32,415 [D] └:F:n:WD_2:wc.c:34	(at logger.py:129) 
2019-03-02 02:02:32,429 [D] subprocess cmd: ['source compile.sh /home/bohrok/Documents/DM/output/orbs/wc/11/work'], stdout: b''	(at ex_script.py:45) 
2019-03-02 02:02:32,430 [D] ┌:F:n:WD_3:wc.c:35	(at logger.py:129) 
2019-03-02 02:02:32,430 [D] |:F:n:WD_3:wc.c:34	(at logger.py:129) 
2019-03-02 02:02:32,430 [D] └:F:n:WD_3:wc.c:33	(at logger.py:129) 
2019-03-02 02:02:32,444 [D] subprocess cmd: ['source compile.sh /home/bohrok/Documents/DM/output/orbs/wc/11/work'], stdout: b''	(at ex_script.py:45) 
2019-03-02 02:02:32,444 [D] -:F:n:WD_1:wc.c:34	(at logger.py:129) 
2019-03-02 02:02:32,459 [D] subprocess cmd: ['source compile.sh /home/bohrok/Documents/DM/output/orbs/wc/11/work'], stdout: b''	(at ex_script.py:45) 
2019-03-02 02:02:32,459 [D] ┌:F:n:WD_2:wc.c:34	(at logger.py:129) 
2019-03-02 02:02:32,459 [D] └:F:n:WD_2:wc.c:33	(at logger.py:129) 
2019-03-02 02:02:32,474 [D] subprocess cmd: ['source compile.sh /home/bohrok/Documents/DM/output/orbs/wc/11/work'], stdout: b''	(at ex_script.py:45) 
2019-03-02 02:02:32,475 [D] ┌:F:n:WD_3:wc.c:34	(at logger.py:129) 
2019-03-02 02:02:32,475 [D] |:F:n:WD_3:wc.c:33	(at logger.py:129) 
2019-03-02 02:02:32,475 [D] └:F:n:WD_3:wc.c:32	(at logger.py:129) 
2019-03-02 02:02:32,493 [D] subprocess cmd: ['source compile.sh /home/bohrok/Documents/DM/output/orbs/wc/11/work'], stdout: b''	(at ex_script.py:45) 
2019-03-02 02:02:32,493 [D] -:F:n:WD_1:wc.c:33	(at logger.py:129) 
2019-03-02 02:02:32,508 [D] subprocess cmd: ['source compile.sh /home/bohrok/Documents/DM/output/orbs/wc/11/work'], stdout: b''	(at ex_script.py:45) 
2019-03-02 02:02:32,509 [D] ┌:F:n:WD_2:wc.c:33	(at logger.py:129) 
2019-03-02 02:02:32,509 [D] └:F:n:WD_2:wc.c:32	(at logger.py:129) 
2019-03-02 02:02:32,524 [D] subprocess cmd: ['source compile.sh /home/bohrok/Documents/DM/output/orbs/wc/11/work'], stdout: b''	(at ex_script.py:45) 
2019-03-02 02:02:32,524 [D] ┌:F:n:WD_3:wc.c:33	(at logger.py:129) 
2019-03-02 02:02:32,524 [D] |:F:n:WD_3:wc.c:32	(at logger.py:129) 
2019-03-02 02:02:32,524 [D] └:F:n:WD_3:wc.c:31	(at logger.py:129) 
2019-03-02 02:02:32,577 [D] -:C:n:WD_1:wc.c:32	(at logger.py:129) 
2019-03-02 02:02:32,591 [D] subprocess cmd: ['source compile.sh /home/bohrok/Documents/DM/output/orbs/wc/11/work'], stdout: b''	(at ex_script.py:45) 
2019-03-02 02:02:32,592 [D] ┌:F:n:WD_2:wc.c:32	(at logger.py:129) 
2019-03-02 02:02:32,592 [D] └:F:n:WD_2:wc.c:31	(at logger.py:129) 
2019-03-02 02:02:32,607 [D] subprocess cmd: ['source compile.sh /home/bohrok/Documents/DM/output/orbs/wc/11/work'], stdout: b''	(at ex_script.py:45) 
2019-03-02 02:02:32,607 [D] ┌:F:n:WD_3:wc.c:32	(at logger.py:129) 
2019-03-02 02:02:32,607 [D] |:F:n:WD_3:wc.c:31	(at logger.py:129) 
2019-03-02 02:02:32,607 [D] └:F:n:WD_3:wc.c:30	(at logger.py:129) 
2019-03-02 02:02:32,622 [D] subprocess cmd: ['source compile.sh /home/bohrok/Documents/DM/output/orbs/wc/11/work'], stdout: b''	(at ex_script.py:45) 
2019-03-02 02:02:32,623 [D] -:F:n:WD_1:wc.c:31	(at logger.py:129) 
2019-03-02 02:02:32,638 [D] subprocess cmd: ['source compile.sh /home/bohrok/Documents/DM/output/orbs/wc/11/work'], stdout: b''	(at ex_script.py:45) 
2019-03-02 02:02:32,639 [D] ┌:F:n:WD_2:wc.c:31	(at logger.py:129) 
2019-03-02 02:02:32,639 [D] └:F:n:WD_2:wc.c:30	(at logger.py:129) 
2019-03-02 02:02:32,692 [D] ┌:C:n:WD_3:wc.c:31	(at logger.py:129) 
2019-03-02 02:02:32,692 [D] |:C:n:WD_3:wc.c:30	(at logger.py:129) 
2019-03-02 02:02:32,692 [D] └:C:n:WD_3:wc.c:29	(at logger.py:129) 
2019-03-02 02:02:32,742 [D] -:C:n:WD_1:wc.c:30	(at logger.py:129) 
2019-03-02 02:02:32,756 [D] subprocess cmd: ['source compile.sh /home/bohrok/Documents/DM/output/orbs/wc/11/work'], stdout: b''	(at ex_script.py:45) 
2019-03-02 02:02:32,757 [D] ┌:F:n:WD_2:wc.c:30	(at logger.py:129) 
2019-03-02 02:02:32,757 [D] └:F:n:WD_2:wc.c:29	(at logger.py:129) 
2019-03-02 02:02:32,771 [D] subprocess cmd: ['source compile.sh /home/bohrok/Documents/DM/output/orbs/wc/11/work'], stdout: b''	(at ex_script.py:45) 
2019-03-02 02:02:32,771 [D] ┌:F:n:WD_3:wc.c:30	(at logger.py:129) 
2019-03-02 02:02:32,772 [D] |:F:n:WD_3:wc.c:29	(at logger.py:129) 
2019-03-02 02:02:32,772 [D] └:F:n:WD_3:wc.c:28	(at logger.py:129) 
2019-03-02 02:02:32,785 [D] subprocess cmd: ['source compile.sh /home/bohrok/Documents/DM/output/orbs/wc/11/work'], stdout: b''	(at ex_script.py:45) 
2019-03-02 02:02:32,786 [D] -:F:n:WD_1:wc.c:29	(at logger.py:129) 
2019-03-02 02:02:32,801 [D] subprocess cmd: ['source compile.sh /home/bohrok/Documents/DM/output/orbs/wc/11/work'], stdout: b''	(at ex_script.py:45) 
2019-03-02 02:02:32,802 [D] ┌:F:n:WD_2:wc.c:29	(at logger.py:129) 
2019-03-02 02:02:32,802 [D] └:F:n:WD_2:wc.c:28	(at logger.py:129) 
2019-03-02 02:02:32,818 [D] subprocess cmd: ['source compile.sh /home/bohrok/Documents/DM/output/orbs/wc/11/work'], stdout: b''	(at ex_script.py:45) 
2019-03-02 02:02:32,818 [D] ┌:F:n:WD_3:wc.c:29	(at logger.py:129) 
2019-03-02 02:02:32,818 [D] |:F:n:WD_3:wc.c:28	(at logger.py:129) 
2019-03-02 02:02:32,818 [D] └:F:n:WD_3:wc.c:27	(at logger.py:129) 
2019-03-02 02:02:32,834 [D] subprocess cmd: ['source compile.sh /home/bohrok/Documents/DM/output/orbs/wc/11/work'], stdout: b''	(at ex_script.py:45) 
2019-03-02 02:02:32,834 [D] -:F:n:WD_1:wc.c:28	(at logger.py:129) 
2019-03-02 02:02:32,850 [D] subprocess cmd: ['source compile.sh /home/bohrok/Documents/DM/output/orbs/wc/11/work'], stdout: b''	(at ex_script.py:45) 
2019-03-02 02:02:32,850 [D] ┌:F:n:WD_2:wc.c:28	(at logger.py:129) 
2019-03-02 02:02:32,850 [D] └:F:n:WD_2:wc.c:27	(at logger.py:129) 
2019-03-02 02:02:32,869 [D] subprocess cmd: ['source compile.sh /home/bohrok/Documents/DM/output/orbs/wc/11/work'], stdout: b''	(at ex_script.py:45) 
2019-03-02 02:02:32,870 [D] ┌:F:n:WD_3:wc.c:28	(at logger.py:129) 
2019-03-02 02:02:32,870 [D] |:F:n:WD_3:wc.c:27	(at logger.py:129) 
2019-03-02 02:02:32,870 [D] └:F:n:WD_3:wc.c:26	(at logger.py:129) 
2019-03-02 02:02:32,918 [D] -:C:n:WD_1:wc.c:27	(at logger.py:129) 
2019-03-02 02:02:32,970 [D] ┌:C:n:WD_2:wc.c:27	(at logger.py:129) 
2019-03-02 02:02:32,970 [D] └:C:n:WD_2:wc.c:26	(at logger.py:129) 
2019-03-02 02:02:32,986 [D] subprocess cmd: ['source compile.sh /home/bohrok/Documents/DM/output/orbs/wc/11/work'], stdout: b''	(at ex_script.py:45) 
2019-03-02 02:02:32,986 [D] ┌:F:n:WD_3:wc.c:27	(at logger.py:129) 
2019-03-02 02:02:32,986 [D] |:F:n:WD_3:wc.c:26	(at logger.py:129) 
2019-03-02 02:02:32,986 [D] └:F:n:WD_3:wc.c:25	(at logger.py:129) 
2019-03-02 02:02:33,042 [D] -:P:n:WD_1:wc.c:26	(at logger.py:129) 
2019-03-02 02:02:33,059 [D] subprocess cmd: ['source compile.sh /home/bohrok/Documents/DM/output/orbs/wc/11/work'], stdout: b''	(at ex_script.py:45) 
2019-03-02 02:02:33,059 [D] -:F:n:WD_1:wc.c:25	(at logger.py:129) 
2019-03-02 02:02:33,077 [D] subprocess cmd: ['source compile.sh /home/bohrok/Documents/DM/output/orbs/wc/11/work'], stdout: b''	(at ex_script.py:45) 
2019-03-02 02:02:33,077 [D] ┌:F:n:WD_2:wc.c:25	(at logger.py:129) 
2019-03-02 02:02:33,077 [D] └:F:n:WD_2:wc.c:24	(at logger.py:129) 
2019-03-02 02:02:33,094 [D] subprocess cmd: ['source compile.sh /home/bohrok/Documents/DM/output/orbs/wc/11/work'], stdout: b''	(at ex_script.py:45) 
2019-03-02 02:02:33,094 [D] ┌:F:n:WD_3:wc.c:25	(at logger.py:129) 
2019-03-02 02:02:33,094 [D] |:F:n:WD_3:wc.c:24	(at logger.py:129) 
2019-03-02 02:02:33,094 [D] └:F:n:WD_3:wc.c:23	(at logger.py:129) 
2019-03-02 02:02:33,144 [D] -:P:n:WD_1:wc.c:24	(at logger.py:129) 
2019-03-02 02:02:33,194 [D] subprocess cmd: ['source execute.sh /home/bohrok/Documents/DM/output/orbs/wc/11/work'], stdout: b''	(at ex_script.py:45) 
2019-03-02 02:02:33,194 [D] -:C:n:WD_1:wc.c:23	(at logger.py:129) 
2019-03-02 02:02:33,227 [D] ┌:C:c:WD_2:wc.c:23	(at logger.py:129) 
2019-03-02 02:02:33,227 [D] └:C:c:WD_2:wc.c:22	(at logger.py:129) 
2019-03-02 02:02:33,241 [D] subprocess cmd: ['source compile.sh /home/bohrok/Documents/DM/output/orbs/wc/11/work'], stdout: b''	(at ex_script.py:45) 
2019-03-02 02:02:33,241 [D] ┌:F:n:WD_3:wc.c:23	(at logger.py:129) 
2019-03-02 02:02:33,241 [D] |:F:n:WD_3:wc.c:22	(at logger.py:129) 
2019-03-02 02:02:33,241 [D] └:F:n:WD_3:wc.c:21	(at logger.py:129) 
2019-03-02 02:02:33,276 [D] -:P:c:WD_1:wc.c:22	(at logger.py:129) 
2019-03-02 02:02:33,292 [D] subprocess cmd: ['source compile.sh /home/bohrok/Documents/DM/output/orbs/wc/11/work'], stdout: b''	(at ex_script.py:45) 
2019-03-02 02:02:33,292 [D] -:F:n:WD_1:wc.c:21	(at logger.py:129) 
2019-03-02 02:02:33,304 [D] subprocess cmd: ['source compile.sh /home/bohrok/Documents/DM/output/orbs/wc/11/work'], stdout: b''	(at ex_script.py:45) 
2019-03-02 02:02:33,305 [D] ┌:F:n:WD_2:wc.c:21	(at logger.py:129) 
2019-03-02 02:02:33,305 [D] └:F:n:WD_2:wc.c:20	(at logger.py:129) 
2019-03-02 02:02:33,352 [D] ┌:C:n:WD_3:wc.c:21	(at logger.py:129) 
2019-03-02 02:02:33,352 [D] |:C:n:WD_3:wc.c:20	(at logger.py:129) 
2019-03-02 02:02:33,353 [D] └:C:n:WD_3:wc.c:19	(at logger.py:129) 
2019-03-02 02:02:33,365 [D] subprocess cmd: ['source compile.sh /home/bohrok/Documents/DM/output/orbs/wc/11/work'], stdout: b''	(at ex_script.py:45) 
2019-03-02 02:02:33,366 [D] -:F:n:WD_1:wc.c:20	(at logger.py:129) 
2019-03-02 02:02:33,378 [D] subprocess cmd: ['source compile.sh /home/bohrok/Documents/DM/output/orbs/wc/11/work'], stdout: b''	(at ex_script.py:45) 
2019-03-02 02:02:33,378 [D] ┌:F:n:WD_2:wc.c:20	(at logger.py:129) 
2019-03-02 02:02:33,378 [D] └:F:n:WD_2:wc.c:19	(at logger.py:129) 
2019-03-02 02:02:33,393 [D] subprocess cmd: ['source compile.sh /home/bohrok/Documents/DM/output/orbs/wc/11/work'], stdout: b''	(at ex_script.py:45) 
2019-03-02 02:02:33,393 [D] ┌:F:n:WD_3:wc.c:20	(at logger.py:129) 
2019-03-02 02:02:33,394 [D] |:F:n:WD_3:wc.c:19	(at logger.py:129) 
2019-03-02 02:02:33,394 [D] └:F:n:WD_3:wc.c:18	(at logger.py:129) 
2019-03-02 02:02:33,408 [D] subprocess cmd: ['source compile.sh /home/bohrok/Documents/DM/output/orbs/wc/11/work'], stdout: b''	(at ex_script.py:45) 
2019-03-02 02:02:33,409 [D] -:F:n:WD_1:wc.c:19	(at logger.py:129) 
2019-03-02 02:02:33,421 [D] subprocess cmd: ['source compile.sh /home/bohrok/Documents/DM/output/orbs/wc/11/work'], stdout: b''	(at ex_script.py:45) 
2019-03-02 02:02:33,421 [D] ┌:F:n:WD_2:wc.c:19	(at logger.py:129) 
2019-03-02 02:02:33,421 [D] └:F:n:WD_2:wc.c:18	(at logger.py:129) 
2019-03-02 02:02:33,471 [D] subprocess cmd: ['source execute.sh /home/bohrok/Documents/DM/output/orbs/wc/11/work'], stdout: b''	(at ex_script.py:45) 
2019-03-02 02:02:33,471 [D] ┌:C:n:WD_3:wc.c:19	(at logger.py:129) 
2019-03-02 02:02:33,471 [D] |:C:n:WD_3:wc.c:18	(at logger.py:129) 
2019-03-02 02:02:33,472 [D] └:C:n:WD_3:wc.c:17	(at logger.py:129) 
2019-03-02 02:02:33,518 [D] -:P:n:WD_1:wc.c:18	(at logger.py:129) 
2019-03-02 02:02:33,532 [D] subprocess cmd: ['source compile.sh /home/bohrok/Documents/DM/output/orbs/wc/11/work'], stdout: b''	(at ex_script.py:45) 
2019-03-02 02:02:33,532 [D] -:F:n:WD_1:wc.c:17	(at logger.py:129) 
2019-03-02 02:02:33,546 [D] subprocess cmd: ['source compile.sh /home/bohrok/Documents/DM/output/orbs/wc/11/work'], stdout: b''	(at ex_script.py:45) 
2019-03-02 02:02:33,546 [D] ┌:F:n:WD_2:wc.c:17	(at logger.py:129) 
2019-03-02 02:02:33,546 [D] └:F:n:WD_2:wc.c:16	(at logger.py:129) 
2019-03-02 02:02:33,559 [D] subprocess cmd: ['source compile.sh /home/bohrok/Documents/DM/output/orbs/wc/11/work'], stdout: b''	(at ex_script.py:45) 
2019-03-02 02:02:33,560 [D] ┌:F:n:WD_3:wc.c:17	(at logger.py:129) 
2019-03-02 02:02:33,560 [D] |:F:n:WD_3:wc.c:16	(at logger.py:129) 
2019-03-02 02:02:33,560 [D] └:F:n:WD_3:wc.c:15	(at logger.py:129) 
2019-03-02 02:02:33,594 [D] -:P:c:WD_1:wc.c:16	(at logger.py:129) 
2019-03-02 02:02:33,641 [D] -:P:n:WD_1:wc.c:15	(at logger.py:129) 
2019-03-02 02:02:33,653 [D] subprocess cmd: ['source compile.sh /home/bohrok/Documents/DM/output/orbs/wc/11/work'], stdout: b''	(at ex_script.py:45) 
2019-03-02 02:02:33,653 [D] -:F:n:WD_1:wc.c:14	(at logger.py:129) 
2019-03-02 02:02:33,668 [D] subprocess cmd: ['source compile.sh /home/bohrok/Documents/DM/output/orbs/wc/11/work'], stdout: b''	(at ex_script.py:45) 
2019-03-02 02:02:33,668 [D] ┌:F:n:WD_2:wc.c:14	(at logger.py:129) 
2019-03-02 02:02:33,668 [D] └:F:n:WD_2:wc.c:13	(at logger.py:129) 
2019-03-02 02:02:33,683 [D] subprocess cmd: ['source compile.sh /home/bohrok/Documents/DM/output/orbs/wc/11/work'], stdout: b''	(at ex_script.py:45) 
2019-03-02 02:02:33,683 [D] ┌:F:n:WD_3:wc.c:14	(at logger.py:129) 
2019-03-02 02:02:33,683 [D] |:F:n:WD_3:wc.c:13	(at logger.py:129) 
2019-03-02 02:02:33,683 [D] └:F:n:WD_3:wc.c:12	(at logger.py:129) 
2019-03-02 02:02:33,729 [D] -:C:n:WD_1:wc.c:13	(at logger.py:129) 
2019-03-02 02:02:33,775 [D] subprocess cmd: ['source execute.sh /home/bohrok/Documents/DM/output/orbs/wc/11/work'], stdout: b''	(at ex_script.py:45) 
2019-03-02 02:02:33,775 [D] ┌:C:n:WD_2:wc.c:13	(at logger.py:129) 
2019-03-02 02:02:33,775 [D] └:C:n:WD_2:wc.c:12	(at logger.py:129) 
2019-03-02 02:02:33,819 [D] subprocess cmd: ['source execute.sh /home/bohrok/Documents/DM/output/orbs/wc/11/work'], stdout: b''	(at ex_script.py:45) 
2019-03-02 02:02:33,820 [D] ┌:C:n:WD_3:wc.c:13	(at logger.py:129) 
2019-03-02 02:02:33,820 [D] |:C:n:WD_3:wc.c:12	(at logger.py:129) 
2019-03-02 02:02:33,820 [D] └:C:n:WD_3:wc.c:11	(at logger.py:129) 
2019-03-02 02:02:33,868 [D] -:P:n:WD_1:wc.c:12	(at logger.py:129) 
2019-03-02 02:02:33,918 [D] -:C:n:WD_1:wc.c:11	(at logger.py:129) 
2019-03-02 02:02:33,966 [D] ┌:C:n:WD_2:wc.c:11	(at logger.py:129) 
2019-03-02 02:02:33,966 [D] └:C:n:WD_2:wc.c:10	(at logger.py:129) 
2019-03-02 02:02:33,980 [D] subprocess cmd: ['source compile.sh /home/bohrok/Documents/DM/output/orbs/wc/11/work'], stdout: b''	(at ex_script.py:45) 
2019-03-02 02:02:33,980 [D] ┌:F:n:WD_3:wc.c:11	(at logger.py:129) 
2019-03-02 02:02:33,980 [D] |:F:n:WD_3:wc.c:10	(at logger.py:129) 
2019-03-02 02:02:33,980 [D] └:F:n:WD_3:wc.c:9	(at logger.py:129) 
2019-03-02 02:02:34,026 [D] -:P:n:WD_1:wc.c:10	(at logger.py:129) 
2019-03-02 02:02:34,038 [D] subprocess cmd: ['source compile.sh /home/bohrok/Documents/DM/output/orbs/wc/11/work'], stdout: b''	(at ex_script.py:45) 
2019-03-02 02:02:34,039 [D] -:F:n:WD_1:wc.c:9	(at logger.py:129) 
2019-03-02 02:02:34,051 [D] subprocess cmd: ['source compile.sh /home/bohrok/Documents/DM/output/orbs/wc/11/work'], stdout: b''	(at ex_script.py:45) 
2019-03-02 02:02:34,051 [D] ┌:F:n:WD_2:wc.c:9	(at logger.py:129) 
2019-03-02 02:02:34,051 [D] └:F:n:WD_2:wc.c:8	(at logger.py:129) 
2019-03-02 02:02:34,068 [D] subprocess cmd: ['source compile.sh /home/bohrok/Documents/DM/output/orbs/wc/11/work'], stdout: b''	(at ex_script.py:45) 
2019-03-02 02:02:34,068 [D] ┌:F:n:WD_3:wc.c:9	(at logger.py:129) 
2019-03-02 02:02:34,068 [D] |:F:n:WD_3:wc.c:8	(at logger.py:129) 
2019-03-02 02:02:34,068 [D] └:F:n:WD_3:wc.c:7	(at logger.py:129) 
2019-03-02 02:02:34,107 [D] -:P:c:WD_1:wc.c:8	(at logger.py:129) 
2019-03-02 02:02:34,120 [D] subprocess cmd: ['source compile.sh /home/bohrok/Documents/DM/output/orbs/wc/11/work'], stdout: b''	(at ex_script.py:45) 
2019-03-02 02:02:34,120 [D] -:F:n:WD_1:wc.c:7	(at logger.py:129) 
2019-03-02 02:02:34,134 [D] subprocess cmd: ['source compile.sh /home/bohrok/Documents/DM/output/orbs/wc/11/work'], stdout: b''	(at ex_script.py:45) 
2019-03-02 02:02:34,134 [D] ┌:F:n:WD_2:wc.c:7	(at logger.py:129) 
2019-03-02 02:02:34,134 [D] └:F:n:WD_2:wc.c:6	(at logger.py:129) 
2019-03-02 02:02:34,147 [D] subprocess cmd: ['source compile.sh /home/bohrok/Documents/DM/output/orbs/wc/11/work'], stdout: b''	(at ex_script.py:45) 
2019-03-02 02:02:34,148 [D] ┌:F:n:WD_3:wc.c:7	(at logger.py:129) 
2019-03-02 02:02:34,148 [D] |:F:n:WD_3:wc.c:6	(at logger.py:129) 
2019-03-02 02:02:34,148 [D] └:F:n:WD_3:wc.c:5	(at logger.py:129) 
2019-03-02 02:02:34,183 [D] -:P:c:WD_1:wc.c:6	(at logger.py:129) 
2019-03-02 02:02:34,217 [D] -:P:c:WD_1:wc.c:5	(at logger.py:129) 
2019-03-02 02:02:34,230 [D] subprocess cmd: ['source compile.sh /home/bohrok/Documents/DM/output/orbs/wc/11/work'], stdout: b''	(at ex_script.py:45) 
2019-03-02 02:02:34,231 [D] -:F:n:WD_1:wc.c:4	(at logger.py:129) 
2019-03-02 02:02:34,245 [D] subprocess cmd: ['source compile.sh /home/bohrok/Documents/DM/output/orbs/wc/11/work'], stdout: b''	(at ex_script.py:45) 
2019-03-02 02:02:34,245 [D] ┌:F:n:WD_2:wc.c:4	(at logger.py:129) 
2019-03-02 02:02:34,245 [D] └:F:n:WD_2:wc.c:3	(at logger.py:129) 
2019-03-02 02:02:34,260 [D] subprocess cmd: ['source compile.sh /home/bohrok/Documents/DM/output/orbs/wc/11/work'], stdout: b''	(at ex_script.py:45) 
2019-03-02 02:02:34,260 [D] ┌:F:n:WD_3:wc.c:4	(at logger.py:129) 
2019-03-02 02:02:34,260 [D] |:F:n:WD_3:wc.c:3	(at logger.py:129) 
2019-03-02 02:02:34,260 [D] └:F:n:WD_3:wc.c:2	(at logger.py:129) 
2019-03-02 02:02:34,273 [D] subprocess cmd: ['source compile.sh /home/bohrok/Documents/DM/output/orbs/wc/11/work'], stdout: b''	(at ex_script.py:45) 
2019-03-02 02:02:34,274 [D] -:F:n:WD_1:wc.c:3	(at logger.py:129) 
2019-03-02 02:02:34,290 [D] subprocess cmd: ['source compile.sh /home/bohrok/Documents/DM/output/orbs/wc/11/work'], stdout: b''	(at ex_script.py:45) 
2019-03-02 02:02:34,290 [D] ┌:F:n:WD_2:wc.c:3	(at logger.py:129) 
2019-03-02 02:02:34,290 [D] └:F:n:WD_2:wc.c:2	(at logger.py:129) 
2019-03-02 02:02:34,301 [D] subprocess cmd: ['source compile.sh /home/bohrok/Documents/DM/output/orbs/wc/11/work'], stdout: b''	(at ex_script.py:45) 
2019-03-02 02:02:34,301 [D] ┌:F:n:WD_3:wc.c:3	(at logger.py:129) 
2019-03-02 02:02:34,301 [D] |:F:n:WD_3:wc.c:2	(at logger.py:129) 
2019-03-02 02:02:34,301 [D] └:F:n:WD_3:wc.c:1	(at logger.py:129) 
2019-03-02 02:02:34,315 [D] subprocess cmd: ['source compile.sh /home/bohrok/Documents/DM/output/orbs/wc/11/work'], stdout: b''	(at ex_script.py:45) 
2019-03-02 02:02:34,315 [D] -:F:n:WD_1:wc.c:2	(at logger.py:129) 
2019-03-02 02:02:34,328 [D] subprocess cmd: ['source compile.sh /home/bohrok/Documents/DM/output/orbs/wc/11/work'], stdout: b''	(at ex_script.py:45) 
2019-03-02 02:02:34,328 [D] ┌:F:n:WD_2:wc.c:2	(at logger.py:129) 
2019-03-02 02:02:34,328 [D] └:F:n:WD_2:wc.c:1	(at logger.py:129) 
2019-03-02 02:02:34,329 [D] ┌:F:n:WD_3:wc.c:2	(at logger.py:129) 
2019-03-02 02:02:34,329 [D] └:F:n:WD_3:wc.c:1	(at logger.py:129) 
2019-03-02 02:02:34,375 [D] -:P:n:WD_1:wc.c:1	(at logger.py:129) 
2019-03-02 02:02:34,375 [D] comp_cached_cnt:1	(at logger.py:134) 
2019-03-02 02:02:34,375 [D] compile_cnt:115	(at logger.py:134) 
2019-03-02 02:02:34,375 [D] execute_cnt:26	(at logger.py:134) 
2019-03-02 02:02:34,375 [D] fail_del_cnt:20	(at logger.py:134) 
2019-03-02 02:02:34,375 [D] iter_idx:1	(at logger.py:134) 
2019-03-02 02:02:34,376 [D] reuse_cnt:8	(at logger.py:134) 
2019-03-02 02:02:34,376 [D] succ_del_cnt:14	(at logger.py:134) 
2019-03-02 02:02:34,376 [D] time:2.890653133392334	(at logger.py:134) 
2019-03-02 02:02:34,376 [D] deletion:14	(at logger.py:136) 
2019-03-02 02:02:34,376 [I] Iteration 1 finished	(at orbs.py:87) 
2019-03-02 02:02:34,389 [D] subprocess cmd: ['source compile.sh /home/bohrok/Documents/DM/output/orbs/wc/11/work'], stdout: b''	(at ex_script.py:45) 
2019-03-02 02:02:34,389 [D] -:F:n:WD_1:wc.c:48	(at logger.py:129) 
2019-03-02 02:02:34,401 [D] subprocess cmd: ['source compile.sh /home/bohrok/Documents/DM/output/orbs/wc/11/work'], stdout: b''	(at ex_script.py:45) 
2019-03-02 02:02:34,401 [D] ┌:F:n:WD_2:wc.c:48	(at logger.py:129) 
2019-03-02 02:02:34,401 [D] └:F:n:WD_2:wc.c:47	(at logger.py:129) 
2019-03-02 02:02:34,415 [D] subprocess cmd: ['source compile.sh /home/bohrok/Documents/DM/output/orbs/wc/11/work'], stdout: b''	(at ex_script.py:45) 
2019-03-02 02:02:34,415 [D] ┌:F:n:WD_3:wc.c:48	(at logger.py:129) 
2019-03-02 02:02:34,415 [D] |:F:n:WD_3:wc.c:47	(at logger.py:129) 
2019-03-02 02:02:34,415 [D] └:F:n:WD_3:wc.c:46	(at logger.py:129) 
2019-03-02 02:02:34,427 [D] subprocess cmd: ['source compile.sh /home/bohrok/Documents/DM/output/orbs/wc/11/work'], stdout: b''	(at ex_script.py:45) 
2019-03-02 02:02:34,427 [D] -:F:n:WD_1:wc.c:47	(at logger.py:129) 
2019-03-02 02:02:34,440 [D] subprocess cmd: ['source compile.sh /home/bohrok/Documents/DM/output/orbs/wc/11/work'], stdout: b''	(at ex_script.py:45) 
2019-03-02 02:02:34,440 [D] ┌:F:n:WD_2:wc.c:47	(at logger.py:129) 
2019-03-02 02:02:34,440 [D] └:F:n:WD_2:wc.c:46	(at logger.py:129) 
2019-03-02 02:02:34,488 [D] ┌:C:n:WD_3:wc.c:47	(at logger.py:129) 
2019-03-02 02:02:34,489 [D] |:C:n:WD_3:wc.c:46	(at logger.py:129) 
2019-03-02 02:02:34,489 [D] └:C:n:WD_3:wc.c:45	(at logger.py:129) 
2019-03-02 02:02:34,523 [D] -:C:c:WD_1:wc.c:46	(at logger.py:129) 
2019-03-02 02:02:34,534 [D] subprocess cmd: ['source compile.sh /home/bohrok/Documents/DM/output/orbs/wc/11/work'], stdout: b''	(at ex_script.py:45) 
2019-03-02 02:02:34,534 [D] ┌:F:n:WD_2:wc.c:46	(at logger.py:129) 
2019-03-02 02:02:34,534 [D] └:F:n:WD_2:wc.c:45	(at logger.py:129) 
2019-03-02 02:02:34,534 [D] ┌:C:c:WD_3:wc.c:46	(at logger.py:129) 
2019-03-02 02:02:34,534 [D] |:C:c:WD_3:wc.c:45	(at logger.py:129) 
2019-03-02 02:02:34,534 [D] └:C:c:WD_3:wc.c:43	(at logger.py:129) 
2019-03-02 02:02:34,546 [D] subprocess cmd: ['source compile.sh /home/bohrok/Documents/DM/output/orbs/wc/11/work'], stdout: b''	(at ex_script.py:45) 
2019-03-02 02:02:34,546 [D] -:F:n:WD_1:wc.c:45	(at logger.py:129) 
2019-03-02 02:02:34,580 [D] ┌:C:c:WD_2:wc.c:45	(at logger.py:129) 
2019-03-02 02:02:34,580 [D] └:C:c:WD_2:wc.c:43	(at logger.py:129) 
2019-03-02 02:02:34,621 [D] ┌:C:n:WD_3:wc.c:45	(at logger.py:129) 
2019-03-02 02:02:34,621 [D] |:C:n:WD_3:wc.c:43	(at logger.py:129) 
2019-03-02 02:02:34,621 [D] └:C:n:WD_3:wc.c:42	(at logger.py:129) 
2019-03-02 02:02:34,621 [D]  : : :pass:wc.c:44	(at logger.py:129) 
2019-03-02 02:02:34,632 [D] subprocess cmd: ['source compile.sh /home/bohrok/Documents/DM/output/orbs/wc/11/work'], stdout: b''	(at ex_script.py:45) 
2019-03-02 02:02:34,632 [D] -:F:n:WD_1:wc.c:43	(at logger.py:129) 
2019-03-02 02:02:34,643 [D] subprocess cmd: ['source compile.sh /home/bohrok/Documents/DM/output/orbs/wc/11/work'], stdout: b''	(at ex_script.py:45) 
2019-03-02 02:02:34,643 [D] ┌:F:n:WD_2:wc.c:43	(at logger.py:129) 
2019-03-02 02:02:34,643 [D] └:F:n:WD_2:wc.c:42	(at logger.py:129) 
2019-03-02 02:02:34,643 [D] ┌:C:c:WD_3:wc.c:43	(at logger.py:129) 
2019-03-02 02:02:34,643 [D] |:C:c:WD_3:wc.c:42	(at logger.py:129) 
2019-03-02 02:02:34,643 [D] └:C:c:WD_3:wc.c:41	(at logger.py:129) 
2019-03-02 02:02:34,689 [D] subprocess cmd: ['source execute.sh /home/bohrok/Documents/DM/output/orbs/wc/11/work'], stdout: b''	(at ex_script.py:45) 
2019-03-02 02:02:34,690 [D] -:C:n:WD_1:wc.c:42	(at logger.py:129) 
2019-03-02 02:02:34,700 [D] subprocess cmd: ['source compile.sh /home/bohrok/Documents/DM/output/orbs/wc/11/work'], stdout: b''	(at ex_script.py:45) 
2019-03-02 02:02:34,700 [D] ┌:F:n:WD_2:wc.c:42	(at logger.py:129) 
2019-03-02 02:02:34,700 [D] └:F:n:WD_2:wc.c:41	(at logger.py:129) 
2019-03-02 02:02:34,711 [D] subprocess cmd: ['source compile.sh /home/bohrok/Documents/DM/output/orbs/wc/11/work'], stdout: b''	(at ex_script.py:45) 
2019-03-02 02:02:34,712 [D] ┌:F:n:WD_3:wc.c:42	(at logger.py:129) 
2019-03-02 02:02:34,712 [D] |:F:n:WD_3:wc.c:41	(at logger.py:129) 
2019-03-02 02:02:34,712 [D] └:F:n:WD_3:wc.c:40	(at logger.py:129) 
2019-03-02 02:02:34,723 [D] subprocess cmd: ['source compile.sh /home/bohrok/Documents/DM/output/orbs/wc/11/work'], stdout: b''	(at ex_script.py:45) 
2019-03-02 02:02:34,723 [D] -:F:n:WD_1:wc.c:41	(at logger.py:129) 
2019-03-02 02:02:34,734 [D] subprocess cmd: ['source compile.sh /home/bohrok/Documents/DM/output/orbs/wc/11/work'], stdout: b''	(at ex_script.py:45) 
2019-03-02 02:02:34,734 [D] ┌:F:n:WD_2:wc.c:41	(at logger.py:129) 
2019-03-02 02:02:34,734 [D] └:F:n:WD_2:wc.c:40	(at logger.py:129) 
2019-03-02 02:02:34,749 [D] subprocess cmd: ['source compile.sh /home/bohrok/Documents/DM/output/orbs/wc/11/work'], stdout: b''	(at ex_script.py:45) 
2019-03-02 02:02:34,749 [D] ┌:F:n:WD_3:wc.c:41	(at logger.py:129) 
2019-03-02 02:02:34,749 [D] |:F:n:WD_3:wc.c:40	(at logger.py:129) 
2019-03-02 02:02:34,749 [D] └:F:n:WD_3:wc.c:39	(at logger.py:129) 
2019-03-02 02:02:34,760 [D] subprocess cmd: ['source compile.sh /home/bohrok/Documents/DM/output/orbs/wc/11/work'], stdout: b''	(at ex_script.py:45) 
2019-03-02 02:02:34,760 [D] -:F:n:WD_1:wc.c:40	(at logger.py:129) 
2019-03-02 02:02:34,853 [D] ┌:C:n:WD_2:wc.c:40	(at logger.py:129) 
2019-03-02 02:02:34,853 [D] └:C:n:WD_2:wc.c:39	(at logger.py:129) 
2019-03-02 02:02:34,897 [D] subprocess cmd: ['source compile.sh /home/bohrok/Documents/DM/output/orbs/wc/11/work'], stdout: b''	(at ex_script.py:45) 
2019-03-02 02:02:34,897 [D] ┌:F:n:WD_3:wc.c:40	(at logger.py:129) 
2019-03-02 02:02:34,897 [D] |:F:n:WD_3:wc.c:39	(at logger.py:129) 
2019-03-02 02:02:34,897 [D] └:F:n:WD_3:wc.c:37	(at logger.py:129) 
2019-03-02 02:02:34,968 [D] subprocess cmd: ['source compile.sh /home/bohrok/Documents/DM/output/orbs/wc/11/work'], stdout: b''	(at ex_script.py:45) 
2019-03-02 02:02:34,968 [D] -:F:n:WD_1:wc.c:39	(at logger.py:129) 
2019-03-02 02:02:35,019 [D] subprocess cmd: ['source compile.sh /home/bohrok/Documents/DM/output/orbs/wc/11/work'], stdout: b''	(at ex_script.py:45) 
2019-03-02 02:02:35,019 [D] ┌:F:n:WD_2:wc.c:39	(at logger.py:129) 
2019-03-02 02:02:35,019 [D] └:F:n:WD_2:wc.c:37	(at logger.py:129) 
2019-03-02 02:02:35,217 [D] subprocess cmd: ['source compile.sh /home/bohrok/Documents/DM/output/orbs/wc/11/work'], stdout: b''	(at ex_script.py:45) 
2019-03-02 02:02:35,217 [D] ┌:F:n:WD_3:wc.c:39	(at logger.py:129) 
2019-03-02 02:02:35,217 [D] |:F:n:WD_3:wc.c:37	(at logger.py:129) 
2019-03-02 02:02:35,217 [D] └:F:n:WD_3:wc.c:36	(at logger.py:129) 
2019-03-02 02:02:35,217 [D]  : : :pass:wc.c:38	(at logger.py:129) 
2019-03-02 02:02:35,232 [D] subprocess cmd: ['source compile.sh /home/bohrok/Documents/DM/output/orbs/wc/11/work'], stdout: b''	(at ex_script.py:45) 
2019-03-02 02:02:35,232 [D] -:F:n:WD_1:wc.c:37	(at logger.py:129) 
2019-03-02 02:02:35,248 [D] subprocess cmd: ['source compile.sh /home/bohrok/Documents/DM/output/orbs/wc/11/work'], stdout: b''	(at ex_script.py:45) 
2019-03-02 02:02:35,248 [D] ┌:F:n:WD_2:wc.c:37	(at logger.py:129) 
2019-03-02 02:02:35,248 [D] └:F:n:WD_2:wc.c:36	(at logger.py:129) 
2019-03-02 02:02:35,291 [D] subprocess cmd: ['source compile.sh /home/bohrok/Documents/DM/output/orbs/wc/11/work'], stdout: b''	(at ex_script.py:45) 
2019-03-02 02:02:35,291 [D] ┌:F:n:WD_3:wc.c:37	(at logger.py:129) 
2019-03-02 02:02:35,291 [D] |:F:n:WD_3:wc.c:36	(at logger.py:129) 
2019-03-02 02:02:35,291 [D] └:F:n:WD_3:wc.c:35	(at logger.py:129) 
2019-03-02 02:02:35,303 [D] subprocess cmd: ['source compile.sh /home/bohrok/Documents/DM/output/orbs/wc/11/work'], stdout: b''	(at ex_script.py:45) 
2019-03-02 02:02:35,304 [D] -:F:n:WD_1:wc.c:36	(at logger.py:129) 
2019-03-02 02:02:35,318 [D] subprocess cmd: ['source compile.sh /home/bohrok/Documents/DM/output/orbs/wc/11/work'], stdout: b''	(at ex_script.py:45) 
2019-03-02 02:02:35,318 [D] ┌:F:n:WD_2:wc.c:36	(at logger.py:129) 
2019-03-02 02:02:35,318 [D] └:F:n:WD_2:wc.c:35	(at logger.py:129) 
2019-03-02 02:02:35,332 [D] subprocess cmd: ['source compile.sh /home/bohrok/Documents/DM/output/orbs/wc/11/work'], stdout: b''	(at ex_script.py:45) 
2019-03-02 02:02:35,332 [D] ┌:F:n:WD_3:wc.c:36	(at logger.py:129) 
2019-03-02 02:02:35,332 [D] |:F:n:WD_3:wc.c:35	(at logger.py:129) 
2019-03-02 02:02:35,332 [D] └:F:n:WD_3:wc.c:34	(at logger.py:129) 
2019-03-02 02:02:35,345 [D] subprocess cmd: ['source compile.sh /home/bohrok/Documents/DM/output/orbs/wc/11/work'], stdout: b''	(at ex_script.py:45) 
2019-03-02 02:02:35,345 [D] -:F:n:WD_1:wc.c:35	(at logger.py:129) 
2019-03-02 02:02:35,358 [D] subprocess cmd: ['source compile.sh /home/bohrok/Documents/DM/output/orbs/wc/11/work'], stdout: b''	(at ex_script.py:45) 
2019-03-02 02:02:35,358 [D] ┌:F:n:WD_2:wc.c:35	(at logger.py:129) 
2019-03-02 02:02:35,358 [D] └:F:n:WD_2:wc.c:34	(at logger.py:129) 
2019-03-02 02:02:35,371 [D] subprocess cmd: ['source compile.sh /home/bohrok/Documents/DM/output/orbs/wc/11/work'], stdout: b''	(at ex_script.py:45) 
2019-03-02 02:02:35,371 [D] ┌:F:n:WD_3:wc.c:35	(at logger.py:129) 
2019-03-02 02:02:35,371 [D] |:F:n:WD_3:wc.c:34	(at logger.py:129) 
2019-03-02 02:02:35,371 [D] └:F:n:WD_3:wc.c:33	(at logger.py:129) 
2019-03-02 02:02:35,382 [D] subprocess cmd: ['source compile.sh /home/bohrok/Documents/DM/output/orbs/wc/11/work'], stdout: b''	(at ex_script.py:45) 
2019-03-02 02:02:35,382 [D] -:F:n:WD_1:wc.c:34	(at logger.py:129) 
2019-03-02 02:02:35,395 [D] subprocess cmd: ['source compile.sh /home/bohrok/Documents/DM/output/orbs/wc/11/work'], stdout: b''	(at ex_script.py:45) 
2019-03-02 02:02:35,395 [D] ┌:F:n:WD_2:wc.c:34	(at logger.py:129) 
2019-03-02 02:02:35,395 [D] └:F:n:WD_2:wc.c:33	(at logger.py:129) 
2019-03-02 02:02:35,406 [D] subprocess cmd: ['source compile.sh /home/bohrok/Documents/DM/output/orbs/wc/11/work'], stdout: b''	(at ex_script.py:45) 
2019-03-02 02:02:35,406 [D] ┌:F:n:WD_3:wc.c:34	(at logger.py:129) 
2019-03-02 02:02:35,406 [D] |:F:n:WD_3:wc.c:33	(at logger.py:129) 
2019-03-02 02:02:35,406 [D] └:F:n:WD_3:wc.c:32	(at logger.py:129) 
2019-03-02 02:02:35,416 [D] subprocess cmd: ['source compile.sh /home/bohrok/Documents/DM/output/orbs/wc/11/work'], stdout: b''	(at ex_script.py:45) 
2019-03-02 02:02:35,416 [D] -:F:n:WD_1:wc.c:33	(at logger.py:129) 
2019-03-02 02:02:35,427 [D] subprocess cmd: ['source compile.sh /home/bohrok/Documents/DM/output/orbs/wc/11/work'], stdout: b''	(at ex_script.py:45) 
2019-03-02 02:02:35,427 [D] ┌:F:n:WD_2:wc.c:33	(at logger.py:129) 
2019-03-02 02:02:35,427 [D] └:F:n:WD_2:wc.c:32	(at logger.py:129) 
2019-03-02 02:02:35,436 [D] subprocess cmd: ['source compile.sh /home/bohrok/Documents/DM/output/orbs/wc/11/work'], stdout: b''	(at ex_script.py:45) 
2019-03-02 02:02:35,436 [D] ┌:F:n:WD_3:wc.c:33	(at logger.py:129) 
2019-03-02 02:02:35,437 [D] |:F:n:WD_3:wc.c:32	(at logger.py:129) 
2019-03-02 02:02:35,437 [D] └:F:n:WD_3:wc.c:31	(at logger.py:129) 
2019-03-02 02:02:35,479 [D] -:C:n:WD_1:wc.c:32	(at logger.py:129) 
2019-03-02 02:02:35,489 [D] subprocess cmd: ['source compile.sh /home/bohrok/Documents/DM/output/orbs/wc/11/work'], stdout: b''	(at ex_script.py:45) 
2019-03-02 02:02:35,489 [D] ┌:F:n:WD_2:wc.c:32	(at logger.py:129) 
2019-03-02 02:02:35,489 [D] └:F:n:WD_2:wc.c:31	(at logger.py:129) 
2019-03-02 02:02:35,501 [D] subprocess cmd: ['source compile.sh /home/bohrok/Documents/DM/output/orbs/wc/11/work'], stdout: b''	(at ex_script.py:45) 
2019-03-02 02:02:35,501 [D] ┌:F:n:WD_3:wc.c:32	(at logger.py:129) 
2019-03-02 02:02:35,502 [D] |:F:n:WD_3:wc.c:31	(at logger.py:129) 
2019-03-02 02:02:35,502 [D] └:F:n:WD_3:wc.c:30	(at logger.py:129) 
2019-03-02 02:02:35,513 [D] subprocess cmd: ['source compile.sh /home/bohrok/Documents/DM/output/orbs/wc/11/work'], stdout: b''	(at ex_script.py:45) 
2019-03-02 02:02:35,514 [D] -:F:n:WD_1:wc.c:31	(at logger.py:129) 
2019-03-02 02:02:35,525 [D] subprocess cmd: ['source compile.sh /home/bohrok/Documents/DM/output/orbs/wc/11/work'], stdout: b''	(at ex_script.py:45) 
2019-03-02 02:02:35,526 [D] ┌:F:n:WD_2:wc.c:31	(at logger.py:129) 
2019-03-02 02:02:35,526 [D] └:F:n:WD_2:wc.c:30	(at logger.py:129) 
2019-03-02 02:02:35,571 [D] ┌:C:n:WD_3:wc.c:31	(at logger.py:129) 
2019-03-02 02:02:35,571 [D] |:C:n:WD_3:wc.c:30	(at logger.py:129) 
2019-03-02 02:02:35,571 [D] └:C:n:WD_3:wc.c:29	(at logger.py:129) 
2019-03-02 02:02:35,618 [D] -:C:n:WD_1:wc.c:30	(at logger.py:129) 
2019-03-02 02:02:35,629 [D] subprocess cmd: ['source compile.sh /home/bohrok/Documents/DM/output/orbs/wc/11/work'], stdout: b''	(at ex_script.py:45) 
2019-03-02 02:02:35,630 [D] ┌:F:n:WD_2:wc.c:30	(at logger.py:129) 
2019-03-02 02:02:35,630 [D] └:F:n:WD_2:wc.c:29	(at logger.py:129) 
2019-03-02 02:02:35,640 [D] subprocess cmd: ['source compile.sh /home/bohrok/Documents/DM/output/orbs/wc/11/work'], stdout: b''	(at ex_script.py:45) 
2019-03-02 02:02:35,640 [D] ┌:F:n:WD_3:wc.c:30	(at logger.py:129) 
2019-03-02 02:02:35,640 [D] |:F:n:WD_3:wc.c:29	(at logger.py:129) 
2019-03-02 02:02:35,640 [D] └:F:n:WD_3:wc.c:28	(at logger.py:129) 
2019-03-02 02:02:35,651 [D] subprocess cmd: ['source compile.sh /home/bohrok/Documents/DM/output/orbs/wc/11/work'], stdout: b''	(at ex_script.py:45) 
2019-03-02 02:02:35,651 [D] -:F:n:WD_1:wc.c:29	(at logger.py:129) 
2019-03-02 02:02:35,663 [D] subprocess cmd: ['source compile.sh /home/bohrok/Documents/DM/output/orbs/wc/11/work'], stdout: b''	(at ex_script.py:45) 
2019-03-02 02:02:35,663 [D] ┌:F:n:WD_2:wc.c:29	(at logger.py:129) 
2019-03-02 02:02:35,663 [D] └:F:n:WD_2:wc.c:28	(at logger.py:129) 
2019-03-02 02:02:35,675 [D] subprocess cmd: ['source compile.sh /home/bohrok/Documents/DM/output/orbs/wc/11/work'], stdout: b''	(at ex_script.py:45) 
2019-03-02 02:02:35,676 [D] ┌:F:n:WD_3:wc.c:29	(at logger.py:129) 
2019-03-02 02:02:35,676 [D] |:F:n:WD_3:wc.c:28	(at logger.py:129) 
2019-03-02 02:02:35,676 [D] └:F:n:WD_3:wc.c:27	(at logger.py:129) 
2019-03-02 02:02:35,686 [D] subprocess cmd: ['source compile.sh /home/bohrok/Documents/DM/output/orbs/wc/11/work'], stdout: b''	(at ex_script.py:45) 
2019-03-02 02:02:35,686 [D] -:F:n:WD_1:wc.c:28	(at logger.py:129) 
2019-03-02 02:02:35,698 [D] subprocess cmd: ['source compile.sh /home/bohrok/Documents/DM/output/orbs/wc/11/work'], stdout: b''	(at ex_script.py:45) 
2019-03-02 02:02:35,699 [D] ┌:F:n:WD_2:wc.c:28	(at logger.py:129) 
2019-03-02 02:02:35,699 [D] └:F:n:WD_2:wc.c:27	(at logger.py:129) 
2019-03-02 02:02:35,743 [D] ┌:C:n:WD_3:wc.c:28	(at logger.py:129) 
2019-03-02 02:02:35,744 [D] |:C:n:WD_3:wc.c:27	(at logger.py:129) 
2019-03-02 02:02:35,744 [D] └:C:n:WD_3:wc.c:25	(at logger.py:129) 
2019-03-02 02:02:35,775 [D] -:C:c:WD_1:wc.c:27	(at logger.py:129) 
2019-03-02 02:02:35,786 [D] subprocess cmd: ['source compile.sh /home/bohrok/Documents/DM/output/orbs/wc/11/work'], stdout: b''	(at ex_script.py:45) 
2019-03-02 02:02:35,786 [D] ┌:F:n:WD_2:wc.c:27	(at logger.py:129) 
2019-03-02 02:02:35,786 [D] └:F:n:WD_2:wc.c:25	(at logger.py:129) 
2019-03-02 02:02:35,797 [D] subprocess cmd: ['source compile.sh /home/bohrok/Documents/DM/output/orbs/wc/11/work'], stdout: b''	(at ex_script.py:45) 
2019-03-02 02:02:35,798 [D] ┌:F:n:WD_3:wc.c:27	(at logger.py:129) 
2019-03-02 02:02:35,798 [D] |:F:n:WD_3:wc.c:25	(at logger.py:129) 
2019-03-02 02:02:35,798 [D] └:F:n:WD_3:wc.c:23	(at logger.py:129) 
2019-03-02 02:02:35,798 [D]  : : :pass:wc.c:26	(at logger.py:129) 
2019-03-02 02:02:35,808 [D] subprocess cmd: ['source compile.sh /home/bohrok/Documents/DM/output/orbs/wc/11/work'], stdout: b''	(at ex_script.py:45) 
2019-03-02 02:02:35,809 [D] -:F:n:WD_1:wc.c:25	(at logger.py:129) 
2019-03-02 02:02:35,820 [D] subprocess cmd: ['source compile.sh /home/bohrok/Documents/DM/output/orbs/wc/11/work'], stdout: b''	(at ex_script.py:45) 
2019-03-02 02:02:35,820 [D] ┌:F:n:WD_2:wc.c:25	(at logger.py:129) 
2019-03-02 02:02:35,820 [D] └:F:n:WD_2:wc.c:23	(at logger.py:129) 
2019-03-02 02:02:35,833 [D] subprocess cmd: ['source compile.sh /home/bohrok/Documents/DM/output/orbs/wc/11/work'], stdout: b''	(at ex_script.py:45) 
2019-03-02 02:02:35,833 [D] ┌:F:n:WD_3:wc.c:25	(at logger.py:129) 
2019-03-02 02:02:35,833 [D] |:F:n:WD_3:wc.c:23	(at logger.py:129) 
2019-03-02 02:02:35,833 [D] └:F:n:WD_3:wc.c:21	(at logger.py:129) 
2019-03-02 02:02:35,833 [D]  : : :pass:wc.c:24	(at logger.py:129) 
2019-03-02 02:02:35,878 [D] subprocess cmd: ['source execute.sh /home/bohrok/Documents/DM/output/orbs/wc/11/work'], stdout: b''	(at ex_script.py:45) 
2019-03-02 02:02:35,879 [D] -:C:n:WD_1:wc.c:23	(at logger.py:129) 
2019-03-02 02:02:35,889 [D] subprocess cmd: ['source compile.sh /home/bohrok/Documents/DM/output/orbs/wc/11/work'], stdout: b''	(at ex_script.py:45) 
2019-03-02 02:02:35,889 [D] ┌:F:n:WD_2:wc.c:23	(at logger.py:129) 
2019-03-02 02:02:35,889 [D] └:F:n:WD_2:wc.c:21	(at logger.py:129) 
2019-03-02 02:02:35,901 [D] subprocess cmd: ['source compile.sh /home/bohrok/Documents/DM/output/orbs/wc/11/work'], stdout: b''	(at ex_script.py:45) 
2019-03-02 02:02:35,901 [D] ┌:F:n:WD_3:wc.c:23	(at logger.py:129) 
2019-03-02 02:02:35,901 [D] |:F:n:WD_3:wc.c:21	(at logger.py:129) 
2019-03-02 02:02:35,901 [D] └:F:n:WD_3:wc.c:20	(at logger.py:129) 
2019-03-02 02:02:35,901 [D]  : : :pass:wc.c:22	(at logger.py:129) 
2019-03-02 02:02:35,913 [D] subprocess cmd: ['source compile.sh /home/bohrok/Documents/DM/output/orbs/wc/11/work'], stdout: b''	(at ex_script.py:45) 
2019-03-02 02:02:35,913 [D] -:F:n:WD_1:wc.c:21	(at logger.py:129) 
2019-03-02 02:02:35,924 [D] subprocess cmd: ['source compile.sh /home/bohrok/Documents/DM/output/orbs/wc/11/work'], stdout: b''	(at ex_script.py:45) 
2019-03-02 02:02:35,925 [D] ┌:F:n:WD_2:wc.c:21	(at logger.py:129) 
2019-03-02 02:02:35,925 [D] └:F:n:WD_2:wc.c:20	(at logger.py:129) 
2019-03-02 02:02:35,936 [D] subprocess cmd: ['source compile.sh /home/bohrok/Documents/DM/output/orbs/wc/11/work'], stdout: b''	(at ex_script.py:45) 
2019-03-02 02:02:35,936 [D] ┌:F:n:WD_3:wc.c:21	(at logger.py:129) 
2019-03-02 02:02:35,936 [D] |:F:n:WD_3:wc.c:20	(at logger.py:129) 
2019-03-02 02:02:35,936 [D] └:F:n:WD_3:wc.c:19	(at logger.py:129) 
2019-03-02 02:02:35,949 [D] subprocess cmd: ['source compile.sh /home/bohrok/Documents/DM/output/orbs/wc/11/work'], stdout: b''	(at ex_script.py:45) 
2019-03-02 02:02:35,949 [D] -:F:n:WD_1:wc.c:20	(at logger.py:129) 
2019-03-02 02:02:35,961 [D] subprocess cmd: ['source compile.sh /home/bohrok/Documents/DM/output/orbs/wc/11/work'], stdout: b''	(at ex_script.py:45) 
2019-03-02 02:02:35,961 [D] ┌:F:n:WD_2:wc.c:20	(at logger.py:129) 
2019-03-02 02:02:35,961 [D] └:F:n:WD_2:wc.c:19	(at logger.py:129) 
2019-03-02 02:02:35,961 [D] ┌:F:n:WD_3:wc.c:20	(at logger.py:129) 
2019-03-02 02:02:35,961 [D] |:F:n:WD_3:wc.c:19	(at logger.py:129) 
2019-03-02 02:02:35,961 [D] └:F:n:WD_3:wc.c:17	(at logger.py:129) 
2019-03-02 02:02:35,971 [D] subprocess cmd: ['source compile.sh /home/bohrok/Documents/DM/output/orbs/wc/11/work'], stdout: b''	(at ex_script.py:45) 
2019-03-02 02:02:35,972 [D] -:F:n:WD_1:wc.c:19	(at logger.py:129) 
2019-03-02 02:02:36,007 [D] ┌:P:c:WD_2:wc.c:19	(at logger.py:129) 
2019-03-02 02:02:36,007 [D] └:P:c:WD_2:wc.c:17	(at logger.py:129) 
2019-03-02 02:02:36,007 [D]  : : :pass:wc.c:18	(at logger.py:129) 
2019-03-02 02:02:36,008 [D]  : : :pass:wc.c:17	(at logger.py:129) 
2019-03-02 02:02:36,008 [D]  : : :pass:wc.c:16	(at logger.py:129) 
2019-03-02 02:02:36,008 [D]  : : :pass:wc.c:15	(at logger.py:129) 
2019-03-02 02:02:36,019 [D] subprocess cmd: ['source compile.sh /home/bohrok/Documents/DM/output/orbs/wc/11/work'], stdout: b''	(at ex_script.py:45) 
2019-03-02 02:02:36,019 [D] -:F:n:WD_1:wc.c:14	(at logger.py:129) 
2019-03-02 02:02:36,031 [D] subprocess cmd: ['source compile.sh /home/bohrok/Documents/DM/output/orbs/wc/11/work'], stdout: b''	(at ex_script.py:45) 
2019-03-02 02:02:36,031 [D] ┌:F:n:WD_2:wc.c:14	(at logger.py:129) 
2019-03-02 02:02:36,031 [D] └:F:n:WD_2:wc.c:13	(at logger.py:129) 
2019-03-02 02:02:36,043 [D] subprocess cmd: ['source compile.sh /home/bohrok/Documents/DM/output/orbs/wc/11/work'], stdout: b''	(at ex_script.py:45) 
2019-03-02 02:02:36,043 [D] ┌:F:n:WD_3:wc.c:14	(at logger.py:129) 
2019-03-02 02:02:36,043 [D] |:F:n:WD_3:wc.c:13	(at logger.py:129) 
2019-03-02 02:02:36,043 [D] └:F:n:WD_3:wc.c:11	(at logger.py:129) 
2019-03-02 02:02:36,093 [D] subprocess cmd: ['source execute.sh /home/bohrok/Documents/DM/output/orbs/wc/11/work'], stdout: b''	(at ex_script.py:45) 
2019-03-02 02:02:36,093 [D] -:C:n:WD_1:wc.c:13	(at logger.py:129) 
2019-03-02 02:02:36,137 [D] subprocess cmd: ['source execute.sh /home/bohrok/Documents/DM/output/orbs/wc/11/work'], stdout: b''	(at ex_script.py:45) 
2019-03-02 02:02:36,137 [D] ┌:C:n:WD_2:wc.c:13	(at logger.py:129) 
2019-03-02 02:02:36,137 [D] └:C:n:WD_2:wc.c:11	(at logger.py:129) 
2019-03-02 02:02:36,149 [D] subprocess cmd: ['source compile.sh /home/bohrok/Documents/DM/output/orbs/wc/11/work'], stdout: b''	(at ex_script.py:45) 
2019-03-02 02:02:36,150 [D] ┌:F:n:WD_3:wc.c:13	(at logger.py:129) 
2019-03-02 02:02:36,150 [D] |:F:n:WD_3:wc.c:11	(at logger.py:129) 
2019-03-02 02:02:36,150 [D] └:F:n:WD_3:wc.c:9	(at logger.py:129) 
2019-03-02 02:02:36,150 [D]  : : :pass:wc.c:12	(at logger.py:129) 
2019-03-02 02:02:36,195 [D] -:C:n:WD_1:wc.c:11	(at logger.py:129) 
2019-03-02 02:02:36,204 [D] subprocess cmd: ['source compile.sh /home/bohrok/Documents/DM/output/orbs/wc/11/work'], stdout: b''	(at ex_script.py:45) 
2019-03-02 02:02:36,205 [D] ┌:F:n:WD_2:wc.c:11	(at logger.py:129) 
2019-03-02 02:02:36,205 [D] └:F:n:WD_2:wc.c:9	(at logger.py:129) 
2019-03-02 02:02:36,217 [D] subprocess cmd: ['source compile.sh /home/bohrok/Documents/DM/output/orbs/wc/11/work'], stdout: b''	(at ex_script.py:45) 
2019-03-02 02:02:36,217 [D] ┌:F:n:WD_3:wc.c:11	(at logger.py:129) 
2019-03-02 02:02:36,217 [D] |:F:n:WD_3:wc.c:9	(at logger.py:129) 
2019-03-02 02:02:36,217 [D] └:F:n:WD_3:wc.c:7	(at logger.py:129) 
2019-03-02 02:02:36,217 [D]  : : :pass:wc.c:10	(at logger.py:129) 
2019-03-02 02:02:36,228 [D] subprocess cmd: ['source compile.sh /home/bohrok/Documents/DM/output/orbs/wc/11/work'], stdout: b''	(at ex_script.py:45) 
2019-03-02 02:02:36,228 [D] -:F:n:WD_1:wc.c:9	(at logger.py:129) 
2019-03-02 02:02:36,238 [D] subprocess cmd: ['source compile.sh /home/bohrok/Documents/DM/output/orbs/wc/11/work'], stdout: b''	(at ex_script.py:45) 
2019-03-02 02:02:36,239 [D] ┌:F:n:WD_2:wc.c:9	(at logger.py:129) 
2019-03-02 02:02:36,239 [D] └:F:n:WD_2:wc.c:7	(at logger.py:129) 
2019-03-02 02:02:36,252 [D] subprocess cmd: ['source compile.sh /home/bohrok/Documents/DM/output/orbs/wc/11/work'], stdout: b''	(at ex_script.py:45) 
2019-03-02 02:02:36,252 [D] ┌:F:n:WD_3:wc.c:9	(at logger.py:129) 
2019-03-02 02:02:36,252 [D] |:F:n:WD_3:wc.c:7	(at logger.py:129) 
2019-03-02 02:02:36,252 [D] └:F:n:WD_3:wc.c:4	(at logger.py:129) 
2019-03-02 02:02:36,252 [D]  : : :pass:wc.c:8	(at logger.py:129) 
2019-03-02 02:02:36,265 [D] subprocess cmd: ['source compile.sh /home/bohrok/Documents/DM/output/orbs/wc/11/work'], stdout: b''	(at ex_script.py:45) 
2019-03-02 02:02:36,265 [D] -:F:n:WD_1:wc.c:7	(at logger.py:129) 
2019-03-02 02:02:36,276 [D] subprocess cmd: ['source compile.sh /home/bohrok/Documents/DM/output/orbs/wc/11/work'], stdout: b''	(at ex_script.py:45) 
2019-03-02 02:02:36,277 [D] ┌:F:n:WD_2:wc.c:7	(at logger.py:129) 
2019-03-02 02:02:36,277 [D] └:F:n:WD_2:wc.c:4	(at logger.py:129) 
2019-03-02 02:02:36,287 [D] subprocess cmd: ['source compile.sh /home/bohrok/Documents/DM/output/orbs/wc/11/work'], stdout: b''	(at ex_script.py:45) 
2019-03-02 02:02:36,288 [D] ┌:F:n:WD_3:wc.c:7	(at logger.py:129) 
2019-03-02 02:02:36,288 [D] |:F:n:WD_3:wc.c:4	(at logger.py:129) 
2019-03-02 02:02:36,288 [D] └:F:n:WD_3:wc.c:3	(at logger.py:129) 
2019-03-02 02:02:36,288 [D]  : : :pass:wc.c:6	(at logger.py:129) 
2019-03-02 02:02:36,288 [D]  : : :pass:wc.c:5	(at logger.py:129) 
2019-03-02 02:02:36,301 [D] subprocess cmd: ['source compile.sh /home/bohrok/Documents/DM/output/orbs/wc/11/work'], stdout: b''	(at ex_script.py:45) 
2019-03-02 02:02:36,302 [D] -:F:n:WD_1:wc.c:4	(at logger.py:129) 
2019-03-02 02:02:36,313 [D] subprocess cmd: ['source compile.sh /home/bohrok/Documents/DM/output/orbs/wc/11/work'], stdout: b''	(at ex_script.py:45) 
2019-03-02 02:02:36,313 [D] ┌:F:n:WD_2:wc.c:4	(at logger.py:129) 
2019-03-02 02:02:36,314 [D] └:F:n:WD_2:wc.c:3	(at logger.py:129) 
2019-03-02 02:02:36,325 [D] subprocess cmd: ['source compile.sh /home/bohrok/Documents/DM/output/orbs/wc/11/work'], stdout: b''	(at ex_script.py:45) 
2019-03-02 02:02:36,325 [D] ┌:F:n:WD_3:wc.c:4	(at logger.py:129) 
2019-03-02 02:02:36,325 [D] |:F:n:WD_3:wc.c:3	(at logger.py:129) 
2019-03-02 02:02:36,326 [D] └:F:n:WD_3:wc.c:2	(at logger.py:129) 
2019-03-02 02:02:36,336 [D] subprocess cmd: ['source compile.sh /home/bohrok/Documents/DM/output/orbs/wc/11/work'], stdout: b''	(at ex_script.py:45) 
2019-03-02 02:02:36,336 [D] -:F:n:WD_1:wc.c:3	(at logger.py:129) 
2019-03-02 02:02:36,349 [D] subprocess cmd: ['source compile.sh /home/bohrok/Documents/DM/output/orbs/wc/11/work'], stdout: b''	(at ex_script.py:45) 
2019-03-02 02:02:36,349 [D] ┌:F:n:WD_2:wc.c:3	(at logger.py:129) 
2019-03-02 02:02:36,349 [D] └:F:n:WD_2:wc.c:2	(at logger.py:129) 
2019-03-02 02:02:36,349 [D] ┌:F:n:WD_3:wc.c:3	(at logger.py:129) 
2019-03-02 02:02:36,349 [D] └:F:n:WD_3:wc.c:2	(at logger.py:129) 
2019-03-02 02:02:36,360 [D] subprocess cmd: ['source compile.sh /home/bohrok/Documents/DM/output/orbs/wc/11/work'], stdout: b''	(at ex_script.py:45) 
2019-03-02 02:02:36,361 [D] -:F:n:WD_1:wc.c:2	(at logger.py:129) 
2019-03-02 02:02:36,361 [D] -:F:n:WD_2:wc.c:2	(at logger.py:129) 
2019-03-02 02:02:36,361 [D] -:F:n:WD_3:wc.c:2	(at logger.py:129) 
2019-03-02 02:02:36,361 [D]  : : :pass:wc.c:1	(at logger.py:129) 
2019-03-02 02:02:36,361 [D] comp_cached_cnt:6	(at logger.py:134) 
2019-03-02 02:02:36,361 [D] compile_cnt:92	(at logger.py:134) 
2019-03-02 02:02:36,361 [D] execute_cnt:12	(at logger.py:134) 
2019-03-02 02:02:36,362 [D] fail_del_cnt:17	(at logger.py:134) 
2019-03-02 02:02:36,362 [D] iter_idx:2	(at logger.py:134) 
2019-03-02 02:02:36,362 [D] reuse_cnt:6	(at logger.py:134) 
2019-03-02 02:02:36,362 [D] succ_del_cnt:1	(at logger.py:134) 
2019-03-02 02:02:36,362 [D] time:1.9847323894500732	(at logger.py:134) 
2019-03-02 02:02:36,362 [D] deletion:16	(at logger.py:136) 
2019-03-02 02:02:36,362 [I] Iteration 2 finished	(at orbs.py:87) 
2019-03-02 02:02:36,373 [D] subprocess cmd: ['source compile.sh /home/bohrok/Documents/DM/output/orbs/wc/11/work'], stdout: b''	(at ex_script.py:45) 
2019-03-02 02:02:36,373 [D] -:F:n:WD_1:wc.c:48	(at logger.py:129) 
2019-03-02 02:02:36,386 [D] subprocess cmd: ['source compile.sh /home/bohrok/Documents/DM/output/orbs/wc/11/work'], stdout: b''	(at ex_script.py:45) 
2019-03-02 02:02:36,386 [D] ┌:F:n:WD_2:wc.c:48	(at logger.py:129) 
2019-03-02 02:02:36,386 [D] └:F:n:WD_2:wc.c:47	(at logger.py:129) 
2019-03-02 02:02:36,398 [D] subprocess cmd: ['source compile.sh /home/bohrok/Documents/DM/output/orbs/wc/11/work'], stdout: b''	(at ex_script.py:45) 
2019-03-02 02:02:36,398 [D] ┌:F:n:WD_3:wc.c:48	(at logger.py:129) 
2019-03-02 02:02:36,398 [D] |:F:n:WD_3:wc.c:47	(at logger.py:129) 
2019-03-02 02:02:36,398 [D] └:F:n:WD_3:wc.c:46	(at logger.py:129) 
2019-03-02 02:02:36,411 [D] subprocess cmd: ['source compile.sh /home/bohrok/Documents/DM/output/orbs/wc/11/work'], stdout: b''	(at ex_script.py:45) 
2019-03-02 02:02:36,411 [D] -:F:n:WD_1:wc.c:47	(at logger.py:129) 
2019-03-02 02:02:36,423 [D] subprocess cmd: ['source compile.sh /home/bohrok/Documents/DM/output/orbs/wc/11/work'], stdout: b''	(at ex_script.py:45) 
2019-03-02 02:02:36,423 [D] ┌:F:n:WD_2:wc.c:47	(at logger.py:129) 
2019-03-02 02:02:36,423 [D] └:F:n:WD_2:wc.c:46	(at logger.py:129) 
2019-03-02 02:02:36,460 [D] ┌:C:c:WD_3:wc.c:47	(at logger.py:129) 
2019-03-02 02:02:36,460 [D] |:C:c:WD_3:wc.c:46	(at logger.py:129) 
2019-03-02 02:02:36,460 [D] └:C:c:WD_3:wc.c:45	(at logger.py:129) 
2019-03-02 02:02:36,495 [D] -:C:c:WD_1:wc.c:46	(at logger.py:129) 
2019-03-02 02:02:36,505 [D] subprocess cmd: ['source compile.sh /home/bohrok/Documents/DM/output/orbs/wc/11/work'], stdout: b''	(at ex_script.py:45) 
2019-03-02 02:02:36,505 [D] ┌:F:n:WD_2:wc.c:46	(at logger.py:129) 
2019-03-02 02:02:36,505 [D] └:F:n:WD_2:wc.c:45	(at logger.py:129) 
2019-03-02 02:02:36,505 [D] ┌:C:c:WD_3:wc.c:46	(at logger.py:129) 
2019-03-02 02:02:36,505 [D] |:C:c:WD_3:wc.c:45	(at logger.py:129) 
2019-03-02 02:02:36,505 [D] └:C:c:WD_3:wc.c:43	(at logger.py:129) 
2019-03-02 02:02:36,518 [D] subprocess cmd: ['source compile.sh /home/bohrok/Documents/DM/output/orbs/wc/11/work'], stdout: b''	(at ex_script.py:45) 
2019-03-02 02:02:36,518 [D] -:F:n:WD_1:wc.c:45	(at logger.py:129) 
2019-03-02 02:02:36,551 [D] ┌:C:c:WD_2:wc.c:45	(at logger.py:129) 
2019-03-02 02:02:36,551 [D] └:C:c:WD_2:wc.c:43	(at logger.py:129) 
2019-03-02 02:02:36,583 [D] ┌:C:c:WD_3:wc.c:45	(at logger.py:129) 
2019-03-02 02:02:36,583 [D] |:C:c:WD_3:wc.c:43	(at logger.py:129) 
2019-03-02 02:02:36,583 [D] └:C:c:WD_3:wc.c:42	(at logger.py:129) 
2019-03-02 02:02:36,583 [D]  : : :pass:wc.c:44	(at logger.py:129) 
2019-03-02 02:02:36,595 [D] subprocess cmd: ['source compile.sh /home/bohrok/Documents/DM/output/orbs/wc/11/work'], stdout: b''	(at ex_script.py:45) 
2019-03-02 02:02:36,595 [D] -:F:n:WD_1:wc.c:43	(at logger.py:129) 
2019-03-02 02:02:36,605 [D] subprocess cmd: ['source compile.sh /home/bohrok/Documents/DM/output/orbs/wc/11/work'], stdout: b''	(at ex_script.py:45) 
2019-03-02 02:02:36,605 [D] ┌:F:n:WD_2:wc.c:43	(at logger.py:129) 
2019-03-02 02:02:36,605 [D] └:F:n:WD_2:wc.c:42	(at logger.py:129) 
2019-03-02 02:02:36,606 [D] ┌:C:c:WD_3:wc.c:43	(at logger.py:129) 
2019-03-02 02:02:36,606 [D] |:C:c:WD_3:wc.c:42	(at logger.py:129) 
2019-03-02 02:02:36,606 [D] └:C:c:WD_3:wc.c:41	(at logger.py:129) 
2019-03-02 02:02:36,639 [D] -:C:c:WD_1:wc.c:42	(at logger.py:129) 
2019-03-02 02:02:36,652 [D] subprocess cmd: ['source compile.sh /home/bohrok/Documents/DM/output/orbs/wc/11/work'], stdout: b''	(at ex_script.py:45) 
2019-03-02 02:02:36,652 [D] ┌:F:n:WD_2:wc.c:42	(at logger.py:129) 
2019-03-02 02:02:36,652 [D] └:F:n:WD_2:wc.c:41	(at logger.py:129) 
2019-03-02 02:02:36,665 [D] subprocess cmd: ['source compile.sh /home/bohrok/Documents/DM/output/orbs/wc/11/work'], stdout: b''	(at ex_script.py:45) 
2019-03-02 02:02:36,665 [D] ┌:F:n:WD_3:wc.c:42	(at logger.py:129) 
2019-03-02 02:02:36,665 [D] |:F:n:WD_3:wc.c:41	(at logger.py:129) 
2019-03-02 02:02:36,666 [D] └:F:n:WD_3:wc.c:40	(at logger.py:129) 
2019-03-02 02:02:36,677 [D] subprocess cmd: ['source compile.sh /home/bohrok/Documents/DM/output/orbs/wc/11/work'], stdout: b''	(at ex_script.py:45) 
2019-03-02 02:02:36,677 [D] -:F:n:WD_1:wc.c:41	(at logger.py:129) 
2019-03-02 02:02:36,689 [D] subprocess cmd: ['source compile.sh /home/bohrok/Documents/DM/output/orbs/wc/11/work'], stdout: b''	(at ex_script.py:45) 
2019-03-02 02:02:36,689 [D] ┌:F:n:WD_2:wc.c:41	(at logger.py:129) 
2019-03-02 02:02:36,689 [D] └:F:n:WD_2:wc.c:40	(at logger.py:129) 
2019-03-02 02:02:36,701 [D] subprocess cmd: ['source compile.sh /home/bohrok/Documents/DM/output/orbs/wc/11/work'], stdout: b''	(at ex_script.py:45) 
2019-03-02 02:02:36,702 [D] ┌:F:n:WD_3:wc.c:41	(at logger.py:129) 
2019-03-02 02:02:36,702 [D] |:F:n:WD_3:wc.c:40	(at logger.py:129) 
2019-03-02 02:02:36,702 [D] └:F:n:WD_3:wc.c:39	(at logger.py:129) 
2019-03-02 02:02:36,715 [D] subprocess cmd: ['source compile.sh /home/bohrok/Documents/DM/output/orbs/wc/11/work'], stdout: b''	(at ex_script.py:45) 
2019-03-02 02:02:36,716 [D] -:F:n:WD_1:wc.c:40	(at logger.py:129) 
2019-03-02 02:02:36,747 [D] ┌:C:c:WD_2:wc.c:40	(at logger.py:129) 
2019-03-02 02:02:36,748 [D] └:C:c:WD_2:wc.c:39	(at logger.py:129) 
2019-03-02 02:02:36,757 [D] subprocess cmd: ['source compile.sh /home/bohrok/Documents/DM/output/orbs/wc/11/work'], stdout: b''	(at ex_script.py:45) 
2019-03-02 02:02:36,757 [D] ┌:F:n:WD_3:wc.c:40	(at logger.py:129) 
2019-03-02 02:02:36,757 [D] |:F:n:WD_3:wc.c:39	(at logger.py:129) 
2019-03-02 02:02:36,757 [D] └:F:n:WD_3:wc.c:37	(at logger.py:129) 
2019-03-02 02:02:36,769 [D] subprocess cmd: ['source compile.sh /home/bohrok/Documents/DM/output/orbs/wc/11/work'], stdout: b''	(at ex_script.py:45) 
2019-03-02 02:02:36,769 [D] -:F:n:WD_1:wc.c:39	(at logger.py:129) 
2019-03-02 02:02:36,781 [D] subprocess cmd: ['source compile.sh /home/bohrok/Documents/DM/output/orbs/wc/11/work'], stdout: b''	(at ex_script.py:45) 
2019-03-02 02:02:36,781 [D] ┌:F:n:WD_2:wc.c:39	(at logger.py:129) 
2019-03-02 02:02:36,781 [D] └:F:n:WD_2:wc.c:37	(at logger.py:129) 
2019-03-02 02:02:36,793 [D] subprocess cmd: ['source compile.sh /home/bohrok/Documents/DM/output/orbs/wc/11/work'], stdout: b''	(at ex_script.py:45) 
2019-03-02 02:02:36,793 [D] ┌:F:n:WD_3:wc.c:39	(at logger.py:129) 
2019-03-02 02:02:36,794 [D] |:F:n:WD_3:wc.c:37	(at logger.py:129) 
2019-03-02 02:02:36,794 [D] └:F:n:WD_3:wc.c:36	(at logger.py:129) 
2019-03-02 02:02:36,794 [D]  : : :pass:wc.c:38	(at logger.py:129) 
2019-03-02 02:02:36,804 [D] subprocess cmd: ['source compile.sh /home/bohrok/Documents/DM/output/orbs/wc/11/work'], stdout: b''	(at ex_script.py:45) 
2019-03-02 02:02:36,804 [D] -:F:n:WD_1:wc.c:37	(at logger.py:129) 
2019-03-02 02:02:36,819 [D] subprocess cmd: ['source compile.sh /home/bohrok/Documents/DM/output/orbs/wc/11/work'], stdout: b''	(at ex_script.py:45) 
2019-03-02 02:02:36,819 [D] ┌:F:n:WD_2:wc.c:37	(at logger.py:129) 
2019-03-02 02:02:36,819 [D] └:F:n:WD_2:wc.c:36	(at logger.py:129) 
2019-03-02 02:02:36,850 [D] subprocess cmd: ['source compile.sh /home/bohrok/Documents/DM/output/orbs/wc/11/work'], stdout: b''	(at ex_script.py:45) 
2019-03-02 02:02:36,851 [D] ┌:F:n:WD_3:wc.c:37	(at logger.py:129) 
2019-03-02 02:02:36,851 [D] |:F:n:WD_3:wc.c:36	(at logger.py:129) 
2019-03-02 02:02:36,851 [D] └:F:n:WD_3:wc.c:35	(at logger.py:129) 
2019-03-02 02:02:36,866 [D] subprocess cmd: ['source compile.sh /home/bohrok/Documents/DM/output/orbs/wc/11/work'], stdout: b''	(at ex_script.py:45) 
2019-03-02 02:02:36,866 [D] -:F:n:WD_1:wc.c:36	(at logger.py:129) 
2019-03-02 02:02:36,879 [D] subprocess cmd: ['source compile.sh /home/bohrok/Documents/DM/output/orbs/wc/11/work'], stdout: b''	(at ex_script.py:45) 
2019-03-02 02:02:36,879 [D] ┌:F:n:WD_2:wc.c:36	(at logger.py:129) 
2019-03-02 02:02:36,879 [D] └:F:n:WD_2:wc.c:35	(at logger.py:129) 
2019-03-02 02:02:36,889 [D] subprocess cmd: ['source compile.sh /home/bohrok/Documents/DM/output/orbs/wc/11/work'], stdout: b''	(at ex_script.py:45) 
2019-03-02 02:02:36,890 [D] ┌:F:n:WD_3:wc.c:36	(at logger.py:129) 
2019-03-02 02:02:36,890 [D] |:F:n:WD_3:wc.c:35	(at logger.py:129) 
2019-03-02 02:02:36,890 [D] └:F:n:WD_3:wc.c:34	(at logger.py:129) 
2019-03-02 02:02:36,904 [D] subprocess cmd: ['source compile.sh /home/bohrok/Documents/DM/output/orbs/wc/11/work'], stdout: b''	(at ex_script.py:45) 
2019-03-02 02:02:36,904 [D] -:F:n:WD_1:wc.c:35	(at logger.py:129) 
2019-03-02 02:02:36,918 [D] subprocess cmd: ['source compile.sh /home/bohrok/Documents/DM/output/orbs/wc/11/work'], stdout: b''	(at ex_script.py:45) 
2019-03-02 02:02:36,918 [D] ┌:F:n:WD_2:wc.c:35	(at logger.py:129) 
2019-03-02 02:02:36,918 [D] └:F:n:WD_2:wc.c:34	(at logger.py:129) 
2019-03-02 02:02:36,931 [D] subprocess cmd: ['source compile.sh /home/bohrok/Documents/DM/output/orbs/wc/11/work'], stdout: b''	(at ex_script.py:45) 
2019-03-02 02:02:36,931 [D] ┌:F:n:WD_3:wc.c:35	(at logger.py:129) 
2019-03-02 02:02:36,931 [D] |:F:n:WD_3:wc.c:34	(at logger.py:129) 
2019-03-02 02:02:36,931 [D] └:F:n:WD_3:wc.c:33	(at logger.py:129) 
2019-03-02 02:02:36,943 [D] subprocess cmd: ['source compile.sh /home/bohrok/Documents/DM/output/orbs/wc/11/work'], stdout: b''	(at ex_script.py:45) 
2019-03-02 02:02:36,943 [D] -:F:n:WD_1:wc.c:34	(at logger.py:129) 
2019-03-02 02:02:36,955 [D] subprocess cmd: ['source compile.sh /home/bohrok/Documents/DM/output/orbs/wc/11/work'], stdout: b''	(at ex_script.py:45) 
2019-03-02 02:02:36,955 [D] ┌:F:n:WD_2:wc.c:34	(at logger.py:129) 
2019-03-02 02:02:36,955 [D] └:F:n:WD_2:wc.c:33	(at logger.py:129) 
2019-03-02 02:02:36,969 [D] subprocess cmd: ['source compile.sh /home/bohrok/Documents/DM/output/orbs/wc/11/work'], stdout: b''	(at ex_script.py:45) 
2019-03-02 02:02:36,970 [D] ┌:F:n:WD_3:wc.c:34	(at logger.py:129) 
2019-03-02 02:02:36,970 [D] |:F:n:WD_3:wc.c:33	(at logger.py:129) 
2019-03-02 02:02:36,970 [D] └:F:n:WD_3:wc.c:32	(at logger.py:129) 
2019-03-02 02:02:36,983 [D] subprocess cmd: ['source compile.sh /home/bohrok/Documents/DM/output/orbs/wc/11/work'], stdout: b''	(at ex_script.py:45) 
2019-03-02 02:02:36,983 [D] -:F:n:WD_1:wc.c:33	(at logger.py:129) 
2019-03-02 02:02:36,996 [D] subprocess cmd: ['source compile.sh /home/bohrok/Documents/DM/output/orbs/wc/11/work'], stdout: b''	(at ex_script.py:45) 
2019-03-02 02:02:36,996 [D] ┌:F:n:WD_2:wc.c:33	(at logger.py:129) 
2019-03-02 02:02:36,996 [D] └:F:n:WD_2:wc.c:32	(at logger.py:129) 
2019-03-02 02:02:37,010 [D] subprocess cmd: ['source compile.sh /home/bohrok/Documents/DM/output/orbs/wc/11/work'], stdout: b''	(at ex_script.py:45) 
2019-03-02 02:02:37,010 [D] ┌:F:n:WD_3:wc.c:33	(at logger.py:129) 
2019-03-02 02:02:37,010 [D] |:F:n:WD_3:wc.c:32	(at logger.py:129) 
2019-03-02 02:02:37,010 [D] └:F:n:WD_3:wc.c:31	(at logger.py:129) 
2019-03-02 02:02:37,045 [D] -:C:c:WD_1:wc.c:32	(at logger.py:129) 
2019-03-02 02:02:37,055 [D] subprocess cmd: ['source compile.sh /home/bohrok/Documents/DM/output/orbs/wc/11/work'], stdout: b''	(at ex_script.py:45) 
2019-03-02 02:02:37,055 [D] ┌:F:n:WD_2:wc.c:32	(at logger.py:129) 
2019-03-02 02:02:37,056 [D] └:F:n:WD_2:wc.c:31	(at logger.py:129) 
2019-03-02 02:02:37,072 [D] subprocess cmd: ['source compile.sh /home/bohrok/Documents/DM/output/orbs/wc/11/work'], stdout: b''	(at ex_script.py:45) 
2019-03-02 02:02:37,072 [D] ┌:F:n:WD_3:wc.c:32	(at logger.py:129) 
2019-03-02 02:02:37,072 [D] |:F:n:WD_3:wc.c:31	(at logger.py:129) 
2019-03-02 02:02:37,072 [D] └:F:n:WD_3:wc.c:30	(at logger.py:129) 
2019-03-02 02:02:37,088 [D] subprocess cmd: ['source compile.sh /home/bohrok/Documents/DM/output/orbs/wc/11/work'], stdout: b''	(at ex_script.py:45) 
2019-03-02 02:02:37,088 [D] -:F:n:WD_1:wc.c:31	(at logger.py:129) 
2019-03-02 02:02:37,101 [D] subprocess cmd: ['source compile.sh /home/bohrok/Documents/DM/output/orbs/wc/11/work'], stdout: b''	(at ex_script.py:45) 
2019-03-02 02:02:37,101 [D] ┌:F:n:WD_2:wc.c:31	(at logger.py:129) 
2019-03-02 02:02:37,101 [D] └:F:n:WD_2:wc.c:30	(at logger.py:129) 
2019-03-02 02:02:37,137 [D] ┌:C:c:WD_3:wc.c:31	(at logger.py:129) 
2019-03-02 02:02:37,138 [D] |:C:c:WD_3:wc.c:30	(at logger.py:129) 
2019-03-02 02:02:37,138 [D] └:C:c:WD_3:wc.c:29	(at logger.py:129) 
2019-03-02 02:02:37,172 [D] -:C:c:WD_1:wc.c:30	(at logger.py:129) 
2019-03-02 02:02:37,184 [D] subprocess cmd: ['source compile.sh /home/bohrok/Documents/DM/output/orbs/wc/11/work'], stdout: b''	(at ex_script.py:45) 
2019-03-02 02:02:37,184 [D] ┌:F:n:WD_2:wc.c:30	(at logger.py:129) 
2019-03-02 02:02:37,184 [D] └:F:n:WD_2:wc.c:29	(at logger.py:129) 
2019-03-02 02:02:37,196 [D] subprocess cmd: ['source compile.sh /home/bohrok/Documents/DM/output/orbs/wc/11/work'], stdout: b''	(at ex_script.py:45) 
2019-03-02 02:02:37,197 [D] ┌:F:n:WD_3:wc.c:30	(at logger.py:129) 
2019-03-02 02:02:37,197 [D] |:F:n:WD_3:wc.c:29	(at logger.py:129) 
2019-03-02 02:02:37,197 [D] └:F:n:WD_3:wc.c:28	(at logger.py:129) 
2019-03-02 02:02:37,208 [D] subprocess cmd: ['source compile.sh /home/bohrok/Documents/DM/output/orbs/wc/11/work'], stdout: b''	(at ex_script.py:45) 
2019-03-02 02:02:37,208 [D] -:F:n:WD_1:wc.c:29	(at logger.py:129) 
2019-03-02 02:02:37,220 [D] subprocess cmd: ['source compile.sh /home/bohrok/Documents/DM/output/orbs/wc/11/work'], stdout: b''	(at ex_script.py:45) 
2019-03-02 02:02:37,220 [D] ┌:F:n:WD_2:wc.c:29	(at logger.py:129) 
2019-03-02 02:02:37,220 [D] └:F:n:WD_2:wc.c:28	(at logger.py:129) 
2019-03-02 02:02:37,232 [D] subprocess cmd: ['source compile.sh /home/bohrok/Documents/DM/output/orbs/wc/11/work'], stdout: b''	(at ex_script.py:45) 
2019-03-02 02:02:37,233 [D] ┌:F:n:WD_3:wc.c:29	(at logger.py:129) 
2019-03-02 02:02:37,233 [D] |:F:n:WD_3:wc.c:28	(at logger.py:129) 
2019-03-02 02:02:37,233 [D] └:F:n:WD_3:wc.c:27	(at logger.py:129) 
2019-03-02 02:02:37,245 [D] subprocess cmd: ['source compile.sh /home/bohrok/Documents/DM/output/orbs/wc/11/work'], stdout: b''	(at ex_script.py:45) 
2019-03-02 02:02:37,245 [D] -:F:n:WD_1:wc.c:28	(at logger.py:129) 
2019-03-02 02:02:37,259 [D] subprocess cmd: ['source compile.sh /home/bohrok/Documents/DM/output/orbs/wc/11/work'], stdout: b''	(at ex_script.py:45) 
2019-03-02 02:02:37,259 [D] ┌:F:n:WD_2:wc.c:28	(at logger.py:129) 
2019-03-02 02:02:37,259 [D] └:F:n:WD_2:wc.c:27	(at logger.py:129) 
2019-03-02 02:02:37,298 [D] ┌:C:c:WD_3:wc.c:28	(at logger.py:129) 
2019-03-02 02:02:37,298 [D] |:C:c:WD_3:wc.c:27	(at logger.py:129) 
2019-03-02 02:02:37,299 [D] └:C:c:WD_3:wc.c:25	(at logger.py:129) 
2019-03-02 02:02:37,329 [D] -:C:c:WD_1:wc.c:27	(at logger.py:129) 
2019-03-02 02:02:37,338 [D] subprocess cmd: ['source compile.sh /home/bohrok/Documents/DM/output/orbs/wc/11/work'], stdout: b''	(at ex_script.py:45) 
2019-03-02 02:02:37,338 [D] ┌:F:n:WD_2:wc.c:27	(at logger.py:129) 
2019-03-02 02:02:37,338 [D] └:F:n:WD_2:wc.c:25	(at logger.py:129) 
2019-03-02 02:02:37,351 [D] subprocess cmd: ['source compile.sh /home/bohrok/Documents/DM/output/orbs/wc/11/work'], stdout: b''	(at ex_script.py:45) 
2019-03-02 02:02:37,352 [D] ┌:F:n:WD_3:wc.c:27	(at logger.py:129) 
2019-03-02 02:02:37,352 [D] |:F:n:WD_3:wc.c:25	(at logger.py:129) 
2019-03-02 02:02:37,352 [D] └:F:n:WD_3:wc.c:23	(at logger.py:129) 
2019-03-02 02:02:37,352 [D]  : : :pass:wc.c:26	(at logger.py:129) 
2019-03-02 02:02:37,364 [D] subprocess cmd: ['source compile.sh /home/bohrok/Documents/DM/output/orbs/wc/11/work'], stdout: b''	(at ex_script.py:45) 
2019-03-02 02:02:37,364 [D] -:F:n:WD_1:wc.c:25	(at logger.py:129) 
2019-03-02 02:02:37,374 [D] subprocess cmd: ['source compile.sh /home/bohrok/Documents/DM/output/orbs/wc/11/work'], stdout: b''	(at ex_script.py:45) 
2019-03-02 02:02:37,374 [D] ┌:F:n:WD_2:wc.c:25	(at logger.py:129) 
2019-03-02 02:02:37,375 [D] └:F:n:WD_2:wc.c:23	(at logger.py:129) 
2019-03-02 02:02:37,384 [D] subprocess cmd: ['source compile.sh /home/bohrok/Documents/DM/output/orbs/wc/11/work'], stdout: b''	(at ex_script.py:45) 
2019-03-02 02:02:37,384 [D] ┌:F:n:WD_3:wc.c:25	(at logger.py:129) 
2019-03-02 02:02:37,384 [D] |:F:n:WD_3:wc.c:23	(at logger.py:129) 
2019-03-02 02:02:37,384 [D] └:F:n:WD_3:wc.c:21	(at logger.py:129) 
2019-03-02 02:02:37,384 [D]  : : :pass:wc.c:24	(at logger.py:129) 
2019-03-02 02:02:37,413 [D] -:C:c:WD_1:wc.c:23	(at logger.py:129) 
2019-03-02 02:02:37,423 [D] subprocess cmd: ['source compile.sh /home/bohrok/Documents/DM/output/orbs/wc/11/work'], stdout: b''	(at ex_script.py:45) 
2019-03-02 02:02:37,423 [D] ┌:F:n:WD_2:wc.c:23	(at logger.py:129) 
2019-03-02 02:02:37,424 [D] └:F:n:WD_2:wc.c:21	(at logger.py:129) 
2019-03-02 02:02:37,436 [D] subprocess cmd: ['source compile.sh /home/bohrok/Documents/DM/output/orbs/wc/11/work'], stdout: b''	(at ex_script.py:45) 
2019-03-02 02:02:37,436 [D] ┌:F:n:WD_3:wc.c:23	(at logger.py:129) 
2019-03-02 02:02:37,436 [D] |:F:n:WD_3:wc.c:21	(at logger.py:129) 
2019-03-02 02:02:37,436 [D] └:F:n:WD_3:wc.c:20	(at logger.py:129) 
2019-03-02 02:02:37,436 [D]  : : :pass:wc.c:22	(at logger.py:129) 
2019-03-02 02:02:37,448 [D] subprocess cmd: ['source compile.sh /home/bohrok/Documents/DM/output/orbs/wc/11/work'], stdout: b''	(at ex_script.py:45) 
2019-03-02 02:02:37,449 [D] -:F:n:WD_1:wc.c:21	(at logger.py:129) 
2019-03-02 02:02:37,459 [D] subprocess cmd: ['source compile.sh /home/bohrok/Documents/DM/output/orbs/wc/11/work'], stdout: b''	(at ex_script.py:45) 
2019-03-02 02:02:37,459 [D] ┌:F:n:WD_2:wc.c:21	(at logger.py:129) 
2019-03-02 02:02:37,459 [D] └:F:n:WD_2:wc.c:20	(at logger.py:129) 
2019-03-02 02:02:37,473 [D] subprocess cmd: ['source compile.sh /home/bohrok/Documents/DM/output/orbs/wc/11/work'], stdout: b''	(at ex_script.py:45) 
2019-03-02 02:02:37,473 [D] ┌:F:n:WD_3:wc.c:21	(at logger.py:129) 
2019-03-02 02:02:37,473 [D] |:F:n:WD_3:wc.c:20	(at logger.py:129) 
2019-03-02 02:02:37,473 [D] └:F:n:WD_3:wc.c:14	(at logger.py:129) 
2019-03-02 02:02:37,473 [D] -:F:n:WD_1:wc.c:20	(at logger.py:129) 
2019-03-02 02:02:37,487 [D] subprocess cmd: ['source compile.sh /home/bohrok/Documents/DM/output/orbs/wc/11/work'], stdout: b''	(at ex_script.py:45) 
2019-03-02 02:02:37,487 [D] ┌:F:n:WD_2:wc.c:20	(at logger.py:129) 
2019-03-02 02:02:37,488 [D] └:F:n:WD_2:wc.c:14	(at logger.py:129) 
2019-03-02 02:02:37,500 [D] subprocess cmd: ['source compile.sh /home/bohrok/Documents/DM/output/orbs/wc/11/work'], stdout: b''	(at ex_script.py:45) 
2019-03-02 02:02:37,500 [D] ┌:F:n:WD_3:wc.c:20	(at logger.py:129) 
2019-03-02 02:02:37,500 [D] |:F:n:WD_3:wc.c:14	(at logger.py:129) 
2019-03-02 02:02:37,500 [D] └:F:n:WD_3:wc.c:13	(at logger.py:129) 
2019-03-02 02:02:37,500 [D]  : : :pass:wc.c:19	(at logger.py:129) 
2019-03-02 02:02:37,500 [D]  : : :pass:wc.c:18	(at logger.py:129) 
2019-03-02 02:02:37,500 [D]  : : :pass:wc.c:17	(at logger.py:129) 
2019-03-02 02:02:37,500 [D]  : : :pass:wc.c:16	(at logger.py:129) 
2019-03-02 02:02:37,500 [D]  : : :pass:wc.c:15	(at logger.py:129) 
2019-03-02 02:02:37,500 [D] -:F:n:WD_1:wc.c:14	(at logger.py:129) 
2019-03-02 02:02:37,500 [D] ┌:F:n:WD_2:wc.c:14	(at logger.py:129) 
2019-03-02 02:02:37,500 [D] └:F:n:WD_2:wc.c:13	(at logger.py:129) 
2019-03-02 02:02:37,501 [D] ┌:F:n:WD_3:wc.c:14	(at logger.py:129) 
2019-03-02 02:02:37,501 [D] |:F:n:WD_3:wc.c:13	(at logger.py:129) 
2019-03-02 02:02:37,501 [D] └:F:n:WD_3:wc.c:11	(at logger.py:129) 
2019-03-02 02:02:37,501 [D] -:C:c:WD_1:wc.c:13	(at logger.py:129) 
2019-03-02 02:02:37,501 [D] ┌:C:c:WD_2:wc.c:13	(at logger.py:129) 
2019-03-02 02:02:37,501 [D] └:C:c:WD_2:wc.c:11	(at logger.py:129) 
2019-03-02 02:02:37,501 [D] ┌:F:n:WD_3:wc.c:13	(at logger.py:129) 
2019-03-02 02:02:37,501 [D] |:F:n:WD_3:wc.c:11	(at logger.py:129) 
2019-03-02 02:02:37,501 [D] └:F:n:WD_3:wc.c:9	(at logger.py:129) 
2019-03-02 02:02:37,501 [D]  : : :pass:wc.c:12	(at logger.py:129) 
2019-03-02 02:02:37,501 [D] -:C:c:WD_1:wc.c:11	(at logger.py:129) 
2019-03-02 02:02:37,501 [D] ┌:F:n:WD_2:wc.c:11	(at logger.py:129) 
2019-03-02 02:02:37,501 [D] └:F:n:WD_2:wc.c:9	(at logger.py:129) 
2019-03-02 02:02:37,502 [D] ┌:F:n:WD_3:wc.c:11	(at logger.py:129) 
2019-03-02 02:02:37,502 [D] |:F:n:WD_3:wc.c:9	(at logger.py:129) 
2019-03-02 02:02:37,502 [D] └:F:n:WD_3:wc.c:7	(at logger.py:129) 
2019-03-02 02:02:37,502 [D]  : : :pass:wc.c:10	(at logger.py:129) 
2019-03-02 02:02:37,502 [D] -:F:n:WD_1:wc.c:9	(at logger.py:129) 
2019-03-02 02:02:37,502 [D] ┌:F:n:WD_2:wc.c:9	(at logger.py:129) 
2019-03-02 02:02:37,502 [D] └:F:n:WD_2:wc.c:7	(at logger.py:129) 
2019-03-02 02:02:37,502 [D] ┌:F:n:WD_3:wc.c:9	(at logger.py:129) 
2019-03-02 02:02:37,502 [D] |:F:n:WD_3:wc.c:7	(at logger.py:129) 
2019-03-02 02:02:37,502 [D] └:F:n:WD_3:wc.c:4	(at logger.py:129) 
2019-03-02 02:02:37,502 [D]  : : :pass:wc.c:8	(at logger.py:129) 
2019-03-02 02:02:37,502 [D] -:F:n:WD_1:wc.c:7	(at logger.py:129) 
2019-03-02 02:02:37,502 [D] ┌:F:n:WD_2:wc.c:7	(at logger.py:129) 
2019-03-02 02:02:37,502 [D] └:F:n:WD_2:wc.c:4	(at logger.py:129) 
2019-03-02 02:02:37,503 [D] ┌:F:n:WD_3:wc.c:7	(at logger.py:129) 
2019-03-02 02:02:37,503 [D] |:F:n:WD_3:wc.c:4	(at logger.py:129) 
2019-03-02 02:02:37,503 [D] └:F:n:WD_3:wc.c:3	(at logger.py:129) 
2019-03-02 02:02:37,503 [D]  : : :pass:wc.c:6	(at logger.py:129) 
2019-03-02 02:02:37,503 [D]  : : :pass:wc.c:5	(at logger.py:129) 
2019-03-02 02:02:37,503 [D] -:F:n:WD_1:wc.c:4	(at logger.py:129) 
2019-03-02 02:02:37,503 [D] ┌:F:n:WD_2:wc.c:4	(at logger.py:129) 
2019-03-02 02:02:37,503 [D] └:F:n:WD_2:wc.c:3	(at logger.py:129) 
2019-03-02 02:02:37,503 [D] ┌:F:n:WD_3:wc.c:4	(at logger.py:129) 
2019-03-02 02:02:37,503 [D] |:F:n:WD_3:wc.c:3	(at logger.py:129) 
2019-03-02 02:02:37,503 [D] └:F:n:WD_3:wc.c:2	(at logger.py:129) 
2019-03-02 02:02:37,503 [D] -:F:n:WD_1:wc.c:3	(at logger.py:129) 
2019-03-02 02:02:37,503 [D] ┌:F:n:WD_2:wc.c:3	(at logger.py:129) 
2019-03-02 02:02:37,503 [D] └:F:n:WD_2:wc.c:2	(at logger.py:129) 
2019-03-02 02:02:37,504 [D] ┌:F:n:WD_3:wc.c:3	(at logger.py:129) 
2019-03-02 02:02:37,504 [D] └:F:n:WD_3:wc.c:2	(at logger.py:129) 
2019-03-02 02:02:37,504 [D] -:F:n:WD_1:wc.c:2	(at logger.py:129) 
2019-03-02 02:02:37,504 [D] -:F:n:WD_2:wc.c:2	(at logger.py:129) 
2019-03-02 02:02:37,504 [D] -:F:n:WD_3:wc.c:2	(at logger.py:129) 
2019-03-02 02:02:37,504 [D]  : : :pass:wc.c:1	(at logger.py:129) 
2019-03-02 02:02:37,504 [D] comp_cached_cnt:27	(at logger.py:134) 
2019-03-02 02:02:37,504 [D] compile_cnt:69	(at logger.py:134) 
2019-03-02 02:02:37,504 [D] execute_cnt:0	(at logger.py:134) 
2019-03-02 02:02:37,504 [D] fail_del_cnt:17	(at logger.py:134) 
2019-03-02 02:02:37,504 [D] iter_idx:3	(at logger.py:134) 
2019-03-02 02:02:37,504 [D] reuse_cnt:17	(at logger.py:134) 
2019-03-02 02:02:37,504 [D] succ_del_cnt:0	(at logger.py:134) 
2019-03-02 02:02:37,504 [D] time:1.1416418552398682	(at logger.py:134) 
2019-03-02 02:02:37,504 [D] deletion:16	(at logger.py:136) 
2019-03-02 02:02:37,505 [I] Iteration 3 finished	(at orbs.py:87) 
2019-03-02 02:02:37,505 [D] total_lines:48	(at logger.py:74) 
2019-03-02 02:02:37,505 [D] iteration_cnt:3	(at logger.py:75) 
2019-03-02 02:02:37,505 [D] comp_cached_cnt:34	(at logger.py:79) 
2019-03-02 02:02:37,505 [D] compile_cnt:276	(at logger.py:79) 
2019-03-02 02:02:37,505 [D] execute_cnt:38	(at logger.py:79) 
2019-03-02 02:02:37,505 [D] fail_del_cnt:54	(at logger.py:79) 
2019-03-02 02:02:37,505 [D] reuse_cnt:31	(at logger.py:79) 
2019-03-02 02:02:37,505 [D] succ_del_cnt:15	(at logger.py:79) 
2019-03-02 02:02:37,505 [D] time:6.021069049835205	(at logger.py:80) 
2019-03-02 02:02:37,505 [D] deletion:16	(at logger.py:82) 
2019-03-02 02:02:37,505 [I] ORBS fin.	(at orbs.py:91) 
2019-03-02 02:02:37,506 [I] ===== END - RUN ==============================================	(at main.py:95) 
2019-03-02 02:02:37,506 [I] 	(at main.py:96) 
