2019-03-02 22:10:52,836 [I] output_path: output/model/mug/2hot/logistic	(at model.py:166) 
2019-03-02 22:10:52,837 [D] self._size = 9	(at cstmt_factor_manager.py:79) 
2019-03-02 22:10:52,837 [D] self._factor[0] = ('mug.c', [14:5 - 14:23])	(at cstmt_factor_manager.py:80) 
2019-03-02 22:10:52,837 [D] self._compile_script = output/original/mug/scripts/compile.sh	(at response_manager.py:17) 
2019-03-02 22:10:52,837 [D] self._test_suite[0] = output/original/mug/scripts/test/tc1.sh	(at response_manager.py:18) 
2019-03-02 22:10:52,837 [I] factor_size: 9	(at model.py:121) 
2019-03-02 22:10:52,837 [I] response_size: 15	(at model.py:122) 
2019-03-02 22:10:52,856 [I] Criteria path loaded (path:output/original/mug/scripts/test/criteria)	(at model.py:43) 
2019-03-02 22:10:52,856 [I] unique response cnt: 16	(at model.py:179) 
2019-03-02 22:10:52,856 [I] 1 1 1 1 1 1 1 0 1 1 1 0 1 1 1	(at model.py:181) 
2019-03-02 22:10:52,856 [I] 1 0 1 0 1 0 0 0 0 0 0 0 0 0 0	(at model.py:181) 
2019-03-02 22:10:52,856 [I] 1 1 1 1 1 1 1 1 1 1 1 1 1 1 1	(at model.py:181) 
2019-03-02 22:10:52,856 [I] 1 1 1 0 1 1 0 0 0 1 1 0 1 0 1	(at model.py:181) 
2019-03-02 22:10:52,856 [I] 1 0 1 1 1 0 0 1 0 0 0 0 0 0 0	(at model.py:181) 
2019-03-02 22:10:52,856 [I] 1 1 0 1 1 0 0 1 0 0 0 1 0 0 0	(at model.py:181) 
2019-03-02 22:10:52,857 [I] 1 1 0 1 1 0 0 0 0 0 0 0 0 0 0	(at model.py:181) 
2019-03-02 22:10:52,857 [I] 1 1 0 1 1 0 0 1 1 0 0 1 0 0 0	(at model.py:181) 
2019-03-02 22:10:52,857 [I] 1 1 1 1 1 1 0 1 0 1 1 1 1 0 1	(at model.py:181) 
2019-03-02 22:10:52,857 [I] 1 0 1 1 1 0 0 1 1 0 0 0 0 0 0	(at model.py:181) 
2019-03-02 22:10:52,857 [I] 1 1 0 0 1 0 0 0 0 0 0 0 0 0 0	(at model.py:181) 
2019-03-02 22:10:52,857 [I] 1 1 1 1 1 1 0 0 0 1 1 0 1 0 1	(at model.py:181) 
2019-03-02 22:10:52,857 [I] 1 0 0 1 1 0 0 1 1 0 0 0 0 0 0	(at model.py:181) 
2019-03-02 22:10:52,857 [I] 1 0 1 1 1 0 0 0 1 0 0 0 0 0 0	(at model.py:181) 
2019-03-02 22:10:52,857 [I] 1 0 1 1 1 0 0 0 0 0 0 0 0 0 0	(at model.py:181) 
2019-03-02 22:10:52,857 [I] 1 1 0 1 1 0 0 0 1 0 0 0 0 0 0	(at model.py:181) 
2019-03-02 22:10:52,857 [I] Criterion ORBS:14:5:i (1): response_idx:2, vector_idx:11	(at model.py:135) 
2019-03-02 22:10:52,858 [I] inferred factor:
[0 1 1 1 1 1 1 1 1]	(at model.py:145) 
2019-03-02 22:10:52,860 [D] Filename:mug.c Code:
#include <stdio.h>
#include <stdlib.h>
#include <stdbool.h>
bool p(int i);
bool q(int c);
int h(int i);
int f();
int g();
int main(int argc, char *argv[])
{
    int i;
    int c;
    int x;
    i = atoi(argv[1]);printf("\nORBS:%d:%d:%s:%d\n", 14, 5, "i", i);
                     ;printf("\nORBS:%d:%d:%s:%d\n", 15, 5, "c", c);
                     ;printf("\nORBS:%d:%d:%s:%d\n", 16, 5, "x", x);
    printf("\nORBS:%d:%d:%s:%d\n", 17, 14, "i", i);while (p(i))
    {
        printf("\nORBS:%d:%d:%s:%d\n", 19, 15, "c", c);if (q(c))
        {
            x = f();printf("\nORBS:%d:%d:%s:%d\n", 21, 13, "x", x);
            c = g();printf("\nORBS:%d:%d:%s:%d\n", 22, 13, "c", c);
        }
        printf("\nORBS:%d:%d:%s:%d\n", 24, 15, "i", i);i = h(i);printf("\nORBS:%d:%d:%s:%d\n", 24, 9, "i", i);
    printf("\nORBS:%d:%d:%s:%d\n", 17, 14, "i", i);}
    printf("\nORBS:%d:%d:%s:%d\n", 26, 20, "x", x);                 ; // slice here
}
bool p(int i)
{
    printf("\nORBS:%d:%d:%s:%d\n", 30, 9, "i", i);;






     
}
bool q(int i)
{
    printf("\nORBS:%d:%d:%s:%d\n", 41, 9, "i", i);;






     
}
int h(int i)
{
    printf("\nORBS:%d:%d:%s:%d\n", 52, 12, "i", i);            ;
}
int f()
{
               ;
}
int g()
{
              ;
}	(at cstmt_factor_manager.py:107) 
2019-03-02 22:10:53,691 [I] succ: True	(at model.py:150) 
2019-03-02 22:10:53,691 [I] response:
[1 0 1 0 1 0 0 0 0 0 0 0 0 0 0]	(at model.py:151) 
2019-03-02 22:10:53,691 [I] Criterion ORBS:15:5:c (2): response_idx:3, vector_idx:12	(at model.py:135) 
2019-03-02 22:10:53,693 [I] inferred factor:
[1 0 1 1 1 1 1 1 1]	(at model.py:145) 
2019-03-02 22:10:53,694 [D] Filename:mug.c Code:
#include <stdio.h>
#include <stdlib.h>
#include <stdbool.h>
bool p(int i);
bool q(int c);
int h(int i);
int f();
int g();
int main(int argc, char *argv[])
{
    int i;
    int c;
    int x;
                     ;printf("\nORBS:%d:%d:%s:%d\n", 14, 5, "i", i);
    c = atoi(argv[2]);printf("\nORBS:%d:%d:%s:%d\n", 15, 5, "c", c);
                     ;printf("\nORBS:%d:%d:%s:%d\n", 16, 5, "x", x);
    printf("\nORBS:%d:%d:%s:%d\n", 17, 14, "i", i);while (p(i))
    {
        printf("\nORBS:%d:%d:%s:%d\n", 19, 15, "c", c);if (q(c))
        {
            x = f();printf("\nORBS:%d:%d:%s:%d\n", 21, 13, "x", x);
            c = g();printf("\nORBS:%d:%d:%s:%d\n", 22, 13, "c", c);
        }
        printf("\nORBS:%d:%d:%s:%d\n", 24, 15, "i", i);i = h(i);printf("\nORBS:%d:%d:%s:%d\n", 24, 9, "i", i);
    printf("\nORBS:%d:%d:%s:%d\n", 17, 14, "i", i);}
    printf("\nORBS:%d:%d:%s:%d\n", 26, 20, "x", x);                 ; // slice here
}
bool p(int i)
{
    printf("\nORBS:%d:%d:%s:%d\n", 30, 9, "i", i);;






     
}
bool q(int i)
{
    printf("\nORBS:%d:%d:%s:%d\n", 41, 9, "i", i);;






     
}
int h(int i)
{
    printf("\nORBS:%d:%d:%s:%d\n", 52, 12, "i", i);            ;
}
int f()
{
               ;
}
int g()
{
              ;
}	(at cstmt_factor_manager.py:107) 
2019-03-02 22:10:54,572 [I] succ: True	(at model.py:150) 
2019-03-02 22:10:54,573 [I] response:
[1 0 0 1 1 0 0 0 0 0 0 0 0 0 0]	(at model.py:151) 
2019-03-02 22:10:54,573 [I] Criterion ORBS:16:5:x (3): response_idx:4, vector_idx:13	(at model.py:135) 
2019-03-02 22:10:54,573 [I] inferred factor:
[1 1 1 1 1 1 1 1 1]	(at model.py:145) 
2019-03-02 22:10:54,574 [D] Filename:mug.c Code:
#include <stdio.h>
#include <stdlib.h>
#include <stdbool.h>
bool p(int i);
bool q(int c);
int h(int i);
int f();
int g();
int main(int argc, char *argv[])
{
    int i;
    int c;
    int x;
                     ;printf("\nORBS:%d:%d:%s:%d\n", 14, 5, "i", i);
                     ;printf("\nORBS:%d:%d:%s:%d\n", 15, 5, "c", c);
                     ;printf("\nORBS:%d:%d:%s:%d\n", 16, 5, "x", x);
    printf("\nORBS:%d:%d:%s:%d\n", 17, 14, "i", i);while (p(i))
    {
        printf("\nORBS:%d:%d:%s:%d\n", 19, 15, "c", c);if (q(c))
        {
            x = f();printf("\nORBS:%d:%d:%s:%d\n", 21, 13, "x", x);
            c = g();printf("\nORBS:%d:%d:%s:%d\n", 22, 13, "c", c);
        }
        printf("\nORBS:%d:%d:%s:%d\n", 24, 15, "i", i);i = h(i);printf("\nORBS:%d:%d:%s:%d\n", 24, 9, "i", i);
    printf("\nORBS:%d:%d:%s:%d\n", 17, 14, "i", i);}
    printf("\nORBS:%d:%d:%s:%d\n", 26, 20, "x", x);                 ; // slice here
}
bool p(int i)
{
    printf("\nORBS:%d:%d:%s:%d\n", 30, 9, "i", i);;






     
}
bool q(int i)
{
    printf("\nORBS:%d:%d:%s:%d\n", 41, 9, "i", i);;






     
}
int h(int i)
{
    printf("\nORBS:%d:%d:%s:%d\n", 52, 12, "i", i);            ;
}
int f()
{
               ;
}
int g()
{
              ;
}	(at cstmt_factor_manager.py:107) 
2019-03-02 22:10:55,398 [I] succ: True	(at model.py:150) 
2019-03-02 22:10:55,399 [I] response:
[1 0 0 0 1 0 0 0 0 0 0 0 0 0 0]	(at model.py:151) 
2019-03-02 22:10:55,399 [I] Criterion ORBS:17:14:i (4): response_idx:5, vector_idx:14	(at model.py:135) 
2019-03-02 22:10:55,403 [I] inferred factor:
[0 1 1 1 0 1 0 1 1]	(at model.py:145) 
2019-03-02 22:10:55,404 [D] Filename:mug.c Code:
#include <stdio.h>
#include <stdlib.h>
#include <stdbool.h>
bool p(int i);
bool q(int c);
int h(int i);
int f();
int g();
int main(int argc, char *argv[])
{
    int i;
    int c;
    int x;
    i = atoi(argv[1]);printf("\nORBS:%d:%d:%s:%d\n", 14, 5, "i", i);
                     ;printf("\nORBS:%d:%d:%s:%d\n", 15, 5, "c", c);
                     ;printf("\nORBS:%d:%d:%s:%d\n", 16, 5, "x", x);
    printf("\nORBS:%d:%d:%s:%d\n", 17, 14, "i", i);while (p(i))
    {
        printf("\nORBS:%d:%d:%s:%d\n", 19, 15, "c", c);if (q(c))
        {
            x = f();printf("\nORBS:%d:%d:%s:%d\n", 21, 13, "x", x);
            c = g();printf("\nORBS:%d:%d:%s:%d\n", 22, 13, "c", c);
        }
        printf("\nORBS:%d:%d:%s:%d\n", 24, 15, "i", i);i = h(i);printf("\nORBS:%d:%d:%s:%d\n", 24, 9, "i", i);
    printf("\nORBS:%d:%d:%s:%d\n", 17, 14, "i", i);}
    printf("\nORBS:%d:%d:%s:%d\n", 26, 20, "x", x);                 ; // slice here
}
bool p(int i)
{
    printf("\nORBS:%d:%d:%s:%d\n", 30, 9, "i", i);if (i > 0)
    {
        return true;
    }
    else
    {
        return false;
    }
}
bool q(int i)
{
    printf("\nORBS:%d:%d:%s:%d\n", 41, 9, "i", i);;






     
}
int h(int i)
{
    printf("\nORBS:%d:%d:%s:%d\n", 52, 12, "i", i);return i - 1;
}
int f()
{
               ;
}
int g()
{
              ;
}	(at cstmt_factor_manager.py:107) 
2019-03-02 22:10:55,529 [I] succ: True	(at model.py:150) 
2019-03-02 22:10:55,530 [I] response:
[1 1 1 0 1 1 0 0 0 1 1 0 1 0 1]	(at model.py:151) 
2019-03-02 22:10:55,530 [I] Criterion ORBS:19:15:c (5): response_idx:6, vector_idx:15	(at model.py:135) 
2019-03-02 22:10:55,532 [I] inferred factor:
[0 0 1 1 0 0 0 1 0]	(at model.py:145) 
2019-03-02 22:10:55,532 [D] Filename:mug.c Code:
#include <stdio.h>
#include <stdlib.h>
#include <stdbool.h>
bool p(int i);
bool q(int c);
int h(int i);
int f();
int g();
int main(int argc, char *argv[])
{
    int i;
    int c;
    int x;
    i = atoi(argv[1]);printf("\nORBS:%d:%d:%s:%d\n", 14, 5, "i", i);
    c = atoi(argv[2]);printf("\nORBS:%d:%d:%s:%d\n", 15, 5, "c", c);
                     ;printf("\nORBS:%d:%d:%s:%d\n", 16, 5, "x", x);
    printf("\nORBS:%d:%d:%s:%d\n", 17, 14, "i", i);while (p(i))
    {
        printf("\nORBS:%d:%d:%s:%d\n", 19, 15, "c", c);if (q(c))
        {
            x = f();printf("\nORBS:%d:%d:%s:%d\n", 21, 13, "x", x);
            c = g();printf("\nORBS:%d:%d:%s:%d\n", 22, 13, "c", c);
        }
        printf("\nORBS:%d:%d:%s:%d\n", 24, 15, "i", i);i = h(i);printf("\nORBS:%d:%d:%s:%d\n", 24, 9, "i", i);
    printf("\nORBS:%d:%d:%s:%d\n", 17, 14, "i", i);}
    printf("\nORBS:%d:%d:%s:%d\n", 26, 20, "x", x);                 ; // slice here
}
bool p(int i)
{
    printf("\nORBS:%d:%d:%s:%d\n", 30, 9, "i", i);if (i > 0)
    {
        return true;
    }
    else
    {
        return false;
    }
}
bool q(int i)
{
    printf("\nORBS:%d:%d:%s:%d\n", 41, 9, "i", i);if (i < 0)
    {
        return true;
    }
    else
    {
        return false;
    }
}
int h(int i)
{
    printf("\nORBS:%d:%d:%s:%d\n", 52, 12, "i", i);return i - 1;
}
int f()
{
               ;
}
int g()
{
    return 100;
}	(at cstmt_factor_manager.py:107) 
2019-03-02 22:10:55,658 [I] succ: True	(at model.py:150) 
2019-03-02 22:10:55,658 [I] response:
[1 1 1 1 1 1 1 0 1 1 1 0 1 1 1]	(at model.py:151) 
2019-03-02 22:10:55,658 [I] Criterion ORBS:21:13:x (6): response_idx:7, vector_idx:16	(at model.py:135) 
2019-03-02 22:10:55,660 [I] inferred factor:
[1 0 1 1 1 0 1 0 1]	(at model.py:145) 
2019-03-02 22:10:55,661 [D] Filename:mug.c Code:
#include <stdio.h>
#include <stdlib.h>
#include <stdbool.h>
bool p(int i);
bool q(int c);
int h(int i);
int f();
int g();
int main(int argc, char *argv[])
{
    int i;
    int c;
    int x;
                     ;printf("\nORBS:%d:%d:%s:%d\n", 14, 5, "i", i);
    c = atoi(argv[2]);printf("\nORBS:%d:%d:%s:%d\n", 15, 5, "c", c);
                     ;printf("\nORBS:%d:%d:%s:%d\n", 16, 5, "x", x);
    printf("\nORBS:%d:%d:%s:%d\n", 17, 14, "i", i);while (p(i))
    {
        printf("\nORBS:%d:%d:%s:%d\n", 19, 15, "c", c);if (q(c))
        {
            x = f();printf("\nORBS:%d:%d:%s:%d\n", 21, 13, "x", x);
            c = g();printf("\nORBS:%d:%d:%s:%d\n", 22, 13, "c", c);
        }
        printf("\nORBS:%d:%d:%s:%d\n", 24, 15, "i", i);i = h(i);printf("\nORBS:%d:%d:%s:%d\n", 24, 9, "i", i);
    printf("\nORBS:%d:%d:%s:%d\n", 17, 14, "i", i);}
    printf("\nORBS:%d:%d:%s:%d\n", 26, 20, "x", x);                 ; // slice here
}
bool p(int i)
{
    printf("\nORBS:%d:%d:%s:%d\n", 30, 9, "i", i);;






     
}
bool q(int i)
{
    printf("\nORBS:%d:%d:%s:%d\n", 41, 9, "i", i);if (i < 0)
    {
        return true;
    }
    else
    {
        return false;
    }
}
int h(int i)
{
    printf("\nORBS:%d:%d:%s:%d\n", 52, 12, "i", i);            ;
}
int f()
{
    return -100;
}
int g()
{
              ;
}	(at cstmt_factor_manager.py:107) 
2019-03-02 22:10:56,514 [I] succ: True	(at model.py:150) 
2019-03-02 22:10:56,514 [I] response:
[1 0 0 1 1 0 0 1 0 0 0 0 0 0 0]	(at model.py:151) 
2019-03-02 22:10:56,515 [I] Criterion ORBS:22:13:c (7): response_idx:8, vector_idx:17	(at model.py:135) 
2019-03-02 22:10:56,517 [I] inferred factor:
[1 0 1 1 1 0 1 1 0]	(at model.py:145) 
2019-03-02 22:10:56,519 [D] Filename:mug.c Code:
#include <stdio.h>
#include <stdlib.h>
#include <stdbool.h>
bool p(int i);
bool q(int c);
int h(int i);
int f();
int g();
int main(int argc, char *argv[])
{
    int i;
    int c;
    int x;
                     ;printf("\nORBS:%d:%d:%s:%d\n", 14, 5, "i", i);
    c = atoi(argv[2]);printf("\nORBS:%d:%d:%s:%d\n", 15, 5, "c", c);
                     ;printf("\nORBS:%d:%d:%s:%d\n", 16, 5, "x", x);
    printf("\nORBS:%d:%d:%s:%d\n", 17, 14, "i", i);while (p(i))
    {
        printf("\nORBS:%d:%d:%s:%d\n", 19, 15, "c", c);if (q(c))
        {
            x = f();printf("\nORBS:%d:%d:%s:%d\n", 21, 13, "x", x);
            c = g();printf("\nORBS:%d:%d:%s:%d\n", 22, 13, "c", c);
        }
        printf("\nORBS:%d:%d:%s:%d\n", 24, 15, "i", i);i = h(i);printf("\nORBS:%d:%d:%s:%d\n", 24, 9, "i", i);
    printf("\nORBS:%d:%d:%s:%d\n", 17, 14, "i", i);}
    printf("\nORBS:%d:%d:%s:%d\n", 26, 20, "x", x);                 ; // slice here
}
bool p(int i)
{
    printf("\nORBS:%d:%d:%s:%d\n", 30, 9, "i", i);;






     
}
bool q(int i)
{
    printf("\nORBS:%d:%d:%s:%d\n", 41, 9, "i", i);if (i < 0)
    {
        return true;
    }
    else
    {
        return false;
    }
}
int h(int i)
{
    printf("\nORBS:%d:%d:%s:%d\n", 52, 12, "i", i);            ;
}
int f()
{
               ;
}
int g()
{
    return 100;
}	(at cstmt_factor_manager.py:107) 
2019-03-02 22:10:57,320 [I] succ: True	(at model.py:150) 
2019-03-02 22:10:57,321 [I] response:
[1 0 0 1 1 0 0 0 1 0 0 0 0 0 0]	(at model.py:151) 
2019-03-02 22:10:57,321 [I] Criterion ORBS:24:15:i (8): response_idx:9, vector_idx:18	(at model.py:135) 
2019-03-02 22:10:57,323 [I] inferred factor:
[0 1 1 1 0 1 0 1 1]	(at model.py:145) 
2019-03-02 22:10:57,324 [D] Filename:mug.c Code:
#include <stdio.h>
#include <stdlib.h>
#include <stdbool.h>
bool p(int i);
bool q(int c);
int h(int i);
int f();
int g();
int main(int argc, char *argv[])
{
    int i;
    int c;
    int x;
    i = atoi(argv[1]);printf("\nORBS:%d:%d:%s:%d\n", 14, 5, "i", i);
                     ;printf("\nORBS:%d:%d:%s:%d\n", 15, 5, "c", c);
                     ;printf("\nORBS:%d:%d:%s:%d\n", 16, 5, "x", x);
    printf("\nORBS:%d:%d:%s:%d\n", 17, 14, "i", i);while (p(i))
    {
        printf("\nORBS:%d:%d:%s:%d\n", 19, 15, "c", c);if (q(c))
        {
            x = f();printf("\nORBS:%d:%d:%s:%d\n", 21, 13, "x", x);
            c = g();printf("\nORBS:%d:%d:%s:%d\n", 22, 13, "c", c);
        }
        printf("\nORBS:%d:%d:%s:%d\n", 24, 15, "i", i);i = h(i);printf("\nORBS:%d:%d:%s:%d\n", 24, 9, "i", i);
    printf("\nORBS:%d:%d:%s:%d\n", 17, 14, "i", i);}
    printf("\nORBS:%d:%d:%s:%d\n", 26, 20, "x", x);                 ; // slice here
}
bool p(int i)
{
    printf("\nORBS:%d:%d:%s:%d\n", 30, 9, "i", i);if (i > 0)
    {
        return true;
    }
    else
    {
        return false;
    }
}
bool q(int i)
{
    printf("\nORBS:%d:%d:%s:%d\n", 41, 9, "i", i);;






     
}
int h(int i)
{
    printf("\nORBS:%d:%d:%s:%d\n", 52, 12, "i", i);return i - 1;
}
int f()
{
               ;
}
int g()
{
              ;
}	(at cstmt_factor_manager.py:107) 
2019-03-02 22:10:57,439 [I] succ: True	(at model.py:150) 
2019-03-02 22:10:57,439 [I] response:
[1 1 1 0 1 1 0 0 0 1 1 0 1 0 1]	(at model.py:151) 
2019-03-02 22:10:57,439 [I] Criterion ORBS:24:9:i (9): response_idx:10, vector_idx:19	(at model.py:135) 
2019-03-02 22:10:57,441 [I] inferred factor:
[0 1 1 1 0 1 0 1 1]	(at model.py:145) 
2019-03-02 22:10:57,442 [D] Filename:mug.c Code:
#include <stdio.h>
#include <stdlib.h>
#include <stdbool.h>
bool p(int i);
bool q(int c);
int h(int i);
int f();
int g();
int main(int argc, char *argv[])
{
    int i;
    int c;
    int x;
    i = atoi(argv[1]);printf("\nORBS:%d:%d:%s:%d\n", 14, 5, "i", i);
                     ;printf("\nORBS:%d:%d:%s:%d\n", 15, 5, "c", c);
                     ;printf("\nORBS:%d:%d:%s:%d\n", 16, 5, "x", x);
    printf("\nORBS:%d:%d:%s:%d\n", 17, 14, "i", i);while (p(i))
    {
        printf("\nORBS:%d:%d:%s:%d\n", 19, 15, "c", c);if (q(c))
        {
            x = f();printf("\nORBS:%d:%d:%s:%d\n", 21, 13, "x", x);
            c = g();printf("\nORBS:%d:%d:%s:%d\n", 22, 13, "c", c);
        }
        printf("\nORBS:%d:%d:%s:%d\n", 24, 15, "i", i);i = h(i);printf("\nORBS:%d:%d:%s:%d\n", 24, 9, "i", i);
    printf("\nORBS:%d:%d:%s:%d\n", 17, 14, "i", i);}
    printf("\nORBS:%d:%d:%s:%d\n", 26, 20, "x", x);                 ; // slice here
}
bool p(int i)
{
    printf("\nORBS:%d:%d:%s:%d\n", 30, 9, "i", i);if (i > 0)
    {
        return true;
    }
    else
    {
        return false;
    }
}
bool q(int i)
{
    printf("\nORBS:%d:%d:%s:%d\n", 41, 9, "i", i);;






     
}
int h(int i)
{
    printf("\nORBS:%d:%d:%s:%d\n", 52, 12, "i", i);return i - 1;
}
int f()
{
               ;
}
int g()
{
              ;
}	(at cstmt_factor_manager.py:107) 
2019-03-02 22:10:57,575 [I] succ: True	(at model.py:150) 
2019-03-02 22:10:57,576 [I] response:
[1 1 1 0 1 1 0 0 0 1 1 0 1 0 1]	(at model.py:151) 
2019-03-02 22:10:57,576 [I] Criterion ORBS:26:20:x (10): response_idx:11, vector_idx:20	(at model.py:135) 
2019-03-02 22:10:57,578 [I] inferred factor:
[1 0 1 1 0 0 0 0 1]	(at model.py:145) 
2019-03-02 22:10:57,579 [D] Filename:mug.c Code:
#include <stdio.h>
#include <stdlib.h>
#include <stdbool.h>
bool p(int i);
bool q(int c);
int h(int i);
int f();
int g();
int main(int argc, char *argv[])
{
    int i;
    int c;
    int x;
                     ;printf("\nORBS:%d:%d:%s:%d\n", 14, 5, "i", i);
    c = atoi(argv[2]);printf("\nORBS:%d:%d:%s:%d\n", 15, 5, "c", c);
                     ;printf("\nORBS:%d:%d:%s:%d\n", 16, 5, "x", x);
    printf("\nORBS:%d:%d:%s:%d\n", 17, 14, "i", i);while (p(i))
    {
        printf("\nORBS:%d:%d:%s:%d\n", 19, 15, "c", c);if (q(c))
        {
            x = f();printf("\nORBS:%d:%d:%s:%d\n", 21, 13, "x", x);
            c = g();printf("\nORBS:%d:%d:%s:%d\n", 22, 13, "c", c);
        }
        printf("\nORBS:%d:%d:%s:%d\n", 24, 15, "i", i);i = h(i);printf("\nORBS:%d:%d:%s:%d\n", 24, 9, "i", i);
    printf("\nORBS:%d:%d:%s:%d\n", 17, 14, "i", i);}
    printf("\nORBS:%d:%d:%s:%d\n", 26, 20, "x", x);                 ; // slice here
}
bool p(int i)
{
    printf("\nORBS:%d:%d:%s:%d\n", 30, 9, "i", i);if (i > 0)
    {
        return true;
    }
    else
    {
        return false;
    }
}
bool q(int i)
{
    printf("\nORBS:%d:%d:%s:%d\n", 41, 9, "i", i);if (i < 0)
    {
        return true;
    }
    else
    {
        return false;
    }
}
int h(int i)
{
    printf("\nORBS:%d:%d:%s:%d\n", 52, 12, "i", i);return i - 1;
}
int f()
{
    return -100;
}
int g()
{
              ;
}	(at cstmt_factor_manager.py:107) 
2019-03-02 22:10:57,978 [I] succ: True	(at model.py:150) 
2019-03-02 22:10:57,979 [I] response:
[1 1 0 1 1 0 0 1 0 0 0 1 0 0 0]	(at model.py:151) 
2019-03-02 22:10:57,979 [I] Criterion ORBS:30:9:i (11): response_idx:12, vector_idx:21	(at model.py:135) 
2019-03-02 22:10:57,981 [I] inferred factor:
[0 1 1 1 0 1 0 1 1]	(at model.py:145) 
2019-03-02 22:10:58,006 [D] Filename:mug.c Code:
#include <stdio.h>
#include <stdlib.h>
#include <stdbool.h>
bool p(int i);
bool q(int c);
int h(int i);
int f();
int g();
int main(int argc, char *argv[])
{
    int i;
    int c;
    int x;
    i = atoi(argv[1]);printf("\nORBS:%d:%d:%s:%d\n", 14, 5, "i", i);
                     ;printf("\nORBS:%d:%d:%s:%d\n", 15, 5, "c", c);
                     ;printf("\nORBS:%d:%d:%s:%d\n", 16, 5, "x", x);
    printf("\nORBS:%d:%d:%s:%d\n", 17, 14, "i", i);while (p(i))
    {
        printf("\nORBS:%d:%d:%s:%d\n", 19, 15, "c", c);if (q(c))
        {
            x = f();printf("\nORBS:%d:%d:%s:%d\n", 21, 13, "x", x);
            c = g();printf("\nORBS:%d:%d:%s:%d\n", 22, 13, "c", c);
        }
        printf("\nORBS:%d:%d:%s:%d\n", 24, 15, "i", i);i = h(i);printf("\nORBS:%d:%d:%s:%d\n", 24, 9, "i", i);
    printf("\nORBS:%d:%d:%s:%d\n", 17, 14, "i", i);}
    printf("\nORBS:%d:%d:%s:%d\n", 26, 20, "x", x);                 ; // slice here
}
bool p(int i)
{
    printf("\nORBS:%d:%d:%s:%d\n", 30, 9, "i", i);if (i > 0)
    {
        return true;
    }
    else
    {
        return false;
    }
}
bool q(int i)
{
    printf("\nORBS:%d:%d:%s:%d\n", 41, 9, "i", i);;






     
}
int h(int i)
{
    printf("\nORBS:%d:%d:%s:%d\n", 52, 12, "i", i);return i - 1;
}
int f()
{
               ;
}
int g()
{
              ;
}	(at cstmt_factor_manager.py:107) 
2019-03-02 22:10:58,184 [I] succ: True	(at model.py:150) 
2019-03-02 22:10:58,185 [I] response:
[1 1 1 0 1 1 0 0 0 1 1 0 1 0 1]	(at model.py:151) 
2019-03-02 22:10:58,185 [I] Criterion ORBS:41:9:i (12): response_idx:13, vector_idx:22	(at model.py:135) 
2019-03-02 22:10:58,189 [I] inferred factor:
[0 0 1 1 0 0 0 1 0]	(at model.py:145) 
2019-03-02 22:10:58,191 [D] Filename:mug.c Code:
#include <stdio.h>
#include <stdlib.h>
#include <stdbool.h>
bool p(int i);
bool q(int c);
int h(int i);
int f();
int g();
int main(int argc, char *argv[])
{
    int i;
    int c;
    int x;
    i = atoi(argv[1]);printf("\nORBS:%d:%d:%s:%d\n", 14, 5, "i", i);
    c = atoi(argv[2]);printf("\nORBS:%d:%d:%s:%d\n", 15, 5, "c", c);
                     ;printf("\nORBS:%d:%d:%s:%d\n", 16, 5, "x", x);
    printf("\nORBS:%d:%d:%s:%d\n", 17, 14, "i", i);while (p(i))
    {
        printf("\nORBS:%d:%d:%s:%d\n", 19, 15, "c", c);if (q(c))
        {
            x = f();printf("\nORBS:%d:%d:%s:%d\n", 21, 13, "x", x);
            c = g();printf("\nORBS:%d:%d:%s:%d\n", 22, 13, "c", c);
        }
        printf("\nORBS:%d:%d:%s:%d\n", 24, 15, "i", i);i = h(i);printf("\nORBS:%d:%d:%s:%d\n", 24, 9, "i", i);
    printf("\nORBS:%d:%d:%s:%d\n", 17, 14, "i", i);}
    printf("\nORBS:%d:%d:%s:%d\n", 26, 20, "x", x);                 ; // slice here
}
bool p(int i)
{
    printf("\nORBS:%d:%d:%s:%d\n", 30, 9, "i", i);if (i > 0)
    {
        return true;
    }
    else
    {
        return false;
    }
}
bool q(int i)
{
    printf("\nORBS:%d:%d:%s:%d\n", 41, 9, "i", i);if (i < 0)
    {
        return true;
    }
    else
    {
        return false;
    }
}
int h(int i)
{
    printf("\nORBS:%d:%d:%s:%d\n", 52, 12, "i", i);return i - 1;
}
int f()
{
               ;
}
int g()
{
    return 100;
}	(at cstmt_factor_manager.py:107) 
2019-03-02 22:10:58,369 [I] succ: True	(at model.py:150) 
2019-03-02 22:10:58,370 [I] response:
[1 1 1 1 1 1 1 0 1 1 1 0 1 1 1]	(at model.py:151) 
2019-03-02 22:10:58,370 [I] Criterion ORBS:52:12:i (13): response_idx:14, vector_idx:23	(at model.py:135) 
2019-03-02 22:10:58,373 [I] inferred factor:
[0 1 1 1 0 1 0 1 1]	(at model.py:145) 
2019-03-02 22:10:58,375 [D] Filename:mug.c Code:
#include <stdio.h>
#include <stdlib.h>
#include <stdbool.h>
bool p(int i);
bool q(int c);
int h(int i);
int f();
int g();
int main(int argc, char *argv[])
{
    int i;
    int c;
    int x;
    i = atoi(argv[1]);printf("\nORBS:%d:%d:%s:%d\n", 14, 5, "i", i);
                     ;printf("\nORBS:%d:%d:%s:%d\n", 15, 5, "c", c);
                     ;printf("\nORBS:%d:%d:%s:%d\n", 16, 5, "x", x);
    printf("\nORBS:%d:%d:%s:%d\n", 17, 14, "i", i);while (p(i))
    {
        printf("\nORBS:%d:%d:%s:%d\n", 19, 15, "c", c);if (q(c))
        {
            x = f();printf("\nORBS:%d:%d:%s:%d\n", 21, 13, "x", x);
            c = g();printf("\nORBS:%d:%d:%s:%d\n", 22, 13, "c", c);
        }
        printf("\nORBS:%d:%d:%s:%d\n", 24, 15, "i", i);i = h(i);printf("\nORBS:%d:%d:%s:%d\n", 24, 9, "i", i);
    printf("\nORBS:%d:%d:%s:%d\n", 17, 14, "i", i);}
    printf("\nORBS:%d:%d:%s:%d\n", 26, 20, "x", x);                 ; // slice here
}
bool p(int i)
{
    printf("\nORBS:%d:%d:%s:%d\n", 30, 9, "i", i);if (i > 0)
    {
        return true;
    }
    else
    {
        return false;
    }
}
bool q(int i)
{
    printf("\nORBS:%d:%d:%s:%d\n", 41, 9, "i", i);;






     
}
int h(int i)
{
    printf("\nORBS:%d:%d:%s:%d\n", 52, 12, "i", i);return i - 1;
}
int f()
{
               ;
}
int g()
{
              ;
}	(at cstmt_factor_manager.py:107) 
2019-03-02 22:10:58,520 [I] succ: True	(at model.py:150) 
2019-03-02 22:10:58,520 [I] response:
[1 1 1 0 1 1 0 0 0 1 1 0 1 0 1]	(at model.py:151) 
2019-03-02 22:10:58,521 [I] success rate: 1.0	(at model.py:190) 
