2019-03-02 02:02:58,895 [I] 	(at main.py:29) 
2019-03-02 02:02:58,895 [I] ===== START - RUN ==============================================	(at main.py:32) 
2019-03-02 02:02:58,895 [D] Title: RUN, Job key: RUN_2019-03-02_02:02:58	(at main.py:40) 
2019-03-02 02:02:58,895 [I] Load config file.	(at main.py:56) 
2019-03-02 02:02:58,895 [D] Loading config from ['/home/bohrok/Documents/DM/output/orbs/wc/15/config/config.ini']	(at config.py:16) 
2019-03-02 02:02:58,895 [D] Load config successfully!	(at config.py:19) 
2019-03-02 02:02:58,895 [D] Initialize directory: .	(at workspace.py:10) 
2019-03-02 02:02:58,896 [I] Initialize workspace.	(at main.py:64) 
2019-03-02 02:02:58,896 [I] Working directory path: /home/bohrok/Documents/DM/output/orbs/wc/15/work	(at workspace.py:41) 
2019-03-02 02:02:58,897 [D] Record the config on workspace.	(at workspace.py:62) 
2019-03-02 02:02:58,898 [I] No PRE stage.	(at main.py:73) 
2019-03-02 02:02:58,898 [I] Construct SliceSpace.	(at main.py:76) 
2019-03-02 02:02:58,898 [I] Compile the system.	(at slicespace.py:148) 
2019-03-02 02:02:58,929 [I] Execute the system.	(at slicespace.py:160) 
2019-03-02 02:02:58,941 [I] Compile the system again (sanity check).	(at slicespace.py:174) 
2019-03-02 02:02:58,975 [I] Execute the system again (sanity check).	(at slicespace.py:188) 
2019-03-02 02:02:58,990 [I] Construct deletion operators.	(at main.py:80) 
2019-03-02 02:02:58,990 [I] Run ORBS stage.	(at main.py:85) 
2019-03-02 02:02:58,990 [I] ORBS starts...	(at orbs.py:53) 
2019-03-02 02:02:59,006 [D] subprocess cmd: ['source compile.sh /home/bohrok/Documents/DM/output/orbs/wc/15/work'], stdout: b''	(at ex_script.py:45) 
2019-03-02 02:02:59,006 [D] -:F:n:WD_1:wc.c:48	(at logger.py:129) 
2019-03-02 02:02:59,020 [D] subprocess cmd: ['source compile.sh /home/bohrok/Documents/DM/output/orbs/wc/15/work'], stdout: b''	(at ex_script.py:45) 
2019-03-02 02:02:59,021 [D] ┌:F:n:WD_2:wc.c:48	(at logger.py:129) 
2019-03-02 02:02:59,021 [D] └:F:n:WD_2:wc.c:47	(at logger.py:129) 
2019-03-02 02:02:59,035 [D] subprocess cmd: ['source compile.sh /home/bohrok/Documents/DM/output/orbs/wc/15/work'], stdout: b''	(at ex_script.py:45) 
2019-03-02 02:02:59,035 [D] ┌:F:n:WD_3:wc.c:48	(at logger.py:129) 
2019-03-02 02:02:59,035 [D] |:F:n:WD_3:wc.c:47	(at logger.py:129) 
2019-03-02 02:02:59,035 [D] └:F:n:WD_3:wc.c:46	(at logger.py:129) 
2019-03-02 02:02:59,049 [D] subprocess cmd: ['source compile.sh /home/bohrok/Documents/DM/output/orbs/wc/15/work'], stdout: b''	(at ex_script.py:45) 
2019-03-02 02:02:59,049 [D] -:F:n:WD_1:wc.c:47	(at logger.py:129) 
2019-03-02 02:02:59,064 [D] subprocess cmd: ['source compile.sh /home/bohrok/Documents/DM/output/orbs/wc/15/work'], stdout: b''	(at ex_script.py:45) 
2019-03-02 02:02:59,064 [D] ┌:F:n:WD_2:wc.c:47	(at logger.py:129) 
2019-03-02 02:02:59,064 [D] └:F:n:WD_2:wc.c:46	(at logger.py:129) 
2019-03-02 02:02:59,081 [D] subprocess cmd: ['source compile.sh /home/bohrok/Documents/DM/output/orbs/wc/15/work'], stdout: b''	(at ex_script.py:45) 
2019-03-02 02:02:59,081 [D] ┌:F:n:WD_3:wc.c:47	(at logger.py:129) 
2019-03-02 02:02:59,081 [D] |:F:n:WD_3:wc.c:46	(at logger.py:129) 
2019-03-02 02:02:59,081 [D] └:F:n:WD_3:wc.c:45	(at logger.py:129) 
2019-03-02 02:02:59,126 [D] subprocess cmd: ['source execute.sh /home/bohrok/Documents/DM/output/orbs/wc/15/work'], stdout: b''	(at ex_script.py:45) 
2019-03-02 02:02:59,126 [D] -:C:n:WD_1:wc.c:46	(at logger.py:129) 
2019-03-02 02:02:59,140 [D] subprocess cmd: ['source compile.sh /home/bohrok/Documents/DM/output/orbs/wc/15/work'], stdout: b''	(at ex_script.py:45) 
2019-03-02 02:02:59,140 [D] ┌:F:n:WD_2:wc.c:46	(at logger.py:129) 
2019-03-02 02:02:59,140 [D] └:F:n:WD_2:wc.c:45	(at logger.py:129) 
2019-03-02 02:02:59,154 [D] subprocess cmd: ['source compile.sh /home/bohrok/Documents/DM/output/orbs/wc/15/work'], stdout: b''	(at ex_script.py:45) 
2019-03-02 02:02:59,154 [D] ┌:F:n:WD_3:wc.c:46	(at logger.py:129) 
2019-03-02 02:02:59,155 [D] |:F:n:WD_3:wc.c:45	(at logger.py:129) 
2019-03-02 02:02:59,155 [D] └:F:n:WD_3:wc.c:44	(at logger.py:129) 
2019-03-02 02:02:59,168 [D] subprocess cmd: ['source compile.sh /home/bohrok/Documents/DM/output/orbs/wc/15/work'], stdout: b''	(at ex_script.py:45) 
2019-03-02 02:02:59,169 [D] -:F:n:WD_1:wc.c:45	(at logger.py:129) 
2019-03-02 02:02:59,183 [D] subprocess cmd: ['source compile.sh /home/bohrok/Documents/DM/output/orbs/wc/15/work'], stdout: b''	(at ex_script.py:45) 
2019-03-02 02:02:59,183 [D] ┌:F:n:WD_2:wc.c:45	(at logger.py:129) 
2019-03-02 02:02:59,183 [D] └:F:n:WD_2:wc.c:44	(at logger.py:129) 
2019-03-02 02:02:59,217 [D] ┌:C:c:WD_3:wc.c:45	(at logger.py:129) 
2019-03-02 02:02:59,217 [D] |:C:c:WD_3:wc.c:44	(at logger.py:129) 
2019-03-02 02:02:59,217 [D] └:C:c:WD_3:wc.c:43	(at logger.py:129) 
2019-03-02 02:02:59,252 [D] -:P:c:WD_1:wc.c:44	(at logger.py:129) 
2019-03-02 02:02:59,265 [D] subprocess cmd: ['source compile.sh /home/bohrok/Documents/DM/output/orbs/wc/15/work'], stdout: b''	(at ex_script.py:45) 
2019-03-02 02:02:59,265 [D] -:F:n:WD_1:wc.c:43	(at logger.py:129) 
2019-03-02 02:02:59,278 [D] subprocess cmd: ['source compile.sh /home/bohrok/Documents/DM/output/orbs/wc/15/work'], stdout: b''	(at ex_script.py:45) 
2019-03-02 02:02:59,279 [D] ┌:F:n:WD_2:wc.c:43	(at logger.py:129) 
2019-03-02 02:02:59,279 [D] └:F:n:WD_2:wc.c:42	(at logger.py:129) 
2019-03-02 02:02:59,324 [D] ┌:C:n:WD_3:wc.c:43	(at logger.py:129) 
2019-03-02 02:02:59,325 [D] |:C:n:WD_3:wc.c:42	(at logger.py:129) 
2019-03-02 02:02:59,325 [D] └:C:n:WD_3:wc.c:41	(at logger.py:129) 
2019-03-02 02:02:59,371 [D] -:C:n:WD_1:wc.c:42	(at logger.py:129) 
2019-03-02 02:02:59,385 [D] subprocess cmd: ['source compile.sh /home/bohrok/Documents/DM/output/orbs/wc/15/work'], stdout: b''	(at ex_script.py:45) 
2019-03-02 02:02:59,385 [D] ┌:F:n:WD_2:wc.c:42	(at logger.py:129) 
2019-03-02 02:02:59,385 [D] └:F:n:WD_2:wc.c:41	(at logger.py:129) 
2019-03-02 02:02:59,399 [D] subprocess cmd: ['source compile.sh /home/bohrok/Documents/DM/output/orbs/wc/15/work'], stdout: b''	(at ex_script.py:45) 
2019-03-02 02:02:59,399 [D] ┌:F:n:WD_3:wc.c:42	(at logger.py:129) 
2019-03-02 02:02:59,399 [D] |:F:n:WD_3:wc.c:41	(at logger.py:129) 
2019-03-02 02:02:59,399 [D] └:F:n:WD_3:wc.c:40	(at logger.py:129) 
2019-03-02 02:02:59,410 [D] subprocess cmd: ['source compile.sh /home/bohrok/Documents/DM/output/orbs/wc/15/work'], stdout: b''	(at ex_script.py:45) 
2019-03-02 02:02:59,411 [D] -:F:n:WD_1:wc.c:41	(at logger.py:129) 
2019-03-02 02:02:59,424 [D] subprocess cmd: ['source compile.sh /home/bohrok/Documents/DM/output/orbs/wc/15/work'], stdout: b''	(at ex_script.py:45) 
2019-03-02 02:02:59,424 [D] ┌:F:n:WD_2:wc.c:41	(at logger.py:129) 
2019-03-02 02:02:59,424 [D] └:F:n:WD_2:wc.c:40	(at logger.py:129) 
2019-03-02 02:02:59,438 [D] subprocess cmd: ['source compile.sh /home/bohrok/Documents/DM/output/orbs/wc/15/work'], stdout: b''	(at ex_script.py:45) 
2019-03-02 02:02:59,438 [D] ┌:F:n:WD_3:wc.c:41	(at logger.py:129) 
2019-03-02 02:02:59,438 [D] |:F:n:WD_3:wc.c:40	(at logger.py:129) 
2019-03-02 02:02:59,438 [D] └:F:n:WD_3:wc.c:39	(at logger.py:129) 
2019-03-02 02:02:59,451 [D] subprocess cmd: ['source compile.sh /home/bohrok/Documents/DM/output/orbs/wc/15/work'], stdout: b''	(at ex_script.py:45) 
2019-03-02 02:02:59,452 [D] -:F:n:WD_1:wc.c:40	(at logger.py:129) 
2019-03-02 02:02:59,497 [D] subprocess cmd: ['source execute.sh /home/bohrok/Documents/DM/output/orbs/wc/15/work'], stdout: b''	(at ex_script.py:45) 
2019-03-02 02:02:59,497 [D] ┌:C:n:WD_2:wc.c:40	(at logger.py:129) 
2019-03-02 02:02:59,497 [D] └:C:n:WD_2:wc.c:39	(at logger.py:129) 
2019-03-02 02:02:59,542 [D] subprocess cmd: ['source execute.sh /home/bohrok/Documents/DM/output/orbs/wc/15/work'], stdout: b''	(at ex_script.py:45) 
2019-03-02 02:02:59,543 [D] ┌:C:n:WD_3:wc.c:40	(at logger.py:129) 
2019-03-02 02:02:59,543 [D] |:C:n:WD_3:wc.c:39	(at logger.py:129) 
2019-03-02 02:02:59,543 [D] └:C:n:WD_3:wc.c:38	(at logger.py:129) 
2019-03-02 02:02:59,557 [D] subprocess cmd: ['source compile.sh /home/bohrok/Documents/DM/output/orbs/wc/15/work'], stdout: b''	(at ex_script.py:45) 
2019-03-02 02:02:59,557 [D] -:F:n:WD_1:wc.c:39	(at logger.py:129) 
2019-03-02 02:02:59,572 [D] subprocess cmd: ['source compile.sh /home/bohrok/Documents/DM/output/orbs/wc/15/work'], stdout: b''	(at ex_script.py:45) 
2019-03-02 02:02:59,573 [D] ┌:F:n:WD_2:wc.c:39	(at logger.py:129) 
2019-03-02 02:02:59,573 [D] └:F:n:WD_2:wc.c:38	(at logger.py:129) 
2019-03-02 02:02:59,585 [D] subprocess cmd: ['source compile.sh /home/bohrok/Documents/DM/output/orbs/wc/15/work'], stdout: b''	(at ex_script.py:45) 
2019-03-02 02:02:59,585 [D] ┌:F:n:WD_3:wc.c:39	(at logger.py:129) 
2019-03-02 02:02:59,585 [D] |:F:n:WD_3:wc.c:38	(at logger.py:129) 
2019-03-02 02:02:59,585 [D] └:F:n:WD_3:wc.c:37	(at logger.py:129) 
2019-03-02 02:02:59,630 [D] -:P:n:WD_1:wc.c:38	(at logger.py:129) 
2019-03-02 02:02:59,643 [D] subprocess cmd: ['source compile.sh /home/bohrok/Documents/DM/output/orbs/wc/15/work'], stdout: b''	(at ex_script.py:45) 
2019-03-02 02:02:59,643 [D] -:F:n:WD_1:wc.c:37	(at logger.py:129) 
2019-03-02 02:02:59,656 [D] subprocess cmd: ['source compile.sh /home/bohrok/Documents/DM/output/orbs/wc/15/work'], stdout: b''	(at ex_script.py:45) 
2019-03-02 02:02:59,656 [D] ┌:F:n:WD_2:wc.c:37	(at logger.py:129) 
2019-03-02 02:02:59,657 [D] └:F:n:WD_2:wc.c:36	(at logger.py:129) 
2019-03-02 02:02:59,689 [D] subprocess cmd: ['source compile.sh /home/bohrok/Documents/DM/output/orbs/wc/15/work'], stdout: b''	(at ex_script.py:45) 
2019-03-02 02:02:59,689 [D] ┌:F:n:WD_3:wc.c:37	(at logger.py:129) 
2019-03-02 02:02:59,689 [D] |:F:n:WD_3:wc.c:36	(at logger.py:129) 
2019-03-02 02:02:59,689 [D] └:F:n:WD_3:wc.c:35	(at logger.py:129) 
2019-03-02 02:02:59,702 [D] subprocess cmd: ['source compile.sh /home/bohrok/Documents/DM/output/orbs/wc/15/work'], stdout: b''	(at ex_script.py:45) 
2019-03-02 02:02:59,702 [D] -:F:n:WD_1:wc.c:36	(at logger.py:129) 
2019-03-02 02:02:59,714 [D] subprocess cmd: ['source compile.sh /home/bohrok/Documents/DM/output/orbs/wc/15/work'], stdout: b''	(at ex_script.py:45) 
2019-03-02 02:02:59,714 [D] ┌:F:n:WD_2:wc.c:36	(at logger.py:129) 
2019-03-02 02:02:59,714 [D] └:F:n:WD_2:wc.c:35	(at logger.py:129) 
2019-03-02 02:02:59,727 [D] subprocess cmd: ['source compile.sh /home/bohrok/Documents/DM/output/orbs/wc/15/work'], stdout: b''	(at ex_script.py:45) 
2019-03-02 02:02:59,727 [D] ┌:F:n:WD_3:wc.c:36	(at logger.py:129) 
2019-03-02 02:02:59,727 [D] |:F:n:WD_3:wc.c:35	(at logger.py:129) 
2019-03-02 02:02:59,727 [D] └:F:n:WD_3:wc.c:34	(at logger.py:129) 
2019-03-02 02:02:59,742 [D] subprocess cmd: ['source compile.sh /home/bohrok/Documents/DM/output/orbs/wc/15/work'], stdout: b''	(at ex_script.py:45) 
2019-03-02 02:02:59,742 [D] -:F:n:WD_1:wc.c:35	(at logger.py:129) 
2019-03-02 02:02:59,757 [D] subprocess cmd: ['source compile.sh /home/bohrok/Documents/DM/output/orbs/wc/15/work'], stdout: b''	(at ex_script.py:45) 
2019-03-02 02:02:59,757 [D] ┌:F:n:WD_2:wc.c:35	(at logger.py:129) 
2019-03-02 02:02:59,757 [D] └:F:n:WD_2:wc.c:34	(at logger.py:129) 
2019-03-02 02:02:59,772 [D] subprocess cmd: ['source compile.sh /home/bohrok/Documents/DM/output/orbs/wc/15/work'], stdout: b''	(at ex_script.py:45) 
2019-03-02 02:02:59,772 [D] ┌:F:n:WD_3:wc.c:35	(at logger.py:129) 
2019-03-02 02:02:59,772 [D] |:F:n:WD_3:wc.c:34	(at logger.py:129) 
2019-03-02 02:02:59,772 [D] └:F:n:WD_3:wc.c:33	(at logger.py:129) 
2019-03-02 02:02:59,786 [D] subprocess cmd: ['source compile.sh /home/bohrok/Documents/DM/output/orbs/wc/15/work'], stdout: b''	(at ex_script.py:45) 
2019-03-02 02:02:59,786 [D] -:F:n:WD_1:wc.c:34	(at logger.py:129) 
2019-03-02 02:02:59,801 [D] subprocess cmd: ['source compile.sh /home/bohrok/Documents/DM/output/orbs/wc/15/work'], stdout: b''	(at ex_script.py:45) 
2019-03-02 02:02:59,801 [D] ┌:F:n:WD_2:wc.c:34	(at logger.py:129) 
2019-03-02 02:02:59,801 [D] └:F:n:WD_2:wc.c:33	(at logger.py:129) 
2019-03-02 02:02:59,815 [D] subprocess cmd: ['source compile.sh /home/bohrok/Documents/DM/output/orbs/wc/15/work'], stdout: b''	(at ex_script.py:45) 
2019-03-02 02:02:59,815 [D] ┌:F:n:WD_3:wc.c:34	(at logger.py:129) 
2019-03-02 02:02:59,815 [D] |:F:n:WD_3:wc.c:33	(at logger.py:129) 
2019-03-02 02:02:59,815 [D] └:F:n:WD_3:wc.c:32	(at logger.py:129) 
2019-03-02 02:02:59,827 [D] subprocess cmd: ['source compile.sh /home/bohrok/Documents/DM/output/orbs/wc/15/work'], stdout: b''	(at ex_script.py:45) 
2019-03-02 02:02:59,827 [D] -:F:n:WD_1:wc.c:33	(at logger.py:129) 
2019-03-02 02:02:59,841 [D] subprocess cmd: ['source compile.sh /home/bohrok/Documents/DM/output/orbs/wc/15/work'], stdout: b''	(at ex_script.py:45) 
2019-03-02 02:02:59,841 [D] ┌:F:n:WD_2:wc.c:33	(at logger.py:129) 
2019-03-02 02:02:59,841 [D] └:F:n:WD_2:wc.c:32	(at logger.py:129) 
2019-03-02 02:02:59,855 [D] subprocess cmd: ['source compile.sh /home/bohrok/Documents/DM/output/orbs/wc/15/work'], stdout: b''	(at ex_script.py:45) 
2019-03-02 02:02:59,856 [D] ┌:F:n:WD_3:wc.c:33	(at logger.py:129) 
2019-03-02 02:02:59,856 [D] |:F:n:WD_3:wc.c:32	(at logger.py:129) 
2019-03-02 02:02:59,856 [D] └:F:n:WD_3:wc.c:31	(at logger.py:129) 
2019-03-02 02:02:59,890 [D] -:P:c:WD_1:wc.c:32	(at logger.py:129) 
2019-03-02 02:02:59,935 [D] subprocess cmd: ['source execute.sh /home/bohrok/Documents/DM/output/orbs/wc/15/work'], stdout: b''	(at ex_script.py:45) 
2019-03-02 02:02:59,936 [D] -:C:n:WD_1:wc.c:31	(at logger.py:129) 
2019-03-02 02:02:59,981 [D] subprocess cmd: ['source execute.sh /home/bohrok/Documents/DM/output/orbs/wc/15/work'], stdout: b''	(at ex_script.py:45) 
2019-03-02 02:02:59,981 [D] ┌:C:n:WD_2:wc.c:31	(at logger.py:129) 
2019-03-02 02:02:59,981 [D] └:C:n:WD_2:wc.c:30	(at logger.py:129) 
2019-03-02 02:02:59,994 [D] subprocess cmd: ['source compile.sh /home/bohrok/Documents/DM/output/orbs/wc/15/work'], stdout: b''	(at ex_script.py:45) 
2019-03-02 02:02:59,995 [D] ┌:F:n:WD_3:wc.c:31	(at logger.py:129) 
2019-03-02 02:02:59,995 [D] |:F:n:WD_3:wc.c:30	(at logger.py:129) 
2019-03-02 02:02:59,995 [D] └:F:n:WD_3:wc.c:29	(at logger.py:129) 
2019-03-02 02:03:00,042 [D] -:C:n:WD_1:wc.c:30	(at logger.py:129) 
2019-03-02 02:03:00,056 [D] subprocess cmd: ['source compile.sh /home/bohrok/Documents/DM/output/orbs/wc/15/work'], stdout: b''	(at ex_script.py:45) 
2019-03-02 02:03:00,056 [D] ┌:F:n:WD_2:wc.c:30	(at logger.py:129) 
2019-03-02 02:03:00,056 [D] └:F:n:WD_2:wc.c:29	(at logger.py:129) 
2019-03-02 02:03:00,073 [D] subprocess cmd: ['source compile.sh /home/bohrok/Documents/DM/output/orbs/wc/15/work'], stdout: b''	(at ex_script.py:45) 
2019-03-02 02:03:00,073 [D] ┌:F:n:WD_3:wc.c:30	(at logger.py:129) 
2019-03-02 02:03:00,073 [D] |:F:n:WD_3:wc.c:29	(at logger.py:129) 
2019-03-02 02:03:00,073 [D] └:F:n:WD_3:wc.c:28	(at logger.py:129) 
2019-03-02 02:03:00,089 [D] subprocess cmd: ['source compile.sh /home/bohrok/Documents/DM/output/orbs/wc/15/work'], stdout: b''	(at ex_script.py:45) 
2019-03-02 02:03:00,089 [D] -:F:n:WD_1:wc.c:29	(at logger.py:129) 
2019-03-02 02:03:00,103 [D] subprocess cmd: ['source compile.sh /home/bohrok/Documents/DM/output/orbs/wc/15/work'], stdout: b''	(at ex_script.py:45) 
2019-03-02 02:03:00,104 [D] ┌:F:n:WD_2:wc.c:29	(at logger.py:129) 
2019-03-02 02:03:00,104 [D] └:F:n:WD_2:wc.c:28	(at logger.py:129) 
2019-03-02 02:03:00,154 [D] ┌:C:n:WD_3:wc.c:29	(at logger.py:129) 
2019-03-02 02:03:00,155 [D] |:C:n:WD_3:wc.c:28	(at logger.py:129) 
2019-03-02 02:03:00,155 [D] └:C:n:WD_3:wc.c:27	(at logger.py:129) 
2019-03-02 02:03:00,204 [D] -:C:n:WD_1:wc.c:28	(at logger.py:129) 
2019-03-02 02:03:00,219 [D] subprocess cmd: ['source compile.sh /home/bohrok/Documents/DM/output/orbs/wc/15/work'], stdout: b''	(at ex_script.py:45) 
2019-03-02 02:03:00,219 [D] ┌:F:n:WD_2:wc.c:28	(at logger.py:129) 
2019-03-02 02:03:00,219 [D] └:F:n:WD_2:wc.c:27	(at logger.py:129) 
2019-03-02 02:03:00,232 [D] subprocess cmd: ['source compile.sh /home/bohrok/Documents/DM/output/orbs/wc/15/work'], stdout: b''	(at ex_script.py:45) 
2019-03-02 02:03:00,232 [D] ┌:F:n:WD_3:wc.c:28	(at logger.py:129) 
2019-03-02 02:03:00,233 [D] |:F:n:WD_3:wc.c:27	(at logger.py:129) 
2019-03-02 02:03:00,233 [D] └:F:n:WD_3:wc.c:26	(at logger.py:129) 
2019-03-02 02:03:00,248 [D] subprocess cmd: ['source compile.sh /home/bohrok/Documents/DM/output/orbs/wc/15/work'], stdout: b''	(at ex_script.py:45) 
2019-03-02 02:03:00,248 [D] -:F:n:WD_1:wc.c:27	(at logger.py:129) 
2019-03-02 02:03:00,262 [D] subprocess cmd: ['source compile.sh /home/bohrok/Documents/DM/output/orbs/wc/15/work'], stdout: b''	(at ex_script.py:45) 
2019-03-02 02:03:00,262 [D] ┌:F:n:WD_2:wc.c:27	(at logger.py:129) 
2019-03-02 02:03:00,262 [D] └:F:n:WD_2:wc.c:26	(at logger.py:129) 
2019-03-02 02:03:00,275 [D] subprocess cmd: ['source compile.sh /home/bohrok/Documents/DM/output/orbs/wc/15/work'], stdout: b''	(at ex_script.py:45) 
2019-03-02 02:03:00,275 [D] ┌:F:n:WD_3:wc.c:27	(at logger.py:129) 
2019-03-02 02:03:00,275 [D] |:F:n:WD_3:wc.c:26	(at logger.py:129) 
2019-03-02 02:03:00,275 [D] └:F:n:WD_3:wc.c:25	(at logger.py:129) 
2019-03-02 02:03:00,290 [D] subprocess cmd: ['source compile.sh /home/bohrok/Documents/DM/output/orbs/wc/15/work'], stdout: b''	(at ex_script.py:45) 
2019-03-02 02:03:00,290 [D] -:F:n:WD_1:wc.c:26	(at logger.py:129) 
2019-03-02 02:03:00,304 [D] subprocess cmd: ['source compile.sh /home/bohrok/Documents/DM/output/orbs/wc/15/work'], stdout: b''	(at ex_script.py:45) 
2019-03-02 02:03:00,304 [D] ┌:F:n:WD_2:wc.c:26	(at logger.py:129) 
2019-03-02 02:03:00,304 [D] └:F:n:WD_2:wc.c:25	(at logger.py:129) 
2019-03-02 02:03:00,317 [D] subprocess cmd: ['source compile.sh /home/bohrok/Documents/DM/output/orbs/wc/15/work'], stdout: b''	(at ex_script.py:45) 
2019-03-02 02:03:00,318 [D] ┌:F:n:WD_3:wc.c:26	(at logger.py:129) 
2019-03-02 02:03:00,318 [D] |:F:n:WD_3:wc.c:25	(at logger.py:129) 
2019-03-02 02:03:00,318 [D] └:F:n:WD_3:wc.c:24	(at logger.py:129) 
2019-03-02 02:03:00,362 [D] -:P:n:WD_1:wc.c:25	(at logger.py:129) 
2019-03-02 02:03:00,409 [D] -:P:n:WD_1:wc.c:24	(at logger.py:129) 
2019-03-02 02:03:00,423 [D] subprocess cmd: ['source compile.sh /home/bohrok/Documents/DM/output/orbs/wc/15/work'], stdout: b''	(at ex_script.py:45) 
2019-03-02 02:03:00,423 [D] -:F:n:WD_1:wc.c:23	(at logger.py:129) 
2019-03-02 02:03:00,437 [D] subprocess cmd: ['source compile.sh /home/bohrok/Documents/DM/output/orbs/wc/15/work'], stdout: b''	(at ex_script.py:45) 
2019-03-02 02:03:00,437 [D] ┌:F:n:WD_2:wc.c:23	(at logger.py:129) 
2019-03-02 02:03:00,437 [D] └:F:n:WD_2:wc.c:22	(at logger.py:129) 
2019-03-02 02:03:00,452 [D] subprocess cmd: ['source compile.sh /home/bohrok/Documents/DM/output/orbs/wc/15/work'], stdout: b''	(at ex_script.py:45) 
2019-03-02 02:03:00,452 [D] ┌:F:n:WD_3:wc.c:23	(at logger.py:129) 
2019-03-02 02:03:00,452 [D] |:F:n:WD_3:wc.c:22	(at logger.py:129) 
2019-03-02 02:03:00,452 [D] └:F:n:WD_3:wc.c:21	(at logger.py:129) 
2019-03-02 02:03:00,487 [D] -:P:c:WD_1:wc.c:22	(at logger.py:129) 
2019-03-02 02:03:00,500 [D] subprocess cmd: ['source compile.sh /home/bohrok/Documents/DM/output/orbs/wc/15/work'], stdout: b''	(at ex_script.py:45) 
2019-03-02 02:03:00,500 [D] -:F:n:WD_1:wc.c:21	(at logger.py:129) 
2019-03-02 02:03:00,513 [D] subprocess cmd: ['source compile.sh /home/bohrok/Documents/DM/output/orbs/wc/15/work'], stdout: b''	(at ex_script.py:45) 
2019-03-02 02:03:00,513 [D] ┌:F:n:WD_2:wc.c:21	(at logger.py:129) 
2019-03-02 02:03:00,513 [D] └:F:n:WD_2:wc.c:20	(at logger.py:129) 
2019-03-02 02:03:00,560 [D] ┌:C:n:WD_3:wc.c:21	(at logger.py:129) 
2019-03-02 02:03:00,560 [D] |:C:n:WD_3:wc.c:20	(at logger.py:129) 
2019-03-02 02:03:00,560 [D] └:C:n:WD_3:wc.c:19	(at logger.py:129) 
2019-03-02 02:03:00,572 [D] subprocess cmd: ['source compile.sh /home/bohrok/Documents/DM/output/orbs/wc/15/work'], stdout: b''	(at ex_script.py:45) 
2019-03-02 02:03:00,572 [D] -:F:n:WD_1:wc.c:20	(at logger.py:129) 
2019-03-02 02:03:00,583 [D] subprocess cmd: ['source compile.sh /home/bohrok/Documents/DM/output/orbs/wc/15/work'], stdout: b''	(at ex_script.py:45) 
2019-03-02 02:03:00,583 [D] ┌:F:n:WD_2:wc.c:20	(at logger.py:129) 
2019-03-02 02:03:00,583 [D] └:F:n:WD_2:wc.c:19	(at logger.py:129) 
2019-03-02 02:03:00,593 [D] subprocess cmd: ['source compile.sh /home/bohrok/Documents/DM/output/orbs/wc/15/work'], stdout: b''	(at ex_script.py:45) 
2019-03-02 02:03:00,594 [D] ┌:F:n:WD_3:wc.c:20	(at logger.py:129) 
2019-03-02 02:03:00,594 [D] |:F:n:WD_3:wc.c:19	(at logger.py:129) 
2019-03-02 02:03:00,594 [D] └:F:n:WD_3:wc.c:18	(at logger.py:129) 
2019-03-02 02:03:00,608 [D] subprocess cmd: ['source compile.sh /home/bohrok/Documents/DM/output/orbs/wc/15/work'], stdout: b''	(at ex_script.py:45) 
2019-03-02 02:03:00,608 [D] -:F:n:WD_1:wc.c:19	(at logger.py:129) 
2019-03-02 02:03:00,623 [D] subprocess cmd: ['source compile.sh /home/bohrok/Documents/DM/output/orbs/wc/15/work'], stdout: b''	(at ex_script.py:45) 
2019-03-02 02:03:00,624 [D] ┌:F:n:WD_2:wc.c:19	(at logger.py:129) 
2019-03-02 02:03:00,624 [D] └:F:n:WD_2:wc.c:18	(at logger.py:129) 
2019-03-02 02:03:00,671 [D] ┌:C:n:WD_3:wc.c:19	(at logger.py:129) 
2019-03-02 02:03:00,671 [D] |:C:n:WD_3:wc.c:18	(at logger.py:129) 
2019-03-02 02:03:00,671 [D] └:C:n:WD_3:wc.c:17	(at logger.py:129) 
2019-03-02 02:03:00,714 [D] -:P:n:WD_1:wc.c:18	(at logger.py:129) 
2019-03-02 02:03:00,726 [D] subprocess cmd: ['source compile.sh /home/bohrok/Documents/DM/output/orbs/wc/15/work'], stdout: b''	(at ex_script.py:45) 
2019-03-02 02:03:00,726 [D] -:F:n:WD_1:wc.c:17	(at logger.py:129) 
2019-03-02 02:03:00,740 [D] subprocess cmd: ['source compile.sh /home/bohrok/Documents/DM/output/orbs/wc/15/work'], stdout: b''	(at ex_script.py:45) 
2019-03-02 02:03:00,740 [D] ┌:F:n:WD_2:wc.c:17	(at logger.py:129) 
2019-03-02 02:03:00,740 [D] └:F:n:WD_2:wc.c:16	(at logger.py:129) 
2019-03-02 02:03:00,753 [D] subprocess cmd: ['source compile.sh /home/bohrok/Documents/DM/output/orbs/wc/15/work'], stdout: b''	(at ex_script.py:45) 
2019-03-02 02:03:00,753 [D] ┌:F:n:WD_3:wc.c:17	(at logger.py:129) 
2019-03-02 02:03:00,753 [D] |:F:n:WD_3:wc.c:16	(at logger.py:129) 
2019-03-02 02:03:00,753 [D] └:F:n:WD_3:wc.c:15	(at logger.py:129) 
2019-03-02 02:03:00,786 [D] -:P:c:WD_1:wc.c:16	(at logger.py:129) 
2019-03-02 02:03:00,830 [D] -:P:n:WD_1:wc.c:15	(at logger.py:129) 
2019-03-02 02:03:00,845 [D] subprocess cmd: ['source compile.sh /home/bohrok/Documents/DM/output/orbs/wc/15/work'], stdout: b''	(at ex_script.py:45) 
2019-03-02 02:03:00,845 [D] -:F:n:WD_1:wc.c:14	(at logger.py:129) 
2019-03-02 02:03:00,859 [D] subprocess cmd: ['source compile.sh /home/bohrok/Documents/DM/output/orbs/wc/15/work'], stdout: b''	(at ex_script.py:45) 
2019-03-02 02:03:00,859 [D] ┌:F:n:WD_2:wc.c:14	(at logger.py:129) 
2019-03-02 02:03:00,859 [D] └:F:n:WD_2:wc.c:13	(at logger.py:129) 
2019-03-02 02:03:00,874 [D] subprocess cmd: ['source compile.sh /home/bohrok/Documents/DM/output/orbs/wc/15/work'], stdout: b''	(at ex_script.py:45) 
2019-03-02 02:03:00,874 [D] ┌:F:n:WD_3:wc.c:14	(at logger.py:129) 
2019-03-02 02:03:00,874 [D] |:F:n:WD_3:wc.c:13	(at logger.py:129) 
2019-03-02 02:03:00,874 [D] └:F:n:WD_3:wc.c:12	(at logger.py:129) 
2019-03-02 02:03:00,921 [D] -:C:n:WD_1:wc.c:13	(at logger.py:129) 
2019-03-02 02:03:00,964 [D] ┌:C:n:WD_2:wc.c:13	(at logger.py:129) 
2019-03-02 02:03:00,964 [D] └:C:n:WD_2:wc.c:12	(at logger.py:129) 
2019-03-02 02:03:01,009 [D] ┌:C:n:WD_3:wc.c:13	(at logger.py:129) 
2019-03-02 02:03:01,009 [D] |:C:n:WD_3:wc.c:12	(at logger.py:129) 
2019-03-02 02:03:01,009 [D] └:C:n:WD_3:wc.c:11	(at logger.py:129) 
2019-03-02 02:03:01,060 [D] -:P:n:WD_1:wc.c:12	(at logger.py:129) 
2019-03-02 02:03:01,107 [D] -:P:n:WD_1:wc.c:11	(at logger.py:129) 
2019-03-02 02:03:01,192 [D] -:P:n:WD_1:wc.c:10	(at logger.py:129) 
2019-03-02 02:03:01,296 [D] subprocess cmd: ['source compile.sh /home/bohrok/Documents/DM/output/orbs/wc/15/work'], stdout: b''	(at ex_script.py:45) 
2019-03-02 02:03:01,296 [D] -:F:n:WD_1:wc.c:9	(at logger.py:129) 
2019-03-02 02:03:01,366 [D] subprocess cmd: ['source compile.sh /home/bohrok/Documents/DM/output/orbs/wc/15/work'], stdout: b''	(at ex_script.py:45) 
2019-03-02 02:03:01,366 [D] ┌:F:n:WD_2:wc.c:9	(at logger.py:129) 
2019-03-02 02:03:01,366 [D] └:F:n:WD_2:wc.c:8	(at logger.py:129) 
2019-03-02 02:03:01,463 [D] subprocess cmd: ['source compile.sh /home/bohrok/Documents/DM/output/orbs/wc/15/work'], stdout: b''	(at ex_script.py:45) 
2019-03-02 02:03:01,464 [D] ┌:F:n:WD_3:wc.c:9	(at logger.py:129) 
2019-03-02 02:03:01,464 [D] |:F:n:WD_3:wc.c:8	(at logger.py:129) 
2019-03-02 02:03:01,464 [D] └:F:n:WD_3:wc.c:7	(at logger.py:129) 
2019-03-02 02:03:01,514 [D] -:P:c:WD_1:wc.c:8	(at logger.py:129) 
2019-03-02 02:03:01,527 [D] subprocess cmd: ['source compile.sh /home/bohrok/Documents/DM/output/orbs/wc/15/work'], stdout: b''	(at ex_script.py:45) 
2019-03-02 02:03:01,527 [D] -:F:n:WD_1:wc.c:7	(at logger.py:129) 
2019-03-02 02:03:01,541 [D] subprocess cmd: ['source compile.sh /home/bohrok/Documents/DM/output/orbs/wc/15/work'], stdout: b''	(at ex_script.py:45) 
2019-03-02 02:03:01,542 [D] ┌:F:n:WD_2:wc.c:7	(at logger.py:129) 
2019-03-02 02:03:01,542 [D] └:F:n:WD_2:wc.c:6	(at logger.py:129) 
2019-03-02 02:03:01,557 [D] subprocess cmd: ['source compile.sh /home/bohrok/Documents/DM/output/orbs/wc/15/work'], stdout: b''	(at ex_script.py:45) 
2019-03-02 02:03:01,558 [D] ┌:F:n:WD_3:wc.c:7	(at logger.py:129) 
2019-03-02 02:03:01,558 [D] |:F:n:WD_3:wc.c:6	(at logger.py:129) 
2019-03-02 02:03:01,558 [D] └:F:n:WD_3:wc.c:5	(at logger.py:129) 
2019-03-02 02:03:01,592 [D] -:P:c:WD_1:wc.c:6	(at logger.py:129) 
2019-03-02 02:03:01,625 [D] -:P:c:WD_1:wc.c:5	(at logger.py:129) 
2019-03-02 02:03:01,638 [D] subprocess cmd: ['source compile.sh /home/bohrok/Documents/DM/output/orbs/wc/15/work'], stdout: b''	(at ex_script.py:45) 
2019-03-02 02:03:01,638 [D] -:F:n:WD_1:wc.c:4	(at logger.py:129) 
2019-03-02 02:03:01,651 [D] subprocess cmd: ['source compile.sh /home/bohrok/Documents/DM/output/orbs/wc/15/work'], stdout: b''	(at ex_script.py:45) 
2019-03-02 02:03:01,651 [D] ┌:F:n:WD_2:wc.c:4	(at logger.py:129) 
2019-03-02 02:03:01,651 [D] └:F:n:WD_2:wc.c:3	(at logger.py:129) 
2019-03-02 02:03:01,663 [D] subprocess cmd: ['source compile.sh /home/bohrok/Documents/DM/output/orbs/wc/15/work'], stdout: b''	(at ex_script.py:45) 
2019-03-02 02:03:01,664 [D] ┌:F:n:WD_3:wc.c:4	(at logger.py:129) 
2019-03-02 02:03:01,664 [D] |:F:n:WD_3:wc.c:3	(at logger.py:129) 
2019-03-02 02:03:01,664 [D] └:F:n:WD_3:wc.c:2	(at logger.py:129) 
2019-03-02 02:03:01,676 [D] subprocess cmd: ['source compile.sh /home/bohrok/Documents/DM/output/orbs/wc/15/work'], stdout: b''	(at ex_script.py:45) 
2019-03-02 02:03:01,677 [D] -:F:n:WD_1:wc.c:3	(at logger.py:129) 
2019-03-02 02:03:01,691 [D] subprocess cmd: ['source compile.sh /home/bohrok/Documents/DM/output/orbs/wc/15/work'], stdout: b''	(at ex_script.py:45) 
2019-03-02 02:03:01,692 [D] ┌:F:n:WD_2:wc.c:3	(at logger.py:129) 
2019-03-02 02:03:01,692 [D] └:F:n:WD_2:wc.c:2	(at logger.py:129) 
2019-03-02 02:03:01,705 [D] subprocess cmd: ['source compile.sh /home/bohrok/Documents/DM/output/orbs/wc/15/work'], stdout: b''	(at ex_script.py:45) 
2019-03-02 02:03:01,705 [D] ┌:F:n:WD_3:wc.c:3	(at logger.py:129) 
2019-03-02 02:03:01,705 [D] |:F:n:WD_3:wc.c:2	(at logger.py:129) 
2019-03-02 02:03:01,705 [D] └:F:n:WD_3:wc.c:1	(at logger.py:129) 
2019-03-02 02:03:01,720 [D] subprocess cmd: ['source compile.sh /home/bohrok/Documents/DM/output/orbs/wc/15/work'], stdout: b''	(at ex_script.py:45) 
2019-03-02 02:03:01,721 [D] -:F:n:WD_1:wc.c:2	(at logger.py:129) 
2019-03-02 02:03:01,732 [D] subprocess cmd: ['source compile.sh /home/bohrok/Documents/DM/output/orbs/wc/15/work'], stdout: b''	(at ex_script.py:45) 
2019-03-02 02:03:01,732 [D] ┌:F:n:WD_2:wc.c:2	(at logger.py:129) 
2019-03-02 02:03:01,732 [D] └:F:n:WD_2:wc.c:1	(at logger.py:129) 
2019-03-02 02:03:01,733 [D] ┌:F:n:WD_3:wc.c:2	(at logger.py:129) 
2019-03-02 02:03:01,733 [D] └:F:n:WD_3:wc.c:1	(at logger.py:129) 
2019-03-02 02:03:01,781 [D] -:P:n:WD_1:wc.c:1	(at logger.py:129) 
2019-03-02 02:03:01,781 [D] comp_cached_cnt:1	(at logger.py:134) 
2019-03-02 02:03:01,781 [D] compile_cnt:111	(at logger.py:134) 
2019-03-02 02:03:01,781 [D] execute_cnt:24	(at logger.py:134) 
2019-03-02 02:03:01,782 [D] fail_del_cnt:16	(at logger.py:134) 
2019-03-02 02:03:01,782 [D] iter_idx:1	(at logger.py:134) 
2019-03-02 02:03:01,782 [D] reuse_cnt:8	(at logger.py:134) 
2019-03-02 02:03:01,782 [D] succ_del_cnt:16	(at logger.py:134) 
2019-03-02 02:03:01,782 [D] time:2.79067063331604	(at logger.py:134) 
2019-03-02 02:03:01,782 [D] deletion:16	(at logger.py:136) 
2019-03-02 02:03:01,782 [I] Iteration 1 finished	(at orbs.py:87) 
2019-03-02 02:03:01,793 [D] subprocess cmd: ['source compile.sh /home/bohrok/Documents/DM/output/orbs/wc/15/work'], stdout: b''	(at ex_script.py:45) 
2019-03-02 02:03:01,793 [D] -:F:n:WD_1:wc.c:48	(at logger.py:129) 
2019-03-02 02:03:01,806 [D] subprocess cmd: ['source compile.sh /home/bohrok/Documents/DM/output/orbs/wc/15/work'], stdout: b''	(at ex_script.py:45) 
2019-03-02 02:03:01,806 [D] ┌:F:n:WD_2:wc.c:48	(at logger.py:129) 
2019-03-02 02:03:01,806 [D] └:F:n:WD_2:wc.c:47	(at logger.py:129) 
2019-03-02 02:03:01,819 [D] subprocess cmd: ['source compile.sh /home/bohrok/Documents/DM/output/orbs/wc/15/work'], stdout: b''	(at ex_script.py:45) 
2019-03-02 02:03:01,819 [D] ┌:F:n:WD_3:wc.c:48	(at logger.py:129) 
2019-03-02 02:03:01,819 [D] |:F:n:WD_3:wc.c:47	(at logger.py:129) 
2019-03-02 02:03:01,819 [D] └:F:n:WD_3:wc.c:46	(at logger.py:129) 
2019-03-02 02:03:01,830 [D] subprocess cmd: ['source compile.sh /home/bohrok/Documents/DM/output/orbs/wc/15/work'], stdout: b''	(at ex_script.py:45) 
2019-03-02 02:03:01,831 [D] -:F:n:WD_1:wc.c:47	(at logger.py:129) 
2019-03-02 02:03:01,843 [D] subprocess cmd: ['source compile.sh /home/bohrok/Documents/DM/output/orbs/wc/15/work'], stdout: b''	(at ex_script.py:45) 
2019-03-02 02:03:01,843 [D] ┌:F:n:WD_2:wc.c:47	(at logger.py:129) 
2019-03-02 02:03:01,843 [D] └:F:n:WD_2:wc.c:46	(at logger.py:129) 
2019-03-02 02:03:01,892 [D] subprocess cmd: ['source execute.sh /home/bohrok/Documents/DM/output/orbs/wc/15/work'], stdout: b''	(at ex_script.py:45) 
2019-03-02 02:03:01,892 [D] ┌:C:n:WD_3:wc.c:47	(at logger.py:129) 
2019-03-02 02:03:01,892 [D] |:C:n:WD_3:wc.c:46	(at logger.py:129) 
2019-03-02 02:03:01,892 [D] └:C:n:WD_3:wc.c:45	(at logger.py:129) 
2019-03-02 02:03:01,925 [D] -:C:c:WD_1:wc.c:46	(at logger.py:129) 
2019-03-02 02:03:01,938 [D] subprocess cmd: ['source compile.sh /home/bohrok/Documents/DM/output/orbs/wc/15/work'], stdout: b''	(at ex_script.py:45) 
2019-03-02 02:03:01,938 [D] ┌:F:n:WD_2:wc.c:46	(at logger.py:129) 
2019-03-02 02:03:01,938 [D] └:F:n:WD_2:wc.c:45	(at logger.py:129) 
2019-03-02 02:03:01,938 [D] ┌:C:c:WD_3:wc.c:46	(at logger.py:129) 
2019-03-02 02:03:01,938 [D] |:C:c:WD_3:wc.c:45	(at logger.py:129) 
2019-03-02 02:03:01,938 [D] └:C:c:WD_3:wc.c:43	(at logger.py:129) 
2019-03-02 02:03:01,950 [D] subprocess cmd: ['source compile.sh /home/bohrok/Documents/DM/output/orbs/wc/15/work'], stdout: b''	(at ex_script.py:45) 
2019-03-02 02:03:01,950 [D] -:F:n:WD_1:wc.c:45	(at logger.py:129) 
2019-03-02 02:03:01,982 [D] ┌:C:c:WD_2:wc.c:45	(at logger.py:129) 
2019-03-02 02:03:01,982 [D] └:C:c:WD_2:wc.c:43	(at logger.py:129) 
2019-03-02 02:03:02,028 [D] ┌:C:n:WD_3:wc.c:45	(at logger.py:129) 
2019-03-02 02:03:02,028 [D] |:C:n:WD_3:wc.c:43	(at logger.py:129) 
2019-03-02 02:03:02,029 [D] └:C:n:WD_3:wc.c:42	(at logger.py:129) 
2019-03-02 02:03:02,029 [D]  : : :pass:wc.c:44	(at logger.py:129) 
2019-03-02 02:03:02,042 [D] subprocess cmd: ['source compile.sh /home/bohrok/Documents/DM/output/orbs/wc/15/work'], stdout: b''	(at ex_script.py:45) 
2019-03-02 02:03:02,042 [D] -:F:n:WD_1:wc.c:43	(at logger.py:129) 
2019-03-02 02:03:02,053 [D] subprocess cmd: ['source compile.sh /home/bohrok/Documents/DM/output/orbs/wc/15/work'], stdout: b''	(at ex_script.py:45) 
2019-03-02 02:03:02,054 [D] ┌:F:n:WD_2:wc.c:43	(at logger.py:129) 
2019-03-02 02:03:02,054 [D] └:F:n:WD_2:wc.c:42	(at logger.py:129) 
2019-03-02 02:03:02,054 [D] ┌:C:c:WD_3:wc.c:43	(at logger.py:129) 
2019-03-02 02:03:02,054 [D] |:C:c:WD_3:wc.c:42	(at logger.py:129) 
2019-03-02 02:03:02,054 [D] └:C:c:WD_3:wc.c:41	(at logger.py:129) 
2019-03-02 02:03:02,098 [D] -:C:n:WD_1:wc.c:42	(at logger.py:129) 
2019-03-02 02:03:02,109 [D] subprocess cmd: ['source compile.sh /home/bohrok/Documents/DM/output/orbs/wc/15/work'], stdout: b''	(at ex_script.py:45) 
2019-03-02 02:03:02,109 [D] ┌:F:n:WD_2:wc.c:42	(at logger.py:129) 
2019-03-02 02:03:02,109 [D] └:F:n:WD_2:wc.c:41	(at logger.py:129) 
2019-03-02 02:03:02,121 [D] subprocess cmd: ['source compile.sh /home/bohrok/Documents/DM/output/orbs/wc/15/work'], stdout: b''	(at ex_script.py:45) 
2019-03-02 02:03:02,121 [D] ┌:F:n:WD_3:wc.c:42	(at logger.py:129) 
2019-03-02 02:03:02,121 [D] |:F:n:WD_3:wc.c:41	(at logger.py:129) 
2019-03-02 02:03:02,122 [D] └:F:n:WD_3:wc.c:40	(at logger.py:129) 
2019-03-02 02:03:02,133 [D] subprocess cmd: ['source compile.sh /home/bohrok/Documents/DM/output/orbs/wc/15/work'], stdout: b''	(at ex_script.py:45) 
2019-03-02 02:03:02,133 [D] -:F:n:WD_1:wc.c:41	(at logger.py:129) 
2019-03-02 02:03:02,144 [D] subprocess cmd: ['source compile.sh /home/bohrok/Documents/DM/output/orbs/wc/15/work'], stdout: b''	(at ex_script.py:45) 
2019-03-02 02:03:02,144 [D] ┌:F:n:WD_2:wc.c:41	(at logger.py:129) 
2019-03-02 02:03:02,144 [D] └:F:n:WD_2:wc.c:40	(at logger.py:129) 
2019-03-02 02:03:02,157 [D] subprocess cmd: ['source compile.sh /home/bohrok/Documents/DM/output/orbs/wc/15/work'], stdout: b''	(at ex_script.py:45) 
2019-03-02 02:03:02,157 [D] ┌:F:n:WD_3:wc.c:41	(at logger.py:129) 
2019-03-02 02:03:02,157 [D] |:F:n:WD_3:wc.c:40	(at logger.py:129) 
2019-03-02 02:03:02,157 [D] └:F:n:WD_3:wc.c:39	(at logger.py:129) 
2019-03-02 02:03:02,169 [D] subprocess cmd: ['source compile.sh /home/bohrok/Documents/DM/output/orbs/wc/15/work'], stdout: b''	(at ex_script.py:45) 
2019-03-02 02:03:02,170 [D] -:F:n:WD_1:wc.c:40	(at logger.py:129) 
2019-03-02 02:03:02,215 [D] subprocess cmd: ['source execute.sh /home/bohrok/Documents/DM/output/orbs/wc/15/work'], stdout: b''	(at ex_script.py:45) 
2019-03-02 02:03:02,215 [D] ┌:C:n:WD_2:wc.c:40	(at logger.py:129) 
2019-03-02 02:03:02,215 [D] └:C:n:WD_2:wc.c:39	(at logger.py:129) 
2019-03-02 02:03:02,226 [D] subprocess cmd: ['source compile.sh /home/bohrok/Documents/DM/output/orbs/wc/15/work'], stdout: b''	(at ex_script.py:45) 
2019-03-02 02:03:02,226 [D] ┌:F:n:WD_3:wc.c:40	(at logger.py:129) 
2019-03-02 02:03:02,226 [D] |:F:n:WD_3:wc.c:39	(at logger.py:129) 
2019-03-02 02:03:02,226 [D] └:F:n:WD_3:wc.c:37	(at logger.py:129) 
2019-03-02 02:03:02,239 [D] subprocess cmd: ['source compile.sh /home/bohrok/Documents/DM/output/orbs/wc/15/work'], stdout: b''	(at ex_script.py:45) 
2019-03-02 02:03:02,239 [D] -:F:n:WD_1:wc.c:39	(at logger.py:129) 
2019-03-02 02:03:02,251 [D] subprocess cmd: ['source compile.sh /home/bohrok/Documents/DM/output/orbs/wc/15/work'], stdout: b''	(at ex_script.py:45) 
2019-03-02 02:03:02,251 [D] ┌:F:n:WD_2:wc.c:39	(at logger.py:129) 
2019-03-02 02:03:02,251 [D] └:F:n:WD_2:wc.c:37	(at logger.py:129) 
2019-03-02 02:03:02,261 [D] subprocess cmd: ['source compile.sh /home/bohrok/Documents/DM/output/orbs/wc/15/work'], stdout: b''	(at ex_script.py:45) 
2019-03-02 02:03:02,261 [D] ┌:F:n:WD_3:wc.c:39	(at logger.py:129) 
2019-03-02 02:03:02,261 [D] |:F:n:WD_3:wc.c:37	(at logger.py:129) 
2019-03-02 02:03:02,261 [D] └:F:n:WD_3:wc.c:36	(at logger.py:129) 
2019-03-02 02:03:02,261 [D]  : : :pass:wc.c:38	(at logger.py:129) 
2019-03-02 02:03:02,273 [D] subprocess cmd: ['source compile.sh /home/bohrok/Documents/DM/output/orbs/wc/15/work'], stdout: b''	(at ex_script.py:45) 
2019-03-02 02:03:02,274 [D] -:F:n:WD_1:wc.c:37	(at logger.py:129) 
2019-03-02 02:03:02,286 [D] subprocess cmd: ['source compile.sh /home/bohrok/Documents/DM/output/orbs/wc/15/work'], stdout: b''	(at ex_script.py:45) 
2019-03-02 02:03:02,286 [D] ┌:F:n:WD_2:wc.c:37	(at logger.py:129) 
2019-03-02 02:03:02,287 [D] └:F:n:WD_2:wc.c:36	(at logger.py:129) 
2019-03-02 02:03:02,320 [D] subprocess cmd: ['source compile.sh /home/bohrok/Documents/DM/output/orbs/wc/15/work'], stdout: b''	(at ex_script.py:45) 
2019-03-02 02:03:02,320 [D] ┌:F:n:WD_3:wc.c:37	(at logger.py:129) 
2019-03-02 02:03:02,320 [D] |:F:n:WD_3:wc.c:36	(at logger.py:129) 
2019-03-02 02:03:02,320 [D] └:F:n:WD_3:wc.c:35	(at logger.py:129) 
2019-03-02 02:03:02,332 [D] subprocess cmd: ['source compile.sh /home/bohrok/Documents/DM/output/orbs/wc/15/work'], stdout: b''	(at ex_script.py:45) 
2019-03-02 02:03:02,333 [D] -:F:n:WD_1:wc.c:36	(at logger.py:129) 
2019-03-02 02:03:02,343 [D] subprocess cmd: ['source compile.sh /home/bohrok/Documents/DM/output/orbs/wc/15/work'], stdout: b''	(at ex_script.py:45) 
2019-03-02 02:03:02,344 [D] ┌:F:n:WD_2:wc.c:36	(at logger.py:129) 
2019-03-02 02:03:02,344 [D] └:F:n:WD_2:wc.c:35	(at logger.py:129) 
2019-03-02 02:03:02,357 [D] subprocess cmd: ['source compile.sh /home/bohrok/Documents/DM/output/orbs/wc/15/work'], stdout: b''	(at ex_script.py:45) 
2019-03-02 02:03:02,358 [D] ┌:F:n:WD_3:wc.c:36	(at logger.py:129) 
2019-03-02 02:03:02,358 [D] |:F:n:WD_3:wc.c:35	(at logger.py:129) 
2019-03-02 02:03:02,358 [D] └:F:n:WD_3:wc.c:34	(at logger.py:129) 
2019-03-02 02:03:02,370 [D] subprocess cmd: ['source compile.sh /home/bohrok/Documents/DM/output/orbs/wc/15/work'], stdout: b''	(at ex_script.py:45) 
2019-03-02 02:03:02,371 [D] -:F:n:WD_1:wc.c:35	(at logger.py:129) 
2019-03-02 02:03:02,382 [D] subprocess cmd: ['source compile.sh /home/bohrok/Documents/DM/output/orbs/wc/15/work'], stdout: b''	(at ex_script.py:45) 
2019-03-02 02:03:02,382 [D] ┌:F:n:WD_2:wc.c:35	(at logger.py:129) 
2019-03-02 02:03:02,382 [D] └:F:n:WD_2:wc.c:34	(at logger.py:129) 
2019-03-02 02:03:02,393 [D] subprocess cmd: ['source compile.sh /home/bohrok/Documents/DM/output/orbs/wc/15/work'], stdout: b''	(at ex_script.py:45) 
2019-03-02 02:03:02,393 [D] ┌:F:n:WD_3:wc.c:35	(at logger.py:129) 
2019-03-02 02:03:02,393 [D] |:F:n:WD_3:wc.c:34	(at logger.py:129) 
2019-03-02 02:03:02,393 [D] └:F:n:WD_3:wc.c:33	(at logger.py:129) 
2019-03-02 02:03:02,406 [D] subprocess cmd: ['source compile.sh /home/bohrok/Documents/DM/output/orbs/wc/15/work'], stdout: b''	(at ex_script.py:45) 
2019-03-02 02:03:02,406 [D] -:F:n:WD_1:wc.c:34	(at logger.py:129) 
2019-03-02 02:03:02,418 [D] subprocess cmd: ['source compile.sh /home/bohrok/Documents/DM/output/orbs/wc/15/work'], stdout: b''	(at ex_script.py:45) 
2019-03-02 02:03:02,419 [D] ┌:F:n:WD_2:wc.c:34	(at logger.py:129) 
2019-03-02 02:03:02,419 [D] └:F:n:WD_2:wc.c:33	(at logger.py:129) 
2019-03-02 02:03:02,429 [D] subprocess cmd: ['source compile.sh /home/bohrok/Documents/DM/output/orbs/wc/15/work'], stdout: b''	(at ex_script.py:45) 
2019-03-02 02:03:02,429 [D] ┌:F:n:WD_3:wc.c:34	(at logger.py:129) 
2019-03-02 02:03:02,429 [D] |:F:n:WD_3:wc.c:33	(at logger.py:129) 
2019-03-02 02:03:02,430 [D] └:F:n:WD_3:wc.c:31	(at logger.py:129) 
2019-03-02 02:03:02,442 [D] subprocess cmd: ['source compile.sh /home/bohrok/Documents/DM/output/orbs/wc/15/work'], stdout: b''	(at ex_script.py:45) 
2019-03-02 02:03:02,443 [D] -:F:n:WD_1:wc.c:33	(at logger.py:129) 
2019-03-02 02:03:02,456 [D] subprocess cmd: ['source compile.sh /home/bohrok/Documents/DM/output/orbs/wc/15/work'], stdout: b''	(at ex_script.py:45) 
2019-03-02 02:03:02,456 [D] ┌:F:n:WD_2:wc.c:33	(at logger.py:129) 
2019-03-02 02:03:02,456 [D] └:F:n:WD_2:wc.c:31	(at logger.py:129) 
2019-03-02 02:03:02,469 [D] subprocess cmd: ['source compile.sh /home/bohrok/Documents/DM/output/orbs/wc/15/work'], stdout: b''	(at ex_script.py:45) 
2019-03-02 02:03:02,469 [D] ┌:F:n:WD_3:wc.c:33	(at logger.py:129) 
2019-03-02 02:03:02,469 [D] |:F:n:WD_3:wc.c:31	(at logger.py:129) 
2019-03-02 02:03:02,469 [D] └:F:n:WD_3:wc.c:30	(at logger.py:129) 
2019-03-02 02:03:02,469 [D]  : : :pass:wc.c:32	(at logger.py:129) 
2019-03-02 02:03:02,518 [D] subprocess cmd: ['source execute.sh /home/bohrok/Documents/DM/output/orbs/wc/15/work'], stdout: b''	(at ex_script.py:45) 
2019-03-02 02:03:02,519 [D] -:C:n:WD_1:wc.c:31	(at logger.py:129) 
2019-03-02 02:03:02,561 [D] subprocess cmd: ['source execute.sh /home/bohrok/Documents/DM/output/orbs/wc/15/work'], stdout: b''	(at ex_script.py:45) 
2019-03-02 02:03:02,562 [D] ┌:C:n:WD_2:wc.c:31	(at logger.py:129) 
2019-03-02 02:03:02,562 [D] └:C:n:WD_2:wc.c:30	(at logger.py:129) 
2019-03-02 02:03:02,574 [D] subprocess cmd: ['source compile.sh /home/bohrok/Documents/DM/output/orbs/wc/15/work'], stdout: b''	(at ex_script.py:45) 
2019-03-02 02:03:02,574 [D] ┌:F:n:WD_3:wc.c:31	(at logger.py:129) 
2019-03-02 02:03:02,574 [D] |:F:n:WD_3:wc.c:30	(at logger.py:129) 
2019-03-02 02:03:02,574 [D] └:F:n:WD_3:wc.c:29	(at logger.py:129) 
2019-03-02 02:03:02,617 [D] -:C:n:WD_1:wc.c:30	(at logger.py:129) 
2019-03-02 02:03:02,627 [D] subprocess cmd: ['source compile.sh /home/bohrok/Documents/DM/output/orbs/wc/15/work'], stdout: b''	(at ex_script.py:45) 
2019-03-02 02:03:02,628 [D] ┌:F:n:WD_2:wc.c:30	(at logger.py:129) 
2019-03-02 02:03:02,628 [D] └:F:n:WD_2:wc.c:29	(at logger.py:129) 
2019-03-02 02:03:02,641 [D] subprocess cmd: ['source compile.sh /home/bohrok/Documents/DM/output/orbs/wc/15/work'], stdout: b''	(at ex_script.py:45) 
2019-03-02 02:03:02,641 [D] ┌:F:n:WD_3:wc.c:30	(at logger.py:129) 
2019-03-02 02:03:02,641 [D] |:F:n:WD_3:wc.c:29	(at logger.py:129) 
2019-03-02 02:03:02,641 [D] └:F:n:WD_3:wc.c:28	(at logger.py:129) 
2019-03-02 02:03:02,653 [D] subprocess cmd: ['source compile.sh /home/bohrok/Documents/DM/output/orbs/wc/15/work'], stdout: b''	(at ex_script.py:45) 
2019-03-02 02:03:02,653 [D] -:F:n:WD_1:wc.c:29	(at logger.py:129) 
2019-03-02 02:03:02,664 [D] subprocess cmd: ['source compile.sh /home/bohrok/Documents/DM/output/orbs/wc/15/work'], stdout: b''	(at ex_script.py:45) 
2019-03-02 02:03:02,664 [D] ┌:F:n:WD_2:wc.c:29	(at logger.py:129) 
2019-03-02 02:03:02,664 [D] └:F:n:WD_2:wc.c:28	(at logger.py:129) 
2019-03-02 02:03:02,712 [D] ┌:C:n:WD_3:wc.c:29	(at logger.py:129) 
2019-03-02 02:03:02,712 [D] |:C:n:WD_3:wc.c:28	(at logger.py:129) 
2019-03-02 02:03:02,712 [D] └:C:n:WD_3:wc.c:27	(at logger.py:129) 
2019-03-02 02:03:02,758 [D] -:C:n:WD_1:wc.c:28	(at logger.py:129) 
2019-03-02 02:03:02,769 [D] subprocess cmd: ['source compile.sh /home/bohrok/Documents/DM/output/orbs/wc/15/work'], stdout: b''	(at ex_script.py:45) 
2019-03-02 02:03:02,770 [D] ┌:F:n:WD_2:wc.c:28	(at logger.py:129) 
2019-03-02 02:03:02,770 [D] └:F:n:WD_2:wc.c:27	(at logger.py:129) 
2019-03-02 02:03:02,779 [D] subprocess cmd: ['source compile.sh /home/bohrok/Documents/DM/output/orbs/wc/15/work'], stdout: b''	(at ex_script.py:45) 
2019-03-02 02:03:02,779 [D] ┌:F:n:WD_3:wc.c:28	(at logger.py:129) 
2019-03-02 02:03:02,779 [D] |:F:n:WD_3:wc.c:27	(at logger.py:129) 
2019-03-02 02:03:02,779 [D] └:F:n:WD_3:wc.c:26	(at logger.py:129) 
2019-03-02 02:03:02,792 [D] subprocess cmd: ['source compile.sh /home/bohrok/Documents/DM/output/orbs/wc/15/work'], stdout: b''	(at ex_script.py:45) 
2019-03-02 02:03:02,792 [D] -:F:n:WD_1:wc.c:27	(at logger.py:129) 
2019-03-02 02:03:02,804 [D] subprocess cmd: ['source compile.sh /home/bohrok/Documents/DM/output/orbs/wc/15/work'], stdout: b''	(at ex_script.py:45) 
2019-03-02 02:03:02,804 [D] ┌:F:n:WD_2:wc.c:27	(at logger.py:129) 
2019-03-02 02:03:02,804 [D] └:F:n:WD_2:wc.c:26	(at logger.py:129) 
2019-03-02 02:03:02,815 [D] subprocess cmd: ['source compile.sh /home/bohrok/Documents/DM/output/orbs/wc/15/work'], stdout: b''	(at ex_script.py:45) 
2019-03-02 02:03:02,815 [D] ┌:F:n:WD_3:wc.c:27	(at logger.py:129) 
2019-03-02 02:03:02,815 [D] |:F:n:WD_3:wc.c:26	(at logger.py:129) 
2019-03-02 02:03:02,815 [D] └:F:n:WD_3:wc.c:23	(at logger.py:129) 
2019-03-02 02:03:02,826 [D] subprocess cmd: ['source compile.sh /home/bohrok/Documents/DM/output/orbs/wc/15/work'], stdout: b''	(at ex_script.py:45) 
2019-03-02 02:03:02,826 [D] -:F:n:WD_1:wc.c:26	(at logger.py:129) 
2019-03-02 02:03:02,860 [D] ┌:P:c:WD_2:wc.c:26	(at logger.py:129) 
2019-03-02 02:03:02,861 [D] └:P:c:WD_2:wc.c:23	(at logger.py:129) 
2019-03-02 02:03:02,861 [D]  : : :pass:wc.c:25	(at logger.py:129) 
2019-03-02 02:03:02,861 [D]  : : :pass:wc.c:24	(at logger.py:129) 
2019-03-02 02:03:02,861 [D]  : : :pass:wc.c:23	(at logger.py:129) 
2019-03-02 02:03:02,861 [D]  : : :pass:wc.c:22	(at logger.py:129) 
2019-03-02 02:03:02,873 [D] subprocess cmd: ['source compile.sh /home/bohrok/Documents/DM/output/orbs/wc/15/work'], stdout: b''	(at ex_script.py:45) 
2019-03-02 02:03:02,874 [D] -:F:n:WD_1:wc.c:21	(at logger.py:129) 
2019-03-02 02:03:02,884 [D] subprocess cmd: ['source compile.sh /home/bohrok/Documents/DM/output/orbs/wc/15/work'], stdout: b''	(at ex_script.py:45) 
2019-03-02 02:03:02,884 [D] ┌:F:n:WD_2:wc.c:21	(at logger.py:129) 
2019-03-02 02:03:02,885 [D] └:F:n:WD_2:wc.c:20	(at logger.py:129) 
2019-03-02 02:03:02,895 [D] subprocess cmd: ['source compile.sh /home/bohrok/Documents/DM/output/orbs/wc/15/work'], stdout: b''	(at ex_script.py:45) 
2019-03-02 02:03:02,895 [D] ┌:F:n:WD_3:wc.c:21	(at logger.py:129) 
2019-03-02 02:03:02,895 [D] |:F:n:WD_3:wc.c:20	(at logger.py:129) 
2019-03-02 02:03:02,895 [D] └:F:n:WD_3:wc.c:19	(at logger.py:129) 
2019-03-02 02:03:02,907 [D] subprocess cmd: ['source compile.sh /home/bohrok/Documents/DM/output/orbs/wc/15/work'], stdout: b''	(at ex_script.py:45) 
2019-03-02 02:03:02,907 [D] -:F:n:WD_1:wc.c:20	(at logger.py:129) 
2019-03-02 02:03:02,920 [D] subprocess cmd: ['source compile.sh /home/bohrok/Documents/DM/output/orbs/wc/15/work'], stdout: b''	(at ex_script.py:45) 
2019-03-02 02:03:02,920 [D] ┌:F:n:WD_2:wc.c:20	(at logger.py:129) 
2019-03-02 02:03:02,920 [D] └:F:n:WD_2:wc.c:19	(at logger.py:129) 
2019-03-02 02:03:02,921 [D] ┌:F:n:WD_3:wc.c:20	(at logger.py:129) 
2019-03-02 02:03:02,921 [D] |:F:n:WD_3:wc.c:19	(at logger.py:129) 
2019-03-02 02:03:02,921 [D] └:F:n:WD_3:wc.c:17	(at logger.py:129) 
2019-03-02 02:03:02,933 [D] subprocess cmd: ['source compile.sh /home/bohrok/Documents/DM/output/orbs/wc/15/work'], stdout: b''	(at ex_script.py:45) 
2019-03-02 02:03:02,934 [D] -:F:n:WD_1:wc.c:19	(at logger.py:129) 
2019-03-02 02:03:02,966 [D] ┌:P:c:WD_2:wc.c:19	(at logger.py:129) 
2019-03-02 02:03:02,967 [D] └:P:c:WD_2:wc.c:17	(at logger.py:129) 
2019-03-02 02:03:02,967 [D]  : : :pass:wc.c:18	(at logger.py:129) 
2019-03-02 02:03:02,967 [D]  : : :pass:wc.c:17	(at logger.py:129) 
2019-03-02 02:03:02,967 [D]  : : :pass:wc.c:16	(at logger.py:129) 
2019-03-02 02:03:02,967 [D]  : : :pass:wc.c:15	(at logger.py:129) 
2019-03-02 02:03:02,977 [D] subprocess cmd: ['source compile.sh /home/bohrok/Documents/DM/output/orbs/wc/15/work'], stdout: b''	(at ex_script.py:45) 
2019-03-02 02:03:02,977 [D] -:F:n:WD_1:wc.c:14	(at logger.py:129) 
2019-03-02 02:03:02,990 [D] subprocess cmd: ['source compile.sh /home/bohrok/Documents/DM/output/orbs/wc/15/work'], stdout: b''	(at ex_script.py:45) 
2019-03-02 02:03:02,990 [D] ┌:F:n:WD_2:wc.c:14	(at logger.py:129) 
2019-03-02 02:03:02,990 [D] └:F:n:WD_2:wc.c:13	(at logger.py:129) 
2019-03-02 02:03:03,000 [D] subprocess cmd: ['source compile.sh /home/bohrok/Documents/DM/output/orbs/wc/15/work'], stdout: b''	(at ex_script.py:45) 
2019-03-02 02:03:03,001 [D] ┌:F:n:WD_3:wc.c:14	(at logger.py:129) 
2019-03-02 02:03:03,001 [D] |:F:n:WD_3:wc.c:13	(at logger.py:129) 
2019-03-02 02:03:03,001 [D] └:F:n:WD_3:wc.c:9	(at logger.py:129) 
2019-03-02 02:03:03,045 [D] -:C:n:WD_1:wc.c:13	(at logger.py:129) 
2019-03-02 02:03:03,059 [D] subprocess cmd: ['source compile.sh /home/bohrok/Documents/DM/output/orbs/wc/15/work'], stdout: b''	(at ex_script.py:45) 
2019-03-02 02:03:03,059 [D] ┌:F:n:WD_2:wc.c:13	(at logger.py:129) 
2019-03-02 02:03:03,059 [D] └:F:n:WD_2:wc.c:9	(at logger.py:129) 
2019-03-02 02:03:03,071 [D] subprocess cmd: ['source compile.sh /home/bohrok/Documents/DM/output/orbs/wc/15/work'], stdout: b''	(at ex_script.py:45) 
2019-03-02 02:03:03,072 [D] ┌:F:n:WD_3:wc.c:13	(at logger.py:129) 
2019-03-02 02:03:03,072 [D] |:F:n:WD_3:wc.c:9	(at logger.py:129) 
2019-03-02 02:03:03,072 [D] └:F:n:WD_3:wc.c:7	(at logger.py:129) 
2019-03-02 02:03:03,072 [D]  : : :pass:wc.c:12	(at logger.py:129) 
2019-03-02 02:03:03,072 [D]  : : :pass:wc.c:11	(at logger.py:129) 
2019-03-02 02:03:03,072 [D]  : : :pass:wc.c:10	(at logger.py:129) 
2019-03-02 02:03:03,084 [D] subprocess cmd: ['source compile.sh /home/bohrok/Documents/DM/output/orbs/wc/15/work'], stdout: b''	(at ex_script.py:45) 
2019-03-02 02:03:03,084 [D] -:F:n:WD_1:wc.c:9	(at logger.py:129) 
2019-03-02 02:03:03,095 [D] subprocess cmd: ['source compile.sh /home/bohrok/Documents/DM/output/orbs/wc/15/work'], stdout: b''	(at ex_script.py:45) 
2019-03-02 02:03:03,095 [D] ┌:F:n:WD_2:wc.c:9	(at logger.py:129) 
2019-03-02 02:03:03,095 [D] └:F:n:WD_2:wc.c:7	(at logger.py:129) 
2019-03-02 02:03:03,107 [D] subprocess cmd: ['source compile.sh /home/bohrok/Documents/DM/output/orbs/wc/15/work'], stdout: b''	(at ex_script.py:45) 
2019-03-02 02:03:03,107 [D] ┌:F:n:WD_3:wc.c:9	(at logger.py:129) 
2019-03-02 02:03:03,107 [D] |:F:n:WD_3:wc.c:7	(at logger.py:129) 
2019-03-02 02:03:03,108 [D] └:F:n:WD_3:wc.c:4	(at logger.py:129) 
2019-03-02 02:03:03,108 [D]  : : :pass:wc.c:8	(at logger.py:129) 
2019-03-02 02:03:03,118 [D] subprocess cmd: ['source compile.sh /home/bohrok/Documents/DM/output/orbs/wc/15/work'], stdout: b''	(at ex_script.py:45) 
2019-03-02 02:03:03,118 [D] -:F:n:WD_1:wc.c:7	(at logger.py:129) 
2019-03-02 02:03:03,128 [D] subprocess cmd: ['source compile.sh /home/bohrok/Documents/DM/output/orbs/wc/15/work'], stdout: b''	(at ex_script.py:45) 
2019-03-02 02:03:03,128 [D] ┌:F:n:WD_2:wc.c:7	(at logger.py:129) 
2019-03-02 02:03:03,128 [D] └:F:n:WD_2:wc.c:4	(at logger.py:129) 
2019-03-02 02:03:03,141 [D] subprocess cmd: ['source compile.sh /home/bohrok/Documents/DM/output/orbs/wc/15/work'], stdout: b''	(at ex_script.py:45) 
2019-03-02 02:03:03,141 [D] ┌:F:n:WD_3:wc.c:7	(at logger.py:129) 
2019-03-02 02:03:03,141 [D] |:F:n:WD_3:wc.c:4	(at logger.py:129) 
2019-03-02 02:03:03,141 [D] └:F:n:WD_3:wc.c:3	(at logger.py:129) 
2019-03-02 02:03:03,141 [D]  : : :pass:wc.c:6	(at logger.py:129) 
2019-03-02 02:03:03,141 [D]  : : :pass:wc.c:5	(at logger.py:129) 
2019-03-02 02:03:03,152 [D] subprocess cmd: ['source compile.sh /home/bohrok/Documents/DM/output/orbs/wc/15/work'], stdout: b''	(at ex_script.py:45) 
2019-03-02 02:03:03,152 [D] -:F:n:WD_1:wc.c:4	(at logger.py:129) 
2019-03-02 02:03:03,162 [D] subprocess cmd: ['source compile.sh /home/bohrok/Documents/DM/output/orbs/wc/15/work'], stdout: b''	(at ex_script.py:45) 
2019-03-02 02:03:03,162 [D] ┌:F:n:WD_2:wc.c:4	(at logger.py:129) 
2019-03-02 02:03:03,162 [D] └:F:n:WD_2:wc.c:3	(at logger.py:129) 
2019-03-02 02:03:03,175 [D] subprocess cmd: ['source compile.sh /home/bohrok/Documents/DM/output/orbs/wc/15/work'], stdout: b''	(at ex_script.py:45) 
2019-03-02 02:03:03,175 [D] ┌:F:n:WD_3:wc.c:4	(at logger.py:129) 
2019-03-02 02:03:03,175 [D] |:F:n:WD_3:wc.c:3	(at logger.py:129) 
2019-03-02 02:03:03,175 [D] └:F:n:WD_3:wc.c:2	(at logger.py:129) 
2019-03-02 02:03:03,187 [D] subprocess cmd: ['source compile.sh /home/bohrok/Documents/DM/output/orbs/wc/15/work'], stdout: b''	(at ex_script.py:45) 
2019-03-02 02:03:03,187 [D] -:F:n:WD_1:wc.c:3	(at logger.py:129) 
2019-03-02 02:03:03,199 [D] subprocess cmd: ['source compile.sh /home/bohrok/Documents/DM/output/orbs/wc/15/work'], stdout: b''	(at ex_script.py:45) 
2019-03-02 02:03:03,200 [D] ┌:F:n:WD_2:wc.c:3	(at logger.py:129) 
2019-03-02 02:03:03,200 [D] └:F:n:WD_2:wc.c:2	(at logger.py:129) 
2019-03-02 02:03:03,200 [D] ┌:F:n:WD_3:wc.c:3	(at logger.py:129) 
2019-03-02 02:03:03,200 [D] └:F:n:WD_3:wc.c:2	(at logger.py:129) 
2019-03-02 02:03:03,210 [D] subprocess cmd: ['source compile.sh /home/bohrok/Documents/DM/output/orbs/wc/15/work'], stdout: b''	(at ex_script.py:45) 
2019-03-02 02:03:03,211 [D] -:F:n:WD_1:wc.c:2	(at logger.py:129) 
2019-03-02 02:03:03,211 [D] -:F:n:WD_2:wc.c:2	(at logger.py:129) 
2019-03-02 02:03:03,211 [D] -:F:n:WD_3:wc.c:2	(at logger.py:129) 
2019-03-02 02:03:03,211 [D]  : : :pass:wc.c:1	(at logger.py:129) 
2019-03-02 02:03:03,211 [D] comp_cached_cnt:6	(at logger.py:134) 
2019-03-02 02:03:03,211 [D] compile_cnt:82	(at logger.py:134) 
2019-03-02 02:03:03,211 [D] execute_cnt:10	(at logger.py:134) 
2019-03-02 02:03:03,211 [D] fail_del_cnt:14	(at logger.py:134) 
2019-03-02 02:03:03,211 [D] iter_idx:2	(at logger.py:134) 
2019-03-02 02:03:03,211 [D] reuse_cnt:6	(at logger.py:134) 
2019-03-02 02:03:03,211 [D] succ_del_cnt:2	(at logger.py:134) 
2019-03-02 02:03:03,211 [D] time:1.428635597229004	(at logger.py:134) 
2019-03-02 02:03:03,211 [D] deletion:20	(at logger.py:136) 
2019-03-02 02:03:03,212 [I] Iteration 2 finished	(at orbs.py:87) 
2019-03-02 02:03:03,225 [D] subprocess cmd: ['source compile.sh /home/bohrok/Documents/DM/output/orbs/wc/15/work'], stdout: b''	(at ex_script.py:45) 
2019-03-02 02:03:03,225 [D] -:F:n:WD_1:wc.c:48	(at logger.py:129) 
2019-03-02 02:03:03,237 [D] subprocess cmd: ['source compile.sh /home/bohrok/Documents/DM/output/orbs/wc/15/work'], stdout: b''	(at ex_script.py:45) 
2019-03-02 02:03:03,237 [D] ┌:F:n:WD_2:wc.c:48	(at logger.py:129) 
2019-03-02 02:03:03,237 [D] └:F:n:WD_2:wc.c:47	(at logger.py:129) 
2019-03-02 02:03:03,249 [D] subprocess cmd: ['source compile.sh /home/bohrok/Documents/DM/output/orbs/wc/15/work'], stdout: b''	(at ex_script.py:45) 
2019-03-02 02:03:03,249 [D] ┌:F:n:WD_3:wc.c:48	(at logger.py:129) 
2019-03-02 02:03:03,249 [D] |:F:n:WD_3:wc.c:47	(at logger.py:129) 
2019-03-02 02:03:03,249 [D] └:F:n:WD_3:wc.c:46	(at logger.py:129) 
2019-03-02 02:03:03,260 [D] subprocess cmd: ['source compile.sh /home/bohrok/Documents/DM/output/orbs/wc/15/work'], stdout: b''	(at ex_script.py:45) 
2019-03-02 02:03:03,260 [D] -:F:n:WD_1:wc.c:47	(at logger.py:129) 
2019-03-02 02:03:03,274 [D] subprocess cmd: ['source compile.sh /home/bohrok/Documents/DM/output/orbs/wc/15/work'], stdout: b''	(at ex_script.py:45) 
2019-03-02 02:03:03,274 [D] ┌:F:n:WD_2:wc.c:47	(at logger.py:129) 
2019-03-02 02:03:03,274 [D] └:F:n:WD_2:wc.c:46	(at logger.py:129) 
2019-03-02 02:03:03,308 [D] ┌:C:c:WD_3:wc.c:47	(at logger.py:129) 
2019-03-02 02:03:03,309 [D] |:C:c:WD_3:wc.c:46	(at logger.py:129) 
2019-03-02 02:03:03,309 [D] └:C:c:WD_3:wc.c:45	(at logger.py:129) 
2019-03-02 02:03:03,343 [D] -:C:c:WD_1:wc.c:46	(at logger.py:129) 
2019-03-02 02:03:03,356 [D] subprocess cmd: ['source compile.sh /home/bohrok/Documents/DM/output/orbs/wc/15/work'], stdout: b''	(at ex_script.py:45) 
2019-03-02 02:03:03,356 [D] ┌:F:n:WD_2:wc.c:46	(at logger.py:129) 
2019-03-02 02:03:03,357 [D] └:F:n:WD_2:wc.c:45	(at logger.py:129) 
2019-03-02 02:03:03,357 [D] ┌:C:c:WD_3:wc.c:46	(at logger.py:129) 
2019-03-02 02:03:03,357 [D] |:C:c:WD_3:wc.c:45	(at logger.py:129) 
2019-03-02 02:03:03,357 [D] └:C:c:WD_3:wc.c:43	(at logger.py:129) 
2019-03-02 02:03:03,367 [D] subprocess cmd: ['source compile.sh /home/bohrok/Documents/DM/output/orbs/wc/15/work'], stdout: b''	(at ex_script.py:45) 
2019-03-02 02:03:03,368 [D] -:F:n:WD_1:wc.c:45	(at logger.py:129) 
2019-03-02 02:03:03,399 [D] ┌:C:c:WD_2:wc.c:45	(at logger.py:129) 
2019-03-02 02:03:03,399 [D] └:C:c:WD_2:wc.c:43	(at logger.py:129) 
2019-03-02 02:03:03,431 [D] ┌:C:c:WD_3:wc.c:45	(at logger.py:129) 
2019-03-02 02:03:03,432 [D] |:C:c:WD_3:wc.c:43	(at logger.py:129) 
2019-03-02 02:03:03,432 [D] └:C:c:WD_3:wc.c:42	(at logger.py:129) 
2019-03-02 02:03:03,432 [D]  : : :pass:wc.c:44	(at logger.py:129) 
2019-03-02 02:03:03,442 [D] subprocess cmd: ['source compile.sh /home/bohrok/Documents/DM/output/orbs/wc/15/work'], stdout: b''	(at ex_script.py:45) 
2019-03-02 02:03:03,443 [D] -:F:n:WD_1:wc.c:43	(at logger.py:129) 
2019-03-02 02:03:03,454 [D] subprocess cmd: ['source compile.sh /home/bohrok/Documents/DM/output/orbs/wc/15/work'], stdout: b''	(at ex_script.py:45) 
2019-03-02 02:03:03,454 [D] ┌:F:n:WD_2:wc.c:43	(at logger.py:129) 
2019-03-02 02:03:03,454 [D] └:F:n:WD_2:wc.c:42	(at logger.py:129) 
2019-03-02 02:03:03,454 [D] ┌:C:c:WD_3:wc.c:43	(at logger.py:129) 
2019-03-02 02:03:03,455 [D] |:C:c:WD_3:wc.c:42	(at logger.py:129) 
2019-03-02 02:03:03,455 [D] └:C:c:WD_3:wc.c:41	(at logger.py:129) 
2019-03-02 02:03:03,487 [D] -:C:c:WD_1:wc.c:42	(at logger.py:129) 
2019-03-02 02:03:03,498 [D] subprocess cmd: ['source compile.sh /home/bohrok/Documents/DM/output/orbs/wc/15/work'], stdout: b''	(at ex_script.py:45) 
2019-03-02 02:03:03,498 [D] ┌:F:n:WD_2:wc.c:42	(at logger.py:129) 
2019-03-02 02:03:03,498 [D] └:F:n:WD_2:wc.c:41	(at logger.py:129) 
2019-03-02 02:03:03,509 [D] subprocess cmd: ['source compile.sh /home/bohrok/Documents/DM/output/orbs/wc/15/work'], stdout: b''	(at ex_script.py:45) 
2019-03-02 02:03:03,510 [D] ┌:F:n:WD_3:wc.c:42	(at logger.py:129) 
2019-03-02 02:03:03,510 [D] |:F:n:WD_3:wc.c:41	(at logger.py:129) 
2019-03-02 02:03:03,510 [D] └:F:n:WD_3:wc.c:40	(at logger.py:129) 
2019-03-02 02:03:03,521 [D] subprocess cmd: ['source compile.sh /home/bohrok/Documents/DM/output/orbs/wc/15/work'], stdout: b''	(at ex_script.py:45) 
2019-03-02 02:03:03,522 [D] -:F:n:WD_1:wc.c:41	(at logger.py:129) 
2019-03-02 02:03:03,533 [D] subprocess cmd: ['source compile.sh /home/bohrok/Documents/DM/output/orbs/wc/15/work'], stdout: b''	(at ex_script.py:45) 
2019-03-02 02:03:03,533 [D] ┌:F:n:WD_2:wc.c:41	(at logger.py:129) 
2019-03-02 02:03:03,533 [D] └:F:n:WD_2:wc.c:40	(at logger.py:129) 
2019-03-02 02:03:03,544 [D] subprocess cmd: ['source compile.sh /home/bohrok/Documents/DM/output/orbs/wc/15/work'], stdout: b''	(at ex_script.py:45) 
2019-03-02 02:03:03,544 [D] ┌:F:n:WD_3:wc.c:41	(at logger.py:129) 
2019-03-02 02:03:03,544 [D] |:F:n:WD_3:wc.c:40	(at logger.py:129) 
2019-03-02 02:03:03,544 [D] └:F:n:WD_3:wc.c:39	(at logger.py:129) 
2019-03-02 02:03:03,557 [D] subprocess cmd: ['source compile.sh /home/bohrok/Documents/DM/output/orbs/wc/15/work'], stdout: b''	(at ex_script.py:45) 
2019-03-02 02:03:03,557 [D] -:F:n:WD_1:wc.c:40	(at logger.py:129) 
2019-03-02 02:03:03,591 [D] ┌:C:c:WD_2:wc.c:40	(at logger.py:129) 
2019-03-02 02:03:03,591 [D] └:C:c:WD_2:wc.c:39	(at logger.py:129) 
2019-03-02 02:03:03,602 [D] subprocess cmd: ['source compile.sh /home/bohrok/Documents/DM/output/orbs/wc/15/work'], stdout: b''	(at ex_script.py:45) 
2019-03-02 02:03:03,603 [D] ┌:F:n:WD_3:wc.c:40	(at logger.py:129) 
2019-03-02 02:03:03,603 [D] |:F:n:WD_3:wc.c:39	(at logger.py:129) 
2019-03-02 02:03:03,603 [D] └:F:n:WD_3:wc.c:37	(at logger.py:129) 
2019-03-02 02:03:03,613 [D] subprocess cmd: ['source compile.sh /home/bohrok/Documents/DM/output/orbs/wc/15/work'], stdout: b''	(at ex_script.py:45) 
2019-03-02 02:03:03,613 [D] -:F:n:WD_1:wc.c:39	(at logger.py:129) 
2019-03-02 02:03:03,625 [D] subprocess cmd: ['source compile.sh /home/bohrok/Documents/DM/output/orbs/wc/15/work'], stdout: b''	(at ex_script.py:45) 
2019-03-02 02:03:03,625 [D] ┌:F:n:WD_2:wc.c:39	(at logger.py:129) 
2019-03-02 02:03:03,625 [D] └:F:n:WD_2:wc.c:37	(at logger.py:129) 
2019-03-02 02:03:03,638 [D] subprocess cmd: ['source compile.sh /home/bohrok/Documents/DM/output/orbs/wc/15/work'], stdout: b''	(at ex_script.py:45) 
2019-03-02 02:03:03,639 [D] ┌:F:n:WD_3:wc.c:39	(at logger.py:129) 
2019-03-02 02:03:03,639 [D] |:F:n:WD_3:wc.c:37	(at logger.py:129) 
2019-03-02 02:03:03,639 [D] └:F:n:WD_3:wc.c:36	(at logger.py:129) 
2019-03-02 02:03:03,639 [D]  : : :pass:wc.c:38	(at logger.py:129) 
2019-03-02 02:03:03,651 [D] subprocess cmd: ['source compile.sh /home/bohrok/Documents/DM/output/orbs/wc/15/work'], stdout: b''	(at ex_script.py:45) 
2019-03-02 02:03:03,651 [D] -:F:n:WD_1:wc.c:37	(at logger.py:129) 
2019-03-02 02:03:03,663 [D] subprocess cmd: ['source compile.sh /home/bohrok/Documents/DM/output/orbs/wc/15/work'], stdout: b''	(at ex_script.py:45) 
2019-03-02 02:03:03,663 [D] ┌:F:n:WD_2:wc.c:37	(at logger.py:129) 
2019-03-02 02:03:03,663 [D] └:F:n:WD_2:wc.c:36	(at logger.py:129) 
2019-03-02 02:03:03,697 [D] subprocess cmd: ['source compile.sh /home/bohrok/Documents/DM/output/orbs/wc/15/work'], stdout: b''	(at ex_script.py:45) 
2019-03-02 02:03:03,698 [D] ┌:F:n:WD_3:wc.c:37	(at logger.py:129) 
2019-03-02 02:03:03,698 [D] |:F:n:WD_3:wc.c:36	(at logger.py:129) 
2019-03-02 02:03:03,698 [D] └:F:n:WD_3:wc.c:35	(at logger.py:129) 
2019-03-02 02:03:03,709 [D] subprocess cmd: ['source compile.sh /home/bohrok/Documents/DM/output/orbs/wc/15/work'], stdout: b''	(at ex_script.py:45) 
2019-03-02 02:03:03,709 [D] -:F:n:WD_1:wc.c:36	(at logger.py:129) 
2019-03-02 02:03:03,720 [D] subprocess cmd: ['source compile.sh /home/bohrok/Documents/DM/output/orbs/wc/15/work'], stdout: b''	(at ex_script.py:45) 
2019-03-02 02:03:03,720 [D] ┌:F:n:WD_2:wc.c:36	(at logger.py:129) 
2019-03-02 02:03:03,720 [D] └:F:n:WD_2:wc.c:35	(at logger.py:129) 
2019-03-02 02:03:03,730 [D] subprocess cmd: ['source compile.sh /home/bohrok/Documents/DM/output/orbs/wc/15/work'], stdout: b''	(at ex_script.py:45) 
2019-03-02 02:03:03,730 [D] ┌:F:n:WD_3:wc.c:36	(at logger.py:129) 
2019-03-02 02:03:03,730 [D] |:F:n:WD_3:wc.c:35	(at logger.py:129) 
2019-03-02 02:03:03,730 [D] └:F:n:WD_3:wc.c:34	(at logger.py:129) 
2019-03-02 02:03:03,743 [D] subprocess cmd: ['source compile.sh /home/bohrok/Documents/DM/output/orbs/wc/15/work'], stdout: b''	(at ex_script.py:45) 
2019-03-02 02:03:03,743 [D] -:F:n:WD_1:wc.c:35	(at logger.py:129) 
2019-03-02 02:03:03,756 [D] subprocess cmd: ['source compile.sh /home/bohrok/Documents/DM/output/orbs/wc/15/work'], stdout: b''	(at ex_script.py:45) 
2019-03-02 02:03:03,756 [D] ┌:F:n:WD_2:wc.c:35	(at logger.py:129) 
2019-03-02 02:03:03,757 [D] └:F:n:WD_2:wc.c:34	(at logger.py:129) 
2019-03-02 02:03:03,771 [D] subprocess cmd: ['source compile.sh /home/bohrok/Documents/DM/output/orbs/wc/15/work'], stdout: b''	(at ex_script.py:45) 
2019-03-02 02:03:03,772 [D] ┌:F:n:WD_3:wc.c:35	(at logger.py:129) 
2019-03-02 02:03:03,772 [D] |:F:n:WD_3:wc.c:34	(at logger.py:129) 
2019-03-02 02:03:03,772 [D] └:F:n:WD_3:wc.c:33	(at logger.py:129) 
2019-03-02 02:03:03,786 [D] subprocess cmd: ['source compile.sh /home/bohrok/Documents/DM/output/orbs/wc/15/work'], stdout: b''	(at ex_script.py:45) 
2019-03-02 02:03:03,787 [D] -:F:n:WD_1:wc.c:34	(at logger.py:129) 
2019-03-02 02:03:03,800 [D] subprocess cmd: ['source compile.sh /home/bohrok/Documents/DM/output/orbs/wc/15/work'], stdout: b''	(at ex_script.py:45) 
2019-03-02 02:03:03,800 [D] ┌:F:n:WD_2:wc.c:34	(at logger.py:129) 
2019-03-02 02:03:03,801 [D] └:F:n:WD_2:wc.c:33	(at logger.py:129) 
2019-03-02 02:03:03,811 [D] subprocess cmd: ['source compile.sh /home/bohrok/Documents/DM/output/orbs/wc/15/work'], stdout: b''	(at ex_script.py:45) 
2019-03-02 02:03:03,812 [D] ┌:F:n:WD_3:wc.c:34	(at logger.py:129) 
2019-03-02 02:03:03,812 [D] |:F:n:WD_3:wc.c:33	(at logger.py:129) 
2019-03-02 02:03:03,812 [D] └:F:n:WD_3:wc.c:31	(at logger.py:129) 
2019-03-02 02:03:03,825 [D] subprocess cmd: ['source compile.sh /home/bohrok/Documents/DM/output/orbs/wc/15/work'], stdout: b''	(at ex_script.py:45) 
2019-03-02 02:03:03,825 [D] -:F:n:WD_1:wc.c:33	(at logger.py:129) 
2019-03-02 02:03:03,838 [D] subprocess cmd: ['source compile.sh /home/bohrok/Documents/DM/output/orbs/wc/15/work'], stdout: b''	(at ex_script.py:45) 
2019-03-02 02:03:03,839 [D] ┌:F:n:WD_2:wc.c:33	(at logger.py:129) 
2019-03-02 02:03:03,839 [D] └:F:n:WD_2:wc.c:31	(at logger.py:129) 
2019-03-02 02:03:03,850 [D] subprocess cmd: ['source compile.sh /home/bohrok/Documents/DM/output/orbs/wc/15/work'], stdout: b''	(at ex_script.py:45) 
2019-03-02 02:03:03,850 [D] ┌:F:n:WD_3:wc.c:33	(at logger.py:129) 
2019-03-02 02:03:03,850 [D] |:F:n:WD_3:wc.c:31	(at logger.py:129) 
2019-03-02 02:03:03,850 [D] └:F:n:WD_3:wc.c:30	(at logger.py:129) 
2019-03-02 02:03:03,850 [D]  : : :pass:wc.c:32	(at logger.py:129) 
2019-03-02 02:03:03,883 [D] -:C:c:WD_1:wc.c:31	(at logger.py:129) 
2019-03-02 02:03:03,916 [D] ┌:C:c:WD_2:wc.c:31	(at logger.py:129) 
2019-03-02 02:03:03,916 [D] └:C:c:WD_2:wc.c:30	(at logger.py:129) 
2019-03-02 02:03:03,926 [D] subprocess cmd: ['source compile.sh /home/bohrok/Documents/DM/output/orbs/wc/15/work'], stdout: b''	(at ex_script.py:45) 
2019-03-02 02:03:03,926 [D] ┌:F:n:WD_3:wc.c:31	(at logger.py:129) 
2019-03-02 02:03:03,926 [D] |:F:n:WD_3:wc.c:30	(at logger.py:129) 
2019-03-02 02:03:03,926 [D] └:F:n:WD_3:wc.c:29	(at logger.py:129) 
2019-03-02 02:03:03,959 [D] -:C:c:WD_1:wc.c:30	(at logger.py:129) 
2019-03-02 02:03:03,971 [D] subprocess cmd: ['source compile.sh /home/bohrok/Documents/DM/output/orbs/wc/15/work'], stdout: b''	(at ex_script.py:45) 
2019-03-02 02:03:03,971 [D] ┌:F:n:WD_2:wc.c:30	(at logger.py:129) 
2019-03-02 02:03:03,971 [D] └:F:n:WD_2:wc.c:29	(at logger.py:129) 
2019-03-02 02:03:03,982 [D] subprocess cmd: ['source compile.sh /home/bohrok/Documents/DM/output/orbs/wc/15/work'], stdout: b''	(at ex_script.py:45) 
2019-03-02 02:03:03,983 [D] ┌:F:n:WD_3:wc.c:30	(at logger.py:129) 
2019-03-02 02:03:03,983 [D] |:F:n:WD_3:wc.c:29	(at logger.py:129) 
2019-03-02 02:03:03,983 [D] └:F:n:WD_3:wc.c:28	(at logger.py:129) 
2019-03-02 02:03:03,994 [D] subprocess cmd: ['source compile.sh /home/bohrok/Documents/DM/output/orbs/wc/15/work'], stdout: b''	(at ex_script.py:45) 
2019-03-02 02:03:03,994 [D] -:F:n:WD_1:wc.c:29	(at logger.py:129) 
2019-03-02 02:03:04,007 [D] subprocess cmd: ['source compile.sh /home/bohrok/Documents/DM/output/orbs/wc/15/work'], stdout: b''	(at ex_script.py:45) 
2019-03-02 02:03:04,007 [D] ┌:F:n:WD_2:wc.c:29	(at logger.py:129) 
2019-03-02 02:03:04,007 [D] └:F:n:WD_2:wc.c:28	(at logger.py:129) 
2019-03-02 02:03:04,041 [D] ┌:C:c:WD_3:wc.c:29	(at logger.py:129) 
2019-03-02 02:03:04,041 [D] |:C:c:WD_3:wc.c:28	(at logger.py:129) 
2019-03-02 02:03:04,041 [D] └:C:c:WD_3:wc.c:27	(at logger.py:129) 
2019-03-02 02:03:04,074 [D] -:C:c:WD_1:wc.c:28	(at logger.py:129) 
2019-03-02 02:03:04,085 [D] subprocess cmd: ['source compile.sh /home/bohrok/Documents/DM/output/orbs/wc/15/work'], stdout: b''	(at ex_script.py:45) 
2019-03-02 02:03:04,086 [D] ┌:F:n:WD_2:wc.c:28	(at logger.py:129) 
2019-03-02 02:03:04,086 [D] └:F:n:WD_2:wc.c:27	(at logger.py:129) 
2019-03-02 02:03:04,086 [D] ┌:C:c:WD_3:wc.c:28	(at logger.py:129) 
2019-03-02 02:03:04,086 [D] |:C:c:WD_3:wc.c:27	(at logger.py:129) 
2019-03-02 02:03:04,086 [D] └:C:c:WD_3:wc.c:21	(at logger.py:129) 
2019-03-02 02:03:04,096 [D] subprocess cmd: ['source compile.sh /home/bohrok/Documents/DM/output/orbs/wc/15/work'], stdout: b''	(at ex_script.py:45) 
2019-03-02 02:03:04,096 [D] -:F:n:WD_1:wc.c:27	(at logger.py:129) 
2019-03-02 02:03:04,108 [D] subprocess cmd: ['source compile.sh /home/bohrok/Documents/DM/output/orbs/wc/15/work'], stdout: b''	(at ex_script.py:45) 
2019-03-02 02:03:04,108 [D] ┌:F:n:WD_2:wc.c:27	(at logger.py:129) 
2019-03-02 02:03:04,108 [D] └:F:n:WD_2:wc.c:21	(at logger.py:129) 
2019-03-02 02:03:04,120 [D] subprocess cmd: ['source compile.sh /home/bohrok/Documents/DM/output/orbs/wc/15/work'], stdout: b''	(at ex_script.py:45) 
2019-03-02 02:03:04,120 [D] ┌:F:n:WD_3:wc.c:27	(at logger.py:129) 
2019-03-02 02:03:04,120 [D] |:F:n:WD_3:wc.c:21	(at logger.py:129) 
2019-03-02 02:03:04,120 [D] └:F:n:WD_3:wc.c:20	(at logger.py:129) 
2019-03-02 02:03:04,120 [D]  : : :pass:wc.c:26	(at logger.py:129) 
2019-03-02 02:03:04,120 [D]  : : :pass:wc.c:25	(at logger.py:129) 
2019-03-02 02:03:04,120 [D]  : : :pass:wc.c:24	(at logger.py:129) 
2019-03-02 02:03:04,120 [D]  : : :pass:wc.c:23	(at logger.py:129) 
2019-03-02 02:03:04,121 [D]  : : :pass:wc.c:22	(at logger.py:129) 
2019-03-02 02:03:04,131 [D] subprocess cmd: ['source compile.sh /home/bohrok/Documents/DM/output/orbs/wc/15/work'], stdout: b''	(at ex_script.py:45) 
2019-03-02 02:03:04,131 [D] -:F:n:WD_1:wc.c:21	(at logger.py:129) 
2019-03-02 02:03:04,143 [D] subprocess cmd: ['source compile.sh /home/bohrok/Documents/DM/output/orbs/wc/15/work'], stdout: b''	(at ex_script.py:45) 
2019-03-02 02:03:04,143 [D] ┌:F:n:WD_2:wc.c:21	(at logger.py:129) 
2019-03-02 02:03:04,144 [D] └:F:n:WD_2:wc.c:20	(at logger.py:129) 
2019-03-02 02:03:04,155 [D] subprocess cmd: ['source compile.sh /home/bohrok/Documents/DM/output/orbs/wc/15/work'], stdout: b''	(at ex_script.py:45) 
2019-03-02 02:03:04,155 [D] ┌:F:n:WD_3:wc.c:21	(at logger.py:129) 
2019-03-02 02:03:04,155 [D] |:F:n:WD_3:wc.c:20	(at logger.py:129) 
2019-03-02 02:03:04,156 [D] └:F:n:WD_3:wc.c:14	(at logger.py:129) 
2019-03-02 02:03:04,156 [D] -:F:n:WD_1:wc.c:20	(at logger.py:129) 
2019-03-02 02:03:04,167 [D] subprocess cmd: ['source compile.sh /home/bohrok/Documents/DM/output/orbs/wc/15/work'], stdout: b''	(at ex_script.py:45) 
2019-03-02 02:03:04,167 [D] ┌:F:n:WD_2:wc.c:20	(at logger.py:129) 
2019-03-02 02:03:04,167 [D] └:F:n:WD_2:wc.c:14	(at logger.py:129) 
2019-03-02 02:03:04,178 [D] subprocess cmd: ['source compile.sh /home/bohrok/Documents/DM/output/orbs/wc/15/work'], stdout: b''	(at ex_script.py:45) 
2019-03-02 02:03:04,178 [D] ┌:F:n:WD_3:wc.c:20	(at logger.py:129) 
2019-03-02 02:03:04,178 [D] |:F:n:WD_3:wc.c:14	(at logger.py:129) 
2019-03-02 02:03:04,178 [D] └:F:n:WD_3:wc.c:13	(at logger.py:129) 
2019-03-02 02:03:04,178 [D]  : : :pass:wc.c:19	(at logger.py:129) 
2019-03-02 02:03:04,178 [D]  : : :pass:wc.c:18	(at logger.py:129) 
2019-03-02 02:03:04,178 [D]  : : :pass:wc.c:17	(at logger.py:129) 
2019-03-02 02:03:04,178 [D]  : : :pass:wc.c:16	(at logger.py:129) 
2019-03-02 02:03:04,178 [D]  : : :pass:wc.c:15	(at logger.py:129) 
2019-03-02 02:03:04,179 [D] -:F:n:WD_1:wc.c:14	(at logger.py:129) 
2019-03-02 02:03:04,179 [D] ┌:F:n:WD_2:wc.c:14	(at logger.py:129) 
2019-03-02 02:03:04,179 [D] └:F:n:WD_2:wc.c:13	(at logger.py:129) 
2019-03-02 02:03:04,179 [D] ┌:F:n:WD_3:wc.c:14	(at logger.py:129) 
2019-03-02 02:03:04,179 [D] |:F:n:WD_3:wc.c:13	(at logger.py:129) 
2019-03-02 02:03:04,179 [D] └:F:n:WD_3:wc.c:9	(at logger.py:129) 
2019-03-02 02:03:04,179 [D] -:C:c:WD_1:wc.c:13	(at logger.py:129) 
2019-03-02 02:03:04,179 [D] ┌:F:n:WD_2:wc.c:13	(at logger.py:129) 
2019-03-02 02:03:04,179 [D] └:F:n:WD_2:wc.c:9	(at logger.py:129) 
2019-03-02 02:03:04,179 [D] ┌:F:n:WD_3:wc.c:13	(at logger.py:129) 
2019-03-02 02:03:04,179 [D] |:F:n:WD_3:wc.c:9	(at logger.py:129) 
2019-03-02 02:03:04,179 [D] └:F:n:WD_3:wc.c:7	(at logger.py:129) 
2019-03-02 02:03:04,179 [D]  : : :pass:wc.c:12	(at logger.py:129) 
2019-03-02 02:03:04,180 [D]  : : :pass:wc.c:11	(at logger.py:129) 
2019-03-02 02:03:04,180 [D]  : : :pass:wc.c:10	(at logger.py:129) 
2019-03-02 02:03:04,180 [D] -:F:n:WD_1:wc.c:9	(at logger.py:129) 
2019-03-02 02:03:04,180 [D] ┌:F:n:WD_2:wc.c:9	(at logger.py:129) 
2019-03-02 02:03:04,180 [D] └:F:n:WD_2:wc.c:7	(at logger.py:129) 
2019-03-02 02:03:04,180 [D] ┌:F:n:WD_3:wc.c:9	(at logger.py:129) 
2019-03-02 02:03:04,180 [D] |:F:n:WD_3:wc.c:7	(at logger.py:129) 
2019-03-02 02:03:04,180 [D] └:F:n:WD_3:wc.c:4	(at logger.py:129) 
2019-03-02 02:03:04,180 [D]  : : :pass:wc.c:8	(at logger.py:129) 
2019-03-02 02:03:04,181 [D] -:F:n:WD_1:wc.c:7	(at logger.py:129) 
2019-03-02 02:03:04,181 [D] ┌:F:n:WD_2:wc.c:7	(at logger.py:129) 
2019-03-02 02:03:04,181 [D] └:F:n:WD_2:wc.c:4	(at logger.py:129) 
2019-03-02 02:03:04,181 [D] ┌:F:n:WD_3:wc.c:7	(at logger.py:129) 
2019-03-02 02:03:04,181 [D] |:F:n:WD_3:wc.c:4	(at logger.py:129) 
2019-03-02 02:03:04,181 [D] └:F:n:WD_3:wc.c:3	(at logger.py:129) 
2019-03-02 02:03:04,181 [D]  : : :pass:wc.c:6	(at logger.py:129) 
2019-03-02 02:03:04,181 [D]  : : :pass:wc.c:5	(at logger.py:129) 
2019-03-02 02:03:04,181 [D] -:F:n:WD_1:wc.c:4	(at logger.py:129) 
2019-03-02 02:03:04,181 [D] ┌:F:n:WD_2:wc.c:4	(at logger.py:129) 
2019-03-02 02:03:04,181 [D] └:F:n:WD_2:wc.c:3	(at logger.py:129) 
2019-03-02 02:03:04,181 [D] ┌:F:n:WD_3:wc.c:4	(at logger.py:129) 
2019-03-02 02:03:04,181 [D] |:F:n:WD_3:wc.c:3	(at logger.py:129) 
2019-03-02 02:03:04,182 [D] └:F:n:WD_3:wc.c:2	(at logger.py:129) 
2019-03-02 02:03:04,182 [D] -:F:n:WD_1:wc.c:3	(at logger.py:129) 
2019-03-02 02:03:04,182 [D] ┌:F:n:WD_2:wc.c:3	(at logger.py:129) 
2019-03-02 02:03:04,182 [D] └:F:n:WD_2:wc.c:2	(at logger.py:129) 
2019-03-02 02:03:04,182 [D] ┌:F:n:WD_3:wc.c:3	(at logger.py:129) 
2019-03-02 02:03:04,182 [D] └:F:n:WD_3:wc.c:2	(at logger.py:129) 
2019-03-02 02:03:04,182 [D] -:F:n:WD_1:wc.c:2	(at logger.py:129) 
2019-03-02 02:03:04,182 [D] -:F:n:WD_2:wc.c:2	(at logger.py:129) 
2019-03-02 02:03:04,182 [D] -:F:n:WD_3:wc.c:2	(at logger.py:129) 
2019-03-02 02:03:04,182 [D]  : : :pass:wc.c:1	(at logger.py:129) 
2019-03-02 02:03:04,182 [D] comp_cached_cnt:25	(at logger.py:134) 
2019-03-02 02:03:04,182 [D] compile_cnt:59	(at logger.py:134) 
2019-03-02 02:03:04,183 [D] execute_cnt:0	(at logger.py:134) 
2019-03-02 02:03:04,183 [D] fail_del_cnt:15	(at logger.py:134) 
2019-03-02 02:03:04,183 [D] iter_idx:3	(at logger.py:134) 
2019-03-02 02:03:04,183 [D] reuse_cnt:15	(at logger.py:134) 
2019-03-02 02:03:04,183 [D] succ_del_cnt:0	(at logger.py:134) 
2019-03-02 02:03:04,183 [D] time:0.9704709053039551	(at logger.py:134) 
2019-03-02 02:03:04,183 [D] deletion:20	(at logger.py:136) 
2019-03-02 02:03:04,183 [I] Iteration 3 finished	(at orbs.py:87) 
2019-03-02 02:03:04,183 [D] total_lines:48	(at logger.py:74) 
2019-03-02 02:03:04,183 [D] iteration_cnt:3	(at logger.py:75) 
2019-03-02 02:03:04,183 [D] comp_cached_cnt:32	(at logger.py:79) 
2019-03-02 02:03:04,183 [D] compile_cnt:252	(at logger.py:79) 
2019-03-02 02:03:04,183 [D] execute_cnt:34	(at logger.py:79) 
2019-03-02 02:03:04,183 [D] fail_del_cnt:45	(at logger.py:79) 
2019-03-02 02:03:04,183 [D] reuse_cnt:29	(at logger.py:79) 
2019-03-02 02:03:04,184 [D] succ_del_cnt:18	(at logger.py:79) 
2019-03-02 02:03:04,184 [D] time:5.193144083023071	(at logger.py:80) 
2019-03-02 02:03:04,184 [D] deletion:20	(at logger.py:82) 
2019-03-02 02:03:04,184 [I] ORBS fin.	(at orbs.py:91) 
2019-03-02 02:03:04,184 [I] ===== END - RUN ==============================================	(at main.py:95) 
2019-03-02 02:03:04,184 [I] 	(at main.py:96) 
