2019-03-02 02:02:45,330 [I] 	(at main.py:29) 
2019-03-02 02:02:45,330 [I] ===== START - RUN ==============================================	(at main.py:32) 
2019-03-02 02:02:45,330 [D] Title: RUN, Job key: RUN_2019-03-02_02:02:45	(at main.py:40) 
2019-03-02 02:02:45,330 [I] Load config file.	(at main.py:56) 
2019-03-02 02:02:45,330 [D] Loading config from ['/home/bohrok/Documents/DM/output/orbs/wc/13/config/config.ini']	(at config.py:16) 
2019-03-02 02:02:45,331 [D] Load config successfully!	(at config.py:19) 
2019-03-02 02:02:45,331 [D] Initialize directory: .	(at workspace.py:10) 
2019-03-02 02:02:45,331 [I] Initialize workspace.	(at main.py:64) 
2019-03-02 02:02:45,331 [I] Working directory path: /home/bohrok/Documents/DM/output/orbs/wc/13/work	(at workspace.py:41) 
2019-03-02 02:02:45,334 [D] Record the config on workspace.	(at workspace.py:62) 
2019-03-02 02:02:45,334 [I] No PRE stage.	(at main.py:73) 
2019-03-02 02:02:45,334 [I] Construct SliceSpace.	(at main.py:76) 
2019-03-02 02:02:45,335 [I] Compile the system.	(at slicespace.py:148) 
2019-03-02 02:02:45,367 [I] Execute the system.	(at slicespace.py:160) 
2019-03-02 02:02:45,379 [I] Compile the system again (sanity check).	(at slicespace.py:174) 
2019-03-02 02:02:45,412 [I] Execute the system again (sanity check).	(at slicespace.py:188) 
2019-03-02 02:02:45,427 [I] Construct deletion operators.	(at main.py:80) 
2019-03-02 02:02:45,427 [I] Run ORBS stage.	(at main.py:85) 
2019-03-02 02:02:45,428 [I] ORBS starts...	(at orbs.py:53) 
2019-03-02 02:02:45,442 [D] subprocess cmd: ['source compile.sh /home/bohrok/Documents/DM/output/orbs/wc/13/work'], stdout: b''	(at ex_script.py:45) 
2019-03-02 02:02:45,442 [D] -:F:n:WD_1:wc.c:48	(at logger.py:129) 
2019-03-02 02:02:45,457 [D] subprocess cmd: ['source compile.sh /home/bohrok/Documents/DM/output/orbs/wc/13/work'], stdout: b''	(at ex_script.py:45) 
2019-03-02 02:02:45,457 [D] ┌:F:n:WD_2:wc.c:48	(at logger.py:129) 
2019-03-02 02:02:45,457 [D] └:F:n:WD_2:wc.c:47	(at logger.py:129) 
2019-03-02 02:02:45,471 [D] subprocess cmd: ['source compile.sh /home/bohrok/Documents/DM/output/orbs/wc/13/work'], stdout: b''	(at ex_script.py:45) 
2019-03-02 02:02:45,471 [D] ┌:F:n:WD_3:wc.c:48	(at logger.py:129) 
2019-03-02 02:02:45,471 [D] |:F:n:WD_3:wc.c:47	(at logger.py:129) 
2019-03-02 02:02:45,471 [D] └:F:n:WD_3:wc.c:46	(at logger.py:129) 
2019-03-02 02:02:45,486 [D] subprocess cmd: ['source compile.sh /home/bohrok/Documents/DM/output/orbs/wc/13/work'], stdout: b''	(at ex_script.py:45) 
2019-03-02 02:02:45,486 [D] -:F:n:WD_1:wc.c:47	(at logger.py:129) 
2019-03-02 02:02:45,500 [D] subprocess cmd: ['source compile.sh /home/bohrok/Documents/DM/output/orbs/wc/13/work'], stdout: b''	(at ex_script.py:45) 
2019-03-02 02:02:45,501 [D] ┌:F:n:WD_2:wc.c:47	(at logger.py:129) 
2019-03-02 02:02:45,501 [D] └:F:n:WD_2:wc.c:46	(at logger.py:129) 
2019-03-02 02:02:45,513 [D] subprocess cmd: ['source compile.sh /home/bohrok/Documents/DM/output/orbs/wc/13/work'], stdout: b''	(at ex_script.py:45) 
2019-03-02 02:02:45,513 [D] ┌:F:n:WD_3:wc.c:47	(at logger.py:129) 
2019-03-02 02:02:45,514 [D] |:F:n:WD_3:wc.c:46	(at logger.py:129) 
2019-03-02 02:02:45,514 [D] └:F:n:WD_3:wc.c:45	(at logger.py:129) 
2019-03-02 02:02:45,564 [D] -:C:n:WD_1:wc.c:46	(at logger.py:129) 
2019-03-02 02:02:45,579 [D] subprocess cmd: ['source compile.sh /home/bohrok/Documents/DM/output/orbs/wc/13/work'], stdout: b''	(at ex_script.py:45) 
2019-03-02 02:02:45,579 [D] ┌:F:n:WD_2:wc.c:46	(at logger.py:129) 
2019-03-02 02:02:45,579 [D] └:F:n:WD_2:wc.c:45	(at logger.py:129) 
2019-03-02 02:02:45,595 [D] subprocess cmd: ['source compile.sh /home/bohrok/Documents/DM/output/orbs/wc/13/work'], stdout: b''	(at ex_script.py:45) 
2019-03-02 02:02:45,596 [D] ┌:F:n:WD_3:wc.c:46	(at logger.py:129) 
2019-03-02 02:02:45,596 [D] |:F:n:WD_3:wc.c:45	(at logger.py:129) 
2019-03-02 02:02:45,596 [D] └:F:n:WD_3:wc.c:44	(at logger.py:129) 
2019-03-02 02:02:45,611 [D] subprocess cmd: ['source compile.sh /home/bohrok/Documents/DM/output/orbs/wc/13/work'], stdout: b''	(at ex_script.py:45) 
2019-03-02 02:02:45,612 [D] -:F:n:WD_1:wc.c:45	(at logger.py:129) 
2019-03-02 02:02:45,627 [D] subprocess cmd: ['source compile.sh /home/bohrok/Documents/DM/output/orbs/wc/13/work'], stdout: b''	(at ex_script.py:45) 
2019-03-02 02:02:45,628 [D] ┌:F:n:WD_2:wc.c:45	(at logger.py:129) 
2019-03-02 02:02:45,628 [D] └:F:n:WD_2:wc.c:44	(at logger.py:129) 
2019-03-02 02:02:45,662 [D] ┌:C:c:WD_3:wc.c:45	(at logger.py:129) 
2019-03-02 02:02:45,663 [D] |:C:c:WD_3:wc.c:44	(at logger.py:129) 
2019-03-02 02:02:45,663 [D] └:C:c:WD_3:wc.c:43	(at logger.py:129) 
2019-03-02 02:02:45,699 [D] -:P:c:WD_1:wc.c:44	(at logger.py:129) 
2019-03-02 02:02:45,712 [D] subprocess cmd: ['source compile.sh /home/bohrok/Documents/DM/output/orbs/wc/13/work'], stdout: b''	(at ex_script.py:45) 
2019-03-02 02:02:45,713 [D] -:F:n:WD_1:wc.c:43	(at logger.py:129) 
2019-03-02 02:02:45,727 [D] subprocess cmd: ['source compile.sh /home/bohrok/Documents/DM/output/orbs/wc/13/work'], stdout: b''	(at ex_script.py:45) 
2019-03-02 02:02:45,727 [D] ┌:F:n:WD_2:wc.c:43	(at logger.py:129) 
2019-03-02 02:02:45,727 [D] └:F:n:WD_2:wc.c:42	(at logger.py:129) 
2019-03-02 02:02:45,776 [D] ┌:C:n:WD_3:wc.c:43	(at logger.py:129) 
2019-03-02 02:02:45,776 [D] |:C:n:WD_3:wc.c:42	(at logger.py:129) 
2019-03-02 02:02:45,776 [D] └:C:n:WD_3:wc.c:41	(at logger.py:129) 
2019-03-02 02:02:45,823 [D] subprocess cmd: ['source execute.sh /home/bohrok/Documents/DM/output/orbs/wc/13/work'], stdout: b''	(at ex_script.py:45) 
2019-03-02 02:02:45,824 [D] -:C:n:WD_1:wc.c:42	(at logger.py:129) 
2019-03-02 02:02:45,838 [D] subprocess cmd: ['source compile.sh /home/bohrok/Documents/DM/output/orbs/wc/13/work'], stdout: b''	(at ex_script.py:45) 
2019-03-02 02:02:45,838 [D] ┌:F:n:WD_2:wc.c:42	(at logger.py:129) 
2019-03-02 02:02:45,838 [D] └:F:n:WD_2:wc.c:41	(at logger.py:129) 
2019-03-02 02:02:45,852 [D] subprocess cmd: ['source compile.sh /home/bohrok/Documents/DM/output/orbs/wc/13/work'], stdout: b''	(at ex_script.py:45) 
2019-03-02 02:02:45,852 [D] ┌:F:n:WD_3:wc.c:42	(at logger.py:129) 
2019-03-02 02:02:45,852 [D] |:F:n:WD_3:wc.c:41	(at logger.py:129) 
2019-03-02 02:02:45,852 [D] └:F:n:WD_3:wc.c:40	(at logger.py:129) 
2019-03-02 02:02:45,866 [D] subprocess cmd: ['source compile.sh /home/bohrok/Documents/DM/output/orbs/wc/13/work'], stdout: b''	(at ex_script.py:45) 
2019-03-02 02:02:45,867 [D] -:F:n:WD_1:wc.c:41	(at logger.py:129) 
2019-03-02 02:02:45,880 [D] subprocess cmd: ['source compile.sh /home/bohrok/Documents/DM/output/orbs/wc/13/work'], stdout: b''	(at ex_script.py:45) 
2019-03-02 02:02:45,880 [D] ┌:F:n:WD_2:wc.c:41	(at logger.py:129) 
2019-03-02 02:02:45,880 [D] └:F:n:WD_2:wc.c:40	(at logger.py:129) 
2019-03-02 02:02:45,894 [D] subprocess cmd: ['source compile.sh /home/bohrok/Documents/DM/output/orbs/wc/13/work'], stdout: b''	(at ex_script.py:45) 
2019-03-02 02:02:45,894 [D] ┌:F:n:WD_3:wc.c:41	(at logger.py:129) 
2019-03-02 02:02:45,894 [D] |:F:n:WD_3:wc.c:40	(at logger.py:129) 
2019-03-02 02:02:45,894 [D] └:F:n:WD_3:wc.c:39	(at logger.py:129) 
2019-03-02 02:02:45,908 [D] subprocess cmd: ['source compile.sh /home/bohrok/Documents/DM/output/orbs/wc/13/work'], stdout: b''	(at ex_script.py:45) 
2019-03-02 02:02:45,908 [D] -:F:n:WD_1:wc.c:40	(at logger.py:129) 
2019-03-02 02:02:46,007 [D] ┌:C:n:WD_2:wc.c:40	(at logger.py:129) 
2019-03-02 02:02:46,007 [D] └:C:n:WD_2:wc.c:39	(at logger.py:129) 
2019-03-02 02:02:46,057 [D] ┌:C:n:WD_3:wc.c:40	(at logger.py:129) 
2019-03-02 02:02:46,057 [D] |:C:n:WD_3:wc.c:39	(at logger.py:129) 
2019-03-02 02:02:46,057 [D] └:C:n:WD_3:wc.c:38	(at logger.py:129) 
2019-03-02 02:02:46,072 [D] subprocess cmd: ['source compile.sh /home/bohrok/Documents/DM/output/orbs/wc/13/work'], stdout: b''	(at ex_script.py:45) 
2019-03-02 02:02:46,072 [D] -:F:n:WD_1:wc.c:39	(at logger.py:129) 
2019-03-02 02:02:46,085 [D] subprocess cmd: ['source compile.sh /home/bohrok/Documents/DM/output/orbs/wc/13/work'], stdout: b''	(at ex_script.py:45) 
2019-03-02 02:02:46,085 [D] ┌:F:n:WD_2:wc.c:39	(at logger.py:129) 
2019-03-02 02:02:46,086 [D] └:F:n:WD_2:wc.c:38	(at logger.py:129) 
2019-03-02 02:02:46,099 [D] subprocess cmd: ['source compile.sh /home/bohrok/Documents/DM/output/orbs/wc/13/work'], stdout: b''	(at ex_script.py:45) 
2019-03-02 02:02:46,099 [D] ┌:F:n:WD_3:wc.c:39	(at logger.py:129) 
2019-03-02 02:02:46,099 [D] |:F:n:WD_3:wc.c:38	(at logger.py:129) 
2019-03-02 02:02:46,099 [D] └:F:n:WD_3:wc.c:37	(at logger.py:129) 
2019-03-02 02:02:46,147 [D] -:P:n:WD_1:wc.c:38	(at logger.py:129) 
2019-03-02 02:02:46,161 [D] subprocess cmd: ['source compile.sh /home/bohrok/Documents/DM/output/orbs/wc/13/work'], stdout: b''	(at ex_script.py:45) 
2019-03-02 02:02:46,162 [D] -:F:n:WD_1:wc.c:37	(at logger.py:129) 
2019-03-02 02:02:46,175 [D] subprocess cmd: ['source compile.sh /home/bohrok/Documents/DM/output/orbs/wc/13/work'], stdout: b''	(at ex_script.py:45) 
2019-03-02 02:02:46,176 [D] ┌:F:n:WD_2:wc.c:37	(at logger.py:129) 
2019-03-02 02:02:46,176 [D] └:F:n:WD_2:wc.c:36	(at logger.py:129) 
2019-03-02 02:02:46,207 [D] subprocess cmd: ['source compile.sh /home/bohrok/Documents/DM/output/orbs/wc/13/work'], stdout: b''	(at ex_script.py:45) 
2019-03-02 02:02:46,207 [D] ┌:F:n:WD_3:wc.c:37	(at logger.py:129) 
2019-03-02 02:02:46,208 [D] |:F:n:WD_3:wc.c:36	(at logger.py:129) 
2019-03-02 02:02:46,208 [D] └:F:n:WD_3:wc.c:35	(at logger.py:129) 
2019-03-02 02:02:46,221 [D] subprocess cmd: ['source compile.sh /home/bohrok/Documents/DM/output/orbs/wc/13/work'], stdout: b''	(at ex_script.py:45) 
2019-03-02 02:02:46,221 [D] -:F:n:WD_1:wc.c:36	(at logger.py:129) 
2019-03-02 02:02:46,234 [D] subprocess cmd: ['source compile.sh /home/bohrok/Documents/DM/output/orbs/wc/13/work'], stdout: b''	(at ex_script.py:45) 
2019-03-02 02:02:46,234 [D] ┌:F:n:WD_2:wc.c:36	(at logger.py:129) 
2019-03-02 02:02:46,234 [D] └:F:n:WD_2:wc.c:35	(at logger.py:129) 
2019-03-02 02:02:46,247 [D] subprocess cmd: ['source compile.sh /home/bohrok/Documents/DM/output/orbs/wc/13/work'], stdout: b''	(at ex_script.py:45) 
2019-03-02 02:02:46,247 [D] ┌:F:n:WD_3:wc.c:36	(at logger.py:129) 
2019-03-02 02:02:46,248 [D] |:F:n:WD_3:wc.c:35	(at logger.py:129) 
2019-03-02 02:02:46,248 [D] └:F:n:WD_3:wc.c:34	(at logger.py:129) 
2019-03-02 02:02:46,263 [D] subprocess cmd: ['source compile.sh /home/bohrok/Documents/DM/output/orbs/wc/13/work'], stdout: b''	(at ex_script.py:45) 
2019-03-02 02:02:46,263 [D] -:F:n:WD_1:wc.c:35	(at logger.py:129) 
2019-03-02 02:02:46,278 [D] subprocess cmd: ['source compile.sh /home/bohrok/Documents/DM/output/orbs/wc/13/work'], stdout: b''	(at ex_script.py:45) 
2019-03-02 02:02:46,278 [D] ┌:F:n:WD_2:wc.c:35	(at logger.py:129) 
2019-03-02 02:02:46,278 [D] └:F:n:WD_2:wc.c:34	(at logger.py:129) 
2019-03-02 02:02:46,292 [D] subprocess cmd: ['source compile.sh /home/bohrok/Documents/DM/output/orbs/wc/13/work'], stdout: b''	(at ex_script.py:45) 
2019-03-02 02:02:46,292 [D] ┌:F:n:WD_3:wc.c:35	(at logger.py:129) 
2019-03-02 02:02:46,292 [D] |:F:n:WD_3:wc.c:34	(at logger.py:129) 
2019-03-02 02:02:46,292 [D] └:F:n:WD_3:wc.c:33	(at logger.py:129) 
2019-03-02 02:02:46,305 [D] subprocess cmd: ['source compile.sh /home/bohrok/Documents/DM/output/orbs/wc/13/work'], stdout: b''	(at ex_script.py:45) 
2019-03-02 02:02:46,305 [D] -:F:n:WD_1:wc.c:34	(at logger.py:129) 
2019-03-02 02:02:46,319 [D] subprocess cmd: ['source compile.sh /home/bohrok/Documents/DM/output/orbs/wc/13/work'], stdout: b''	(at ex_script.py:45) 
2019-03-02 02:02:46,319 [D] ┌:F:n:WD_2:wc.c:34	(at logger.py:129) 
2019-03-02 02:02:46,319 [D] └:F:n:WD_2:wc.c:33	(at logger.py:129) 
2019-03-02 02:02:46,332 [D] subprocess cmd: ['source compile.sh /home/bohrok/Documents/DM/output/orbs/wc/13/work'], stdout: b''	(at ex_script.py:45) 
2019-03-02 02:02:46,332 [D] ┌:F:n:WD_3:wc.c:34	(at logger.py:129) 
2019-03-02 02:02:46,332 [D] |:F:n:WD_3:wc.c:33	(at logger.py:129) 
2019-03-02 02:02:46,332 [D] └:F:n:WD_3:wc.c:32	(at logger.py:129) 
2019-03-02 02:02:46,347 [D] subprocess cmd: ['source compile.sh /home/bohrok/Documents/DM/output/orbs/wc/13/work'], stdout: b''	(at ex_script.py:45) 
2019-03-02 02:02:46,347 [D] -:F:n:WD_1:wc.c:33	(at logger.py:129) 
2019-03-02 02:02:46,362 [D] subprocess cmd: ['source compile.sh /home/bohrok/Documents/DM/output/orbs/wc/13/work'], stdout: b''	(at ex_script.py:45) 
2019-03-02 02:02:46,362 [D] ┌:F:n:WD_2:wc.c:33	(at logger.py:129) 
2019-03-02 02:02:46,362 [D] └:F:n:WD_2:wc.c:32	(at logger.py:129) 
2019-03-02 02:02:46,375 [D] subprocess cmd: ['source compile.sh /home/bohrok/Documents/DM/output/orbs/wc/13/work'], stdout: b''	(at ex_script.py:45) 
2019-03-02 02:02:46,376 [D] ┌:F:n:WD_3:wc.c:33	(at logger.py:129) 
2019-03-02 02:02:46,376 [D] |:F:n:WD_3:wc.c:32	(at logger.py:129) 
2019-03-02 02:02:46,376 [D] └:F:n:WD_3:wc.c:31	(at logger.py:129) 
2019-03-02 02:02:46,420 [D] -:C:n:WD_1:wc.c:32	(at logger.py:129) 
2019-03-02 02:02:46,431 [D] subprocess cmd: ['source compile.sh /home/bohrok/Documents/DM/output/orbs/wc/13/work'], stdout: b''	(at ex_script.py:45) 
2019-03-02 02:02:46,432 [D] ┌:F:n:WD_2:wc.c:32	(at logger.py:129) 
2019-03-02 02:02:46,432 [D] └:F:n:WD_2:wc.c:31	(at logger.py:129) 
2019-03-02 02:02:46,446 [D] subprocess cmd: ['source compile.sh /home/bohrok/Documents/DM/output/orbs/wc/13/work'], stdout: b''	(at ex_script.py:45) 
2019-03-02 02:02:46,446 [D] ┌:F:n:WD_3:wc.c:32	(at logger.py:129) 
2019-03-02 02:02:46,446 [D] |:F:n:WD_3:wc.c:31	(at logger.py:129) 
2019-03-02 02:02:46,446 [D] └:F:n:WD_3:wc.c:30	(at logger.py:129) 
2019-03-02 02:02:46,462 [D] subprocess cmd: ['source compile.sh /home/bohrok/Documents/DM/output/orbs/wc/13/work'], stdout: b''	(at ex_script.py:45) 
2019-03-02 02:02:46,462 [D] -:F:n:WD_1:wc.c:31	(at logger.py:129) 
2019-03-02 02:02:46,476 [D] subprocess cmd: ['source compile.sh /home/bohrok/Documents/DM/output/orbs/wc/13/work'], stdout: b''	(at ex_script.py:45) 
2019-03-02 02:02:46,476 [D] ┌:F:n:WD_2:wc.c:31	(at logger.py:129) 
2019-03-02 02:02:46,476 [D] └:F:n:WD_2:wc.c:30	(at logger.py:129) 
2019-03-02 02:02:46,523 [D] ┌:C:n:WD_3:wc.c:31	(at logger.py:129) 
2019-03-02 02:02:46,523 [D] |:C:n:WD_3:wc.c:30	(at logger.py:129) 
2019-03-02 02:02:46,523 [D] └:C:n:WD_3:wc.c:29	(at logger.py:129) 
2019-03-02 02:02:46,568 [D] -:C:n:WD_1:wc.c:30	(at logger.py:129) 
2019-03-02 02:02:46,580 [D] subprocess cmd: ['source compile.sh /home/bohrok/Documents/DM/output/orbs/wc/13/work'], stdout: b''	(at ex_script.py:45) 
2019-03-02 02:02:46,580 [D] ┌:F:n:WD_2:wc.c:30	(at logger.py:129) 
2019-03-02 02:02:46,581 [D] └:F:n:WD_2:wc.c:29	(at logger.py:129) 
2019-03-02 02:02:46,595 [D] subprocess cmd: ['source compile.sh /home/bohrok/Documents/DM/output/orbs/wc/13/work'], stdout: b''	(at ex_script.py:45) 
2019-03-02 02:02:46,595 [D] ┌:F:n:WD_3:wc.c:30	(at logger.py:129) 
2019-03-02 02:02:46,595 [D] |:F:n:WD_3:wc.c:29	(at logger.py:129) 
2019-03-02 02:02:46,595 [D] └:F:n:WD_3:wc.c:28	(at logger.py:129) 
2019-03-02 02:02:46,609 [D] subprocess cmd: ['source compile.sh /home/bohrok/Documents/DM/output/orbs/wc/13/work'], stdout: b''	(at ex_script.py:45) 
2019-03-02 02:02:46,609 [D] -:F:n:WD_1:wc.c:29	(at logger.py:129) 
2019-03-02 02:02:46,623 [D] subprocess cmd: ['source compile.sh /home/bohrok/Documents/DM/output/orbs/wc/13/work'], stdout: b''	(at ex_script.py:45) 
2019-03-02 02:02:46,623 [D] ┌:F:n:WD_2:wc.c:29	(at logger.py:129) 
2019-03-02 02:02:46,623 [D] └:F:n:WD_2:wc.c:28	(at logger.py:129) 
2019-03-02 02:02:46,636 [D] subprocess cmd: ['source compile.sh /home/bohrok/Documents/DM/output/orbs/wc/13/work'], stdout: b''	(at ex_script.py:45) 
2019-03-02 02:02:46,636 [D] ┌:F:n:WD_3:wc.c:29	(at logger.py:129) 
2019-03-02 02:02:46,636 [D] |:F:n:WD_3:wc.c:28	(at logger.py:129) 
2019-03-02 02:02:46,636 [D] └:F:n:WD_3:wc.c:27	(at logger.py:129) 
2019-03-02 02:02:46,651 [D] subprocess cmd: ['source compile.sh /home/bohrok/Documents/DM/output/orbs/wc/13/work'], stdout: b''	(at ex_script.py:45) 
2019-03-02 02:02:46,652 [D] -:F:n:WD_1:wc.c:28	(at logger.py:129) 
2019-03-02 02:02:46,667 [D] subprocess cmd: ['source compile.sh /home/bohrok/Documents/DM/output/orbs/wc/13/work'], stdout: b''	(at ex_script.py:45) 
2019-03-02 02:02:46,668 [D] ┌:F:n:WD_2:wc.c:28	(at logger.py:129) 
2019-03-02 02:02:46,668 [D] └:F:n:WD_2:wc.c:27	(at logger.py:129) 
2019-03-02 02:02:46,682 [D] subprocess cmd: ['source compile.sh /home/bohrok/Documents/DM/output/orbs/wc/13/work'], stdout: b''	(at ex_script.py:45) 
2019-03-02 02:02:46,682 [D] ┌:F:n:WD_3:wc.c:28	(at logger.py:129) 
2019-03-02 02:02:46,682 [D] |:F:n:WD_3:wc.c:27	(at logger.py:129) 
2019-03-02 02:02:46,682 [D] └:F:n:WD_3:wc.c:26	(at logger.py:129) 
2019-03-02 02:02:46,730 [D] -:C:n:WD_1:wc.c:27	(at logger.py:129) 
2019-03-02 02:02:46,769 [D] ┌:C:c:WD_2:wc.c:27	(at logger.py:129) 
2019-03-02 02:02:46,769 [D] └:C:c:WD_2:wc.c:26	(at logger.py:129) 
2019-03-02 02:02:46,814 [D] subprocess cmd: ['source execute.sh /home/bohrok/Documents/DM/output/orbs/wc/13/work'], stdout: b''	(at ex_script.py:45) 
2019-03-02 02:02:46,814 [D] ┌:C:n:WD_3:wc.c:27	(at logger.py:129) 
2019-03-02 02:02:46,814 [D] |:C:n:WD_3:wc.c:26	(at logger.py:129) 
2019-03-02 02:02:46,814 [D] └:C:n:WD_3:wc.c:25	(at logger.py:129) 
2019-03-02 02:02:46,853 [D] -:P:c:WD_1:wc.c:26	(at logger.py:129) 
2019-03-02 02:02:46,904 [D] subprocess cmd: ['source execute.sh /home/bohrok/Documents/DM/output/orbs/wc/13/work'], stdout: b''	(at ex_script.py:45) 
2019-03-02 02:02:46,904 [D] -:C:n:WD_1:wc.c:25	(at logger.py:129) 
2019-03-02 02:02:46,954 [D] subprocess cmd: ['source execute.sh /home/bohrok/Documents/DM/output/orbs/wc/13/work'], stdout: b''	(at ex_script.py:45) 
2019-03-02 02:02:46,955 [D] ┌:C:n:WD_2:wc.c:25	(at logger.py:129) 
2019-03-02 02:02:46,955 [D] └:C:n:WD_2:wc.c:24	(at logger.py:129) 
2019-03-02 02:02:46,969 [D] subprocess cmd: ['source compile.sh /home/bohrok/Documents/DM/output/orbs/wc/13/work'], stdout: b''	(at ex_script.py:45) 
2019-03-02 02:02:46,969 [D] ┌:F:n:WD_3:wc.c:25	(at logger.py:129) 
2019-03-02 02:02:46,969 [D] |:F:n:WD_3:wc.c:24	(at logger.py:129) 
2019-03-02 02:02:46,969 [D] └:F:n:WD_3:wc.c:23	(at logger.py:129) 
2019-03-02 02:02:47,018 [D] -:C:n:WD_1:wc.c:24	(at logger.py:129) 
2019-03-02 02:02:47,031 [D] subprocess cmd: ['source compile.sh /home/bohrok/Documents/DM/output/orbs/wc/13/work'], stdout: b''	(at ex_script.py:45) 
2019-03-02 02:02:47,032 [D] ┌:F:n:WD_2:wc.c:24	(at logger.py:129) 
2019-03-02 02:02:47,032 [D] └:F:n:WD_2:wc.c:23	(at logger.py:129) 
2019-03-02 02:02:47,047 [D] subprocess cmd: ['source compile.sh /home/bohrok/Documents/DM/output/orbs/wc/13/work'], stdout: b''	(at ex_script.py:45) 
2019-03-02 02:02:47,048 [D] ┌:F:n:WD_3:wc.c:24	(at logger.py:129) 
2019-03-02 02:02:47,048 [D] |:F:n:WD_3:wc.c:23	(at logger.py:129) 
2019-03-02 02:02:47,048 [D] └:F:n:WD_3:wc.c:22	(at logger.py:129) 
2019-03-02 02:02:47,064 [D] subprocess cmd: ['source compile.sh /home/bohrok/Documents/DM/output/orbs/wc/13/work'], stdout: b''	(at ex_script.py:45) 
2019-03-02 02:02:47,064 [D] -:F:n:WD_1:wc.c:23	(at logger.py:129) 
2019-03-02 02:02:47,079 [D] subprocess cmd: ['source compile.sh /home/bohrok/Documents/DM/output/orbs/wc/13/work'], stdout: b''	(at ex_script.py:45) 
2019-03-02 02:02:47,079 [D] ┌:F:n:WD_2:wc.c:23	(at logger.py:129) 
2019-03-02 02:02:47,079 [D] └:F:n:WD_2:wc.c:22	(at logger.py:129) 
2019-03-02 02:02:47,095 [D] subprocess cmd: ['source compile.sh /home/bohrok/Documents/DM/output/orbs/wc/13/work'], stdout: b''	(at ex_script.py:45) 
2019-03-02 02:02:47,095 [D] ┌:F:n:WD_3:wc.c:23	(at logger.py:129) 
2019-03-02 02:02:47,095 [D] |:F:n:WD_3:wc.c:22	(at logger.py:129) 
2019-03-02 02:02:47,095 [D] └:F:n:WD_3:wc.c:21	(at logger.py:129) 
2019-03-02 02:02:47,143 [D] -:C:n:WD_1:wc.c:22	(at logger.py:129) 
2019-03-02 02:02:47,156 [D] subprocess cmd: ['source compile.sh /home/bohrok/Documents/DM/output/orbs/wc/13/work'], stdout: b''	(at ex_script.py:45) 
2019-03-02 02:02:47,157 [D] ┌:F:n:WD_2:wc.c:22	(at logger.py:129) 
2019-03-02 02:02:47,157 [D] └:F:n:WD_2:wc.c:21	(at logger.py:129) 
2019-03-02 02:02:47,170 [D] subprocess cmd: ['source compile.sh /home/bohrok/Documents/DM/output/orbs/wc/13/work'], stdout: b''	(at ex_script.py:45) 
2019-03-02 02:02:47,170 [D] ┌:F:n:WD_3:wc.c:22	(at logger.py:129) 
2019-03-02 02:02:47,170 [D] |:F:n:WD_3:wc.c:21	(at logger.py:129) 
2019-03-02 02:02:47,170 [D] └:F:n:WD_3:wc.c:20	(at logger.py:129) 
2019-03-02 02:02:47,183 [D] subprocess cmd: ['source compile.sh /home/bohrok/Documents/DM/output/orbs/wc/13/work'], stdout: b''	(at ex_script.py:45) 
2019-03-02 02:02:47,183 [D] -:F:n:WD_1:wc.c:21	(at logger.py:129) 
2019-03-02 02:02:47,197 [D] subprocess cmd: ['source compile.sh /home/bohrok/Documents/DM/output/orbs/wc/13/work'], stdout: b''	(at ex_script.py:45) 
2019-03-02 02:02:47,197 [D] ┌:F:n:WD_2:wc.c:21	(at logger.py:129) 
2019-03-02 02:02:47,198 [D] └:F:n:WD_2:wc.c:20	(at logger.py:129) 
2019-03-02 02:02:47,252 [D] ┌:C:n:WD_3:wc.c:21	(at logger.py:129) 
2019-03-02 02:02:47,252 [D] |:C:n:WD_3:wc.c:20	(at logger.py:129) 
2019-03-02 02:02:47,252 [D] └:C:n:WD_3:wc.c:19	(at logger.py:129) 
2019-03-02 02:02:47,267 [D] subprocess cmd: ['source compile.sh /home/bohrok/Documents/DM/output/orbs/wc/13/work'], stdout: b''	(at ex_script.py:45) 
2019-03-02 02:02:47,267 [D] -:F:n:WD_1:wc.c:20	(at logger.py:129) 
2019-03-02 02:02:47,281 [D] subprocess cmd: ['source compile.sh /home/bohrok/Documents/DM/output/orbs/wc/13/work'], stdout: b''	(at ex_script.py:45) 
2019-03-02 02:02:47,282 [D] ┌:F:n:WD_2:wc.c:20	(at logger.py:129) 
2019-03-02 02:02:47,282 [D] └:F:n:WD_2:wc.c:19	(at logger.py:129) 
2019-03-02 02:02:47,296 [D] subprocess cmd: ['source compile.sh /home/bohrok/Documents/DM/output/orbs/wc/13/work'], stdout: b''	(at ex_script.py:45) 
2019-03-02 02:02:47,296 [D] ┌:F:n:WD_3:wc.c:20	(at logger.py:129) 
2019-03-02 02:02:47,296 [D] |:F:n:WD_3:wc.c:19	(at logger.py:129) 
2019-03-02 02:02:47,296 [D] └:F:n:WD_3:wc.c:18	(at logger.py:129) 
2019-03-02 02:02:47,311 [D] subprocess cmd: ['source compile.sh /home/bohrok/Documents/DM/output/orbs/wc/13/work'], stdout: b''	(at ex_script.py:45) 
2019-03-02 02:02:47,311 [D] -:F:n:WD_1:wc.c:19	(at logger.py:129) 
2019-03-02 02:02:47,324 [D] subprocess cmd: ['source compile.sh /home/bohrok/Documents/DM/output/orbs/wc/13/work'], stdout: b''	(at ex_script.py:45) 
2019-03-02 02:02:47,324 [D] ┌:F:n:WD_2:wc.c:19	(at logger.py:129) 
2019-03-02 02:02:47,324 [D] └:F:n:WD_2:wc.c:18	(at logger.py:129) 
2019-03-02 02:02:47,371 [D] subprocess cmd: ['source execute.sh /home/bohrok/Documents/DM/output/orbs/wc/13/work'], stdout: b''	(at ex_script.py:45) 
2019-03-02 02:02:47,372 [D] ┌:C:n:WD_3:wc.c:19	(at logger.py:129) 
2019-03-02 02:02:47,372 [D] |:C:n:WD_3:wc.c:18	(at logger.py:129) 
2019-03-02 02:02:47,372 [D] └:C:n:WD_3:wc.c:17	(at logger.py:129) 
2019-03-02 02:02:47,414 [D] -:P:n:WD_1:wc.c:18	(at logger.py:129) 
2019-03-02 02:02:47,429 [D] subprocess cmd: ['source compile.sh /home/bohrok/Documents/DM/output/orbs/wc/13/work'], stdout: b''	(at ex_script.py:45) 
2019-03-02 02:02:47,429 [D] -:F:n:WD_1:wc.c:17	(at logger.py:129) 
2019-03-02 02:02:47,443 [D] subprocess cmd: ['source compile.sh /home/bohrok/Documents/DM/output/orbs/wc/13/work'], stdout: b''	(at ex_script.py:45) 
2019-03-02 02:02:47,443 [D] ┌:F:n:WD_2:wc.c:17	(at logger.py:129) 
2019-03-02 02:02:47,443 [D] └:F:n:WD_2:wc.c:16	(at logger.py:129) 
2019-03-02 02:02:47,457 [D] subprocess cmd: ['source compile.sh /home/bohrok/Documents/DM/output/orbs/wc/13/work'], stdout: b''	(at ex_script.py:45) 
2019-03-02 02:02:47,457 [D] ┌:F:n:WD_3:wc.c:17	(at logger.py:129) 
2019-03-02 02:02:47,457 [D] |:F:n:WD_3:wc.c:16	(at logger.py:129) 
2019-03-02 02:02:47,457 [D] └:F:n:WD_3:wc.c:15	(at logger.py:129) 
2019-03-02 02:02:47,496 [D] -:P:c:WD_1:wc.c:16	(at logger.py:129) 
2019-03-02 02:02:47,545 [D] -:P:n:WD_1:wc.c:15	(at logger.py:129) 
2019-03-02 02:02:47,558 [D] subprocess cmd: ['source compile.sh /home/bohrok/Documents/DM/output/orbs/wc/13/work'], stdout: b''	(at ex_script.py:45) 
2019-03-02 02:02:47,559 [D] -:F:n:WD_1:wc.c:14	(at logger.py:129) 
2019-03-02 02:02:47,572 [D] subprocess cmd: ['source compile.sh /home/bohrok/Documents/DM/output/orbs/wc/13/work'], stdout: b''	(at ex_script.py:45) 
2019-03-02 02:02:47,572 [D] ┌:F:n:WD_2:wc.c:14	(at logger.py:129) 
2019-03-02 02:02:47,572 [D] └:F:n:WD_2:wc.c:13	(at logger.py:129) 
2019-03-02 02:02:47,585 [D] subprocess cmd: ['source compile.sh /home/bohrok/Documents/DM/output/orbs/wc/13/work'], stdout: b''	(at ex_script.py:45) 
2019-03-02 02:02:47,586 [D] ┌:F:n:WD_3:wc.c:14	(at logger.py:129) 
2019-03-02 02:02:47,586 [D] |:F:n:WD_3:wc.c:13	(at logger.py:129) 
2019-03-02 02:02:47,586 [D] └:F:n:WD_3:wc.c:12	(at logger.py:129) 
2019-03-02 02:02:47,631 [D] -:C:n:WD_1:wc.c:13	(at logger.py:129) 
2019-03-02 02:02:47,679 [D] ┌:C:n:WD_2:wc.c:13	(at logger.py:129) 
2019-03-02 02:02:47,679 [D] └:C:n:WD_2:wc.c:12	(at logger.py:129) 
2019-03-02 02:02:47,723 [D] subprocess cmd: ['source execute.sh /home/bohrok/Documents/DM/output/orbs/wc/13/work'], stdout: b''	(at ex_script.py:45) 
2019-03-02 02:02:47,724 [D] ┌:C:n:WD_3:wc.c:13	(at logger.py:129) 
2019-03-02 02:02:47,724 [D] |:C:n:WD_3:wc.c:12	(at logger.py:129) 
2019-03-02 02:02:47,724 [D] └:C:n:WD_3:wc.c:11	(at logger.py:129) 
2019-03-02 02:02:47,769 [D] -:C:n:WD_1:wc.c:12	(at logger.py:129) 
2019-03-02 02:02:47,815 [D] ┌:C:n:WD_2:wc.c:12	(at logger.py:129) 
2019-03-02 02:02:47,815 [D] └:C:n:WD_2:wc.c:11	(at logger.py:129) 
2019-03-02 02:02:47,865 [D] ┌:C:n:WD_3:wc.c:12	(at logger.py:129) 
2019-03-02 02:02:47,865 [D] |:C:n:WD_3:wc.c:11	(at logger.py:129) 
2019-03-02 02:02:47,865 [D] └:C:n:WD_3:wc.c:10	(at logger.py:129) 
2019-03-02 02:02:47,913 [D] -:P:n:WD_1:wc.c:11	(at logger.py:129) 
2019-03-02 02:02:47,959 [D] -:C:n:WD_1:wc.c:10	(at logger.py:129) 
2019-03-02 02:02:47,972 [D] subprocess cmd: ['source compile.sh /home/bohrok/Documents/DM/output/orbs/wc/13/work'], stdout: b''	(at ex_script.py:45) 
2019-03-02 02:02:47,972 [D] ┌:F:n:WD_2:wc.c:10	(at logger.py:129) 
2019-03-02 02:02:47,972 [D] └:F:n:WD_2:wc.c:9	(at logger.py:129) 
2019-03-02 02:02:47,984 [D] subprocess cmd: ['source compile.sh /home/bohrok/Documents/DM/output/orbs/wc/13/work'], stdout: b''	(at ex_script.py:45) 
2019-03-02 02:02:47,985 [D] ┌:F:n:WD_3:wc.c:10	(at logger.py:129) 
2019-03-02 02:02:47,985 [D] |:F:n:WD_3:wc.c:9	(at logger.py:129) 
2019-03-02 02:02:47,985 [D] └:F:n:WD_3:wc.c:8	(at logger.py:129) 
2019-03-02 02:02:47,999 [D] subprocess cmd: ['source compile.sh /home/bohrok/Documents/DM/output/orbs/wc/13/work'], stdout: b''	(at ex_script.py:45) 
2019-03-02 02:02:47,999 [D] -:F:n:WD_1:wc.c:9	(at logger.py:129) 
2019-03-02 02:02:48,015 [D] subprocess cmd: ['source compile.sh /home/bohrok/Documents/DM/output/orbs/wc/13/work'], stdout: b''	(at ex_script.py:45) 
2019-03-02 02:02:48,015 [D] ┌:F:n:WD_2:wc.c:9	(at logger.py:129) 
2019-03-02 02:02:48,015 [D] └:F:n:WD_2:wc.c:8	(at logger.py:129) 
2019-03-02 02:02:48,029 [D] subprocess cmd: ['source compile.sh /home/bohrok/Documents/DM/output/orbs/wc/13/work'], stdout: b''	(at ex_script.py:45) 
2019-03-02 02:02:48,029 [D] ┌:F:n:WD_3:wc.c:9	(at logger.py:129) 
2019-03-02 02:02:48,029 [D] |:F:n:WD_3:wc.c:8	(at logger.py:129) 
2019-03-02 02:02:48,030 [D] └:F:n:WD_3:wc.c:7	(at logger.py:129) 
2019-03-02 02:02:48,043 [D] subprocess cmd: ['source compile.sh /home/bohrok/Documents/DM/output/orbs/wc/13/work'], stdout: b''	(at ex_script.py:45) 
2019-03-02 02:02:48,044 [D] -:F:n:WD_1:wc.c:8	(at logger.py:129) 
2019-03-02 02:02:48,057 [D] subprocess cmd: ['source compile.sh /home/bohrok/Documents/DM/output/orbs/wc/13/work'], stdout: b''	(at ex_script.py:45) 
2019-03-02 02:02:48,057 [D] ┌:F:n:WD_2:wc.c:8	(at logger.py:129) 
2019-03-02 02:02:48,057 [D] └:F:n:WD_2:wc.c:7	(at logger.py:129) 
2019-03-02 02:02:48,071 [D] subprocess cmd: ['source compile.sh /home/bohrok/Documents/DM/output/orbs/wc/13/work'], stdout: b''	(at ex_script.py:45) 
2019-03-02 02:02:48,072 [D] ┌:F:n:WD_3:wc.c:8	(at logger.py:129) 
2019-03-02 02:02:48,072 [D] |:F:n:WD_3:wc.c:7	(at logger.py:129) 
2019-03-02 02:02:48,072 [D] └:F:n:WD_3:wc.c:6	(at logger.py:129) 
2019-03-02 02:02:48,087 [D] subprocess cmd: ['source compile.sh /home/bohrok/Documents/DM/output/orbs/wc/13/work'], stdout: b''	(at ex_script.py:45) 
2019-03-02 02:02:48,087 [D] -:F:n:WD_1:wc.c:7	(at logger.py:129) 
2019-03-02 02:02:48,100 [D] subprocess cmd: ['source compile.sh /home/bohrok/Documents/DM/output/orbs/wc/13/work'], stdout: b''	(at ex_script.py:45) 
2019-03-02 02:02:48,100 [D] ┌:F:n:WD_2:wc.c:7	(at logger.py:129) 
2019-03-02 02:02:48,100 [D] └:F:n:WD_2:wc.c:6	(at logger.py:129) 
2019-03-02 02:02:48,115 [D] subprocess cmd: ['source compile.sh /home/bohrok/Documents/DM/output/orbs/wc/13/work'], stdout: b''	(at ex_script.py:45) 
2019-03-02 02:02:48,115 [D] ┌:F:n:WD_3:wc.c:7	(at logger.py:129) 
2019-03-02 02:02:48,115 [D] |:F:n:WD_3:wc.c:6	(at logger.py:129) 
2019-03-02 02:02:48,115 [D] └:F:n:WD_3:wc.c:5	(at logger.py:129) 
2019-03-02 02:02:48,150 [D] -:P:c:WD_1:wc.c:6	(at logger.py:129) 
2019-03-02 02:02:48,164 [D] subprocess cmd: ['source compile.sh /home/bohrok/Documents/DM/output/orbs/wc/13/work'], stdout: b''	(at ex_script.py:45) 
2019-03-02 02:02:48,164 [D] -:F:n:WD_1:wc.c:5	(at logger.py:129) 
2019-03-02 02:02:48,178 [D] subprocess cmd: ['source compile.sh /home/bohrok/Documents/DM/output/orbs/wc/13/work'], stdout: b''	(at ex_script.py:45) 
2019-03-02 02:02:48,178 [D] ┌:F:n:WD_2:wc.c:5	(at logger.py:129) 
2019-03-02 02:02:48,178 [D] └:F:n:WD_2:wc.c:4	(at logger.py:129) 
2019-03-02 02:02:48,191 [D] subprocess cmd: ['source compile.sh /home/bohrok/Documents/DM/output/orbs/wc/13/work'], stdout: b''	(at ex_script.py:45) 
2019-03-02 02:02:48,191 [D] ┌:F:n:WD_3:wc.c:5	(at logger.py:129) 
2019-03-02 02:02:48,191 [D] |:F:n:WD_3:wc.c:4	(at logger.py:129) 
2019-03-02 02:02:48,191 [D] └:F:n:WD_3:wc.c:3	(at logger.py:129) 
2019-03-02 02:02:48,205 [D] subprocess cmd: ['source compile.sh /home/bohrok/Documents/DM/output/orbs/wc/13/work'], stdout: b''	(at ex_script.py:45) 
2019-03-02 02:02:48,205 [D] -:F:n:WD_1:wc.c:4	(at logger.py:129) 
2019-03-02 02:02:48,218 [D] subprocess cmd: ['source compile.sh /home/bohrok/Documents/DM/output/orbs/wc/13/work'], stdout: b''	(at ex_script.py:45) 
2019-03-02 02:02:48,218 [D] ┌:F:n:WD_2:wc.c:4	(at logger.py:129) 
2019-03-02 02:02:48,218 [D] └:F:n:WD_2:wc.c:3	(at logger.py:129) 
2019-03-02 02:02:48,231 [D] subprocess cmd: ['source compile.sh /home/bohrok/Documents/DM/output/orbs/wc/13/work'], stdout: b''	(at ex_script.py:45) 
2019-03-02 02:02:48,231 [D] ┌:F:n:WD_3:wc.c:4	(at logger.py:129) 
2019-03-02 02:02:48,231 [D] |:F:n:WD_3:wc.c:3	(at logger.py:129) 
2019-03-02 02:02:48,231 [D] └:F:n:WD_3:wc.c:2	(at logger.py:129) 
2019-03-02 02:02:48,247 [D] subprocess cmd: ['source compile.sh /home/bohrok/Documents/DM/output/orbs/wc/13/work'], stdout: b''	(at ex_script.py:45) 
2019-03-02 02:02:48,247 [D] -:F:n:WD_1:wc.c:3	(at logger.py:129) 
2019-03-02 02:02:48,261 [D] subprocess cmd: ['source compile.sh /home/bohrok/Documents/DM/output/orbs/wc/13/work'], stdout: b''	(at ex_script.py:45) 
2019-03-02 02:02:48,261 [D] ┌:F:n:WD_2:wc.c:3	(at logger.py:129) 
2019-03-02 02:02:48,261 [D] └:F:n:WD_2:wc.c:2	(at logger.py:129) 
2019-03-02 02:02:48,274 [D] subprocess cmd: ['source compile.sh /home/bohrok/Documents/DM/output/orbs/wc/13/work'], stdout: b''	(at ex_script.py:45) 
2019-03-02 02:02:48,274 [D] ┌:F:n:WD_3:wc.c:3	(at logger.py:129) 
2019-03-02 02:02:48,274 [D] |:F:n:WD_3:wc.c:2	(at logger.py:129) 
2019-03-02 02:02:48,274 [D] └:F:n:WD_3:wc.c:1	(at logger.py:129) 
2019-03-02 02:02:48,287 [D] subprocess cmd: ['source compile.sh /home/bohrok/Documents/DM/output/orbs/wc/13/work'], stdout: b''	(at ex_script.py:45) 
2019-03-02 02:02:48,287 [D] -:F:n:WD_1:wc.c:2	(at logger.py:129) 
2019-03-02 02:02:48,297 [D] subprocess cmd: ['source compile.sh /home/bohrok/Documents/DM/output/orbs/wc/13/work'], stdout: b''	(at ex_script.py:45) 
2019-03-02 02:02:48,297 [D] ┌:F:n:WD_2:wc.c:2	(at logger.py:129) 
2019-03-02 02:02:48,298 [D] └:F:n:WD_2:wc.c:1	(at logger.py:129) 
2019-03-02 02:02:48,298 [D] ┌:F:n:WD_3:wc.c:2	(at logger.py:129) 
2019-03-02 02:02:48,298 [D] └:F:n:WD_3:wc.c:1	(at logger.py:129) 
2019-03-02 02:02:48,347 [D] -:P:n:WD_1:wc.c:1	(at logger.py:129) 
2019-03-02 02:02:48,347 [D] comp_cached_cnt:1	(at logger.py:134) 
2019-03-02 02:02:48,347 [D] compile_cnt:125	(at logger.py:134) 
2019-03-02 02:02:48,347 [D] execute_cnt:28	(at logger.py:134) 
2019-03-02 02:02:48,347 [D] fail_del_cnt:25	(at logger.py:134) 
2019-03-02 02:02:48,347 [D] iter_idx:1	(at logger.py:134) 
2019-03-02 02:02:48,347 [D] reuse_cnt:6	(at logger.py:134) 
2019-03-02 02:02:48,347 [D] succ_del_cnt:9	(at logger.py:134) 
2019-03-02 02:02:48,347 [D] time:2.919186592102051	(at logger.py:134) 
2019-03-02 02:02:48,347 [D] deletion:9	(at logger.py:136) 
2019-03-02 02:02:48,348 [I] Iteration 1 finished	(at orbs.py:87) 
2019-03-02 02:02:48,361 [D] subprocess cmd: ['source compile.sh /home/bohrok/Documents/DM/output/orbs/wc/13/work'], stdout: b''	(at ex_script.py:45) 
2019-03-02 02:02:48,361 [D] -:F:n:WD_1:wc.c:48	(at logger.py:129) 
2019-03-02 02:02:48,373 [D] subprocess cmd: ['source compile.sh /home/bohrok/Documents/DM/output/orbs/wc/13/work'], stdout: b''	(at ex_script.py:45) 
2019-03-02 02:02:48,373 [D] ┌:F:n:WD_2:wc.c:48	(at logger.py:129) 
2019-03-02 02:02:48,373 [D] └:F:n:WD_2:wc.c:47	(at logger.py:129) 
2019-03-02 02:02:48,382 [D] subprocess cmd: ['source compile.sh /home/bohrok/Documents/DM/output/orbs/wc/13/work'], stdout: b''	(at ex_script.py:45) 
2019-03-02 02:02:48,383 [D] ┌:F:n:WD_3:wc.c:48	(at logger.py:129) 
2019-03-02 02:02:48,383 [D] |:F:n:WD_3:wc.c:47	(at logger.py:129) 
2019-03-02 02:02:48,383 [D] └:F:n:WD_3:wc.c:46	(at logger.py:129) 
2019-03-02 02:02:48,394 [D] subprocess cmd: ['source compile.sh /home/bohrok/Documents/DM/output/orbs/wc/13/work'], stdout: b''	(at ex_script.py:45) 
2019-03-02 02:02:48,394 [D] -:F:n:WD_1:wc.c:47	(at logger.py:129) 
2019-03-02 02:02:48,406 [D] subprocess cmd: ['source compile.sh /home/bohrok/Documents/DM/output/orbs/wc/13/work'], stdout: b''	(at ex_script.py:45) 
2019-03-02 02:02:48,406 [D] ┌:F:n:WD_2:wc.c:47	(at logger.py:129) 
2019-03-02 02:02:48,406 [D] └:F:n:WD_2:wc.c:46	(at logger.py:129) 
2019-03-02 02:02:48,449 [D] ┌:C:n:WD_3:wc.c:47	(at logger.py:129) 
2019-03-02 02:02:48,450 [D] |:C:n:WD_3:wc.c:46	(at logger.py:129) 
2019-03-02 02:02:48,450 [D] └:C:n:WD_3:wc.c:45	(at logger.py:129) 
2019-03-02 02:02:48,483 [D] -:C:c:WD_1:wc.c:46	(at logger.py:129) 
2019-03-02 02:02:48,496 [D] subprocess cmd: ['source compile.sh /home/bohrok/Documents/DM/output/orbs/wc/13/work'], stdout: b''	(at ex_script.py:45) 
2019-03-02 02:02:48,496 [D] ┌:F:n:WD_2:wc.c:46	(at logger.py:129) 
2019-03-02 02:02:48,497 [D] └:F:n:WD_2:wc.c:45	(at logger.py:129) 
2019-03-02 02:02:48,497 [D] ┌:C:c:WD_3:wc.c:46	(at logger.py:129) 
2019-03-02 02:02:48,497 [D] |:C:c:WD_3:wc.c:45	(at logger.py:129) 
2019-03-02 02:02:48,497 [D] └:C:c:WD_3:wc.c:43	(at logger.py:129) 
2019-03-02 02:02:48,510 [D] subprocess cmd: ['source compile.sh /home/bohrok/Documents/DM/output/orbs/wc/13/work'], stdout: b''	(at ex_script.py:45) 
2019-03-02 02:02:48,510 [D] -:F:n:WD_1:wc.c:45	(at logger.py:129) 
2019-03-02 02:02:48,543 [D] ┌:C:c:WD_2:wc.c:45	(at logger.py:129) 
2019-03-02 02:02:48,543 [D] └:C:c:WD_2:wc.c:43	(at logger.py:129) 
2019-03-02 02:02:48,585 [D] ┌:C:n:WD_3:wc.c:45	(at logger.py:129) 
2019-03-02 02:02:48,585 [D] |:C:n:WD_3:wc.c:43	(at logger.py:129) 
2019-03-02 02:02:48,586 [D] └:C:n:WD_3:wc.c:42	(at logger.py:129) 
2019-03-02 02:02:48,586 [D]  : : :pass:wc.c:44	(at logger.py:129) 
2019-03-02 02:02:48,595 [D] subprocess cmd: ['source compile.sh /home/bohrok/Documents/DM/output/orbs/wc/13/work'], stdout: b''	(at ex_script.py:45) 
2019-03-02 02:02:48,596 [D] -:F:n:WD_1:wc.c:43	(at logger.py:129) 
2019-03-02 02:02:48,607 [D] subprocess cmd: ['source compile.sh /home/bohrok/Documents/DM/output/orbs/wc/13/work'], stdout: b''	(at ex_script.py:45) 
2019-03-02 02:02:48,607 [D] ┌:F:n:WD_2:wc.c:43	(at logger.py:129) 
2019-03-02 02:02:48,607 [D] └:F:n:WD_2:wc.c:42	(at logger.py:129) 
2019-03-02 02:02:48,607 [D] ┌:C:c:WD_3:wc.c:43	(at logger.py:129) 
2019-03-02 02:02:48,607 [D] |:C:c:WD_3:wc.c:42	(at logger.py:129) 
2019-03-02 02:02:48,607 [D] └:C:c:WD_3:wc.c:41	(at logger.py:129) 
2019-03-02 02:02:48,650 [D] subprocess cmd: ['source execute.sh /home/bohrok/Documents/DM/output/orbs/wc/13/work'], stdout: b''	(at ex_script.py:45) 
2019-03-02 02:02:48,650 [D] -:C:n:WD_1:wc.c:42	(at logger.py:129) 
2019-03-02 02:02:48,661 [D] subprocess cmd: ['source compile.sh /home/bohrok/Documents/DM/output/orbs/wc/13/work'], stdout: b''	(at ex_script.py:45) 
2019-03-02 02:02:48,662 [D] ┌:F:n:WD_2:wc.c:42	(at logger.py:129) 
2019-03-02 02:02:48,662 [D] └:F:n:WD_2:wc.c:41	(at logger.py:129) 
2019-03-02 02:02:48,673 [D] subprocess cmd: ['source compile.sh /home/bohrok/Documents/DM/output/orbs/wc/13/work'], stdout: b''	(at ex_script.py:45) 
2019-03-02 02:02:48,673 [D] ┌:F:n:WD_3:wc.c:42	(at logger.py:129) 
2019-03-02 02:02:48,673 [D] |:F:n:WD_3:wc.c:41	(at logger.py:129) 
2019-03-02 02:02:48,673 [D] └:F:n:WD_3:wc.c:40	(at logger.py:129) 
2019-03-02 02:02:48,683 [D] subprocess cmd: ['source compile.sh /home/bohrok/Documents/DM/output/orbs/wc/13/work'], stdout: b''	(at ex_script.py:45) 
2019-03-02 02:02:48,683 [D] -:F:n:WD_1:wc.c:41	(at logger.py:129) 
2019-03-02 02:02:48,696 [D] subprocess cmd: ['source compile.sh /home/bohrok/Documents/DM/output/orbs/wc/13/work'], stdout: b''	(at ex_script.py:45) 
2019-03-02 02:02:48,696 [D] ┌:F:n:WD_2:wc.c:41	(at logger.py:129) 
2019-03-02 02:02:48,696 [D] └:F:n:WD_2:wc.c:40	(at logger.py:129) 
2019-03-02 02:02:48,708 [D] subprocess cmd: ['source compile.sh /home/bohrok/Documents/DM/output/orbs/wc/13/work'], stdout: b''	(at ex_script.py:45) 
2019-03-02 02:02:48,708 [D] ┌:F:n:WD_3:wc.c:41	(at logger.py:129) 
2019-03-02 02:02:48,708 [D] |:F:n:WD_3:wc.c:40	(at logger.py:129) 
2019-03-02 02:02:48,708 [D] └:F:n:WD_3:wc.c:39	(at logger.py:129) 
2019-03-02 02:02:48,719 [D] subprocess cmd: ['source compile.sh /home/bohrok/Documents/DM/output/orbs/wc/13/work'], stdout: b''	(at ex_script.py:45) 
2019-03-02 02:02:48,719 [D] -:F:n:WD_1:wc.c:40	(at logger.py:129) 
2019-03-02 02:02:48,767 [D] ┌:C:n:WD_2:wc.c:40	(at logger.py:129) 
2019-03-02 02:02:48,768 [D] └:C:n:WD_2:wc.c:39	(at logger.py:129) 
2019-03-02 02:02:48,779 [D] subprocess cmd: ['source compile.sh /home/bohrok/Documents/DM/output/orbs/wc/13/work'], stdout: b''	(at ex_script.py:45) 
2019-03-02 02:02:48,780 [D] ┌:F:n:WD_3:wc.c:40	(at logger.py:129) 
2019-03-02 02:02:48,780 [D] |:F:n:WD_3:wc.c:39	(at logger.py:129) 
2019-03-02 02:02:48,780 [D] └:F:n:WD_3:wc.c:37	(at logger.py:129) 
2019-03-02 02:02:48,790 [D] subprocess cmd: ['source compile.sh /home/bohrok/Documents/DM/output/orbs/wc/13/work'], stdout: b''	(at ex_script.py:45) 
2019-03-02 02:02:48,791 [D] -:F:n:WD_1:wc.c:39	(at logger.py:129) 
2019-03-02 02:02:48,800 [D] subprocess cmd: ['source compile.sh /home/bohrok/Documents/DM/output/orbs/wc/13/work'], stdout: b''	(at ex_script.py:45) 
2019-03-02 02:02:48,800 [D] ┌:F:n:WD_2:wc.c:39	(at logger.py:129) 
2019-03-02 02:02:48,801 [D] └:F:n:WD_2:wc.c:37	(at logger.py:129) 
2019-03-02 02:02:48,813 [D] subprocess cmd: ['source compile.sh /home/bohrok/Documents/DM/output/orbs/wc/13/work'], stdout: b''	(at ex_script.py:45) 
2019-03-02 02:02:48,813 [D] ┌:F:n:WD_3:wc.c:39	(at logger.py:129) 
2019-03-02 02:02:48,813 [D] |:F:n:WD_3:wc.c:37	(at logger.py:129) 
2019-03-02 02:02:48,813 [D] └:F:n:WD_3:wc.c:36	(at logger.py:129) 
2019-03-02 02:02:48,813 [D]  : : :pass:wc.c:38	(at logger.py:129) 
2019-03-02 02:02:48,825 [D] subprocess cmd: ['source compile.sh /home/bohrok/Documents/DM/output/orbs/wc/13/work'], stdout: b''	(at ex_script.py:45) 
2019-03-02 02:02:48,826 [D] -:F:n:WD_1:wc.c:37	(at logger.py:129) 
2019-03-02 02:02:48,837 [D] subprocess cmd: ['source compile.sh /home/bohrok/Documents/DM/output/orbs/wc/13/work'], stdout: b''	(at ex_script.py:45) 
2019-03-02 02:02:48,837 [D] ┌:F:n:WD_2:wc.c:37	(at logger.py:129) 
2019-03-02 02:02:48,837 [D] └:F:n:WD_2:wc.c:36	(at logger.py:129) 
2019-03-02 02:02:48,870 [D] subprocess cmd: ['source compile.sh /home/bohrok/Documents/DM/output/orbs/wc/13/work'], stdout: b''	(at ex_script.py:45) 
2019-03-02 02:02:48,871 [D] ┌:F:n:WD_3:wc.c:37	(at logger.py:129) 
2019-03-02 02:02:48,871 [D] |:F:n:WD_3:wc.c:36	(at logger.py:129) 
2019-03-02 02:02:48,871 [D] └:F:n:WD_3:wc.c:35	(at logger.py:129) 
2019-03-02 02:02:48,883 [D] subprocess cmd: ['source compile.sh /home/bohrok/Documents/DM/output/orbs/wc/13/work'], stdout: b''	(at ex_script.py:45) 
2019-03-02 02:02:48,883 [D] -:F:n:WD_1:wc.c:36	(at logger.py:129) 
2019-03-02 02:02:48,897 [D] subprocess cmd: ['source compile.sh /home/bohrok/Documents/DM/output/orbs/wc/13/work'], stdout: b''	(at ex_script.py:45) 
2019-03-02 02:02:48,897 [D] ┌:F:n:WD_2:wc.c:36	(at logger.py:129) 
2019-03-02 02:02:48,897 [D] └:F:n:WD_2:wc.c:35	(at logger.py:129) 
2019-03-02 02:02:48,910 [D] subprocess cmd: ['source compile.sh /home/bohrok/Documents/DM/output/orbs/wc/13/work'], stdout: b''	(at ex_script.py:45) 
2019-03-02 02:02:48,910 [D] ┌:F:n:WD_3:wc.c:36	(at logger.py:129) 
2019-03-02 02:02:48,910 [D] |:F:n:WD_3:wc.c:35	(at logger.py:129) 
2019-03-02 02:02:48,910 [D] └:F:n:WD_3:wc.c:34	(at logger.py:129) 
2019-03-02 02:02:48,921 [D] subprocess cmd: ['source compile.sh /home/bohrok/Documents/DM/output/orbs/wc/13/work'], stdout: b''	(at ex_script.py:45) 
2019-03-02 02:02:48,921 [D] -:F:n:WD_1:wc.c:35	(at logger.py:129) 
2019-03-02 02:02:48,934 [D] subprocess cmd: ['source compile.sh /home/bohrok/Documents/DM/output/orbs/wc/13/work'], stdout: b''	(at ex_script.py:45) 
2019-03-02 02:02:48,934 [D] ┌:F:n:WD_2:wc.c:35	(at logger.py:129) 
2019-03-02 02:02:48,934 [D] └:F:n:WD_2:wc.c:34	(at logger.py:129) 
2019-03-02 02:02:48,946 [D] subprocess cmd: ['source compile.sh /home/bohrok/Documents/DM/output/orbs/wc/13/work'], stdout: b''	(at ex_script.py:45) 
2019-03-02 02:02:48,947 [D] ┌:F:n:WD_3:wc.c:35	(at logger.py:129) 
2019-03-02 02:02:48,947 [D] |:F:n:WD_3:wc.c:34	(at logger.py:129) 
2019-03-02 02:02:48,947 [D] └:F:n:WD_3:wc.c:33	(at logger.py:129) 
2019-03-02 02:02:48,960 [D] subprocess cmd: ['source compile.sh /home/bohrok/Documents/DM/output/orbs/wc/13/work'], stdout: b''	(at ex_script.py:45) 
2019-03-02 02:02:48,960 [D] -:F:n:WD_1:wc.c:34	(at logger.py:129) 
2019-03-02 02:02:48,971 [D] subprocess cmd: ['source compile.sh /home/bohrok/Documents/DM/output/orbs/wc/13/work'], stdout: b''	(at ex_script.py:45) 
2019-03-02 02:02:48,971 [D] ┌:F:n:WD_2:wc.c:34	(at logger.py:129) 
2019-03-02 02:02:48,971 [D] └:F:n:WD_2:wc.c:33	(at logger.py:129) 
2019-03-02 02:02:48,983 [D] subprocess cmd: ['source compile.sh /home/bohrok/Documents/DM/output/orbs/wc/13/work'], stdout: b''	(at ex_script.py:45) 
2019-03-02 02:02:48,983 [D] ┌:F:n:WD_3:wc.c:34	(at logger.py:129) 
2019-03-02 02:02:48,983 [D] |:F:n:WD_3:wc.c:33	(at logger.py:129) 
2019-03-02 02:02:48,983 [D] └:F:n:WD_3:wc.c:32	(at logger.py:129) 
2019-03-02 02:02:48,996 [D] subprocess cmd: ['source compile.sh /home/bohrok/Documents/DM/output/orbs/wc/13/work'], stdout: b''	(at ex_script.py:45) 
2019-03-02 02:02:48,996 [D] -:F:n:WD_1:wc.c:33	(at logger.py:129) 
2019-03-02 02:02:49,010 [D] subprocess cmd: ['source compile.sh /home/bohrok/Documents/DM/output/orbs/wc/13/work'], stdout: b''	(at ex_script.py:45) 
2019-03-02 02:02:49,010 [D] ┌:F:n:WD_2:wc.c:33	(at logger.py:129) 
2019-03-02 02:02:49,010 [D] └:F:n:WD_2:wc.c:32	(at logger.py:129) 
2019-03-02 02:02:49,024 [D] subprocess cmd: ['source compile.sh /home/bohrok/Documents/DM/output/orbs/wc/13/work'], stdout: b''	(at ex_script.py:45) 
2019-03-02 02:02:49,024 [D] ┌:F:n:WD_3:wc.c:33	(at logger.py:129) 
2019-03-02 02:02:49,024 [D] |:F:n:WD_3:wc.c:32	(at logger.py:129) 
2019-03-02 02:02:49,025 [D] └:F:n:WD_3:wc.c:31	(at logger.py:129) 
2019-03-02 02:02:49,074 [D] -:C:n:WD_1:wc.c:32	(at logger.py:129) 
2019-03-02 02:02:49,085 [D] subprocess cmd: ['source compile.sh /home/bohrok/Documents/DM/output/orbs/wc/13/work'], stdout: b''	(at ex_script.py:45) 
2019-03-02 02:02:49,086 [D] ┌:F:n:WD_2:wc.c:32	(at logger.py:129) 
2019-03-02 02:02:49,086 [D] └:F:n:WD_2:wc.c:31	(at logger.py:129) 
2019-03-02 02:02:49,097 [D] subprocess cmd: ['source compile.sh /home/bohrok/Documents/DM/output/orbs/wc/13/work'], stdout: b''	(at ex_script.py:45) 
2019-03-02 02:02:49,097 [D] ┌:F:n:WD_3:wc.c:32	(at logger.py:129) 
2019-03-02 02:02:49,097 [D] |:F:n:WD_3:wc.c:31	(at logger.py:129) 
2019-03-02 02:02:49,098 [D] └:F:n:WD_3:wc.c:30	(at logger.py:129) 
2019-03-02 02:02:49,109 [D] subprocess cmd: ['source compile.sh /home/bohrok/Documents/DM/output/orbs/wc/13/work'], stdout: b''	(at ex_script.py:45) 
2019-03-02 02:02:49,110 [D] -:F:n:WD_1:wc.c:31	(at logger.py:129) 
2019-03-02 02:02:49,121 [D] subprocess cmd: ['source compile.sh /home/bohrok/Documents/DM/output/orbs/wc/13/work'], stdout: b''	(at ex_script.py:45) 
2019-03-02 02:02:49,121 [D] ┌:F:n:WD_2:wc.c:31	(at logger.py:129) 
2019-03-02 02:02:49,121 [D] └:F:n:WD_2:wc.c:30	(at logger.py:129) 
2019-03-02 02:02:49,166 [D] ┌:C:n:WD_3:wc.c:31	(at logger.py:129) 
2019-03-02 02:02:49,166 [D] |:C:n:WD_3:wc.c:30	(at logger.py:129) 
2019-03-02 02:02:49,166 [D] └:C:n:WD_3:wc.c:29	(at logger.py:129) 
2019-03-02 02:02:49,212 [D] -:C:n:WD_1:wc.c:30	(at logger.py:129) 
2019-03-02 02:02:49,225 [D] subprocess cmd: ['source compile.sh /home/bohrok/Documents/DM/output/orbs/wc/13/work'], stdout: b''	(at ex_script.py:45) 
2019-03-02 02:02:49,225 [D] ┌:F:n:WD_2:wc.c:30	(at logger.py:129) 
2019-03-02 02:02:49,226 [D] └:F:n:WD_2:wc.c:29	(at logger.py:129) 
2019-03-02 02:02:49,236 [D] subprocess cmd: ['source compile.sh /home/bohrok/Documents/DM/output/orbs/wc/13/work'], stdout: b''	(at ex_script.py:45) 
2019-03-02 02:02:49,237 [D] ┌:F:n:WD_3:wc.c:30	(at logger.py:129) 
2019-03-02 02:02:49,237 [D] |:F:n:WD_3:wc.c:29	(at logger.py:129) 
2019-03-02 02:02:49,237 [D] └:F:n:WD_3:wc.c:28	(at logger.py:129) 
2019-03-02 02:02:49,248 [D] subprocess cmd: ['source compile.sh /home/bohrok/Documents/DM/output/orbs/wc/13/work'], stdout: b''	(at ex_script.py:45) 
2019-03-02 02:02:49,248 [D] -:F:n:WD_1:wc.c:29	(at logger.py:129) 
2019-03-02 02:02:49,260 [D] subprocess cmd: ['source compile.sh /home/bohrok/Documents/DM/output/orbs/wc/13/work'], stdout: b''	(at ex_script.py:45) 
2019-03-02 02:02:49,261 [D] ┌:F:n:WD_2:wc.c:29	(at logger.py:129) 
2019-03-02 02:02:49,261 [D] └:F:n:WD_2:wc.c:28	(at logger.py:129) 
2019-03-02 02:02:49,271 [D] subprocess cmd: ['source compile.sh /home/bohrok/Documents/DM/output/orbs/wc/13/work'], stdout: b''	(at ex_script.py:45) 
2019-03-02 02:02:49,271 [D] ┌:F:n:WD_3:wc.c:29	(at logger.py:129) 
2019-03-02 02:02:49,271 [D] |:F:n:WD_3:wc.c:28	(at logger.py:129) 
2019-03-02 02:02:49,271 [D] └:F:n:WD_3:wc.c:27	(at logger.py:129) 
2019-03-02 02:02:49,282 [D] subprocess cmd: ['source compile.sh /home/bohrok/Documents/DM/output/orbs/wc/13/work'], stdout: b''	(at ex_script.py:45) 
2019-03-02 02:02:49,282 [D] -:F:n:WD_1:wc.c:28	(at logger.py:129) 
2019-03-02 02:02:49,294 [D] subprocess cmd: ['source compile.sh /home/bohrok/Documents/DM/output/orbs/wc/13/work'], stdout: b''	(at ex_script.py:45) 
2019-03-02 02:02:49,295 [D] ┌:F:n:WD_2:wc.c:28	(at logger.py:129) 
2019-03-02 02:02:49,295 [D] └:F:n:WD_2:wc.c:27	(at logger.py:129) 
2019-03-02 02:02:49,305 [D] subprocess cmd: ['source compile.sh /home/bohrok/Documents/DM/output/orbs/wc/13/work'], stdout: b''	(at ex_script.py:45) 
2019-03-02 02:02:49,305 [D] ┌:F:n:WD_3:wc.c:28	(at logger.py:129) 
2019-03-02 02:02:49,305 [D] |:F:n:WD_3:wc.c:27	(at logger.py:129) 
2019-03-02 02:02:49,305 [D] └:F:n:WD_3:wc.c:25	(at logger.py:129) 
2019-03-02 02:02:49,350 [D] -:C:n:WD_1:wc.c:27	(at logger.py:129) 
2019-03-02 02:02:49,396 [D] subprocess cmd: ['source execute.sh /home/bohrok/Documents/DM/output/orbs/wc/13/work'], stdout: b''	(at ex_script.py:45) 
2019-03-02 02:02:49,397 [D] ┌:C:n:WD_2:wc.c:27	(at logger.py:129) 
2019-03-02 02:02:49,397 [D] └:C:n:WD_2:wc.c:25	(at logger.py:129) 
2019-03-02 02:02:49,437 [D] subprocess cmd: ['source execute.sh /home/bohrok/Documents/DM/output/orbs/wc/13/work'], stdout: b''	(at ex_script.py:45) 
2019-03-02 02:02:49,438 [D] ┌:C:n:WD_3:wc.c:27	(at logger.py:129) 
2019-03-02 02:02:49,438 [D] |:C:n:WD_3:wc.c:25	(at logger.py:129) 
2019-03-02 02:02:49,438 [D] └:C:n:WD_3:wc.c:24	(at logger.py:129) 
2019-03-02 02:02:49,438 [D]  : : :pass:wc.c:26	(at logger.py:129) 
2019-03-02 02:02:49,480 [D] subprocess cmd: ['source execute.sh /home/bohrok/Documents/DM/output/orbs/wc/13/work'], stdout: b''	(at ex_script.py:45) 
2019-03-02 02:02:49,480 [D] -:C:n:WD_1:wc.c:25	(at logger.py:129) 
2019-03-02 02:02:49,523 [D] subprocess cmd: ['source execute.sh /home/bohrok/Documents/DM/output/orbs/wc/13/work'], stdout: b''	(at ex_script.py:45) 
2019-03-02 02:02:49,523 [D] ┌:C:n:WD_2:wc.c:25	(at logger.py:129) 
2019-03-02 02:02:49,523 [D] └:C:n:WD_2:wc.c:24	(at logger.py:129) 
2019-03-02 02:02:49,533 [D] subprocess cmd: ['source compile.sh /home/bohrok/Documents/DM/output/orbs/wc/13/work'], stdout: b''	(at ex_script.py:45) 
2019-03-02 02:02:49,533 [D] ┌:F:n:WD_3:wc.c:25	(at logger.py:129) 
2019-03-02 02:02:49,533 [D] |:F:n:WD_3:wc.c:24	(at logger.py:129) 
2019-03-02 02:02:49,533 [D] └:F:n:WD_3:wc.c:23	(at logger.py:129) 
2019-03-02 02:02:49,581 [D] -:C:n:WD_1:wc.c:24	(at logger.py:129) 
2019-03-02 02:02:49,592 [D] subprocess cmd: ['source compile.sh /home/bohrok/Documents/DM/output/orbs/wc/13/work'], stdout: b''	(at ex_script.py:45) 
2019-03-02 02:02:49,592 [D] ┌:F:n:WD_2:wc.c:24	(at logger.py:129) 
2019-03-02 02:02:49,592 [D] └:F:n:WD_2:wc.c:23	(at logger.py:129) 
2019-03-02 02:02:49,603 [D] subprocess cmd: ['source compile.sh /home/bohrok/Documents/DM/output/orbs/wc/13/work'], stdout: b''	(at ex_script.py:45) 
2019-03-02 02:02:49,603 [D] ┌:F:n:WD_3:wc.c:24	(at logger.py:129) 
2019-03-02 02:02:49,603 [D] |:F:n:WD_3:wc.c:23	(at logger.py:129) 
2019-03-02 02:02:49,603 [D] └:F:n:WD_3:wc.c:22	(at logger.py:129) 
2019-03-02 02:02:49,614 [D] subprocess cmd: ['source compile.sh /home/bohrok/Documents/DM/output/orbs/wc/13/work'], stdout: b''	(at ex_script.py:45) 
2019-03-02 02:02:49,614 [D] -:F:n:WD_1:wc.c:23	(at logger.py:129) 
2019-03-02 02:02:49,627 [D] subprocess cmd: ['source compile.sh /home/bohrok/Documents/DM/output/orbs/wc/13/work'], stdout: b''	(at ex_script.py:45) 
2019-03-02 02:02:49,627 [D] ┌:F:n:WD_2:wc.c:23	(at logger.py:129) 
2019-03-02 02:02:49,627 [D] └:F:n:WD_2:wc.c:22	(at logger.py:129) 
2019-03-02 02:02:49,639 [D] subprocess cmd: ['source compile.sh /home/bohrok/Documents/DM/output/orbs/wc/13/work'], stdout: b''	(at ex_script.py:45) 
2019-03-02 02:02:49,640 [D] ┌:F:n:WD_3:wc.c:23	(at logger.py:129) 
2019-03-02 02:02:49,640 [D] |:F:n:WD_3:wc.c:22	(at logger.py:129) 
2019-03-02 02:02:49,640 [D] └:F:n:WD_3:wc.c:21	(at logger.py:129) 
2019-03-02 02:02:49,687 [D] -:C:n:WD_1:wc.c:22	(at logger.py:129) 
2019-03-02 02:02:49,698 [D] subprocess cmd: ['source compile.sh /home/bohrok/Documents/DM/output/orbs/wc/13/work'], stdout: b''	(at ex_script.py:45) 
2019-03-02 02:02:49,698 [D] ┌:F:n:WD_2:wc.c:22	(at logger.py:129) 
2019-03-02 02:02:49,698 [D] └:F:n:WD_2:wc.c:21	(at logger.py:129) 
2019-03-02 02:02:49,712 [D] subprocess cmd: ['source compile.sh /home/bohrok/Documents/DM/output/orbs/wc/13/work'], stdout: b''	(at ex_script.py:45) 
2019-03-02 02:02:49,712 [D] ┌:F:n:WD_3:wc.c:22	(at logger.py:129) 
2019-03-02 02:02:49,712 [D] |:F:n:WD_3:wc.c:21	(at logger.py:129) 
2019-03-02 02:02:49,712 [D] └:F:n:WD_3:wc.c:20	(at logger.py:129) 
2019-03-02 02:02:49,724 [D] subprocess cmd: ['source compile.sh /home/bohrok/Documents/DM/output/orbs/wc/13/work'], stdout: b''	(at ex_script.py:45) 
2019-03-02 02:02:49,725 [D] -:F:n:WD_1:wc.c:21	(at logger.py:129) 
2019-03-02 02:02:49,737 [D] subprocess cmd: ['source compile.sh /home/bohrok/Documents/DM/output/orbs/wc/13/work'], stdout: b''	(at ex_script.py:45) 
2019-03-02 02:02:49,738 [D] ┌:F:n:WD_2:wc.c:21	(at logger.py:129) 
2019-03-02 02:02:49,738 [D] └:F:n:WD_2:wc.c:20	(at logger.py:129) 
2019-03-02 02:02:49,748 [D] subprocess cmd: ['source compile.sh /home/bohrok/Documents/DM/output/orbs/wc/13/work'], stdout: b''	(at ex_script.py:45) 
2019-03-02 02:02:49,749 [D] ┌:F:n:WD_3:wc.c:21	(at logger.py:129) 
2019-03-02 02:02:49,749 [D] |:F:n:WD_3:wc.c:20	(at logger.py:129) 
2019-03-02 02:02:49,749 [D] └:F:n:WD_3:wc.c:19	(at logger.py:129) 
2019-03-02 02:02:49,761 [D] subprocess cmd: ['source compile.sh /home/bohrok/Documents/DM/output/orbs/wc/13/work'], stdout: b''	(at ex_script.py:45) 
2019-03-02 02:02:49,762 [D] -:F:n:WD_1:wc.c:20	(at logger.py:129) 
2019-03-02 02:02:49,773 [D] subprocess cmd: ['source compile.sh /home/bohrok/Documents/DM/output/orbs/wc/13/work'], stdout: b''	(at ex_script.py:45) 
2019-03-02 02:02:49,773 [D] ┌:F:n:WD_2:wc.c:20	(at logger.py:129) 
2019-03-02 02:02:49,773 [D] └:F:n:WD_2:wc.c:19	(at logger.py:129) 
2019-03-02 02:02:49,773 [D] ┌:F:n:WD_3:wc.c:20	(at logger.py:129) 
2019-03-02 02:02:49,774 [D] |:F:n:WD_3:wc.c:19	(at logger.py:129) 
2019-03-02 02:02:49,774 [D] └:F:n:WD_3:wc.c:17	(at logger.py:129) 
2019-03-02 02:02:49,784 [D] subprocess cmd: ['source compile.sh /home/bohrok/Documents/DM/output/orbs/wc/13/work'], stdout: b''	(at ex_script.py:45) 
2019-03-02 02:02:49,784 [D] -:F:n:WD_1:wc.c:19	(at logger.py:129) 
2019-03-02 02:02:49,820 [D] ┌:P:c:WD_2:wc.c:19	(at logger.py:129) 
2019-03-02 02:02:49,821 [D] └:P:c:WD_2:wc.c:17	(at logger.py:129) 
2019-03-02 02:02:49,821 [D]  : : :pass:wc.c:18	(at logger.py:129) 
2019-03-02 02:02:49,821 [D]  : : :pass:wc.c:17	(at logger.py:129) 
2019-03-02 02:02:49,821 [D]  : : :pass:wc.c:16	(at logger.py:129) 
2019-03-02 02:02:49,821 [D]  : : :pass:wc.c:15	(at logger.py:129) 
2019-03-02 02:02:49,832 [D] subprocess cmd: ['source compile.sh /home/bohrok/Documents/DM/output/orbs/wc/13/work'], stdout: b''	(at ex_script.py:45) 
2019-03-02 02:02:49,832 [D] -:F:n:WD_1:wc.c:14	(at logger.py:129) 
2019-03-02 02:02:49,845 [D] subprocess cmd: ['source compile.sh /home/bohrok/Documents/DM/output/orbs/wc/13/work'], stdout: b''	(at ex_script.py:45) 
2019-03-02 02:02:49,845 [D] ┌:F:n:WD_2:wc.c:14	(at logger.py:129) 
2019-03-02 02:02:49,845 [D] └:F:n:WD_2:wc.c:13	(at logger.py:129) 
2019-03-02 02:02:49,855 [D] subprocess cmd: ['source compile.sh /home/bohrok/Documents/DM/output/orbs/wc/13/work'], stdout: b''	(at ex_script.py:45) 
2019-03-02 02:02:49,856 [D] ┌:F:n:WD_3:wc.c:14	(at logger.py:129) 
2019-03-02 02:02:49,856 [D] |:F:n:WD_3:wc.c:13	(at logger.py:129) 
2019-03-02 02:02:49,856 [D] └:F:n:WD_3:wc.c:12	(at logger.py:129) 
2019-03-02 02:02:49,901 [D] -:C:n:WD_1:wc.c:13	(at logger.py:129) 
2019-03-02 02:02:49,933 [D] ┌:C:c:WD_2:wc.c:13	(at logger.py:129) 
2019-03-02 02:02:49,933 [D] └:C:c:WD_2:wc.c:12	(at logger.py:129) 
2019-03-02 02:02:49,981 [D] subprocess cmd: ['source execute.sh /home/bohrok/Documents/DM/output/orbs/wc/13/work'], stdout: b''	(at ex_script.py:45) 
2019-03-02 02:02:49,981 [D] ┌:C:n:WD_3:wc.c:13	(at logger.py:129) 
2019-03-02 02:02:49,981 [D] |:C:n:WD_3:wc.c:12	(at logger.py:129) 
2019-03-02 02:02:49,981 [D] └:C:n:WD_3:wc.c:10	(at logger.py:129) 
2019-03-02 02:02:50,026 [D] -:C:n:WD_1:wc.c:12	(at logger.py:129) 
2019-03-02 02:02:50,068 [D] ┌:C:n:WD_2:wc.c:12	(at logger.py:129) 
2019-03-02 02:02:50,068 [D] └:C:n:WD_2:wc.c:10	(at logger.py:129) 
2019-03-02 02:02:50,081 [D] subprocess cmd: ['source compile.sh /home/bohrok/Documents/DM/output/orbs/wc/13/work'], stdout: b''	(at ex_script.py:45) 
2019-03-02 02:02:50,081 [D] ┌:F:n:WD_3:wc.c:12	(at logger.py:129) 
2019-03-02 02:02:50,081 [D] |:F:n:WD_3:wc.c:10	(at logger.py:129) 
2019-03-02 02:02:50,081 [D] └:F:n:WD_3:wc.c:9	(at logger.py:129) 
2019-03-02 02:02:50,081 [D]  : : :pass:wc.c:11	(at logger.py:129) 
2019-03-02 02:02:50,130 [D] -:C:n:WD_1:wc.c:10	(at logger.py:129) 
2019-03-02 02:02:50,141 [D] subprocess cmd: ['source compile.sh /home/bohrok/Documents/DM/output/orbs/wc/13/work'], stdout: b''	(at ex_script.py:45) 
2019-03-02 02:02:50,142 [D] ┌:F:n:WD_2:wc.c:10	(at logger.py:129) 
2019-03-02 02:02:50,142 [D] └:F:n:WD_2:wc.c:9	(at logger.py:129) 
2019-03-02 02:02:50,151 [D] subprocess cmd: ['source compile.sh /home/bohrok/Documents/DM/output/orbs/wc/13/work'], stdout: b''	(at ex_script.py:45) 
2019-03-02 02:02:50,152 [D] ┌:F:n:WD_3:wc.c:10	(at logger.py:129) 
2019-03-02 02:02:50,152 [D] |:F:n:WD_3:wc.c:9	(at logger.py:129) 
2019-03-02 02:02:50,152 [D] └:F:n:WD_3:wc.c:8	(at logger.py:129) 
2019-03-02 02:02:50,163 [D] subprocess cmd: ['source compile.sh /home/bohrok/Documents/DM/output/orbs/wc/13/work'], stdout: b''	(at ex_script.py:45) 
2019-03-02 02:02:50,163 [D] -:F:n:WD_1:wc.c:9	(at logger.py:129) 
2019-03-02 02:02:50,176 [D] subprocess cmd: ['source compile.sh /home/bohrok/Documents/DM/output/orbs/wc/13/work'], stdout: b''	(at ex_script.py:45) 
2019-03-02 02:02:50,176 [D] ┌:F:n:WD_2:wc.c:9	(at logger.py:129) 
2019-03-02 02:02:50,176 [D] └:F:n:WD_2:wc.c:8	(at logger.py:129) 
2019-03-02 02:02:50,187 [D] subprocess cmd: ['source compile.sh /home/bohrok/Documents/DM/output/orbs/wc/13/work'], stdout: b''	(at ex_script.py:45) 
2019-03-02 02:02:50,187 [D] ┌:F:n:WD_3:wc.c:9	(at logger.py:129) 
2019-03-02 02:02:50,188 [D] |:F:n:WD_3:wc.c:8	(at logger.py:129) 
2019-03-02 02:02:50,188 [D] └:F:n:WD_3:wc.c:7	(at logger.py:129) 
2019-03-02 02:02:50,199 [D] subprocess cmd: ['source compile.sh /home/bohrok/Documents/DM/output/orbs/wc/13/work'], stdout: b''	(at ex_script.py:45) 
2019-03-02 02:02:50,199 [D] -:F:n:WD_1:wc.c:8	(at logger.py:129) 
2019-03-02 02:02:50,212 [D] subprocess cmd: ['source compile.sh /home/bohrok/Documents/DM/output/orbs/wc/13/work'], stdout: b''	(at ex_script.py:45) 
2019-03-02 02:02:50,212 [D] ┌:F:n:WD_2:wc.c:8	(at logger.py:129) 
2019-03-02 02:02:50,212 [D] └:F:n:WD_2:wc.c:7	(at logger.py:129) 
2019-03-02 02:02:50,224 [D] subprocess cmd: ['source compile.sh /home/bohrok/Documents/DM/output/orbs/wc/13/work'], stdout: b''	(at ex_script.py:45) 
2019-03-02 02:02:50,224 [D] ┌:F:n:WD_3:wc.c:8	(at logger.py:129) 
2019-03-02 02:02:50,224 [D] |:F:n:WD_3:wc.c:7	(at logger.py:129) 
2019-03-02 02:02:50,224 [D] └:F:n:WD_3:wc.c:5	(at logger.py:129) 
2019-03-02 02:02:50,235 [D] subprocess cmd: ['source compile.sh /home/bohrok/Documents/DM/output/orbs/wc/13/work'], stdout: b''	(at ex_script.py:45) 
2019-03-02 02:02:50,235 [D] -:F:n:WD_1:wc.c:7	(at logger.py:129) 
2019-03-02 02:02:50,248 [D] subprocess cmd: ['source compile.sh /home/bohrok/Documents/DM/output/orbs/wc/13/work'], stdout: b''	(at ex_script.py:45) 
2019-03-02 02:02:50,248 [D] ┌:F:n:WD_2:wc.c:7	(at logger.py:129) 
2019-03-02 02:02:50,248 [D] └:F:n:WD_2:wc.c:5	(at logger.py:129) 
2019-03-02 02:02:50,260 [D] subprocess cmd: ['source compile.sh /home/bohrok/Documents/DM/output/orbs/wc/13/work'], stdout: b''	(at ex_script.py:45) 
2019-03-02 02:02:50,260 [D] ┌:F:n:WD_3:wc.c:7	(at logger.py:129) 
2019-03-02 02:02:50,260 [D] |:F:n:WD_3:wc.c:5	(at logger.py:129) 
2019-03-02 02:02:50,260 [D] └:F:n:WD_3:wc.c:4	(at logger.py:129) 
2019-03-02 02:02:50,260 [D]  : : :pass:wc.c:6	(at logger.py:129) 
2019-03-02 02:02:50,272 [D] subprocess cmd: ['source compile.sh /home/bohrok/Documents/DM/output/orbs/wc/13/work'], stdout: b''	(at ex_script.py:45) 
2019-03-02 02:02:50,272 [D] -:F:n:WD_1:wc.c:5	(at logger.py:129) 
2019-03-02 02:02:50,282 [D] subprocess cmd: ['source compile.sh /home/bohrok/Documents/DM/output/orbs/wc/13/work'], stdout: b''	(at ex_script.py:45) 
2019-03-02 02:02:50,282 [D] ┌:F:n:WD_2:wc.c:5	(at logger.py:129) 
2019-03-02 02:02:50,282 [D] └:F:n:WD_2:wc.c:4	(at logger.py:129) 
2019-03-02 02:02:50,295 [D] subprocess cmd: ['source compile.sh /home/bohrok/Documents/DM/output/orbs/wc/13/work'], stdout: b''	(at ex_script.py:45) 
2019-03-02 02:02:50,295 [D] ┌:F:n:WD_3:wc.c:5	(at logger.py:129) 
2019-03-02 02:02:50,295 [D] |:F:n:WD_3:wc.c:4	(at logger.py:129) 
2019-03-02 02:02:50,296 [D] └:F:n:WD_3:wc.c:3	(at logger.py:129) 
2019-03-02 02:02:50,307 [D] subprocess cmd: ['source compile.sh /home/bohrok/Documents/DM/output/orbs/wc/13/work'], stdout: b''	(at ex_script.py:45) 
2019-03-02 02:02:50,308 [D] -:F:n:WD_1:wc.c:4	(at logger.py:129) 
2019-03-02 02:02:50,318 [D] subprocess cmd: ['source compile.sh /home/bohrok/Documents/DM/output/orbs/wc/13/work'], stdout: b''	(at ex_script.py:45) 
2019-03-02 02:02:50,318 [D] ┌:F:n:WD_2:wc.c:4	(at logger.py:129) 
2019-03-02 02:02:50,318 [D] └:F:n:WD_2:wc.c:3	(at logger.py:129) 
2019-03-02 02:02:50,331 [D] subprocess cmd: ['source compile.sh /home/bohrok/Documents/DM/output/orbs/wc/13/work'], stdout: b''	(at ex_script.py:45) 
2019-03-02 02:02:50,331 [D] ┌:F:n:WD_3:wc.c:4	(at logger.py:129) 
2019-03-02 02:02:50,331 [D] |:F:n:WD_3:wc.c:3	(at logger.py:129) 
2019-03-02 02:02:50,331 [D] └:F:n:WD_3:wc.c:2	(at logger.py:129) 
2019-03-02 02:02:50,343 [D] subprocess cmd: ['source compile.sh /home/bohrok/Documents/DM/output/orbs/wc/13/work'], stdout: b''	(at ex_script.py:45) 
2019-03-02 02:02:50,343 [D] -:F:n:WD_1:wc.c:3	(at logger.py:129) 
2019-03-02 02:02:50,355 [D] subprocess cmd: ['source compile.sh /home/bohrok/Documents/DM/output/orbs/wc/13/work'], stdout: b''	(at ex_script.py:45) 
2019-03-02 02:02:50,355 [D] ┌:F:n:WD_2:wc.c:3	(at logger.py:129) 
2019-03-02 02:02:50,355 [D] └:F:n:WD_2:wc.c:2	(at logger.py:129) 
2019-03-02 02:02:50,355 [D] ┌:F:n:WD_3:wc.c:3	(at logger.py:129) 
2019-03-02 02:02:50,355 [D] └:F:n:WD_3:wc.c:2	(at logger.py:129) 
2019-03-02 02:02:50,366 [D] subprocess cmd: ['source compile.sh /home/bohrok/Documents/DM/output/orbs/wc/13/work'], stdout: b''	(at ex_script.py:45) 
2019-03-02 02:02:50,366 [D] -:F:n:WD_1:wc.c:2	(at logger.py:129) 
2019-03-02 02:02:50,366 [D] -:F:n:WD_2:wc.c:2	(at logger.py:129) 
2019-03-02 02:02:50,366 [D] -:F:n:WD_3:wc.c:2	(at logger.py:129) 
2019-03-02 02:02:50,367 [D]  : : :pass:wc.c:1	(at logger.py:129) 
2019-03-02 02:02:50,367 [D] comp_cached_cnt:6	(at logger.py:134) 
2019-03-02 02:02:50,367 [D] compile_cnt:107	(at logger.py:134) 
2019-03-02 02:02:50,367 [D] execute_cnt:19	(at logger.py:134) 
2019-03-02 02:02:50,367 [D] fail_del_cnt:24	(at logger.py:134) 
2019-03-02 02:02:50,367 [D] iter_idx:2	(at logger.py:134) 
2019-03-02 02:02:50,367 [D] reuse_cnt:6	(at logger.py:134) 
2019-03-02 02:02:50,367 [D] succ_del_cnt:1	(at logger.py:134) 
2019-03-02 02:02:50,367 [D] time:2.0186967849731445	(at logger.py:134) 
2019-03-02 02:02:50,367 [D] deletion:11	(at logger.py:136) 
2019-03-02 02:02:50,367 [I] Iteration 2 finished	(at orbs.py:87) 
2019-03-02 02:02:50,380 [D] subprocess cmd: ['source compile.sh /home/bohrok/Documents/DM/output/orbs/wc/13/work'], stdout: b''	(at ex_script.py:45) 
2019-03-02 02:02:50,380 [D] -:F:n:WD_1:wc.c:48	(at logger.py:129) 
2019-03-02 02:02:50,392 [D] subprocess cmd: ['source compile.sh /home/bohrok/Documents/DM/output/orbs/wc/13/work'], stdout: b''	(at ex_script.py:45) 
2019-03-02 02:02:50,392 [D] ┌:F:n:WD_2:wc.c:48	(at logger.py:129) 
2019-03-02 02:02:50,392 [D] └:F:n:WD_2:wc.c:47	(at logger.py:129) 
2019-03-02 02:02:50,403 [D] subprocess cmd: ['source compile.sh /home/bohrok/Documents/DM/output/orbs/wc/13/work'], stdout: b''	(at ex_script.py:45) 
2019-03-02 02:02:50,403 [D] ┌:F:n:WD_3:wc.c:48	(at logger.py:129) 
2019-03-02 02:02:50,403 [D] |:F:n:WD_3:wc.c:47	(at logger.py:129) 
2019-03-02 02:02:50,403 [D] └:F:n:WD_3:wc.c:46	(at logger.py:129) 
2019-03-02 02:02:50,414 [D] subprocess cmd: ['source compile.sh /home/bohrok/Documents/DM/output/orbs/wc/13/work'], stdout: b''	(at ex_script.py:45) 
2019-03-02 02:02:50,415 [D] -:F:n:WD_1:wc.c:47	(at logger.py:129) 
2019-03-02 02:02:50,426 [D] subprocess cmd: ['source compile.sh /home/bohrok/Documents/DM/output/orbs/wc/13/work'], stdout: b''	(at ex_script.py:45) 
2019-03-02 02:02:50,427 [D] ┌:F:n:WD_2:wc.c:47	(at logger.py:129) 
2019-03-02 02:02:50,427 [D] └:F:n:WD_2:wc.c:46	(at logger.py:129) 
2019-03-02 02:02:50,461 [D] ┌:C:c:WD_3:wc.c:47	(at logger.py:129) 
2019-03-02 02:02:50,461 [D] |:C:c:WD_3:wc.c:46	(at logger.py:129) 
2019-03-02 02:02:50,461 [D] └:C:c:WD_3:wc.c:45	(at logger.py:129) 
2019-03-02 02:02:50,495 [D] -:C:c:WD_1:wc.c:46	(at logger.py:129) 
2019-03-02 02:02:50,507 [D] subprocess cmd: ['source compile.sh /home/bohrok/Documents/DM/output/orbs/wc/13/work'], stdout: b''	(at ex_script.py:45) 
2019-03-02 02:02:50,507 [D] ┌:F:n:WD_2:wc.c:46	(at logger.py:129) 
2019-03-02 02:02:50,507 [D] └:F:n:WD_2:wc.c:45	(at logger.py:129) 
2019-03-02 02:02:50,507 [D] ┌:C:c:WD_3:wc.c:46	(at logger.py:129) 
2019-03-02 02:02:50,507 [D] |:C:c:WD_3:wc.c:45	(at logger.py:129) 
2019-03-02 02:02:50,507 [D] └:C:c:WD_3:wc.c:43	(at logger.py:129) 
2019-03-02 02:02:50,518 [D] subprocess cmd: ['source compile.sh /home/bohrok/Documents/DM/output/orbs/wc/13/work'], stdout: b''	(at ex_script.py:45) 
2019-03-02 02:02:50,519 [D] -:F:n:WD_1:wc.c:45	(at logger.py:129) 
2019-03-02 02:02:50,556 [D] ┌:C:c:WD_2:wc.c:45	(at logger.py:129) 
2019-03-02 02:02:50,556 [D] └:C:c:WD_2:wc.c:43	(at logger.py:129) 
2019-03-02 02:02:50,587 [D] ┌:C:c:WD_3:wc.c:45	(at logger.py:129) 
2019-03-02 02:02:50,587 [D] |:C:c:WD_3:wc.c:43	(at logger.py:129) 
2019-03-02 02:02:50,587 [D] └:C:c:WD_3:wc.c:42	(at logger.py:129) 
2019-03-02 02:02:50,588 [D]  : : :pass:wc.c:44	(at logger.py:129) 
2019-03-02 02:02:50,599 [D] subprocess cmd: ['source compile.sh /home/bohrok/Documents/DM/output/orbs/wc/13/work'], stdout: b''	(at ex_script.py:45) 
2019-03-02 02:02:50,599 [D] -:F:n:WD_1:wc.c:43	(at logger.py:129) 
2019-03-02 02:02:50,611 [D] subprocess cmd: ['source compile.sh /home/bohrok/Documents/DM/output/orbs/wc/13/work'], stdout: b''	(at ex_script.py:45) 
2019-03-02 02:02:50,611 [D] ┌:F:n:WD_2:wc.c:43	(at logger.py:129) 
2019-03-02 02:02:50,611 [D] └:F:n:WD_2:wc.c:42	(at logger.py:129) 
2019-03-02 02:02:50,612 [D] ┌:C:c:WD_3:wc.c:43	(at logger.py:129) 
2019-03-02 02:02:50,612 [D] |:C:c:WD_3:wc.c:42	(at logger.py:129) 
2019-03-02 02:02:50,612 [D] └:C:c:WD_3:wc.c:41	(at logger.py:129) 
2019-03-02 02:02:50,642 [D] -:C:c:WD_1:wc.c:42	(at logger.py:129) 
2019-03-02 02:02:50,652 [D] subprocess cmd: ['source compile.sh /home/bohrok/Documents/DM/output/orbs/wc/13/work'], stdout: b''	(at ex_script.py:45) 
2019-03-02 02:02:50,652 [D] ┌:F:n:WD_2:wc.c:42	(at logger.py:129) 
2019-03-02 02:02:50,652 [D] └:F:n:WD_2:wc.c:41	(at logger.py:129) 
2019-03-02 02:02:50,664 [D] subprocess cmd: ['source compile.sh /home/bohrok/Documents/DM/output/orbs/wc/13/work'], stdout: b''	(at ex_script.py:45) 
2019-03-02 02:02:50,664 [D] ┌:F:n:WD_3:wc.c:42	(at logger.py:129) 
2019-03-02 02:02:50,664 [D] |:F:n:WD_3:wc.c:41	(at logger.py:129) 
2019-03-02 02:02:50,664 [D] └:F:n:WD_3:wc.c:40	(at logger.py:129) 
2019-03-02 02:02:50,676 [D] subprocess cmd: ['source compile.sh /home/bohrok/Documents/DM/output/orbs/wc/13/work'], stdout: b''	(at ex_script.py:45) 
2019-03-02 02:02:50,677 [D] -:F:n:WD_1:wc.c:41	(at logger.py:129) 
2019-03-02 02:02:50,688 [D] subprocess cmd: ['source compile.sh /home/bohrok/Documents/DM/output/orbs/wc/13/work'], stdout: b''	(at ex_script.py:45) 
2019-03-02 02:02:50,688 [D] ┌:F:n:WD_2:wc.c:41	(at logger.py:129) 
2019-03-02 02:02:50,688 [D] └:F:n:WD_2:wc.c:40	(at logger.py:129) 
2019-03-02 02:02:50,700 [D] subprocess cmd: ['source compile.sh /home/bohrok/Documents/DM/output/orbs/wc/13/work'], stdout: b''	(at ex_script.py:45) 
2019-03-02 02:02:50,700 [D] ┌:F:n:WD_3:wc.c:41	(at logger.py:129) 
2019-03-02 02:02:50,700 [D] |:F:n:WD_3:wc.c:40	(at logger.py:129) 
2019-03-02 02:02:50,700 [D] └:F:n:WD_3:wc.c:39	(at logger.py:129) 
2019-03-02 02:02:50,713 [D] subprocess cmd: ['source compile.sh /home/bohrok/Documents/DM/output/orbs/wc/13/work'], stdout: b''	(at ex_script.py:45) 
2019-03-02 02:02:50,714 [D] -:F:n:WD_1:wc.c:40	(at logger.py:129) 
2019-03-02 02:02:50,748 [D] ┌:C:c:WD_2:wc.c:40	(at logger.py:129) 
2019-03-02 02:02:50,748 [D] └:C:c:WD_2:wc.c:39	(at logger.py:129) 
2019-03-02 02:02:50,760 [D] subprocess cmd: ['source compile.sh /home/bohrok/Documents/DM/output/orbs/wc/13/work'], stdout: b''	(at ex_script.py:45) 
2019-03-02 02:02:50,760 [D] ┌:F:n:WD_3:wc.c:40	(at logger.py:129) 
2019-03-02 02:02:50,760 [D] |:F:n:WD_3:wc.c:39	(at logger.py:129) 
2019-03-02 02:02:50,760 [D] └:F:n:WD_3:wc.c:37	(at logger.py:129) 
2019-03-02 02:02:50,772 [D] subprocess cmd: ['source compile.sh /home/bohrok/Documents/DM/output/orbs/wc/13/work'], stdout: b''	(at ex_script.py:45) 
2019-03-02 02:02:50,772 [D] -:F:n:WD_1:wc.c:39	(at logger.py:129) 
2019-03-02 02:02:50,782 [D] subprocess cmd: ['source compile.sh /home/bohrok/Documents/DM/output/orbs/wc/13/work'], stdout: b''	(at ex_script.py:45) 
2019-03-02 02:02:50,783 [D] ┌:F:n:WD_2:wc.c:39	(at logger.py:129) 
2019-03-02 02:02:50,783 [D] └:F:n:WD_2:wc.c:37	(at logger.py:129) 
2019-03-02 02:02:50,795 [D] subprocess cmd: ['source compile.sh /home/bohrok/Documents/DM/output/orbs/wc/13/work'], stdout: b''	(at ex_script.py:45) 
2019-03-02 02:02:50,796 [D] ┌:F:n:WD_3:wc.c:39	(at logger.py:129) 
2019-03-02 02:02:50,796 [D] |:F:n:WD_3:wc.c:37	(at logger.py:129) 
2019-03-02 02:02:50,796 [D] └:F:n:WD_3:wc.c:36	(at logger.py:129) 
2019-03-02 02:02:50,796 [D]  : : :pass:wc.c:38	(at logger.py:129) 
2019-03-02 02:02:50,807 [D] subprocess cmd: ['source compile.sh /home/bohrok/Documents/DM/output/orbs/wc/13/work'], stdout: b''	(at ex_script.py:45) 
2019-03-02 02:02:50,807 [D] -:F:n:WD_1:wc.c:37	(at logger.py:129) 
2019-03-02 02:02:50,818 [D] subprocess cmd: ['source compile.sh /home/bohrok/Documents/DM/output/orbs/wc/13/work'], stdout: b''	(at ex_script.py:45) 
2019-03-02 02:02:50,818 [D] ┌:F:n:WD_2:wc.c:37	(at logger.py:129) 
2019-03-02 02:02:50,818 [D] └:F:n:WD_2:wc.c:36	(at logger.py:129) 
2019-03-02 02:02:50,852 [D] subprocess cmd: ['source compile.sh /home/bohrok/Documents/DM/output/orbs/wc/13/work'], stdout: b''	(at ex_script.py:45) 
2019-03-02 02:02:50,853 [D] ┌:F:n:WD_3:wc.c:37	(at logger.py:129) 
2019-03-02 02:02:50,853 [D] |:F:n:WD_3:wc.c:36	(at logger.py:129) 
2019-03-02 02:02:50,853 [D] └:F:n:WD_3:wc.c:35	(at logger.py:129) 
2019-03-02 02:02:50,864 [D] subprocess cmd: ['source compile.sh /home/bohrok/Documents/DM/output/orbs/wc/13/work'], stdout: b''	(at ex_script.py:45) 
2019-03-02 02:02:50,864 [D] -:F:n:WD_1:wc.c:36	(at logger.py:129) 
2019-03-02 02:02:50,875 [D] subprocess cmd: ['source compile.sh /home/bohrok/Documents/DM/output/orbs/wc/13/work'], stdout: b''	(at ex_script.py:45) 
2019-03-02 02:02:50,876 [D] ┌:F:n:WD_2:wc.c:36	(at logger.py:129) 
2019-03-02 02:02:50,876 [D] └:F:n:WD_2:wc.c:35	(at logger.py:129) 
2019-03-02 02:02:50,885 [D] subprocess cmd: ['source compile.sh /home/bohrok/Documents/DM/output/orbs/wc/13/work'], stdout: b''	(at ex_script.py:45) 
2019-03-02 02:02:50,886 [D] ┌:F:n:WD_3:wc.c:36	(at logger.py:129) 
2019-03-02 02:02:50,886 [D] |:F:n:WD_3:wc.c:35	(at logger.py:129) 
2019-03-02 02:02:50,886 [D] └:F:n:WD_3:wc.c:34	(at logger.py:129) 
2019-03-02 02:02:50,899 [D] subprocess cmd: ['source compile.sh /home/bohrok/Documents/DM/output/orbs/wc/13/work'], stdout: b''	(at ex_script.py:45) 
2019-03-02 02:02:50,900 [D] -:F:n:WD_1:wc.c:35	(at logger.py:129) 
2019-03-02 02:02:50,912 [D] subprocess cmd: ['source compile.sh /home/bohrok/Documents/DM/output/orbs/wc/13/work'], stdout: b''	(at ex_script.py:45) 
2019-03-02 02:02:50,913 [D] ┌:F:n:WD_2:wc.c:35	(at logger.py:129) 
2019-03-02 02:02:50,913 [D] └:F:n:WD_2:wc.c:34	(at logger.py:129) 
2019-03-02 02:02:50,923 [D] subprocess cmd: ['source compile.sh /home/bohrok/Documents/DM/output/orbs/wc/13/work'], stdout: b''	(at ex_script.py:45) 
2019-03-02 02:02:50,924 [D] ┌:F:n:WD_3:wc.c:35	(at logger.py:129) 
2019-03-02 02:02:50,924 [D] |:F:n:WD_3:wc.c:34	(at logger.py:129) 
2019-03-02 02:02:50,924 [D] └:F:n:WD_3:wc.c:33	(at logger.py:129) 
2019-03-02 02:02:50,934 [D] subprocess cmd: ['source compile.sh /home/bohrok/Documents/DM/output/orbs/wc/13/work'], stdout: b''	(at ex_script.py:45) 
2019-03-02 02:02:50,935 [D] -:F:n:WD_1:wc.c:34	(at logger.py:129) 
2019-03-02 02:02:50,947 [D] subprocess cmd: ['source compile.sh /home/bohrok/Documents/DM/output/orbs/wc/13/work'], stdout: b''	(at ex_script.py:45) 
2019-03-02 02:02:50,947 [D] ┌:F:n:WD_2:wc.c:34	(at logger.py:129) 
2019-03-02 02:02:50,947 [D] └:F:n:WD_2:wc.c:33	(at logger.py:129) 
2019-03-02 02:02:51,065 [D] subprocess cmd: ['source compile.sh /home/bohrok/Documents/DM/output/orbs/wc/13/work'], stdout: b''	(at ex_script.py:45) 
2019-03-02 02:02:51,065 [D] ┌:F:n:WD_3:wc.c:34	(at logger.py:129) 
2019-03-02 02:02:51,066 [D] |:F:n:WD_3:wc.c:33	(at logger.py:129) 
2019-03-02 02:02:51,066 [D] └:F:n:WD_3:wc.c:32	(at logger.py:129) 
2019-03-02 02:02:51,212 [D] subprocess cmd: ['source compile.sh /home/bohrok/Documents/DM/output/orbs/wc/13/work'], stdout: b''	(at ex_script.py:45) 
2019-03-02 02:02:51,212 [D] -:F:n:WD_1:wc.c:33	(at logger.py:129) 
2019-03-02 02:02:51,229 [D] subprocess cmd: ['source compile.sh /home/bohrok/Documents/DM/output/orbs/wc/13/work'], stdout: b''	(at ex_script.py:45) 
2019-03-02 02:02:51,229 [D] ┌:F:n:WD_2:wc.c:33	(at logger.py:129) 
2019-03-02 02:02:51,229 [D] └:F:n:WD_2:wc.c:32	(at logger.py:129) 
2019-03-02 02:02:51,245 [D] subprocess cmd: ['source compile.sh /home/bohrok/Documents/DM/output/orbs/wc/13/work'], stdout: b''	(at ex_script.py:45) 
2019-03-02 02:02:51,245 [D] ┌:F:n:WD_3:wc.c:33	(at logger.py:129) 
2019-03-02 02:02:51,245 [D] |:F:n:WD_3:wc.c:32	(at logger.py:129) 
2019-03-02 02:02:51,245 [D] └:F:n:WD_3:wc.c:31	(at logger.py:129) 
2019-03-02 02:02:51,285 [D] -:C:c:WD_1:wc.c:32	(at logger.py:129) 
2019-03-02 02:02:51,298 [D] subprocess cmd: ['source compile.sh /home/bohrok/Documents/DM/output/orbs/wc/13/work'], stdout: b''	(at ex_script.py:45) 
2019-03-02 02:02:51,298 [D] ┌:F:n:WD_2:wc.c:32	(at logger.py:129) 
2019-03-02 02:02:51,298 [D] └:F:n:WD_2:wc.c:31	(at logger.py:129) 
2019-03-02 02:02:51,310 [D] subprocess cmd: ['source compile.sh /home/bohrok/Documents/DM/output/orbs/wc/13/work'], stdout: b''	(at ex_script.py:45) 
2019-03-02 02:02:51,310 [D] ┌:F:n:WD_3:wc.c:32	(at logger.py:129) 
2019-03-02 02:02:51,310 [D] |:F:n:WD_3:wc.c:31	(at logger.py:129) 
2019-03-02 02:02:51,310 [D] └:F:n:WD_3:wc.c:30	(at logger.py:129) 
2019-03-02 02:02:51,322 [D] subprocess cmd: ['source compile.sh /home/bohrok/Documents/DM/output/orbs/wc/13/work'], stdout: b''	(at ex_script.py:45) 
2019-03-02 02:02:51,322 [D] -:F:n:WD_1:wc.c:31	(at logger.py:129) 
2019-03-02 02:02:51,333 [D] subprocess cmd: ['source compile.sh /home/bohrok/Documents/DM/output/orbs/wc/13/work'], stdout: b''	(at ex_script.py:45) 
2019-03-02 02:02:51,333 [D] ┌:F:n:WD_2:wc.c:31	(at logger.py:129) 
2019-03-02 02:02:51,333 [D] └:F:n:WD_2:wc.c:30	(at logger.py:129) 
2019-03-02 02:02:51,369 [D] ┌:C:c:WD_3:wc.c:31	(at logger.py:129) 
2019-03-02 02:02:51,369 [D] |:C:c:WD_3:wc.c:30	(at logger.py:129) 
2019-03-02 02:02:51,369 [D] └:C:c:WD_3:wc.c:29	(at logger.py:129) 
2019-03-02 02:02:51,400 [D] -:C:c:WD_1:wc.c:30	(at logger.py:129) 
2019-03-02 02:02:51,412 [D] subprocess cmd: ['source compile.sh /home/bohrok/Documents/DM/output/orbs/wc/13/work'], stdout: b''	(at ex_script.py:45) 
2019-03-02 02:02:51,412 [D] ┌:F:n:WD_2:wc.c:30	(at logger.py:129) 
2019-03-02 02:02:51,412 [D] └:F:n:WD_2:wc.c:29	(at logger.py:129) 
2019-03-02 02:02:51,424 [D] subprocess cmd: ['source compile.sh /home/bohrok/Documents/DM/output/orbs/wc/13/work'], stdout: b''	(at ex_script.py:45) 
2019-03-02 02:02:51,424 [D] ┌:F:n:WD_3:wc.c:30	(at logger.py:129) 
2019-03-02 02:02:51,424 [D] |:F:n:WD_3:wc.c:29	(at logger.py:129) 
2019-03-02 02:02:51,424 [D] └:F:n:WD_3:wc.c:28	(at logger.py:129) 
2019-03-02 02:02:51,434 [D] subprocess cmd: ['source compile.sh /home/bohrok/Documents/DM/output/orbs/wc/13/work'], stdout: b''	(at ex_script.py:45) 
2019-03-02 02:02:51,434 [D] -:F:n:WD_1:wc.c:29	(at logger.py:129) 
2019-03-02 02:02:51,448 [D] subprocess cmd: ['source compile.sh /home/bohrok/Documents/DM/output/orbs/wc/13/work'], stdout: b''	(at ex_script.py:45) 
2019-03-02 02:02:51,448 [D] ┌:F:n:WD_2:wc.c:29	(at logger.py:129) 
2019-03-02 02:02:51,448 [D] └:F:n:WD_2:wc.c:28	(at logger.py:129) 
2019-03-02 02:02:51,460 [D] subprocess cmd: ['source compile.sh /home/bohrok/Documents/DM/output/orbs/wc/13/work'], stdout: b''	(at ex_script.py:45) 
2019-03-02 02:02:51,460 [D] ┌:F:n:WD_3:wc.c:29	(at logger.py:129) 
2019-03-02 02:02:51,460 [D] |:F:n:WD_3:wc.c:28	(at logger.py:129) 
2019-03-02 02:02:51,460 [D] └:F:n:WD_3:wc.c:27	(at logger.py:129) 
2019-03-02 02:02:51,471 [D] subprocess cmd: ['source compile.sh /home/bohrok/Documents/DM/output/orbs/wc/13/work'], stdout: b''	(at ex_script.py:45) 
2019-03-02 02:02:51,471 [D] -:F:n:WD_1:wc.c:28	(at logger.py:129) 
2019-03-02 02:02:51,483 [D] subprocess cmd: ['source compile.sh /home/bohrok/Documents/DM/output/orbs/wc/13/work'], stdout: b''	(at ex_script.py:45) 
2019-03-02 02:02:51,484 [D] ┌:F:n:WD_2:wc.c:28	(at logger.py:129) 
2019-03-02 02:02:51,484 [D] └:F:n:WD_2:wc.c:27	(at logger.py:129) 
2019-03-02 02:02:51,497 [D] subprocess cmd: ['source compile.sh /home/bohrok/Documents/DM/output/orbs/wc/13/work'], stdout: b''	(at ex_script.py:45) 
2019-03-02 02:02:51,497 [D] ┌:F:n:WD_3:wc.c:28	(at logger.py:129) 
2019-03-02 02:02:51,497 [D] |:F:n:WD_3:wc.c:27	(at logger.py:129) 
2019-03-02 02:02:51,497 [D] └:F:n:WD_3:wc.c:25	(at logger.py:129) 
2019-03-02 02:02:51,530 [D] -:C:c:WD_1:wc.c:27	(at logger.py:129) 
2019-03-02 02:02:51,562 [D] ┌:C:c:WD_2:wc.c:27	(at logger.py:129) 
2019-03-02 02:02:51,563 [D] └:C:c:WD_2:wc.c:25	(at logger.py:129) 
2019-03-02 02:02:51,597 [D] ┌:C:c:WD_3:wc.c:27	(at logger.py:129) 
2019-03-02 02:02:51,597 [D] |:C:c:WD_3:wc.c:25	(at logger.py:129) 
2019-03-02 02:02:51,597 [D] └:C:c:WD_3:wc.c:24	(at logger.py:129) 
2019-03-02 02:02:51,597 [D]  : : :pass:wc.c:26	(at logger.py:129) 
2019-03-02 02:02:51,628 [D] -:C:c:WD_1:wc.c:25	(at logger.py:129) 
2019-03-02 02:02:51,656 [D] ┌:C:c:WD_2:wc.c:25	(at logger.py:129) 
2019-03-02 02:02:51,657 [D] └:C:c:WD_2:wc.c:24	(at logger.py:129) 
2019-03-02 02:02:51,667 [D] subprocess cmd: ['source compile.sh /home/bohrok/Documents/DM/output/orbs/wc/13/work'], stdout: b''	(at ex_script.py:45) 
2019-03-02 02:02:51,667 [D] ┌:F:n:WD_3:wc.c:25	(at logger.py:129) 
2019-03-02 02:02:51,667 [D] |:F:n:WD_3:wc.c:24	(at logger.py:129) 
2019-03-02 02:02:51,667 [D] └:F:n:WD_3:wc.c:23	(at logger.py:129) 
2019-03-02 02:02:51,699 [D] -:C:c:WD_1:wc.c:24	(at logger.py:129) 
2019-03-02 02:02:51,710 [D] subprocess cmd: ['source compile.sh /home/bohrok/Documents/DM/output/orbs/wc/13/work'], stdout: b''	(at ex_script.py:45) 
2019-03-02 02:02:51,711 [D] ┌:F:n:WD_2:wc.c:24	(at logger.py:129) 
2019-03-02 02:02:51,711 [D] └:F:n:WD_2:wc.c:23	(at logger.py:129) 
2019-03-02 02:02:51,722 [D] subprocess cmd: ['source compile.sh /home/bohrok/Documents/DM/output/orbs/wc/13/work'], stdout: b''	(at ex_script.py:45) 
2019-03-02 02:02:51,722 [D] ┌:F:n:WD_3:wc.c:24	(at logger.py:129) 
2019-03-02 02:02:51,722 [D] |:F:n:WD_3:wc.c:23	(at logger.py:129) 
2019-03-02 02:02:51,722 [D] └:F:n:WD_3:wc.c:22	(at logger.py:129) 
2019-03-02 02:02:51,733 [D] subprocess cmd: ['source compile.sh /home/bohrok/Documents/DM/output/orbs/wc/13/work'], stdout: b''	(at ex_script.py:45) 
2019-03-02 02:02:51,733 [D] -:F:n:WD_1:wc.c:23	(at logger.py:129) 
2019-03-02 02:02:51,746 [D] subprocess cmd: ['source compile.sh /home/bohrok/Documents/DM/output/orbs/wc/13/work'], stdout: b''	(at ex_script.py:45) 
2019-03-02 02:02:51,746 [D] ┌:F:n:WD_2:wc.c:23	(at logger.py:129) 
2019-03-02 02:02:51,746 [D] └:F:n:WD_2:wc.c:22	(at logger.py:129) 
2019-03-02 02:02:51,758 [D] subprocess cmd: ['source compile.sh /home/bohrok/Documents/DM/output/orbs/wc/13/work'], stdout: b''	(at ex_script.py:45) 
2019-03-02 02:02:51,758 [D] ┌:F:n:WD_3:wc.c:23	(at logger.py:129) 
2019-03-02 02:02:51,758 [D] |:F:n:WD_3:wc.c:22	(at logger.py:129) 
2019-03-02 02:02:51,758 [D] └:F:n:WD_3:wc.c:21	(at logger.py:129) 
2019-03-02 02:02:51,793 [D] -:C:c:WD_1:wc.c:22	(at logger.py:129) 
2019-03-02 02:02:51,803 [D] subprocess cmd: ['source compile.sh /home/bohrok/Documents/DM/output/orbs/wc/13/work'], stdout: b''	(at ex_script.py:45) 
2019-03-02 02:02:51,803 [D] ┌:F:n:WD_2:wc.c:22	(at logger.py:129) 
2019-03-02 02:02:51,803 [D] └:F:n:WD_2:wc.c:21	(at logger.py:129) 
2019-03-02 02:02:51,814 [D] subprocess cmd: ['source compile.sh /home/bohrok/Documents/DM/output/orbs/wc/13/work'], stdout: b''	(at ex_script.py:45) 
2019-03-02 02:02:51,815 [D] ┌:F:n:WD_3:wc.c:22	(at logger.py:129) 
2019-03-02 02:02:51,815 [D] |:F:n:WD_3:wc.c:21	(at logger.py:129) 
2019-03-02 02:02:51,815 [D] └:F:n:WD_3:wc.c:20	(at logger.py:129) 
2019-03-02 02:02:51,826 [D] subprocess cmd: ['source compile.sh /home/bohrok/Documents/DM/output/orbs/wc/13/work'], stdout: b''	(at ex_script.py:45) 
2019-03-02 02:02:51,827 [D] -:F:n:WD_1:wc.c:21	(at logger.py:129) 
2019-03-02 02:02:51,837 [D] subprocess cmd: ['source compile.sh /home/bohrok/Documents/DM/output/orbs/wc/13/work'], stdout: b''	(at ex_script.py:45) 
2019-03-02 02:02:51,837 [D] ┌:F:n:WD_2:wc.c:21	(at logger.py:129) 
2019-03-02 02:02:51,837 [D] └:F:n:WD_2:wc.c:20	(at logger.py:129) 
2019-03-02 02:02:51,849 [D] subprocess cmd: ['source compile.sh /home/bohrok/Documents/DM/output/orbs/wc/13/work'], stdout: b''	(at ex_script.py:45) 
2019-03-02 02:02:51,849 [D] ┌:F:n:WD_3:wc.c:21	(at logger.py:129) 
2019-03-02 02:02:51,849 [D] |:F:n:WD_3:wc.c:20	(at logger.py:129) 
2019-03-02 02:02:51,849 [D] └:F:n:WD_3:wc.c:14	(at logger.py:129) 
2019-03-02 02:02:51,849 [D] -:F:n:WD_1:wc.c:20	(at logger.py:129) 
2019-03-02 02:02:51,861 [D] subprocess cmd: ['source compile.sh /home/bohrok/Documents/DM/output/orbs/wc/13/work'], stdout: b''	(at ex_script.py:45) 
2019-03-02 02:02:51,861 [D] ┌:F:n:WD_2:wc.c:20	(at logger.py:129) 
2019-03-02 02:02:51,861 [D] └:F:n:WD_2:wc.c:14	(at logger.py:129) 
2019-03-02 02:02:51,872 [D] subprocess cmd: ['source compile.sh /home/bohrok/Documents/DM/output/orbs/wc/13/work'], stdout: b''	(at ex_script.py:45) 
2019-03-02 02:02:51,872 [D] ┌:F:n:WD_3:wc.c:20	(at logger.py:129) 
2019-03-02 02:02:51,872 [D] |:F:n:WD_3:wc.c:14	(at logger.py:129) 
2019-03-02 02:02:51,872 [D] └:F:n:WD_3:wc.c:13	(at logger.py:129) 
2019-03-02 02:02:51,872 [D]  : : :pass:wc.c:19	(at logger.py:129) 
2019-03-02 02:02:51,872 [D]  : : :pass:wc.c:18	(at logger.py:129) 
2019-03-02 02:02:51,873 [D]  : : :pass:wc.c:17	(at logger.py:129) 
2019-03-02 02:02:51,873 [D]  : : :pass:wc.c:16	(at logger.py:129) 
2019-03-02 02:02:51,873 [D]  : : :pass:wc.c:15	(at logger.py:129) 
2019-03-02 02:02:51,873 [D] -:F:n:WD_1:wc.c:14	(at logger.py:129) 
2019-03-02 02:02:51,873 [D] ┌:F:n:WD_2:wc.c:14	(at logger.py:129) 
2019-03-02 02:02:51,873 [D] └:F:n:WD_2:wc.c:13	(at logger.py:129) 
2019-03-02 02:02:51,873 [D] ┌:F:n:WD_3:wc.c:14	(at logger.py:129) 
2019-03-02 02:02:51,873 [D] |:F:n:WD_3:wc.c:13	(at logger.py:129) 
2019-03-02 02:02:51,873 [D] └:F:n:WD_3:wc.c:12	(at logger.py:129) 
2019-03-02 02:02:51,873 [D] -:C:c:WD_1:wc.c:13	(at logger.py:129) 
2019-03-02 02:02:51,873 [D] ┌:C:c:WD_2:wc.c:13	(at logger.py:129) 
2019-03-02 02:02:51,873 [D] └:C:c:WD_2:wc.c:12	(at logger.py:129) 
2019-03-02 02:02:51,873 [D] ┌:C:c:WD_3:wc.c:13	(at logger.py:129) 
2019-03-02 02:02:51,874 [D] |:C:c:WD_3:wc.c:12	(at logger.py:129) 
2019-03-02 02:02:51,874 [D] └:C:c:WD_3:wc.c:10	(at logger.py:129) 
2019-03-02 02:02:51,874 [D] -:C:c:WD_1:wc.c:12	(at logger.py:129) 
2019-03-02 02:02:51,874 [D] ┌:C:c:WD_2:wc.c:12	(at logger.py:129) 
2019-03-02 02:02:51,874 [D] └:C:c:WD_2:wc.c:10	(at logger.py:129) 
2019-03-02 02:02:51,874 [D] ┌:F:n:WD_3:wc.c:12	(at logger.py:129) 
2019-03-02 02:02:51,874 [D] |:F:n:WD_3:wc.c:10	(at logger.py:129) 
2019-03-02 02:02:51,874 [D] └:F:n:WD_3:wc.c:9	(at logger.py:129) 
2019-03-02 02:02:51,874 [D]  : : :pass:wc.c:11	(at logger.py:129) 
2019-03-02 02:02:51,874 [D] -:C:c:WD_1:wc.c:10	(at logger.py:129) 
2019-03-02 02:02:51,874 [D] ┌:F:n:WD_2:wc.c:10	(at logger.py:129) 
2019-03-02 02:02:51,874 [D] └:F:n:WD_2:wc.c:9	(at logger.py:129) 
2019-03-02 02:02:51,875 [D] ┌:F:n:WD_3:wc.c:10	(at logger.py:129) 
2019-03-02 02:02:51,875 [D] |:F:n:WD_3:wc.c:9	(at logger.py:129) 
2019-03-02 02:02:51,875 [D] └:F:n:WD_3:wc.c:8	(at logger.py:129) 
2019-03-02 02:02:51,875 [D] -:F:n:WD_1:wc.c:9	(at logger.py:129) 
2019-03-02 02:02:51,875 [D] ┌:F:n:WD_2:wc.c:9	(at logger.py:129) 
2019-03-02 02:02:51,875 [D] └:F:n:WD_2:wc.c:8	(at logger.py:129) 
2019-03-02 02:02:51,875 [D] ┌:F:n:WD_3:wc.c:9	(at logger.py:129) 
2019-03-02 02:02:51,875 [D] |:F:n:WD_3:wc.c:8	(at logger.py:129) 
2019-03-02 02:02:51,875 [D] └:F:n:WD_3:wc.c:7	(at logger.py:129) 
2019-03-02 02:02:51,875 [D] -:F:n:WD_1:wc.c:8	(at logger.py:129) 
2019-03-02 02:02:51,875 [D] ┌:F:n:WD_2:wc.c:8	(at logger.py:129) 
2019-03-02 02:02:51,875 [D] └:F:n:WD_2:wc.c:7	(at logger.py:129) 
2019-03-02 02:02:51,875 [D] ┌:F:n:WD_3:wc.c:8	(at logger.py:129) 
2019-03-02 02:02:51,876 [D] |:F:n:WD_3:wc.c:7	(at logger.py:129) 
2019-03-02 02:02:51,876 [D] └:F:n:WD_3:wc.c:5	(at logger.py:129) 
2019-03-02 02:02:51,876 [D] -:F:n:WD_1:wc.c:7	(at logger.py:129) 
2019-03-02 02:02:51,876 [D] ┌:F:n:WD_2:wc.c:7	(at logger.py:129) 
2019-03-02 02:02:51,876 [D] └:F:n:WD_2:wc.c:5	(at logger.py:129) 
2019-03-02 02:02:51,876 [D] ┌:F:n:WD_3:wc.c:7	(at logger.py:129) 
2019-03-02 02:02:51,876 [D] |:F:n:WD_3:wc.c:5	(at logger.py:129) 
2019-03-02 02:02:51,876 [D] └:F:n:WD_3:wc.c:4	(at logger.py:129) 
2019-03-02 02:02:51,876 [D]  : : :pass:wc.c:6	(at logger.py:129) 
2019-03-02 02:02:51,876 [D] -:F:n:WD_1:wc.c:5	(at logger.py:129) 
2019-03-02 02:02:51,876 [D] ┌:F:n:WD_2:wc.c:5	(at logger.py:129) 
2019-03-02 02:02:51,876 [D] └:F:n:WD_2:wc.c:4	(at logger.py:129) 
2019-03-02 02:02:51,876 [D] ┌:F:n:WD_3:wc.c:5	(at logger.py:129) 
2019-03-02 02:02:51,876 [D] |:F:n:WD_3:wc.c:4	(at logger.py:129) 
2019-03-02 02:02:51,876 [D] └:F:n:WD_3:wc.c:3	(at logger.py:129) 
2019-03-02 02:02:51,877 [D] -:F:n:WD_1:wc.c:4	(at logger.py:129) 
2019-03-02 02:02:51,877 [D] ┌:F:n:WD_2:wc.c:4	(at logger.py:129) 
2019-03-02 02:02:51,877 [D] └:F:n:WD_2:wc.c:3	(at logger.py:129) 
2019-03-02 02:02:51,877 [D] ┌:F:n:WD_3:wc.c:4	(at logger.py:129) 
2019-03-02 02:02:51,877 [D] |:F:n:WD_3:wc.c:3	(at logger.py:129) 
2019-03-02 02:02:51,877 [D] └:F:n:WD_3:wc.c:2	(at logger.py:129) 
2019-03-02 02:02:51,877 [D] -:F:n:WD_1:wc.c:3	(at logger.py:129) 
2019-03-02 02:02:51,877 [D] ┌:F:n:WD_2:wc.c:3	(at logger.py:129) 
2019-03-02 02:02:51,877 [D] └:F:n:WD_2:wc.c:2	(at logger.py:129) 
2019-03-02 02:02:51,877 [D] ┌:F:n:WD_3:wc.c:3	(at logger.py:129) 
2019-03-02 02:02:51,877 [D] └:F:n:WD_3:wc.c:2	(at logger.py:129) 
2019-03-02 02:02:51,877 [D] -:F:n:WD_1:wc.c:2	(at logger.py:129) 
2019-03-02 02:02:51,878 [D] -:F:n:WD_2:wc.c:2	(at logger.py:129) 
2019-03-02 02:02:51,878 [D] -:F:n:WD_3:wc.c:2	(at logger.py:129) 
2019-03-02 02:02:51,878 [D]  : : :pass:wc.c:1	(at logger.py:129) 
2019-03-02 02:02:51,878 [D] comp_cached_cnt:36	(at logger.py:134) 
2019-03-02 02:02:51,878 [D] compile_cnt:75	(at logger.py:134) 
2019-03-02 02:02:51,878 [D] execute_cnt:0	(at logger.py:134) 
2019-03-02 02:02:51,878 [D] fail_del_cnt:24	(at logger.py:134) 
2019-03-02 02:02:51,878 [D] iter_idx:3	(at logger.py:134) 
2019-03-02 02:02:51,878 [D] reuse_cnt:24	(at logger.py:134) 
2019-03-02 02:02:51,878 [D] succ_del_cnt:0	(at logger.py:134) 
2019-03-02 02:02:51,878 [D] time:1.5101032257080078	(at logger.py:134) 
2019-03-02 02:02:51,878 [D] deletion:11	(at logger.py:136) 
2019-03-02 02:02:51,878 [I] Iteration 3 finished	(at orbs.py:87) 
2019-03-02 02:02:51,878 [D] total_lines:48	(at logger.py:74) 
2019-03-02 02:02:51,878 [D] iteration_cnt:3	(at logger.py:75) 
2019-03-02 02:02:51,879 [D] comp_cached_cnt:43	(at logger.py:79) 
2019-03-02 02:02:51,879 [D] compile_cnt:307	(at logger.py:79) 
2019-03-02 02:02:51,879 [D] execute_cnt:47	(at logger.py:79) 
2019-03-02 02:02:51,879 [D] fail_del_cnt:73	(at logger.py:79) 
2019-03-02 02:02:51,879 [D] reuse_cnt:36	(at logger.py:79) 
2019-03-02 02:02:51,879 [D] succ_del_cnt:10	(at logger.py:79) 
2019-03-02 02:02:51,879 [D] time:6.451267719268799	(at logger.py:80) 
2019-03-02 02:02:51,879 [D] deletion:11	(at logger.py:82) 
2019-03-02 02:02:51,879 [I] ORBS fin.	(at orbs.py:91) 
2019-03-02 02:02:51,879 [I] ===== END - RUN ==============================================	(at main.py:95) 
2019-03-02 02:02:51,879 [I] 	(at main.py:96) 
