2019-03-02 22:10:59,033 [I] output_path: output/model/mug/2hot/simple_bayes	(at model.py:166) 
2019-03-02 22:10:59,034 [I] factor_size: 9	(at model.py:121) 
2019-03-02 22:10:59,034 [I] response_size: 15	(at model.py:122) 
2019-03-02 22:10:59,054 [I] Criteria path loaded (path:output/original/mug/scripts/test/criteria)	(at model.py:43) 
2019-03-02 22:10:59,055 [I] unique response cnt: 16	(at model.py:179) 
2019-03-02 22:10:59,055 [I] 1 1 0 1 1 0 0 1 1 0 0 1 0 0 0	(at model.py:181) 
2019-03-02 22:10:59,055 [I] 1 1 1 1 1 1 0 1 0 1 1 1 1 0 1	(at model.py:181) 
2019-03-02 22:10:59,055 [I] 1 1 0 1 1 0 0 0 0 0 0 0 0 0 0	(at model.py:181) 
2019-03-02 22:10:59,055 [I] 1 1 0 1 1 0 0 0 1 0 0 0 0 0 0	(at model.py:181) 
2019-03-02 22:10:59,055 [I] 1 0 1 1 1 0 0 1 0 0 0 0 0 0 0	(at model.py:181) 
2019-03-02 22:10:59,055 [I] 1 0 1 1 1 0 0 1 1 0 0 0 0 0 0	(at model.py:181) 
2019-03-02 22:10:59,055 [I] 1 1 1 1 1 1 0 0 0 1 1 0 1 0 1	(at model.py:181) 
2019-03-02 22:10:59,055 [I] 1 1 1 1 1 1 1 0 1 1 1 0 1 1 1	(at model.py:181) 
2019-03-02 22:10:59,055 [I] 1 0 1 1 1 0 0 0 0 0 0 0 0 0 0	(at model.py:181) 
2019-03-02 22:10:59,055 [I] 1 0 1 1 1 0 0 0 1 0 0 0 0 0 0	(at model.py:181) 
2019-03-02 22:10:59,056 [I] 1 0 0 1 1 0 0 1 1 0 0 0 0 0 0	(at model.py:181) 
2019-03-02 22:10:59,056 [I] 1 1 0 0 1 0 0 0 0 0 0 0 0 0 0	(at model.py:181) 
2019-03-02 22:10:59,056 [I] 1 1 1 0 1 1 0 0 0 1 1 0 1 0 1	(at model.py:181) 
2019-03-02 22:10:59,056 [I] 1 1 1 1 1 1 1 1 1 1 1 1 1 1 1	(at model.py:181) 
2019-03-02 22:10:59,056 [I] 1 0 1 0 1 0 0 0 0 0 0 0 0 0 0	(at model.py:181) 
2019-03-02 22:10:59,056 [I] 1 1 0 1 1 0 0 1 0 0 0 1 0 0 0	(at model.py:181) 
2019-03-02 22:10:59,056 [I] Criterion ORBS:14:5:i (1): response_idx:2, vector_idx:11	(at model.py:135) 
2019-03-02 22:10:59,056 [I] inferred factor:
[0 1 1 1 1 1 1 1 1]	(at model.py:145) 
2019-03-02 22:10:59,885 [I] succ: True	(at model.py:150) 
2019-03-02 22:10:59,886 [I] response:
[1 0 1 0 1 0 0 0 0 0 0 0 0 0 0]	(at model.py:151) 
2019-03-02 22:10:59,886 [I] Criterion ORBS:15:5:c (2): response_idx:3, vector_idx:12	(at model.py:135) 
2019-03-02 22:10:59,887 [I] inferred factor:
[1 0 1 1 1 1 1 1 1]	(at model.py:145) 
2019-03-02 22:11:00,697 [I] succ: True	(at model.py:150) 
2019-03-02 22:11:00,697 [I] response:
[1 0 0 1 1 0 0 0 0 0 0 0 0 0 0]	(at model.py:151) 
2019-03-02 22:11:00,697 [I] Criterion ORBS:16:5:x (3): response_idx:4, vector_idx:13	(at model.py:135) 
2019-03-02 22:11:00,698 [I] inferred factor:
[0 0 0 0 0 0 0 0 0]	(at model.py:145) 
2019-03-02 22:11:00,820 [I] succ: True	(at model.py:150) 
2019-03-02 22:11:00,821 [I] response:
[1 1 1 1 1 1 1 1 1 1 1 1 1 1 1]	(at model.py:151) 
2019-03-02 22:11:00,821 [I] Criterion ORBS:17:14:i (4): response_idx:5, vector_idx:14	(at model.py:135) 
2019-03-02 22:11:00,822 [I] inferred factor:
[0 1 1 1 0 1 0 1 1]	(at model.py:145) 
2019-03-02 22:11:00,954 [I] succ: True	(at model.py:150) 
2019-03-02 22:11:00,955 [I] response:
[1 1 1 0 1 1 0 0 0 1 1 0 1 0 1]	(at model.py:151) 
2019-03-02 22:11:00,955 [I] Criterion ORBS:19:15:c (5): response_idx:6, vector_idx:15	(at model.py:135) 
2019-03-02 22:11:00,955 [I] inferred factor:
[0 0 1 1 0 0 0 1 0]	(at model.py:145) 
2019-03-02 22:11:01,095 [I] succ: True	(at model.py:150) 
2019-03-02 22:11:01,095 [I] response:
[1 1 1 1 1 1 1 0 1 1 1 0 1 1 1]	(at model.py:151) 
2019-03-02 22:11:01,095 [I] Criterion ORBS:21:13:x (6): response_idx:7, vector_idx:16	(at model.py:135) 
2019-03-02 22:11:01,095 [I] inferred factor:
[1 0 1 1 1 0 1 0 1]	(at model.py:145) 
2019-03-02 22:11:01,913 [I] succ: True	(at model.py:150) 
2019-03-02 22:11:01,913 [I] response:
[1 0 0 1 1 0 0 1 0 0 0 0 0 0 0]	(at model.py:151) 
2019-03-02 22:11:01,913 [I] Criterion ORBS:22:13:c (7): response_idx:8, vector_idx:17	(at model.py:135) 
2019-03-02 22:11:01,913 [I] inferred factor:
[1 0 1 1 1 0 1 1 0]	(at model.py:145) 
2019-03-02 22:11:02,740 [I] succ: True	(at model.py:150) 
2019-03-02 22:11:02,741 [I] response:
[1 0 0 1 1 0 0 0 1 0 0 0 0 0 0]	(at model.py:151) 
2019-03-02 22:11:02,741 [I] Criterion ORBS:24:15:i (8): response_idx:9, vector_idx:18	(at model.py:135) 
2019-03-02 22:11:02,741 [I] inferred factor:
[0 1 1 1 0 1 0 1 1]	(at model.py:145) 
2019-03-02 22:11:02,871 [I] succ: True	(at model.py:150) 
2019-03-02 22:11:02,871 [I] response:
[1 1 1 0 1 1 0 0 0 1 1 0 1 0 1]	(at model.py:151) 
2019-03-02 22:11:02,871 [I] Criterion ORBS:24:9:i (9): response_idx:10, vector_idx:19	(at model.py:135) 
2019-03-02 22:11:02,871 [I] inferred factor:
[0 1 1 1 0 1 0 1 1]	(at model.py:145) 
2019-03-02 22:11:02,999 [I] succ: True	(at model.py:150) 
2019-03-02 22:11:02,999 [I] response:
[1 1 1 0 1 1 0 0 0 1 1 0 1 0 1]	(at model.py:151) 
2019-03-02 22:11:02,999 [I] Criterion ORBS:26:20:x (10): response_idx:11, vector_idx:20	(at model.py:135) 
2019-03-02 22:11:03,000 [I] inferred factor:
[1 0 1 1 0 0 0 0 1]	(at model.py:145) 
2019-03-02 22:11:03,510 [I] succ: True	(at model.py:150) 
2019-03-02 22:11:03,510 [I] response:
[1 1 0 1 1 0 0 1 0 0 0 1 0 0 0]	(at model.py:151) 
2019-03-02 22:11:03,511 [I] Criterion ORBS:30:9:i (11): response_idx:12, vector_idx:21	(at model.py:135) 
2019-03-02 22:11:03,511 [I] inferred factor:
[0 1 1 1 0 1 0 1 1]	(at model.py:145) 
2019-03-02 22:11:03,651 [I] succ: True	(at model.py:150) 
2019-03-02 22:11:03,652 [I] response:
[1 1 1 0 1 1 0 0 0 1 1 0 1 0 1]	(at model.py:151) 
2019-03-02 22:11:03,652 [I] Criterion ORBS:41:9:i (12): response_idx:13, vector_idx:22	(at model.py:135) 
2019-03-02 22:11:03,652 [I] inferred factor:
[0 0 1 1 0 0 0 1 0]	(at model.py:145) 
2019-03-02 22:11:03,781 [I] succ: True	(at model.py:150) 
2019-03-02 22:11:03,781 [I] response:
[1 1 1 1 1 1 1 0 1 1 1 0 1 1 1]	(at model.py:151) 
2019-03-02 22:11:03,781 [I] Criterion ORBS:52:12:i (13): response_idx:14, vector_idx:23	(at model.py:135) 
2019-03-02 22:11:03,781 [I] inferred factor:
[0 1 1 1 0 1 0 1 1]	(at model.py:145) 
2019-03-02 22:11:03,910 [I] succ: True	(at model.py:150) 
2019-03-02 22:11:03,910 [I] response:
[1 1 1 0 1 1 0 0 0 1 1 0 1 0 1]	(at model.py:151) 
2019-03-02 22:11:03,911 [I] success rate: 1.0	(at model.py:190) 
