2019-03-02 21:45:42,994 [I] output_path: output/model/wc/onehot/logistic	(at model.py:166) 
2019-03-02 21:45:42,995 [D] self._size = 21	(at cstmt_factor_manager.py:79) 
2019-03-02 21:45:42,995 [D] self._factor[0] = ('wc.c', [10:5 - 10:20])	(at cstmt_factor_manager.py:80) 
2019-03-02 21:45:42,995 [D] self._compile_script = output/original/wc/scripts/compile.sh	(at response_manager.py:17) 
2019-03-02 21:45:42,995 [D] self._test_suite[0] = output/original/wc/scripts/test/tc1.sh	(at response_manager.py:18) 
2019-03-02 21:45:42,995 [I] factor_size: 21	(at model.py:121) 
2019-03-02 21:45:42,995 [I] response_size: 19	(at model.py:122) 
2019-03-02 21:45:43,013 [I] Criteria path loaded (path:output/original/wc/scripts/test/criteria)	(at model.py:43) 
2019-03-02 21:45:43,014 [I] unique response cnt: 11	(at model.py:179) 
2019-03-02 21:45:43,014 [I] 1 1 0 1 1 1 0 0 1 1 1 1 1 1 1 1 1 1 1	(at model.py:181) 
2019-03-02 21:45:43,014 [I] 1 1 1 1 1 1 1 1 1 1 1 1 0 0 0 0 0 0 0	(at model.py:181) 
2019-03-02 21:45:43,014 [I] 1 1 1 1 1 0 0 0 0 0 0 0 0 0 0 0 0 0 0	(at model.py:181) 
2019-03-02 21:45:43,014 [I] 1 1 1 1 1 1 1 1 1 1 1 1 1 0 0 1 1 1 1	(at model.py:181) 
2019-03-02 21:45:43,014 [I] 1 1 1 0 1 1 1 1 1 1 1 1 0 0 0 0 1 1 1	(at model.py:181) 
2019-03-02 21:45:43,014 [I] 1 1 1 1 1 1 1 1 1 0 0 1 1 1 1 1 1 1 1	(at model.py:181) 
2019-03-02 21:45:43,014 [I] 1 1 1 1 1 1 1 1 1 1 1 1 1 1 1 1 1 1 1	(at model.py:181) 
2019-03-02 21:45:43,014 [I] 1 1 1 1 1 1 1 1 1 1 1 1 0 0 0 0 0 1 1	(at model.py:181) 
2019-03-02 21:45:43,014 [I] 1 1 1 1 1 1 0 0 1 0 0 1 1 1 1 1 1 1 1	(at model.py:181) 
2019-03-02 21:45:43,014 [I] 1 1 1 1 1 1 1 1 1 1 1 1 0 0 0 0 1 1 1	(at model.py:181) 
2019-03-02 21:45:43,014 [I] 1 1 1 1 0 1 1 1 1 1 1 1 1 0 0 1 1 1 1	(at model.py:181) 
2019-03-02 21:45:43,014 [I] Criterion ORBS:10:5:characters (1): response_idx:2, vector_idx:23	(at model.py:135) 
2019-03-02 21:45:43,016 [I] inferred factor:
[0 1 1 1 1 1 1 1 1 1 1 1 1 1 1 1 1 1 1 1 1]	(at model.py:145) 
2019-03-02 21:45:43,018 [D] Filename:wc.c Code:
#include <stdio.h>
int isletter(char c);
int main(int argc, char *argv[])
{
    int characters;
    int lines;
    int inword;
    int words;
    char c;
    characters = 0;printf("\nORBS:%d:%d:%s:%d\n", 10, 5, "characters", characters);
              ;printf("\nORBS:%d:%d:%s:%d\n", 11, 5, "inword", inword);
             ;printf("\nORBS:%d:%d:%s:%d\n", 12, 5, "words", words);
    printf("\nORBS:%d:%d:%s:%d\n", 13, 25, "c", c);;


















                                                    
}
int isletter(char c)
{
    printf("\nORBS:%d:%d:%s:%d\n", 36, 19, "c", c);                ; // slice here
    printf("\nORBS:%d:%d:%s:%d\n", 37, 11, "c", c);;







     
}	(at cstmt_factor_manager.py:107) 
2019-03-02 21:45:43,160 [I] succ: True	(at model.py:150) 
2019-03-02 21:45:43,161 [I] response:
[1 1 1 1 1 0 0 0 0 0 0 0 0 0 0 0 0 0 0]	(at model.py:151) 
2019-03-02 21:45:43,161 [I] Criterion ORBS:11:5:inword (2): response_idx:3, vector_idx:24	(at model.py:135) 
2019-03-02 21:45:43,164 [I] inferred factor:
[1 0 1 1 1 1 1 1 1 1 1 1 1 1 1 1 1 1 1 1 1]	(at model.py:145) 
2019-03-02 21:45:43,165 [D] Filename:wc.c Code:
#include <stdio.h>
int isletter(char c);
int main(int argc, char *argv[])
{
    int characters;
    int lines;
    int inword;
    int words;
    char c;
                  ;printf("\nORBS:%d:%d:%s:%d\n", 10, 5, "characters", characters);
    inword = 0;printf("\nORBS:%d:%d:%s:%d\n", 11, 5, "inword", inword);
             ;printf("\nORBS:%d:%d:%s:%d\n", 12, 5, "words", words);
    printf("\nORBS:%d:%d:%s:%d\n", 13, 25, "c", c);;


















                                                    
}
int isletter(char c)
{
    printf("\nORBS:%d:%d:%s:%d\n", 36, 19, "c", c);                ; // slice here
    printf("\nORBS:%d:%d:%s:%d\n", 37, 11, "c", c);;







     
}	(at cstmt_factor_manager.py:107) 
2019-03-02 21:45:43,314 [I] succ: True	(at model.py:150) 
2019-03-02 21:45:43,314 [I] response:
[1 1 0 1 1 0 0 0 0 0 0 0 0 0 0 0 0 0 0]	(at model.py:151) 
2019-03-02 21:45:43,314 [I] Criterion ORBS:12:5:words (3): response_idx:4, vector_idx:25	(at model.py:135) 
2019-03-02 21:45:43,316 [I] inferred factor:
[1 1 0 1 1 1 1 1 1 1 1 1 1 1 1 1 1 1 1 1 1]	(at model.py:145) 
2019-03-02 21:45:43,318 [D] Filename:wc.c Code:
#include <stdio.h>
int isletter(char c);
int main(int argc, char *argv[])
{
    int characters;
    int lines;
    int inword;
    int words;
    char c;
                  ;printf("\nORBS:%d:%d:%s:%d\n", 10, 5, "characters", characters);
              ;printf("\nORBS:%d:%d:%s:%d\n", 11, 5, "inword", inword);
    words = 0;printf("\nORBS:%d:%d:%s:%d\n", 12, 5, "words", words);
    printf("\nORBS:%d:%d:%s:%d\n", 13, 25, "c", c);;


















                                                    
}
int isletter(char c)
{
    printf("\nORBS:%d:%d:%s:%d\n", 36, 19, "c", c);                ; // slice here
    printf("\nORBS:%d:%d:%s:%d\n", 37, 11, "c", c);;







     
}	(at cstmt_factor_manager.py:107) 
2019-03-02 21:45:43,507 [I] succ: True	(at model.py:150) 
2019-03-02 21:45:43,508 [I] response:
[1 1 0 1 1 0 0 0 0 0 0 0 0 0 0 0 0 0 0]	(at model.py:151) 
2019-03-02 21:45:43,508 [I] Criterion ORBS:13:25:c (4): response_idx:5, vector_idx:26	(at model.py:135) 
2019-03-02 21:45:43,512 [I] inferred factor:
[1 1 1 0 0 0 0 0 0 0 0 0 0 0 0 0 0 1 1 1 1]	(at model.py:145) 
2019-03-02 21:45:43,514 [D] Filename:wc.c Code:
#include <stdio.h>
int isletter(char c);
int main(int argc, char *argv[])
{
    int characters;
    int lines;
    int inword;
    int words;
    char c;
                  ;printf("\nORBS:%d:%d:%s:%d\n", 10, 5, "characters", characters);
              ;printf("\nORBS:%d:%d:%s:%d\n", 11, 5, "inword", inword);
             ;printf("\nORBS:%d:%d:%s:%d\n", 12, 5, "words", words);
    printf("\nORBS:%d:%d:%s:%d\n", 13, 25, "c", c);while (scanf("%c", &c) == 1)
    {
        printf("\nORBS:%d:%d:%s:%d\n", 15, 22, "characters", characters);characters = characters + 1;printf("\nORBS:%d:%d:%s:%d\n", 15, 9, "characters", characters);
        printf("\nORBS:%d:%d:%s:%d\n", 16, 13, "c", c);if (c == '\n')
        {
            printf("\nORBS:%d:%d:%s:%d\n", 18, 21, "lines", lines);lines = lines + 1;printf("\nORBS:%d:%d:%s:%d\n", 18, 13, "lines", lines);
        }
        printf("\nORBS:%d:%d:%s:%d\n", 20, 22, "c", c);if (isletter(c))
        {
            printf("\nORBS:%d:%d:%s:%d\n", 22, 17, "inword", inword);if (inword == 0)
            {
                printf("\nORBS:%d:%d:%s:%d\n", 24, 25, "words", words);words = words + 1;printf("\nORBS:%d:%d:%s:%d\n", 24, 17, "words", words);
                inword = 1;printf("\nORBS:%d:%d:%s:%d\n", 25, 17, "inword", inword);
            }
        }
        else
        {
            inword = 0;printf("\nORBS:%d:%d:%s:%d\n", 30, 13, "inword", inword);
        }
    printf("\nORBS:%d:%d:%s:%d\n", 13, 25, "c", c);}
}
int isletter(char c)
{
    printf("\nORBS:%d:%d:%s:%d\n", 36, 19, "c", c);                ; // slice here
    printf("\nORBS:%d:%d:%s:%d\n", 37, 11, "c", c);;







     
}	(at cstmt_factor_manager.py:107) 
2019-03-02 21:45:43,660 [I] succ: True	(at model.py:150) 
2019-03-02 21:45:43,660 [I] response:
[1 1 0 0 0 1 0 0 1 1 1 1 0 0 0 0 0 1 1]	(at model.py:151) 
2019-03-02 21:45:43,660 [I] Criterion ORBS:15:22:characters (5): response_idx:6, vector_idx:27	(at model.py:135) 
2019-03-02 21:45:43,663 [I] inferred factor:
[0 1 1 0 0 0 0 0 0 0 0 0 0 1 1 0 0 1 1 1 1]	(at model.py:145) 
2019-03-02 21:45:43,664 [D] Filename:wc.c Code:
#include <stdio.h>
int isletter(char c);
int main(int argc, char *argv[])
{
    int characters;
    int lines;
    int inword;
    int words;
    char c;
    characters = 0;printf("\nORBS:%d:%d:%s:%d\n", 10, 5, "characters", characters);
              ;printf("\nORBS:%d:%d:%s:%d\n", 11, 5, "inword", inword);
             ;printf("\nORBS:%d:%d:%s:%d\n", 12, 5, "words", words);
    printf("\nORBS:%d:%d:%s:%d\n", 13, 25, "c", c);while (scanf("%c", &c) == 1)
    {
        printf("\nORBS:%d:%d:%s:%d\n", 15, 22, "characters", characters);characters = characters + 1;printf("\nORBS:%d:%d:%s:%d\n", 15, 9, "characters", characters);
        printf("\nORBS:%d:%d:%s:%d\n", 16, 13, "c", c);if (c == '\n')
        {
            printf("\nORBS:%d:%d:%s:%d\n", 18, 21, "lines", lines);lines = lines + 1;printf("\nORBS:%d:%d:%s:%d\n", 18, 13, "lines", lines);
        }
        printf("\nORBS:%d:%d:%s:%d\n", 20, 22, "c", c);if (isletter(c))
        {
            printf("\nORBS:%d:%d:%s:%d\n", 22, 17, "inword", inword);if (inword == 0)
            {
                printf("\nORBS:%d:%d:%s:%d\n", 24, 25, "words", words);                 ;printf("\nORBS:%d:%d:%s:%d\n", 24, 17, "words", words);
                          ;printf("\nORBS:%d:%d:%s:%d\n", 25, 17, "inword", inword);
            }
        }
        else
        {
            inword = 0;printf("\nORBS:%d:%d:%s:%d\n", 30, 13, "inword", inword);
        }
    printf("\nORBS:%d:%d:%s:%d\n", 13, 25, "c", c);}
}
int isletter(char c)
{
    printf("\nORBS:%d:%d:%s:%d\n", 36, 19, "c", c);                ; // slice here
    printf("\nORBS:%d:%d:%s:%d\n", 37, 11, "c", c);;







     
}	(at cstmt_factor_manager.py:107) 
2019-03-02 21:45:43,824 [I] succ: True	(at model.py:150) 
2019-03-02 21:45:43,825 [I] response:
[1 1 1 0 0 1 1 1 1 1 1 1 0 0 0 0 0 1 1]	(at model.py:151) 
2019-03-02 21:45:43,825 [I] Criterion ORBS:15:9:characters (6): response_idx:7, vector_idx:28	(at model.py:135) 
2019-03-02 21:45:43,829 [I] inferred factor:
[0 1 1 0 0 0 0 0 0 0 0 0 0 1 1 0 0 1 1 1 1]	(at model.py:145) 
2019-03-02 21:45:43,831 [D] Filename:wc.c Code:
#include <stdio.h>
int isletter(char c);
int main(int argc, char *argv[])
{
    int characters;
    int lines;
    int inword;
    int words;
    char c;
    characters = 0;printf("\nORBS:%d:%d:%s:%d\n", 10, 5, "characters", characters);
              ;printf("\nORBS:%d:%d:%s:%d\n", 11, 5, "inword", inword);
             ;printf("\nORBS:%d:%d:%s:%d\n", 12, 5, "words", words);
    printf("\nORBS:%d:%d:%s:%d\n", 13, 25, "c", c);while (scanf("%c", &c) == 1)
    {
        printf("\nORBS:%d:%d:%s:%d\n", 15, 22, "characters", characters);characters = characters + 1;printf("\nORBS:%d:%d:%s:%d\n", 15, 9, "characters", characters);
        printf("\nORBS:%d:%d:%s:%d\n", 16, 13, "c", c);if (c == '\n')
        {
            printf("\nORBS:%d:%d:%s:%d\n", 18, 21, "lines", lines);lines = lines + 1;printf("\nORBS:%d:%d:%s:%d\n", 18, 13, "lines", lines);
        }
        printf("\nORBS:%d:%d:%s:%d\n", 20, 22, "c", c);if (isletter(c))
        {
            printf("\nORBS:%d:%d:%s:%d\n", 22, 17, "inword", inword);if (inword == 0)
            {
                printf("\nORBS:%d:%d:%s:%d\n", 24, 25, "words", words);                 ;printf("\nORBS:%d:%d:%s:%d\n", 24, 17, "words", words);
                          ;printf("\nORBS:%d:%d:%s:%d\n", 25, 17, "inword", inword);
            }
        }
        else
        {
            inword = 0;printf("\nORBS:%d:%d:%s:%d\n", 30, 13, "inword", inword);
        }
    printf("\nORBS:%d:%d:%s:%d\n", 13, 25, "c", c);}
}
int isletter(char c)
{
    printf("\nORBS:%d:%d:%s:%d\n", 36, 19, "c", c);                ; // slice here
    printf("\nORBS:%d:%d:%s:%d\n", 37, 11, "c", c);;







     
}	(at cstmt_factor_manager.py:107) 
2019-03-02 21:45:43,992 [I] succ: True	(at model.py:150) 
2019-03-02 21:45:43,993 [I] response:
[1 1 1 0 0 1 1 1 1 1 1 1 0 0 0 0 0 1 1]	(at model.py:151) 
2019-03-02 21:45:43,993 [I] Criterion ORBS:16:13:c (7): response_idx:8, vector_idx:29	(at model.py:135) 
2019-03-02 21:45:43,997 [I] inferred factor:
[1 1 1 0 0 0 0 0 0 0 0 0 0 0 0 0 0 1 1 1 1]	(at model.py:145) 
2019-03-02 21:45:43,998 [D] Filename:wc.c Code:
#include <stdio.h>
int isletter(char c);
int main(int argc, char *argv[])
{
    int characters;
    int lines;
    int inword;
    int words;
    char c;
                  ;printf("\nORBS:%d:%d:%s:%d\n", 10, 5, "characters", characters);
              ;printf("\nORBS:%d:%d:%s:%d\n", 11, 5, "inword", inword);
             ;printf("\nORBS:%d:%d:%s:%d\n", 12, 5, "words", words);
    printf("\nORBS:%d:%d:%s:%d\n", 13, 25, "c", c);while (scanf("%c", &c) == 1)
    {
        printf("\nORBS:%d:%d:%s:%d\n", 15, 22, "characters", characters);characters = characters + 1;printf("\nORBS:%d:%d:%s:%d\n", 15, 9, "characters", characters);
        printf("\nORBS:%d:%d:%s:%d\n", 16, 13, "c", c);if (c == '\n')
        {
            printf("\nORBS:%d:%d:%s:%d\n", 18, 21, "lines", lines);lines = lines + 1;printf("\nORBS:%d:%d:%s:%d\n", 18, 13, "lines", lines);
        }
        printf("\nORBS:%d:%d:%s:%d\n", 20, 22, "c", c);if (isletter(c))
        {
            printf("\nORBS:%d:%d:%s:%d\n", 22, 17, "inword", inword);if (inword == 0)
            {
                printf("\nORBS:%d:%d:%s:%d\n", 24, 25, "words", words);words = words + 1;printf("\nORBS:%d:%d:%s:%d\n", 24, 17, "words", words);
                inword = 1;printf("\nORBS:%d:%d:%s:%d\n", 25, 17, "inword", inword);
            }
        }
        else
        {
            inword = 0;printf("\nORBS:%d:%d:%s:%d\n", 30, 13, "inword", inword);
        }
    printf("\nORBS:%d:%d:%s:%d\n", 13, 25, "c", c);}
}
int isletter(char c)
{
    printf("\nORBS:%d:%d:%s:%d\n", 36, 19, "c", c);                ; // slice here
    printf("\nORBS:%d:%d:%s:%d\n", 37, 11, "c", c);;







     
}	(at cstmt_factor_manager.py:107) 
2019-03-02 21:45:44,156 [I] succ: True	(at model.py:150) 
2019-03-02 21:45:44,156 [I] response:
[1 1 0 0 0 1 0 0 1 1 1 1 0 0 0 0 0 1 1]	(at model.py:151) 
2019-03-02 21:45:44,156 [I] Criterion ORBS:18:21:lines (8): response_idx:9, vector_idx:30	(at model.py:135) 
2019-03-02 21:45:44,158 [I] inferred factor:
[1 1 1 0 0 0 0 0 0 0 0 1 1 1 1 0 1 1 1 1 1]	(at model.py:145) 
2019-03-02 21:45:44,160 [D] Filename:wc.c Code:
#include <stdio.h>
int isletter(char c);
int main(int argc, char *argv[])
{
    int characters;
    int lines;
    int inword;
    int words;
    char c;
                  ;printf("\nORBS:%d:%d:%s:%d\n", 10, 5, "characters", characters);
              ;printf("\nORBS:%d:%d:%s:%d\n", 11, 5, "inword", inword);
             ;printf("\nORBS:%d:%d:%s:%d\n", 12, 5, "words", words);
    printf("\nORBS:%d:%d:%s:%d\n", 13, 25, "c", c);while (scanf("%c", &c) == 1)
    {
        printf("\nORBS:%d:%d:%s:%d\n", 15, 22, "characters", characters);characters = characters + 1;printf("\nORBS:%d:%d:%s:%d\n", 15, 9, "characters", characters);
        printf("\nORBS:%d:%d:%s:%d\n", 16, 13, "c", c);if (c == '\n')
        {
            printf("\nORBS:%d:%d:%s:%d\n", 18, 21, "lines", lines);lines = lines + 1;printf("\nORBS:%d:%d:%s:%d\n", 18, 13, "lines", lines);
        }
        printf("\nORBS:%d:%d:%s:%d\n", 20, 22, "c", c);if (isletter(c))
        {
            printf("\nORBS:%d:%d:%s:%d\n", 22, 17, "inword", inword);;



             
        }
        else
        {
                      ;printf("\nORBS:%d:%d:%s:%d\n", 30, 13, "inword", inword);
        }
    printf("\nORBS:%d:%d:%s:%d\n", 13, 25, "c", c);}
}
int isletter(char c)
{
    printf("\nORBS:%d:%d:%s:%d\n", 36, 19, "c", c);                ; // slice here
    printf("\nORBS:%d:%d:%s:%d\n", 37, 11, "c", c);;







     
}	(at cstmt_factor_manager.py:107) 
2019-03-02 21:45:44,326 [I] succ: True	(at model.py:150) 
2019-03-02 21:45:44,326 [I] response:
[1 1 0 0 0 1 0 0 1 1 1 1 0 0 0 0 0 1 1]	(at model.py:151) 
2019-03-02 21:45:44,326 [I] Criterion ORBS:18:13:lines (9): response_idx:10, vector_idx:31	(at model.py:135) 
2019-03-02 21:45:44,330 [I] inferred factor:
[1 1 1 0 0 0 0 0 0 0 0 1 1 1 1 0 1 1 1 1 1]	(at model.py:145) 
2019-03-02 21:45:44,332 [D] Filename:wc.c Code:
#include <stdio.h>
int isletter(char c);
int main(int argc, char *argv[])
{
    int characters;
    int lines;
    int inword;
    int words;
    char c;
                  ;printf("\nORBS:%d:%d:%s:%d\n", 10, 5, "characters", characters);
              ;printf("\nORBS:%d:%d:%s:%d\n", 11, 5, "inword", inword);
             ;printf("\nORBS:%d:%d:%s:%d\n", 12, 5, "words", words);
    printf("\nORBS:%d:%d:%s:%d\n", 13, 25, "c", c);while (scanf("%c", &c) == 1)
    {
        printf("\nORBS:%d:%d:%s:%d\n", 15, 22, "characters", characters);characters = characters + 1;printf("\nORBS:%d:%d:%s:%d\n", 15, 9, "characters", characters);
        printf("\nORBS:%d:%d:%s:%d\n", 16, 13, "c", c);if (c == '\n')
        {
            printf("\nORBS:%d:%d:%s:%d\n", 18, 21, "lines", lines);lines = lines + 1;printf("\nORBS:%d:%d:%s:%d\n", 18, 13, "lines", lines);
        }
        printf("\nORBS:%d:%d:%s:%d\n", 20, 22, "c", c);if (isletter(c))
        {
            printf("\nORBS:%d:%d:%s:%d\n", 22, 17, "inword", inword);;



             
        }
        else
        {
                      ;printf("\nORBS:%d:%d:%s:%d\n", 30, 13, "inword", inword);
        }
    printf("\nORBS:%d:%d:%s:%d\n", 13, 25, "c", c);}
}
int isletter(char c)
{
    printf("\nORBS:%d:%d:%s:%d\n", 36, 19, "c", c);                ; // slice here
    printf("\nORBS:%d:%d:%s:%d\n", 37, 11, "c", c);;







     
}	(at cstmt_factor_manager.py:107) 
2019-03-02 21:45:44,490 [I] succ: True	(at model.py:150) 
2019-03-02 21:45:44,491 [I] response:
[1 1 0 0 0 1 0 0 1 1 1 1 0 0 0 0 0 1 1]	(at model.py:151) 
2019-03-02 21:45:44,491 [I] Criterion ORBS:20:22:c (10): response_idx:11, vector_idx:32	(at model.py:135) 
2019-03-02 21:45:44,493 [I] inferred factor:
[1 1 1 0 0 0 0 0 0 0 0 0 0 0 0 0 0 1 1 1 1]	(at model.py:145) 
2019-03-02 21:45:44,494 [D] Filename:wc.c Code:
#include <stdio.h>
int isletter(char c);
int main(int argc, char *argv[])
{
    int characters;
    int lines;
    int inword;
    int words;
    char c;
                  ;printf("\nORBS:%d:%d:%s:%d\n", 10, 5, "characters", characters);
              ;printf("\nORBS:%d:%d:%s:%d\n", 11, 5, "inword", inword);
             ;printf("\nORBS:%d:%d:%s:%d\n", 12, 5, "words", words);
    printf("\nORBS:%d:%d:%s:%d\n", 13, 25, "c", c);while (scanf("%c", &c) == 1)
    {
        printf("\nORBS:%d:%d:%s:%d\n", 15, 22, "characters", characters);characters = characters + 1;printf("\nORBS:%d:%d:%s:%d\n", 15, 9, "characters", characters);
        printf("\nORBS:%d:%d:%s:%d\n", 16, 13, "c", c);if (c == '\n')
        {
            printf("\nORBS:%d:%d:%s:%d\n", 18, 21, "lines", lines);lines = lines + 1;printf("\nORBS:%d:%d:%s:%d\n", 18, 13, "lines", lines);
        }
        printf("\nORBS:%d:%d:%s:%d\n", 20, 22, "c", c);if (isletter(c))
        {
            printf("\nORBS:%d:%d:%s:%d\n", 22, 17, "inword", inword);if (inword == 0)
            {
                printf("\nORBS:%d:%d:%s:%d\n", 24, 25, "words", words);words = words + 1;printf("\nORBS:%d:%d:%s:%d\n", 24, 17, "words", words);
                inword = 1;printf("\nORBS:%d:%d:%s:%d\n", 25, 17, "inword", inword);
            }
        }
        else
        {
            inword = 0;printf("\nORBS:%d:%d:%s:%d\n", 30, 13, "inword", inword);
        }
    printf("\nORBS:%d:%d:%s:%d\n", 13, 25, "c", c);}
}
int isletter(char c)
{
    printf("\nORBS:%d:%d:%s:%d\n", 36, 19, "c", c);                ; // slice here
    printf("\nORBS:%d:%d:%s:%d\n", 37, 11, "c", c);;







     
}	(at cstmt_factor_manager.py:107) 
2019-03-02 21:45:44,658 [I] succ: True	(at model.py:150) 
2019-03-02 21:45:44,658 [I] response:
[1 1 0 0 0 1 0 0 1 1 1 1 0 0 0 0 0 1 1]	(at model.py:151) 
2019-03-02 21:45:44,658 [I] Criterion ORBS:22:17:inword (11): response_idx:12, vector_idx:33	(at model.py:135) 
2019-03-02 21:45:44,661 [I] inferred factor:
[1 0 1 0 0 1 1 1 1 0 0 0 0 0 0 0 0 1 0 1 0]	(at model.py:145) 
2019-03-02 21:45:44,663 [D] Filename:wc.c Code:
#include <stdio.h>
int isletter(char c);
int main(int argc, char *argv[])
{
    int characters;
    int lines;
    int inword;
    int words;
    char c;
                  ;printf("\nORBS:%d:%d:%s:%d\n", 10, 5, "characters", characters);
    inword = 0;printf("\nORBS:%d:%d:%s:%d\n", 11, 5, "inword", inword);
             ;printf("\nORBS:%d:%d:%s:%d\n", 12, 5, "words", words);
    printf("\nORBS:%d:%d:%s:%d\n", 13, 25, "c", c);while (scanf("%c", &c) == 1)
    {
        printf("\nORBS:%d:%d:%s:%d\n", 15, 22, "characters", characters);                           ;printf("\nORBS:%d:%d:%s:%d\n", 15, 9, "characters", characters);
        printf("\nORBS:%d:%d:%s:%d\n", 16, 13, "c", c);;


         
        printf("\nORBS:%d:%d:%s:%d\n", 20, 22, "c", c);if (isletter(c))
        {
            printf("\nORBS:%d:%d:%s:%d\n", 22, 17, "inword", inword);if (inword == 0)
            {
                printf("\nORBS:%d:%d:%s:%d\n", 24, 25, "words", words);words = words + 1;printf("\nORBS:%d:%d:%s:%d\n", 24, 17, "words", words);
                inword = 1;printf("\nORBS:%d:%d:%s:%d\n", 25, 17, "inword", inword);
            }
        }
        else
        {
            inword = 0;printf("\nORBS:%d:%d:%s:%d\n", 30, 13, "inword", inword);
        }
    printf("\nORBS:%d:%d:%s:%d\n", 13, 25, "c", c);}
}
int isletter(char c)
{
    printf("\nORBS:%d:%d:%s:%d\n", 36, 19, "c", c);                ; // slice here
    printf("\nORBS:%d:%d:%s:%d\n", 37, 11, "c", c);if (((c >= 'A') && (c <= 'Z'))
        || ((c >= 'a') && (c <= 'z')))
    {
                ;
    }
    else
    {
        return 0;
    }
}	(at cstmt_factor_manager.py:107) 
2019-03-02 21:45:44,826 [I] succ: True	(at model.py:150) 
2019-03-02 21:45:44,827 [I] response:
[1 1 0 1 0 1 0 0 1 0 0 1 1 0 0 1 1 1 1]	(at model.py:151) 
2019-03-02 21:45:44,827 [I] Criterion ORBS:24:25:words (12): response_idx:13, vector_idx:34	(at model.py:135) 
2019-03-02 21:45:44,830 [I] inferred factor:
[1 0 0 0 0 1 1 1 1 0 0 0 0 0 0 0 0 1 0 1 0]	(at model.py:145) 
2019-03-02 21:45:44,832 [D] Filename:wc.c Code:
#include <stdio.h>
int isletter(char c);
int main(int argc, char *argv[])
{
    int characters;
    int lines;
    int inword;
    int words;
    char c;
                  ;printf("\nORBS:%d:%d:%s:%d\n", 10, 5, "characters", characters);
    inword = 0;printf("\nORBS:%d:%d:%s:%d\n", 11, 5, "inword", inword);
    words = 0;printf("\nORBS:%d:%d:%s:%d\n", 12, 5, "words", words);
    printf("\nORBS:%d:%d:%s:%d\n", 13, 25, "c", c);while (scanf("%c", &c) == 1)
    {
        printf("\nORBS:%d:%d:%s:%d\n", 15, 22, "characters", characters);                           ;printf("\nORBS:%d:%d:%s:%d\n", 15, 9, "characters", characters);
        printf("\nORBS:%d:%d:%s:%d\n", 16, 13, "c", c);;


         
        printf("\nORBS:%d:%d:%s:%d\n", 20, 22, "c", c);if (isletter(c))
        {
            printf("\nORBS:%d:%d:%s:%d\n", 22, 17, "inword", inword);if (inword == 0)
            {
                printf("\nORBS:%d:%d:%s:%d\n", 24, 25, "words", words);words = words + 1;printf("\nORBS:%d:%d:%s:%d\n", 24, 17, "words", words);
                inword = 1;printf("\nORBS:%d:%d:%s:%d\n", 25, 17, "inword", inword);
            }
        }
        else
        {
            inword = 0;printf("\nORBS:%d:%d:%s:%d\n", 30, 13, "inword", inword);
        }
    printf("\nORBS:%d:%d:%s:%d\n", 13, 25, "c", c);}
}
int isletter(char c)
{
    printf("\nORBS:%d:%d:%s:%d\n", 36, 19, "c", c);                ; // slice here
    printf("\nORBS:%d:%d:%s:%d\n", 37, 11, "c", c);if (((c >= 'A') && (c <= 'Z'))
        || ((c >= 'a') && (c <= 'z')))
    {
                ;
    }
    else
    {
        return 0;
    }
}	(at cstmt_factor_manager.py:107) 
2019-03-02 21:45:45,013 [I] succ: True	(at model.py:150) 
2019-03-02 21:45:45,014 [I] response:
[1 1 0 1 1 1 0 0 1 0 0 1 1 1 1 1 1 1 1]	(at model.py:151) 
2019-03-02 21:45:45,014 [I] Criterion ORBS:24:17:words (13): response_idx:14, vector_idx:35	(at model.py:135) 
2019-03-02 21:45:45,017 [I] inferred factor:
[1 0 0 0 0 1 1 1 1 0 0 0 0 0 0 0 0 1 0 1 0]	(at model.py:145) 
2019-03-02 21:45:45,018 [D] Filename:wc.c Code:
#include <stdio.h>
int isletter(char c);
int main(int argc, char *argv[])
{
    int characters;
    int lines;
    int inword;
    int words;
    char c;
                  ;printf("\nORBS:%d:%d:%s:%d\n", 10, 5, "characters", characters);
    inword = 0;printf("\nORBS:%d:%d:%s:%d\n", 11, 5, "inword", inword);
    words = 0;printf("\nORBS:%d:%d:%s:%d\n", 12, 5, "words", words);
    printf("\nORBS:%d:%d:%s:%d\n", 13, 25, "c", c);while (scanf("%c", &c) == 1)
    {
        printf("\nORBS:%d:%d:%s:%d\n", 15, 22, "characters", characters);                           ;printf("\nORBS:%d:%d:%s:%d\n", 15, 9, "characters", characters);
        printf("\nORBS:%d:%d:%s:%d\n", 16, 13, "c", c);;


         
        printf("\nORBS:%d:%d:%s:%d\n", 20, 22, "c", c);if (isletter(c))
        {
            printf("\nORBS:%d:%d:%s:%d\n", 22, 17, "inword", inword);if (inword == 0)
            {
                printf("\nORBS:%d:%d:%s:%d\n", 24, 25, "words", words);words = words + 1;printf("\nORBS:%d:%d:%s:%d\n", 24, 17, "words", words);
                inword = 1;printf("\nORBS:%d:%d:%s:%d\n", 25, 17, "inword", inword);
            }
        }
        else
        {
            inword = 0;printf("\nORBS:%d:%d:%s:%d\n", 30, 13, "inword", inword);
        }
    printf("\nORBS:%d:%d:%s:%d\n", 13, 25, "c", c);}
}
int isletter(char c)
{
    printf("\nORBS:%d:%d:%s:%d\n", 36, 19, "c", c);                ; // slice here
    printf("\nORBS:%d:%d:%s:%d\n", 37, 11, "c", c);if (((c >= 'A') && (c <= 'Z'))
        || ((c >= 'a') && (c <= 'z')))
    {
                ;
    }
    else
    {
        return 0;
    }
}	(at cstmt_factor_manager.py:107) 
2019-03-02 21:45:45,181 [I] succ: True	(at model.py:150) 
2019-03-02 21:45:45,182 [I] response:
[1 1 0 1 1 1 0 0 1 0 0 1 1 1 1 1 1 1 1]	(at model.py:151) 
2019-03-02 21:45:45,182 [I] Criterion ORBS:25:17:inword (14): response_idx:15, vector_idx:36	(at model.py:135) 
2019-03-02 21:45:45,184 [I] inferred factor:
[1 0 1 0 0 1 1 1 1 0 0 0 0 0 0 0 0 1 0 1 0]	(at model.py:145) 
2019-03-02 21:45:45,186 [D] Filename:wc.c Code:
#include <stdio.h>
int isletter(char c);
int main(int argc, char *argv[])
{
    int characters;
    int lines;
    int inword;
    int words;
    char c;
                  ;printf("\nORBS:%d:%d:%s:%d\n", 10, 5, "characters", characters);
    inword = 0;printf("\nORBS:%d:%d:%s:%d\n", 11, 5, "inword", inword);
             ;printf("\nORBS:%d:%d:%s:%d\n", 12, 5, "words", words);
    printf("\nORBS:%d:%d:%s:%d\n", 13, 25, "c", c);while (scanf("%c", &c) == 1)
    {
        printf("\nORBS:%d:%d:%s:%d\n", 15, 22, "characters", characters);                           ;printf("\nORBS:%d:%d:%s:%d\n", 15, 9, "characters", characters);
        printf("\nORBS:%d:%d:%s:%d\n", 16, 13, "c", c);;


         
        printf("\nORBS:%d:%d:%s:%d\n", 20, 22, "c", c);if (isletter(c))
        {
            printf("\nORBS:%d:%d:%s:%d\n", 22, 17, "inword", inword);if (inword == 0)
            {
                printf("\nORBS:%d:%d:%s:%d\n", 24, 25, "words", words);words = words + 1;printf("\nORBS:%d:%d:%s:%d\n", 24, 17, "words", words);
                inword = 1;printf("\nORBS:%d:%d:%s:%d\n", 25, 17, "inword", inword);
            }
        }
        else
        {
            inword = 0;printf("\nORBS:%d:%d:%s:%d\n", 30, 13, "inword", inword);
        }
    printf("\nORBS:%d:%d:%s:%d\n", 13, 25, "c", c);}
}
int isletter(char c)
{
    printf("\nORBS:%d:%d:%s:%d\n", 36, 19, "c", c);                ; // slice here
    printf("\nORBS:%d:%d:%s:%d\n", 37, 11, "c", c);if (((c >= 'A') && (c <= 'Z'))
        || ((c >= 'a') && (c <= 'z')))
    {
                ;
    }
    else
    {
        return 0;
    }
}	(at cstmt_factor_manager.py:107) 
2019-03-02 21:45:45,353 [I] succ: True	(at model.py:150) 
2019-03-02 21:45:45,354 [I] response:
[1 1 0 1 0 1 0 0 1 0 0 1 1 0 0 1 1 1 1]	(at model.py:151) 
2019-03-02 21:45:45,354 [I] Criterion ORBS:30:13:inword (15): response_idx:16, vector_idx:37	(at model.py:135) 
2019-03-02 21:45:45,356 [I] inferred factor:
[1 1 1 0 0 0 0 1 1 0 0 0 0 1 1 0 0 1 0 0 0]	(at model.py:145) 
2019-03-02 21:45:45,357 [D] Filename:wc.c Code:
#include <stdio.h>
int isletter(char c);
int main(int argc, char *argv[])
{
    int characters;
    int lines;
    int inword;
    int words;
    char c;
                  ;printf("\nORBS:%d:%d:%s:%d\n", 10, 5, "characters", characters);
              ;printf("\nORBS:%d:%d:%s:%d\n", 11, 5, "inword", inword);
             ;printf("\nORBS:%d:%d:%s:%d\n", 12, 5, "words", words);
    printf("\nORBS:%d:%d:%s:%d\n", 13, 25, "c", c);while (scanf("%c", &c) == 1)
    {
        printf("\nORBS:%d:%d:%s:%d\n", 15, 22, "characters", characters);characters = characters + 1;printf("\nORBS:%d:%d:%s:%d\n", 15, 9, "characters", characters);
        printf("\nORBS:%d:%d:%s:%d\n", 16, 13, "c", c);if (c == '\n')
        ;

         
        printf("\nORBS:%d:%d:%s:%d\n", 20, 22, "c", c);if (isletter(c))
        {
            printf("\nORBS:%d:%d:%s:%d\n", 22, 17, "inword", inword);if (inword == 0)
            {
                printf("\nORBS:%d:%d:%s:%d\n", 24, 25, "words", words);                 ;printf("\nORBS:%d:%d:%s:%d\n", 24, 17, "words", words);
                          ;printf("\nORBS:%d:%d:%s:%d\n", 25, 17, "inword", inword);
            }
        }
        else
        {
            inword = 0;printf("\nORBS:%d:%d:%s:%d\n", 30, 13, "inword", inword);
        }
    printf("\nORBS:%d:%d:%s:%d\n", 13, 25, "c", c);}
}
int isletter(char c)
{
    printf("\nORBS:%d:%d:%s:%d\n", 36, 19, "c", c);                ; // slice here
    printf("\nORBS:%d:%d:%s:%d\n", 37, 11, "c", c);if (((c >= 'A') && (c <= 'Z'))
        || ((c >= 'a') && (c <= 'z')))
    {
        return 1;
    }
    else
    {
        return 0;
    }
}	(at cstmt_factor_manager.py:107) 
2019-03-02 21:45:45,511 [I] succ: True	(at model.py:150) 
2019-03-02 21:45:45,511 [I] response:
[1 1 1 0 0 1 1 1 1 0 0 1 0 0 0 0 1 1 1]	(at model.py:151) 
2019-03-02 21:45:45,511 [I] Criterion ORBS:36:19:c (16): response_idx:17, vector_idx:38	(at model.py:135) 
2019-03-02 21:45:45,514 [I] inferred factor:
[1 1 1 0 0 0 0 0 0 0 0 0 0 0 0 0 0 1 1 1 1]	(at model.py:145) 
2019-03-02 21:45:45,515 [D] Filename:wc.c Code:
#include <stdio.h>
int isletter(char c);
int main(int argc, char *argv[])
{
    int characters;
    int lines;
    int inword;
    int words;
    char c;
                  ;printf("\nORBS:%d:%d:%s:%d\n", 10, 5, "characters", characters);
              ;printf("\nORBS:%d:%d:%s:%d\n", 11, 5, "inword", inword);
             ;printf("\nORBS:%d:%d:%s:%d\n", 12, 5, "words", words);
    printf("\nORBS:%d:%d:%s:%d\n", 13, 25, "c", c);while (scanf("%c", &c) == 1)
    {
        printf("\nORBS:%d:%d:%s:%d\n", 15, 22, "characters", characters);characters = characters + 1;printf("\nORBS:%d:%d:%s:%d\n", 15, 9, "characters", characters);
        printf("\nORBS:%d:%d:%s:%d\n", 16, 13, "c", c);if (c == '\n')
        {
            printf("\nORBS:%d:%d:%s:%d\n", 18, 21, "lines", lines);lines = lines + 1;printf("\nORBS:%d:%d:%s:%d\n", 18, 13, "lines", lines);
        }
        printf("\nORBS:%d:%d:%s:%d\n", 20, 22, "c", c);if (isletter(c))
        {
            printf("\nORBS:%d:%d:%s:%d\n", 22, 17, "inword", inword);if (inword == 0)
            {
                printf("\nORBS:%d:%d:%s:%d\n", 24, 25, "words", words);words = words + 1;printf("\nORBS:%d:%d:%s:%d\n", 24, 17, "words", words);
                inword = 1;printf("\nORBS:%d:%d:%s:%d\n", 25, 17, "inword", inword);
            }
        }
        else
        {
            inword = 0;printf("\nORBS:%d:%d:%s:%d\n", 30, 13, "inword", inword);
        }
    printf("\nORBS:%d:%d:%s:%d\n", 13, 25, "c", c);}
}
int isletter(char c)
{
    printf("\nORBS:%d:%d:%s:%d\n", 36, 19, "c", c);                ; // slice here
    printf("\nORBS:%d:%d:%s:%d\n", 37, 11, "c", c);;







     
}	(at cstmt_factor_manager.py:107) 
2019-03-02 21:45:45,668 [I] succ: True	(at model.py:150) 
2019-03-02 21:45:45,669 [I] response:
[1 1 0 0 0 1 0 0 1 1 1 1 0 0 0 0 0 1 1]	(at model.py:151) 
2019-03-02 21:45:45,669 [I] Criterion ORBS:37:11:c (17): response_idx:18, vector_idx:39	(at model.py:135) 
2019-03-02 21:45:45,671 [I] inferred factor:
[1 1 1 0 0 0 0 0 0 0 0 0 0 0 0 0 0 1 1 1 1]	(at model.py:145) 
2019-03-02 21:45:45,672 [D] Filename:wc.c Code:
#include <stdio.h>
int isletter(char c);
int main(int argc, char *argv[])
{
    int characters;
    int lines;
    int inword;
    int words;
    char c;
                  ;printf("\nORBS:%d:%d:%s:%d\n", 10, 5, "characters", characters);
              ;printf("\nORBS:%d:%d:%s:%d\n", 11, 5, "inword", inword);
             ;printf("\nORBS:%d:%d:%s:%d\n", 12, 5, "words", words);
    printf("\nORBS:%d:%d:%s:%d\n", 13, 25, "c", c);while (scanf("%c", &c) == 1)
    {
        printf("\nORBS:%d:%d:%s:%d\n", 15, 22, "characters", characters);characters = characters + 1;printf("\nORBS:%d:%d:%s:%d\n", 15, 9, "characters", characters);
        printf("\nORBS:%d:%d:%s:%d\n", 16, 13, "c", c);if (c == '\n')
        {
            printf("\nORBS:%d:%d:%s:%d\n", 18, 21, "lines", lines);lines = lines + 1;printf("\nORBS:%d:%d:%s:%d\n", 18, 13, "lines", lines);
        }
        printf("\nORBS:%d:%d:%s:%d\n", 20, 22, "c", c);if (isletter(c))
        {
            printf("\nORBS:%d:%d:%s:%d\n", 22, 17, "inword", inword);if (inword == 0)
            {
                printf("\nORBS:%d:%d:%s:%d\n", 24, 25, "words", words);words = words + 1;printf("\nORBS:%d:%d:%s:%d\n", 24, 17, "words", words);
                inword = 1;printf("\nORBS:%d:%d:%s:%d\n", 25, 17, "inword", inword);
            }
        }
        else
        {
            inword = 0;printf("\nORBS:%d:%d:%s:%d\n", 30, 13, "inword", inword);
        }
    printf("\nORBS:%d:%d:%s:%d\n", 13, 25, "c", c);}
}
int isletter(char c)
{
    printf("\nORBS:%d:%d:%s:%d\n", 36, 19, "c", c);                ; // slice here
    printf("\nORBS:%d:%d:%s:%d\n", 37, 11, "c", c);;







     
}	(at cstmt_factor_manager.py:107) 
2019-03-02 21:45:45,877 [I] succ: True	(at model.py:150) 
2019-03-02 21:45:45,877 [I] response:
[1 1 0 0 0 1 0 0 1 1 1 1 0 0 0 0 0 1 1]	(at model.py:151) 
2019-03-02 21:45:45,877 [I] success rate: 1.0	(at model.py:190) 
