2019-01-23 05:34:07,567 [I] Initial factor queue size: 208	(at doe_manager.py:29) 
2019-01-23 05:34:07,567 [I] Start iteration.	(at main.py:48) 
2019-01-23 05:34:07,567 [I] Iter idx: 0, Qsize: 207	(at main.py:51) 
2019-01-23 05:34:07,567 [I] Curr factor: [0, 0, 0, 0, 0, 0, 0, 0, 0, 0, 0, 0, 0, 0, 0, 0, 0, 0, 0, 0, 0]	(at main.py:53) 
2019-01-23 05:34:07,741 [I] Response: [True, True, True, True, True, True, True, True, True, True, True, True, True, True, True, True]	(at main.py:56) 
2019-01-23 05:34:07,741 [I] Iter idx: 1, Qsize: 206	(at main.py:51) 
2019-01-23 05:34:07,742 [I] Curr factor: [0, 0, 0, 0, 0, 0, 0, 1, 1, 1, 0, 0, 0, 0, 0, 0, 0, 0, 0, 0, 0]	(at main.py:53) 
2019-01-23 05:34:08,070 [I] Response: [True, False, False, False, False, False, False, False, False, False, False, False, False, False, False, False]	(at main.py:56) 
2019-01-23 05:34:08,070 [I] Iter idx: 2, Qsize: 205	(at main.py:51) 
2019-01-23 05:34:08,070 [I] Curr factor: [0, 0, 0, 0, 0, 0, 0, 0, 0, 0, 0, 0, 0, 0, 0, 0, 1, 0, 0, 0, 0]	(at main.py:53) 
2019-01-23 05:34:08,470 [I] Response: [True, False, False, False, False, False, False, False, False, False, False, False, False, False, False, False]	(at main.py:56) 
2019-01-23 05:34:08,470 [I] Iter idx: 3, Qsize: 204	(at main.py:51) 
2019-01-23 05:34:08,470 [I] Curr factor: [0, 0, 0, 0, 0, 0, 0, 0, 0, 0, 1, 0, 0, 0, 0, 0, 0, 0, 0, 0, 0]	(at main.py:53) 
2019-01-23 05:34:08,709 [I] Response: [True, True, True, True, True, True, True, True, True, True, True, True, True, True, True, True]	(at main.py:56) 
2019-01-23 05:34:08,709 [I] Iter idx: 4, Qsize: 203	(at main.py:51) 
2019-01-23 05:34:08,709 [I] Curr factor: [0, 0, 0, 0, 0, 0, 0, 0, 0, 0, 0, 0, 0, 0, 0, 1, 0, 0, 0, 0, 0]	(at main.py:53) 
2019-01-23 05:34:08,834 [I] Response: [True, True, False, False, False, False, False, False, True, True, True, False, False, False, False, True]	(at main.py:56) 
2019-01-23 05:34:08,834 [I] Iter idx: 5, Qsize: 202	(at main.py:51) 
2019-01-23 05:34:08,834 [I] Curr factor: [0, 0, 0, 1, 1, 1, 1, 1, 1, 1, 0, 0, 0, 0, 0, 0, 0, 0, 0, 0, 0]	(at main.py:53) 
2019-01-23 05:34:09,177 [I] Response: [True, False, False, False, False, False, False, False, False, False, False, False, False, False, False, False]	(at main.py:56) 
2019-01-23 05:34:09,178 [I] Iter idx: 6, Qsize: 201	(at main.py:51) 
2019-01-23 05:34:09,178 [I] Curr factor: [0, 0, 0, 0, 0, 0, 0, 0, 1, 0, 0, 0, 0, 0, 0, 0, 0, 0, 0, 0, 0]	(at main.py:53) 
2019-01-23 05:34:09,291 [I] Response: [True, True, False, False, False, False, False, False, True, True, True, False, False, False, False, True]	(at main.py:56) 
2019-01-23 05:34:09,291 [I] Iter idx: 7, Qsize: 200	(at main.py:51) 
2019-01-23 05:34:09,292 [I] Curr factor: [0, 0, 0, 0, 0, 0, 0, 0, 0, 0, 0, 0, 0, 1, 0, 0, 0, 0, 0, 0, 0]	(at main.py:53) 
2019-01-23 05:34:09,643 [I] Response: [True, False, False, False, False, False, False, False, False, False, False, False, False, False, False, False]	(at main.py:56) 
2019-01-23 05:34:09,644 [I] Iter idx: 8, Qsize: 199	(at main.py:51) 
2019-01-23 05:34:09,644 [I] Curr factor: [0, 0, 0, 0, 0, 0, 1, 0, 0, 0, 0, 0, 0, 0, 0, 0, 0, 0, 0, 0, 0]	(at main.py:53) 
2019-01-23 05:34:09,983 [I] Response: [True, False, False, False, False, False, False, False, False, False, False, False, False, False, False, False]	(at main.py:56) 
2019-01-23 05:34:09,984 [I] Iter idx: 9, Qsize: 198	(at main.py:51) 
2019-01-23 05:34:09,984 [I] Curr factor: [0, 0, 0, 0, 0, 0, 0, 0, 0, 0, 0, 0, 0, 0, 0, 0, 0, 0, 0, 1, 0]	(at main.py:53) 
2019-01-23 05:34:10,364 [I] Response: [True, False, False, False, False, False, False, False, False, False, False, False, False, False, False, False]	(at main.py:56) 
2019-01-23 05:34:10,365 [I] Iter idx: 10, Qsize: 197	(at main.py:51) 
2019-01-23 05:34:10,365 [I] Curr factor: [0, 0, 0, 0, 0, 0, 0, 0, 0, 1, 0, 0, 0, 0, 0, 0, 0, 0, 0, 0, 0]	(at main.py:53) 
2019-01-23 05:34:10,725 [I] Response: [True, False, False, False, False, False, False, False, False, False, False, False, False, False, False, False]	(at main.py:56) 
2019-01-23 05:34:10,726 [I] Iter idx: 11, Qsize: 196	(at main.py:51) 
2019-01-23 05:34:10,726 [I] Curr factor: [0, 0, 0, 0, 0, 0, 0, 0, 0, 0, 0, 0, 0, 0, 1, 1, 0, 0, 0, 0, 0]	(at main.py:53) 
2019-01-23 05:34:10,829 [I] Response: [True, True, False, False, False, False, False, False, True, True, True, False, False, False, False, True]	(at main.py:56) 
2019-01-23 05:34:10,830 [I] Iter idx: 12, Qsize: 195	(at main.py:51) 
2019-01-23 05:34:10,830 [I] Curr factor: [1, 0, 0, 0, 0, 0, 0, 0, 0, 0, 0, 0, 0, 0, 0, 0, 0, 0, 0, 0, 0]	(at main.py:53) 
2019-01-23 05:34:10,930 [I] Response: [True, True, False, False, False, False, False, False, False, False, False, False, False, False, False, False]	(at main.py:56) 
2019-01-23 05:34:10,930 [I] Iter idx: 13, Qsize: 194	(at main.py:51) 
2019-01-23 05:34:10,930 [I] Curr factor: [0, 0, 1, 1, 1, 1, 1, 1, 1, 1, 0, 0, 0, 0, 0, 0, 0, 0, 0, 0, 0]	(at main.py:53) 
2019-01-23 05:34:11,033 [I] Response: [True, True, False, False, False, False, False, False, False, False, False, False, False, False, False, False]	(at main.py:56) 
2019-01-23 05:34:11,033 [I] Iter idx: 14, Qsize: 193	(at main.py:51) 
2019-01-23 05:34:11,033 [I] Curr factor: [0, 0, 0, 0, 0, 0, 0, 0, 0, 0, 0, 1, 1, 1, 0, 0, 0, 0, 0, 0, 0]	(at main.py:53) 
2019-01-23 05:34:11,375 [I] Response: [True, False, False, False, False, False, False, False, False, False, False, False, False, False, False, False]	(at main.py:56) 
2019-01-23 05:34:11,375 [I] Iter idx: 15, Qsize: 192	(at main.py:51) 
2019-01-23 05:34:11,375 [I] Curr factor: [0, 0, 0, 0, 1, 1, 1, 1, 1, 1, 0, 0, 0, 0, 0, 0, 0, 0, 0, 0, 0]	(at main.py:53) 
2019-01-23 05:34:11,702 [I] Response: [True, False, False, False, False, False, False, False, False, False, False, False, False, False, False, False]	(at main.py:56) 
2019-01-23 05:34:11,702 [I] Iter idx: 16, Qsize: 191	(at main.py:51) 
2019-01-23 05:34:11,702 [I] Curr factor: [0, 0, 0, 0, 0, 0, 0, 0, 0, 0, 0, 0, 0, 0, 0, 0, 0, 1, 0, 0, 0]	(at main.py:53) 
2019-01-23 05:34:11,805 [I] Response: [True, True, False, False, False, False, False, False, True, True, True, False, False, False, False, True]	(at main.py:56) 
2019-01-23 05:34:11,806 [I] Iter idx: 17, Qsize: 190	(at main.py:51) 
2019-01-23 05:34:11,806 [I] Curr factor: [0, 0, 0, 0, 0, 0, 0, 0, 0, 0, 0, 0, 1, 0, 0, 0, 0, 0, 0, 0, 0]	(at main.py:53) 
2019-01-23 05:34:11,906 [I] Response: [True, True, True, True, True, True, True, True, True, True, True, True, True, True, True, True]	(at main.py:56) 
2019-01-23 05:34:11,907 [I] Iter idx: 18, Qsize: 189	(at main.py:51) 
2019-01-23 05:34:11,907 [I] Curr factor: [0, 0, 0, 0, 0, 0, 0, 0, 0, 0, 0, 0, 0, 0, 0, 0, 0, 0, 1, 0, 0]	(at main.py:53) 
2019-01-23 05:34:12,010 [I] Response: [True, True, False, False, False, False, False, False, True, True, True, False, False, False, False, True]	(at main.py:56) 
2019-01-23 05:34:12,010 [I] Iter idx: 19, Qsize: 188	(at main.py:51) 
2019-01-23 05:34:12,010 [I] Curr factor: [0, 0, 0, 0, 0, 1, 1, 0, 0, 0, 0, 0, 0, 0, 0, 0, 0, 0, 0, 0, 0]	(at main.py:53) 
2019-01-23 05:34:12,347 [I] Response: [True, False, False, False, False, False, False, False, False, False, False, False, False, False, False, False]	(at main.py:56) 
2019-01-23 05:34:12,347 [I] Iter idx: 20, Qsize: 187	(at main.py:51) 
2019-01-23 05:34:12,347 [I] Curr factor: [0, 1, 0, 0, 0, 0, 0, 0, 0, 0, 0, 0, 0, 0, 0, 0, 0, 0, 0, 0, 0]	(at main.py:53) 
2019-01-23 05:34:12,449 [I] Response: [True, True, False, False, False, False, False, False, True, True, True, False, False, False, False, True]	(at main.py:56) 
2019-01-23 05:34:12,449 [I] Iter idx: 21, Qsize: 186	(at main.py:51) 
2019-01-23 05:34:12,449 [I] Curr factor: [0, 0, 0, 0, 0, 0, 0, 0, 0, 0, 0, 0, 0, 0, 0, 0, 0, 0, 0, 0, 1]	(at main.py:53) 
2019-01-23 05:34:12,549 [I] Response: [True, True, True, True, True, True, True, True, True, True, True, True, True, True, True, True]	(at main.py:56) 
2019-01-23 05:34:12,549 [I] Iter idx: 22, Qsize: 185	(at main.py:51) 
2019-01-23 05:34:12,549 [I] Curr factor: [1, 0, 0, 0, 0, 0, 0, 0, 0, 0, 0, 0, 0, 1, 0, 0, 0, 0, 0, 0, 0]	(at main.py:53) 
2019-01-23 05:34:12,889 [I] Response: [True, False, False, False, False, False, False, False, False, False, False, False, False, False, False, False]	(at main.py:56) 
2019-01-23 05:34:12,889 [I] Iter idx: 23, Qsize: 184	(at main.py:51) 
2019-01-23 05:34:12,889 [I] Curr factor: [0, 0, 0, 0, 0, 0, 0, 1, 1, 1, 0, 0, 0, 0, 0, 0, 0, 0, 0, 1, 0]	(at main.py:53) 
2019-01-23 05:34:13,232 [I] Response: [True, False, False, False, False, False, False, False, False, False, False, False, False, False, False, False]	(at main.py:56) 
2019-01-23 05:34:13,232 [I] Iter idx: 24, Qsize: 183	(at main.py:51) 
2019-01-23 05:34:13,232 [I] Curr factor: [0, 0, 0, 0, 0, 0, 0, 0, 0, 0, 0, 1, 1, 1, 1, 1, 0, 0, 0, 0, 0]	(at main.py:53) 
2019-01-23 05:34:13,577 [I] Response: [True, False, False, False, False, False, False, False, False, False, False, False, False, False, False, False]	(at main.py:56) 
2019-01-23 05:34:13,577 [I] Iter idx: 25, Qsize: 182	(at main.py:51) 
2019-01-23 05:34:13,578 [I] Curr factor: [0, 0, 0, 0, 0, 0, 0, 0, 1, 0, 0, 0, 0, 0, 0, 0, 0, 0, 1, 0, 0]	(at main.py:53) 
2019-01-23 05:34:13,687 [I] Response: [True, True, False, False, False, False, False, False, True, True, True, False, False, False, False, True]	(at main.py:56) 
2019-01-23 05:34:13,687 [I] Iter idx: 26, Qsize: 181	(at main.py:51) 
2019-01-23 05:34:13,687 [I] Curr factor: [0, 0, 0, 0, 0, 0, 1, 0, 0, 0, 0, 0, 0, 0, 0, 0, 0, 0, 0, 1, 0]	(at main.py:53) 
2019-01-23 05:34:14,012 [I] Response: [True, False, False, False, False, False, False, False, False, False, False, False, False, False, False, False]	(at main.py:56) 
2019-01-23 05:34:14,013 [I] Iter idx: 27, Qsize: 180	(at main.py:51) 
2019-01-23 05:34:14,013 [I] Curr factor: [0, 0, 0, 1, 1, 1, 1, 1, 1, 1, 0, 0, 0, 0, 1, 1, 0, 0, 0, 0, 0]	(at main.py:53) 
2019-01-23 05:34:14,278 [I] Response: [True, False, False, False, False, False, False, False, False, False, False, False, False, False, False, False]	(at main.py:56) 
2019-01-23 05:34:14,279 [I] Iter idx: 28, Qsize: 179	(at main.py:51) 
2019-01-23 05:34:14,279 [I] Curr factor: [0, 0, 0, 0, 1, 1, 1, 1, 1, 1, 0, 0, 0, 0, 0, 0, 0, 1, 0, 0, 0]	(at main.py:53) 
2019-01-23 05:34:14,615 [I] Response: [True, False, False, False, False, False, False, False, False, False, False, False, False, False, False, False]	(at main.py:56) 
2019-01-23 05:34:14,615 [I] Iter idx: 29, Qsize: 178	(at main.py:51) 
2019-01-23 05:34:14,615 [I] Curr factor: [0, 0, 1, 1, 1, 1, 1, 1, 1, 1, 1, 0, 0, 0, 0, 0, 0, 0, 0, 0, 0]	(at main.py:53) 
2019-01-23 05:34:14,734 [I] Response: [True, True, False, False, False, False, False, False, False, False, False, False, False, False, False, False]	(at main.py:56) 
2019-01-23 05:34:14,735 [I] Iter idx: 30, Qsize: 177	(at main.py:51) 
2019-01-23 05:34:14,735 [I] Curr factor: [0, 0, 0, 0, 0, 0, 0, 0, 0, 0, 0, 0, 1, 0, 0, 0, 0, 1, 0, 0, 0]	(at main.py:53) 
2019-01-23 05:34:14,837 [I] Response: [True, True, False, False, False, False, False, False, True, True, True, False, False, False, False, True]	(at main.py:56) 
2019-01-23 05:34:14,837 [I] Iter idx: 31, Qsize: 176	(at main.py:51) 
2019-01-23 05:34:14,837 [I] Curr factor: [0, 1, 0, 0, 1, 1, 1, 1, 1, 1, 0, 0, 0, 0, 0, 0, 0, 0, 0, 0, 0]	(at main.py:53) 
2019-01-23 05:34:15,164 [I] Response: [True, False, False, False, False, False, False, False, False, False, False, False, False, False, False, False]	(at main.py:56) 
2019-01-23 05:34:15,164 [I] Iter idx: 32, Qsize: 175	(at main.py:51) 
2019-01-23 05:34:15,164 [I] Curr factor: [0, 0, 0, 0, 0, 0, 0, 0, 0, 0, 0, 0, 0, 0, 1, 1, 0, 0, 1, 0, 0]	(at main.py:53) 
2019-01-23 05:34:15,268 [I] Response: [True, True, False, False, False, False, False, False, True, True, True, False, False, False, False, True]	(at main.py:56) 
2019-01-23 05:34:15,268 [I] Iter idx: 33, Qsize: 174	(at main.py:51) 
2019-01-23 05:34:15,268 [I] Curr factor: [0, 0, 0, 0, 0, 0, 0, 0, 0, 0, 0, 0, 0, 0, 1, 1, 1, 0, 0, 0, 0]	(at main.py:53) 
2019-01-23 05:34:15,607 [I] Response: [True, False, False, False, False, False, False, False, False, False, False, False, False, False, False, False]	(at main.py:56) 
2019-01-23 05:34:15,607 [I] Iter idx: 34, Qsize: 173	(at main.py:51) 
2019-01-23 05:34:15,607 [I] Curr factor: [0, 1, 0, 0, 0, 0, 0, 0, 0, 0, 0, 1, 1, 1, 0, 0, 0, 0, 0, 0, 0]	(at main.py:53) 
2019-01-23 05:34:15,941 [I] Response: [True, False, False, False, False, False, False, False, False, False, False, False, False, False, False, False]	(at main.py:56) 
2019-01-23 05:34:15,941 [I] Iter idx: 35, Qsize: 172	(at main.py:51) 
2019-01-23 05:34:15,941 [I] Curr factor: [0, 0, 0, 0, 0, 0, 1, 0, 0, 0, 0, 0, 0, 0, 0, 0, 0, 0, 1, 0, 0]	(at main.py:53) 
2019-01-23 05:34:16,276 [I] Response: [True, False, False, False, False, False, False, False, False, False, False, False, False, False, False, False]	(at main.py:56) 
2019-01-23 05:34:16,276 [I] Iter idx: 36, Qsize: 171	(at main.py:51) 
2019-01-23 05:34:16,276 [I] Curr factor: [0, 0, 0, 0, 0, 0, 0, 0, 0, 1, 0, 0, 0, 0, 1, 1, 0, 0, 0, 0, 0]	(at main.py:53) 
2019-01-23 05:34:16,628 [I] Response: [True, False, False, False, False, False, False, False, False, False, False, False, False, False, False, False]	(at main.py:56) 
2019-01-23 05:34:16,628 [I] Iter idx: 37, Qsize: 170	(at main.py:51) 
2019-01-23 05:34:16,628 [I] Curr factor: [0, 0, 0, 0, 0, 0, 0, 0, 1, 0, 0, 0, 0, 0, 0, 0, 0, 0, 0, 0, 1]	(at main.py:53) 
2019-01-23 05:34:16,738 [I] Response: [True, True, False, False, False, False, False, False, True, True, True, False, False, False, False, True]	(at main.py:56) 
2019-01-23 05:34:16,738 [I] Iter idx: 38, Qsize: 169	(at main.py:51) 
2019-01-23 05:34:16,738 [I] Curr factor: [0, 1, 0, 0, 0, 0, 0, 0, 0, 0, 0, 0, 0, 1, 0, 0, 0, 0, 0, 0, 0]	(at main.py:53) 
2019-01-23 05:34:17,099 [I] Response: [True, False, False, False, False, False, False, False, False, False, False, False, False, False, False, False]	(at main.py:56) 
2019-01-23 05:34:17,099 [I] Iter idx: 39, Qsize: 168	(at main.py:51) 
2019-01-23 05:34:17,099 [I] Curr factor: [0, 0, 0, 0, 0, 0, 0, 0, 0, 1, 0, 0, 0, 0, 0, 0, 0, 0, 0, 1, 0]	(at main.py:53) 
2019-01-23 05:34:17,438 [I] Response: [True, False, False, False, False, False, False, False, False, False, False, False, False, False, False, False]	(at main.py:56) 
2019-01-23 05:34:17,438 [I] Iter idx: 40, Qsize: 167	(at main.py:51) 
2019-01-23 05:34:17,438 [I] Curr factor: [0, 0, 0, 0, 0, 0, 0, 0, 0, 0, 0, 0, 1, 0, 0, 0, 0, 0, 1, 0, 0]	(at main.py:53) 
2019-01-23 05:34:17,541 [I] Response: [True, True, False, False, False, False, False, False, True, True, True, False, False, False, False, True]	(at main.py:56) 
2019-01-23 05:34:17,542 [I] Iter idx: 41, Qsize: 166	(at main.py:51) 
2019-01-23 05:34:17,542 [I] Curr factor: [0, 0, 0, 0, 0, 1, 1, 0, 0, 0, 0, 1, 1, 1, 0, 0, 0, 0, 0, 0, 0]	(at main.py:53) 
2019-01-23 05:34:17,873 [I] Response: [True, False, False, False, False, False, False, False, False, False, False, False, False, False, False, False]	(at main.py:56) 
2019-01-23 05:34:17,873 [I] Iter idx: 42, Qsize: 165	(at main.py:51) 
2019-01-23 05:34:17,873 [I] Curr factor: [1, 0, 0, 0, 0, 0, 0, 0, 0, 0, 0, 0, 0, 0, 0, 0, 0, 0, 0, 0, 1]	(at main.py:53) 
2019-01-23 05:34:17,974 [I] Response: [True, True, False, False, False, False, False, False, False, False, False, False, False, False, False, False]	(at main.py:56) 
2019-01-23 05:34:17,974 [I] Iter idx: 43, Qsize: 164	(at main.py:51) 
2019-01-23 05:34:17,974 [I] Curr factor: [0, 0, 1, 1, 1, 1, 1, 1, 1, 1, 0, 0, 0, 0, 0, 0, 0, 0, 1, 0, 0]	(at main.py:53) 
2019-01-23 05:34:18,074 [I] Response: [True, True, False, False, False, False, False, False, False, False, False, False, False, False, False, False]	(at main.py:56) 
2019-01-23 05:34:18,075 [I] Iter idx: 44, Qsize: 163	(at main.py:51) 
2019-01-23 05:34:18,075 [I] Curr factor: [0, 0, 1, 1, 1, 1, 1, 1, 1, 1, 0, 0, 0, 0, 0, 0, 0, 1, 0, 0, 0]	(at main.py:53) 
2019-01-23 05:34:18,178 [I] Response: [True, True, False, False, False, False, False, False, False, False, False, False, False, False, False, False]	(at main.py:56) 
2019-01-23 05:34:18,178 [I] Iter idx: 45, Qsize: 162	(at main.py:51) 
2019-01-23 05:34:18,178 [I] Curr factor: [0, 0, 0, 0, 0, 0, 0, 0, 0, 0, 0, 1, 1, 1, 0, 0, 0, 0, 1, 0, 0]	(at main.py:53) 
2019-01-23 05:34:18,516 [I] Response: [True, False, False, False, False, False, False, False, False, False, False, False, False, False, False, False]	(at main.py:56) 
2019-01-23 05:34:18,517 [I] Iter idx: 46, Qsize: 161	(at main.py:51) 
2019-01-23 05:34:18,517 [I] Curr factor: [0, 0, 0, 0, 0, 0, 0, 0, 0, 1, 0, 0, 0, 0, 0, 0, 0, 0, 1, 0, 0]	(at main.py:53) 
2019-01-23 05:34:18,941 [I] Response: [True, False, False, False, False, False, False, False, False, False, False, False, False, False, False, False]	(at main.py:56) 
2019-01-23 05:34:18,941 [I] Iter idx: 47, Qsize: 160	(at main.py:51) 
2019-01-23 05:34:18,941 [I] Curr factor: [1, 1, 0, 0, 0, 0, 0, 0, 0, 0, 0, 0, 0, 0, 0, 0, 0, 0, 0, 0, 0]	(at main.py:53) 
2019-01-23 05:34:19,065 [I] Response: [True, True, False, False, False, False, False, False, False, False, False, False, False, False, False, False]	(at main.py:56) 
2019-01-23 05:34:19,066 [I] Iter idx: 48, Qsize: 159	(at main.py:51) 
2019-01-23 05:34:19,066 [I] Curr factor: [0, 0, 0, 0, 0, 0, 0, 0, 0, 0, 0, 0, 0, 1, 1, 1, 0, 0, 0, 0, 0]	(at main.py:53) 
2019-01-23 05:34:19,420 [I] Response: [True, False, False, False, False, False, False, False, False, False, False, False, False, False, False, False]	(at main.py:56) 
2019-01-23 05:34:19,420 [I] Iter idx: 49, Qsize: 158	(at main.py:51) 
2019-01-23 05:34:19,420 [I] Curr factor: [0, 0, 0, 0, 0, 1, 1, 0, 0, 0, 0, 0, 0, 0, 0, 0, 1, 0, 0, 0, 0]	(at main.py:53) 
2019-01-23 05:34:19,808 [I] Response: [True, False, False, False, False, False, False, False, False, False, False, False, False, False, False, False]	(at main.py:56) 
2019-01-23 05:34:19,808 [I] Iter idx: 50, Qsize: 157	(at main.py:51) 
2019-01-23 05:34:19,808 [I] Curr factor: [0, 0, 0, 0, 0, 0, 0, 0, 0, 0, 0, 0, 0, 1, 0, 0, 0, 0, 0, 1, 0]	(at main.py:53) 
2019-01-23 05:34:20,156 [I] Response: [True, False, False, False, False, False, False, False, False, False, False, False, False, False, False, False]	(at main.py:56) 
2019-01-23 05:34:20,156 [I] Iter idx: 51, Qsize: 156	(at main.py:51) 
2019-01-23 05:34:20,156 [I] Curr factor: [1, 0, 0, 0, 1, 1, 1, 1, 1, 1, 0, 0, 0, 0, 0, 0, 0, 0, 0, 0, 0]	(at main.py:53) 
2019-01-23 05:34:20,258 [I] Response: [True, True, False, False, False, False, False, False, False, False, False, False, False, False, False, False]	(at main.py:56) 
2019-01-23 05:34:20,258 [I] Iter idx: 52, Qsize: 155	(at main.py:51) 
2019-01-23 05:34:20,258 [I] Curr factor: [0, 0, 0, 0, 0, 1, 1, 0, 0, 0, 0, 0, 0, 0, 0, 0, 0, 0, 0, 1, 0]	(at main.py:53) 
2019-01-23 05:34:20,596 [I] Response: [True, False, False, False, False, False, False, False, False, False, False, False, False, False, False, False]	(at main.py:56) 
2019-01-23 05:34:20,596 [I] Iter idx: 53, Qsize: 154	(at main.py:51) 
2019-01-23 05:34:20,597 [I] Curr factor: [0, 1, 0, 1, 1, 1, 1, 1, 1, 1, 0, 0, 0, 0, 0, 0, 0, 0, 0, 0, 0]	(at main.py:53) 
2019-01-23 05:34:20,891 [I] Response: [True, False, False, False, False, False, False, False, False, False, False, False, False, False, False, False]	(at main.py:56) 
2019-01-23 05:34:20,891 [I] Iter idx: 54, Qsize: 153	(at main.py:51) 
2019-01-23 05:34:20,891 [I] Curr factor: [0, 0, 0, 0, 0, 0, 0, 0, 0, 0, 0, 0, 1, 0, 1, 1, 0, 0, 0, 0, 0]	(at main.py:53) 
2019-01-23 05:34:20,996 [I] Response: [True, True, False, False, False, False, False, False, True, True, True, False, False, False, False, True]	(at main.py:56) 
2019-01-23 05:34:20,997 [I] Iter idx: 55, Qsize: 152	(at main.py:51) 
2019-01-23 05:34:20,997 [I] Curr factor: [0, 1, 0, 0, 0, 0, 0, 1, 1, 1, 0, 0, 0, 0, 0, 0, 0, 0, 0, 0, 0]	(at main.py:53) 
2019-01-23 05:34:21,336 [I] Response: [True, False, False, False, False, False, False, False, False, False, False, False, False, False, False, False]	(at main.py:56) 
2019-01-23 05:34:21,336 [I] Iter idx: 56, Qsize: 151	(at main.py:51) 
2019-01-23 05:34:21,337 [I] Curr factor: [1, 0, 0, 0, 0, 1, 1, 0, 0, 0, 0, 0, 0, 0, 0, 0, 0, 0, 0, 0, 0]	(at main.py:53) 
2019-01-23 05:34:21,438 [I] Response: [True, True, False, False, False, False, False, False, False, False, False, False, False, False, False, False]	(at main.py:56) 
2019-01-23 05:34:21,438 [I] Iter idx: 57, Qsize: 150	(at main.py:51) 
2019-01-23 05:34:21,438 [I] Curr factor: [0, 0, 0, 0, 0, 0, 0, 0, 1, 0, 0, 0, 1, 0, 0, 0, 0, 0, 0, 0, 0]	(at main.py:53) 
2019-01-23 05:34:21,540 [I] Response: [True, True, False, False, False, False, False, False, True, True, True, False, False, False, False, True]	(at main.py:56) 
2019-01-23 05:34:21,541 [I] Iter idx: 58, Qsize: 149	(at main.py:51) 
2019-01-23 05:34:21,541 [I] Curr factor: [0, 0, 0, 0, 0, 0, 0, 1, 1, 1, 0, 0, 1, 0, 0, 0, 0, 0, 0, 0, 0]	(at main.py:53) 
2019-01-23 05:34:21,877 [I] Response: [True, False, False, False, False, False, False, False, False, False, False, False, False, False, False, False]	(at main.py:56) 
2019-01-23 05:34:21,877 [I] Iter idx: 59, Qsize: 148	(at main.py:51) 
2019-01-23 05:34:21,877 [I] Curr factor: [0, 0, 0, 1, 1, 1, 1, 1, 1, 1, 0, 0, 0, 0, 0, 0, 0, 1, 0, 0, 0]	(at main.py:53) 
2019-01-23 05:34:22,184 [I] Response: [True, False, False, False, False, False, False, False, False, False, False, False, False, False, False, False]	(at main.py:56) 
2019-01-23 05:34:22,185 [I] Iter idx: 60, Qsize: 147	(at main.py:51) 
2019-01-23 05:34:22,185 [I] Curr factor: [0, 0, 0, 0, 0, 0, 1, 0, 0, 0, 0, 0, 0, 0, 0, 0, 1, 0, 0, 0, 0]	(at main.py:53) 
2019-01-23 05:34:22,523 [I] Response: [True, False, False, False, False, False, False, False, False, False, False, False, False, False, False, False]	(at main.py:56) 
2019-01-23 05:34:22,523 [I] Iter idx: 61, Qsize: 146	(at main.py:51) 
2019-01-23 05:34:22,523 [I] Curr factor: [0, 0, 0, 0, 0, 0, 0, 0, 0, 0, 0, 0, 0, 0, 0, 0, 1, 0, 1, 0, 0]	(at main.py:53) 
2019-01-23 05:34:22,926 [I] Response: [True, False, False, False, False, False, False, False, False, False, False, False, False, False, False, False]	(at main.py:56) 
2019-01-23 05:34:22,927 [I] Iter idx: 62, Qsize: 145	(at main.py:51) 
2019-01-23 05:34:22,927 [I] Curr factor: [0, 0, 0, 0, 0, 0, 0, 0, 0, 1, 0, 0, 0, 0, 0, 0, 0, 0, 0, 0, 1]	(at main.py:53) 
2019-01-23 05:34:23,292 [I] Response: [True, False, False, False, False, False, False, False, False, False, False, False, False, False, False, False]	(at main.py:56) 
2019-01-23 05:34:23,292 [I] Iter idx: 63, Qsize: 144	(at main.py:51) 
2019-01-23 05:34:23,292 [I] Curr factor: [0, 0, 0, 0, 0, 0, 0, 1, 1, 1, 0, 0, 0, 1, 0, 0, 0, 0, 0, 0, 0]	(at main.py:53) 
2019-01-23 05:34:23,638 [I] Response: [True, False, False, False, False, False, False, False, False, False, False, False, False, False, False, False]	(at main.py:56) 
2019-01-23 05:34:23,638 [I] Iter idx: 64, Qsize: 143	(at main.py:51) 
2019-01-23 05:34:23,638 [I] Curr factor: [0, 0, 0, 0, 0, 0, 0, 0, 0, 0, 0, 0, 0, 1, 0, 0, 0, 1, 0, 0, 0]	(at main.py:53) 
2019-01-23 05:34:23,976 [I] Response: [True, False, False, False, False, False, False, False, False, False, False, False, False, False, False, False]	(at main.py:56) 
2019-01-23 05:34:23,976 [I] Iter idx: 65, Qsize: 142	(at main.py:51) 
2019-01-23 05:34:23,976 [I] Curr factor: [0, 0, 0, 0, 0, 0, 0, 0, 0, 0, 0, 0, 0, 0, 0, 1, 1, 0, 0, 0, 0]	(at main.py:53) 
2019-01-23 05:34:24,317 [I] Response: [True, False, False, False, False, False, False, False, False, False, False, False, False, False, False, False]	(at main.py:56) 
2019-01-23 05:34:24,318 [I] Iter idx: 66, Qsize: 141	(at main.py:51) 
2019-01-23 05:34:24,318 [I] Curr factor: [1, 0, 0, 0, 0, 0, 0, 0, 0, 0, 0, 0, 0, 0, 0, 0, 1, 0, 0, 0, 0]	(at main.py:53) 
2019-01-23 05:34:24,422 [I] Response: [True, True, False, False, False, False, False, False, False, False, False, False, False, False, False, False]	(at main.py:56) 
2019-01-23 05:34:24,422 [I] Iter idx: 67, Qsize: 140	(at main.py:51) 
2019-01-23 05:34:24,422 [I] Curr factor: [1, 0, 0, 0, 0, 0, 0, 0, 0, 0, 0, 0, 0, 0, 0, 0, 0, 1, 0, 0, 0]	(at main.py:53) 
2019-01-23 05:34:24,525 [I] Response: [True, True, False, False, False, False, False, False, False, False, False, False, False, False, False, False]	(at main.py:56) 
2019-01-23 05:34:24,525 [I] Iter idx: 68, Qsize: 139	(at main.py:51) 
2019-01-23 05:34:24,525 [I] Curr factor: [0, 0, 0, 0, 0, 0, 1, 0, 0, 0, 0, 0, 0, 0, 1, 1, 0, 0, 0, 0, 0]	(at main.py:53) 
2019-01-23 05:34:24,633 [I] Response: [True, True, False, False, False, False, False, False, True, True, True, False, False, False, False, True]	(at main.py:56) 
2019-01-23 05:34:24,634 [I] Iter idx: 69, Qsize: 138	(at main.py:51) 
2019-01-23 05:34:24,634 [I] Curr factor: [0, 1, 0, 0, 0, 0, 0, 0, 0, 0, 1, 0, 0, 0, 0, 0, 0, 0, 0, 0, 0]	(at main.py:53) 
2019-01-23 05:34:24,764 [I] Response: [True, True, False, False, False, False, False, False, True, True, True, False, False, False, False, True]	(at main.py:56) 
2019-01-23 05:34:24,764 [I] Iter idx: 70, Qsize: 137	(at main.py:51) 
2019-01-23 05:34:24,764 [I] Curr factor: [0, 0, 0, 0, 0, 0, 0, 0, 0, 0, 0, 0, 1, 0, 0, 0, 0, 0, 0, 1, 0]	(at main.py:53) 
2019-01-23 05:34:25,081 [I] Response: [True, False, False, False, False, False, False, False, False, False, False, False, False, False, False, False]	(at main.py:56) 
2019-01-23 05:34:25,081 [I] Iter idx: 71, Qsize: 136	(at main.py:51) 
2019-01-23 05:34:25,081 [I] Curr factor: [0, 0, 0, 0, 0, 0, 1, 0, 0, 0, 0, 0, 0, 0, 0, 0, 0, 1, 0, 0, 0]	(at main.py:53) 
2019-01-23 05:34:25,412 [I] Response: [True, False, False, False, False, False, False, False, False, False, False, False, False, False, False, False]	(at main.py:56) 
2019-01-23 05:34:25,413 [I] Iter idx: 72, Qsize: 135	(at main.py:51) 
2019-01-23 05:34:25,413 [I] Curr factor: [0, 0, 0, 1, 1, 1, 1, 1, 1, 1, 0, 0, 0, 0, 0, 0, 1, 0, 0, 0, 0]	(at main.py:53) 
2019-01-23 05:34:25,732 [I] Response: [True, False, False, False, False, False, False, False, False, False, False, False, False, False, False, False]	(at main.py:56) 
2019-01-23 05:34:25,732 [I] Iter idx: 73, Qsize: 134	(at main.py:51) 
2019-01-23 05:34:25,732 [I] Curr factor: [0, 0, 0, 0, 0, 1, 1, 0, 0, 1, 0, 0, 0, 0, 0, 0, 0, 0, 0, 0, 0]	(at main.py:53) 
2019-01-23 05:34:26,066 [I] Response: [True, False, False, False, False, False, False, False, False, False, False, False, False, False, False, False]	(at main.py:56) 
2019-01-23 05:34:26,067 [I] Iter idx: 74, Qsize: 133	(at main.py:51) 
2019-01-23 05:34:26,067 [I] Curr factor: [0, 0, 0, 0, 0, 0, 0, 0, 0, 0, 0, 1, 1, 1, 0, 1, 0, 0, 0, 0, 0]	(at main.py:53) 
2019-01-23 05:34:26,406 [I] Response: [True, False, False, False, False, False, False, False, False, False, False, False, False, False, False, False]	(at main.py:56) 
2019-01-23 05:34:26,406 [I] Iter idx: 75, Qsize: 132	(at main.py:51) 
2019-01-23 05:34:26,406 [I] Curr factor: [0, 0, 0, 0, 0, 0, 0, 0, 0, 0, 0, 0, 0, 0, 0, 1, 0, 0, 0, 1, 0]	(at main.py:53) 
2019-01-23 05:34:26,743 [I] Response: [True, False, False, False, False, False, False, False, False, False, False, False, False, False, False, False]	(at main.py:56) 
2019-01-23 05:34:26,743 [I] Iter idx: 76, Qsize: 131	(at main.py:51) 
2019-01-23 05:34:26,743 [I] Curr factor: [0, 0, 0, 0, 0, 0, 0, 0, 0, 0, 1, 0, 0, 0, 0, 0, 0, 0, 1, 0, 0]	(at main.py:53) 
2019-01-23 05:34:26,846 [I] Response: [True, True, False, False, False, False, False, False, True, True, True, False, False, False, False, True]	(at main.py:56) 
2019-01-23 05:34:26,846 [I] Iter idx: 77, Qsize: 130	(at main.py:51) 
2019-01-23 05:34:26,847 [I] Curr factor: [1, 0, 0, 0, 0, 0, 0, 0, 0, 0, 0, 1, 1, 1, 0, 0, 0, 0, 0, 0, 0]	(at main.py:53) 
2019-01-23 05:34:27,196 [I] Response: [True, False, False, False, False, False, False, False, False, False, False, False, False, False, False, False]	(at main.py:56) 
2019-01-23 05:34:27,196 [I] Iter idx: 78, Qsize: 129	(at main.py:51) 
2019-01-23 05:34:27,196 [I] Curr factor: [0, 0, 0, 0, 0, 0, 0, 0, 0, 0, 0, 0, 0, 1, 0, 0, 1, 0, 0, 0, 0]	(at main.py:53) 
2019-01-23 05:34:27,544 [I] Response: [True, False, False, False, False, False, False, False, False, False, False, False, False, False, False, False]	(at main.py:56) 
2019-01-23 05:34:27,544 [I] Iter idx: 79, Qsize: 128	(at main.py:51) 
2019-01-23 05:34:27,544 [I] Curr factor: [0, 0, 0, 0, 1, 1, 1, 1, 1, 1, 0, 0, 0, 0, 0, 0, 0, 0, 0, 0, 1]	(at main.py:53) 
2019-01-23 05:34:27,947 [I] Response: [True, False, False, False, False, False, False, False, False, False, False, False, False, False, False, False]	(at main.py:56) 
2019-01-23 05:34:27,947 [I] Iter idx: 80, Qsize: 127	(at main.py:51) 
2019-01-23 05:34:27,947 [I] Curr factor: [0, 0, 0, 0, 0, 0, 0, 0, 0, 0, 1, 0, 0, 0, 0, 0, 0, 1, 0, 0, 0]	(at main.py:53) 
2019-01-23 05:34:28,062 [I] Response: [True, True, False, False, False, False, False, False, True, True, True, False, False, False, False, True]	(at main.py:56) 
2019-01-23 05:34:28,062 [I] Iter idx: 81, Qsize: 126	(at main.py:51) 
2019-01-23 05:34:28,062 [I] Curr factor: [0, 0, 0, 0, 0, 0, 0, 1, 1, 1, 0, 0, 0, 0, 0, 0, 0, 1, 0, 0, 0]	(at main.py:53) 
2019-01-23 05:34:28,390 [I] Response: [True, False, False, False, False, False, False, False, False, False, False, False, False, False, False, False]	(at main.py:56) 
2019-01-23 05:34:28,390 [I] Iter idx: 82, Qsize: 125	(at main.py:51) 
2019-01-23 05:34:28,390 [I] Curr factor: [0, 0, 0, 0, 0, 0, 0, 0, 0, 0, 0, 0, 0, 0, 0, 0, 0, 0, 0, 1, 1]	(at main.py:53) 
2019-01-23 05:34:28,710 [I] Response: [True, False, False, False, False, False, False, False, False, False, False, False, False, False, False, False]	(at main.py:56) 
2019-01-23 05:34:28,710 [I] Iter idx: 83, Qsize: 124	(at main.py:51) 
2019-01-23 05:34:28,710 [I] Curr factor: [0, 0, 0, 1, 1, 1, 1, 1, 1, 1, 0, 1, 1, 1, 0, 0, 0, 0, 0, 0, 0]	(at main.py:53) 
2019-01-23 05:34:29,031 [I] Response: [True, False, False, False, False, False, False, False, False, False, False, False, False, False, False, False]	(at main.py:56) 
2019-01-23 05:34:29,032 [I] Iter idx: 84, Qsize: 123	(at main.py:51) 
2019-01-23 05:34:29,032 [I] Curr factor: [0, 0, 0, 0, 1, 1, 1, 1, 1, 1, 0, 0, 0, 0, 0, 0, 0, 0, 0, 1, 0]	(at main.py:53) 
2019-01-23 05:34:29,372 [I] Response: [True, False, False, False, False, False, False, False, False, False, False, False, False, False, False, False]	(at main.py:56) 
2019-01-23 05:34:29,372 [I] Iter idx: 85, Qsize: 122	(at main.py:51) 
2019-01-23 05:34:29,372 [I] Curr factor: [0, 0, 0, 0, 0, 0, 0, 0, 0, 0, 0, 0, 0, 0, 1, 1, 0, 0, 0, 1, 0]	(at main.py:53) 
2019-01-23 05:34:29,708 [I] Response: [True, False, False, False, False, False, False, False, False, False, False, False, False, False, False, False]	(at main.py:56) 
2019-01-23 05:34:29,709 [I] Iter idx: 86, Qsize: 121	(at main.py:51) 
2019-01-23 05:34:29,709 [I] Curr factor: [0, 0, 1, 1, 1, 1, 1, 1, 1, 1, 0, 0, 0, 0, 0, 0, 1, 0, 0, 0, 0]	(at main.py:53) 
2019-01-23 05:34:29,809 [I] Response: [True, True, False, False, False, False, False, False, False, False, False, False, False, False, False, False]	(at main.py:56) 
2019-01-23 05:34:29,810 [I] Iter idx: 87, Qsize: 120	(at main.py:51) 
2019-01-23 05:34:29,810 [I] Curr factor: [0, 0, 0, 1, 1, 1, 1, 1, 1, 1, 0, 0, 0, 1, 0, 0, 0, 0, 0, 0, 0]	(at main.py:53) 
2019-01-23 05:34:30,115 [I] Response: [True, False, False, False, False, False, False, False, False, False, False, False, False, False, False, False]	(at main.py:56) 
2019-01-23 05:34:30,116 [I] Iter idx: 88, Qsize: 119	(at main.py:51) 
2019-01-23 05:34:30,116 [I] Curr factor: [0, 0, 0, 0, 0, 0, 0, 0, 0, 0, 0, 1, 1, 1, 0, 0, 1, 0, 0, 0, 0]	(at main.py:53) 
2019-01-23 05:34:30,472 [I] Response: [True, False, False, False, False, False, False, False, False, False, False, False, False, False, False, False]	(at main.py:56) 
2019-01-23 05:34:30,473 [I] Iter idx: 89, Qsize: 118	(at main.py:51) 
2019-01-23 05:34:30,473 [I] Curr factor: [1, 0, 1, 1, 1, 1, 1, 1, 1, 1, 0, 0, 0, 0, 0, 0, 0, 0, 0, 0, 0]	(at main.py:53) 
2019-01-23 05:34:30,581 [I] Response: [True, True, False, False, False, False, False, False, False, False, False, False, False, False, False, False]	(at main.py:56) 
2019-01-23 05:34:30,582 [I] Iter idx: 90, Qsize: 117	(at main.py:51) 
2019-01-23 05:34:30,582 [I] Curr factor: [0, 0, 0, 0, 0, 0, 0, 1, 1, 1, 0, 1, 1, 1, 0, 0, 0, 0, 0, 0, 0]	(at main.py:53) 
2019-01-23 05:34:30,914 [I] Response: [True, False, False, False, False, False, False, False, False, False, False, False, False, False, False, False]	(at main.py:56) 
2019-01-23 05:34:30,914 [I] Iter idx: 91, Qsize: 116	(at main.py:51) 
2019-01-23 05:34:30,914 [I] Curr factor: [0, 1, 0, 0, 0, 0, 1, 0, 0, 0, 0, 0, 0, 0, 0, 0, 0, 0, 0, 0, 0]	(at main.py:53) 
2019-01-23 05:34:31,254 [I] Response: [True, False, False, False, False, False, False, False, False, False, False, False, False, False, False, False]	(at main.py:56) 
2019-01-23 05:34:31,255 [I] Iter idx: 92, Qsize: 115	(at main.py:51) 
2019-01-23 05:34:31,255 [I] Curr factor: [0, 1, 0, 0, 0, 0, 0, 0, 0, 0, 0, 0, 0, 0, 0, 0, 1, 0, 0, 0, 0]	(at main.py:53) 
2019-01-23 05:34:31,598 [I] Response: [True, False, False, False, False, False, False, False, False, False, False, False, False, False, False, False]	(at main.py:56) 
2019-01-23 05:34:31,598 [I] Iter idx: 93, Qsize: 114	(at main.py:51) 
2019-01-23 05:34:31,598 [I] Curr factor: [0, 0, 0, 0, 0, 0, 0, 0, 0, 0, 0, 0, 0, 0, 1, 1, 0, 1, 0, 0, 0]	(at main.py:53) 
2019-01-23 05:34:31,702 [I] Response: [True, True, False, False, False, False, False, False, True, True, True, False, False, False, False, True]	(at main.py:56) 
2019-01-23 05:34:31,702 [I] Iter idx: 94, Qsize: 113	(at main.py:51) 
2019-01-23 05:34:31,702 [I] Curr factor: [0, 0, 0, 0, 0, 0, 0, 0, 0, 0, 0, 0, 1, 0, 0, 0, 1, 0, 0, 0, 0]	(at main.py:53) 
2019-01-23 05:34:32,042 [I] Response: [True, False, False, False, False, False, False, False, False, False, False, False, False, False, False, False]	(at main.py:56) 
2019-01-23 05:34:32,043 [I] Iter idx: 95, Qsize: 112	(at main.py:51) 
2019-01-23 05:34:32,043 [I] Curr factor: [0, 0, 0, 0, 0, 0, 0, 0, 0, 0, 0, 0, 1, 1, 0, 0, 0, 0, 0, 0, 0]	(at main.py:53) 
2019-01-23 05:34:32,380 [I] Response: [True, False, False, False, False, False, False, False, False, False, False, False, False, False, False, False]	(at main.py:56) 
2019-01-23 05:34:32,380 [I] Iter idx: 96, Qsize: 111	(at main.py:51) 
2019-01-23 05:34:32,380 [I] Curr factor: [0, 0, 0, 0, 0, 1, 1, 0, 0, 0, 0, 0, 0, 0, 0, 0, 0, 0, 0, 0, 1]	(at main.py:53) 
2019-01-23 05:34:32,708 [I] Response: [True, False, False, False, False, False, False, False, False, False, False, False, False, False, False, False]	(at main.py:56) 
2019-01-23 05:34:32,708 [I] Iter idx: 97, Qsize: 110	(at main.py:51) 
2019-01-23 05:34:32,708 [I] Curr factor: [0, 0, 0, 0, 0, 0, 0, 0, 0, 0, 0, 0, 0, 0, 0, 0, 0, 1, 0, 1, 0]	(at main.py:53) 
2019-01-23 05:34:33,045 [I] Response: [True, False, False, False, False, False, False, False, False, False, False, False, False, False, False, False]	(at main.py:56) 
2019-01-23 05:34:33,045 [I] Iter idx: 98, Qsize: 109	(at main.py:51) 
2019-01-23 05:34:33,046 [I] Curr factor: [0, 0, 0, 0, 1, 1, 1, 1, 1, 1, 0, 0, 0, 0, 0, 0, 1, 0, 0, 0, 0]	(at main.py:53) 
2019-01-23 05:34:33,379 [I] Response: [True, False, False, False, False, False, False, False, False, False, False, False, False, False, False, False]	(at main.py:56) 
2019-01-23 05:34:33,379 [I] Iter idx: 99, Qsize: 108	(at main.py:51) 
2019-01-23 05:34:33,380 [I] Curr factor: [0, 0, 0, 0, 0, 0, 0, 0, 0, 0, 0, 0, 0, 0, 0, 0, 0, 0, 1, 0, 1]	(at main.py:53) 
2019-01-23 05:34:33,484 [I] Response: [True, True, False, False, False, False, False, False, True, True, True, False, False, False, False, True]	(at main.py:56) 
2019-01-23 05:34:33,484 [I] Iter idx: 100, Qsize: 107	(at main.py:51) 
2019-01-23 05:34:33,484 [I] Curr factor: [0, 0, 0, 0, 1, 1, 1, 1, 1, 1, 1, 0, 0, 0, 0, 0, 0, 0, 0, 0, 0]	(at main.py:53) 
2019-01-23 05:34:33,815 [I] Response: [True, False, False, False, False, False, False, False, False, False, False, False, False, False, False, False]	(at main.py:56) 
2019-01-23 05:34:33,815 [I] Iter idx: 101, Qsize: 106	(at main.py:51) 
2019-01-23 05:34:33,815 [I] Curr factor: [0, 0, 0, 0, 0, 0, 0, 0, 1, 1, 0, 0, 0, 0, 0, 0, 0, 0, 0, 0, 0]	(at main.py:53) 
2019-01-23 05:34:34,185 [I] Response: [True, False, False, False, False, False, False, False, False, False, False, False, False, False, False, False]	(at main.py:56) 
2019-01-23 05:34:34,185 [I] Iter idx: 102, Qsize: 105	(at main.py:51) 
2019-01-23 05:34:34,185 [I] Curr factor: [0, 0, 0, 0, 0, 0, 0, 1, 1, 1, 1, 0, 0, 0, 0, 0, 0, 0, 0, 0, 0]	(at main.py:53) 
2019-01-23 05:34:34,648 [I] Response: [True, False, False, False, False, False, False, False, False, False, False, False, False, False, False, False]	(at main.py:56) 
2019-01-23 05:34:34,648 [I] Iter idx: 103, Qsize: 104	(at main.py:51) 
2019-01-23 05:34:34,649 [I] Curr factor: [0, 0, 0, 0, 0, 0, 0, 1, 1, 1, 0, 0, 0, 0, 1, 1, 0, 0, 0, 0, 0]	(at main.py:53) 
2019-01-23 05:34:34,979 [I] Response: [True, False, False, False, False, False, False, False, False, False, False, False, False, False, False, False]	(at main.py:56) 
2019-01-23 05:34:34,979 [I] Iter idx: 104, Qsize: 103	(at main.py:51) 
2019-01-23 05:34:34,980 [I] Curr factor: [0, 0, 0, 0, 0, 0, 0, 0, 0, 0, 1, 0, 0, 0, 1, 1, 0, 0, 0, 0, 0]	(at main.py:53) 
2019-01-23 05:34:35,083 [I] Response: [True, True, False, False, False, False, False, False, True, True, True, False, False, False, False, True]	(at main.py:56) 
2019-01-23 05:34:35,083 [I] Iter idx: 105, Qsize: 102	(at main.py:51) 
2019-01-23 05:34:35,083 [I] Curr factor: [1, 0, 0, 1, 1, 1, 1, 1, 1, 1, 0, 0, 0, 0, 0, 0, 0, 0, 0, 0, 0]	(at main.py:53) 
2019-01-23 05:34:35,186 [I] Response: [True, True, False, False, False, False, False, False, False, False, False, False, False, False, False, False]	(at main.py:56) 
2019-01-23 05:34:35,186 [I] Iter idx: 106, Qsize: 101	(at main.py:51) 
2019-01-23 05:34:35,186 [I] Curr factor: [1, 0, 0, 0, 0, 0, 0, 0, 0, 0, 1, 0, 0, 0, 0, 0, 0, 0, 0, 0, 0]	(at main.py:53) 
2019-01-23 05:34:35,289 [I] Response: [True, True, False, False, False, False, False, False, False, False, False, False, False, False, False, False]	(at main.py:56) 
2019-01-23 05:34:35,290 [I] Iter idx: 107, Qsize: 100	(at main.py:51) 
2019-01-23 05:34:35,290 [I] Curr factor: [0, 0, 0, 0, 0, 0, 0, 0, 0, 0, 0, 0, 0, 0, 0, 1, 0, 0, 0, 0, 1]	(at main.py:53) 
2019-01-23 05:34:35,393 [I] Response: [True, True, False, False, False, False, False, False, True, True, True, False, False, False, False, True]	(at main.py:56) 
2019-01-23 05:34:35,393 [I] Iter idx: 108, Qsize: 99	(at main.py:51) 
2019-01-23 05:34:35,393 [I] Curr factor: [0, 1, 0, 0, 0, 0, 0, 0, 0, 1, 0, 0, 0, 0, 0, 0, 0, 0, 0, 0, 0]	(at main.py:53) 
2019-01-23 05:34:35,773 [I] Response: [True, False, False, False, False, False, False, False, False, False, False, False, False, False, False, False]	(at main.py:56) 
2019-01-23 05:34:35,774 [I] Iter idx: 109, Qsize: 98	(at main.py:51) 
2019-01-23 05:34:35,774 [I] Curr factor: [0, 1, 1, 1, 1, 1, 1, 1, 1, 1, 0, 0, 0, 0, 0, 0, 0, 0, 0, 0, 0]	(at main.py:53) 
2019-01-23 05:34:35,904 [I] Response: [True, True, False, False, False, False, False, False, False, False, False, False, False, False, False, False]	(at main.py:56) 
2019-01-23 05:34:35,904 [I] Iter idx: 110, Qsize: 97	(at main.py:51) 
2019-01-23 05:34:35,904 [I] Curr factor: [0, 0, 0, 0, 0, 0, 0, 0, 0, 1, 0, 0, 1, 0, 0, 0, 0, 0, 0, 0, 0]	(at main.py:53) 
2019-01-23 05:34:36,244 [I] Response: [True, False, False, False, False, False, False, False, False, False, False, False, False, False, False, False]	(at main.py:56) 
2019-01-23 05:34:36,244 [I] Iter idx: 111, Qsize: 96	(at main.py:51) 
2019-01-23 05:34:36,244 [I] Curr factor: [0, 1, 0, 0, 0, 0, 0, 0, 0, 0, 0, 0, 0, 0, 0, 0, 0, 0, 0, 0, 1]	(at main.py:53) 
2019-01-23 05:34:36,348 [I] Response: [True, True, False, False, False, False, False, False, True, True, True, False, False, False, False, True]	(at main.py:56) 
2019-01-23 05:34:36,349 [I] Iter idx: 112, Qsize: 95	(at main.py:51) 
2019-01-23 05:34:36,349 [I] Curr factor: [0, 0, 0, 0, 0, 1, 1, 0, 0, 0, 0, 0, 0, 0, 1, 1, 0, 0, 0, 0, 0]	(at main.py:53) 
2019-01-23 05:34:36,447 [I] Response: [True, True, False, False, False, False, False, False, True, True, True, False, False, False, False, True]	(at main.py:56) 
2019-01-23 05:34:36,447 [I] Iter idx: 113, Qsize: 94	(at main.py:51) 
2019-01-23 05:34:36,447 [I] Curr factor: [0, 0, 0, 0, 0, 0, 0, 0, 0, 0, 1, 0, 0, 0, 0, 1, 0, 0, 0, 0, 0]	(at main.py:53) 
2019-01-23 05:34:36,553 [I] Response: [True, True, False, False, False, False, False, False, True, True, True, False, False, False, False, True]	(at main.py:56) 
2019-01-23 05:34:36,553 [I] Iter idx: 114, Qsize: 93	(at main.py:51) 
2019-01-23 05:34:36,553 [I] Curr factor: [0, 0, 0, 0, 0, 0, 0, 0, 0, 1, 0, 0, 0, 0, 0, 1, 0, 0, 0, 0, 0]	(at main.py:53) 
2019-01-23 05:34:36,885 [I] Response: [True, False, False, False, False, False, False, False, False, False, False, False, False, False, False, False]	(at main.py:56) 
2019-01-23 05:34:36,885 [I] Iter idx: 115, Qsize: 92	(at main.py:51) 
2019-01-23 05:34:36,885 [I] Curr factor: [0, 0, 0, 0, 1, 1, 1, 1, 1, 1, 0, 0, 0, 0, 0, 1, 0, 0, 0, 0, 0]	(at main.py:53) 
2019-01-23 05:34:37,232 [I] Response: [True, False, False, False, False, False, False, False, False, False, False, False, False, False, False, False]	(at main.py:56) 
2019-01-23 05:34:37,232 [I] Iter idx: 116, Qsize: 91	(at main.py:51) 
2019-01-23 05:34:37,232 [I] Curr factor: [0, 1, 0, 0, 0, 0, 0, 0, 0, 0, 0, 0, 1, 0, 0, 0, 0, 0, 0, 0, 0]	(at main.py:53) 
2019-01-23 05:34:37,333 [I] Response: [True, True, False, False, False, False, False, False, True, True, True, False, False, False, False, True]	(at main.py:56) 
2019-01-23 05:34:37,333 [I] Iter idx: 117, Qsize: 90	(at main.py:51) 
2019-01-23 05:34:37,333 [I] Curr factor: [0, 0, 0, 0, 1, 1, 1, 1, 1, 1, 0, 0, 0, 0, 0, 0, 0, 0, 1, 0, 0]	(at main.py:53) 
2019-01-23 05:34:37,665 [I] Response: [True, False, False, False, False, False, False, False, False, False, False, False, False, False, False, False]	(at main.py:56) 
2019-01-23 05:34:37,666 [I] Iter idx: 118, Qsize: 89	(at main.py:51) 
2019-01-23 05:34:37,666 [I] Curr factor: [0, 0, 0, 0, 0, 0, 0, 0, 1, 0, 0, 0, 0, 0, 0, 0, 1, 0, 0, 0, 0]	(at main.py:53) 
2019-01-23 05:34:38,047 [I] Response: [True, False, False, False, False, False, False, False, False, False, False, False, False, False, False, False]	(at main.py:56) 
2019-01-23 05:34:38,048 [I] Iter idx: 119, Qsize: 88	(at main.py:51) 
2019-01-23 05:34:38,048 [I] Curr factor: [0, 0, 0, 0, 0, 1, 1, 0, 1, 0, 0, 0, 0, 0, 0, 0, 0, 0, 0, 0, 0]	(at main.py:53) 
2019-01-23 05:34:38,379 [I] Response: [True, False, False, False, False, False, False, False, False, False, False, False, False, False, False, False]	(at main.py:56) 
2019-01-23 05:34:38,379 [I] Iter idx: 120, Qsize: 87	(at main.py:51) 
2019-01-23 05:34:38,379 [I] Curr factor: [0, 0, 0, 0, 0, 0, 0, 0, 0, 0, 1, 0, 1, 0, 0, 0, 0, 0, 0, 0, 0]	(at main.py:53) 
2019-01-23 05:34:38,480 [I] Response: [True, True, True, True, True, True, True, True, True, True, True, True, True, True, True, True]	(at main.py:56) 
2019-01-23 05:34:38,481 [I] Iter idx: 121, Qsize: 86	(at main.py:51) 
2019-01-23 05:34:38,481 [I] Curr factor: [1, 0, 0, 0, 0, 0, 1, 0, 0, 0, 0, 0, 0, 0, 0, 0, 0, 0, 0, 0, 0]	(at main.py:53) 
2019-01-23 05:34:38,590 [I] Response: [True, True, False, False, False, False, False, False, False, False, False, False, False, False, False, False]	(at main.py:56) 
2019-01-23 05:34:38,590 [I] Iter idx: 122, Qsize: 85	(at main.py:51) 
2019-01-23 05:34:38,590 [I] Curr factor: [0, 0, 0, 0, 0, 0, 0, 0, 0, 0, 0, 0, 0, 0, 0, 0, 0, 0, 1, 1, 0]	(at main.py:53) 
2019-01-23 05:34:38,918 [I] Response: [True, False, False, False, False, False, False, False, False, False, False, False, False, False, False, False]	(at main.py:56) 
2019-01-23 05:34:38,918 [I] Iter idx: 123, Qsize: 84	(at main.py:51) 
2019-01-23 05:34:38,918 [I] Curr factor: [0, 0, 0, 0, 1, 1, 1, 1, 1, 1, 0, 0, 1, 0, 0, 0, 0, 0, 0, 0, 0]	(at main.py:53) 
2019-01-23 05:34:39,240 [I] Response: [True, False, False, False, False, False, False, False, False, False, False, False, False, False, False, False]	(at main.py:56) 
2019-01-23 05:34:39,240 [I] Iter idx: 124, Qsize: 83	(at main.py:51) 
2019-01-23 05:34:39,240 [I] Curr factor: [0, 0, 0, 0, 0, 0, 0, 1, 1, 1, 0, 0, 0, 0, 0, 0, 0, 0, 0, 0, 1]	(at main.py:53) 
2019-01-23 05:34:39,571 [I] Response: [True, False, False, False, False, False, False, False, False, False, False, False, False, False, False, False]	(at main.py:56) 
2019-01-23 05:34:39,571 [I] Iter idx: 125, Qsize: 82	(at main.py:51) 
2019-01-23 05:34:39,572 [I] Curr factor: [0, 0, 1, 1, 1, 1, 1, 1, 1, 1, 0, 0, 0, 0, 0, 0, 0, 0, 0, 0, 1]	(at main.py:53) 
2019-01-23 05:34:39,690 [I] Response: [True, True, False, False, False, False, False, False, False, False, False, False, False, False, False, False]	(at main.py:56) 
2019-01-23 05:34:39,690 [I] Iter idx: 126, Qsize: 81	(at main.py:51) 
2019-01-23 05:34:39,690 [I] Curr factor: [1, 0, 0, 0, 0, 0, 0, 1, 1, 1, 0, 0, 0, 0, 0, 0, 0, 0, 0, 0, 0]	(at main.py:53) 
2019-01-23 05:34:39,794 [I] Response: [True, True, False, False, False, False, False, False, False, False, False, False, False, False, False, False]	(at main.py:56) 
2019-01-23 05:34:39,794 [I] Iter idx: 127, Qsize: 80	(at main.py:51) 
2019-01-23 05:34:39,794 [I] Curr factor: [0, 0, 0, 0, 0, 0, 0, 0, 0, 0, 1, 0, 0, 0, 0, 0, 1, 0, 0, 0, 0]	(at main.py:53) 
2019-01-23 05:34:40,136 [I] Response: [True, False, False, False, False, False, False, False, False, False, False, False, False, False, False, False]	(at main.py:56) 
2019-01-23 05:34:40,136 [I] Iter idx: 128, Qsize: 79	(at main.py:51) 
2019-01-23 05:34:40,136 [I] Curr factor: [0, 0, 0, 0, 0, 0, 0, 0, 0, 0, 0, 1, 1, 1, 0, 0, 0, 1, 0, 0, 0]	(at main.py:53) 
2019-01-23 05:34:40,469 [I] Response: [True, False, False, False, False, False, False, False, False, False, False, False, False, False, False, False]	(at main.py:56) 
2019-01-23 05:34:40,469 [I] Iter idx: 129, Qsize: 78	(at main.py:51) 
2019-01-23 05:34:40,469 [I] Curr factor: [0, 0, 0, 1, 1, 1, 1, 1, 1, 1, 0, 0, 1, 0, 0, 0, 0, 0, 0, 0, 0]	(at main.py:53) 
2019-01-23 05:34:40,784 [I] Response: [True, False, False, False, False, False, False, False, False, False, False, False, False, False, False, False]	(at main.py:56) 
2019-01-23 05:34:40,785 [I] Iter idx: 130, Qsize: 77	(at main.py:51) 
2019-01-23 05:34:40,785 [I] Curr factor: [0, 0, 0, 0, 0, 0, 1, 0, 1, 0, 0, 0, 0, 0, 0, 0, 0, 0, 0, 0, 0]	(at main.py:53) 
2019-01-23 05:34:41,120 [I] Response: [True, False, False, False, False, False, False, False, False, False, False, False, False, False, False, False]	(at main.py:56) 
2019-01-23 05:34:41,121 [I] Iter idx: 131, Qsize: 76	(at main.py:51) 
2019-01-23 05:34:41,121 [I] Curr factor: [0, 0, 0, 0, 0, 0, 1, 0, 0, 0, 0, 0, 0, 1, 0, 0, 0, 0, 0, 0, 0]	(at main.py:53) 
2019-01-23 05:34:41,448 [I] Response: [True, False, False, False, False, False, False, False, False, False, False, False, False, False, False, False]	(at main.py:56) 
2019-01-23 05:34:41,448 [I] Iter idx: 132, Qsize: 75	(at main.py:51) 
2019-01-23 05:34:41,448 [I] Curr factor: [0, 0, 0, 0, 0, 0, 1, 0, 0, 0, 0, 0, 0, 0, 0, 0, 0, 0, 0, 0, 1]	(at main.py:53) 
2019-01-23 05:34:41,788 [I] Response: [True, False, False, False, False, False, False, False, False, False, False, False, False, False, False, False]	(at main.py:56) 
2019-01-23 05:34:41,788 [I] Iter idx: 133, Qsize: 74	(at main.py:51) 
2019-01-23 05:34:41,788 [I] Curr factor: [0, 0, 0, 0, 0, 0, 0, 0, 0, 0, 0, 0, 0, 0, 0, 0, 1, 1, 0, 0, 0]	(at main.py:53) 
2019-01-23 05:34:42,142 [I] Response: [True, False, False, False, False, False, False, False, False, False, False, False, False, False, False, False]	(at main.py:56) 
2019-01-23 05:34:42,142 [I] Iter idx: 134, Qsize: 73	(at main.py:51) 
2019-01-23 05:34:42,142 [I] Curr factor: [0, 0, 0, 0, 0, 0, 0, 0, 1, 0, 0, 0, 0, 0, 1, 1, 0, 0, 0, 0, 0]	(at main.py:53) 
2019-01-23 05:34:42,255 [I] Response: [True, True, False, False, False, False, False, False, True, True, True, False, False, False, False, True]	(at main.py:56) 
2019-01-23 05:34:42,256 [I] Iter idx: 135, Qsize: 72	(at main.py:51) 
2019-01-23 05:34:42,256 [I] Curr factor: [0, 0, 1, 1, 1, 1, 1, 1, 1, 1, 0, 0, 0, 1, 0, 0, 0, 0, 0, 0, 0]	(at main.py:53) 
2019-01-23 05:34:42,365 [I] Response: [True, True, False, False, False, False, False, False, False, False, False, False, False, False, False, False]	(at main.py:56) 
2019-01-23 05:34:42,365 [I] Iter idx: 136, Qsize: 71	(at main.py:51) 
2019-01-23 05:34:42,365 [I] Curr factor: [0, 0, 0, 0, 0, 0, 0, 0, 0, 0, 0, 0, 0, 1, 0, 1, 0, 0, 0, 0, 0]	(at main.py:53) 
2019-01-23 05:34:42,694 [I] Response: [True, False, False, False, False, False, False, False, False, False, False, False, False, False, False, False]	(at main.py:56) 
2019-01-23 05:34:42,694 [I] Iter idx: 137, Qsize: 70	(at main.py:51) 
2019-01-23 05:34:42,695 [I] Curr factor: [0, 0, 1, 1, 1, 1, 1, 1, 1, 1, 0, 0, 1, 0, 0, 0, 0, 0, 0, 0, 0]	(at main.py:53) 
2019-01-23 05:34:42,828 [I] Response: [True, True, False, False, False, False, False, False, False, False, False, False, False, False, False, False]	(at main.py:56) 
2019-01-23 05:34:42,828 [I] Iter idx: 138, Qsize: 69	(at main.py:51) 
2019-01-23 05:34:42,828 [I] Curr factor: [0, 0, 0, 0, 0, 0, 0, 0, 1, 0, 0, 0, 0, 0, 0, 0, 0, 1, 0, 0, 0]	(at main.py:53) 
2019-01-23 05:34:42,935 [I] Response: [True, True, False, False, False, False, False, False, True, True, True, False, False, False, False, True]	(at main.py:56) 
2019-01-23 05:34:42,935 [I] Iter idx: 139, Qsize: 68	(at main.py:51) 
2019-01-23 05:34:42,935 [I] Curr factor: [0, 0, 1, 1, 1, 1, 1, 1, 1, 1, 0, 0, 0, 0, 0, 1, 0, 0, 0, 0, 0]	(at main.py:53) 
2019-01-23 05:34:43,062 [I] Response: [True, True, False, False, False, False, False, False, False, False, False, False, False, False, False, False]	(at main.py:56) 
2019-01-23 05:34:43,062 [I] Iter idx: 140, Qsize: 67	(at main.py:51) 
2019-01-23 05:34:43,062 [I] Curr factor: [0, 0, 0, 0, 0, 0, 0, 0, 0, 0, 0, 0, 0, 0, 1, 1, 0, 0, 0, 0, 1]	(at main.py:53) 
2019-01-23 05:34:43,188 [I] Response: [True, True, False, False, False, False, False, False, True, True, True, False, False, False, False, True]	(at main.py:56) 
2019-01-23 05:34:43,188 [I] Iter idx: 141, Qsize: 66	(at main.py:51) 
2019-01-23 05:34:43,188 [I] Curr factor: [0, 0, 0, 0, 0, 1, 1, 1, 1, 1, 0, 0, 0, 0, 0, 0, 0, 0, 0, 0, 0]	(at main.py:53) 
2019-01-23 05:34:43,549 [I] Response: [True, False, False, False, False, False, False, False, False, False, False, False, False, False, False, False]	(at main.py:56) 
2019-01-23 05:34:43,549 [I] Iter idx: 142, Qsize: 65	(at main.py:51) 
2019-01-23 05:34:43,549 [I] Curr factor: [0, 0, 0, 0, 0, 0, 0, 0, 0, 0, 0, 0, 1, 0, 0, 1, 0, 0, 0, 0, 0]	(at main.py:53) 
2019-01-23 05:34:43,675 [I] Response: [True, True, False, False, False, False, False, False, True, True, True, False, False, False, False, True]	(at main.py:56) 
2019-01-23 05:34:43,675 [I] Iter idx: 143, Qsize: 64	(at main.py:51) 
2019-01-23 05:34:43,675 [I] Curr factor: [0, 1, 0, 0, 0, 0, 0, 0, 0, 0, 0, 0, 0, 0, 0, 0, 0, 1, 0, 0, 0]	(at main.py:53) 
2019-01-23 05:34:43,779 [I] Response: [True, True, False, False, False, False, False, False, True, True, True, False, False, False, False, True]	(at main.py:56) 
2019-01-23 05:34:43,779 [I] Iter idx: 144, Qsize: 63	(at main.py:51) 
2019-01-23 05:34:43,779 [I] Curr factor: [0, 0, 0, 0, 0, 0, 0, 0, 0, 1, 0, 0, 0, 0, 0, 0, 1, 0, 0, 0, 0]	(at main.py:53) 
2019-01-23 05:34:44,117 [I] Response: [True, False, False, False, False, False, False, False, False, False, False, False, False, False, False, False]	(at main.py:56) 
2019-01-23 05:34:44,117 [I] Iter idx: 145, Qsize: 62	(at main.py:51) 
2019-01-23 05:34:44,117 [I] Curr factor: [1, 0, 0, 0, 0, 0, 0, 0, 0, 1, 0, 0, 0, 0, 0, 0, 0, 0, 0, 0, 0]	(at main.py:53) 
2019-01-23 05:34:44,221 [I] Response: [True, True, False, False, False, False, False, False, False, False, False, False, False, False, False, False]	(at main.py:56) 
2019-01-23 05:34:44,222 [I] Iter idx: 146, Qsize: 61	(at main.py:51) 
2019-01-23 05:34:44,222 [I] Curr factor: [0, 0, 0, 0, 0, 0, 0, 0, 0, 0, 0, 1, 1, 1, 0, 0, 0, 0, 0, 0, 1]	(at main.py:53) 
2019-01-23 05:34:44,638 [I] Response: [True, False, False, False, False, False, False, False, False, False, False, False, False, False, False, False]	(at main.py:56) 
2019-01-23 05:34:44,639 [I] Iter idx: 147, Qsize: 60	(at main.py:51) 
2019-01-23 05:34:44,640 [I] Curr factor: [0, 0, 0, 0, 0, 0, 0, 0, 0, 0, 0, 0, 0, 0, 0, 0, 0, 1, 0, 0, 1]	(at main.py:53) 
2019-01-23 05:34:44,783 [I] Response: [True, True, False, False, False, False, False, False, True, True, True, False, False, False, False, True]	(at main.py:56) 
2019-01-23 05:34:44,783 [I] Iter idx: 148, Qsize: 59	(at main.py:51) 
2019-01-23 05:34:44,783 [I] Curr factor: [0, 0, 0, 0, 0, 0, 0, 0, 0, 0, 1, 0, 0, 0, 0, 0, 0, 0, 0, 1, 0]	(at main.py:53) 
2019-01-23 05:34:45,135 [I] Response: [True, False, False, False, False, False, False, False, False, False, False, False, False, False, False, False]	(at main.py:56) 
2019-01-23 05:34:45,136 [I] Iter idx: 149, Qsize: 58	(at main.py:51) 
2019-01-23 05:34:45,136 [I] Curr factor: [0, 0, 0, 0, 0, 0, 0, 0, 0, 0, 0, 0, 0, 0, 0, 1, 0, 1, 0, 0, 0]	(at main.py:53) 
2019-01-23 05:34:45,241 [I] Response: [True, True, False, False, False, False, False, False, True, True, True, False, False, False, False, True]	(at main.py:56) 
2019-01-23 05:34:45,241 [I] Iter idx: 150, Qsize: 57	(at main.py:51) 
2019-01-23 05:34:45,242 [I] Curr factor: [1, 0, 0, 0, 0, 0, 0, 0, 0, 0, 0, 0, 0, 0, 0, 1, 0, 0, 0, 0, 0]	(at main.py:53) 
2019-01-23 05:34:45,345 [I] Response: [True, True, False, False, False, False, False, False, False, False, False, False, False, False, False, False]	(at main.py:56) 
2019-01-23 05:34:45,345 [I] Iter idx: 151, Qsize: 56	(at main.py:51) 
2019-01-23 05:34:45,345 [I] Curr factor: [0, 0, 0, 0, 0, 0, 0, 0, 0, 0, 1, 0, 0, 0, 0, 0, 0, 0, 0, 0, 1]	(at main.py:53) 
2019-01-23 05:34:45,448 [I] Response: [True, True, True, True, True, True, True, True, True, True, True, True, True, True, True, True]	(at main.py:56) 
2019-01-23 05:34:45,449 [I] Iter idx: 152, Qsize: 55	(at main.py:51) 
2019-01-23 05:34:45,449 [I] Curr factor: [0, 0, 0, 0, 0, 1, 1, 0, 0, 0, 0, 0, 0, 0, 0, 0, 0, 0, 1, 0, 0]	(at main.py:53) 
2019-01-23 05:34:45,796 [I] Response: [True, False, False, False, False, False, False, False, False, False, False, False, False, False, False, False]	(at main.py:56) 
2019-01-23 05:34:45,796 [I] Iter idx: 153, Qsize: 54	(at main.py:51) 
2019-01-23 05:34:45,796 [I] Curr factor: [0, 0, 0, 0, 0, 0, 0, 1, 1, 1, 0, 0, 0, 0, 0, 0, 1, 0, 0, 0, 0]	(at main.py:53) 
2019-01-23 05:34:46,155 [I] Response: [True, False, False, False, False, False, False, False, False, False, False, False, False, False, False, False]	(at main.py:56) 
2019-01-23 05:34:46,156 [I] Iter idx: 154, Qsize: 53	(at main.py:51) 
2019-01-23 05:34:46,156 [I] Curr factor: [1, 0, 0, 0, 0, 0, 0, 0, 1, 0, 0, 0, 0, 0, 0, 0, 0, 0, 0, 0, 0]	(at main.py:53) 
2019-01-23 05:34:46,282 [I] Response: [True, True, False, False, False, False, False, False, False, False, False, False, False, False, False, False]	(at main.py:56) 
2019-01-23 05:34:46,282 [I] Iter idx: 155, Qsize: 52	(at main.py:51) 
2019-01-23 05:34:46,282 [I] Curr factor: [1, 0, 0, 0, 0, 0, 0, 0, 0, 0, 0, 0, 0, 0, 0, 0, 0, 0, 0, 1, 0]	(at main.py:53) 
2019-01-23 05:34:46,384 [I] Response: [True, True, False, False, False, False, False, False, False, False, False, False, False, False, False, False]	(at main.py:56) 
2019-01-23 05:34:46,384 [I] Iter idx: 156, Qsize: 51	(at main.py:51) 
2019-01-23 05:34:46,384 [I] Curr factor: [0, 0, 0, 0, 0, 0, 0, 1, 1, 1, 0, 0, 0, 0, 0, 0, 0, 0, 1, 0, 0]	(at main.py:53) 
2019-01-23 05:34:46,768 [I] Response: [True, False, False, False, False, False, False, False, False, False, False, False, False, False, False, False]	(at main.py:56) 
2019-01-23 05:34:46,768 [I] Iter idx: 157, Qsize: 50	(at main.py:51) 
2019-01-23 05:34:46,768 [I] Curr factor: [0, 0, 0, 0, 0, 0, 1, 0, 0, 0, 0, 0, 0, 0, 0, 1, 0, 0, 0, 0, 0]	(at main.py:53) 
2019-01-23 05:34:46,875 [I] Response: [True, True, False, False, False, False, False, False, True, True, True, False, False, False, False, True]	(at main.py:56) 
2019-01-23 05:34:46,876 [I] Iter idx: 158, Qsize: 49	(at main.py:51) 
2019-01-23 05:34:46,876 [I] Curr factor: [0, 0, 0, 0, 0, 0, 0, 0, 1, 0, 0, 0, 0, 1, 0, 0, 0, 0, 0, 0, 0]	(at main.py:53) 
2019-01-23 05:34:47,222 [I] Response: [True, False, False, False, False, False, False, False, False, False, False, False, False, False, False, False]	(at main.py:56) 
2019-01-23 05:34:47,222 [I] Iter idx: 159, Qsize: 48	(at main.py:51) 
2019-01-23 05:34:47,222 [I] Curr factor: [0, 0, 0, 0, 0, 0, 1, 0, 0, 0, 0, 1, 1, 1, 0, 0, 0, 0, 0, 0, 0]	(at main.py:53) 
2019-01-23 05:34:47,559 [I] Response: [True, False, False, False, False, False, False, False, False, False, False, False, False, False, False, False]	(at main.py:56) 
2019-01-23 05:34:47,559 [I] Iter idx: 160, Qsize: 47	(at main.py:51) 
2019-01-23 05:34:47,559 [I] Curr factor: [0, 0, 0, 0, 0, 0, 0, 0, 0, 0, 0, 0, 0, 1, 0, 0, 0, 0, 0, 0, 1]	(at main.py:53) 
2019-01-23 05:34:47,893 [I] Response: [True, False, False, False, False, False, False, False, False, False, False, False, False, False, False, False]	(at main.py:56) 
2019-01-23 05:34:47,893 [I] Iter idx: 161, Qsize: 46	(at main.py:51) 
2019-01-23 05:34:47,893 [I] Curr factor: [1, 0, 0, 0, 0, 0, 0, 0, 0, 0, 0, 0, 0, 0, 1, 1, 0, 0, 0, 0, 0]	(at main.py:53) 
2019-01-23 05:34:47,995 [I] Response: [True, True, False, False, False, False, False, False, False, False, False, False, False, False, False, False]	(at main.py:56) 
2019-01-23 05:34:47,995 [I] Iter idx: 162, Qsize: 45	(at main.py:51) 
2019-01-23 05:34:47,995 [I] Curr factor: [0, 1, 0, 0, 0, 0, 0, 0, 0, 0, 0, 0, 0, 0, 0, 0, 0, 0, 1, 0, 0]	(at main.py:53) 
2019-01-23 05:34:48,103 [I] Response: [True, True, False, False, False, False, False, False, True, True, True, False, False, False, False, True]	(at main.py:56) 
2019-01-23 05:34:48,103 [I] Iter idx: 163, Qsize: 44	(at main.py:51) 
2019-01-23 05:34:48,103 [I] Curr factor: [0, 0, 1, 1, 1, 1, 1, 1, 1, 1, 0, 0, 0, 0, 0, 0, 0, 0, 0, 1, 0]	(at main.py:53) 
2019-01-23 05:34:48,210 [I] Response: [True, True, False, False, False, False, False, False, False, False, False, False, False, False, False, False]	(at main.py:56) 
2019-01-23 05:34:48,211 [I] Iter idx: 164, Qsize: 43	(at main.py:51) 
2019-01-23 05:34:48,211 [I] Curr factor: [0, 0, 0, 0, 0, 0, 0, 1, 1, 1, 0, 0, 0, 0, 0, 1, 0, 0, 0, 0, 0]	(at main.py:53) 
2019-01-23 05:34:48,539 [I] Response: [True, False, False, False, False, False, False, False, False, False, False, False, False, False, False, False]	(at main.py:56) 
2019-01-23 05:34:48,539 [I] Iter idx: 165, Qsize: 42	(at main.py:51) 
2019-01-23 05:34:48,539 [I] Curr factor: [0, 0, 0, 0, 0, 0, 0, 0, 0, 0, 1, 0, 0, 1, 0, 0, 0, 0, 0, 0, 0]	(at main.py:53) 
2019-01-23 05:34:48,879 [I] Response: [True, False, False, False, False, False, False, False, False, False, False, False, False, False, False, False]	(at main.py:56) 
2019-01-23 05:34:48,879 [I] Iter idx: 166, Qsize: 41	(at main.py:51) 
2019-01-23 05:34:48,879 [I] Curr factor: [0, 1, 0, 0, 0, 0, 0, 0, 0, 0, 0, 0, 0, 0, 0, 1, 0, 0, 0, 0, 0]	(at main.py:53) 
2019-01-23 05:34:48,981 [I] Response: [True, True, False, False, False, False, False, False, True, True, True, False, False, False, False, True]	(at main.py:56) 
2019-01-23 05:34:48,981 [I] Iter idx: 167, Qsize: 40	(at main.py:51) 
2019-01-23 05:34:48,982 [I] Curr factor: [0, 1, 0, 0, 0, 1, 1, 0, 0, 0, 0, 0, 0, 0, 0, 0, 0, 0, 0, 0, 0]	(at main.py:53) 
2019-01-23 05:34:49,300 [I] Response: [True, False, False, False, False, False, False, False, False, False, False, False, False, False, False, False]	(at main.py:56) 
2019-01-23 05:34:49,301 [I] Iter idx: 168, Qsize: 39	(at main.py:51) 
2019-01-23 05:34:49,301 [I] Curr factor: [0, 0, 0, 0, 0, 0, 0, 0, 0, 1, 0, 1, 1, 1, 0, 0, 0, 0, 0, 0, 0]	(at main.py:53) 
2019-01-23 05:34:49,645 [I] Response: [True, False, False, False, False, False, False, False, False, False, False, False, False, False, False, False]	(at main.py:56) 
2019-01-23 05:34:49,645 [I] Iter idx: 169, Qsize: 38	(at main.py:51) 
2019-01-23 05:34:49,645 [I] Curr factor: [0, 0, 0, 0, 0, 0, 0, 0, 0, 1, 1, 0, 0, 0, 0, 0, 0, 0, 0, 0, 0]	(at main.py:53) 
2019-01-23 05:34:49,982 [I] Response: [True, False, False, False, False, False, False, False, False, False, False, False, False, False, False, False]	(at main.py:56) 
2019-01-23 05:34:49,982 [I] Iter idx: 170, Qsize: 37	(at main.py:51) 
2019-01-23 05:34:49,982 [I] Curr factor: [0, 0, 0, 0, 0, 0, 0, 0, 1, 0, 1, 0, 0, 0, 0, 0, 0, 0, 0, 0, 0]	(at main.py:53) 
2019-01-23 05:34:50,090 [I] Response: [True, True, False, False, False, False, False, False, True, True, True, False, False, False, False, True]	(at main.py:56) 
2019-01-23 05:34:50,091 [I] Iter idx: 171, Qsize: 36	(at main.py:51) 
2019-01-23 05:34:50,091 [I] Curr factor: [0, 0, 0, 1, 1, 1, 1, 1, 1, 1, 0, 0, 0, 0, 0, 0, 0, 0, 1, 0, 0]	(at main.py:53) 
2019-01-23 05:34:50,386 [I] Response: [True, False, False, False, False, False, False, False, False, False, False, False, False, False, False, False]	(at main.py:56) 
2019-01-23 05:34:50,386 [I] Iter idx: 172, Qsize: 35	(at main.py:51) 
2019-01-23 05:34:50,386 [I] Curr factor: [0, 0, 1, 1, 1, 1, 1, 1, 1, 1, 0, 0, 0, 0, 1, 1, 0, 0, 0, 0, 0]	(at main.py:53) 
2019-01-23 05:34:50,488 [I] Response: [True, True, False, False, False, False, False, False, False, False, False, False, False, False, False, False]	(at main.py:56) 
2019-01-23 05:34:50,488 [I] Iter idx: 173, Qsize: 34	(at main.py:51) 
2019-01-23 05:34:50,489 [I] Curr factor: [0, 0, 0, 0, 0, 0, 1, 1, 1, 1, 0, 0, 0, 0, 0, 0, 0, 0, 0, 0, 0]	(at main.py:53) 
2019-01-23 05:34:50,835 [I] Response: [True, False, False, False, False, False, False, False, False, False, False, False, False, False, False, False]	(at main.py:56) 
2019-01-23 05:34:50,835 [I] Iter idx: 174, Qsize: 33	(at main.py:51) 
2019-01-23 05:34:50,835 [I] Curr factor: [0, 0, 0, 1, 1, 1, 1, 1, 1, 1, 1, 0, 0, 0, 0, 0, 0, 0, 0, 0, 0]	(at main.py:53) 
2019-01-23 05:34:51,151 [I] Response: [True, False, False, False, False, False, False, False, False, False, False, False, False, False, False, False]	(at main.py:56) 
2019-01-23 05:34:51,152 [I] Iter idx: 175, Qsize: 32	(at main.py:51) 
2019-01-23 05:34:51,152 [I] Curr factor: [0, 0, 0, 0, 0, 0, 0, 0, 1, 0, 0, 1, 1, 1, 0, 0, 0, 0, 0, 0, 0]	(at main.py:53) 
2019-01-23 05:34:51,491 [I] Response: [True, False, False, False, False, False, False, False, False, False, False, False, False, False, False, False]	(at main.py:56) 
2019-01-23 05:34:51,491 [I] Iter idx: 176, Qsize: 31	(at main.py:51) 
2019-01-23 05:34:51,492 [I] Curr factor: [0, 0, 0, 1, 1, 1, 1, 1, 1, 1, 0, 0, 0, 0, 0, 0, 0, 0, 0, 1, 0]	(at main.py:53) 
2019-01-23 05:34:51,851 [I] Response: [True, False, False, False, False, False, False, False, False, False, False, False, False, False, False, False]	(at main.py:56) 
2019-01-23 05:34:51,852 [I] Iter idx: 177, Qsize: 30	(at main.py:51) 
2019-01-23 05:34:51,852 [I] Curr factor: [0, 0, 0, 0, 0, 0, 1, 0, 0, 0, 1, 0, 0, 0, 0, 0, 0, 0, 0, 0, 0]	(at main.py:53) 
2019-01-23 05:34:52,215 [I] Response: [True, False, False, False, False, False, False, False, False, False, False, False, False, False, False, False]	(at main.py:56) 
2019-01-23 05:34:52,215 [I] Iter idx: 178, Qsize: 29	(at main.py:51) 
2019-01-23 05:34:52,215 [I] Curr factor: [0, 0, 0, 0, 0, 0, 1, 0, 0, 1, 0, 0, 0, 0, 0, 0, 0, 0, 0, 0, 0]	(at main.py:53) 
2019-01-23 05:34:52,571 [I] Response: [True, False, False, False, False, False, False, False, False, False, False, False, False, False, False, False]	(at main.py:56) 
2019-01-23 05:34:52,571 [I] Iter idx: 179, Qsize: 28	(at main.py:51) 
2019-01-23 05:34:52,571 [I] Curr factor: [0, 0, 0, 0, 0, 0, 0, 0, 0, 0, 0, 0, 1, 0, 0, 0, 0, 0, 0, 0, 1]	(at main.py:53) 
2019-01-23 05:34:52,694 [I] Response: [True, True, True, True, True, True, True, True, True, True, True, True, True, True, True, True]	(at main.py:56) 
2019-01-23 05:34:52,694 [I] Iter idx: 180, Qsize: 27	(at main.py:51) 
2019-01-23 05:34:52,695 [I] Curr factor: [0, 0, 1, 1, 1, 1, 1, 1, 1, 1, 0, 1, 1, 1, 0, 0, 0, 0, 0, 0, 0]	(at main.py:53) 
2019-01-23 05:34:52,804 [I] Response: [True, True, False, False, False, False, False, False, False, False, False, False, False, False, False, False]	(at main.py:56) 
2019-01-23 05:34:52,804 [I] Iter idx: 181, Qsize: 26	(at main.py:51) 
2019-01-23 05:34:52,805 [I] Curr factor: [0, 0, 0, 0, 0, 1, 1, 0, 0, 0, 0, 0, 0, 1, 0, 0, 0, 0, 0, 0, 0]	(at main.py:53) 
2019-01-23 05:34:53,137 [I] Response: [True, False, False, False, False, False, False, False, False, False, False, False, False, False, False, False]	(at main.py:56) 
2019-01-23 05:34:53,137 [I] Iter idx: 182, Qsize: 25	(at main.py:51) 
2019-01-23 05:34:53,137 [I] Curr factor: [1, 0, 0, 0, 0, 0, 0, 0, 0, 0, 0, 0, 1, 0, 0, 0, 0, 0, 0, 0, 0]	(at main.py:53) 
2019-01-23 05:34:53,240 [I] Response: [True, True, False, False, False, False, False, False, False, False, False, False, False, False, False, False]	(at main.py:56) 
2019-01-23 05:34:53,240 [I] Iter idx: 183, Qsize: 24	(at main.py:51) 
2019-01-23 05:34:53,240 [I] Curr factor: [0, 0, 0, 0, 1, 1, 1, 1, 1, 1, 0, 0, 0, 0, 1, 1, 0, 0, 0, 0, 0]	(at main.py:53) 
2019-01-23 05:34:53,581 [I] Response: [True, False, False, False, False, False, False, False, False, False, False, False, False, False, False, False]	(at main.py:56) 
2019-01-23 05:34:53,581 [I] Iter idx: 184, Qsize: 23	(at main.py:51) 
2019-01-23 05:34:53,581 [I] Curr factor: [1, 0, 0, 0, 0, 0, 0, 0, 0, 0, 0, 0, 0, 0, 0, 0, 0, 0, 1, 0, 0]	(at main.py:53) 
2019-01-23 05:34:53,691 [I] Response: [True, True, False, False, False, False, False, False, False, False, False, False, False, False, False, False]	(at main.py:56) 
2019-01-23 05:34:53,691 [I] Iter idx: 185, Qsize: 22	(at main.py:51) 
2019-01-23 05:34:53,691 [I] Curr factor: [0, 0, 0, 0, 0, 1, 1, 0, 0, 0, 1, 0, 0, 0, 0, 0, 0, 0, 0, 0, 0]	(at main.py:53) 
2019-01-23 05:34:54,023 [I] Response: [True, False, False, False, False, False, False, False, False, False, False, False, False, False, False, False]	(at main.py:56) 
2019-01-23 05:34:54,023 [I] Iter idx: 186, Qsize: 21	(at main.py:51) 
2019-01-23 05:34:54,024 [I] Curr factor: [0, 0, 0, 0, 0, 0, 0, 0, 0, 0, 0, 0, 0, 0, 0, 1, 0, 0, 1, 0, 0]	(at main.py:53) 
2019-01-23 05:34:54,127 [I] Response: [True, True, False, False, False, False, False, False, True, True, True, False, False, False, False, True]	(at main.py:56) 
2019-01-23 05:34:54,127 [I] Iter idx: 187, Qsize: 20	(at main.py:51) 
2019-01-23 05:34:54,127 [I] Curr factor: [0, 0, 0, 0, 0, 0, 0, 0, 0, 0, 0, 0, 0, 0, 0, 0, 1, 0, 0, 0, 1]	(at main.py:53) 
2019-01-23 05:34:54,485 [I] Response: [True, False, False, False, False, False, False, False, False, False, False, False, False, False, False, False]	(at main.py:56) 
2019-01-23 05:34:54,485 [I] Iter idx: 188, Qsize: 19	(at main.py:51) 
2019-01-23 05:34:54,485 [I] Curr factor: [0, 0, 0, 0, 0, 1, 1, 0, 0, 0, 0, 0, 0, 0, 0, 1, 0, 0, 0, 0, 0]	(at main.py:53) 
2019-01-23 05:34:54,589 [I] Response: [True, True, False, False, False, False, False, False, True, True, True, False, False, False, False, True]	(at main.py:56) 
2019-01-23 05:34:54,590 [I] Iter idx: 189, Qsize: 18	(at main.py:51) 
2019-01-23 05:34:54,590 [I] Curr factor: [0, 0, 0, 0, 0, 0, 0, 0, 0, 0, 0, 1, 1, 1, 0, 0, 0, 0, 0, 1, 0]	(at main.py:53) 
2019-01-23 05:34:54,919 [I] Response: [True, False, False, False, False, False, False, False, False, False, False, False, False, False, False, False]	(at main.py:56) 
2019-01-23 05:34:54,919 [I] Iter idx: 190, Qsize: 17	(at main.py:51) 
2019-01-23 05:34:54,920 [I] Curr factor: [0, 0, 0, 0, 0, 1, 1, 0, 0, 0, 0, 0, 1, 0, 0, 0, 0, 0, 0, 0, 0]	(at main.py:53) 
2019-01-23 05:34:55,271 [I] Response: [True, False, False, False, False, False, False, False, False, False, False, False, False, False, False, False]	(at main.py:56) 
2019-01-23 05:34:55,272 [I] Iter idx: 191, Qsize: 16	(at main.py:51) 
2019-01-23 05:34:55,272 [I] Curr factor: [0, 1, 0, 0, 0, 0, 0, 0, 0, 0, 0, 0, 0, 0, 0, 0, 0, 0, 0, 1, 0]	(at main.py:53) 
2019-01-23 05:34:55,607 [I] Response: [True, False, False, False, False, False, False, False, False, False, False, False, False, False, False, False]	(at main.py:56) 
2019-01-23 05:34:55,608 [I] Iter idx: 192, Qsize: 15	(at main.py:51) 
2019-01-23 05:34:55,608 [I] Curr factor: [0, 1, 0, 0, 0, 0, 0, 0, 1, 0, 0, 0, 0, 0, 0, 0, 0, 0, 0, 0, 0]	(at main.py:53) 
2019-01-23 05:34:55,716 [I] Response: [True, True, False, False, False, False, False, False, True, True, True, False, False, False, False, True]	(at main.py:56) 
2019-01-23 05:34:55,717 [I] Iter idx: 193, Qsize: 14	(at main.py:51) 
2019-01-23 05:34:55,717 [I] Curr factor: [0, 0, 0, 0, 0, 0, 0, 0, 0, 0, 0, 0, 0, 0, 0, 0, 1, 0, 0, 1, 0]	(at main.py:53) 
2019-01-23 05:34:56,062 [I] Response: [True, False, False, False, False, False, False, False, False, False, False, False, False, False, False, False]	(at main.py:56) 
2019-01-23 05:34:56,062 [I] Iter idx: 194, Qsize: 13	(at main.py:51) 
2019-01-23 05:34:56,062 [I] Curr factor: [0, 0, 0, 0, 1, 1, 1, 1, 1, 1, 0, 1, 1, 1, 0, 0, 0, 0, 0, 0, 0]	(at main.py:53) 
2019-01-23 05:34:56,390 [I] Response: [True, False, False, False, False, False, False, False, False, False, False, False, False, False, False, False]	(at main.py:56) 
2019-01-23 05:34:56,390 [I] Iter idx: 195, Qsize: 12	(at main.py:51) 
2019-01-23 05:34:56,391 [I] Curr factor: [0, 0, 0, 0, 1, 1, 1, 1, 1, 1, 0, 0, 0, 1, 0, 0, 0, 0, 0, 0, 0]	(at main.py:53) 
2019-01-23 05:34:56,741 [I] Response: [True, False, False, False, False, False, False, False, False, False, False, False, False, False, False, False]	(at main.py:56) 
2019-01-23 05:34:56,741 [I] Iter idx: 196, Qsize: 11	(at main.py:51) 
2019-01-23 05:34:56,741 [I] Curr factor: [0, 0, 0, 0, 0, 0, 0, 0, 1, 0, 0, 0, 0, 0, 0, 1, 0, 0, 0, 0, 0]	(at main.py:53) 
2019-01-23 05:34:56,845 [I] Response: [True, True, False, False, False, False, False, False, True, True, True, False, False, False, False, True]	(at main.py:56) 
2019-01-23 05:34:56,845 [I] Iter idx: 197, Qsize: 10	(at main.py:51) 
2019-01-23 05:34:56,845 [I] Curr factor: [0, 0, 0, 1, 1, 1, 1, 1, 1, 1, 0, 0, 0, 0, 0, 1, 0, 0, 0, 0, 0]	(at main.py:53) 
2019-01-23 05:34:57,144 [I] Response: [True, False, False, False, False, False, False, False, False, False, False, False, False, False, False, False]	(at main.py:56) 
2019-01-23 05:34:57,144 [I] Iter idx: 198, Qsize: 9	(at main.py:51) 
2019-01-23 05:34:57,144 [I] Curr factor: [0, 1, 0, 0, 0, 0, 0, 0, 0, 0, 0, 0, 0, 0, 1, 1, 0, 0, 0, 0, 0]	(at main.py:53) 
2019-01-23 05:34:57,245 [I] Response: [True, True, False, False, False, False, False, False, True, True, True, False, False, False, False, True]	(at main.py:56) 
2019-01-23 05:34:57,245 [I] Iter idx: 199, Qsize: 8	(at main.py:51) 
2019-01-23 05:34:57,245 [I] Curr factor: [0, 0, 0, 0, 0, 0, 1, 0, 0, 0, 0, 0, 1, 0, 0, 0, 0, 0, 0, 0, 0]	(at main.py:53) 
2019-01-23 05:34:57,578 [I] Response: [True, False, False, False, False, False, False, False, False, False, False, False, False, False, False, False]	(at main.py:56) 
2019-01-23 05:34:57,578 [I] Iter idx: 200, Qsize: 7	(at main.py:51) 
2019-01-23 05:34:57,579 [I] Curr factor: [0, 0, 0, 0, 0, 0, 0, 0, 1, 0, 0, 0, 0, 0, 0, 0, 0, 0, 0, 1, 0]	(at main.py:53) 
2019-01-23 05:34:57,922 [I] Response: [True, False, False, False, False, False, False, False, False, False, False, False, False, False, False, False]	(at main.py:56) 
2019-01-23 05:34:57,922 [I] Iter idx: 201, Qsize: 6	(at main.py:51) 
2019-01-23 05:34:57,922 [I] Curr factor: [0, 0, 0, 0, 0, 0, 0, 0, 0, 1, 0, 0, 0, 0, 0, 0, 0, 1, 0, 0, 0]	(at main.py:53) 
2019-01-23 05:34:58,262 [I] Response: [True, False, False, False, False, False, False, False, False, False, False, False, False, False, False, False]	(at main.py:56) 
2019-01-23 05:34:58,262 [I] Iter idx: 202, Qsize: 5	(at main.py:51) 
2019-01-23 05:34:58,262 [I] Curr factor: [0, 0, 0, 0, 0, 1, 1, 0, 0, 0, 0, 0, 0, 0, 0, 0, 0, 1, 0, 0, 0]	(at main.py:53) 
2019-01-23 05:34:58,606 [I] Response: [True, False, False, False, False, False, False, False, False, False, False, False, False, False, False, False]	(at main.py:56) 
2019-01-23 05:34:58,606 [I] Iter idx: 203, Qsize: 4	(at main.py:51) 
2019-01-23 05:34:58,607 [I] Curr factor: [0, 0, 0, 1, 1, 1, 1, 1, 1, 1, 0, 0, 0, 0, 0, 0, 0, 0, 0, 0, 1]	(at main.py:53) 
2019-01-23 05:34:58,908 [I] Response: [True, False, False, False, False, False, False, False, False, False, False, False, False, False, False, False]	(at main.py:56) 
2019-01-23 05:34:58,908 [I] Iter idx: 204, Qsize: 3	(at main.py:51) 
2019-01-23 05:34:58,908 [I] Curr factor: [0, 0, 0, 0, 0, 0, 0, 0, 0, 0, 0, 0, 0, 0, 0, 0, 0, 1, 1, 0, 0]	(at main.py:53) 
2019-01-23 05:34:59,015 [I] Response: [True, True, False, False, False, False, False, False, True, True, True, False, False, False, False, True]	(at main.py:56) 
2019-01-23 05:34:59,015 [I] Iter idx: 205, Qsize: 2	(at main.py:51) 
2019-01-23 05:34:59,015 [I] Curr factor: [0, 0, 0, 0, 0, 0, 0, 0, 0, 0, 0, 0, 0, 1, 0, 0, 0, 0, 1, 0, 0]	(at main.py:53) 
2019-01-23 05:34:59,336 [I] Response: [True, False, False, False, False, False, False, False, False, False, False, False, False, False, False, False]	(at main.py:56) 
2019-01-23 05:34:59,336 [I] Iter idx: 206, Qsize: 1	(at main.py:51) 
2019-01-23 05:34:59,336 [I] Curr factor: [0, 0, 0, 0, 0, 0, 0, 0, 0, 1, 0, 0, 0, 1, 0, 0, 0, 0, 0, 0, 0]	(at main.py:53) 
2019-01-23 05:34:59,662 [I] Response: [True, False, False, False, False, False, False, False, False, False, False, False, False, False, False, False]	(at main.py:56) 
2019-01-23 05:34:59,662 [I] Iter idx: 207, Qsize: 0	(at main.py:51) 
2019-01-23 05:34:59,662 [I] Curr factor: [0, 0, 0, 0, 0, 0, 0, 0, 0, 0, 1, 1, 1, 1, 0, 0, 0, 0, 0, 0, 0]	(at main.py:53) 
2019-01-23 05:35:00,015 [I] Response: [True, False, False, False, False, False, False, False, False, False, False, False, False, False, False, False]	(at main.py:56) 
2019-01-23 05:35:00,015 [I] End iteration. Save model.	(at main.py:62) 
2019-01-23 05:35:00,038 [I] Model saved. End program.	(at main.py:64) 
