2019-02-12 21:29:14,220 [D] -:F:n:WD_1:mbe.c:79	(at logger.py:129) 
2019-02-12 21:29:14,239 [D] ┌:F:n:WD_2:mbe.c:79	(at logger.py:129) 
2019-02-12 21:29:14,239 [D] └:F:n:WD_2:mbe.c:78	(at logger.py:129) 
2019-02-12 21:29:14,260 [D] ┌:F:n:WD_3:mbe.c:79	(at logger.py:129) 
2019-02-12 21:29:14,260 [D] |:F:n:WD_3:mbe.c:78	(at logger.py:129) 
2019-02-12 21:29:14,260 [D] └:F:n:WD_3:mbe.c:77	(at logger.py:129) 
2019-02-12 21:29:14,335 [D] -:P:n:WD_1:mbe.c:78	(at logger.py:129) 
2019-02-12 21:29:14,352 [D] -:F:n:WD_1:mbe.c:77	(at logger.py:129) 
2019-02-12 21:29:14,369 [D] ┌:F:n:WD_2:mbe.c:77	(at logger.py:129) 
2019-02-12 21:29:14,369 [D] └:F:n:WD_2:mbe.c:76	(at logger.py:129) 
2019-02-12 21:29:14,390 [D] ┌:F:n:WD_3:mbe.c:77	(at logger.py:129) 
2019-02-12 21:29:14,390 [D] |:F:n:WD_3:mbe.c:76	(at logger.py:129) 
2019-02-12 21:29:14,390 [D] └:F:n:WD_3:mbe.c:75	(at logger.py:129) 
2019-02-12 21:29:14,408 [D] -:F:n:WD_1:mbe.c:76	(at logger.py:129) 
2019-02-12 21:29:14,425 [D] ┌:F:n:WD_2:mbe.c:76	(at logger.py:129) 
2019-02-12 21:29:14,425 [D] └:F:n:WD_2:mbe.c:75	(at logger.py:129) 
2019-02-12 21:29:14,443 [D] ┌:F:n:WD_3:mbe.c:76	(at logger.py:129) 
2019-02-12 21:29:14,443 [D] |:F:n:WD_3:mbe.c:75	(at logger.py:129) 
2019-02-12 21:29:14,443 [D] └:F:n:WD_3:mbe.c:74	(at logger.py:129) 
2019-02-12 21:29:14,484 [D] -:P:c:WD_1:mbe.c:75	(at logger.py:129) 
2019-02-12 21:29:14,502 [D] -:F:n:WD_1:mbe.c:74	(at logger.py:129) 
2019-02-12 21:29:14,523 [D] ┌:F:n:WD_2:mbe.c:74	(at logger.py:129) 
2019-02-12 21:29:14,523 [D] └:F:n:WD_2:mbe.c:73	(at logger.py:129) 
2019-02-12 21:29:14,543 [D] ┌:F:n:WD_3:mbe.c:74	(at logger.py:129) 
2019-02-12 21:29:14,543 [D] |:F:n:WD_3:mbe.c:73	(at logger.py:129) 
2019-02-12 21:29:14,543 [D] └:F:n:WD_3:mbe.c:72	(at logger.py:129) 
2019-02-12 21:29:15,590 [D] -:C:n:WD_1:mbe.c:73	(at logger.py:129) 
2019-02-12 21:29:15,606 [D] ┌:F:n:WD_2:mbe.c:73	(at logger.py:129) 
2019-02-12 21:29:15,606 [D] └:F:n:WD_2:mbe.c:72	(at logger.py:129) 
2019-02-12 21:29:15,621 [D] ┌:F:n:WD_3:mbe.c:73	(at logger.py:129) 
2019-02-12 21:29:15,621 [D] |:F:n:WD_3:mbe.c:72	(at logger.py:129) 
2019-02-12 21:29:15,621 [D] └:F:n:WD_3:mbe.c:71	(at logger.py:129) 
2019-02-12 21:29:15,638 [D] -:F:n:WD_1:mbe.c:72	(at logger.py:129) 
2019-02-12 21:29:15,657 [D] ┌:F:n:WD_2:mbe.c:72	(at logger.py:129) 
2019-02-12 21:29:15,657 [D] └:F:n:WD_2:mbe.c:71	(at logger.py:129) 
2019-02-12 21:29:15,676 [D] ┌:F:n:WD_3:mbe.c:72	(at logger.py:129) 
2019-02-12 21:29:15,676 [D] |:F:n:WD_3:mbe.c:71	(at logger.py:129) 
2019-02-12 21:29:15,676 [D] └:F:n:WD_3:mbe.c:70	(at logger.py:129) 
2019-02-12 21:29:15,698 [D] -:F:n:WD_1:mbe.c:71	(at logger.py:129) 
2019-02-12 21:29:15,716 [D] ┌:F:n:WD_2:mbe.c:71	(at logger.py:129) 
2019-02-12 21:29:15,716 [D] └:F:n:WD_2:mbe.c:70	(at logger.py:129) 
2019-02-12 21:29:15,733 [D] ┌:F:n:WD_3:mbe.c:71	(at logger.py:129) 
2019-02-12 21:29:15,733 [D] |:F:n:WD_3:mbe.c:70	(at logger.py:129) 
2019-02-12 21:29:15,733 [D] └:F:n:WD_3:mbe.c:69	(at logger.py:129) 
2019-02-12 21:29:15,780 [D] -:P:c:WD_1:mbe.c:70	(at logger.py:129) 
2019-02-12 21:29:15,800 [D] -:F:n:WD_1:mbe.c:69	(at logger.py:129) 
2019-02-12 21:29:15,822 [D] ┌:F:n:WD_2:mbe.c:69	(at logger.py:129) 
2019-02-12 21:29:15,822 [D] └:F:n:WD_2:mbe.c:68	(at logger.py:129) 
2019-02-12 21:29:15,841 [D] ┌:F:n:WD_3:mbe.c:69	(at logger.py:129) 
2019-02-12 21:29:15,841 [D] |:F:n:WD_3:mbe.c:68	(at logger.py:129) 
2019-02-12 21:29:15,841 [D] └:F:n:WD_3:mbe.c:67	(at logger.py:129) 
2019-02-12 21:29:15,908 [D] -:C:n:WD_1:mbe.c:68	(at logger.py:129) 
2019-02-12 21:29:15,929 [D] ┌:F:n:WD_2:mbe.c:68	(at logger.py:129) 
2019-02-12 21:29:15,929 [D] └:F:n:WD_2:mbe.c:67	(at logger.py:129) 
2019-02-12 21:29:15,948 [D] ┌:F:n:WD_3:mbe.c:68	(at logger.py:129) 
2019-02-12 21:29:15,948 [D] |:F:n:WD_3:mbe.c:67	(at logger.py:129) 
2019-02-12 21:29:15,948 [D] └:F:n:WD_3:mbe.c:66	(at logger.py:129) 
2019-02-12 21:29:15,968 [D] -:F:n:WD_1:mbe.c:67	(at logger.py:129) 
2019-02-12 21:29:15,988 [D] ┌:F:n:WD_2:mbe.c:67	(at logger.py:129) 
2019-02-12 21:29:15,988 [D] └:F:n:WD_2:mbe.c:66	(at logger.py:129) 
2019-02-12 21:29:16,010 [D] ┌:F:n:WD_3:mbe.c:67	(at logger.py:129) 
2019-02-12 21:29:16,010 [D] |:F:n:WD_3:mbe.c:66	(at logger.py:129) 
2019-02-12 21:29:16,010 [D] └:F:n:WD_3:mbe.c:65	(at logger.py:129) 
2019-02-12 21:29:16,031 [D] -:F:n:WD_1:mbe.c:66	(at logger.py:129) 
2019-02-12 21:29:16,052 [D] ┌:F:n:WD_2:mbe.c:66	(at logger.py:129) 
2019-02-12 21:29:16,052 [D] └:F:n:WD_2:mbe.c:65	(at logger.py:129) 
2019-02-12 21:29:16,076 [D] ┌:F:n:WD_3:mbe.c:66	(at logger.py:129) 
2019-02-12 21:29:16,076 [D] |:F:n:WD_3:mbe.c:65	(at logger.py:129) 
2019-02-12 21:29:16,076 [D] └:F:n:WD_3:mbe.c:64	(at logger.py:129) 
2019-02-12 21:29:16,122 [D] -:P:c:WD_1:mbe.c:65	(at logger.py:129) 
2019-02-12 21:29:16,141 [D] -:F:n:WD_1:mbe.c:64	(at logger.py:129) 
2019-02-12 21:29:16,160 [D] ┌:F:n:WD_2:mbe.c:64	(at logger.py:129) 
2019-02-12 21:29:16,160 [D] └:F:n:WD_2:mbe.c:63	(at logger.py:129) 
2019-02-12 21:29:16,178 [D] ┌:F:n:WD_3:mbe.c:64	(at logger.py:129) 
2019-02-12 21:29:16,178 [D] |:F:n:WD_3:mbe.c:63	(at logger.py:129) 
2019-02-12 21:29:16,178 [D] └:F:n:WD_3:mbe.c:62	(at logger.py:129) 
2019-02-12 21:29:17,227 [D] -:C:n:WD_1:mbe.c:63	(at logger.py:129) 
2019-02-12 21:29:17,243 [D] ┌:F:n:WD_2:mbe.c:63	(at logger.py:129) 
2019-02-12 21:29:17,243 [D] └:F:n:WD_2:mbe.c:62	(at logger.py:129) 
2019-02-12 21:29:17,264 [D] ┌:F:n:WD_3:mbe.c:63	(at logger.py:129) 
2019-02-12 21:29:17,264 [D] |:F:n:WD_3:mbe.c:62	(at logger.py:129) 
2019-02-12 21:29:17,264 [D] └:F:n:WD_3:mbe.c:61	(at logger.py:129) 
2019-02-12 21:29:17,290 [D] -:F:n:WD_1:mbe.c:62	(at logger.py:129) 
2019-02-12 21:29:17,313 [D] ┌:F:n:WD_2:mbe.c:62	(at logger.py:129) 
2019-02-12 21:29:17,314 [D] └:F:n:WD_2:mbe.c:61	(at logger.py:129) 
2019-02-12 21:29:17,334 [D] ┌:F:n:WD_3:mbe.c:62	(at logger.py:129) 
2019-02-12 21:29:17,334 [D] |:F:n:WD_3:mbe.c:61	(at logger.py:129) 
2019-02-12 21:29:17,334 [D] └:F:n:WD_3:mbe.c:60	(at logger.py:129) 
2019-02-12 21:29:17,352 [D] -:F:n:WD_1:mbe.c:61	(at logger.py:129) 
2019-02-12 21:29:17,370 [D] ┌:F:n:WD_2:mbe.c:61	(at logger.py:129) 
2019-02-12 21:29:17,370 [D] └:F:n:WD_2:mbe.c:60	(at logger.py:129) 
2019-02-12 21:29:17,387 [D] ┌:F:n:WD_3:mbe.c:61	(at logger.py:129) 
2019-02-12 21:29:17,387 [D] |:F:n:WD_3:mbe.c:60	(at logger.py:129) 
2019-02-12 21:29:17,387 [D] └:F:n:WD_3:mbe.c:59	(at logger.py:129) 
2019-02-12 21:29:17,427 [D] -:P:c:WD_1:mbe.c:60	(at logger.py:129) 
2019-02-12 21:29:17,444 [D] -:F:n:WD_1:mbe.c:59	(at logger.py:129) 
2019-02-12 21:29:17,460 [D] ┌:F:n:WD_2:mbe.c:59	(at logger.py:129) 
2019-02-12 21:29:17,460 [D] └:F:n:WD_2:mbe.c:58	(at logger.py:129) 
2019-02-12 21:29:17,483 [D] ┌:F:n:WD_3:mbe.c:59	(at logger.py:129) 
2019-02-12 21:29:17,483 [D] |:F:n:WD_3:mbe.c:58	(at logger.py:129) 
2019-02-12 21:29:17,483 [D] └:F:n:WD_3:mbe.c:57	(at logger.py:129) 
2019-02-12 21:29:18,537 [D] -:C:n:WD_1:mbe.c:58	(at logger.py:129) 
2019-02-12 21:29:18,583 [D] ┌:C:c:WD_2:mbe.c:58	(at logger.py:129) 
2019-02-12 21:29:18,584 [D] └:C:c:WD_2:mbe.c:57	(at logger.py:129) 
2019-02-12 21:29:18,603 [D] ┌:F:n:WD_3:mbe.c:58	(at logger.py:129) 
2019-02-12 21:29:18,603 [D] |:F:n:WD_3:mbe.c:57	(at logger.py:129) 
2019-02-12 21:29:18,603 [D] └:F:n:WD_3:mbe.c:56	(at logger.py:129) 
2019-02-12 21:29:18,648 [D] -:P:c:WD_1:mbe.c:57	(at logger.py:129) 
2019-02-12 21:29:18,668 [D] -:F:n:WD_1:mbe.c:56	(at logger.py:129) 
2019-02-12 21:29:18,688 [D] ┌:F:n:WD_2:mbe.c:56	(at logger.py:129) 
2019-02-12 21:29:18,688 [D] └:F:n:WD_2:mbe.c:55	(at logger.py:129) 
2019-02-12 21:29:18,745 [D] ┌:C:n:WD_3:mbe.c:56	(at logger.py:129) 
2019-02-12 21:29:18,745 [D] |:C:n:WD_3:mbe.c:55	(at logger.py:129) 
2019-02-12 21:29:18,745 [D] └:C:n:WD_3:mbe.c:54	(at logger.py:129) 
2019-02-12 21:29:18,806 [D] -:C:n:WD_1:mbe.c:55	(at logger.py:129) 
2019-02-12 21:29:18,829 [D] ┌:F:n:WD_2:mbe.c:55	(at logger.py:129) 
2019-02-12 21:29:18,829 [D] └:F:n:WD_2:mbe.c:54	(at logger.py:129) 
2019-02-12 21:29:18,847 [D] ┌:F:n:WD_3:mbe.c:55	(at logger.py:129) 
2019-02-12 21:29:18,847 [D] |:F:n:WD_3:mbe.c:54	(at logger.py:129) 
2019-02-12 21:29:18,847 [D] └:F:n:WD_3:mbe.c:53	(at logger.py:129) 
2019-02-12 21:29:18,864 [D] -:F:n:WD_1:mbe.c:54	(at logger.py:129) 
2019-02-12 21:29:18,879 [D] ┌:F:n:WD_2:mbe.c:54	(at logger.py:129) 
2019-02-12 21:29:18,879 [D] └:F:n:WD_2:mbe.c:53	(at logger.py:129) 
2019-02-12 21:29:18,895 [D] ┌:F:n:WD_3:mbe.c:54	(at logger.py:129) 
2019-02-12 21:29:18,895 [D] |:F:n:WD_3:mbe.c:53	(at logger.py:129) 
2019-02-12 21:29:18,895 [D] └:F:n:WD_3:mbe.c:52	(at logger.py:129) 
2019-02-12 21:29:19,939 [D] -:C:n:WD_1:mbe.c:53	(at logger.py:129) 
2019-02-12 21:29:19,956 [D] ┌:F:n:WD_2:mbe.c:53	(at logger.py:129) 
2019-02-12 21:29:19,957 [D] └:F:n:WD_2:mbe.c:52	(at logger.py:129) 
2019-02-12 21:29:19,977 [D] ┌:F:n:WD_3:mbe.c:53	(at logger.py:129) 
2019-02-12 21:29:19,977 [D] |:F:n:WD_3:mbe.c:52	(at logger.py:129) 
2019-02-12 21:29:19,977 [D] └:F:n:WD_3:mbe.c:51	(at logger.py:129) 
2019-02-12 21:29:20,000 [D] -:F:n:WD_1:mbe.c:52	(at logger.py:129) 
2019-02-12 21:29:20,029 [D] ┌:F:n:WD_2:mbe.c:52	(at logger.py:129) 
2019-02-12 21:29:20,029 [D] └:F:n:WD_2:mbe.c:51	(at logger.py:129) 
2019-02-12 21:29:20,050 [D] ┌:F:n:WD_3:mbe.c:52	(at logger.py:129) 
2019-02-12 21:29:20,050 [D] |:F:n:WD_3:mbe.c:51	(at logger.py:129) 
2019-02-12 21:29:20,050 [D] └:F:n:WD_3:mbe.c:50	(at logger.py:129) 
2019-02-12 21:29:20,070 [D] -:F:n:WD_1:mbe.c:51	(at logger.py:129) 
2019-02-12 21:29:20,090 [D] ┌:F:n:WD_2:mbe.c:51	(at logger.py:129) 
2019-02-12 21:29:20,090 [D] └:F:n:WD_2:mbe.c:50	(at logger.py:129) 
2019-02-12 21:29:20,111 [D] ┌:F:n:WD_3:mbe.c:51	(at logger.py:129) 
2019-02-12 21:29:20,111 [D] |:F:n:WD_3:mbe.c:50	(at logger.py:129) 
2019-02-12 21:29:20,112 [D] └:F:n:WD_3:mbe.c:49	(at logger.py:129) 
2019-02-12 21:29:20,160 [D] -:P:c:WD_1:mbe.c:50	(at logger.py:129) 
2019-02-12 21:29:20,180 [D] -:F:n:WD_1:mbe.c:49	(at logger.py:129) 
2019-02-12 21:29:20,200 [D] ┌:F:n:WD_2:mbe.c:49	(at logger.py:129) 
2019-02-12 21:29:20,200 [D] └:F:n:WD_2:mbe.c:48	(at logger.py:129) 
2019-02-12 21:29:20,221 [D] ┌:F:n:WD_3:mbe.c:49	(at logger.py:129) 
2019-02-12 21:29:20,221 [D] |:F:n:WD_3:mbe.c:48	(at logger.py:129) 
2019-02-12 21:29:20,221 [D] └:F:n:WD_3:mbe.c:47	(at logger.py:129) 
2019-02-12 21:29:20,240 [D] -:F:n:WD_1:mbe.c:48	(at logger.py:129) 
2019-02-12 21:29:20,265 [D] ┌:F:n:WD_2:mbe.c:48	(at logger.py:129) 
2019-02-12 21:29:20,265 [D] └:F:n:WD_2:mbe.c:47	(at logger.py:129) 
2019-02-12 21:29:20,288 [D] ┌:F:n:WD_3:mbe.c:48	(at logger.py:129) 
2019-02-12 21:29:20,289 [D] |:F:n:WD_3:mbe.c:47	(at logger.py:129) 
2019-02-12 21:29:20,289 [D] └:F:n:WD_3:mbe.c:46	(at logger.py:129) 
2019-02-12 21:29:21,339 [D] -:C:n:WD_1:mbe.c:47	(at logger.py:129) 
2019-02-12 21:29:21,359 [D] ┌:F:n:WD_2:mbe.c:47	(at logger.py:129) 
2019-02-12 21:29:21,359 [D] └:F:n:WD_2:mbe.c:46	(at logger.py:129) 
2019-02-12 21:29:21,376 [D] ┌:F:n:WD_3:mbe.c:47	(at logger.py:129) 
2019-02-12 21:29:21,377 [D] |:F:n:WD_3:mbe.c:46	(at logger.py:129) 
2019-02-12 21:29:21,377 [D] └:F:n:WD_3:mbe.c:45	(at logger.py:129) 
2019-02-12 21:29:21,394 [D] -:F:n:WD_1:mbe.c:46	(at logger.py:129) 
2019-02-12 21:29:21,412 [D] ┌:F:n:WD_2:mbe.c:46	(at logger.py:129) 
2019-02-12 21:29:21,412 [D] └:F:n:WD_2:mbe.c:45	(at logger.py:129) 
2019-02-12 21:29:21,455 [D] ┌:C:c:WD_3:mbe.c:46	(at logger.py:129) 
2019-02-12 21:29:21,455 [D] |:C:c:WD_3:mbe.c:45	(at logger.py:129) 
2019-02-12 21:29:21,455 [D] └:C:c:WD_3:mbe.c:44	(at logger.py:129) 
2019-02-12 21:29:21,503 [D] -:P:c:WD_1:mbe.c:45	(at logger.py:129) 
2019-02-12 21:29:21,528 [D] -:F:n:WD_1:mbe.c:44	(at logger.py:129) 
2019-02-12 21:29:21,554 [D] ┌:F:n:WD_2:mbe.c:44	(at logger.py:129) 
2019-02-12 21:29:21,554 [D] └:F:n:WD_2:mbe.c:43	(at logger.py:129) 
2019-02-12 21:29:21,629 [D] ┌:C:n:WD_3:mbe.c:44	(at logger.py:129) 
2019-02-12 21:29:21,630 [D] |:C:n:WD_3:mbe.c:43	(at logger.py:129) 
2019-02-12 21:29:21,630 [D] └:C:n:WD_3:mbe.c:42	(at logger.py:129) 
2019-02-12 21:29:21,691 [D] -:C:n:WD_1:mbe.c:43	(at logger.py:129) 
2019-02-12 21:29:21,713 [D] ┌:F:n:WD_2:mbe.c:43	(at logger.py:129) 
2019-02-12 21:29:21,714 [D] └:F:n:WD_2:mbe.c:42	(at logger.py:129) 
2019-02-12 21:29:21,736 [D] ┌:F:n:WD_3:mbe.c:43	(at logger.py:129) 
2019-02-12 21:29:21,736 [D] |:F:n:WD_3:mbe.c:42	(at logger.py:129) 
2019-02-12 21:29:21,736 [D] └:F:n:WD_3:mbe.c:41	(at logger.py:129) 
2019-02-12 21:29:21,756 [D] -:F:n:WD_1:mbe.c:42	(at logger.py:129) 
2019-02-12 21:29:21,780 [D] ┌:F:n:WD_2:mbe.c:42	(at logger.py:129) 
2019-02-12 21:29:21,780 [D] └:F:n:WD_2:mbe.c:41	(at logger.py:129) 
2019-02-12 21:29:21,804 [D] ┌:F:n:WD_3:mbe.c:42	(at logger.py:129) 
2019-02-12 21:29:21,804 [D] |:F:n:WD_3:mbe.c:41	(at logger.py:129) 
2019-02-12 21:29:21,804 [D] └:F:n:WD_3:mbe.c:40	(at logger.py:129) 
2019-02-12 21:29:22,863 [D] -:C:n:WD_1:mbe.c:41	(at logger.py:129) 
2019-02-12 21:29:22,880 [D] ┌:F:n:WD_2:mbe.c:41	(at logger.py:129) 
2019-02-12 21:29:22,880 [D] └:F:n:WD_2:mbe.c:40	(at logger.py:129) 
2019-02-12 21:29:22,900 [D] ┌:F:n:WD_3:mbe.c:41	(at logger.py:129) 
2019-02-12 21:29:22,900 [D] |:F:n:WD_3:mbe.c:40	(at logger.py:129) 
2019-02-12 21:29:22,900 [D] └:F:n:WD_3:mbe.c:39	(at logger.py:129) 
2019-02-12 21:29:22,920 [D] -:F:n:WD_1:mbe.c:40	(at logger.py:129) 
2019-02-12 21:29:22,938 [D] ┌:F:n:WD_2:mbe.c:40	(at logger.py:129) 
2019-02-12 21:29:22,938 [D] └:F:n:WD_2:mbe.c:39	(at logger.py:129) 
2019-02-12 21:29:22,959 [D] ┌:F:n:WD_3:mbe.c:40	(at logger.py:129) 
2019-02-12 21:29:22,959 [D] |:F:n:WD_3:mbe.c:39	(at logger.py:129) 
2019-02-12 21:29:22,959 [D] └:F:n:WD_3:mbe.c:38	(at logger.py:129) 
2019-02-12 21:29:22,980 [D] -:F:n:WD_1:mbe.c:39	(at logger.py:129) 
2019-02-12 21:29:22,999 [D] ┌:F:n:WD_2:mbe.c:39	(at logger.py:129) 
2019-02-12 21:29:22,999 [D] └:F:n:WD_2:mbe.c:38	(at logger.py:129) 
2019-02-12 21:29:23,023 [D] ┌:F:n:WD_3:mbe.c:39	(at logger.py:129) 
2019-02-12 21:29:23,023 [D] |:F:n:WD_3:mbe.c:38	(at logger.py:129) 
2019-02-12 21:29:23,024 [D] └:F:n:WD_3:mbe.c:37	(at logger.py:129) 
2019-02-12 21:29:23,072 [D] -:P:c:WD_1:mbe.c:38	(at logger.py:129) 
2019-02-12 21:29:23,092 [D] -:F:n:WD_1:mbe.c:37	(at logger.py:129) 
2019-02-12 21:29:23,113 [D] ┌:F:n:WD_2:mbe.c:37	(at logger.py:129) 
2019-02-12 21:29:23,113 [D] └:F:n:WD_2:mbe.c:36	(at logger.py:129) 
2019-02-12 21:29:23,130 [D] ┌:F:n:WD_3:mbe.c:37	(at logger.py:129) 
2019-02-12 21:29:23,130 [D] |:F:n:WD_3:mbe.c:36	(at logger.py:129) 
2019-02-12 21:29:23,130 [D] └:F:n:WD_3:mbe.c:35	(at logger.py:129) 
2019-02-12 21:29:23,196 [D] -:P:n:WD_1:mbe.c:36	(at logger.py:129) 
2019-02-12 21:29:23,213 [D] -:F:n:WD_1:mbe.c:35	(at logger.py:129) 
2019-02-12 21:29:23,230 [D] ┌:F:n:WD_2:mbe.c:35	(at logger.py:129) 
2019-02-12 21:29:23,230 [D] └:F:n:WD_2:mbe.c:34	(at logger.py:129) 
2019-02-12 21:29:23,246 [D] ┌:F:n:WD_3:mbe.c:35	(at logger.py:129) 
2019-02-12 21:29:23,246 [D] |:F:n:WD_3:mbe.c:34	(at logger.py:129) 
2019-02-12 21:29:23,246 [D] └:F:n:WD_3:mbe.c:33	(at logger.py:129) 
2019-02-12 21:29:23,263 [D] -:F:n:WD_1:mbe.c:34	(at logger.py:129) 
2019-02-12 21:29:23,279 [D] ┌:F:n:WD_2:mbe.c:34	(at logger.py:129) 
2019-02-12 21:29:23,279 [D] └:F:n:WD_2:mbe.c:33	(at logger.py:129) 
2019-02-12 21:29:23,306 [D] ┌:F:n:WD_3:mbe.c:34	(at logger.py:129) 
2019-02-12 21:29:23,306 [D] |:F:n:WD_3:mbe.c:33	(at logger.py:129) 
2019-02-12 21:29:23,306 [D] └:F:n:WD_3:mbe.c:32	(at logger.py:129) 
2019-02-12 21:29:24,357 [D] -:C:n:WD_1:mbe.c:33	(at logger.py:129) 
2019-02-12 21:29:24,402 [D] ┌:C:c:WD_2:mbe.c:33	(at logger.py:129) 
2019-02-12 21:29:24,403 [D] └:C:c:WD_2:mbe.c:32	(at logger.py:129) 
2019-02-12 21:29:25,464 [D] ┌:C:n:WD_3:mbe.c:33	(at logger.py:129) 
2019-02-12 21:29:25,464 [D] |:C:n:WD_3:mbe.c:32	(at logger.py:129) 
2019-02-12 21:29:25,464 [D] └:C:n:WD_3:mbe.c:31	(at logger.py:129) 
2019-02-12 21:29:25,503 [D] -:P:c:WD_1:mbe.c:32	(at logger.py:129) 
2019-02-12 21:29:25,562 [D] -:C:n:WD_1:mbe.c:31	(at logger.py:129) 
2019-02-12 21:29:25,620 [D] ┌:C:n:WD_2:mbe.c:31	(at logger.py:129) 
2019-02-12 21:29:25,620 [D] └:C:n:WD_2:mbe.c:30	(at logger.py:129) 
2019-02-12 21:29:25,637 [D] ┌:F:n:WD_3:mbe.c:31	(at logger.py:129) 
2019-02-12 21:29:25,637 [D] |:F:n:WD_3:mbe.c:30	(at logger.py:129) 
2019-02-12 21:29:25,637 [D] └:F:n:WD_3:mbe.c:29	(at logger.py:129) 
2019-02-12 21:29:25,690 [D] -:C:n:WD_1:mbe.c:30	(at logger.py:129) 
2019-02-12 21:29:25,709 [D] ┌:F:n:WD_2:mbe.c:30	(at logger.py:129) 
2019-02-12 21:29:25,709 [D] └:F:n:WD_2:mbe.c:29	(at logger.py:129) 
2019-02-12 21:29:25,729 [D] ┌:F:n:WD_3:mbe.c:30	(at logger.py:129) 
2019-02-12 21:29:25,729 [D] |:F:n:WD_3:mbe.c:29	(at logger.py:129) 
2019-02-12 21:29:25,729 [D] └:F:n:WD_3:mbe.c:28	(at logger.py:129) 
2019-02-12 21:29:25,747 [D] -:F:n:WD_1:mbe.c:29	(at logger.py:129) 
2019-02-12 21:29:25,766 [D] ┌:F:n:WD_2:mbe.c:29	(at logger.py:129) 
2019-02-12 21:29:25,767 [D] └:F:n:WD_2:mbe.c:28	(at logger.py:129) 
2019-02-12 21:29:26,829 [D] ┌:C:n:WD_3:mbe.c:29	(at logger.py:129) 
2019-02-12 21:29:26,830 [D] |:C:n:WD_3:mbe.c:28	(at logger.py:129) 
2019-02-12 21:29:26,830 [D] └:C:n:WD_3:mbe.c:27	(at logger.py:129) 
2019-02-12 21:29:26,886 [D] -:C:n:WD_1:mbe.c:28	(at logger.py:129) 
2019-02-12 21:29:26,903 [D] ┌:F:n:WD_2:mbe.c:28	(at logger.py:129) 
2019-02-12 21:29:26,903 [D] └:F:n:WD_2:mbe.c:27	(at logger.py:129) 
2019-02-12 21:29:26,925 [D] ┌:F:n:WD_3:mbe.c:28	(at logger.py:129) 
2019-02-12 21:29:26,925 [D] |:F:n:WD_3:mbe.c:27	(at logger.py:129) 
2019-02-12 21:29:26,925 [D] └:F:n:WD_3:mbe.c:26	(at logger.py:129) 
2019-02-12 21:29:26,943 [D] -:F:n:WD_1:mbe.c:27	(at logger.py:129) 
2019-02-12 21:29:26,962 [D] ┌:F:n:WD_2:mbe.c:27	(at logger.py:129) 
2019-02-12 21:29:26,962 [D] └:F:n:WD_2:mbe.c:26	(at logger.py:129) 
2019-02-12 21:29:26,981 [D] ┌:F:n:WD_3:mbe.c:27	(at logger.py:129) 
2019-02-12 21:29:26,981 [D] |:F:n:WD_3:mbe.c:26	(at logger.py:129) 
2019-02-12 21:29:26,981 [D] └:F:n:WD_3:mbe.c:25	(at logger.py:129) 
2019-02-12 21:29:28,034 [D] -:C:n:WD_1:mbe.c:26	(at logger.py:129) 
2019-02-12 21:29:28,051 [D] ┌:F:n:WD_2:mbe.c:26	(at logger.py:129) 
2019-02-12 21:29:28,051 [D] └:F:n:WD_2:mbe.c:25	(at logger.py:129) 
2019-02-12 21:29:28,066 [D] ┌:F:n:WD_3:mbe.c:26	(at logger.py:129) 
2019-02-12 21:29:28,067 [D] |:F:n:WD_3:mbe.c:25	(at logger.py:129) 
2019-02-12 21:29:28,067 [D] └:F:n:WD_3:mbe.c:24	(at logger.py:129) 
2019-02-12 21:29:28,084 [D] -:F:n:WD_1:mbe.c:25	(at logger.py:129) 
2019-02-12 21:29:28,101 [D] ┌:F:n:WD_2:mbe.c:25	(at logger.py:129) 
2019-02-12 21:29:28,101 [D] └:F:n:WD_2:mbe.c:24	(at logger.py:129) 
2019-02-12 21:29:28,118 [D] ┌:F:n:WD_3:mbe.c:25	(at logger.py:129) 
2019-02-12 21:29:28,118 [D] |:F:n:WD_3:mbe.c:24	(at logger.py:129) 
2019-02-12 21:29:28,118 [D] └:F:n:WD_3:mbe.c:23	(at logger.py:129) 
2019-02-12 21:29:28,136 [D] -:F:n:WD_1:mbe.c:24	(at logger.py:129) 
2019-02-12 21:29:28,153 [D] ┌:F:n:WD_2:mbe.c:24	(at logger.py:129) 
2019-02-12 21:29:28,153 [D] └:F:n:WD_2:mbe.c:23	(at logger.py:129) 
2019-02-12 21:29:28,170 [D] ┌:F:n:WD_3:mbe.c:24	(at logger.py:129) 
2019-02-12 21:29:28,170 [D] |:F:n:WD_3:mbe.c:23	(at logger.py:129) 
2019-02-12 21:29:28,170 [D] └:F:n:WD_3:mbe.c:22	(at logger.py:129) 
2019-02-12 21:29:28,186 [D] -:F:n:WD_1:mbe.c:23	(at logger.py:129) 
2019-02-12 21:29:28,202 [D] ┌:F:n:WD_2:mbe.c:23	(at logger.py:129) 
2019-02-12 21:29:28,202 [D] └:F:n:WD_2:mbe.c:22	(at logger.py:129) 
2019-02-12 21:29:28,218 [D] ┌:F:n:WD_3:mbe.c:23	(at logger.py:129) 
2019-02-12 21:29:28,218 [D] |:F:n:WD_3:mbe.c:22	(at logger.py:129) 
2019-02-12 21:29:28,218 [D] └:F:n:WD_3:mbe.c:21	(at logger.py:129) 
2019-02-12 21:29:28,262 [D] -:C:n:WD_1:mbe.c:22	(at logger.py:129) 
2019-02-12 21:29:28,302 [D] ┌:C:c:WD_2:mbe.c:22	(at logger.py:129) 
2019-02-12 21:29:28,302 [D] └:C:c:WD_2:mbe.c:21	(at logger.py:129) 
2019-02-12 21:29:28,351 [D] ┌:C:n:WD_3:mbe.c:22	(at logger.py:129) 
2019-02-12 21:29:28,351 [D] |:C:n:WD_3:mbe.c:21	(at logger.py:129) 
2019-02-12 21:29:28,351 [D] └:C:n:WD_3:mbe.c:20	(at logger.py:129) 
2019-02-12 21:29:28,384 [D] -:P:c:WD_1:mbe.c:21	(at logger.py:129) 
2019-02-12 21:29:28,428 [D] -:C:n:WD_1:mbe.c:20	(at logger.py:129) 
2019-02-12 21:29:28,473 [D] ┌:C:n:WD_2:mbe.c:20	(at logger.py:129) 
2019-02-12 21:29:28,473 [D] └:C:n:WD_2:mbe.c:19	(at logger.py:129) 
2019-02-12 21:29:28,513 [D] ┌:C:c:WD_3:mbe.c:20	(at logger.py:129) 
2019-02-12 21:29:28,513 [D] |:C:c:WD_3:mbe.c:19	(at logger.py:129) 
2019-02-12 21:29:28,513 [D] └:C:c:WD_3:mbe.c:18	(at logger.py:129) 
2019-02-12 21:29:28,557 [D] -:C:n:WD_1:mbe.c:19	(at logger.py:129) 
2019-02-12 21:29:28,597 [D] ┌:C:c:WD_2:mbe.c:19	(at logger.py:129) 
2019-02-12 21:29:28,597 [D] └:C:c:WD_2:mbe.c:18	(at logger.py:129) 
2019-02-12 21:29:28,614 [D] ┌:F:n:WD_3:mbe.c:19	(at logger.py:129) 
2019-02-12 21:29:28,614 [D] |:F:n:WD_3:mbe.c:18	(at logger.py:129) 
2019-02-12 21:29:28,614 [D] └:F:n:WD_3:mbe.c:17	(at logger.py:129) 
2019-02-12 21:29:28,648 [D] -:P:c:WD_1:mbe.c:18	(at logger.py:129) 
2019-02-12 21:29:28,667 [D] -:F:n:WD_1:mbe.c:17	(at logger.py:129) 
2019-02-12 21:29:28,683 [D] ┌:F:n:WD_2:mbe.c:17	(at logger.py:129) 
2019-02-12 21:29:28,683 [D] └:F:n:WD_2:mbe.c:16	(at logger.py:129) 
2019-02-12 21:29:28,702 [D] ┌:F:n:WD_3:mbe.c:17	(at logger.py:129) 
2019-02-12 21:29:28,702 [D] |:F:n:WD_3:mbe.c:16	(at logger.py:129) 
2019-02-12 21:29:28,702 [D] └:F:n:WD_3:mbe.c:15	(at logger.py:129) 
2019-02-12 21:29:28,716 [D] -:F:n:WD_1:mbe.c:16	(at logger.py:129) 
2019-02-12 21:29:28,731 [D] ┌:F:n:WD_2:mbe.c:16	(at logger.py:129) 
2019-02-12 21:29:28,731 [D] └:F:n:WD_2:mbe.c:15	(at logger.py:129) 
2019-02-12 21:29:28,748 [D] ┌:F:n:WD_3:mbe.c:16	(at logger.py:129) 
2019-02-12 21:29:28,748 [D] |:F:n:WD_3:mbe.c:15	(at logger.py:129) 
2019-02-12 21:29:28,748 [D] └:F:n:WD_3:mbe.c:14	(at logger.py:129) 
2019-02-12 21:29:28,765 [D] -:F:n:WD_1:mbe.c:15	(at logger.py:129) 
2019-02-12 21:29:28,785 [D] ┌:F:n:WD_2:mbe.c:15	(at logger.py:129) 
2019-02-12 21:29:28,785 [D] └:F:n:WD_2:mbe.c:14	(at logger.py:129) 
2019-02-12 21:29:28,800 [D] ┌:F:n:WD_3:mbe.c:15	(at logger.py:129) 
2019-02-12 21:29:28,801 [D] |:F:n:WD_3:mbe.c:14	(at logger.py:129) 
2019-02-12 21:29:28,801 [D] └:F:n:WD_3:mbe.c:13	(at logger.py:129) 
2019-02-12 21:29:28,819 [D] -:F:n:WD_1:mbe.c:14	(at logger.py:129) 
2019-02-12 21:29:28,834 [D] ┌:F:n:WD_2:mbe.c:14	(at logger.py:129) 
2019-02-12 21:29:28,834 [D] └:F:n:WD_2:mbe.c:13	(at logger.py:129) 
2019-02-12 21:29:28,849 [D] ┌:F:n:WD_3:mbe.c:14	(at logger.py:129) 
2019-02-12 21:29:28,849 [D] |:F:n:WD_3:mbe.c:13	(at logger.py:129) 
2019-02-12 21:29:28,849 [D] └:F:n:WD_3:mbe.c:12	(at logger.py:129) 
2019-02-12 21:29:28,883 [D] -:P:c:WD_1:mbe.c:13	(at logger.py:129) 
2019-02-12 21:29:28,926 [D] -:P:n:WD_1:mbe.c:12	(at logger.py:129) 
2019-02-12 21:29:28,969 [D] -:P:n:WD_1:mbe.c:11	(at logger.py:129) 
2019-02-12 21:29:29,022 [D] -:P:n:WD_1:mbe.c:10	(at logger.py:129) 
2019-02-12 21:29:29,055 [D] -:P:c:WD_1:mbe.c:9	(at logger.py:129) 
2019-02-12 21:29:29,099 [D] -:P:n:WD_1:mbe.c:8	(at logger.py:129) 
2019-02-12 21:29:29,149 [D] -:P:n:WD_1:mbe.c:7	(at logger.py:129) 
2019-02-12 21:29:29,183 [D] -:P:c:WD_1:mbe.c:6	(at logger.py:129) 
2019-02-12 21:29:29,229 [D] -:P:n:WD_1:mbe.c:5	(at logger.py:129) 
2019-02-12 21:29:29,240 [D] -:F:n:WD_1:mbe.c:4	(at logger.py:129) 
2019-02-12 21:29:29,252 [D] ┌:F:n:WD_2:mbe.c:4	(at logger.py:129) 
2019-02-12 21:29:29,252 [D] └:F:n:WD_2:mbe.c:3	(at logger.py:129) 
2019-02-12 21:29:29,265 [D] ┌:F:n:WD_3:mbe.c:4	(at logger.py:129) 
2019-02-12 21:29:29,265 [D] |:F:n:WD_3:mbe.c:3	(at logger.py:129) 
2019-02-12 21:29:29,265 [D] └:F:n:WD_3:mbe.c:2	(at logger.py:129) 
2019-02-12 21:29:29,281 [D] -:F:n:WD_1:mbe.c:3	(at logger.py:129) 
2019-02-12 21:29:29,295 [D] ┌:F:n:WD_2:mbe.c:3	(at logger.py:129) 
2019-02-12 21:29:29,295 [D] └:F:n:WD_2:mbe.c:2	(at logger.py:129) 
2019-02-12 21:29:29,336 [D] ┌:P:c:WD_3:mbe.c:3	(at logger.py:129) 
2019-02-12 21:29:29,336 [D] |:P:c:WD_3:mbe.c:2	(at logger.py:129) 
2019-02-12 21:29:29,336 [D] └:P:c:WD_3:mbe.c:1	(at logger.py:129) 
2019-02-12 21:29:29,336 [D]  : : :pass:mbe.c:2	(at logger.py:129) 
2019-02-12 21:29:29,336 [D]  : : :pass:mbe.c:1	(at logger.py:129) 
2019-02-12 21:29:29,336 [D] comp_cached_cnt:0	(at logger.py:134) 
2019-02-12 21:29:29,336 [D] compile_cnt:187	(at logger.py:134) 
2019-02-12 21:29:29,336 [D] execute_cnt:32	(at logger.py:134) 
2019-02-12 21:29:29,336 [D] fail_del_cnt:30	(at logger.py:134) 
2019-02-12 21:29:29,336 [D] iter_idx:1	(at logger.py:134) 
2019-02-12 21:29:29,336 [D] reuse_cnt:21	(at logger.py:134) 
2019-02-12 21:29:29,336 [D] succ_del_cnt:23	(at logger.py:134) 
2019-02-12 21:29:29,336 [D] time:15.133177995681763	(at logger.py:134) 
2019-02-12 21:29:29,336 [D] deletion:25	(at logger.py:136) 
