2019-03-02 02:04:56,721 [D]  : : :pass:mug.c:65	(at logger.py:129) 
2019-03-02 02:04:56,721 [D]  : : :pass:mug.c:64	(at logger.py:129) 
2019-03-02 02:04:56,721 [D]  : : :pass:mug.c:63	(at logger.py:129) 
2019-03-02 02:04:56,721 [D]  : : :pass:mug.c:62	(at logger.py:129) 
2019-03-02 02:04:56,721 [D]  : : :pass:mug.c:61	(at logger.py:129) 
2019-03-02 02:04:56,721 [D]  : : :pass:mug.c:60	(at logger.py:129) 
2019-03-02 02:04:56,721 [D]  : : :pass:mug.c:59	(at logger.py:129) 
2019-03-02 02:04:56,721 [D]  : : :pass:mug.c:58	(at logger.py:129) 
2019-03-02 02:04:56,733 [D] -:F:n:WD_1:mug.c:57	(at logger.py:129) 
2019-03-02 02:04:56,744 [D] ┌:F:n:WD_2:mug.c:57	(at logger.py:129) 
2019-03-02 02:04:56,744 [D] └:F:n:WD_2:mug.c:56	(at logger.py:129) 
2019-03-02 02:04:56,757 [D] ┌:F:n:WD_3:mug.c:57	(at logger.py:129) 
2019-03-02 02:04:56,757 [D] |:F:n:WD_3:mug.c:56	(at logger.py:129) 
2019-03-02 02:04:56,757 [D] └:F:n:WD_3:mug.c:55	(at logger.py:129) 
2019-03-02 02:04:56,802 [D] -:C:n:WD_1:mug.c:56	(at logger.py:129) 
2019-03-02 02:04:56,816 [D] ┌:F:n:WD_2:mug.c:56	(at logger.py:129) 
2019-03-02 02:04:56,816 [D] └:F:n:WD_2:mug.c:55	(at logger.py:129) 
2019-03-02 02:04:56,831 [D] ┌:F:n:WD_3:mug.c:56	(at logger.py:129) 
2019-03-02 02:04:56,831 [D] |:F:n:WD_3:mug.c:55	(at logger.py:129) 
2019-03-02 02:04:56,831 [D] └:F:n:WD_3:mug.c:54	(at logger.py:129) 
2019-03-02 02:04:56,843 [D] -:F:n:WD_1:mug.c:55	(at logger.py:129) 
2019-03-02 02:04:56,857 [D] ┌:F:n:WD_2:mug.c:55	(at logger.py:129) 
2019-03-02 02:04:56,857 [D] └:F:n:WD_2:mug.c:54	(at logger.py:129) 
2019-03-02 02:04:56,893 [D] ┌:F:n:WD_3:mug.c:55	(at logger.py:129) 
2019-03-02 02:04:56,893 [D] |:F:n:WD_3:mug.c:54	(at logger.py:129) 
2019-03-02 02:04:56,893 [D] └:F:n:WD_3:mug.c:53	(at logger.py:129) 
2019-03-02 02:04:56,906 [D] -:F:n:WD_1:mug.c:54	(at logger.py:129) 
2019-03-02 02:04:56,918 [D] ┌:F:n:WD_2:mug.c:54	(at logger.py:129) 
2019-03-02 02:04:56,918 [D] └:F:n:WD_2:mug.c:53	(at logger.py:129) 
2019-03-02 02:04:56,929 [D] ┌:F:n:WD_3:mug.c:54	(at logger.py:129) 
2019-03-02 02:04:56,930 [D] |:F:n:WD_3:mug.c:53	(at logger.py:129) 
2019-03-02 02:04:56,930 [D] └:F:n:WD_3:mug.c:41	(at logger.py:129) 
2019-03-02 02:04:56,941 [D] -:F:n:WD_1:mug.c:53	(at logger.py:129) 
2019-03-02 02:04:56,955 [D] ┌:F:n:WD_2:mug.c:53	(at logger.py:129) 
2019-03-02 02:04:56,955 [D] └:F:n:WD_2:mug.c:41	(at logger.py:129) 
2019-03-02 02:04:56,968 [D] ┌:F:n:WD_3:mug.c:53	(at logger.py:129) 
2019-03-02 02:04:56,968 [D] |:F:n:WD_3:mug.c:41	(at logger.py:129) 
2019-03-02 02:04:56,968 [D] └:F:n:WD_3:mug.c:40	(at logger.py:129) 
2019-03-02 02:04:56,968 [D]  : : :pass:mug.c:52	(at logger.py:129) 
2019-03-02 02:04:56,968 [D]  : : :pass:mug.c:51	(at logger.py:129) 
2019-03-02 02:04:56,968 [D]  : : :pass:mug.c:50	(at logger.py:129) 
2019-03-02 02:04:56,968 [D]  : : :pass:mug.c:49	(at logger.py:129) 
2019-03-02 02:04:56,968 [D]  : : :pass:mug.c:48	(at logger.py:129) 
2019-03-02 02:04:56,968 [D]  : : :pass:mug.c:47	(at logger.py:129) 
2019-03-02 02:04:56,968 [D]  : : :pass:mug.c:46	(at logger.py:129) 
2019-03-02 02:04:56,968 [D]  : : :pass:mug.c:45	(at logger.py:129) 
2019-03-02 02:04:56,968 [D]  : : :pass:mug.c:44	(at logger.py:129) 
2019-03-02 02:04:56,969 [D]  : : :pass:mug.c:43	(at logger.py:129) 
2019-03-02 02:04:56,969 [D]  : : :pass:mug.c:42	(at logger.py:129) 
2019-03-02 02:04:56,982 [D] -:F:n:WD_1:mug.c:41	(at logger.py:129) 
2019-03-02 02:04:56,995 [D] ┌:F:n:WD_2:mug.c:41	(at logger.py:129) 
2019-03-02 02:04:56,995 [D] └:F:n:WD_2:mug.c:40	(at logger.py:129) 
2019-03-02 02:04:57,034 [D] ┌:C:c:WD_3:mug.c:41	(at logger.py:129) 
2019-03-02 02:04:57,034 [D] |:C:c:WD_3:mug.c:40	(at logger.py:129) 
2019-03-02 02:04:57,034 [D] └:C:c:WD_3:mug.c:39	(at logger.py:129) 
2019-03-02 02:04:57,068 [D] -:C:c:WD_1:mug.c:40	(at logger.py:129) 
2019-03-02 02:04:57,081 [D] ┌:F:n:WD_2:mug.c:40	(at logger.py:129) 
2019-03-02 02:04:57,081 [D] └:F:n:WD_2:mug.c:39	(at logger.py:129) 
2019-03-02 02:04:57,081 [D] ┌:C:c:WD_3:mug.c:40	(at logger.py:129) 
2019-03-02 02:04:57,081 [D] |:C:c:WD_3:mug.c:39	(at logger.py:129) 
2019-03-02 02:04:57,082 [D] └:C:c:WD_3:mug.c:37	(at logger.py:129) 
2019-03-02 02:04:57,093 [D] -:F:n:WD_1:mug.c:39	(at logger.py:129) 
2019-03-02 02:04:57,126 [D] ┌:C:c:WD_2:mug.c:39	(at logger.py:129) 
2019-03-02 02:04:57,127 [D] └:C:c:WD_2:mug.c:37	(at logger.py:129) 
2019-03-02 02:04:57,160 [D] ┌:C:c:WD_3:mug.c:39	(at logger.py:129) 
2019-03-02 02:04:57,160 [D] |:C:c:WD_3:mug.c:37	(at logger.py:129) 
2019-03-02 02:04:57,160 [D] └:C:c:WD_3:mug.c:36	(at logger.py:129) 
2019-03-02 02:04:57,160 [D]  : : :pass:mug.c:38	(at logger.py:129) 
2019-03-02 02:04:57,173 [D] -:F:n:WD_1:mug.c:37	(at logger.py:129) 
2019-03-02 02:04:57,185 [D] ┌:F:n:WD_2:mug.c:37	(at logger.py:129) 
2019-03-02 02:04:57,185 [D] └:F:n:WD_2:mug.c:36	(at logger.py:129) 
2019-03-02 02:04:57,185 [D] ┌:C:c:WD_3:mug.c:37	(at logger.py:129) 
2019-03-02 02:04:57,185 [D] |:C:c:WD_3:mug.c:36	(at logger.py:129) 
2019-03-02 02:04:57,185 [D] └:C:c:WD_3:mug.c:35	(at logger.py:129) 
2019-03-02 02:04:57,216 [D] -:C:c:WD_1:mug.c:36	(at logger.py:129) 
2019-03-02 02:04:57,227 [D] ┌:F:n:WD_2:mug.c:36	(at logger.py:129) 
2019-03-02 02:04:57,227 [D] └:F:n:WD_2:mug.c:35	(at logger.py:129) 
2019-03-02 02:04:57,240 [D] ┌:F:n:WD_3:mug.c:36	(at logger.py:129) 
2019-03-02 02:04:57,240 [D] |:F:n:WD_3:mug.c:35	(at logger.py:129) 
2019-03-02 02:04:57,240 [D] └:F:n:WD_3:mug.c:34	(at logger.py:129) 
2019-03-02 02:04:57,251 [D] -:F:n:WD_1:mug.c:35	(at logger.py:129) 
2019-03-02 02:04:57,262 [D] ┌:F:n:WD_2:mug.c:35	(at logger.py:129) 
2019-03-02 02:04:57,263 [D] └:F:n:WD_2:mug.c:34	(at logger.py:129) 
2019-03-02 02:04:57,275 [D] ┌:F:n:WD_3:mug.c:35	(at logger.py:129) 
2019-03-02 02:04:57,275 [D] |:F:n:WD_3:mug.c:34	(at logger.py:129) 
2019-03-02 02:04:57,275 [D] └:F:n:WD_3:mug.c:33	(at logger.py:129) 
2019-03-02 02:04:57,311 [D] -:C:c:WD_1:mug.c:34	(at logger.py:129) 
2019-03-02 02:04:57,324 [D] ┌:F:n:WD_2:mug.c:34	(at logger.py:129) 
2019-03-02 02:04:57,324 [D] └:F:n:WD_2:mug.c:33	(at logger.py:129) 
2019-03-02 02:04:57,336 [D] ┌:F:n:WD_3:mug.c:34	(at logger.py:129) 
2019-03-02 02:04:57,336 [D] |:F:n:WD_3:mug.c:33	(at logger.py:129) 
2019-03-02 02:04:57,336 [D] └:F:n:WD_3:mug.c:32	(at logger.py:129) 
2019-03-02 02:04:57,348 [D] -:F:n:WD_1:mug.c:33	(at logger.py:129) 
2019-03-02 02:04:57,359 [D] ┌:F:n:WD_2:mug.c:33	(at logger.py:129) 
2019-03-02 02:04:57,359 [D] └:F:n:WD_2:mug.c:32	(at logger.py:129) 
2019-03-02 02:04:57,389 [D] ┌:F:n:WD_3:mug.c:33	(at logger.py:129) 
2019-03-02 02:04:57,389 [D] |:F:n:WD_3:mug.c:32	(at logger.py:129) 
2019-03-02 02:04:57,390 [D] └:F:n:WD_3:mug.c:31	(at logger.py:129) 
2019-03-02 02:04:57,402 [D] -:F:n:WD_1:mug.c:32	(at logger.py:129) 
2019-03-02 02:04:57,412 [D] ┌:F:n:WD_2:mug.c:32	(at logger.py:129) 
2019-03-02 02:04:57,413 [D] └:F:n:WD_2:mug.c:31	(at logger.py:129) 
2019-03-02 02:04:57,425 [D] ┌:F:n:WD_3:mug.c:32	(at logger.py:129) 
2019-03-02 02:04:57,425 [D] |:F:n:WD_3:mug.c:31	(at logger.py:129) 
2019-03-02 02:04:57,425 [D] └:F:n:WD_3:mug.c:29	(at logger.py:129) 
2019-03-02 02:04:57,438 [D] -:F:n:WD_1:mug.c:31	(at logger.py:129) 
2019-03-02 02:04:57,450 [D] ┌:F:n:WD_2:mug.c:31	(at logger.py:129) 
2019-03-02 02:04:57,450 [D] └:F:n:WD_2:mug.c:29	(at logger.py:129) 
2019-03-02 02:04:57,461 [D] ┌:F:n:WD_3:mug.c:31	(at logger.py:129) 
2019-03-02 02:04:57,461 [D] |:F:n:WD_3:mug.c:29	(at logger.py:129) 
2019-03-02 02:04:57,461 [D] └:F:n:WD_3:mug.c:28	(at logger.py:129) 
2019-03-02 02:04:57,461 [D]  : : :pass:mug.c:30	(at logger.py:129) 
2019-03-02 02:04:57,461 [D] -:F:n:WD_1:mug.c:29	(at logger.py:129) 
2019-03-02 02:04:57,475 [D] ┌:F:n:WD_2:mug.c:29	(at logger.py:129) 
2019-03-02 02:04:57,475 [D] └:F:n:WD_2:mug.c:28	(at logger.py:129) 
2019-03-02 02:04:57,489 [D] ┌:F:n:WD_3:mug.c:29	(at logger.py:129) 
2019-03-02 02:04:57,489 [D] |:F:n:WD_3:mug.c:28	(at logger.py:129) 
2019-03-02 02:04:57,489 [D] └:F:n:WD_3:mug.c:26	(at logger.py:129) 
2019-03-02 02:04:57,523 [D] -:C:c:WD_1:mug.c:28	(at logger.py:129) 
2019-03-02 02:04:57,557 [D] ┌:C:c:WD_2:mug.c:28	(at logger.py:129) 
2019-03-02 02:04:57,557 [D] └:C:c:WD_2:mug.c:26	(at logger.py:129) 
2019-03-02 02:04:57,570 [D] ┌:F:n:WD_3:mug.c:28	(at logger.py:129) 
2019-03-02 02:04:57,570 [D] |:F:n:WD_3:mug.c:26	(at logger.py:129) 
2019-03-02 02:04:57,570 [D] └:F:n:WD_3:mug.c:20	(at logger.py:129) 
2019-03-02 02:04:57,570 [D]  : : :pass:mug.c:27	(at logger.py:129) 
2019-03-02 02:04:57,570 [D] -:C:c:WD_1:mug.c:26	(at logger.py:129) 
2019-03-02 02:04:57,582 [D] ┌:F:n:WD_2:mug.c:26	(at logger.py:129) 
2019-03-02 02:04:57,582 [D] └:F:n:WD_2:mug.c:20	(at logger.py:129) 
2019-03-02 02:04:57,593 [D] ┌:F:n:WD_3:mug.c:26	(at logger.py:129) 
2019-03-02 02:04:57,594 [D] |:F:n:WD_3:mug.c:20	(at logger.py:129) 
2019-03-02 02:04:57,594 [D] └:F:n:WD_3:mug.c:19	(at logger.py:129) 
2019-03-02 02:04:57,594 [D]  : : :pass:mug.c:25	(at logger.py:129) 
2019-03-02 02:04:57,594 [D]  : : :pass:mug.c:24	(at logger.py:129) 
2019-03-02 02:04:57,594 [D]  : : :pass:mug.c:23	(at logger.py:129) 
2019-03-02 02:04:57,594 [D]  : : :pass:mug.c:22	(at logger.py:129) 
2019-03-02 02:04:57,594 [D]  : : :pass:mug.c:21	(at logger.py:129) 
2019-03-02 02:04:57,594 [D] -:F:n:WD_1:mug.c:20	(at logger.py:129) 
2019-03-02 02:04:57,594 [D] ┌:F:n:WD_2:mug.c:20	(at logger.py:129) 
2019-03-02 02:04:57,595 [D] └:F:n:WD_2:mug.c:19	(at logger.py:129) 
2019-03-02 02:04:57,595 [D] ┌:F:n:WD_3:mug.c:20	(at logger.py:129) 
2019-03-02 02:04:57,595 [D] |:F:n:WD_3:mug.c:19	(at logger.py:129) 
2019-03-02 02:04:57,595 [D] └:F:n:WD_3:mug.c:18	(at logger.py:129) 
2019-03-02 02:04:57,595 [D] -:C:c:WD_1:mug.c:19	(at logger.py:129) 
2019-03-02 02:04:57,595 [D] ┌:C:c:WD_2:mug.c:19	(at logger.py:129) 
2019-03-02 02:04:57,595 [D] └:C:c:WD_2:mug.c:18	(at logger.py:129) 
2019-03-02 02:04:57,595 [D] ┌:C:c:WD_3:mug.c:19	(at logger.py:129) 
2019-03-02 02:04:57,595 [D] |:C:c:WD_3:mug.c:18	(at logger.py:129) 
2019-03-02 02:04:57,595 [D] └:C:c:WD_3:mug.c:14	(at logger.py:129) 
2019-03-02 02:04:57,596 [D] -:C:c:WD_1:mug.c:18	(at logger.py:129) 
2019-03-02 02:04:57,596 [D] ┌:C:c:WD_2:mug.c:18	(at logger.py:129) 
2019-03-02 02:04:57,596 [D] └:C:c:WD_2:mug.c:14	(at logger.py:129) 
2019-03-02 02:04:57,596 [D] ┌:F:n:WD_3:mug.c:18	(at logger.py:129) 
2019-03-02 02:04:57,596 [D] |:F:n:WD_3:mug.c:14	(at logger.py:129) 
2019-03-02 02:04:57,596 [D] └:F:n:WD_3:mug.c:11	(at logger.py:129) 
2019-03-02 02:04:57,596 [D]  : : :pass:mug.c:17	(at logger.py:129) 
2019-03-02 02:04:57,596 [D]  : : :pass:mug.c:16	(at logger.py:129) 
2019-03-02 02:04:57,596 [D]  : : :pass:mug.c:15	(at logger.py:129) 
2019-03-02 02:04:57,596 [D] -:C:c:WD_1:mug.c:14	(at logger.py:129) 
2019-03-02 02:04:57,596 [D] ┌:F:n:WD_2:mug.c:14	(at logger.py:129) 
2019-03-02 02:04:57,597 [D] └:F:n:WD_2:mug.c:11	(at logger.py:129) 
2019-03-02 02:04:57,597 [D] ┌:F:n:WD_3:mug.c:14	(at logger.py:129) 
2019-03-02 02:04:57,597 [D] |:F:n:WD_3:mug.c:11	(at logger.py:129) 
2019-03-02 02:04:57,597 [D] └:F:n:WD_3:mug.c:10	(at logger.py:129) 
2019-03-02 02:04:57,597 [D]  : : :pass:mug.c:13	(at logger.py:129) 
2019-03-02 02:04:57,597 [D]  : : :pass:mug.c:12	(at logger.py:129) 
2019-03-02 02:04:57,597 [D] -:F:n:WD_1:mug.c:11	(at logger.py:129) 
2019-03-02 02:04:57,597 [D] ┌:F:n:WD_2:mug.c:11	(at logger.py:129) 
2019-03-02 02:04:57,597 [D] └:F:n:WD_2:mug.c:10	(at logger.py:129) 
2019-03-02 02:04:57,597 [D] ┌:F:n:WD_3:mug.c:11	(at logger.py:129) 
2019-03-02 02:04:57,597 [D] |:F:n:WD_3:mug.c:10	(at logger.py:129) 
2019-03-02 02:04:57,598 [D] └:F:n:WD_3:mug.c:9	(at logger.py:129) 
2019-03-02 02:04:57,598 [D] -:F:n:WD_1:mug.c:10	(at logger.py:129) 
2019-03-02 02:04:57,598 [D] ┌:F:n:WD_2:mug.c:10	(at logger.py:129) 
2019-03-02 02:04:57,598 [D] └:F:n:WD_2:mug.c:9	(at logger.py:129) 
2019-03-02 02:04:57,598 [D] ┌:F:n:WD_3:mug.c:10	(at logger.py:129) 
2019-03-02 02:04:57,598 [D] |:F:n:WD_3:mug.c:9	(at logger.py:129) 
2019-03-02 02:04:57,598 [D] └:F:n:WD_3:mug.c:4	(at logger.py:129) 
2019-03-02 02:04:57,598 [D] -:F:n:WD_1:mug.c:9	(at logger.py:129) 
2019-03-02 02:04:57,598 [D] ┌:F:n:WD_2:mug.c:9	(at logger.py:129) 
2019-03-02 02:04:57,598 [D] └:F:n:WD_2:mug.c:4	(at logger.py:129) 
2019-03-02 02:04:57,598 [D] ┌:F:n:WD_3:mug.c:9	(at logger.py:129) 
2019-03-02 02:04:57,599 [D] |:F:n:WD_3:mug.c:4	(at logger.py:129) 
2019-03-02 02:04:57,599 [D] └:F:n:WD_3:mug.c:3	(at logger.py:129) 
2019-03-02 02:04:57,599 [D]  : : :pass:mug.c:8	(at logger.py:129) 
2019-03-02 02:04:57,599 [D]  : : :pass:mug.c:7	(at logger.py:129) 
2019-03-02 02:04:57,599 [D]  : : :pass:mug.c:6	(at logger.py:129) 
2019-03-02 02:04:57,599 [D]  : : :pass:mug.c:5	(at logger.py:129) 
2019-03-02 02:04:57,599 [D] -:F:n:WD_1:mug.c:4	(at logger.py:129) 
2019-03-02 02:04:57,599 [D] ┌:F:n:WD_2:mug.c:4	(at logger.py:129) 
2019-03-02 02:04:57,599 [D] └:F:n:WD_2:mug.c:3	(at logger.py:129) 
2019-03-02 02:04:57,599 [D] ┌:F:n:WD_3:mug.c:4	(at logger.py:129) 
2019-03-02 02:04:57,600 [D] └:F:n:WD_3:mug.c:3	(at logger.py:129) 
2019-03-02 02:04:57,600 [D] -:F:n:WD_1:mug.c:3	(at logger.py:129) 
2019-03-02 02:04:57,600 [D] -:F:n:WD_2:mug.c:3	(at logger.py:129) 
2019-03-02 02:04:57,600 [D] -:F:n:WD_3:mug.c:3	(at logger.py:129) 
2019-03-02 02:04:57,600 [D]  : : :pass:mug.c:2	(at logger.py:129) 
2019-03-02 02:04:57,600 [D]  : : :pass:mug.c:1	(at logger.py:129) 
2019-03-02 02:04:57,600 [D] comp_cached_cnt:31	(at logger.py:134) 
2019-03-02 02:04:57,600 [D] compile_cnt:50	(at logger.py:134) 
2019-03-02 02:04:57,600 [D] execute_cnt:1	(at logger.py:134) 
2019-03-02 02:04:57,600 [D] fail_del_cnt:18	(at logger.py:134) 
2019-03-02 02:04:57,600 [D] iter_idx:3	(at logger.py:134) 
2019-03-02 02:04:57,600 [D] reuse_cnt:17	(at logger.py:134) 
2019-03-02 02:04:57,600 [D] succ_del_cnt:0	(at logger.py:134) 
2019-03-02 02:04:57,601 [D] time:0.879406213760376	(at logger.py:134) 
2019-03-02 02:04:57,601 [D] deletion:38	(at logger.py:136) 
