2019-03-02 02:03:08,845 [I] 	(at main.py:29) 
2019-03-02 02:03:08,845 [I] ===== START - RUN ==============================================	(at main.py:32) 
2019-03-02 02:03:08,845 [D] Title: RUN, Job key: RUN_2019-03-02_02:03:08	(at main.py:40) 
2019-03-02 02:03:08,845 [I] Load config file.	(at main.py:56) 
2019-03-02 02:03:08,845 [D] Loading config from ['/home/bohrok/Documents/DM/output/orbs/wc/17/config/config.ini']	(at config.py:16) 
2019-03-02 02:03:08,846 [D] Load config successfully!	(at config.py:19) 
2019-03-02 02:03:08,846 [D] Initialize directory: .	(at workspace.py:10) 
2019-03-02 02:03:08,846 [I] Initialize workspace.	(at main.py:64) 
2019-03-02 02:03:08,846 [I] Working directory path: /home/bohrok/Documents/DM/output/orbs/wc/17/work	(at workspace.py:41) 
2019-03-02 02:03:08,847 [D] Record the config on workspace.	(at workspace.py:62) 
2019-03-02 02:03:08,847 [I] No PRE stage.	(at main.py:73) 
2019-03-02 02:03:08,847 [I] Construct SliceSpace.	(at main.py:76) 
2019-03-02 02:03:08,848 [I] Compile the system.	(at slicespace.py:148) 
2019-03-02 02:03:08,885 [I] Execute the system.	(at slicespace.py:160) 
2019-03-02 02:03:08,897 [I] Compile the system again (sanity check).	(at slicespace.py:174) 
2019-03-02 02:03:08,929 [I] Execute the system again (sanity check).	(at slicespace.py:188) 
2019-03-02 02:03:08,941 [I] Construct deletion operators.	(at main.py:80) 
2019-03-02 02:03:08,942 [I] Run ORBS stage.	(at main.py:85) 
2019-03-02 02:03:08,942 [I] ORBS starts...	(at orbs.py:53) 
2019-03-02 02:03:08,954 [D] subprocess cmd: ['source compile.sh /home/bohrok/Documents/DM/output/orbs/wc/17/work'], stdout: b''	(at ex_script.py:45) 
2019-03-02 02:03:08,955 [D] -:F:n:WD_1:wc.c:48	(at logger.py:129) 
2019-03-02 02:03:08,995 [D] subprocess cmd: ['source compile.sh /home/bohrok/Documents/DM/output/orbs/wc/17/work'], stdout: b''	(at ex_script.py:45) 
2019-03-02 02:03:08,995 [D] ┌:F:n:WD_2:wc.c:48	(at logger.py:129) 
2019-03-02 02:03:08,995 [D] └:F:n:WD_2:wc.c:47	(at logger.py:129) 
2019-03-02 02:03:09,037 [D] subprocess cmd: ['source compile.sh /home/bohrok/Documents/DM/output/orbs/wc/17/work'], stdout: b''	(at ex_script.py:45) 
2019-03-02 02:03:09,037 [D] ┌:F:n:WD_3:wc.c:48	(at logger.py:129) 
2019-03-02 02:03:09,037 [D] |:F:n:WD_3:wc.c:47	(at logger.py:129) 
2019-03-02 02:03:09,038 [D] └:F:n:WD_3:wc.c:46	(at logger.py:129) 
2019-03-02 02:03:09,078 [D] subprocess cmd: ['source compile.sh /home/bohrok/Documents/DM/output/orbs/wc/17/work'], stdout: b''	(at ex_script.py:45) 
2019-03-02 02:03:09,079 [D] -:F:n:WD_1:wc.c:47	(at logger.py:129) 
2019-03-02 02:03:09,122 [D] subprocess cmd: ['source compile.sh /home/bohrok/Documents/DM/output/orbs/wc/17/work'], stdout: b''	(at ex_script.py:45) 
2019-03-02 02:03:09,123 [D] ┌:F:n:WD_2:wc.c:47	(at logger.py:129) 
2019-03-02 02:03:09,123 [D] └:F:n:WD_2:wc.c:46	(at logger.py:129) 
2019-03-02 02:03:09,149 [D] subprocess cmd: ['source compile.sh /home/bohrok/Documents/DM/output/orbs/wc/17/work'], stdout: b''	(at ex_script.py:45) 
2019-03-02 02:03:09,150 [D] ┌:F:n:WD_3:wc.c:47	(at logger.py:129) 
2019-03-02 02:03:09,150 [D] |:F:n:WD_3:wc.c:46	(at logger.py:129) 
2019-03-02 02:03:09,150 [D] └:F:n:WD_3:wc.c:45	(at logger.py:129) 
2019-03-02 02:03:09,215 [D] -:P:n:WD_1:wc.c:46	(at logger.py:129) 
2019-03-02 02:03:09,229 [D] subprocess cmd: ['source compile.sh /home/bohrok/Documents/DM/output/orbs/wc/17/work'], stdout: b''	(at ex_script.py:45) 
2019-03-02 02:03:09,229 [D] -:F:n:WD_1:wc.c:45	(at logger.py:129) 
2019-03-02 02:03:09,244 [D] subprocess cmd: ['source compile.sh /home/bohrok/Documents/DM/output/orbs/wc/17/work'], stdout: b''	(at ex_script.py:45) 
2019-03-02 02:03:09,244 [D] ┌:F:n:WD_2:wc.c:45	(at logger.py:129) 
2019-03-02 02:03:09,244 [D] └:F:n:WD_2:wc.c:44	(at logger.py:129) 
2019-03-02 02:03:09,282 [D] ┌:P:c:WD_3:wc.c:45	(at logger.py:129) 
2019-03-02 02:03:09,282 [D] |:P:c:WD_3:wc.c:44	(at logger.py:129) 
2019-03-02 02:03:09,282 [D] └:P:c:WD_3:wc.c:43	(at logger.py:129) 
2019-03-02 02:03:09,282 [D]  : : :pass:wc.c:44	(at logger.py:129) 
2019-03-02 02:03:09,282 [D]  : : :pass:wc.c:43	(at logger.py:129) 
2019-03-02 02:03:09,332 [D] -:P:n:WD_1:wc.c:42	(at logger.py:129) 
2019-03-02 02:03:09,347 [D] subprocess cmd: ['source compile.sh /home/bohrok/Documents/DM/output/orbs/wc/17/work'], stdout: b''	(at ex_script.py:45) 
2019-03-02 02:03:09,347 [D] -:F:n:WD_1:wc.c:41	(at logger.py:129) 
2019-03-02 02:03:09,361 [D] subprocess cmd: ['source compile.sh /home/bohrok/Documents/DM/output/orbs/wc/17/work'], stdout: b''	(at ex_script.py:45) 
2019-03-02 02:03:09,362 [D] ┌:F:n:WD_2:wc.c:41	(at logger.py:129) 
2019-03-02 02:03:09,362 [D] └:F:n:WD_2:wc.c:40	(at logger.py:129) 
2019-03-02 02:03:09,375 [D] subprocess cmd: ['source compile.sh /home/bohrok/Documents/DM/output/orbs/wc/17/work'], stdout: b''	(at ex_script.py:45) 
2019-03-02 02:03:09,376 [D] ┌:F:n:WD_3:wc.c:41	(at logger.py:129) 
2019-03-02 02:03:09,376 [D] |:F:n:WD_3:wc.c:40	(at logger.py:129) 
2019-03-02 02:03:09,376 [D] └:F:n:WD_3:wc.c:39	(at logger.py:129) 
2019-03-02 02:03:09,388 [D] subprocess cmd: ['source compile.sh /home/bohrok/Documents/DM/output/orbs/wc/17/work'], stdout: b''	(at ex_script.py:45) 
2019-03-02 02:03:09,388 [D] -:F:n:WD_1:wc.c:40	(at logger.py:129) 
2019-03-02 02:03:09,422 [D] ┌:P:c:WD_2:wc.c:40	(at logger.py:129) 
2019-03-02 02:03:09,422 [D] └:P:c:WD_2:wc.c:39	(at logger.py:129) 
2019-03-02 02:03:09,422 [D]  : : :pass:wc.c:39	(at logger.py:129) 
2019-03-02 02:03:09,465 [D] subprocess cmd: ['source execute.sh /home/bohrok/Documents/DM/output/orbs/wc/17/work'], stdout: b''	(at ex_script.py:45) 
2019-03-02 02:03:09,466 [D] -:C:n:WD_1:wc.c:38	(at logger.py:129) 
2019-03-02 02:03:09,501 [D] ┌:C:c:WD_2:wc.c:38	(at logger.py:129) 
2019-03-02 02:03:09,501 [D] └:C:c:WD_2:wc.c:37	(at logger.py:129) 
2019-03-02 02:03:09,548 [D] subprocess cmd: ['source execute.sh /home/bohrok/Documents/DM/output/orbs/wc/17/work'], stdout: b''	(at ex_script.py:45) 
2019-03-02 02:03:09,549 [D] ┌:C:n:WD_3:wc.c:38	(at logger.py:129) 
2019-03-02 02:03:09,549 [D] |:C:n:WD_3:wc.c:37	(at logger.py:129) 
2019-03-02 02:03:09,549 [D] └:C:n:WD_3:wc.c:36	(at logger.py:129) 
2019-03-02 02:03:09,583 [D] -:P:c:WD_1:wc.c:37	(at logger.py:129) 
2019-03-02 02:03:09,631 [D] -:P:n:WD_1:wc.c:36	(at logger.py:129) 
2019-03-02 02:03:09,645 [D] subprocess cmd: ['source compile.sh /home/bohrok/Documents/DM/output/orbs/wc/17/work'], stdout: b''	(at ex_script.py:45) 
2019-03-02 02:03:09,645 [D] -:F:n:WD_1:wc.c:35	(at logger.py:129) 
2019-03-02 02:03:09,659 [D] subprocess cmd: ['source compile.sh /home/bohrok/Documents/DM/output/orbs/wc/17/work'], stdout: b''	(at ex_script.py:45) 
2019-03-02 02:03:09,659 [D] ┌:F:n:WD_2:wc.c:35	(at logger.py:129) 
2019-03-02 02:03:09,659 [D] └:F:n:WD_2:wc.c:34	(at logger.py:129) 
2019-03-02 02:03:09,695 [D] subprocess cmd: ['source compile.sh /home/bohrok/Documents/DM/output/orbs/wc/17/work'], stdout: b''	(at ex_script.py:45) 
2019-03-02 02:03:09,695 [D] ┌:F:n:WD_3:wc.c:35	(at logger.py:129) 
2019-03-02 02:03:09,695 [D] |:F:n:WD_3:wc.c:34	(at logger.py:129) 
2019-03-02 02:03:09,695 [D] └:F:n:WD_3:wc.c:33	(at logger.py:129) 
2019-03-02 02:03:09,708 [D] subprocess cmd: ['source compile.sh /home/bohrok/Documents/DM/output/orbs/wc/17/work'], stdout: b''	(at ex_script.py:45) 
2019-03-02 02:03:09,708 [D] -:F:n:WD_1:wc.c:34	(at logger.py:129) 
2019-03-02 02:03:09,721 [D] subprocess cmd: ['source compile.sh /home/bohrok/Documents/DM/output/orbs/wc/17/work'], stdout: b''	(at ex_script.py:45) 
2019-03-02 02:03:09,721 [D] ┌:F:n:WD_2:wc.c:34	(at logger.py:129) 
2019-03-02 02:03:09,722 [D] └:F:n:WD_2:wc.c:33	(at logger.py:129) 
2019-03-02 02:03:09,736 [D] subprocess cmd: ['source compile.sh /home/bohrok/Documents/DM/output/orbs/wc/17/work'], stdout: b''	(at ex_script.py:45) 
2019-03-02 02:03:09,736 [D] ┌:F:n:WD_3:wc.c:34	(at logger.py:129) 
2019-03-02 02:03:09,737 [D] |:F:n:WD_3:wc.c:33	(at logger.py:129) 
2019-03-02 02:03:09,737 [D] └:F:n:WD_3:wc.c:32	(at logger.py:129) 
2019-03-02 02:03:09,751 [D] subprocess cmd: ['source compile.sh /home/bohrok/Documents/DM/output/orbs/wc/17/work'], stdout: b''	(at ex_script.py:45) 
2019-03-02 02:03:09,752 [D] -:F:n:WD_1:wc.c:33	(at logger.py:129) 
2019-03-02 02:03:09,767 [D] subprocess cmd: ['source compile.sh /home/bohrok/Documents/DM/output/orbs/wc/17/work'], stdout: b''	(at ex_script.py:45) 
2019-03-02 02:03:09,767 [D] ┌:F:n:WD_2:wc.c:33	(at logger.py:129) 
2019-03-02 02:03:09,767 [D] └:F:n:WD_2:wc.c:32	(at logger.py:129) 
2019-03-02 02:03:09,782 [D] subprocess cmd: ['source compile.sh /home/bohrok/Documents/DM/output/orbs/wc/17/work'], stdout: b''	(at ex_script.py:45) 
2019-03-02 02:03:09,782 [D] ┌:F:n:WD_3:wc.c:33	(at logger.py:129) 
2019-03-02 02:03:09,783 [D] |:F:n:WD_3:wc.c:32	(at logger.py:129) 
2019-03-02 02:03:09,783 [D] └:F:n:WD_3:wc.c:31	(at logger.py:129) 
2019-03-02 02:03:09,797 [D] subprocess cmd: ['source compile.sh /home/bohrok/Documents/DM/output/orbs/wc/17/work'], stdout: b''	(at ex_script.py:45) 
2019-03-02 02:03:09,797 [D] -:F:n:WD_1:wc.c:32	(at logger.py:129) 
2019-03-02 02:03:09,811 [D] subprocess cmd: ['source compile.sh /home/bohrok/Documents/DM/output/orbs/wc/17/work'], stdout: b''	(at ex_script.py:45) 
2019-03-02 02:03:09,812 [D] ┌:F:n:WD_2:wc.c:32	(at logger.py:129) 
2019-03-02 02:03:09,812 [D] └:F:n:WD_2:wc.c:31	(at logger.py:129) 
2019-03-02 02:03:09,825 [D] subprocess cmd: ['source compile.sh /home/bohrok/Documents/DM/output/orbs/wc/17/work'], stdout: b''	(at ex_script.py:45) 
2019-03-02 02:03:09,825 [D] ┌:F:n:WD_3:wc.c:32	(at logger.py:129) 
2019-03-02 02:03:09,825 [D] |:F:n:WD_3:wc.c:31	(at logger.py:129) 
2019-03-02 02:03:09,825 [D] └:F:n:WD_3:wc.c:30	(at logger.py:129) 
2019-03-02 02:03:09,838 [D] subprocess cmd: ['source compile.sh /home/bohrok/Documents/DM/output/orbs/wc/17/work'], stdout: b''	(at ex_script.py:45) 
2019-03-02 02:03:09,838 [D] -:F:n:WD_1:wc.c:31	(at logger.py:129) 
2019-03-02 02:03:09,852 [D] subprocess cmd: ['source compile.sh /home/bohrok/Documents/DM/output/orbs/wc/17/work'], stdout: b''	(at ex_script.py:45) 
2019-03-02 02:03:09,853 [D] ┌:F:n:WD_2:wc.c:31	(at logger.py:129) 
2019-03-02 02:03:09,853 [D] └:F:n:WD_2:wc.c:30	(at logger.py:129) 
2019-03-02 02:03:09,868 [D] subprocess cmd: ['source compile.sh /home/bohrok/Documents/DM/output/orbs/wc/17/work'], stdout: b''	(at ex_script.py:45) 
2019-03-02 02:03:09,868 [D] ┌:F:n:WD_3:wc.c:31	(at logger.py:129) 
2019-03-02 02:03:09,868 [D] |:F:n:WD_3:wc.c:30	(at logger.py:129) 
2019-03-02 02:03:09,868 [D] └:F:n:WD_3:wc.c:29	(at logger.py:129) 
2019-03-02 02:03:09,919 [D] -:P:n:WD_1:wc.c:30	(at logger.py:129) 
2019-03-02 02:03:09,932 [D] subprocess cmd: ['source compile.sh /home/bohrok/Documents/DM/output/orbs/wc/17/work'], stdout: b''	(at ex_script.py:45) 
2019-03-02 02:03:09,932 [D] -:F:n:WD_1:wc.c:29	(at logger.py:129) 
2019-03-02 02:03:09,947 [D] subprocess cmd: ['source compile.sh /home/bohrok/Documents/DM/output/orbs/wc/17/work'], stdout: b''	(at ex_script.py:45) 
2019-03-02 02:03:09,947 [D] ┌:F:n:WD_2:wc.c:29	(at logger.py:129) 
2019-03-02 02:03:09,947 [D] └:F:n:WD_2:wc.c:28	(at logger.py:129) 
2019-03-02 02:03:09,981 [D] ┌:P:c:WD_3:wc.c:29	(at logger.py:129) 
2019-03-02 02:03:09,981 [D] |:P:c:WD_3:wc.c:28	(at logger.py:129) 
2019-03-02 02:03:09,981 [D] └:P:c:WD_3:wc.c:27	(at logger.py:129) 
2019-03-02 02:03:09,981 [D]  : : :pass:wc.c:28	(at logger.py:129) 
2019-03-02 02:03:09,981 [D]  : : :pass:wc.c:27	(at logger.py:129) 
2019-03-02 02:03:09,995 [D] subprocess cmd: ['source compile.sh /home/bohrok/Documents/DM/output/orbs/wc/17/work'], stdout: b''	(at ex_script.py:45) 
2019-03-02 02:03:09,996 [D] -:F:n:WD_1:wc.c:26	(at logger.py:129) 
2019-03-02 02:03:10,009 [D] subprocess cmd: ['source compile.sh /home/bohrok/Documents/DM/output/orbs/wc/17/work'], stdout: b''	(at ex_script.py:45) 
2019-03-02 02:03:10,009 [D] ┌:F:n:WD_2:wc.c:26	(at logger.py:129) 
2019-03-02 02:03:10,009 [D] └:F:n:WD_2:wc.c:25	(at logger.py:129) 
2019-03-02 02:03:10,022 [D] subprocess cmd: ['source compile.sh /home/bohrok/Documents/DM/output/orbs/wc/17/work'], stdout: b''	(at ex_script.py:45) 
2019-03-02 02:03:10,023 [D] ┌:F:n:WD_3:wc.c:26	(at logger.py:129) 
2019-03-02 02:03:10,023 [D] |:F:n:WD_3:wc.c:25	(at logger.py:129) 
2019-03-02 02:03:10,023 [D] └:F:n:WD_3:wc.c:24	(at logger.py:129) 
2019-03-02 02:03:10,070 [D] -:P:n:WD_1:wc.c:25	(at logger.py:129) 
2019-03-02 02:03:10,121 [D] -:P:n:WD_1:wc.c:24	(at logger.py:129) 
2019-03-02 02:03:10,135 [D] subprocess cmd: ['source compile.sh /home/bohrok/Documents/DM/output/orbs/wc/17/work'], stdout: b''	(at ex_script.py:45) 
2019-03-02 02:03:10,136 [D] -:F:n:WD_1:wc.c:23	(at logger.py:129) 
2019-03-02 02:03:10,150 [D] subprocess cmd: ['source compile.sh /home/bohrok/Documents/DM/output/orbs/wc/17/work'], stdout: b''	(at ex_script.py:45) 
2019-03-02 02:03:10,150 [D] ┌:F:n:WD_2:wc.c:23	(at logger.py:129) 
2019-03-02 02:03:10,151 [D] └:F:n:WD_2:wc.c:22	(at logger.py:129) 
2019-03-02 02:03:10,166 [D] subprocess cmd: ['source compile.sh /home/bohrok/Documents/DM/output/orbs/wc/17/work'], stdout: b''	(at ex_script.py:45) 
2019-03-02 02:03:10,166 [D] ┌:F:n:WD_3:wc.c:23	(at logger.py:129) 
2019-03-02 02:03:10,166 [D] |:F:n:WD_3:wc.c:22	(at logger.py:129) 
2019-03-02 02:03:10,166 [D] └:F:n:WD_3:wc.c:21	(at logger.py:129) 
2019-03-02 02:03:10,204 [D] -:P:c:WD_1:wc.c:22	(at logger.py:129) 
2019-03-02 02:03:10,217 [D] subprocess cmd: ['source compile.sh /home/bohrok/Documents/DM/output/orbs/wc/17/work'], stdout: b''	(at ex_script.py:45) 
2019-03-02 02:03:10,217 [D] -:F:n:WD_1:wc.c:21	(at logger.py:129) 
2019-03-02 02:03:10,232 [D] subprocess cmd: ['source compile.sh /home/bohrok/Documents/DM/output/orbs/wc/17/work'], stdout: b''	(at ex_script.py:45) 
2019-03-02 02:03:10,232 [D] ┌:F:n:WD_2:wc.c:21	(at logger.py:129) 
2019-03-02 02:03:10,232 [D] └:F:n:WD_2:wc.c:20	(at logger.py:129) 
2019-03-02 02:03:10,284 [D] subprocess cmd: ['source execute.sh /home/bohrok/Documents/DM/output/orbs/wc/17/work'], stdout: b''	(at ex_script.py:45) 
2019-03-02 02:03:10,284 [D] ┌:C:n:WD_3:wc.c:21	(at logger.py:129) 
2019-03-02 02:03:10,284 [D] |:C:n:WD_3:wc.c:20	(at logger.py:129) 
2019-03-02 02:03:10,285 [D] └:C:n:WD_3:wc.c:19	(at logger.py:129) 
2019-03-02 02:03:10,323 [D] -:C:c:WD_1:wc.c:20	(at logger.py:129) 
2019-03-02 02:03:10,335 [D] subprocess cmd: ['source compile.sh /home/bohrok/Documents/DM/output/orbs/wc/17/work'], stdout: b''	(at ex_script.py:45) 
2019-03-02 02:03:10,336 [D] ┌:F:n:WD_2:wc.c:20	(at logger.py:129) 
2019-03-02 02:03:10,336 [D] └:F:n:WD_2:wc.c:19	(at logger.py:129) 
2019-03-02 02:03:10,350 [D] subprocess cmd: ['source compile.sh /home/bohrok/Documents/DM/output/orbs/wc/17/work'], stdout: b''	(at ex_script.py:45) 
2019-03-02 02:03:10,350 [D] ┌:F:n:WD_3:wc.c:20	(at logger.py:129) 
2019-03-02 02:03:10,350 [D] |:F:n:WD_3:wc.c:19	(at logger.py:129) 
2019-03-02 02:03:10,350 [D] └:F:n:WD_3:wc.c:18	(at logger.py:129) 
2019-03-02 02:03:10,365 [D] subprocess cmd: ['source compile.sh /home/bohrok/Documents/DM/output/orbs/wc/17/work'], stdout: b''	(at ex_script.py:45) 
2019-03-02 02:03:10,366 [D] -:F:n:WD_1:wc.c:19	(at logger.py:129) 
2019-03-02 02:03:10,379 [D] subprocess cmd: ['source compile.sh /home/bohrok/Documents/DM/output/orbs/wc/17/work'], stdout: b''	(at ex_script.py:45) 
2019-03-02 02:03:10,379 [D] ┌:F:n:WD_2:wc.c:19	(at logger.py:129) 
2019-03-02 02:03:10,379 [D] └:F:n:WD_2:wc.c:18	(at logger.py:129) 
2019-03-02 02:03:10,427 [D] ┌:C:n:WD_3:wc.c:19	(at logger.py:129) 
2019-03-02 02:03:10,427 [D] |:C:n:WD_3:wc.c:18	(at logger.py:129) 
2019-03-02 02:03:10,427 [D] └:C:n:WD_3:wc.c:17	(at logger.py:129) 
2019-03-02 02:03:10,474 [D] -:P:n:WD_1:wc.c:18	(at logger.py:129) 
2019-03-02 02:03:10,490 [D] subprocess cmd: ['source compile.sh /home/bohrok/Documents/DM/output/orbs/wc/17/work'], stdout: b''	(at ex_script.py:45) 
2019-03-02 02:03:10,491 [D] -:F:n:WD_1:wc.c:17	(at logger.py:129) 
2019-03-02 02:03:10,504 [D] subprocess cmd: ['source compile.sh /home/bohrok/Documents/DM/output/orbs/wc/17/work'], stdout: b''	(at ex_script.py:45) 
2019-03-02 02:03:10,505 [D] ┌:F:n:WD_2:wc.c:17	(at logger.py:129) 
2019-03-02 02:03:10,505 [D] └:F:n:WD_2:wc.c:16	(at logger.py:129) 
2019-03-02 02:03:10,518 [D] subprocess cmd: ['source compile.sh /home/bohrok/Documents/DM/output/orbs/wc/17/work'], stdout: b''	(at ex_script.py:45) 
2019-03-02 02:03:10,518 [D] ┌:F:n:WD_3:wc.c:17	(at logger.py:129) 
2019-03-02 02:03:10,518 [D] |:F:n:WD_3:wc.c:16	(at logger.py:129) 
2019-03-02 02:03:10,518 [D] └:F:n:WD_3:wc.c:15	(at logger.py:129) 
2019-03-02 02:03:10,554 [D] -:P:c:WD_1:wc.c:16	(at logger.py:129) 
2019-03-02 02:03:10,601 [D] -:P:n:WD_1:wc.c:15	(at logger.py:129) 
2019-03-02 02:03:10,615 [D] subprocess cmd: ['source compile.sh /home/bohrok/Documents/DM/output/orbs/wc/17/work'], stdout: b''	(at ex_script.py:45) 
2019-03-02 02:03:10,616 [D] -:F:n:WD_1:wc.c:14	(at logger.py:129) 
2019-03-02 02:03:10,632 [D] subprocess cmd: ['source compile.sh /home/bohrok/Documents/DM/output/orbs/wc/17/work'], stdout: b''	(at ex_script.py:45) 
2019-03-02 02:03:10,632 [D] ┌:F:n:WD_2:wc.c:14	(at logger.py:129) 
2019-03-02 02:03:10,632 [D] └:F:n:WD_2:wc.c:13	(at logger.py:129) 
2019-03-02 02:03:10,646 [D] subprocess cmd: ['source compile.sh /home/bohrok/Documents/DM/output/orbs/wc/17/work'], stdout: b''	(at ex_script.py:45) 
2019-03-02 02:03:10,647 [D] ┌:F:n:WD_3:wc.c:14	(at logger.py:129) 
2019-03-02 02:03:10,647 [D] |:F:n:WD_3:wc.c:13	(at logger.py:129) 
2019-03-02 02:03:10,647 [D] └:F:n:WD_3:wc.c:12	(at logger.py:129) 
2019-03-02 02:03:10,691 [D] -:C:n:WD_1:wc.c:13	(at logger.py:129) 
2019-03-02 02:03:10,734 [D] ┌:C:n:WD_2:wc.c:13	(at logger.py:129) 
2019-03-02 02:03:10,735 [D] └:C:n:WD_2:wc.c:12	(at logger.py:129) 
2019-03-02 02:03:10,783 [D] ┌:C:n:WD_3:wc.c:13	(at logger.py:129) 
2019-03-02 02:03:10,783 [D] |:C:n:WD_3:wc.c:12	(at logger.py:129) 
2019-03-02 02:03:10,783 [D] └:C:n:WD_3:wc.c:11	(at logger.py:129) 
2019-03-02 02:03:10,831 [D] -:P:n:WD_1:wc.c:12	(at logger.py:129) 
2019-03-02 02:03:10,875 [D] -:P:n:WD_1:wc.c:11	(at logger.py:129) 
2019-03-02 02:03:10,919 [D] -:P:n:WD_1:wc.c:10	(at logger.py:129) 
2019-03-02 02:03:10,933 [D] subprocess cmd: ['source compile.sh /home/bohrok/Documents/DM/output/orbs/wc/17/work'], stdout: b''	(at ex_script.py:45) 
2019-03-02 02:03:10,934 [D] -:F:n:WD_1:wc.c:9	(at logger.py:129) 
2019-03-02 02:03:10,948 [D] subprocess cmd: ['source compile.sh /home/bohrok/Documents/DM/output/orbs/wc/17/work'], stdout: b''	(at ex_script.py:45) 
2019-03-02 02:03:10,949 [D] ┌:F:n:WD_2:wc.c:9	(at logger.py:129) 
2019-03-02 02:03:10,949 [D] └:F:n:WD_2:wc.c:8	(at logger.py:129) 
2019-03-02 02:03:10,961 [D] subprocess cmd: ['source compile.sh /home/bohrok/Documents/DM/output/orbs/wc/17/work'], stdout: b''	(at ex_script.py:45) 
2019-03-02 02:03:10,962 [D] ┌:F:n:WD_3:wc.c:9	(at logger.py:129) 
2019-03-02 02:03:10,962 [D] |:F:n:WD_3:wc.c:8	(at logger.py:129) 
2019-03-02 02:03:10,962 [D] └:F:n:WD_3:wc.c:7	(at logger.py:129) 
2019-03-02 02:03:10,996 [D] -:P:c:WD_1:wc.c:8	(at logger.py:129) 
2019-03-02 02:03:11,029 [D] -:P:c:WD_1:wc.c:7	(at logger.py:129) 
2019-03-02 02:03:11,066 [D] -:P:c:WD_1:wc.c:6	(at logger.py:129) 
2019-03-02 02:03:11,103 [D] -:P:c:WD_1:wc.c:5	(at logger.py:129) 
2019-03-02 02:03:11,118 [D] subprocess cmd: ['source compile.sh /home/bohrok/Documents/DM/output/orbs/wc/17/work'], stdout: b''	(at ex_script.py:45) 
2019-03-02 02:03:11,118 [D] -:F:n:WD_1:wc.c:4	(at logger.py:129) 
2019-03-02 02:03:11,132 [D] subprocess cmd: ['source compile.sh /home/bohrok/Documents/DM/output/orbs/wc/17/work'], stdout: b''	(at ex_script.py:45) 
2019-03-02 02:03:11,132 [D] ┌:F:n:WD_2:wc.c:4	(at logger.py:129) 
2019-03-02 02:03:11,133 [D] └:F:n:WD_2:wc.c:3	(at logger.py:129) 
2019-03-02 02:03:11,146 [D] subprocess cmd: ['source compile.sh /home/bohrok/Documents/DM/output/orbs/wc/17/work'], stdout: b''	(at ex_script.py:45) 
2019-03-02 02:03:11,146 [D] ┌:F:n:WD_3:wc.c:4	(at logger.py:129) 
2019-03-02 02:03:11,146 [D] |:F:n:WD_3:wc.c:3	(at logger.py:129) 
2019-03-02 02:03:11,146 [D] └:F:n:WD_3:wc.c:2	(at logger.py:129) 
2019-03-02 02:03:11,159 [D] subprocess cmd: ['source compile.sh /home/bohrok/Documents/DM/output/orbs/wc/17/work'], stdout: b''	(at ex_script.py:45) 
2019-03-02 02:03:11,159 [D] -:F:n:WD_1:wc.c:3	(at logger.py:129) 
2019-03-02 02:03:11,172 [D] subprocess cmd: ['source compile.sh /home/bohrok/Documents/DM/output/orbs/wc/17/work'], stdout: b''	(at ex_script.py:45) 
2019-03-02 02:03:11,173 [D] ┌:F:n:WD_2:wc.c:3	(at logger.py:129) 
2019-03-02 02:03:11,173 [D] └:F:n:WD_2:wc.c:2	(at logger.py:129) 
2019-03-02 02:03:11,184 [D] subprocess cmd: ['source compile.sh /home/bohrok/Documents/DM/output/orbs/wc/17/work'], stdout: b''	(at ex_script.py:45) 
2019-03-02 02:03:11,184 [D] ┌:F:n:WD_3:wc.c:3	(at logger.py:129) 
2019-03-02 02:03:11,184 [D] |:F:n:WD_3:wc.c:2	(at logger.py:129) 
2019-03-02 02:03:11,184 [D] └:F:n:WD_3:wc.c:1	(at logger.py:129) 
2019-03-02 02:03:11,199 [D] subprocess cmd: ['source compile.sh /home/bohrok/Documents/DM/output/orbs/wc/17/work'], stdout: b''	(at ex_script.py:45) 
2019-03-02 02:03:11,200 [D] -:F:n:WD_1:wc.c:2	(at logger.py:129) 
2019-03-02 02:03:11,212 [D] subprocess cmd: ['source compile.sh /home/bohrok/Documents/DM/output/orbs/wc/17/work'], stdout: b''	(at ex_script.py:45) 
2019-03-02 02:03:11,212 [D] ┌:F:n:WD_2:wc.c:2	(at logger.py:129) 
2019-03-02 02:03:11,212 [D] └:F:n:WD_2:wc.c:1	(at logger.py:129) 
2019-03-02 02:03:11,213 [D] ┌:F:n:WD_3:wc.c:2	(at logger.py:129) 
2019-03-02 02:03:11,213 [D] └:F:n:WD_3:wc.c:1	(at logger.py:129) 
2019-03-02 02:03:11,258 [D] -:P:n:WD_1:wc.c:1	(at logger.py:129) 
2019-03-02 02:03:11,258 [D] comp_cached_cnt:1	(at logger.py:134) 
2019-03-02 02:03:11,258 [D] compile_cnt:89	(at logger.py:134) 
2019-03-02 02:03:11,258 [D] execute_cnt:19	(at logger.py:134) 
2019-03-02 02:03:11,258 [D] fail_del_cnt:9	(at logger.py:134) 
2019-03-02 02:03:11,258 [D] iter_idx:1	(at logger.py:134) 
2019-03-02 02:03:11,259 [D] reuse_cnt:12	(at logger.py:134) 
2019-03-02 02:03:11,259 [D] succ_del_cnt:22	(at logger.py:134) 
2019-03-02 02:03:11,259 [D] time:2.315965414047241	(at logger.py:134) 
2019-03-02 02:03:11,259 [D] deletion:27	(at logger.py:136) 
2019-03-02 02:03:11,259 [I] Iteration 1 finished	(at orbs.py:87) 
2019-03-02 02:03:11,271 [D] subprocess cmd: ['source compile.sh /home/bohrok/Documents/DM/output/orbs/wc/17/work'], stdout: b''	(at ex_script.py:45) 
2019-03-02 02:03:11,272 [D] -:F:n:WD_1:wc.c:48	(at logger.py:129) 
2019-03-02 02:03:11,283 [D] subprocess cmd: ['source compile.sh /home/bohrok/Documents/DM/output/orbs/wc/17/work'], stdout: b''	(at ex_script.py:45) 
2019-03-02 02:03:11,283 [D] ┌:F:n:WD_2:wc.c:48	(at logger.py:129) 
2019-03-02 02:03:11,283 [D] └:F:n:WD_2:wc.c:47	(at logger.py:129) 
2019-03-02 02:03:11,295 [D] subprocess cmd: ['source compile.sh /home/bohrok/Documents/DM/output/orbs/wc/17/work'], stdout: b''	(at ex_script.py:45) 
2019-03-02 02:03:11,295 [D] ┌:F:n:WD_3:wc.c:48	(at logger.py:129) 
2019-03-02 02:03:11,295 [D] |:F:n:WD_3:wc.c:47	(at logger.py:129) 
2019-03-02 02:03:11,295 [D] └:F:n:WD_3:wc.c:41	(at logger.py:129) 
2019-03-02 02:03:11,307 [D] subprocess cmd: ['source compile.sh /home/bohrok/Documents/DM/output/orbs/wc/17/work'], stdout: b''	(at ex_script.py:45) 
2019-03-02 02:03:11,307 [D] -:F:n:WD_1:wc.c:47	(at logger.py:129) 
2019-03-02 02:03:11,340 [D] ┌:P:c:WD_2:wc.c:47	(at logger.py:129) 
2019-03-02 02:03:11,340 [D] └:P:c:WD_2:wc.c:41	(at logger.py:129) 
2019-03-02 02:03:11,340 [D]  : : :pass:wc.c:46	(at logger.py:129) 
2019-03-02 02:03:11,340 [D]  : : :pass:wc.c:45	(at logger.py:129) 
2019-03-02 02:03:11,340 [D]  : : :pass:wc.c:44	(at logger.py:129) 
2019-03-02 02:03:11,341 [D]  : : :pass:wc.c:43	(at logger.py:129) 
2019-03-02 02:03:11,341 [D]  : : :pass:wc.c:42	(at logger.py:129) 
2019-03-02 02:03:11,341 [D]  : : :pass:wc.c:41	(at logger.py:129) 
2019-03-02 02:03:11,341 [D]  : : :pass:wc.c:40	(at logger.py:129) 
2019-03-02 02:03:11,341 [D]  : : :pass:wc.c:39	(at logger.py:129) 
2019-03-02 02:03:11,384 [D] subprocess cmd: ['source execute.sh /home/bohrok/Documents/DM/output/orbs/wc/17/work'], stdout: b''	(at ex_script.py:45) 
2019-03-02 02:03:11,384 [D] -:C:n:WD_1:wc.c:38	(at logger.py:129) 
2019-03-02 02:03:11,396 [D] subprocess cmd: ['source compile.sh /home/bohrok/Documents/DM/output/orbs/wc/17/work'], stdout: b''	(at ex_script.py:45) 
2019-03-02 02:03:11,396 [D] ┌:F:n:WD_2:wc.c:38	(at logger.py:129) 
2019-03-02 02:03:11,396 [D] └:F:n:WD_2:wc.c:35	(at logger.py:129) 
2019-03-02 02:03:11,408 [D] subprocess cmd: ['source compile.sh /home/bohrok/Documents/DM/output/orbs/wc/17/work'], stdout: b''	(at ex_script.py:45) 
2019-03-02 02:03:11,408 [D] ┌:F:n:WD_3:wc.c:38	(at logger.py:129) 
2019-03-02 02:03:11,409 [D] |:F:n:WD_3:wc.c:35	(at logger.py:129) 
2019-03-02 02:03:11,409 [D] └:F:n:WD_3:wc.c:34	(at logger.py:129) 
2019-03-02 02:03:11,409 [D]  : : :pass:wc.c:37	(at logger.py:129) 
2019-03-02 02:03:11,409 [D]  : : :pass:wc.c:36	(at logger.py:129) 
2019-03-02 02:03:11,418 [D] subprocess cmd: ['source compile.sh /home/bohrok/Documents/DM/output/orbs/wc/17/work'], stdout: b''	(at ex_script.py:45) 
2019-03-02 02:03:11,418 [D] -:F:n:WD_1:wc.c:35	(at logger.py:129) 
2019-03-02 02:03:11,431 [D] subprocess cmd: ['source compile.sh /home/bohrok/Documents/DM/output/orbs/wc/17/work'], stdout: b''	(at ex_script.py:45) 
2019-03-02 02:03:11,431 [D] ┌:F:n:WD_2:wc.c:35	(at logger.py:129) 
2019-03-02 02:03:11,431 [D] └:F:n:WD_2:wc.c:34	(at logger.py:129) 
2019-03-02 02:03:11,463 [D] subprocess cmd: ['source compile.sh /home/bohrok/Documents/DM/output/orbs/wc/17/work'], stdout: b''	(at ex_script.py:45) 
2019-03-02 02:03:11,463 [D] ┌:F:n:WD_3:wc.c:35	(at logger.py:129) 
2019-03-02 02:03:11,463 [D] |:F:n:WD_3:wc.c:34	(at logger.py:129) 
2019-03-02 02:03:11,463 [D] └:F:n:WD_3:wc.c:33	(at logger.py:129) 
2019-03-02 02:03:11,474 [D] subprocess cmd: ['source compile.sh /home/bohrok/Documents/DM/output/orbs/wc/17/work'], stdout: b''	(at ex_script.py:45) 
2019-03-02 02:03:11,475 [D] -:F:n:WD_1:wc.c:34	(at logger.py:129) 
2019-03-02 02:03:11,488 [D] subprocess cmd: ['source compile.sh /home/bohrok/Documents/DM/output/orbs/wc/17/work'], stdout: b''	(at ex_script.py:45) 
2019-03-02 02:03:11,489 [D] ┌:F:n:WD_2:wc.c:34	(at logger.py:129) 
2019-03-02 02:03:11,489 [D] └:F:n:WD_2:wc.c:33	(at logger.py:129) 
2019-03-02 02:03:11,500 [D] subprocess cmd: ['source compile.sh /home/bohrok/Documents/DM/output/orbs/wc/17/work'], stdout: b''	(at ex_script.py:45) 
2019-03-02 02:03:11,501 [D] ┌:F:n:WD_3:wc.c:34	(at logger.py:129) 
2019-03-02 02:03:11,501 [D] |:F:n:WD_3:wc.c:33	(at logger.py:129) 
2019-03-02 02:03:11,501 [D] └:F:n:WD_3:wc.c:32	(at logger.py:129) 
2019-03-02 02:03:11,514 [D] subprocess cmd: ['source compile.sh /home/bohrok/Documents/DM/output/orbs/wc/17/work'], stdout: b''	(at ex_script.py:45) 
2019-03-02 02:03:11,514 [D] -:F:n:WD_1:wc.c:33	(at logger.py:129) 
2019-03-02 02:03:11,527 [D] subprocess cmd: ['source compile.sh /home/bohrok/Documents/DM/output/orbs/wc/17/work'], stdout: b''	(at ex_script.py:45) 
2019-03-02 02:03:11,527 [D] ┌:F:n:WD_2:wc.c:33	(at logger.py:129) 
2019-03-02 02:03:11,527 [D] └:F:n:WD_2:wc.c:32	(at logger.py:129) 
2019-03-02 02:03:11,539 [D] subprocess cmd: ['source compile.sh /home/bohrok/Documents/DM/output/orbs/wc/17/work'], stdout: b''	(at ex_script.py:45) 
2019-03-02 02:03:11,539 [D] ┌:F:n:WD_3:wc.c:33	(at logger.py:129) 
2019-03-02 02:03:11,539 [D] |:F:n:WD_3:wc.c:32	(at logger.py:129) 
2019-03-02 02:03:11,539 [D] └:F:n:WD_3:wc.c:31	(at logger.py:129) 
2019-03-02 02:03:11,551 [D] subprocess cmd: ['source compile.sh /home/bohrok/Documents/DM/output/orbs/wc/17/work'], stdout: b''	(at ex_script.py:45) 
2019-03-02 02:03:11,551 [D] -:F:n:WD_1:wc.c:32	(at logger.py:129) 
2019-03-02 02:03:11,565 [D] subprocess cmd: ['source compile.sh /home/bohrok/Documents/DM/output/orbs/wc/17/work'], stdout: b''	(at ex_script.py:45) 
2019-03-02 02:03:11,565 [D] ┌:F:n:WD_2:wc.c:32	(at logger.py:129) 
2019-03-02 02:03:11,565 [D] └:F:n:WD_2:wc.c:31	(at logger.py:129) 
2019-03-02 02:03:11,577 [D] subprocess cmd: ['source compile.sh /home/bohrok/Documents/DM/output/orbs/wc/17/work'], stdout: b''	(at ex_script.py:45) 
2019-03-02 02:03:11,578 [D] ┌:F:n:WD_3:wc.c:32	(at logger.py:129) 
2019-03-02 02:03:11,578 [D] |:F:n:WD_3:wc.c:31	(at logger.py:129) 
2019-03-02 02:03:11,578 [D] └:F:n:WD_3:wc.c:26	(at logger.py:129) 
2019-03-02 02:03:11,589 [D] subprocess cmd: ['source compile.sh /home/bohrok/Documents/DM/output/orbs/wc/17/work'], stdout: b''	(at ex_script.py:45) 
2019-03-02 02:03:11,590 [D] -:F:n:WD_1:wc.c:31	(at logger.py:129) 
2019-03-02 02:03:11,601 [D] subprocess cmd: ['source compile.sh /home/bohrok/Documents/DM/output/orbs/wc/17/work'], stdout: b''	(at ex_script.py:45) 
2019-03-02 02:03:11,601 [D] ┌:F:n:WD_2:wc.c:31	(at logger.py:129) 
2019-03-02 02:03:11,601 [D] └:F:n:WD_2:wc.c:26	(at logger.py:129) 
2019-03-02 02:03:11,614 [D] subprocess cmd: ['source compile.sh /home/bohrok/Documents/DM/output/orbs/wc/17/work'], stdout: b''	(at ex_script.py:45) 
2019-03-02 02:03:11,615 [D] ┌:F:n:WD_3:wc.c:31	(at logger.py:129) 
2019-03-02 02:03:11,615 [D] |:F:n:WD_3:wc.c:26	(at logger.py:129) 
2019-03-02 02:03:11,615 [D] └:F:n:WD_3:wc.c:23	(at logger.py:129) 
2019-03-02 02:03:11,615 [D]  : : :pass:wc.c:30	(at logger.py:129) 
2019-03-02 02:03:11,615 [D]  : : :pass:wc.c:29	(at logger.py:129) 
2019-03-02 02:03:11,615 [D]  : : :pass:wc.c:28	(at logger.py:129) 
2019-03-02 02:03:11,615 [D]  : : :pass:wc.c:27	(at logger.py:129) 
2019-03-02 02:03:11,627 [D] subprocess cmd: ['source compile.sh /home/bohrok/Documents/DM/output/orbs/wc/17/work'], stdout: b''	(at ex_script.py:45) 
2019-03-02 02:03:11,627 [D] -:F:n:WD_1:wc.c:26	(at logger.py:129) 
2019-03-02 02:03:11,664 [D] ┌:P:c:WD_2:wc.c:26	(at logger.py:129) 
2019-03-02 02:03:11,664 [D] └:P:c:WD_2:wc.c:23	(at logger.py:129) 
2019-03-02 02:03:11,664 [D]  : : :pass:wc.c:25	(at logger.py:129) 
2019-03-02 02:03:11,664 [D]  : : :pass:wc.c:24	(at logger.py:129) 
2019-03-02 02:03:11,664 [D]  : : :pass:wc.c:23	(at logger.py:129) 
2019-03-02 02:03:11,664 [D]  : : :pass:wc.c:22	(at logger.py:129) 
2019-03-02 02:03:11,676 [D] subprocess cmd: ['source compile.sh /home/bohrok/Documents/DM/output/orbs/wc/17/work'], stdout: b''	(at ex_script.py:45) 
2019-03-02 02:03:11,676 [D] -:F:n:WD_1:wc.c:21	(at logger.py:129) 
2019-03-02 02:03:11,690 [D] subprocess cmd: ['source compile.sh /home/bohrok/Documents/DM/output/orbs/wc/17/work'], stdout: b''	(at ex_script.py:45) 
2019-03-02 02:03:11,691 [D] ┌:F:n:WD_2:wc.c:21	(at logger.py:129) 
2019-03-02 02:03:11,691 [D] └:F:n:WD_2:wc.c:20	(at logger.py:129) 
2019-03-02 02:03:11,736 [D] subprocess cmd: ['source execute.sh /home/bohrok/Documents/DM/output/orbs/wc/17/work'], stdout: b''	(at ex_script.py:45) 
2019-03-02 02:03:11,736 [D] ┌:C:n:WD_3:wc.c:21	(at logger.py:129) 
2019-03-02 02:03:11,737 [D] |:C:n:WD_3:wc.c:20	(at logger.py:129) 
2019-03-02 02:03:11,737 [D] └:C:n:WD_3:wc.c:19	(at logger.py:129) 
2019-03-02 02:03:11,769 [D] -:C:c:WD_1:wc.c:20	(at logger.py:129) 
2019-03-02 02:03:11,782 [D] subprocess cmd: ['source compile.sh /home/bohrok/Documents/DM/output/orbs/wc/17/work'], stdout: b''	(at ex_script.py:45) 
2019-03-02 02:03:11,782 [D] ┌:F:n:WD_2:wc.c:20	(at logger.py:129) 
2019-03-02 02:03:11,782 [D] └:F:n:WD_2:wc.c:19	(at logger.py:129) 
2019-03-02 02:03:11,782 [D] ┌:C:c:WD_3:wc.c:20	(at logger.py:129) 
2019-03-02 02:03:11,782 [D] |:C:c:WD_3:wc.c:19	(at logger.py:129) 
2019-03-02 02:03:11,782 [D] └:C:c:WD_3:wc.c:17	(at logger.py:129) 
2019-03-02 02:03:11,795 [D] subprocess cmd: ['source compile.sh /home/bohrok/Documents/DM/output/orbs/wc/17/work'], stdout: b''	(at ex_script.py:45) 
2019-03-02 02:03:11,795 [D] -:F:n:WD_1:wc.c:19	(at logger.py:129) 
2019-03-02 02:03:11,831 [D] ┌:P:c:WD_2:wc.c:19	(at logger.py:129) 
2019-03-02 02:03:11,831 [D] └:P:c:WD_2:wc.c:17	(at logger.py:129) 
2019-03-02 02:03:11,831 [D]  : : :pass:wc.c:18	(at logger.py:129) 
2019-03-02 02:03:11,831 [D]  : : :pass:wc.c:17	(at logger.py:129) 
2019-03-02 02:03:11,831 [D]  : : :pass:wc.c:16	(at logger.py:129) 
2019-03-02 02:03:11,831 [D]  : : :pass:wc.c:15	(at logger.py:129) 
2019-03-02 02:03:11,842 [D] subprocess cmd: ['source compile.sh /home/bohrok/Documents/DM/output/orbs/wc/17/work'], stdout: b''	(at ex_script.py:45) 
2019-03-02 02:03:11,843 [D] -:F:n:WD_1:wc.c:14	(at logger.py:129) 
2019-03-02 02:03:11,852 [D] subprocess cmd: ['source compile.sh /home/bohrok/Documents/DM/output/orbs/wc/17/work'], stdout: b''	(at ex_script.py:45) 
2019-03-02 02:03:11,853 [D] ┌:F:n:WD_2:wc.c:14	(at logger.py:129) 
2019-03-02 02:03:11,853 [D] └:F:n:WD_2:wc.c:13	(at logger.py:129) 
2019-03-02 02:03:11,865 [D] subprocess cmd: ['source compile.sh /home/bohrok/Documents/DM/output/orbs/wc/17/work'], stdout: b''	(at ex_script.py:45) 
2019-03-02 02:03:11,865 [D] ┌:F:n:WD_3:wc.c:14	(at logger.py:129) 
2019-03-02 02:03:11,865 [D] |:F:n:WD_3:wc.c:13	(at logger.py:129) 
2019-03-02 02:03:11,865 [D] └:F:n:WD_3:wc.c:9	(at logger.py:129) 
2019-03-02 02:03:11,908 [D] -:C:n:WD_1:wc.c:13	(at logger.py:129) 
2019-03-02 02:03:11,918 [D] subprocess cmd: ['source compile.sh /home/bohrok/Documents/DM/output/orbs/wc/17/work'], stdout: b''	(at ex_script.py:45) 
2019-03-02 02:03:11,918 [D] ┌:F:n:WD_2:wc.c:13	(at logger.py:129) 
2019-03-02 02:03:11,918 [D] └:F:n:WD_2:wc.c:9	(at logger.py:129) 
2019-03-02 02:03:11,931 [D] subprocess cmd: ['source compile.sh /home/bohrok/Documents/DM/output/orbs/wc/17/work'], stdout: b''	(at ex_script.py:45) 
2019-03-02 02:03:11,931 [D] ┌:F:n:WD_3:wc.c:13	(at logger.py:129) 
2019-03-02 02:03:11,932 [D] |:F:n:WD_3:wc.c:9	(at logger.py:129) 
2019-03-02 02:03:11,932 [D] └:F:n:WD_3:wc.c:4	(at logger.py:129) 
2019-03-02 02:03:11,932 [D]  : : :pass:wc.c:12	(at logger.py:129) 
2019-03-02 02:03:11,932 [D]  : : :pass:wc.c:11	(at logger.py:129) 
2019-03-02 02:03:11,932 [D]  : : :pass:wc.c:10	(at logger.py:129) 
2019-03-02 02:03:11,943 [D] subprocess cmd: ['source compile.sh /home/bohrok/Documents/DM/output/orbs/wc/17/work'], stdout: b''	(at ex_script.py:45) 
2019-03-02 02:03:11,943 [D] -:F:n:WD_1:wc.c:9	(at logger.py:129) 
2019-03-02 02:03:11,952 [D] subprocess cmd: ['source compile.sh /home/bohrok/Documents/DM/output/orbs/wc/17/work'], stdout: b''	(at ex_script.py:45) 
2019-03-02 02:03:11,953 [D] ┌:F:n:WD_2:wc.c:9	(at logger.py:129) 
2019-03-02 02:03:11,953 [D] └:F:n:WD_2:wc.c:4	(at logger.py:129) 
2019-03-02 02:03:11,965 [D] subprocess cmd: ['source compile.sh /home/bohrok/Documents/DM/output/orbs/wc/17/work'], stdout: b''	(at ex_script.py:45) 
2019-03-02 02:03:11,966 [D] ┌:F:n:WD_3:wc.c:9	(at logger.py:129) 
2019-03-02 02:03:11,966 [D] |:F:n:WD_3:wc.c:4	(at logger.py:129) 
2019-03-02 02:03:11,966 [D] └:F:n:WD_3:wc.c:3	(at logger.py:129) 
2019-03-02 02:03:11,966 [D]  : : :pass:wc.c:8	(at logger.py:129) 
2019-03-02 02:03:11,966 [D]  : : :pass:wc.c:7	(at logger.py:129) 
2019-03-02 02:03:11,966 [D]  : : :pass:wc.c:6	(at logger.py:129) 
2019-03-02 02:03:11,966 [D]  : : :pass:wc.c:5	(at logger.py:129) 
2019-03-02 02:03:11,977 [D] subprocess cmd: ['source compile.sh /home/bohrok/Documents/DM/output/orbs/wc/17/work'], stdout: b''	(at ex_script.py:45) 
2019-03-02 02:03:11,977 [D] -:F:n:WD_1:wc.c:4	(at logger.py:129) 
2019-03-02 02:03:11,990 [D] subprocess cmd: ['source compile.sh /home/bohrok/Documents/DM/output/orbs/wc/17/work'], stdout: b''	(at ex_script.py:45) 
2019-03-02 02:03:11,990 [D] ┌:F:n:WD_2:wc.c:4	(at logger.py:129) 
2019-03-02 02:03:11,990 [D] └:F:n:WD_2:wc.c:3	(at logger.py:129) 
2019-03-02 02:03:12,000 [D] subprocess cmd: ['source compile.sh /home/bohrok/Documents/DM/output/orbs/wc/17/work'], stdout: b''	(at ex_script.py:45) 
2019-03-02 02:03:12,001 [D] ┌:F:n:WD_3:wc.c:4	(at logger.py:129) 
2019-03-02 02:03:12,001 [D] |:F:n:WD_3:wc.c:3	(at logger.py:129) 
2019-03-02 02:03:12,001 [D] └:F:n:WD_3:wc.c:2	(at logger.py:129) 
2019-03-02 02:03:12,014 [D] subprocess cmd: ['source compile.sh /home/bohrok/Documents/DM/output/orbs/wc/17/work'], stdout: b''	(at ex_script.py:45) 
2019-03-02 02:03:12,014 [D] -:F:n:WD_1:wc.c:3	(at logger.py:129) 
2019-03-02 02:03:12,026 [D] subprocess cmd: ['source compile.sh /home/bohrok/Documents/DM/output/orbs/wc/17/work'], stdout: b''	(at ex_script.py:45) 
2019-03-02 02:03:12,026 [D] ┌:F:n:WD_2:wc.c:3	(at logger.py:129) 
2019-03-02 02:03:12,026 [D] └:F:n:WD_2:wc.c:2	(at logger.py:129) 
2019-03-02 02:03:12,026 [D] ┌:F:n:WD_3:wc.c:3	(at logger.py:129) 
2019-03-02 02:03:12,026 [D] └:F:n:WD_3:wc.c:2	(at logger.py:129) 
2019-03-02 02:03:12,037 [D] subprocess cmd: ['source compile.sh /home/bohrok/Documents/DM/output/orbs/wc/17/work'], stdout: b''	(at ex_script.py:45) 
2019-03-02 02:03:12,037 [D] -:F:n:WD_1:wc.c:2	(at logger.py:129) 
2019-03-02 02:03:12,037 [D] -:F:n:WD_2:wc.c:2	(at logger.py:129) 
2019-03-02 02:03:12,037 [D] -:F:n:WD_3:wc.c:2	(at logger.py:129) 
2019-03-02 02:03:12,037 [D]  : : :pass:wc.c:1	(at logger.py:129) 
2019-03-02 02:03:12,037 [D] comp_cached_cnt:4	(at logger.py:134) 
2019-03-02 02:03:12,038 [D] compile_cnt:47	(at logger.py:134) 
2019-03-02 02:03:12,038 [D] execute_cnt:3	(at logger.py:134) 
2019-03-02 02:03:12,038 [D] fail_del_cnt:5	(at logger.py:134) 
2019-03-02 02:03:12,038 [D] iter_idx:2	(at logger.py:134) 
2019-03-02 02:03:12,038 [D] reuse_cnt:5	(at logger.py:134) 
2019-03-02 02:03:12,038 [D] succ_del_cnt:3	(at logger.py:134) 
2019-03-02 02:03:12,038 [D] time:0.7776684761047363	(at logger.py:134) 
2019-03-02 02:03:12,038 [D] deletion:33	(at logger.py:136) 
2019-03-02 02:03:12,038 [I] Iteration 2 finished	(at orbs.py:87) 
2019-03-02 02:03:12,049 [D] subprocess cmd: ['source compile.sh /home/bohrok/Documents/DM/output/orbs/wc/17/work'], stdout: b''	(at ex_script.py:45) 
2019-03-02 02:03:12,050 [D] -:F:n:WD_1:wc.c:48	(at logger.py:129) 
2019-03-02 02:03:12,063 [D] subprocess cmd: ['source compile.sh /home/bohrok/Documents/DM/output/orbs/wc/17/work'], stdout: b''	(at ex_script.py:45) 
2019-03-02 02:03:12,063 [D] ┌:F:n:WD_2:wc.c:48	(at logger.py:129) 
2019-03-02 02:03:12,063 [D] └:F:n:WD_2:wc.c:38	(at logger.py:129) 
2019-03-02 02:03:12,074 [D] subprocess cmd: ['source compile.sh /home/bohrok/Documents/DM/output/orbs/wc/17/work'], stdout: b''	(at ex_script.py:45) 
2019-03-02 02:03:12,074 [D] ┌:F:n:WD_3:wc.c:48	(at logger.py:129) 
2019-03-02 02:03:12,074 [D] |:F:n:WD_3:wc.c:38	(at logger.py:129) 
2019-03-02 02:03:12,074 [D] └:F:n:WD_3:wc.c:35	(at logger.py:129) 
2019-03-02 02:03:12,074 [D]  : : :pass:wc.c:47	(at logger.py:129) 
2019-03-02 02:03:12,075 [D]  : : :pass:wc.c:46	(at logger.py:129) 
2019-03-02 02:03:12,075 [D]  : : :pass:wc.c:45	(at logger.py:129) 
2019-03-02 02:03:12,075 [D]  : : :pass:wc.c:44	(at logger.py:129) 
2019-03-02 02:03:12,075 [D]  : : :pass:wc.c:43	(at logger.py:129) 
2019-03-02 02:03:12,075 [D]  : : :pass:wc.c:42	(at logger.py:129) 
2019-03-02 02:03:12,075 [D]  : : :pass:wc.c:41	(at logger.py:129) 
2019-03-02 02:03:12,075 [D]  : : :pass:wc.c:40	(at logger.py:129) 
2019-03-02 02:03:12,075 [D]  : : :pass:wc.c:39	(at logger.py:129) 
2019-03-02 02:03:12,107 [D] -:C:c:WD_1:wc.c:38	(at logger.py:129) 
2019-03-02 02:03:12,119 [D] subprocess cmd: ['source compile.sh /home/bohrok/Documents/DM/output/orbs/wc/17/work'], stdout: b''	(at ex_script.py:45) 
2019-03-02 02:03:12,119 [D] ┌:F:n:WD_2:wc.c:38	(at logger.py:129) 
2019-03-02 02:03:12,119 [D] └:F:n:WD_2:wc.c:35	(at logger.py:129) 
2019-03-02 02:03:12,132 [D] subprocess cmd: ['source compile.sh /home/bohrok/Documents/DM/output/orbs/wc/17/work'], stdout: b''	(at ex_script.py:45) 
2019-03-02 02:03:12,132 [D] ┌:F:n:WD_3:wc.c:38	(at logger.py:129) 
2019-03-02 02:03:12,132 [D] |:F:n:WD_3:wc.c:35	(at logger.py:129) 
2019-03-02 02:03:12,132 [D] └:F:n:WD_3:wc.c:34	(at logger.py:129) 
2019-03-02 02:03:12,132 [D]  : : :pass:wc.c:37	(at logger.py:129) 
2019-03-02 02:03:12,133 [D]  : : :pass:wc.c:36	(at logger.py:129) 
2019-03-02 02:03:12,144 [D] subprocess cmd: ['source compile.sh /home/bohrok/Documents/DM/output/orbs/wc/17/work'], stdout: b''	(at ex_script.py:45) 
2019-03-02 02:03:12,144 [D] -:F:n:WD_1:wc.c:35	(at logger.py:129) 
2019-03-02 02:03:12,156 [D] subprocess cmd: ['source compile.sh /home/bohrok/Documents/DM/output/orbs/wc/17/work'], stdout: b''	(at ex_script.py:45) 
2019-03-02 02:03:12,156 [D] ┌:F:n:WD_2:wc.c:35	(at logger.py:129) 
2019-03-02 02:03:12,157 [D] └:F:n:WD_2:wc.c:34	(at logger.py:129) 
2019-03-02 02:03:12,189 [D] subprocess cmd: ['source compile.sh /home/bohrok/Documents/DM/output/orbs/wc/17/work'], stdout: b''	(at ex_script.py:45) 
2019-03-02 02:03:12,190 [D] ┌:F:n:WD_3:wc.c:35	(at logger.py:129) 
2019-03-02 02:03:12,190 [D] |:F:n:WD_3:wc.c:34	(at logger.py:129) 
2019-03-02 02:03:12,190 [D] └:F:n:WD_3:wc.c:33	(at logger.py:129) 
2019-03-02 02:03:12,200 [D] subprocess cmd: ['source compile.sh /home/bohrok/Documents/DM/output/orbs/wc/17/work'], stdout: b''	(at ex_script.py:45) 
2019-03-02 02:03:12,200 [D] -:F:n:WD_1:wc.c:34	(at logger.py:129) 
2019-03-02 02:03:12,212 [D] subprocess cmd: ['source compile.sh /home/bohrok/Documents/DM/output/orbs/wc/17/work'], stdout: b''	(at ex_script.py:45) 
2019-03-02 02:03:12,212 [D] ┌:F:n:WD_2:wc.c:34	(at logger.py:129) 
2019-03-02 02:03:12,212 [D] └:F:n:WD_2:wc.c:33	(at logger.py:129) 
2019-03-02 02:03:12,223 [D] subprocess cmd: ['source compile.sh /home/bohrok/Documents/DM/output/orbs/wc/17/work'], stdout: b''	(at ex_script.py:45) 
2019-03-02 02:03:12,223 [D] ┌:F:n:WD_3:wc.c:34	(at logger.py:129) 
2019-03-02 02:03:12,223 [D] |:F:n:WD_3:wc.c:33	(at logger.py:129) 
2019-03-02 02:03:12,223 [D] └:F:n:WD_3:wc.c:32	(at logger.py:129) 
2019-03-02 02:03:12,234 [D] subprocess cmd: ['source compile.sh /home/bohrok/Documents/DM/output/orbs/wc/17/work'], stdout: b''	(at ex_script.py:45) 
2019-03-02 02:03:12,234 [D] -:F:n:WD_1:wc.c:33	(at logger.py:129) 
2019-03-02 02:03:12,245 [D] subprocess cmd: ['source compile.sh /home/bohrok/Documents/DM/output/orbs/wc/17/work'], stdout: b''	(at ex_script.py:45) 
2019-03-02 02:03:12,246 [D] ┌:F:n:WD_2:wc.c:33	(at logger.py:129) 
2019-03-02 02:03:12,246 [D] └:F:n:WD_2:wc.c:32	(at logger.py:129) 
2019-03-02 02:03:12,257 [D] subprocess cmd: ['source compile.sh /home/bohrok/Documents/DM/output/orbs/wc/17/work'], stdout: b''	(at ex_script.py:45) 
2019-03-02 02:03:12,258 [D] ┌:F:n:WD_3:wc.c:33	(at logger.py:129) 
2019-03-02 02:03:12,258 [D] |:F:n:WD_3:wc.c:32	(at logger.py:129) 
2019-03-02 02:03:12,258 [D] └:F:n:WD_3:wc.c:31	(at logger.py:129) 
2019-03-02 02:03:12,269 [D] subprocess cmd: ['source compile.sh /home/bohrok/Documents/DM/output/orbs/wc/17/work'], stdout: b''	(at ex_script.py:45) 
2019-03-02 02:03:12,269 [D] -:F:n:WD_1:wc.c:32	(at logger.py:129) 
2019-03-02 02:03:12,281 [D] subprocess cmd: ['source compile.sh /home/bohrok/Documents/DM/output/orbs/wc/17/work'], stdout: b''	(at ex_script.py:45) 
2019-03-02 02:03:12,282 [D] ┌:F:n:WD_2:wc.c:32	(at logger.py:129) 
2019-03-02 02:03:12,282 [D] └:F:n:WD_2:wc.c:31	(at logger.py:129) 
2019-03-02 02:03:12,293 [D] subprocess cmd: ['source compile.sh /home/bohrok/Documents/DM/output/orbs/wc/17/work'], stdout: b''	(at ex_script.py:45) 
2019-03-02 02:03:12,294 [D] ┌:F:n:WD_3:wc.c:32	(at logger.py:129) 
2019-03-02 02:03:12,294 [D] |:F:n:WD_3:wc.c:31	(at logger.py:129) 
2019-03-02 02:03:12,294 [D] └:F:n:WD_3:wc.c:21	(at logger.py:129) 
2019-03-02 02:03:12,304 [D] subprocess cmd: ['source compile.sh /home/bohrok/Documents/DM/output/orbs/wc/17/work'], stdout: b''	(at ex_script.py:45) 
2019-03-02 02:03:12,304 [D] -:F:n:WD_1:wc.c:31	(at logger.py:129) 
2019-03-02 02:03:12,316 [D] subprocess cmd: ['source compile.sh /home/bohrok/Documents/DM/output/orbs/wc/17/work'], stdout: b''	(at ex_script.py:45) 
2019-03-02 02:03:12,316 [D] ┌:F:n:WD_2:wc.c:31	(at logger.py:129) 
2019-03-02 02:03:12,317 [D] └:F:n:WD_2:wc.c:21	(at logger.py:129) 
2019-03-02 02:03:12,349 [D] ┌:C:c:WD_3:wc.c:31	(at logger.py:129) 
2019-03-02 02:03:12,349 [D] |:C:c:WD_3:wc.c:21	(at logger.py:129) 
2019-03-02 02:03:12,349 [D] └:C:c:WD_3:wc.c:20	(at logger.py:129) 
2019-03-02 02:03:12,349 [D]  : : :pass:wc.c:30	(at logger.py:129) 
2019-03-02 02:03:12,349 [D]  : : :pass:wc.c:29	(at logger.py:129) 
2019-03-02 02:03:12,349 [D]  : : :pass:wc.c:28	(at logger.py:129) 
2019-03-02 02:03:12,349 [D]  : : :pass:wc.c:27	(at logger.py:129) 
2019-03-02 02:03:12,349 [D]  : : :pass:wc.c:26	(at logger.py:129) 
2019-03-02 02:03:12,349 [D]  : : :pass:wc.c:25	(at logger.py:129) 
2019-03-02 02:03:12,349 [D]  : : :pass:wc.c:24	(at logger.py:129) 
2019-03-02 02:03:12,349 [D]  : : :pass:wc.c:23	(at logger.py:129) 
2019-03-02 02:03:12,349 [D]  : : :pass:wc.c:22	(at logger.py:129) 
2019-03-02 02:03:12,362 [D] subprocess cmd: ['source compile.sh /home/bohrok/Documents/DM/output/orbs/wc/17/work'], stdout: b''	(at ex_script.py:45) 
2019-03-02 02:03:12,362 [D] -:F:n:WD_1:wc.c:21	(at logger.py:129) 
2019-03-02 02:03:12,373 [D] subprocess cmd: ['source compile.sh /home/bohrok/Documents/DM/output/orbs/wc/17/work'], stdout: b''	(at ex_script.py:45) 
2019-03-02 02:03:12,374 [D] ┌:F:n:WD_2:wc.c:21	(at logger.py:129) 
2019-03-02 02:03:12,374 [D] └:F:n:WD_2:wc.c:20	(at logger.py:129) 
2019-03-02 02:03:12,385 [D] subprocess cmd: ['source compile.sh /home/bohrok/Documents/DM/output/orbs/wc/17/work'], stdout: b''	(at ex_script.py:45) 
2019-03-02 02:03:12,386 [D] ┌:F:n:WD_3:wc.c:21	(at logger.py:129) 
2019-03-02 02:03:12,387 [D] |:F:n:WD_3:wc.c:20	(at logger.py:129) 
2019-03-02 02:03:12,387 [D] └:F:n:WD_3:wc.c:14	(at logger.py:129) 
2019-03-02 02:03:12,387 [D] -:C:c:WD_1:wc.c:20	(at logger.py:129) 
2019-03-02 02:03:12,416 [D] subprocess cmd: ['source compile.sh /home/bohrok/Documents/DM/output/orbs/wc/17/work'], stdout: b''	(at ex_script.py:45) 
2019-03-02 02:03:12,416 [D] ┌:F:n:WD_2:wc.c:20	(at logger.py:129) 
2019-03-02 02:03:12,417 [D] └:F:n:WD_2:wc.c:14	(at logger.py:129) 
2019-03-02 02:03:12,432 [D] subprocess cmd: ['source compile.sh /home/bohrok/Documents/DM/output/orbs/wc/17/work'], stdout: b''	(at ex_script.py:45) 
2019-03-02 02:03:12,432 [D] ┌:F:n:WD_3:wc.c:20	(at logger.py:129) 
2019-03-02 02:03:12,432 [D] |:F:n:WD_3:wc.c:14	(at logger.py:129) 
2019-03-02 02:03:12,432 [D] └:F:n:WD_3:wc.c:13	(at logger.py:129) 
2019-03-02 02:03:12,433 [D]  : : :pass:wc.c:19	(at logger.py:129) 
2019-03-02 02:03:12,433 [D]  : : :pass:wc.c:18	(at logger.py:129) 
2019-03-02 02:03:12,433 [D]  : : :pass:wc.c:17	(at logger.py:129) 
2019-03-02 02:03:12,433 [D]  : : :pass:wc.c:16	(at logger.py:129) 
2019-03-02 02:03:12,433 [D]  : : :pass:wc.c:15	(at logger.py:129) 
2019-03-02 02:03:12,433 [D] -:F:n:WD_1:wc.c:14	(at logger.py:129) 
2019-03-02 02:03:12,433 [D] ┌:F:n:WD_2:wc.c:14	(at logger.py:129) 
2019-03-02 02:03:12,433 [D] └:F:n:WD_2:wc.c:13	(at logger.py:129) 
2019-03-02 02:03:12,433 [D] ┌:F:n:WD_3:wc.c:14	(at logger.py:129) 
2019-03-02 02:03:12,433 [D] |:F:n:WD_3:wc.c:13	(at logger.py:129) 
2019-03-02 02:03:12,433 [D] └:F:n:WD_3:wc.c:9	(at logger.py:129) 
2019-03-02 02:03:12,433 [D] -:C:c:WD_1:wc.c:13	(at logger.py:129) 
2019-03-02 02:03:12,433 [D] ┌:F:n:WD_2:wc.c:13	(at logger.py:129) 
2019-03-02 02:03:12,434 [D] └:F:n:WD_2:wc.c:9	(at logger.py:129) 
2019-03-02 02:03:12,434 [D] ┌:F:n:WD_3:wc.c:13	(at logger.py:129) 
2019-03-02 02:03:12,434 [D] |:F:n:WD_3:wc.c:9	(at logger.py:129) 
2019-03-02 02:03:12,434 [D] └:F:n:WD_3:wc.c:4	(at logger.py:129) 
2019-03-02 02:03:12,434 [D]  : : :pass:wc.c:12	(at logger.py:129) 
2019-03-02 02:03:12,434 [D]  : : :pass:wc.c:11	(at logger.py:129) 
2019-03-02 02:03:12,434 [D]  : : :pass:wc.c:10	(at logger.py:129) 
2019-03-02 02:03:12,434 [D] -:F:n:WD_1:wc.c:9	(at logger.py:129) 
2019-03-02 02:03:12,434 [D] ┌:F:n:WD_2:wc.c:9	(at logger.py:129) 
2019-03-02 02:03:12,434 [D] └:F:n:WD_2:wc.c:4	(at logger.py:129) 
2019-03-02 02:03:12,434 [D] ┌:F:n:WD_3:wc.c:9	(at logger.py:129) 
2019-03-02 02:03:12,434 [D] |:F:n:WD_3:wc.c:4	(at logger.py:129) 
2019-03-02 02:03:12,434 [D] └:F:n:WD_3:wc.c:3	(at logger.py:129) 
2019-03-02 02:03:12,434 [D]  : : :pass:wc.c:8	(at logger.py:129) 
2019-03-02 02:03:12,434 [D]  : : :pass:wc.c:7	(at logger.py:129) 
2019-03-02 02:03:12,434 [D]  : : :pass:wc.c:6	(at logger.py:129) 
2019-03-02 02:03:12,434 [D]  : : :pass:wc.c:5	(at logger.py:129) 
2019-03-02 02:03:12,435 [D] -:F:n:WD_1:wc.c:4	(at logger.py:129) 
2019-03-02 02:03:12,435 [D] ┌:F:n:WD_2:wc.c:4	(at logger.py:129) 
2019-03-02 02:03:12,435 [D] └:F:n:WD_2:wc.c:3	(at logger.py:129) 
2019-03-02 02:03:12,435 [D] ┌:F:n:WD_3:wc.c:4	(at logger.py:129) 
2019-03-02 02:03:12,435 [D] |:F:n:WD_3:wc.c:3	(at logger.py:129) 
2019-03-02 02:03:12,435 [D] └:F:n:WD_3:wc.c:2	(at logger.py:129) 
2019-03-02 02:03:12,435 [D] -:F:n:WD_1:wc.c:3	(at logger.py:129) 
2019-03-02 02:03:12,435 [D] ┌:F:n:WD_2:wc.c:3	(at logger.py:129) 
2019-03-02 02:03:12,435 [D] └:F:n:WD_2:wc.c:2	(at logger.py:129) 
2019-03-02 02:03:12,435 [D] ┌:F:n:WD_3:wc.c:3	(at logger.py:129) 
2019-03-02 02:03:12,435 [D] └:F:n:WD_3:wc.c:2	(at logger.py:129) 
2019-03-02 02:03:12,435 [D] -:F:n:WD_1:wc.c:2	(at logger.py:129) 
2019-03-02 02:03:12,435 [D] -:F:n:WD_2:wc.c:2	(at logger.py:129) 
2019-03-02 02:03:12,435 [D] -:F:n:WD_3:wc.c:2	(at logger.py:129) 
2019-03-02 02:03:12,436 [D]  : : :pass:wc.c:1	(at logger.py:129) 
2019-03-02 02:03:12,436 [D] comp_cached_cnt:19	(at logger.py:134) 
2019-03-02 02:03:12,436 [D] compile_cnt:26	(at logger.py:134) 
2019-03-02 02:03:12,436 [D] execute_cnt:0	(at logger.py:134) 
2019-03-02 02:03:12,436 [D] fail_del_cnt:4	(at logger.py:134) 
2019-03-02 02:03:12,436 [D] iter_idx:3	(at logger.py:134) 
2019-03-02 02:03:12,436 [D] reuse_cnt:4	(at logger.py:134) 
2019-03-02 02:03:12,436 [D] succ_del_cnt:0	(at logger.py:134) 
2019-03-02 02:03:12,436 [D] time:0.3968679904937744	(at logger.py:134) 
2019-03-02 02:03:12,436 [D] deletion:33	(at logger.py:136) 
2019-03-02 02:03:12,436 [I] Iteration 3 finished	(at orbs.py:87) 
2019-03-02 02:03:12,436 [D] total_lines:48	(at logger.py:74) 
2019-03-02 02:03:12,436 [D] iteration_cnt:3	(at logger.py:75) 
2019-03-02 02:03:12,436 [D] comp_cached_cnt:24	(at logger.py:79) 
2019-03-02 02:03:12,436 [D] compile_cnt:162	(at logger.py:79) 
2019-03-02 02:03:12,436 [D] execute_cnt:22	(at logger.py:79) 
2019-03-02 02:03:12,436 [D] fail_del_cnt:18	(at logger.py:79) 
2019-03-02 02:03:12,437 [D] reuse_cnt:21	(at logger.py:79) 
2019-03-02 02:03:12,437 [D] succ_del_cnt:25	(at logger.py:79) 
2019-03-02 02:03:12,437 [D] time:3.494809865951538	(at logger.py:80) 
2019-03-02 02:03:12,437 [D] deletion:33	(at logger.py:82) 
2019-03-02 02:03:12,437 [I] ORBS fin.	(at orbs.py:91) 
2019-03-02 02:03:12,437 [I] ===== END - RUN ==============================================	(at main.py:95) 
2019-03-02 02:03:12,437 [I] 	(at main.py:96) 
