2019-03-02 02:05:24,607 [I] 	(at main.py:29) 
2019-03-02 02:05:24,607 [I] ===== START - RUN ==============================================	(at main.py:32) 
2019-03-02 02:05:24,607 [D] Title: RUN, Job key: RUN_2019-03-02_02:05:24	(at main.py:40) 
2019-03-02 02:05:24,607 [I] Load config file.	(at main.py:56) 
2019-03-02 02:05:24,607 [D] Loading config from ['/home/bohrok/Documents/DM/output/orbs/mug/8/config/config.ini']	(at config.py:16) 
2019-03-02 02:05:24,607 [D] Load config successfully!	(at config.py:19) 
2019-03-02 02:05:24,607 [D] Initialize directory: .	(at workspace.py:10) 
2019-03-02 02:05:24,607 [I] Initialize workspace.	(at main.py:64) 
2019-03-02 02:05:24,608 [I] Working directory path: /home/bohrok/Documents/DM/output/orbs/mug/8/work	(at workspace.py:41) 
2019-03-02 02:05:24,610 [D] Record the config on workspace.	(at workspace.py:62) 
2019-03-02 02:05:24,610 [I] No PRE stage.	(at main.py:73) 
2019-03-02 02:05:24,610 [I] Construct SliceSpace.	(at main.py:76) 
2019-03-02 02:05:24,610 [I] Compile the system.	(at slicespace.py:148) 
2019-03-02 02:05:24,646 [I] Execute the system.	(at slicespace.py:160) 
2019-03-02 02:05:24,655 [I] Compile the system again (sanity check).	(at slicespace.py:174) 
2019-03-02 02:05:24,689 [I] Execute the system again (sanity check).	(at slicespace.py:188) 
2019-03-02 02:05:24,699 [I] Construct deletion operators.	(at main.py:80) 
2019-03-02 02:05:24,699 [I] Run ORBS stage.	(at main.py:85) 
2019-03-02 02:05:24,700 [I] ORBS starts...	(at orbs.py:53) 
2019-03-02 02:05:24,716 [D] subprocess cmd: ['source compile.sh /home/bohrok/Documents/DM/output/orbs/mug/8/work'], stdout: b''	(at ex_script.py:45) 
2019-03-02 02:05:24,717 [D] -:F:n:WD_1:mug.c:63	(at logger.py:129) 
2019-03-02 02:05:24,733 [D] subprocess cmd: ['source compile.sh /home/bohrok/Documents/DM/output/orbs/mug/8/work'], stdout: b''	(at ex_script.py:45) 
2019-03-02 02:05:24,733 [D] ┌:F:n:WD_2:mug.c:63	(at logger.py:129) 
2019-03-02 02:05:24,733 [D] └:F:n:WD_2:mug.c:62	(at logger.py:129) 
2019-03-02 02:05:24,751 [D] subprocess cmd: ['source compile.sh /home/bohrok/Documents/DM/output/orbs/mug/8/work'], stdout: b''	(at ex_script.py:45) 
2019-03-02 02:05:24,752 [D] ┌:F:n:WD_3:mug.c:63	(at logger.py:129) 
2019-03-02 02:05:24,752 [D] |:F:n:WD_3:mug.c:62	(at logger.py:129) 
2019-03-02 02:05:24,752 [D] └:F:n:WD_3:mug.c:61	(at logger.py:129) 
2019-03-02 02:05:24,798 [D] -:P:n:WD_1:mug.c:62	(at logger.py:129) 
2019-03-02 02:05:24,814 [D] subprocess cmd: ['source compile.sh /home/bohrok/Documents/DM/output/orbs/mug/8/work'], stdout: b''	(at ex_script.py:45) 
2019-03-02 02:05:24,814 [D] -:F:n:WD_1:mug.c:61	(at logger.py:129) 
2019-03-02 02:05:24,830 [D] subprocess cmd: ['source compile.sh /home/bohrok/Documents/DM/output/orbs/mug/8/work'], stdout: b''	(at ex_script.py:45) 
2019-03-02 02:05:24,830 [D] ┌:F:n:WD_2:mug.c:61	(at logger.py:129) 
2019-03-02 02:05:24,831 [D] └:F:n:WD_2:mug.c:60	(at logger.py:129) 
2019-03-02 02:05:24,868 [D] subprocess cmd: ['source compile.sh /home/bohrok/Documents/DM/output/orbs/mug/8/work'], stdout: b''	(at ex_script.py:45) 
2019-03-02 02:05:24,868 [D] ┌:F:n:WD_3:mug.c:61	(at logger.py:129) 
2019-03-02 02:05:24,869 [D] |:F:n:WD_3:mug.c:60	(at logger.py:129) 
2019-03-02 02:05:24,869 [D] └:F:n:WD_3:mug.c:59	(at logger.py:129) 
2019-03-02 02:05:24,888 [D] subprocess cmd: ['source compile.sh /home/bohrok/Documents/DM/output/orbs/mug/8/work'], stdout: b''	(at ex_script.py:45) 
2019-03-02 02:05:24,888 [D] -:F:n:WD_1:mug.c:60	(at logger.py:129) 
2019-03-02 02:05:24,904 [D] subprocess cmd: ['source compile.sh /home/bohrok/Documents/DM/output/orbs/mug/8/work'], stdout: b''	(at ex_script.py:45) 
2019-03-02 02:05:24,904 [D] ┌:F:n:WD_2:mug.c:60	(at logger.py:129) 
2019-03-02 02:05:24,905 [D] └:F:n:WD_2:mug.c:59	(at logger.py:129) 
2019-03-02 02:05:24,920 [D] subprocess cmd: ['source compile.sh /home/bohrok/Documents/DM/output/orbs/mug/8/work'], stdout: b''	(at ex_script.py:45) 
2019-03-02 02:05:24,920 [D] ┌:F:n:WD_3:mug.c:60	(at logger.py:129) 
2019-03-02 02:05:24,920 [D] |:F:n:WD_3:mug.c:59	(at logger.py:129) 
2019-03-02 02:05:24,920 [D] └:F:n:WD_3:mug.c:58	(at logger.py:129) 
2019-03-02 02:05:24,935 [D] subprocess cmd: ['source compile.sh /home/bohrok/Documents/DM/output/orbs/mug/8/work'], stdout: b''	(at ex_script.py:45) 
2019-03-02 02:05:24,936 [D] -:F:n:WD_1:mug.c:59	(at logger.py:129) 
2019-03-02 02:05:24,951 [D] subprocess cmd: ['source compile.sh /home/bohrok/Documents/DM/output/orbs/mug/8/work'], stdout: b''	(at ex_script.py:45) 
2019-03-02 02:05:24,952 [D] ┌:F:n:WD_2:mug.c:59	(at logger.py:129) 
2019-03-02 02:05:24,952 [D] └:F:n:WD_2:mug.c:58	(at logger.py:129) 
2019-03-02 02:05:24,968 [D] subprocess cmd: ['source compile.sh /home/bohrok/Documents/DM/output/orbs/mug/8/work'], stdout: b''	(at ex_script.py:45) 
2019-03-02 02:05:24,969 [D] ┌:F:n:WD_3:mug.c:59	(at logger.py:129) 
2019-03-02 02:05:24,969 [D] |:F:n:WD_3:mug.c:58	(at logger.py:129) 
2019-03-02 02:05:24,969 [D] └:F:n:WD_3:mug.c:57	(at logger.py:129) 
2019-03-02 02:05:25,017 [D] -:P:n:WD_1:mug.c:58	(at logger.py:129) 
2019-03-02 02:05:25,034 [D] subprocess cmd: ['source compile.sh /home/bohrok/Documents/DM/output/orbs/mug/8/work'], stdout: b''	(at ex_script.py:45) 
2019-03-02 02:05:25,034 [D] -:F:n:WD_1:mug.c:57	(at logger.py:129) 
2019-03-02 02:05:25,054 [D] subprocess cmd: ['source compile.sh /home/bohrok/Documents/DM/output/orbs/mug/8/work'], stdout: b''	(at ex_script.py:45) 
2019-03-02 02:05:25,054 [D] ┌:F:n:WD_2:mug.c:57	(at logger.py:129) 
2019-03-02 02:05:25,054 [D] └:F:n:WD_2:mug.c:56	(at logger.py:129) 
2019-03-02 02:05:25,092 [D] subprocess cmd: ['source compile.sh /home/bohrok/Documents/DM/output/orbs/mug/8/work'], stdout: b''	(at ex_script.py:45) 
2019-03-02 02:05:25,092 [D] ┌:F:n:WD_3:mug.c:57	(at logger.py:129) 
2019-03-02 02:05:25,092 [D] |:F:n:WD_3:mug.c:56	(at logger.py:129) 
2019-03-02 02:05:25,092 [D] └:F:n:WD_3:mug.c:55	(at logger.py:129) 
2019-03-02 02:05:25,107 [D] subprocess cmd: ['source compile.sh /home/bohrok/Documents/DM/output/orbs/mug/8/work'], stdout: b''	(at ex_script.py:45) 
2019-03-02 02:05:25,108 [D] -:F:n:WD_1:mug.c:56	(at logger.py:129) 
2019-03-02 02:05:25,123 [D] subprocess cmd: ['source compile.sh /home/bohrok/Documents/DM/output/orbs/mug/8/work'], stdout: b''	(at ex_script.py:45) 
2019-03-02 02:05:25,124 [D] ┌:F:n:WD_2:mug.c:56	(at logger.py:129) 
2019-03-02 02:05:25,124 [D] └:F:n:WD_2:mug.c:55	(at logger.py:129) 
2019-03-02 02:05:25,141 [D] subprocess cmd: ['source compile.sh /home/bohrok/Documents/DM/output/orbs/mug/8/work'], stdout: b''	(at ex_script.py:45) 
2019-03-02 02:05:25,141 [D] ┌:F:n:WD_3:mug.c:56	(at logger.py:129) 
2019-03-02 02:05:25,141 [D] |:F:n:WD_3:mug.c:55	(at logger.py:129) 
2019-03-02 02:05:25,141 [D] └:F:n:WD_3:mug.c:54	(at logger.py:129) 
2019-03-02 02:05:25,156 [D] subprocess cmd: ['source compile.sh /home/bohrok/Documents/DM/output/orbs/mug/8/work'], stdout: b''	(at ex_script.py:45) 
2019-03-02 02:05:25,156 [D] -:F:n:WD_1:mug.c:55	(at logger.py:129) 
2019-03-02 02:05:25,172 [D] subprocess cmd: ['source compile.sh /home/bohrok/Documents/DM/output/orbs/mug/8/work'], stdout: b''	(at ex_script.py:45) 
2019-03-02 02:05:25,173 [D] ┌:F:n:WD_2:mug.c:55	(at logger.py:129) 
2019-03-02 02:05:25,173 [D] └:F:n:WD_2:mug.c:54	(at logger.py:129) 
2019-03-02 02:05:25,188 [D] subprocess cmd: ['source compile.sh /home/bohrok/Documents/DM/output/orbs/mug/8/work'], stdout: b''	(at ex_script.py:45) 
2019-03-02 02:05:25,188 [D] ┌:F:n:WD_3:mug.c:55	(at logger.py:129) 
2019-03-02 02:05:25,188 [D] |:F:n:WD_3:mug.c:54	(at logger.py:129) 
2019-03-02 02:05:25,188 [D] └:F:n:WD_3:mug.c:53	(at logger.py:129) 
2019-03-02 02:05:25,431 [D] subprocess cmd: ['source execute.sh /home/bohrok/Documents/DM/output/orbs/mug/8/work'], stdout: b'execute.sh: line 9: 27521 Killed                  timeout --signal=KILL 0.1 ./mug.exe 4 -4 0 > ./outputs/output0\nexecute.sh: line 15: 27523 Killed                  timeout --signal=KILL 0.1 ./mug.exe 4 4 0 > ./outputs/output1\n'	(at ex_script.py:45) 
2019-03-02 02:05:25,432 [D] -:C:n:WD_1:mug.c:54	(at logger.py:129) 
2019-03-02 02:05:25,481 [D] subprocess cmd: ['source compile.sh /home/bohrok/Documents/DM/output/orbs/mug/8/work'], stdout: b''	(at ex_script.py:45) 
2019-03-02 02:05:25,482 [D] ┌:F:n:WD_2:mug.c:54	(at logger.py:129) 
2019-03-02 02:05:25,482 [D] └:F:n:WD_2:mug.c:53	(at logger.py:129) 
2019-03-02 02:05:25,516 [D] subprocess cmd: ['source compile.sh /home/bohrok/Documents/DM/output/orbs/mug/8/work'], stdout: b''	(at ex_script.py:45) 
2019-03-02 02:05:25,517 [D] ┌:F:n:WD_3:mug.c:54	(at logger.py:129) 
2019-03-02 02:05:25,517 [D] |:F:n:WD_3:mug.c:53	(at logger.py:129) 
2019-03-02 02:05:25,517 [D] └:F:n:WD_3:mug.c:52	(at logger.py:129) 
2019-03-02 02:05:25,534 [D] subprocess cmd: ['source compile.sh /home/bohrok/Documents/DM/output/orbs/mug/8/work'], stdout: b''	(at ex_script.py:45) 
2019-03-02 02:05:25,534 [D] -:F:n:WD_1:mug.c:53	(at logger.py:129) 
2019-03-02 02:05:25,551 [D] subprocess cmd: ['source compile.sh /home/bohrok/Documents/DM/output/orbs/mug/8/work'], stdout: b''	(at ex_script.py:45) 
2019-03-02 02:05:25,551 [D] ┌:F:n:WD_2:mug.c:53	(at logger.py:129) 
2019-03-02 02:05:25,551 [D] └:F:n:WD_2:mug.c:52	(at logger.py:129) 
2019-03-02 02:05:25,590 [D] subprocess cmd: ['source compile.sh /home/bohrok/Documents/DM/output/orbs/mug/8/work'], stdout: b''	(at ex_script.py:45) 
2019-03-02 02:05:25,591 [D] ┌:F:n:WD_3:mug.c:53	(at logger.py:129) 
2019-03-02 02:05:25,591 [D] |:F:n:WD_3:mug.c:52	(at logger.py:129) 
2019-03-02 02:05:25,591 [D] └:F:n:WD_3:mug.c:51	(at logger.py:129) 
2019-03-02 02:05:25,606 [D] subprocess cmd: ['source compile.sh /home/bohrok/Documents/DM/output/orbs/mug/8/work'], stdout: b''	(at ex_script.py:45) 
2019-03-02 02:05:25,606 [D] -:F:n:WD_1:mug.c:52	(at logger.py:129) 
2019-03-02 02:05:25,621 [D] subprocess cmd: ['source compile.sh /home/bohrok/Documents/DM/output/orbs/mug/8/work'], stdout: b''	(at ex_script.py:45) 
2019-03-02 02:05:25,622 [D] ┌:F:n:WD_2:mug.c:52	(at logger.py:129) 
2019-03-02 02:05:25,622 [D] └:F:n:WD_2:mug.c:51	(at logger.py:129) 
2019-03-02 02:05:25,639 [D] subprocess cmd: ['source compile.sh /home/bohrok/Documents/DM/output/orbs/mug/8/work'], stdout: b''	(at ex_script.py:45) 
2019-03-02 02:05:25,639 [D] ┌:F:n:WD_3:mug.c:52	(at logger.py:129) 
2019-03-02 02:05:25,639 [D] |:F:n:WD_3:mug.c:51	(at logger.py:129) 
2019-03-02 02:05:25,639 [D] └:F:n:WD_3:mug.c:50	(at logger.py:129) 
2019-03-02 02:05:25,655 [D] subprocess cmd: ['source compile.sh /home/bohrok/Documents/DM/output/orbs/mug/8/work'], stdout: b''	(at ex_script.py:45) 
2019-03-02 02:05:25,655 [D] -:F:n:WD_1:mug.c:51	(at logger.py:129) 
2019-03-02 02:05:25,674 [D] subprocess cmd: ['source compile.sh /home/bohrok/Documents/DM/output/orbs/mug/8/work'], stdout: b''	(at ex_script.py:45) 
2019-03-02 02:05:25,675 [D] ┌:F:n:WD_2:mug.c:51	(at logger.py:129) 
2019-03-02 02:05:25,675 [D] └:F:n:WD_2:mug.c:50	(at logger.py:129) 
2019-03-02 02:05:25,692 [D] subprocess cmd: ['source compile.sh /home/bohrok/Documents/DM/output/orbs/mug/8/work'], stdout: b''	(at ex_script.py:45) 
2019-03-02 02:05:25,692 [D] ┌:F:n:WD_3:mug.c:51	(at logger.py:129) 
2019-03-02 02:05:25,692 [D] |:F:n:WD_3:mug.c:50	(at logger.py:129) 
2019-03-02 02:05:25,692 [D] └:F:n:WD_3:mug.c:49	(at logger.py:129) 
2019-03-02 02:05:25,708 [D] subprocess cmd: ['source compile.sh /home/bohrok/Documents/DM/output/orbs/mug/8/work'], stdout: b''	(at ex_script.py:45) 
2019-03-02 02:05:25,708 [D] -:F:n:WD_1:mug.c:50	(at logger.py:129) 
2019-03-02 02:05:25,723 [D] subprocess cmd: ['source compile.sh /home/bohrok/Documents/DM/output/orbs/mug/8/work'], stdout: b''	(at ex_script.py:45) 
2019-03-02 02:05:25,723 [D] ┌:F:n:WD_2:mug.c:50	(at logger.py:129) 
2019-03-02 02:05:25,723 [D] └:F:n:WD_2:mug.c:49	(at logger.py:129) 
2019-03-02 02:05:25,739 [D] subprocess cmd: ['source compile.sh /home/bohrok/Documents/DM/output/orbs/mug/8/work'], stdout: b''	(at ex_script.py:45) 
2019-03-02 02:05:25,740 [D] ┌:F:n:WD_3:mug.c:50	(at logger.py:129) 
2019-03-02 02:05:25,740 [D] |:F:n:WD_3:mug.c:49	(at logger.py:129) 
2019-03-02 02:05:25,740 [D] └:F:n:WD_3:mug.c:48	(at logger.py:129) 
2019-03-02 02:05:25,790 [D] -:P:n:WD_1:mug.c:49	(at logger.py:129) 
2019-03-02 02:05:25,806 [D] subprocess cmd: ['source compile.sh /home/bohrok/Documents/DM/output/orbs/mug/8/work'], stdout: b''	(at ex_script.py:45) 
2019-03-02 02:05:25,807 [D] -:F:n:WD_1:mug.c:48	(at logger.py:129) 
2019-03-02 02:05:25,823 [D] subprocess cmd: ['source compile.sh /home/bohrok/Documents/DM/output/orbs/mug/8/work'], stdout: b''	(at ex_script.py:45) 
2019-03-02 02:05:25,823 [D] ┌:F:n:WD_2:mug.c:48	(at logger.py:129) 
2019-03-02 02:05:25,823 [D] └:F:n:WD_2:mug.c:47	(at logger.py:129) 
2019-03-02 02:05:25,861 [D] ┌:P:c:WD_3:mug.c:48	(at logger.py:129) 
2019-03-02 02:05:25,862 [D] |:P:c:WD_3:mug.c:47	(at logger.py:129) 
2019-03-02 02:05:25,862 [D] └:P:c:WD_3:mug.c:46	(at logger.py:129) 
2019-03-02 02:05:25,862 [D]  : : :pass:mug.c:47	(at logger.py:129) 
2019-03-02 02:05:25,862 [D]  : : :pass:mug.c:46	(at logger.py:129) 
2019-03-02 02:05:25,914 [D] -:P:n:WD_1:mug.c:45	(at logger.py:129) 
2019-03-02 02:05:25,929 [D] subprocess cmd: ['source compile.sh /home/bohrok/Documents/DM/output/orbs/mug/8/work'], stdout: b''	(at ex_script.py:45) 
2019-03-02 02:05:25,930 [D] -:F:n:WD_1:mug.c:44	(at logger.py:129) 
2019-03-02 02:05:25,946 [D] subprocess cmd: ['source compile.sh /home/bohrok/Documents/DM/output/orbs/mug/8/work'], stdout: b''	(at ex_script.py:45) 
2019-03-02 02:05:25,946 [D] ┌:F:n:WD_2:mug.c:44	(at logger.py:129) 
2019-03-02 02:05:25,946 [D] └:F:n:WD_2:mug.c:43	(at logger.py:129) 
2019-03-02 02:05:25,961 [D] subprocess cmd: ['source compile.sh /home/bohrok/Documents/DM/output/orbs/mug/8/work'], stdout: b''	(at ex_script.py:45) 
2019-03-02 02:05:25,961 [D] ┌:F:n:WD_3:mug.c:44	(at logger.py:129) 
2019-03-02 02:05:25,961 [D] |:F:n:WD_3:mug.c:43	(at logger.py:129) 
2019-03-02 02:05:25,962 [D] └:F:n:WD_3:mug.c:42	(at logger.py:129) 
2019-03-02 02:05:25,999 [D] -:P:c:WD_1:mug.c:43	(at logger.py:129) 
2019-03-02 02:05:26,016 [D] subprocess cmd: ['source compile.sh /home/bohrok/Documents/DM/output/orbs/mug/8/work'], stdout: b''	(at ex_script.py:45) 
2019-03-02 02:05:26,016 [D] -:F:n:WD_1:mug.c:42	(at logger.py:129) 
2019-03-02 02:05:26,033 [D] subprocess cmd: ['source compile.sh /home/bohrok/Documents/DM/output/orbs/mug/8/work'], stdout: b''	(at ex_script.py:45) 
2019-03-02 02:05:26,033 [D] ┌:F:n:WD_2:mug.c:42	(at logger.py:129) 
2019-03-02 02:05:26,033 [D] └:F:n:WD_2:mug.c:41	(at logger.py:129) 
2019-03-02 02:05:26,072 [D] subprocess cmd: ['source compile.sh /home/bohrok/Documents/DM/output/orbs/mug/8/work'], stdout: b''	(at ex_script.py:45) 
2019-03-02 02:05:26,073 [D] ┌:F:n:WD_3:mug.c:42	(at logger.py:129) 
2019-03-02 02:05:26,073 [D] |:F:n:WD_3:mug.c:41	(at logger.py:129) 
2019-03-02 02:05:26,073 [D] └:F:n:WD_3:mug.c:40	(at logger.py:129) 
2019-03-02 02:05:26,089 [D] subprocess cmd: ['source compile.sh /home/bohrok/Documents/DM/output/orbs/mug/8/work'], stdout: b''	(at ex_script.py:45) 
2019-03-02 02:05:26,090 [D] -:F:n:WD_1:mug.c:41	(at logger.py:129) 
2019-03-02 02:05:26,107 [D] subprocess cmd: ['source compile.sh /home/bohrok/Documents/DM/output/orbs/mug/8/work'], stdout: b''	(at ex_script.py:45) 
2019-03-02 02:05:26,107 [D] ┌:F:n:WD_2:mug.c:41	(at logger.py:129) 
2019-03-02 02:05:26,107 [D] └:F:n:WD_2:mug.c:40	(at logger.py:129) 
2019-03-02 02:05:26,122 [D] subprocess cmd: ['source compile.sh /home/bohrok/Documents/DM/output/orbs/mug/8/work'], stdout: b''	(at ex_script.py:45) 
2019-03-02 02:05:26,123 [D] ┌:F:n:WD_3:mug.c:41	(at logger.py:129) 
2019-03-02 02:05:26,123 [D] |:F:n:WD_3:mug.c:40	(at logger.py:129) 
2019-03-02 02:05:26,123 [D] └:F:n:WD_3:mug.c:39	(at logger.py:129) 
2019-03-02 02:05:26,140 [D] subprocess cmd: ['source compile.sh /home/bohrok/Documents/DM/output/orbs/mug/8/work'], stdout: b''	(at ex_script.py:45) 
2019-03-02 02:05:26,140 [D] -:F:n:WD_1:mug.c:40	(at logger.py:129) 
2019-03-02 02:05:26,155 [D] subprocess cmd: ['source compile.sh /home/bohrok/Documents/DM/output/orbs/mug/8/work'], stdout: b''	(at ex_script.py:45) 
2019-03-02 02:05:26,155 [D] ┌:F:n:WD_2:mug.c:40	(at logger.py:129) 
2019-03-02 02:05:26,155 [D] └:F:n:WD_2:mug.c:39	(at logger.py:129) 
2019-03-02 02:05:26,172 [D] subprocess cmd: ['source compile.sh /home/bohrok/Documents/DM/output/orbs/mug/8/work'], stdout: b''	(at ex_script.py:45) 
2019-03-02 02:05:26,173 [D] ┌:F:n:WD_3:mug.c:40	(at logger.py:129) 
2019-03-02 02:05:26,173 [D] |:F:n:WD_3:mug.c:39	(at logger.py:129) 
2019-03-02 02:05:26,173 [D] └:F:n:WD_3:mug.c:38	(at logger.py:129) 
2019-03-02 02:05:26,191 [D] subprocess cmd: ['source compile.sh /home/bohrok/Documents/DM/output/orbs/mug/8/work'], stdout: b''	(at ex_script.py:45) 
2019-03-02 02:05:26,191 [D] -:F:n:WD_1:mug.c:39	(at logger.py:129) 
2019-03-02 02:05:26,207 [D] subprocess cmd: ['source compile.sh /home/bohrok/Documents/DM/output/orbs/mug/8/work'], stdout: b''	(at ex_script.py:45) 
2019-03-02 02:05:26,207 [D] ┌:F:n:WD_2:mug.c:39	(at logger.py:129) 
2019-03-02 02:05:26,207 [D] └:F:n:WD_2:mug.c:38	(at logger.py:129) 
2019-03-02 02:05:26,223 [D] subprocess cmd: ['source compile.sh /home/bohrok/Documents/DM/output/orbs/mug/8/work'], stdout: b''	(at ex_script.py:45) 
2019-03-02 02:05:26,224 [D] ┌:F:n:WD_3:mug.c:39	(at logger.py:129) 
2019-03-02 02:05:26,224 [D] |:F:n:WD_3:mug.c:38	(at logger.py:129) 
2019-03-02 02:05:26,224 [D] └:F:n:WD_3:mug.c:37	(at logger.py:129) 
2019-03-02 02:05:26,268 [D] -:C:n:WD_1:mug.c:38	(at logger.py:129) 
2019-03-02 02:05:26,284 [D] subprocess cmd: ['source compile.sh /home/bohrok/Documents/DM/output/orbs/mug/8/work'], stdout: b''	(at ex_script.py:45) 
2019-03-02 02:05:26,285 [D] ┌:F:n:WD_2:mug.c:38	(at logger.py:129) 
2019-03-02 02:05:26,285 [D] └:F:n:WD_2:mug.c:37	(at logger.py:129) 
2019-03-02 02:05:26,301 [D] subprocess cmd: ['source compile.sh /home/bohrok/Documents/DM/output/orbs/mug/8/work'], stdout: b''	(at ex_script.py:45) 
2019-03-02 02:05:26,301 [D] ┌:F:n:WD_3:mug.c:38	(at logger.py:129) 
2019-03-02 02:05:26,301 [D] |:F:n:WD_3:mug.c:37	(at logger.py:129) 
2019-03-02 02:05:26,301 [D] └:F:n:WD_3:mug.c:36	(at logger.py:129) 
2019-03-02 02:05:26,319 [D] subprocess cmd: ['source compile.sh /home/bohrok/Documents/DM/output/orbs/mug/8/work'], stdout: b''	(at ex_script.py:45) 
2019-03-02 02:05:26,319 [D] -:F:n:WD_1:mug.c:37	(at logger.py:129) 
2019-03-02 02:05:26,335 [D] subprocess cmd: ['source compile.sh /home/bohrok/Documents/DM/output/orbs/mug/8/work'], stdout: b''	(at ex_script.py:45) 
2019-03-02 02:05:26,335 [D] ┌:F:n:WD_2:mug.c:37	(at logger.py:129) 
2019-03-02 02:05:26,335 [D] └:F:n:WD_2:mug.c:36	(at logger.py:129) 
2019-03-02 02:05:26,374 [D] ┌:C:c:WD_3:mug.c:37	(at logger.py:129) 
2019-03-02 02:05:26,374 [D] |:C:c:WD_3:mug.c:36	(at logger.py:129) 
2019-03-02 02:05:26,374 [D] └:C:c:WD_3:mug.c:35	(at logger.py:129) 
2019-03-02 02:05:26,409 [D] -:P:c:WD_1:mug.c:36	(at logger.py:129) 
2019-03-02 02:05:26,424 [D] subprocess cmd: ['source compile.sh /home/bohrok/Documents/DM/output/orbs/mug/8/work'], stdout: b''	(at ex_script.py:45) 
2019-03-02 02:05:26,424 [D] -:F:n:WD_1:mug.c:35	(at logger.py:129) 
2019-03-02 02:05:26,441 [D] subprocess cmd: ['source compile.sh /home/bohrok/Documents/DM/output/orbs/mug/8/work'], stdout: b''	(at ex_script.py:45) 
2019-03-02 02:05:26,441 [D] ┌:F:n:WD_2:mug.c:35	(at logger.py:129) 
2019-03-02 02:05:26,441 [D] └:F:n:WD_2:mug.c:34	(at logger.py:129) 
2019-03-02 02:05:26,491 [D] ┌:C:n:WD_3:mug.c:35	(at logger.py:129) 
2019-03-02 02:05:26,491 [D] |:C:n:WD_3:mug.c:34	(at logger.py:129) 
2019-03-02 02:05:26,491 [D] └:C:n:WD_3:mug.c:33	(at logger.py:129) 
2019-03-02 02:05:26,536 [D] subprocess cmd: ['source execute.sh /home/bohrok/Documents/DM/output/orbs/mug/8/work'], stdout: b''	(at ex_script.py:45) 
2019-03-02 02:05:26,536 [D] -:C:n:WD_1:mug.c:34	(at logger.py:129) 
2019-03-02 02:05:26,553 [D] subprocess cmd: ['source compile.sh /home/bohrok/Documents/DM/output/orbs/mug/8/work'], stdout: b''	(at ex_script.py:45) 
2019-03-02 02:05:26,553 [D] ┌:F:n:WD_2:mug.c:34	(at logger.py:129) 
2019-03-02 02:05:26,553 [D] └:F:n:WD_2:mug.c:33	(at logger.py:129) 
2019-03-02 02:05:26,572 [D] subprocess cmd: ['source compile.sh /home/bohrok/Documents/DM/output/orbs/mug/8/work'], stdout: b''	(at ex_script.py:45) 
2019-03-02 02:05:26,572 [D] ┌:F:n:WD_3:mug.c:34	(at logger.py:129) 
2019-03-02 02:05:26,572 [D] |:F:n:WD_3:mug.c:33	(at logger.py:129) 
2019-03-02 02:05:26,572 [D] └:F:n:WD_3:mug.c:32	(at logger.py:129) 
2019-03-02 02:05:26,587 [D] subprocess cmd: ['source compile.sh /home/bohrok/Documents/DM/output/orbs/mug/8/work'], stdout: b''	(at ex_script.py:45) 
2019-03-02 02:05:26,588 [D] -:F:n:WD_1:mug.c:33	(at logger.py:129) 
2019-03-02 02:05:26,602 [D] subprocess cmd: ['source compile.sh /home/bohrok/Documents/DM/output/orbs/mug/8/work'], stdout: b''	(at ex_script.py:45) 
2019-03-02 02:05:26,602 [D] ┌:F:n:WD_2:mug.c:33	(at logger.py:129) 
2019-03-02 02:05:26,603 [D] └:F:n:WD_2:mug.c:32	(at logger.py:129) 
2019-03-02 02:05:26,620 [D] subprocess cmd: ['source compile.sh /home/bohrok/Documents/DM/output/orbs/mug/8/work'], stdout: b''	(at ex_script.py:45) 
2019-03-02 02:05:26,620 [D] ┌:F:n:WD_3:mug.c:33	(at logger.py:129) 
2019-03-02 02:05:26,620 [D] |:F:n:WD_3:mug.c:32	(at logger.py:129) 
2019-03-02 02:05:26,620 [D] └:F:n:WD_3:mug.c:31	(at logger.py:129) 
2019-03-02 02:05:26,970 [D] subprocess cmd: ['source execute.sh /home/bohrok/Documents/DM/output/orbs/mug/8/work'], stdout: b'execute.sh: line 9: 27828 Killed                  timeout --signal=KILL 0.1 ./mug.exe 4 -4 0 > ./outputs/output0\nexecute.sh: line 15: 27830 Killed                  timeout --signal=KILL 0.1 ./mug.exe 4 4 0 > ./outputs/output1\nexecute.sh: line 21: 27832 Killed                  timeout --signal=KILL 0.1 ./mug.exe -4 4 0 > ./outputs/output2\n'	(at ex_script.py:45) 
2019-03-02 02:05:26,970 [D] -:C:n:WD_1:mug.c:32	(at logger.py:129) 
2019-03-02 02:05:27,042 [D] subprocess cmd: ['source compile.sh /home/bohrok/Documents/DM/output/orbs/mug/8/work'], stdout: b''	(at ex_script.py:45) 
2019-03-02 02:05:27,042 [D] ┌:F:n:WD_2:mug.c:32	(at logger.py:129) 
2019-03-02 02:05:27,043 [D] └:F:n:WD_2:mug.c:31	(at logger.py:129) 
2019-03-02 02:05:27,068 [D] subprocess cmd: ['source compile.sh /home/bohrok/Documents/DM/output/orbs/mug/8/work'], stdout: b''	(at ex_script.py:45) 
2019-03-02 02:05:27,068 [D] ┌:F:n:WD_3:mug.c:32	(at logger.py:129) 
2019-03-02 02:05:27,068 [D] |:F:n:WD_3:mug.c:31	(at logger.py:129) 
2019-03-02 02:05:27,068 [D] └:F:n:WD_3:mug.c:30	(at logger.py:129) 
2019-03-02 02:05:27,086 [D] subprocess cmd: ['source compile.sh /home/bohrok/Documents/DM/output/orbs/mug/8/work'], stdout: b''	(at ex_script.py:45) 
2019-03-02 02:05:27,086 [D] -:F:n:WD_1:mug.c:31	(at logger.py:129) 
2019-03-02 02:05:27,102 [D] subprocess cmd: ['source compile.sh /home/bohrok/Documents/DM/output/orbs/mug/8/work'], stdout: b''	(at ex_script.py:45) 
2019-03-02 02:05:27,102 [D] ┌:F:n:WD_2:mug.c:31	(at logger.py:129) 
2019-03-02 02:05:27,102 [D] └:F:n:WD_2:mug.c:30	(at logger.py:129) 
2019-03-02 02:05:27,140 [D] subprocess cmd: ['source compile.sh /home/bohrok/Documents/DM/output/orbs/mug/8/work'], stdout: b''	(at ex_script.py:45) 
2019-03-02 02:05:27,141 [D] ┌:F:n:WD_3:mug.c:31	(at logger.py:129) 
2019-03-02 02:05:27,141 [D] |:F:n:WD_3:mug.c:30	(at logger.py:129) 
2019-03-02 02:05:27,141 [D] └:F:n:WD_3:mug.c:29	(at logger.py:129) 
2019-03-02 02:05:27,156 [D] subprocess cmd: ['source compile.sh /home/bohrok/Documents/DM/output/orbs/mug/8/work'], stdout: b''	(at ex_script.py:45) 
2019-03-02 02:05:27,156 [D] -:F:n:WD_1:mug.c:30	(at logger.py:129) 
2019-03-02 02:05:27,171 [D] subprocess cmd: ['source compile.sh /home/bohrok/Documents/DM/output/orbs/mug/8/work'], stdout: b''	(at ex_script.py:45) 
2019-03-02 02:05:27,171 [D] ┌:F:n:WD_2:mug.c:30	(at logger.py:129) 
2019-03-02 02:05:27,171 [D] └:F:n:WD_2:mug.c:29	(at logger.py:129) 
2019-03-02 02:05:27,188 [D] subprocess cmd: ['source compile.sh /home/bohrok/Documents/DM/output/orbs/mug/8/work'], stdout: b''	(at ex_script.py:45) 
2019-03-02 02:05:27,188 [D] ┌:F:n:WD_3:mug.c:30	(at logger.py:129) 
2019-03-02 02:05:27,188 [D] |:F:n:WD_3:mug.c:29	(at logger.py:129) 
2019-03-02 02:05:27,188 [D] └:F:n:WD_3:mug.c:28	(at logger.py:129) 
2019-03-02 02:05:27,206 [D] subprocess cmd: ['source compile.sh /home/bohrok/Documents/DM/output/orbs/mug/8/work'], stdout: b''	(at ex_script.py:45) 
2019-03-02 02:05:27,206 [D] -:F:n:WD_1:mug.c:29	(at logger.py:129) 
2019-03-02 02:05:27,221 [D] subprocess cmd: ['source compile.sh /home/bohrok/Documents/DM/output/orbs/mug/8/work'], stdout: b''	(at ex_script.py:45) 
2019-03-02 02:05:27,222 [D] ┌:F:n:WD_2:mug.c:29	(at logger.py:129) 
2019-03-02 02:05:27,222 [D] └:F:n:WD_2:mug.c:28	(at logger.py:129) 
2019-03-02 02:05:27,237 [D] subprocess cmd: ['source compile.sh /home/bohrok/Documents/DM/output/orbs/mug/8/work'], stdout: b''	(at ex_script.py:45) 
2019-03-02 02:05:27,238 [D] ┌:F:n:WD_3:mug.c:29	(at logger.py:129) 
2019-03-02 02:05:27,238 [D] |:F:n:WD_3:mug.c:28	(at logger.py:129) 
2019-03-02 02:05:27,238 [D] └:F:n:WD_3:mug.c:27	(at logger.py:129) 
2019-03-02 02:05:27,291 [D] -:P:n:WD_1:mug.c:28	(at logger.py:129) 
2019-03-02 02:05:27,307 [D] subprocess cmd: ['source compile.sh /home/bohrok/Documents/DM/output/orbs/mug/8/work'], stdout: b''	(at ex_script.py:45) 
2019-03-02 02:05:27,307 [D] -:F:n:WD_1:mug.c:27	(at logger.py:129) 
2019-03-02 02:05:27,325 [D] subprocess cmd: ['source compile.sh /home/bohrok/Documents/DM/output/orbs/mug/8/work'], stdout: b''	(at ex_script.py:45) 
2019-03-02 02:05:27,325 [D] ┌:F:n:WD_2:mug.c:27	(at logger.py:129) 
2019-03-02 02:05:27,325 [D] └:F:n:WD_2:mug.c:26	(at logger.py:129) 
2019-03-02 02:05:27,342 [D] subprocess cmd: ['source compile.sh /home/bohrok/Documents/DM/output/orbs/mug/8/work'], stdout: b''	(at ex_script.py:45) 
2019-03-02 02:05:27,342 [D] ┌:F:n:WD_3:mug.c:27	(at logger.py:129) 
2019-03-02 02:05:27,342 [D] |:F:n:WD_3:mug.c:26	(at logger.py:129) 
2019-03-02 02:05:27,342 [D] └:F:n:WD_3:mug.c:25	(at logger.py:129) 
2019-03-02 02:05:27,587 [D] subprocess cmd: ['source execute.sh /home/bohrok/Documents/DM/output/orbs/mug/8/work'], stdout: b'execute.sh: line 9: 27924 Killed                  timeout --signal=KILL 0.1 ./mug.exe 4 -4 0 > ./outputs/output0\nexecute.sh: line 15: 27926 Killed                  timeout --signal=KILL 0.1 ./mug.exe 4 4 0 > ./outputs/output1\n'	(at ex_script.py:45) 
2019-03-02 02:05:27,587 [D] -:C:n:WD_1:mug.c:26	(at logger.py:129) 
2019-03-02 02:05:27,868 [D] subprocess cmd: ['source execute.sh /home/bohrok/Documents/DM/output/orbs/mug/8/work'], stdout: b'execute.sh: line 9: 27940 Killed                  timeout --signal=KILL 0.1 ./mug.exe 4 -4 0 > ./outputs/output0\nexecute.sh: line 15: 27942 Killed                  timeout --signal=KILL 0.1 ./mug.exe 4 4 0 > ./outputs/output1\n'	(at ex_script.py:45) 
2019-03-02 02:05:27,868 [D] ┌:C:n:WD_2:mug.c:26	(at logger.py:129) 
2019-03-02 02:05:27,868 [D] └:C:n:WD_2:mug.c:25	(at logger.py:129) 
2019-03-02 02:05:27,908 [D] ┌:C:c:WD_3:mug.c:26	(at logger.py:129) 
2019-03-02 02:05:27,909 [D] |:C:c:WD_3:mug.c:25	(at logger.py:129) 
2019-03-02 02:05:27,909 [D] └:C:c:WD_3:mug.c:24	(at logger.py:129) 
2019-03-02 02:05:27,952 [D] subprocess cmd: ['source execute.sh /home/bohrok/Documents/DM/output/orbs/mug/8/work'], stdout: b''	(at ex_script.py:45) 
2019-03-02 02:05:27,952 [D] -:C:n:WD_1:mug.c:25	(at logger.py:129) 
2019-03-02 02:05:27,990 [D] ┌:C:c:WD_2:mug.c:25	(at logger.py:129) 
2019-03-02 02:05:27,991 [D] └:C:c:WD_2:mug.c:24	(at logger.py:129) 
2019-03-02 02:05:28,006 [D] subprocess cmd: ['source compile.sh /home/bohrok/Documents/DM/output/orbs/mug/8/work'], stdout: b''	(at ex_script.py:45) 
2019-03-02 02:05:28,007 [D] ┌:F:n:WD_3:mug.c:25	(at logger.py:129) 
2019-03-02 02:05:28,007 [D] |:F:n:WD_3:mug.c:24	(at logger.py:129) 
2019-03-02 02:05:28,007 [D] └:F:n:WD_3:mug.c:23	(at logger.py:129) 
2019-03-02 02:05:28,044 [D] -:P:c:WD_1:mug.c:24	(at logger.py:129) 
2019-03-02 02:05:28,059 [D] subprocess cmd: ['source compile.sh /home/bohrok/Documents/DM/output/orbs/mug/8/work'], stdout: b''	(at ex_script.py:45) 
2019-03-02 02:05:28,060 [D] -:F:n:WD_1:mug.c:23	(at logger.py:129) 
2019-03-02 02:05:28,077 [D] subprocess cmd: ['source compile.sh /home/bohrok/Documents/DM/output/orbs/mug/8/work'], stdout: b''	(at ex_script.py:45) 
2019-03-02 02:05:28,077 [D] ┌:F:n:WD_2:mug.c:23	(at logger.py:129) 
2019-03-02 02:05:28,077 [D] └:F:n:WD_2:mug.c:22	(at logger.py:129) 
2019-03-02 02:05:28,092 [D] subprocess cmd: ['source compile.sh /home/bohrok/Documents/DM/output/orbs/mug/8/work'], stdout: b''	(at ex_script.py:45) 
2019-03-02 02:05:28,093 [D] ┌:F:n:WD_3:mug.c:23	(at logger.py:129) 
2019-03-02 02:05:28,093 [D] |:F:n:WD_3:mug.c:22	(at logger.py:129) 
2019-03-02 02:05:28,093 [D] └:F:n:WD_3:mug.c:21	(at logger.py:129) 
2019-03-02 02:05:28,137 [D] -:P:n:WD_1:mug.c:22	(at logger.py:129) 
2019-03-02 02:05:28,184 [D] -:P:n:WD_1:mug.c:21	(at logger.py:129) 
2019-03-02 02:05:28,200 [D] subprocess cmd: ['source compile.sh /home/bohrok/Documents/DM/output/orbs/mug/8/work'], stdout: b''	(at ex_script.py:45) 
2019-03-02 02:05:28,200 [D] -:F:n:WD_1:mug.c:20	(at logger.py:129) 
2019-03-02 02:05:28,215 [D] subprocess cmd: ['source compile.sh /home/bohrok/Documents/DM/output/orbs/mug/8/work'], stdout: b''	(at ex_script.py:45) 
2019-03-02 02:05:28,216 [D] ┌:F:n:WD_2:mug.c:20	(at logger.py:129) 
2019-03-02 02:05:28,216 [D] └:F:n:WD_2:mug.c:19	(at logger.py:129) 
2019-03-02 02:05:28,231 [D] subprocess cmd: ['source compile.sh /home/bohrok/Documents/DM/output/orbs/mug/8/work'], stdout: b''	(at ex_script.py:45) 
2019-03-02 02:05:28,231 [D] ┌:F:n:WD_3:mug.c:20	(at logger.py:129) 
2019-03-02 02:05:28,231 [D] |:F:n:WD_3:mug.c:19	(at logger.py:129) 
2019-03-02 02:05:28,231 [D] └:F:n:WD_3:mug.c:18	(at logger.py:129) 
2019-03-02 02:05:28,282 [D] -:P:n:WD_1:mug.c:19	(at logger.py:129) 
2019-03-02 02:05:28,297 [D] subprocess cmd: ['source compile.sh /home/bohrok/Documents/DM/output/orbs/mug/8/work'], stdout: b''	(at ex_script.py:45) 
2019-03-02 02:05:28,297 [D] -:F:n:WD_1:mug.c:18	(at logger.py:129) 
2019-03-02 02:05:28,314 [D] subprocess cmd: ['source compile.sh /home/bohrok/Documents/DM/output/orbs/mug/8/work'], stdout: b''	(at ex_script.py:45) 
2019-03-02 02:05:28,314 [D] ┌:F:n:WD_2:mug.c:18	(at logger.py:129) 
2019-03-02 02:05:28,314 [D] └:F:n:WD_2:mug.c:17	(at logger.py:129) 
2019-03-02 02:05:28,331 [D] subprocess cmd: ['source compile.sh /home/bohrok/Documents/DM/output/orbs/mug/8/work'], stdout: b''	(at ex_script.py:45) 
2019-03-02 02:05:28,331 [D] ┌:F:n:WD_3:mug.c:18	(at logger.py:129) 
2019-03-02 02:05:28,331 [D] |:F:n:WD_3:mug.c:17	(at logger.py:129) 
2019-03-02 02:05:28,331 [D] └:F:n:WD_3:mug.c:16	(at logger.py:129) 
2019-03-02 02:05:28,381 [D] -:C:n:WD_1:mug.c:17	(at logger.py:129) 
2019-03-02 02:05:28,425 [D] ┌:C:n:WD_2:mug.c:17	(at logger.py:129) 
2019-03-02 02:05:28,425 [D] └:C:n:WD_2:mug.c:16	(at logger.py:129) 
2019-03-02 02:05:28,469 [D] ┌:C:n:WD_3:mug.c:17	(at logger.py:129) 
2019-03-02 02:05:28,469 [D] |:C:n:WD_3:mug.c:16	(at logger.py:129) 
2019-03-02 02:05:28,469 [D] └:C:n:WD_3:mug.c:15	(at logger.py:129) 
2019-03-02 02:05:28,517 [D] -:P:n:WD_1:mug.c:16	(at logger.py:129) 
2019-03-02 02:05:28,563 [D] -:P:n:WD_1:mug.c:15	(at logger.py:129) 
2019-03-02 02:05:28,608 [D] subprocess cmd: ['source execute.sh /home/bohrok/Documents/DM/output/orbs/mug/8/work'], stdout: b''	(at ex_script.py:45) 
2019-03-02 02:05:28,608 [D] -:C:n:WD_1:mug.c:14	(at logger.py:129) 
2019-03-02 02:05:28,645 [D] ┌:C:c:WD_2:mug.c:14	(at logger.py:129) 
2019-03-02 02:05:28,645 [D] └:C:c:WD_2:mug.c:13	(at logger.py:129) 
2019-03-02 02:05:28,681 [D] ┌:C:c:WD_3:mug.c:14	(at logger.py:129) 
2019-03-02 02:05:28,681 [D] |:C:c:WD_3:mug.c:13	(at logger.py:129) 
2019-03-02 02:05:28,682 [D] └:C:c:WD_3:mug.c:12	(at logger.py:129) 
2019-03-02 02:05:28,716 [D] -:P:c:WD_1:mug.c:13	(at logger.py:129) 
2019-03-02 02:05:28,751 [D] -:P:c:WD_1:mug.c:12	(at logger.py:129) 
2019-03-02 02:05:28,765 [D] subprocess cmd: ['source compile.sh /home/bohrok/Documents/DM/output/orbs/mug/8/work'], stdout: b''	(at ex_script.py:45) 
2019-03-02 02:05:28,766 [D] -:F:n:WD_1:mug.c:11	(at logger.py:129) 
2019-03-02 02:05:28,780 [D] subprocess cmd: ['source compile.sh /home/bohrok/Documents/DM/output/orbs/mug/8/work'], stdout: b''	(at ex_script.py:45) 
2019-03-02 02:05:28,780 [D] ┌:F:n:WD_2:mug.c:11	(at logger.py:129) 
2019-03-02 02:05:28,780 [D] └:F:n:WD_2:mug.c:10	(at logger.py:129) 
2019-03-02 02:05:28,795 [D] subprocess cmd: ['source compile.sh /home/bohrok/Documents/DM/output/orbs/mug/8/work'], stdout: b''	(at ex_script.py:45) 
2019-03-02 02:05:28,795 [D] ┌:F:n:WD_3:mug.c:11	(at logger.py:129) 
2019-03-02 02:05:28,795 [D] |:F:n:WD_3:mug.c:10	(at logger.py:129) 
2019-03-02 02:05:28,795 [D] └:F:n:WD_3:mug.c:9	(at logger.py:129) 
2019-03-02 02:05:28,809 [D] subprocess cmd: ['source compile.sh /home/bohrok/Documents/DM/output/orbs/mug/8/work'], stdout: b''	(at ex_script.py:45) 
2019-03-02 02:05:28,809 [D] -:F:n:WD_1:mug.c:10	(at logger.py:129) 
2019-03-02 02:05:28,826 [D] subprocess cmd: ['source compile.sh /home/bohrok/Documents/DM/output/orbs/mug/8/work'], stdout: b''	(at ex_script.py:45) 
2019-03-02 02:05:28,826 [D] ┌:F:n:WD_2:mug.c:10	(at logger.py:129) 
2019-03-02 02:05:28,826 [D] └:F:n:WD_2:mug.c:9	(at logger.py:129) 
2019-03-02 02:05:28,844 [D] subprocess cmd: ['source compile.sh /home/bohrok/Documents/DM/output/orbs/mug/8/work'], stdout: b''	(at ex_script.py:45) 
2019-03-02 02:05:28,844 [D] ┌:F:n:WD_3:mug.c:10	(at logger.py:129) 
2019-03-02 02:05:28,844 [D] |:F:n:WD_3:mug.c:9	(at logger.py:129) 
2019-03-02 02:05:28,844 [D] └:F:n:WD_3:mug.c:8	(at logger.py:129) 
2019-03-02 02:05:28,860 [D] subprocess cmd: ['source compile.sh /home/bohrok/Documents/DM/output/orbs/mug/8/work'], stdout: b''	(at ex_script.py:45) 
2019-03-02 02:05:28,861 [D] -:F:n:WD_1:mug.c:9	(at logger.py:129) 
2019-03-02 02:05:28,881 [D] subprocess cmd: ['source compile.sh /home/bohrok/Documents/DM/output/orbs/mug/8/work'], stdout: b''	(at ex_script.py:45) 
2019-03-02 02:05:28,881 [D] ┌:F:n:WD_2:mug.c:9	(at logger.py:129) 
2019-03-02 02:05:28,881 [D] └:F:n:WD_2:mug.c:8	(at logger.py:129) 
2019-03-02 02:05:28,897 [D] subprocess cmd: ['source compile.sh /home/bohrok/Documents/DM/output/orbs/mug/8/work'], stdout: b''	(at ex_script.py:45) 
2019-03-02 02:05:28,897 [D] ┌:F:n:WD_3:mug.c:9	(at logger.py:129) 
2019-03-02 02:05:28,897 [D] |:F:n:WD_3:mug.c:8	(at logger.py:129) 
2019-03-02 02:05:28,897 [D] └:F:n:WD_3:mug.c:7	(at logger.py:129) 
2019-03-02 02:05:28,935 [D] -:P:c:WD_1:mug.c:8	(at logger.py:129) 
2019-03-02 02:05:28,972 [D] -:P:c:WD_1:mug.c:7	(at logger.py:129) 
2019-03-02 02:05:29,022 [D] -:P:n:WD_1:mug.c:6	(at logger.py:129) 
2019-03-02 02:05:29,061 [D] -:P:c:WD_1:mug.c:5	(at logger.py:129) 
2019-03-02 02:05:29,082 [D] subprocess cmd: ['source compile.sh /home/bohrok/Documents/DM/output/orbs/mug/8/work'], stdout: b''	(at ex_script.py:45) 
2019-03-02 02:05:29,082 [D] -:F:n:WD_1:mug.c:4	(at logger.py:129) 
2019-03-02 02:05:29,100 [D] subprocess cmd: ['source compile.sh /home/bohrok/Documents/DM/output/orbs/mug/8/work'], stdout: b''	(at ex_script.py:45) 
2019-03-02 02:05:29,100 [D] ┌:F:n:WD_2:mug.c:4	(at logger.py:129) 
2019-03-02 02:05:29,100 [D] └:F:n:WD_2:mug.c:3	(at logger.py:129) 
2019-03-02 02:05:29,113 [D] subprocess cmd: ['source compile.sh /home/bohrok/Documents/DM/output/orbs/mug/8/work'], stdout: b''	(at ex_script.py:45) 
2019-03-02 02:05:29,113 [D] ┌:F:n:WD_3:mug.c:4	(at logger.py:129) 
2019-03-02 02:05:29,113 [D] |:F:n:WD_3:mug.c:3	(at logger.py:129) 
2019-03-02 02:05:29,113 [D] └:F:n:WD_3:mug.c:2	(at logger.py:129) 
2019-03-02 02:05:29,128 [D] subprocess cmd: ['source compile.sh /home/bohrok/Documents/DM/output/orbs/mug/8/work'], stdout: b''	(at ex_script.py:45) 
2019-03-02 02:05:29,128 [D] -:F:n:WD_1:mug.c:3	(at logger.py:129) 
2019-03-02 02:05:29,141 [D] subprocess cmd: ['source compile.sh /home/bohrok/Documents/DM/output/orbs/mug/8/work'], stdout: b''	(at ex_script.py:45) 
2019-03-02 02:05:29,142 [D] ┌:F:n:WD_2:mug.c:3	(at logger.py:129) 
2019-03-02 02:05:29,142 [D] └:F:n:WD_2:mug.c:2	(at logger.py:129) 
2019-03-02 02:05:29,152 [D] subprocess cmd: ['source compile.sh /home/bohrok/Documents/DM/output/orbs/mug/8/work'], stdout: b''	(at ex_script.py:45) 
2019-03-02 02:05:29,153 [D] ┌:F:n:WD_3:mug.c:3	(at logger.py:129) 
2019-03-02 02:05:29,153 [D] |:F:n:WD_3:mug.c:2	(at logger.py:129) 
2019-03-02 02:05:29,153 [D] └:F:n:WD_3:mug.c:1	(at logger.py:129) 
2019-03-02 02:05:29,200 [D] -:P:n:WD_1:mug.c:2	(at logger.py:129) 
2019-03-02 02:05:29,232 [D] -:P:c:WD_1:mug.c:1	(at logger.py:129) 
2019-03-02 02:05:29,232 [D] comp_cached_cnt:0	(at logger.py:134) 
2019-03-02 02:05:29,232 [D] compile_cnt:141	(at logger.py:134) 
2019-03-02 02:05:29,232 [D] execute_cnt:24	(at logger.py:134) 
2019-03-02 02:05:29,233 [D] fail_del_cnt:17	(at logger.py:134) 
2019-03-02 02:05:29,233 [D] iter_idx:1	(at logger.py:134) 
2019-03-02 02:05:29,233 [D] reuse_cnt:15	(at logger.py:134) 
2019-03-02 02:05:29,233 [D] succ_del_cnt:22	(at logger.py:134) 
2019-03-02 02:05:29,233 [D] time:4.532534122467041	(at logger.py:134) 
2019-03-02 02:05:29,233 [D] deletion:24	(at logger.py:136) 
2019-03-02 02:05:29,233 [I] Iteration 1 finished	(at orbs.py:87) 
2019-03-02 02:05:29,246 [D] subprocess cmd: ['source compile.sh /home/bohrok/Documents/DM/output/orbs/mug/8/work'], stdout: b''	(at ex_script.py:45) 
2019-03-02 02:05:29,246 [D] -:F:n:WD_1:mug.c:63	(at logger.py:129) 
2019-03-02 02:05:29,257 [D] subprocess cmd: ['source compile.sh /home/bohrok/Documents/DM/output/orbs/mug/8/work'], stdout: b''	(at ex_script.py:45) 
2019-03-02 02:05:29,258 [D] ┌:F:n:WD_2:mug.c:63	(at logger.py:129) 
2019-03-02 02:05:29,258 [D] └:F:n:WD_2:mug.c:61	(at logger.py:129) 
2019-03-02 02:05:29,301 [D] ┌:P:n:WD_3:mug.c:63	(at logger.py:129) 
2019-03-02 02:05:29,301 [D] |:P:n:WD_3:mug.c:61	(at logger.py:129) 
2019-03-02 02:05:29,301 [D] └:P:n:WD_3:mug.c:60	(at logger.py:129) 
2019-03-02 02:05:29,301 [D]  : : :pass:mug.c:62	(at logger.py:129) 
2019-03-02 02:05:29,301 [D]  : : :pass:mug.c:61	(at logger.py:129) 
2019-03-02 02:05:29,301 [D]  : : :pass:mug.c:60	(at logger.py:129) 
2019-03-02 02:05:29,313 [D] subprocess cmd: ['source compile.sh /home/bohrok/Documents/DM/output/orbs/mug/8/work'], stdout: b''	(at ex_script.py:45) 
2019-03-02 02:05:29,313 [D] -:F:n:WD_1:mug.c:59	(at logger.py:129) 
2019-03-02 02:05:29,323 [D] subprocess cmd: ['source compile.sh /home/bohrok/Documents/DM/output/orbs/mug/8/work'], stdout: b''	(at ex_script.py:45) 
2019-03-02 02:05:29,324 [D] ┌:F:n:WD_2:mug.c:59	(at logger.py:129) 
2019-03-02 02:05:29,324 [D] └:F:n:WD_2:mug.c:57	(at logger.py:129) 
2019-03-02 02:05:29,367 [D] ┌:P:n:WD_3:mug.c:59	(at logger.py:129) 
2019-03-02 02:05:29,367 [D] |:P:n:WD_3:mug.c:57	(at logger.py:129) 
2019-03-02 02:05:29,367 [D] └:P:n:WD_3:mug.c:56	(at logger.py:129) 
2019-03-02 02:05:29,368 [D]  : : :pass:mug.c:58	(at logger.py:129) 
2019-03-02 02:05:29,368 [D]  : : :pass:mug.c:57	(at logger.py:129) 
2019-03-02 02:05:29,368 [D]  : : :pass:mug.c:56	(at logger.py:129) 
2019-03-02 02:05:29,378 [D] subprocess cmd: ['source compile.sh /home/bohrok/Documents/DM/output/orbs/mug/8/work'], stdout: b''	(at ex_script.py:45) 
2019-03-02 02:05:29,378 [D] -:F:n:WD_1:mug.c:55	(at logger.py:129) 
2019-03-02 02:05:29,387 [D] subprocess cmd: ['source compile.sh /home/bohrok/Documents/DM/output/orbs/mug/8/work'], stdout: b''	(at ex_script.py:45) 
2019-03-02 02:05:29,388 [D] ┌:F:n:WD_2:mug.c:55	(at logger.py:129) 
2019-03-02 02:05:29,388 [D] └:F:n:WD_2:mug.c:54	(at logger.py:129) 
2019-03-02 02:05:29,401 [D] subprocess cmd: ['source compile.sh /home/bohrok/Documents/DM/output/orbs/mug/8/work'], stdout: b''	(at ex_script.py:45) 
2019-03-02 02:05:29,402 [D] ┌:F:n:WD_3:mug.c:55	(at logger.py:129) 
2019-03-02 02:05:29,402 [D] |:F:n:WD_3:mug.c:54	(at logger.py:129) 
2019-03-02 02:05:29,402 [D] └:F:n:WD_3:mug.c:53	(at logger.py:129) 
2019-03-02 02:05:29,440 [D] -:C:n:WD_1:mug.c:54	(at logger.py:129) 
2019-03-02 02:05:29,452 [D] subprocess cmd: ['source compile.sh /home/bohrok/Documents/DM/output/orbs/mug/8/work'], stdout: b''	(at ex_script.py:45) 
2019-03-02 02:05:29,452 [D] ┌:F:n:WD_2:mug.c:54	(at logger.py:129) 
2019-03-02 02:05:29,452 [D] └:F:n:WD_2:mug.c:53	(at logger.py:129) 
2019-03-02 02:05:29,463 [D] subprocess cmd: ['source compile.sh /home/bohrok/Documents/DM/output/orbs/mug/8/work'], stdout: b''	(at ex_script.py:45) 
2019-03-02 02:05:29,463 [D] ┌:F:n:WD_3:mug.c:54	(at logger.py:129) 
2019-03-02 02:05:29,463 [D] |:F:n:WD_3:mug.c:53	(at logger.py:129) 
2019-03-02 02:05:29,464 [D] └:F:n:WD_3:mug.c:52	(at logger.py:129) 
2019-03-02 02:05:29,475 [D] subprocess cmd: ['source compile.sh /home/bohrok/Documents/DM/output/orbs/mug/8/work'], stdout: b''	(at ex_script.py:45) 
2019-03-02 02:05:29,475 [D] -:F:n:WD_1:mug.c:53	(at logger.py:129) 
2019-03-02 02:05:29,486 [D] subprocess cmd: ['source compile.sh /home/bohrok/Documents/DM/output/orbs/mug/8/work'], stdout: b''	(at ex_script.py:45) 
2019-03-02 02:05:29,486 [D] ┌:F:n:WD_2:mug.c:53	(at logger.py:129) 
2019-03-02 02:05:29,486 [D] └:F:n:WD_2:mug.c:52	(at logger.py:129) 
2019-03-02 02:05:29,520 [D] subprocess cmd: ['source compile.sh /home/bohrok/Documents/DM/output/orbs/mug/8/work'], stdout: b''	(at ex_script.py:45) 
2019-03-02 02:05:29,520 [D] ┌:F:n:WD_3:mug.c:53	(at logger.py:129) 
2019-03-02 02:05:29,520 [D] |:F:n:WD_3:mug.c:52	(at logger.py:129) 
2019-03-02 02:05:29,520 [D] └:F:n:WD_3:mug.c:51	(at logger.py:129) 
2019-03-02 02:05:29,532 [D] subprocess cmd: ['source compile.sh /home/bohrok/Documents/DM/output/orbs/mug/8/work'], stdout: b''	(at ex_script.py:45) 
2019-03-02 02:05:29,533 [D] -:F:n:WD_1:mug.c:52	(at logger.py:129) 
2019-03-02 02:05:29,545 [D] subprocess cmd: ['source compile.sh /home/bohrok/Documents/DM/output/orbs/mug/8/work'], stdout: b''	(at ex_script.py:45) 
2019-03-02 02:05:29,545 [D] ┌:F:n:WD_2:mug.c:52	(at logger.py:129) 
2019-03-02 02:05:29,545 [D] └:F:n:WD_2:mug.c:51	(at logger.py:129) 
2019-03-02 02:05:29,556 [D] subprocess cmd: ['source compile.sh /home/bohrok/Documents/DM/output/orbs/mug/8/work'], stdout: b''	(at ex_script.py:45) 
2019-03-02 02:05:29,556 [D] ┌:F:n:WD_3:mug.c:52	(at logger.py:129) 
2019-03-02 02:05:29,556 [D] |:F:n:WD_3:mug.c:51	(at logger.py:129) 
2019-03-02 02:05:29,556 [D] └:F:n:WD_3:mug.c:50	(at logger.py:129) 
2019-03-02 02:05:29,569 [D] subprocess cmd: ['source compile.sh /home/bohrok/Documents/DM/output/orbs/mug/8/work'], stdout: b''	(at ex_script.py:45) 
2019-03-02 02:05:29,569 [D] -:F:n:WD_1:mug.c:51	(at logger.py:129) 
2019-03-02 02:05:29,582 [D] subprocess cmd: ['source compile.sh /home/bohrok/Documents/DM/output/orbs/mug/8/work'], stdout: b''	(at ex_script.py:45) 
2019-03-02 02:05:29,582 [D] ┌:F:n:WD_2:mug.c:51	(at logger.py:129) 
2019-03-02 02:05:29,582 [D] └:F:n:WD_2:mug.c:50	(at logger.py:129) 
2019-03-02 02:05:29,594 [D] subprocess cmd: ['source compile.sh /home/bohrok/Documents/DM/output/orbs/mug/8/work'], stdout: b''	(at ex_script.py:45) 
2019-03-02 02:05:29,594 [D] ┌:F:n:WD_3:mug.c:51	(at logger.py:129) 
2019-03-02 02:05:29,594 [D] |:F:n:WD_3:mug.c:50	(at logger.py:129) 
2019-03-02 02:05:29,594 [D] └:F:n:WD_3:mug.c:44	(at logger.py:129) 
2019-03-02 02:05:29,604 [D] subprocess cmd: ['source compile.sh /home/bohrok/Documents/DM/output/orbs/mug/8/work'], stdout: b''	(at ex_script.py:45) 
2019-03-02 02:05:29,605 [D] -:F:n:WD_1:mug.c:50	(at logger.py:129) 
2019-03-02 02:05:29,639 [D] ┌:P:c:WD_2:mug.c:50	(at logger.py:129) 
2019-03-02 02:05:29,639 [D] └:P:c:WD_2:mug.c:44	(at logger.py:129) 
2019-03-02 02:05:29,639 [D]  : : :pass:mug.c:49	(at logger.py:129) 
2019-03-02 02:05:29,639 [D]  : : :pass:mug.c:48	(at logger.py:129) 
2019-03-02 02:05:29,639 [D]  : : :pass:mug.c:47	(at logger.py:129) 
2019-03-02 02:05:29,639 [D]  : : :pass:mug.c:46	(at logger.py:129) 
2019-03-02 02:05:29,640 [D]  : : :pass:mug.c:45	(at logger.py:129) 
2019-03-02 02:05:29,640 [D]  : : :pass:mug.c:44	(at logger.py:129) 
2019-03-02 02:05:29,640 [D]  : : :pass:mug.c:43	(at logger.py:129) 
2019-03-02 02:05:29,652 [D] subprocess cmd: ['source compile.sh /home/bohrok/Documents/DM/output/orbs/mug/8/work'], stdout: b''	(at ex_script.py:45) 
2019-03-02 02:05:29,652 [D] -:F:n:WD_1:mug.c:42	(at logger.py:129) 
2019-03-02 02:05:29,666 [D] subprocess cmd: ['source compile.sh /home/bohrok/Documents/DM/output/orbs/mug/8/work'], stdout: b''	(at ex_script.py:45) 
2019-03-02 02:05:29,666 [D] ┌:F:n:WD_2:mug.c:42	(at logger.py:129) 
2019-03-02 02:05:29,667 [D] └:F:n:WD_2:mug.c:41	(at logger.py:129) 
2019-03-02 02:05:29,706 [D] ┌:P:n:WD_3:mug.c:42	(at logger.py:129) 
2019-03-02 02:05:29,707 [D] |:P:n:WD_3:mug.c:41	(at logger.py:129) 
2019-03-02 02:05:29,707 [D] └:P:n:WD_3:mug.c:40	(at logger.py:129) 
2019-03-02 02:05:29,707 [D]  : : :pass:mug.c:41	(at logger.py:129) 
2019-03-02 02:05:29,707 [D]  : : :pass:mug.c:40	(at logger.py:129) 
2019-03-02 02:05:29,718 [D] subprocess cmd: ['source compile.sh /home/bohrok/Documents/DM/output/orbs/mug/8/work'], stdout: b''	(at ex_script.py:45) 
2019-03-02 02:05:29,718 [D] -:F:n:WD_1:mug.c:39	(at logger.py:129) 
2019-03-02 02:05:29,730 [D] subprocess cmd: ['source compile.sh /home/bohrok/Documents/DM/output/orbs/mug/8/work'], stdout: b''	(at ex_script.py:45) 
2019-03-02 02:05:29,731 [D] ┌:F:n:WD_2:mug.c:39	(at logger.py:129) 
2019-03-02 02:05:29,731 [D] └:F:n:WD_2:mug.c:38	(at logger.py:129) 
2019-03-02 02:05:29,772 [D] ┌:C:n:WD_3:mug.c:39	(at logger.py:129) 
2019-03-02 02:05:29,772 [D] |:C:n:WD_3:mug.c:38	(at logger.py:129) 
2019-03-02 02:05:29,772 [D] └:C:n:WD_3:mug.c:37	(at logger.py:129) 
2019-03-02 02:05:29,807 [D] -:C:c:WD_1:mug.c:38	(at logger.py:129) 
2019-03-02 02:05:29,819 [D] subprocess cmd: ['source compile.sh /home/bohrok/Documents/DM/output/orbs/mug/8/work'], stdout: b''	(at ex_script.py:45) 
2019-03-02 02:05:29,819 [D] ┌:F:n:WD_2:mug.c:38	(at logger.py:129) 
2019-03-02 02:05:29,819 [D] └:F:n:WD_2:mug.c:37	(at logger.py:129) 
2019-03-02 02:05:29,819 [D] ┌:C:c:WD_3:mug.c:38	(at logger.py:129) 
2019-03-02 02:05:29,819 [D] |:C:c:WD_3:mug.c:37	(at logger.py:129) 
2019-03-02 02:05:29,819 [D] └:C:c:WD_3:mug.c:35	(at logger.py:129) 
2019-03-02 02:05:29,831 [D] subprocess cmd: ['source compile.sh /home/bohrok/Documents/DM/output/orbs/mug/8/work'], stdout: b''	(at ex_script.py:45) 
2019-03-02 02:05:29,831 [D] -:F:n:WD_1:mug.c:37	(at logger.py:129) 
2019-03-02 02:05:29,863 [D] ┌:C:c:WD_2:mug.c:37	(at logger.py:129) 
2019-03-02 02:05:29,864 [D] └:C:c:WD_2:mug.c:35	(at logger.py:129) 
2019-03-02 02:05:29,905 [D] ┌:C:n:WD_3:mug.c:37	(at logger.py:129) 
2019-03-02 02:05:29,905 [D] |:C:n:WD_3:mug.c:35	(at logger.py:129) 
2019-03-02 02:05:29,906 [D] └:C:n:WD_3:mug.c:34	(at logger.py:129) 
2019-03-02 02:05:29,906 [D]  : : :pass:mug.c:36	(at logger.py:129) 
2019-03-02 02:05:29,918 [D] subprocess cmd: ['source compile.sh /home/bohrok/Documents/DM/output/orbs/mug/8/work'], stdout: b''	(at ex_script.py:45) 
2019-03-02 02:05:29,919 [D] -:F:n:WD_1:mug.c:35	(at logger.py:129) 
2019-03-02 02:05:29,931 [D] subprocess cmd: ['source compile.sh /home/bohrok/Documents/DM/output/orbs/mug/8/work'], stdout: b''	(at ex_script.py:45) 
2019-03-02 02:05:29,931 [D] ┌:F:n:WD_2:mug.c:35	(at logger.py:129) 
2019-03-02 02:05:29,931 [D] └:F:n:WD_2:mug.c:34	(at logger.py:129) 
2019-03-02 02:05:29,931 [D] ┌:C:c:WD_3:mug.c:35	(at logger.py:129) 
2019-03-02 02:05:29,931 [D] |:C:c:WD_3:mug.c:34	(at logger.py:129) 
2019-03-02 02:05:29,931 [D] └:C:c:WD_3:mug.c:33	(at logger.py:129) 
2019-03-02 02:05:29,975 [D] subprocess cmd: ['source execute.sh /home/bohrok/Documents/DM/output/orbs/mug/8/work'], stdout: b''	(at ex_script.py:45) 
2019-03-02 02:05:29,975 [D] -:C:n:WD_1:mug.c:34	(at logger.py:129) 
2019-03-02 02:05:29,986 [D] subprocess cmd: ['source compile.sh /home/bohrok/Documents/DM/output/orbs/mug/8/work'], stdout: b''	(at ex_script.py:45) 
2019-03-02 02:05:29,986 [D] ┌:F:n:WD_2:mug.c:34	(at logger.py:129) 
2019-03-02 02:05:29,986 [D] └:F:n:WD_2:mug.c:33	(at logger.py:129) 
2019-03-02 02:05:29,997 [D] subprocess cmd: ['source compile.sh /home/bohrok/Documents/DM/output/orbs/mug/8/work'], stdout: b''	(at ex_script.py:45) 
2019-03-02 02:05:29,997 [D] ┌:F:n:WD_3:mug.c:34	(at logger.py:129) 
2019-03-02 02:05:29,998 [D] |:F:n:WD_3:mug.c:33	(at logger.py:129) 
2019-03-02 02:05:29,998 [D] └:F:n:WD_3:mug.c:32	(at logger.py:129) 
2019-03-02 02:05:30,009 [D] subprocess cmd: ['source compile.sh /home/bohrok/Documents/DM/output/orbs/mug/8/work'], stdout: b''	(at ex_script.py:45) 
2019-03-02 02:05:30,009 [D] -:F:n:WD_1:mug.c:33	(at logger.py:129) 
2019-03-02 02:05:30,020 [D] subprocess cmd: ['source compile.sh /home/bohrok/Documents/DM/output/orbs/mug/8/work'], stdout: b''	(at ex_script.py:45) 
2019-03-02 02:05:30,021 [D] ┌:F:n:WD_2:mug.c:33	(at logger.py:129) 
2019-03-02 02:05:30,021 [D] └:F:n:WD_2:mug.c:32	(at logger.py:129) 
2019-03-02 02:05:30,034 [D] subprocess cmd: ['source compile.sh /home/bohrok/Documents/DM/output/orbs/mug/8/work'], stdout: b''	(at ex_script.py:45) 
2019-03-02 02:05:30,034 [D] ┌:F:n:WD_3:mug.c:33	(at logger.py:129) 
2019-03-02 02:05:30,034 [D] |:F:n:WD_3:mug.c:32	(at logger.py:129) 
2019-03-02 02:05:30,034 [D] └:F:n:WD_3:mug.c:31	(at logger.py:129) 
2019-03-02 02:05:30,380 [D] subprocess cmd: ['source execute.sh /home/bohrok/Documents/DM/output/orbs/mug/8/work'], stdout: b'execute.sh: line 9: 28623 Killed                  timeout --signal=KILL 0.1 ./mug.exe 4 -4 0 > ./outputs/output0\nexecute.sh: line 15: 28627 Killed                  timeout --signal=KILL 0.1 ./mug.exe 4 4 0 > ./outputs/output1\nexecute.sh: line 21: 28629 Killed                  timeout --signal=KILL 0.1 ./mug.exe -4 4 0 > ./outputs/output2\n'	(at ex_script.py:45) 
2019-03-02 02:05:30,381 [D] -:C:n:WD_1:mug.c:32	(at logger.py:129) 
2019-03-02 02:05:30,456 [D] subprocess cmd: ['source compile.sh /home/bohrok/Documents/DM/output/orbs/mug/8/work'], stdout: b''	(at ex_script.py:45) 
2019-03-02 02:05:30,456 [D] ┌:F:n:WD_2:mug.c:32	(at logger.py:129) 
2019-03-02 02:05:30,456 [D] └:F:n:WD_2:mug.c:31	(at logger.py:129) 
2019-03-02 02:05:30,474 [D] subprocess cmd: ['source compile.sh /home/bohrok/Documents/DM/output/orbs/mug/8/work'], stdout: b''	(at ex_script.py:45) 
2019-03-02 02:05:30,474 [D] ┌:F:n:WD_3:mug.c:32	(at logger.py:129) 
2019-03-02 02:05:30,474 [D] |:F:n:WD_3:mug.c:31	(at logger.py:129) 
2019-03-02 02:05:30,475 [D] └:F:n:WD_3:mug.c:30	(at logger.py:129) 
2019-03-02 02:05:30,492 [D] subprocess cmd: ['source compile.sh /home/bohrok/Documents/DM/output/orbs/mug/8/work'], stdout: b''	(at ex_script.py:45) 
2019-03-02 02:05:30,493 [D] -:F:n:WD_1:mug.c:31	(at logger.py:129) 
2019-03-02 02:05:30,507 [D] subprocess cmd: ['source compile.sh /home/bohrok/Documents/DM/output/orbs/mug/8/work'], stdout: b''	(at ex_script.py:45) 
2019-03-02 02:05:30,508 [D] ┌:F:n:WD_2:mug.c:31	(at logger.py:129) 
2019-03-02 02:05:30,508 [D] └:F:n:WD_2:mug.c:30	(at logger.py:129) 
2019-03-02 02:05:30,543 [D] subprocess cmd: ['source compile.sh /home/bohrok/Documents/DM/output/orbs/mug/8/work'], stdout: b''	(at ex_script.py:45) 
2019-03-02 02:05:30,543 [D] ┌:F:n:WD_3:mug.c:31	(at logger.py:129) 
2019-03-02 02:05:30,544 [D] |:F:n:WD_3:mug.c:30	(at logger.py:129) 
2019-03-02 02:05:30,544 [D] └:F:n:WD_3:mug.c:29	(at logger.py:129) 
2019-03-02 02:05:30,555 [D] subprocess cmd: ['source compile.sh /home/bohrok/Documents/DM/output/orbs/mug/8/work'], stdout: b''	(at ex_script.py:45) 
2019-03-02 02:05:30,555 [D] -:F:n:WD_1:mug.c:30	(at logger.py:129) 
2019-03-02 02:05:30,568 [D] subprocess cmd: ['source compile.sh /home/bohrok/Documents/DM/output/orbs/mug/8/work'], stdout: b''	(at ex_script.py:45) 
2019-03-02 02:05:30,568 [D] ┌:F:n:WD_2:mug.c:30	(at logger.py:129) 
2019-03-02 02:05:30,569 [D] └:F:n:WD_2:mug.c:29	(at logger.py:129) 
2019-03-02 02:05:30,580 [D] subprocess cmd: ['source compile.sh /home/bohrok/Documents/DM/output/orbs/mug/8/work'], stdout: b''	(at ex_script.py:45) 
2019-03-02 02:05:30,581 [D] ┌:F:n:WD_3:mug.c:30	(at logger.py:129) 
2019-03-02 02:05:30,581 [D] |:F:n:WD_3:mug.c:29	(at logger.py:129) 
2019-03-02 02:05:30,581 [D] └:F:n:WD_3:mug.c:27	(at logger.py:129) 
2019-03-02 02:05:30,593 [D] subprocess cmd: ['source compile.sh /home/bohrok/Documents/DM/output/orbs/mug/8/work'], stdout: b''	(at ex_script.py:45) 
2019-03-02 02:05:30,594 [D] -:F:n:WD_1:mug.c:29	(at logger.py:129) 
2019-03-02 02:05:30,606 [D] subprocess cmd: ['source compile.sh /home/bohrok/Documents/DM/output/orbs/mug/8/work'], stdout: b''	(at ex_script.py:45) 
2019-03-02 02:05:30,606 [D] ┌:F:n:WD_2:mug.c:29	(at logger.py:129) 
2019-03-02 02:05:30,606 [D] └:F:n:WD_2:mug.c:27	(at logger.py:129) 
2019-03-02 02:05:30,618 [D] subprocess cmd: ['source compile.sh /home/bohrok/Documents/DM/output/orbs/mug/8/work'], stdout: b''	(at ex_script.py:45) 
2019-03-02 02:05:30,619 [D] ┌:F:n:WD_3:mug.c:29	(at logger.py:129) 
2019-03-02 02:05:30,619 [D] |:F:n:WD_3:mug.c:27	(at logger.py:129) 
2019-03-02 02:05:30,619 [D] └:F:n:WD_3:mug.c:26	(at logger.py:129) 
2019-03-02 02:05:30,619 [D]  : : :pass:mug.c:28	(at logger.py:129) 
2019-03-02 02:05:30,631 [D] subprocess cmd: ['source compile.sh /home/bohrok/Documents/DM/output/orbs/mug/8/work'], stdout: b''	(at ex_script.py:45) 
2019-03-02 02:05:30,632 [D] -:F:n:WD_1:mug.c:27	(at logger.py:129) 
2019-03-02 02:05:30,644 [D] subprocess cmd: ['source compile.sh /home/bohrok/Documents/DM/output/orbs/mug/8/work'], stdout: b''	(at ex_script.py:45) 
2019-03-02 02:05:30,645 [D] ┌:F:n:WD_2:mug.c:27	(at logger.py:129) 
2019-03-02 02:05:30,645 [D] └:F:n:WD_2:mug.c:26	(at logger.py:129) 
2019-03-02 02:05:30,655 [D] subprocess cmd: ['source compile.sh /home/bohrok/Documents/DM/output/orbs/mug/8/work'], stdout: b''	(at ex_script.py:45) 
2019-03-02 02:05:30,655 [D] ┌:F:n:WD_3:mug.c:27	(at logger.py:129) 
2019-03-02 02:05:30,655 [D] |:F:n:WD_3:mug.c:26	(at logger.py:129) 
2019-03-02 02:05:30,655 [D] └:F:n:WD_3:mug.c:25	(at logger.py:129) 
2019-03-02 02:05:30,905 [D] subprocess cmd: ['source execute.sh /home/bohrok/Documents/DM/output/orbs/mug/8/work'], stdout: b'execute.sh: line 9: 28700 Killed                  timeout --signal=KILL 0.1 ./mug.exe 4 -4 0 > ./outputs/output0\nexecute.sh: line 15: 28702 Killed                  timeout --signal=KILL 0.1 ./mug.exe 4 4 0 > ./outputs/output1\n'	(at ex_script.py:45) 
2019-03-02 02:05:30,906 [D] -:C:n:WD_1:mug.c:26	(at logger.py:129) 
2019-03-02 02:05:31,179 [D] subprocess cmd: ['source execute.sh /home/bohrok/Documents/DM/output/orbs/mug/8/work'], stdout: b'execute.sh: line 9: 28716 Killed                  timeout --signal=KILL 0.1 ./mug.exe 4 -4 0 > ./outputs/output0\nexecute.sh: line 15: 28718 Killed                  timeout --signal=KILL 0.1 ./mug.exe 4 4 0 > ./outputs/output1\n'	(at ex_script.py:45) 
2019-03-02 02:05:31,179 [D] ┌:C:n:WD_2:mug.c:26	(at logger.py:129) 
2019-03-02 02:05:31,179 [D] └:C:n:WD_2:mug.c:25	(at logger.py:129) 
2019-03-02 02:05:31,188 [D] subprocess cmd: ['source compile.sh /home/bohrok/Documents/DM/output/orbs/mug/8/work'], stdout: b''	(at ex_script.py:45) 
2019-03-02 02:05:31,188 [D] ┌:F:n:WD_3:mug.c:26	(at logger.py:129) 
2019-03-02 02:05:31,188 [D] |:F:n:WD_3:mug.c:25	(at logger.py:129) 
2019-03-02 02:05:31,188 [D] └:F:n:WD_3:mug.c:23	(at logger.py:129) 
2019-03-02 02:05:31,230 [D] subprocess cmd: ['source execute.sh /home/bohrok/Documents/DM/output/orbs/mug/8/work'], stdout: b''	(at ex_script.py:45) 
2019-03-02 02:05:31,230 [D] -:C:n:WD_1:mug.c:25	(at logger.py:129) 
2019-03-02 02:05:31,239 [D] subprocess cmd: ['source compile.sh /home/bohrok/Documents/DM/output/orbs/mug/8/work'], stdout: b''	(at ex_script.py:45) 
2019-03-02 02:05:31,240 [D] ┌:F:n:WD_2:mug.c:25	(at logger.py:129) 
2019-03-02 02:05:31,240 [D] └:F:n:WD_2:mug.c:23	(at logger.py:129) 
2019-03-02 02:05:31,274 [D] ┌:C:c:WD_3:mug.c:25	(at logger.py:129) 
2019-03-02 02:05:31,274 [D] |:C:c:WD_3:mug.c:23	(at logger.py:129) 
2019-03-02 02:05:31,274 [D] └:C:c:WD_3:mug.c:20	(at logger.py:129) 
2019-03-02 02:05:31,274 [D]  : : :pass:mug.c:24	(at logger.py:129) 
2019-03-02 02:05:31,286 [D] subprocess cmd: ['source compile.sh /home/bohrok/Documents/DM/output/orbs/mug/8/work'], stdout: b''	(at ex_script.py:45) 
2019-03-02 02:05:31,287 [D] -:F:n:WD_1:mug.c:23	(at logger.py:129) 
2019-03-02 02:05:31,320 [D] ┌:P:c:WD_2:mug.c:23	(at logger.py:129) 
2019-03-02 02:05:31,320 [D] └:P:c:WD_2:mug.c:20	(at logger.py:129) 
2019-03-02 02:05:31,320 [D]  : : :pass:mug.c:22	(at logger.py:129) 
2019-03-02 02:05:31,320 [D]  : : :pass:mug.c:21	(at logger.py:129) 
2019-03-02 02:05:31,320 [D]  : : :pass:mug.c:20	(at logger.py:129) 
2019-03-02 02:05:31,320 [D]  : : :pass:mug.c:19	(at logger.py:129) 
2019-03-02 02:05:31,333 [D] subprocess cmd: ['source compile.sh /home/bohrok/Documents/DM/output/orbs/mug/8/work'], stdout: b''	(at ex_script.py:45) 
2019-03-02 02:05:31,333 [D] -:F:n:WD_1:mug.c:18	(at logger.py:129) 
2019-03-02 02:05:31,345 [D] subprocess cmd: ['source compile.sh /home/bohrok/Documents/DM/output/orbs/mug/8/work'], stdout: b''	(at ex_script.py:45) 
2019-03-02 02:05:31,345 [D] ┌:F:n:WD_2:mug.c:18	(at logger.py:129) 
2019-03-02 02:05:31,345 [D] └:F:n:WD_2:mug.c:17	(at logger.py:129) 
2019-03-02 02:05:31,355 [D] subprocess cmd: ['source compile.sh /home/bohrok/Documents/DM/output/orbs/mug/8/work'], stdout: b''	(at ex_script.py:45) 
2019-03-02 02:05:31,355 [D] ┌:F:n:WD_3:mug.c:18	(at logger.py:129) 
2019-03-02 02:05:31,355 [D] |:F:n:WD_3:mug.c:17	(at logger.py:129) 
2019-03-02 02:05:31,355 [D] └:F:n:WD_3:mug.c:14	(at logger.py:129) 
2019-03-02 02:05:31,404 [D] -:C:n:WD_1:mug.c:17	(at logger.py:129) 
2019-03-02 02:05:31,445 [D] ┌:C:n:WD_2:mug.c:17	(at logger.py:129) 
2019-03-02 02:05:31,445 [D] └:C:n:WD_2:mug.c:14	(at logger.py:129) 
2019-03-02 02:05:31,455 [D] subprocess cmd: ['source compile.sh /home/bohrok/Documents/DM/output/orbs/mug/8/work'], stdout: b''	(at ex_script.py:45) 
2019-03-02 02:05:31,455 [D] ┌:F:n:WD_3:mug.c:17	(at logger.py:129) 
2019-03-02 02:05:31,455 [D] |:F:n:WD_3:mug.c:14	(at logger.py:129) 
2019-03-02 02:05:31,455 [D] └:F:n:WD_3:mug.c:11	(at logger.py:129) 
2019-03-02 02:05:31,455 [D]  : : :pass:mug.c:16	(at logger.py:129) 
2019-03-02 02:05:31,455 [D]  : : :pass:mug.c:15	(at logger.py:129) 
2019-03-02 02:05:31,501 [D] subprocess cmd: ['source execute.sh /home/bohrok/Documents/DM/output/orbs/mug/8/work'], stdout: b''	(at ex_script.py:45) 
2019-03-02 02:05:31,502 [D] -:C:n:WD_1:mug.c:14	(at logger.py:129) 
2019-03-02 02:05:31,513 [D] subprocess cmd: ['source compile.sh /home/bohrok/Documents/DM/output/orbs/mug/8/work'], stdout: b''	(at ex_script.py:45) 
2019-03-02 02:05:31,513 [D] ┌:F:n:WD_2:mug.c:14	(at logger.py:129) 
2019-03-02 02:05:31,513 [D] └:F:n:WD_2:mug.c:11	(at logger.py:129) 
2019-03-02 02:05:31,523 [D] subprocess cmd: ['source compile.sh /home/bohrok/Documents/DM/output/orbs/mug/8/work'], stdout: b''	(at ex_script.py:45) 
2019-03-02 02:05:31,523 [D] ┌:F:n:WD_3:mug.c:14	(at logger.py:129) 
2019-03-02 02:05:31,523 [D] |:F:n:WD_3:mug.c:11	(at logger.py:129) 
2019-03-02 02:05:31,523 [D] └:F:n:WD_3:mug.c:10	(at logger.py:129) 
2019-03-02 02:05:31,523 [D]  : : :pass:mug.c:13	(at logger.py:129) 
2019-03-02 02:05:31,523 [D]  : : :pass:mug.c:12	(at logger.py:129) 
2019-03-02 02:05:31,535 [D] subprocess cmd: ['source compile.sh /home/bohrok/Documents/DM/output/orbs/mug/8/work'], stdout: b''	(at ex_script.py:45) 
2019-03-02 02:05:31,535 [D] -:F:n:WD_1:mug.c:11	(at logger.py:129) 
2019-03-02 02:05:31,547 [D] subprocess cmd: ['source compile.sh /home/bohrok/Documents/DM/output/orbs/mug/8/work'], stdout: b''	(at ex_script.py:45) 
2019-03-02 02:05:31,548 [D] ┌:F:n:WD_2:mug.c:11	(at logger.py:129) 
2019-03-02 02:05:31,548 [D] └:F:n:WD_2:mug.c:10	(at logger.py:129) 
2019-03-02 02:05:31,558 [D] subprocess cmd: ['source compile.sh /home/bohrok/Documents/DM/output/orbs/mug/8/work'], stdout: b''	(at ex_script.py:45) 
2019-03-02 02:05:31,558 [D] ┌:F:n:WD_3:mug.c:11	(at logger.py:129) 
2019-03-02 02:05:31,558 [D] |:F:n:WD_3:mug.c:10	(at logger.py:129) 
2019-03-02 02:05:31,558 [D] └:F:n:WD_3:mug.c:9	(at logger.py:129) 
2019-03-02 02:05:31,570 [D] subprocess cmd: ['source compile.sh /home/bohrok/Documents/DM/output/orbs/mug/8/work'], stdout: b''	(at ex_script.py:45) 
2019-03-02 02:05:31,570 [D] -:F:n:WD_1:mug.c:10	(at logger.py:129) 
2019-03-02 02:05:31,583 [D] subprocess cmd: ['source compile.sh /home/bohrok/Documents/DM/output/orbs/mug/8/work'], stdout: b''	(at ex_script.py:45) 
2019-03-02 02:05:31,583 [D] ┌:F:n:WD_2:mug.c:10	(at logger.py:129) 
2019-03-02 02:05:31,583 [D] └:F:n:WD_2:mug.c:9	(at logger.py:129) 
2019-03-02 02:05:31,594 [D] subprocess cmd: ['source compile.sh /home/bohrok/Documents/DM/output/orbs/mug/8/work'], stdout: b''	(at ex_script.py:45) 
2019-03-02 02:05:31,595 [D] ┌:F:n:WD_3:mug.c:10	(at logger.py:129) 
2019-03-02 02:05:31,595 [D] |:F:n:WD_3:mug.c:9	(at logger.py:129) 
2019-03-02 02:05:31,595 [D] └:F:n:WD_3:mug.c:4	(at logger.py:129) 
2019-03-02 02:05:31,605 [D] subprocess cmd: ['source compile.sh /home/bohrok/Documents/DM/output/orbs/mug/8/work'], stdout: b''	(at ex_script.py:45) 
2019-03-02 02:05:31,606 [D] -:F:n:WD_1:mug.c:9	(at logger.py:129) 
2019-03-02 02:05:31,619 [D] subprocess cmd: ['source compile.sh /home/bohrok/Documents/DM/output/orbs/mug/8/work'], stdout: b''	(at ex_script.py:45) 
2019-03-02 02:05:31,619 [D] ┌:F:n:WD_2:mug.c:9	(at logger.py:129) 
2019-03-02 02:05:31,620 [D] └:F:n:WD_2:mug.c:4	(at logger.py:129) 
2019-03-02 02:05:31,632 [D] subprocess cmd: ['source compile.sh /home/bohrok/Documents/DM/output/orbs/mug/8/work'], stdout: b''	(at ex_script.py:45) 
2019-03-02 02:05:31,632 [D] ┌:F:n:WD_3:mug.c:9	(at logger.py:129) 
2019-03-02 02:05:31,632 [D] |:F:n:WD_3:mug.c:4	(at logger.py:129) 
2019-03-02 02:05:31,632 [D] └:F:n:WD_3:mug.c:3	(at logger.py:129) 
2019-03-02 02:05:31,632 [D]  : : :pass:mug.c:8	(at logger.py:129) 
2019-03-02 02:05:31,632 [D]  : : :pass:mug.c:7	(at logger.py:129) 
2019-03-02 02:05:31,632 [D]  : : :pass:mug.c:6	(at logger.py:129) 
2019-03-02 02:05:31,632 [D]  : : :pass:mug.c:5	(at logger.py:129) 
2019-03-02 02:05:31,643 [D] subprocess cmd: ['source compile.sh /home/bohrok/Documents/DM/output/orbs/mug/8/work'], stdout: b''	(at ex_script.py:45) 
2019-03-02 02:05:31,644 [D] -:F:n:WD_1:mug.c:4	(at logger.py:129) 
2019-03-02 02:05:31,656 [D] subprocess cmd: ['source compile.sh /home/bohrok/Documents/DM/output/orbs/mug/8/work'], stdout: b''	(at ex_script.py:45) 
2019-03-02 02:05:31,656 [D] ┌:F:n:WD_2:mug.c:4	(at logger.py:129) 
2019-03-02 02:05:31,656 [D] └:F:n:WD_2:mug.c:3	(at logger.py:129) 
2019-03-02 02:05:31,656 [D] ┌:F:n:WD_3:mug.c:4	(at logger.py:129) 
2019-03-02 02:05:31,656 [D] └:F:n:WD_3:mug.c:3	(at logger.py:129) 
2019-03-02 02:05:31,669 [D] subprocess cmd: ['source compile.sh /home/bohrok/Documents/DM/output/orbs/mug/8/work'], stdout: b''	(at ex_script.py:45) 
2019-03-02 02:05:31,669 [D] -:F:n:WD_1:mug.c:3	(at logger.py:129) 
2019-03-02 02:05:31,669 [D] -:F:n:WD_2:mug.c:3	(at logger.py:129) 
2019-03-02 02:05:31,670 [D] -:F:n:WD_3:mug.c:3	(at logger.py:129) 
2019-03-02 02:05:31,670 [D]  : : :pass:mug.c:2	(at logger.py:129) 
2019-03-02 02:05:31,670 [D]  : : :pass:mug.c:1	(at logger.py:129) 
2019-03-02 02:05:31,670 [D] comp_cached_cnt:5	(at logger.py:134) 
2019-03-02 02:05:31,670 [D] compile_cnt:86	(at logger.py:134) 
2019-03-02 02:05:31,670 [D] execute_cnt:14	(at logger.py:134) 
2019-03-02 02:05:31,670 [D] fail_del_cnt:16	(at logger.py:134) 
2019-03-02 02:05:31,670 [D] iter_idx:2	(at logger.py:134) 
2019-03-02 02:05:31,670 [D] reuse_cnt:7	(at logger.py:134) 
2019-03-02 02:05:31,670 [D] succ_del_cnt:5	(at logger.py:134) 
2019-03-02 02:05:31,670 [D] time:2.436290740966797	(at logger.py:134) 
2019-03-02 02:05:31,670 [D] deletion:37	(at logger.py:136) 
2019-03-02 02:05:31,670 [I] Iteration 2 finished	(at orbs.py:87) 
2019-03-02 02:05:31,671 [D]  : : :pass:mug.c:63	(at logger.py:129) 
2019-03-02 02:05:31,671 [D]  : : :pass:mug.c:62	(at logger.py:129) 
2019-03-02 02:05:31,671 [D]  : : :pass:mug.c:61	(at logger.py:129) 
2019-03-02 02:05:31,671 [D]  : : :pass:mug.c:60	(at logger.py:129) 
2019-03-02 02:05:31,671 [D]  : : :pass:mug.c:59	(at logger.py:129) 
2019-03-02 02:05:31,671 [D]  : : :pass:mug.c:58	(at logger.py:129) 
2019-03-02 02:05:31,671 [D]  : : :pass:mug.c:57	(at logger.py:129) 
2019-03-02 02:05:31,671 [D]  : : :pass:mug.c:56	(at logger.py:129) 
2019-03-02 02:05:31,684 [D] subprocess cmd: ['source compile.sh /home/bohrok/Documents/DM/output/orbs/mug/8/work'], stdout: b''	(at ex_script.py:45) 
2019-03-02 02:05:31,685 [D] -:F:n:WD_1:mug.c:55	(at logger.py:129) 
2019-03-02 02:05:31,696 [D] subprocess cmd: ['source compile.sh /home/bohrok/Documents/DM/output/orbs/mug/8/work'], stdout: b''	(at ex_script.py:45) 
2019-03-02 02:05:31,697 [D] ┌:F:n:WD_2:mug.c:55	(at logger.py:129) 
2019-03-02 02:05:31,697 [D] └:F:n:WD_2:mug.c:54	(at logger.py:129) 
2019-03-02 02:05:31,707 [D] subprocess cmd: ['source compile.sh /home/bohrok/Documents/DM/output/orbs/mug/8/work'], stdout: b''	(at ex_script.py:45) 
2019-03-02 02:05:31,707 [D] ┌:F:n:WD_3:mug.c:55	(at logger.py:129) 
2019-03-02 02:05:31,707 [D] |:F:n:WD_3:mug.c:54	(at logger.py:129) 
2019-03-02 02:05:31,708 [D] └:F:n:WD_3:mug.c:53	(at logger.py:129) 
2019-03-02 02:05:31,754 [D] -:C:n:WD_1:mug.c:54	(at logger.py:129) 
2019-03-02 02:05:31,765 [D] subprocess cmd: ['source compile.sh /home/bohrok/Documents/DM/output/orbs/mug/8/work'], stdout: b''	(at ex_script.py:45) 
2019-03-02 02:05:31,766 [D] ┌:F:n:WD_2:mug.c:54	(at logger.py:129) 
2019-03-02 02:05:31,766 [D] └:F:n:WD_2:mug.c:53	(at logger.py:129) 
2019-03-02 02:05:31,777 [D] subprocess cmd: ['source compile.sh /home/bohrok/Documents/DM/output/orbs/mug/8/work'], stdout: b''	(at ex_script.py:45) 
2019-03-02 02:05:31,777 [D] ┌:F:n:WD_3:mug.c:54	(at logger.py:129) 
2019-03-02 02:05:31,778 [D] |:F:n:WD_3:mug.c:53	(at logger.py:129) 
2019-03-02 02:05:31,778 [D] └:F:n:WD_3:mug.c:52	(at logger.py:129) 
2019-03-02 02:05:31,789 [D] subprocess cmd: ['source compile.sh /home/bohrok/Documents/DM/output/orbs/mug/8/work'], stdout: b''	(at ex_script.py:45) 
2019-03-02 02:05:31,789 [D] -:F:n:WD_1:mug.c:53	(at logger.py:129) 
2019-03-02 02:05:31,801 [D] subprocess cmd: ['source compile.sh /home/bohrok/Documents/DM/output/orbs/mug/8/work'], stdout: b''	(at ex_script.py:45) 
2019-03-02 02:05:31,801 [D] ┌:F:n:WD_2:mug.c:53	(at logger.py:129) 
2019-03-02 02:05:31,801 [D] └:F:n:WD_2:mug.c:52	(at logger.py:129) 
2019-03-02 02:05:31,835 [D] subprocess cmd: ['source compile.sh /home/bohrok/Documents/DM/output/orbs/mug/8/work'], stdout: b''	(at ex_script.py:45) 
2019-03-02 02:05:31,835 [D] ┌:F:n:WD_3:mug.c:53	(at logger.py:129) 
2019-03-02 02:05:31,835 [D] |:F:n:WD_3:mug.c:52	(at logger.py:129) 
2019-03-02 02:05:31,835 [D] └:F:n:WD_3:mug.c:51	(at logger.py:129) 
2019-03-02 02:05:31,846 [D] subprocess cmd: ['source compile.sh /home/bohrok/Documents/DM/output/orbs/mug/8/work'], stdout: b''	(at ex_script.py:45) 
2019-03-02 02:05:31,847 [D] -:F:n:WD_1:mug.c:52	(at logger.py:129) 
2019-03-02 02:05:31,857 [D] subprocess cmd: ['source compile.sh /home/bohrok/Documents/DM/output/orbs/mug/8/work'], stdout: b''	(at ex_script.py:45) 
2019-03-02 02:05:31,857 [D] ┌:F:n:WD_2:mug.c:52	(at logger.py:129) 
2019-03-02 02:05:31,857 [D] └:F:n:WD_2:mug.c:51	(at logger.py:129) 
2019-03-02 02:05:31,870 [D] subprocess cmd: ['source compile.sh /home/bohrok/Documents/DM/output/orbs/mug/8/work'], stdout: b''	(at ex_script.py:45) 
2019-03-02 02:05:31,870 [D] ┌:F:n:WD_3:mug.c:52	(at logger.py:129) 
2019-03-02 02:05:31,870 [D] |:F:n:WD_3:mug.c:51	(at logger.py:129) 
2019-03-02 02:05:31,870 [D] └:F:n:WD_3:mug.c:39	(at logger.py:129) 
2019-03-02 02:05:31,882 [D] subprocess cmd: ['source compile.sh /home/bohrok/Documents/DM/output/orbs/mug/8/work'], stdout: b''	(at ex_script.py:45) 
2019-03-02 02:05:31,882 [D] -:F:n:WD_1:mug.c:51	(at logger.py:129) 
2019-03-02 02:05:31,894 [D] subprocess cmd: ['source compile.sh /home/bohrok/Documents/DM/output/orbs/mug/8/work'], stdout: b''	(at ex_script.py:45) 
2019-03-02 02:05:31,894 [D] ┌:F:n:WD_2:mug.c:51	(at logger.py:129) 
2019-03-02 02:05:31,894 [D] └:F:n:WD_2:mug.c:39	(at logger.py:129) 
2019-03-02 02:05:31,905 [D] subprocess cmd: ['source compile.sh /home/bohrok/Documents/DM/output/orbs/mug/8/work'], stdout: b''	(at ex_script.py:45) 
2019-03-02 02:05:31,905 [D] ┌:F:n:WD_3:mug.c:51	(at logger.py:129) 
2019-03-02 02:05:31,905 [D] |:F:n:WD_3:mug.c:39	(at logger.py:129) 
2019-03-02 02:05:31,905 [D] └:F:n:WD_3:mug.c:38	(at logger.py:129) 
2019-03-02 02:05:31,905 [D]  : : :pass:mug.c:50	(at logger.py:129) 
2019-03-02 02:05:31,905 [D]  : : :pass:mug.c:49	(at logger.py:129) 
2019-03-02 02:05:31,905 [D]  : : :pass:mug.c:48	(at logger.py:129) 
2019-03-02 02:05:31,905 [D]  : : :pass:mug.c:47	(at logger.py:129) 
2019-03-02 02:05:31,905 [D]  : : :pass:mug.c:46	(at logger.py:129) 
2019-03-02 02:05:31,905 [D]  : : :pass:mug.c:45	(at logger.py:129) 
2019-03-02 02:05:31,905 [D]  : : :pass:mug.c:44	(at logger.py:129) 
2019-03-02 02:05:31,906 [D]  : : :pass:mug.c:43	(at logger.py:129) 
2019-03-02 02:05:31,906 [D]  : : :pass:mug.c:42	(at logger.py:129) 
2019-03-02 02:05:31,906 [D]  : : :pass:mug.c:41	(at logger.py:129) 
2019-03-02 02:05:31,906 [D]  : : :pass:mug.c:40	(at logger.py:129) 
2019-03-02 02:05:31,919 [D] subprocess cmd: ['source compile.sh /home/bohrok/Documents/DM/output/orbs/mug/8/work'], stdout: b''	(at ex_script.py:45) 
2019-03-02 02:05:31,920 [D] -:F:n:WD_1:mug.c:39	(at logger.py:129) 
2019-03-02 02:05:31,932 [D] subprocess cmd: ['source compile.sh /home/bohrok/Documents/DM/output/orbs/mug/8/work'], stdout: b''	(at ex_script.py:45) 
2019-03-02 02:05:31,932 [D] ┌:F:n:WD_2:mug.c:39	(at logger.py:129) 
2019-03-02 02:05:31,932 [D] └:F:n:WD_2:mug.c:38	(at logger.py:129) 
2019-03-02 02:05:31,967 [D] ┌:C:c:WD_3:mug.c:39	(at logger.py:129) 
2019-03-02 02:05:31,968 [D] |:C:c:WD_3:mug.c:38	(at logger.py:129) 
2019-03-02 02:05:31,968 [D] └:C:c:WD_3:mug.c:37	(at logger.py:129) 
2019-03-02 02:05:32,002 [D] -:C:c:WD_1:mug.c:38	(at logger.py:129) 
2019-03-02 02:05:32,014 [D] subprocess cmd: ['source compile.sh /home/bohrok/Documents/DM/output/orbs/mug/8/work'], stdout: b''	(at ex_script.py:45) 
2019-03-02 02:05:32,014 [D] ┌:F:n:WD_2:mug.c:38	(at logger.py:129) 
2019-03-02 02:05:32,014 [D] └:F:n:WD_2:mug.c:37	(at logger.py:129) 
2019-03-02 02:05:32,015 [D] ┌:C:c:WD_3:mug.c:38	(at logger.py:129) 
2019-03-02 02:05:32,015 [D] |:C:c:WD_3:mug.c:37	(at logger.py:129) 
2019-03-02 02:05:32,015 [D] └:C:c:WD_3:mug.c:35	(at logger.py:129) 
2019-03-02 02:05:32,025 [D] subprocess cmd: ['source compile.sh /home/bohrok/Documents/DM/output/orbs/mug/8/work'], stdout: b''	(at ex_script.py:45) 
2019-03-02 02:05:32,025 [D] -:F:n:WD_1:mug.c:37	(at logger.py:129) 
2019-03-02 02:05:32,060 [D] ┌:C:c:WD_2:mug.c:37	(at logger.py:129) 
2019-03-02 02:05:32,061 [D] └:C:c:WD_2:mug.c:35	(at logger.py:129) 
2019-03-02 02:05:32,096 [D] ┌:C:c:WD_3:mug.c:37	(at logger.py:129) 
2019-03-02 02:05:32,097 [D] |:C:c:WD_3:mug.c:35	(at logger.py:129) 
2019-03-02 02:05:32,097 [D] └:C:c:WD_3:mug.c:34	(at logger.py:129) 
2019-03-02 02:05:32,097 [D]  : : :pass:mug.c:36	(at logger.py:129) 
2019-03-02 02:05:32,106 [D] subprocess cmd: ['source compile.sh /home/bohrok/Documents/DM/output/orbs/mug/8/work'], stdout: b''	(at ex_script.py:45) 
2019-03-02 02:05:32,106 [D] -:F:n:WD_1:mug.c:35	(at logger.py:129) 
2019-03-02 02:05:32,120 [D] subprocess cmd: ['source compile.sh /home/bohrok/Documents/DM/output/orbs/mug/8/work'], stdout: b''	(at ex_script.py:45) 
2019-03-02 02:05:32,120 [D] ┌:F:n:WD_2:mug.c:35	(at logger.py:129) 
2019-03-02 02:05:32,120 [D] └:F:n:WD_2:mug.c:34	(at logger.py:129) 
2019-03-02 02:05:32,120 [D] ┌:C:c:WD_3:mug.c:35	(at logger.py:129) 
2019-03-02 02:05:32,120 [D] |:C:c:WD_3:mug.c:34	(at logger.py:129) 
2019-03-02 02:05:32,120 [D] └:C:c:WD_3:mug.c:33	(at logger.py:129) 
2019-03-02 02:05:32,152 [D] -:C:c:WD_1:mug.c:34	(at logger.py:129) 
2019-03-02 02:05:32,164 [D] subprocess cmd: ['source compile.sh /home/bohrok/Documents/DM/output/orbs/mug/8/work'], stdout: b''	(at ex_script.py:45) 
2019-03-02 02:05:32,164 [D] ┌:F:n:WD_2:mug.c:34	(at logger.py:129) 
2019-03-02 02:05:32,164 [D] └:F:n:WD_2:mug.c:33	(at logger.py:129) 
2019-03-02 02:05:32,174 [D] subprocess cmd: ['source compile.sh /home/bohrok/Documents/DM/output/orbs/mug/8/work'], stdout: b''	(at ex_script.py:45) 
2019-03-02 02:05:32,174 [D] ┌:F:n:WD_3:mug.c:34	(at logger.py:129) 
2019-03-02 02:05:32,174 [D] |:F:n:WD_3:mug.c:33	(at logger.py:129) 
2019-03-02 02:05:32,174 [D] └:F:n:WD_3:mug.c:32	(at logger.py:129) 
2019-03-02 02:05:32,187 [D] subprocess cmd: ['source compile.sh /home/bohrok/Documents/DM/output/orbs/mug/8/work'], stdout: b''	(at ex_script.py:45) 
2019-03-02 02:05:32,187 [D] -:F:n:WD_1:mug.c:33	(at logger.py:129) 
2019-03-02 02:05:32,199 [D] subprocess cmd: ['source compile.sh /home/bohrok/Documents/DM/output/orbs/mug/8/work'], stdout: b''	(at ex_script.py:45) 
2019-03-02 02:05:32,199 [D] ┌:F:n:WD_2:mug.c:33	(at logger.py:129) 
2019-03-02 02:05:32,199 [D] └:F:n:WD_2:mug.c:32	(at logger.py:129) 
2019-03-02 02:05:32,210 [D] subprocess cmd: ['source compile.sh /home/bohrok/Documents/DM/output/orbs/mug/8/work'], stdout: b''	(at ex_script.py:45) 
2019-03-02 02:05:32,210 [D] ┌:F:n:WD_3:mug.c:33	(at logger.py:129) 
2019-03-02 02:05:32,211 [D] |:F:n:WD_3:mug.c:32	(at logger.py:129) 
2019-03-02 02:05:32,211 [D] └:F:n:WD_3:mug.c:31	(at logger.py:129) 
2019-03-02 02:05:32,246 [D] -:C:c:WD_1:mug.c:32	(at logger.py:129) 
2019-03-02 02:05:32,256 [D] subprocess cmd: ['source compile.sh /home/bohrok/Documents/DM/output/orbs/mug/8/work'], stdout: b''	(at ex_script.py:45) 
2019-03-02 02:05:32,257 [D] ┌:F:n:WD_2:mug.c:32	(at logger.py:129) 
2019-03-02 02:05:32,257 [D] └:F:n:WD_2:mug.c:31	(at logger.py:129) 
2019-03-02 02:05:32,270 [D] subprocess cmd: ['source compile.sh /home/bohrok/Documents/DM/output/orbs/mug/8/work'], stdout: b''	(at ex_script.py:45) 
2019-03-02 02:05:32,270 [D] ┌:F:n:WD_3:mug.c:32	(at logger.py:129) 
2019-03-02 02:05:32,271 [D] |:F:n:WD_3:mug.c:31	(at logger.py:129) 
2019-03-02 02:05:32,271 [D] └:F:n:WD_3:mug.c:30	(at logger.py:129) 
2019-03-02 02:05:32,282 [D] subprocess cmd: ['source compile.sh /home/bohrok/Documents/DM/output/orbs/mug/8/work'], stdout: b''	(at ex_script.py:45) 
2019-03-02 02:05:32,283 [D] -:F:n:WD_1:mug.c:31	(at logger.py:129) 
2019-03-02 02:05:32,295 [D] subprocess cmd: ['source compile.sh /home/bohrok/Documents/DM/output/orbs/mug/8/work'], stdout: b''	(at ex_script.py:45) 
2019-03-02 02:05:32,295 [D] ┌:F:n:WD_2:mug.c:31	(at logger.py:129) 
2019-03-02 02:05:32,295 [D] └:F:n:WD_2:mug.c:30	(at logger.py:129) 
2019-03-02 02:05:32,329 [D] subprocess cmd: ['source compile.sh /home/bohrok/Documents/DM/output/orbs/mug/8/work'], stdout: b''	(at ex_script.py:45) 
2019-03-02 02:05:32,329 [D] ┌:F:n:WD_3:mug.c:31	(at logger.py:129) 
2019-03-02 02:05:32,329 [D] |:F:n:WD_3:mug.c:30	(at logger.py:129) 
2019-03-02 02:05:32,329 [D] └:F:n:WD_3:mug.c:29	(at logger.py:129) 
2019-03-02 02:05:32,340 [D] subprocess cmd: ['source compile.sh /home/bohrok/Documents/DM/output/orbs/mug/8/work'], stdout: b''	(at ex_script.py:45) 
2019-03-02 02:05:32,340 [D] -:F:n:WD_1:mug.c:30	(at logger.py:129) 
2019-03-02 02:05:32,354 [D] subprocess cmd: ['source compile.sh /home/bohrok/Documents/DM/output/orbs/mug/8/work'], stdout: b''	(at ex_script.py:45) 
2019-03-02 02:05:32,354 [D] ┌:F:n:WD_2:mug.c:30	(at logger.py:129) 
2019-03-02 02:05:32,355 [D] └:F:n:WD_2:mug.c:29	(at logger.py:129) 
2019-03-02 02:05:32,367 [D] subprocess cmd: ['source compile.sh /home/bohrok/Documents/DM/output/orbs/mug/8/work'], stdout: b''	(at ex_script.py:45) 
2019-03-02 02:05:32,367 [D] ┌:F:n:WD_3:mug.c:30	(at logger.py:129) 
2019-03-02 02:05:32,367 [D] |:F:n:WD_3:mug.c:29	(at logger.py:129) 
2019-03-02 02:05:32,367 [D] └:F:n:WD_3:mug.c:27	(at logger.py:129) 
2019-03-02 02:05:32,380 [D] subprocess cmd: ['source compile.sh /home/bohrok/Documents/DM/output/orbs/mug/8/work'], stdout: b''	(at ex_script.py:45) 
2019-03-02 02:05:32,380 [D] -:F:n:WD_1:mug.c:29	(at logger.py:129) 
2019-03-02 02:05:32,390 [D] subprocess cmd: ['source compile.sh /home/bohrok/Documents/DM/output/orbs/mug/8/work'], stdout: b''	(at ex_script.py:45) 
2019-03-02 02:05:32,390 [D] ┌:F:n:WD_2:mug.c:29	(at logger.py:129) 
2019-03-02 02:05:32,391 [D] └:F:n:WD_2:mug.c:27	(at logger.py:129) 
2019-03-02 02:05:32,404 [D] subprocess cmd: ['source compile.sh /home/bohrok/Documents/DM/output/orbs/mug/8/work'], stdout: b''	(at ex_script.py:45) 
2019-03-02 02:05:32,404 [D] ┌:F:n:WD_3:mug.c:29	(at logger.py:129) 
2019-03-02 02:05:32,404 [D] |:F:n:WD_3:mug.c:27	(at logger.py:129) 
2019-03-02 02:05:32,404 [D] └:F:n:WD_3:mug.c:26	(at logger.py:129) 
2019-03-02 02:05:32,404 [D]  : : :pass:mug.c:28	(at logger.py:129) 
2019-03-02 02:05:32,416 [D] subprocess cmd: ['source compile.sh /home/bohrok/Documents/DM/output/orbs/mug/8/work'], stdout: b''	(at ex_script.py:45) 
2019-03-02 02:05:32,417 [D] -:F:n:WD_1:mug.c:27	(at logger.py:129) 
2019-03-02 02:05:32,429 [D] subprocess cmd: ['source compile.sh /home/bohrok/Documents/DM/output/orbs/mug/8/work'], stdout: b''	(at ex_script.py:45) 
2019-03-02 02:05:32,430 [D] ┌:F:n:WD_2:mug.c:27	(at logger.py:129) 
2019-03-02 02:05:32,430 [D] └:F:n:WD_2:mug.c:26	(at logger.py:129) 
2019-03-02 02:05:32,466 [D] subprocess cmd: ['source compile.sh /home/bohrok/Documents/DM/output/orbs/mug/8/work'], stdout: b''	(at ex_script.py:45) 
2019-03-02 02:05:32,466 [D] ┌:F:n:WD_3:mug.c:27	(at logger.py:129) 
2019-03-02 02:05:32,466 [D] |:F:n:WD_3:mug.c:26	(at logger.py:129) 
2019-03-02 02:05:32,467 [D] └:F:n:WD_3:mug.c:25	(at logger.py:129) 
2019-03-02 02:05:32,538 [D] -:C:c:WD_1:mug.c:26	(at logger.py:129) 
2019-03-02 02:05:32,573 [D] ┌:C:c:WD_2:mug.c:26	(at logger.py:129) 
2019-03-02 02:05:32,573 [D] └:C:c:WD_2:mug.c:25	(at logger.py:129) 
2019-03-02 02:05:32,586 [D] subprocess cmd: ['source compile.sh /home/bohrok/Documents/DM/output/orbs/mug/8/work'], stdout: b''	(at ex_script.py:45) 
2019-03-02 02:05:32,586 [D] ┌:F:n:WD_3:mug.c:26	(at logger.py:129) 
2019-03-02 02:05:32,586 [D] |:F:n:WD_3:mug.c:25	(at logger.py:129) 
2019-03-02 02:05:32,586 [D] └:F:n:WD_3:mug.c:18	(at logger.py:129) 
2019-03-02 02:05:32,586 [D] -:C:c:WD_1:mug.c:25	(at logger.py:129) 
2019-03-02 02:05:32,598 [D] subprocess cmd: ['source compile.sh /home/bohrok/Documents/DM/output/orbs/mug/8/work'], stdout: b''	(at ex_script.py:45) 
2019-03-02 02:05:32,598 [D] ┌:F:n:WD_2:mug.c:25	(at logger.py:129) 
2019-03-02 02:05:32,598 [D] └:F:n:WD_2:mug.c:18	(at logger.py:129) 
2019-03-02 02:05:32,609 [D] subprocess cmd: ['source compile.sh /home/bohrok/Documents/DM/output/orbs/mug/8/work'], stdout: b''	(at ex_script.py:45) 
2019-03-02 02:05:32,610 [D] ┌:F:n:WD_3:mug.c:25	(at logger.py:129) 
2019-03-02 02:05:32,610 [D] |:F:n:WD_3:mug.c:18	(at logger.py:129) 
2019-03-02 02:05:32,610 [D] └:F:n:WD_3:mug.c:17	(at logger.py:129) 
2019-03-02 02:05:32,610 [D]  : : :pass:mug.c:24	(at logger.py:129) 
2019-03-02 02:05:32,610 [D]  : : :pass:mug.c:23	(at logger.py:129) 
2019-03-02 02:05:32,610 [D]  : : :pass:mug.c:22	(at logger.py:129) 
2019-03-02 02:05:32,611 [D]  : : :pass:mug.c:21	(at logger.py:129) 
2019-03-02 02:05:32,611 [D]  : : :pass:mug.c:20	(at logger.py:129) 
2019-03-02 02:05:32,611 [D]  : : :pass:mug.c:19	(at logger.py:129) 
2019-03-02 02:05:32,611 [D] -:F:n:WD_1:mug.c:18	(at logger.py:129) 
2019-03-02 02:05:32,611 [D] ┌:F:n:WD_2:mug.c:18	(at logger.py:129) 
2019-03-02 02:05:32,611 [D] └:F:n:WD_2:mug.c:17	(at logger.py:129) 
2019-03-02 02:05:32,611 [D] ┌:F:n:WD_3:mug.c:18	(at logger.py:129) 
2019-03-02 02:05:32,611 [D] |:F:n:WD_3:mug.c:17	(at logger.py:129) 
2019-03-02 02:05:32,611 [D] └:F:n:WD_3:mug.c:14	(at logger.py:129) 
2019-03-02 02:05:32,612 [D] -:C:c:WD_1:mug.c:17	(at logger.py:129) 
2019-03-02 02:05:32,612 [D] ┌:C:c:WD_2:mug.c:17	(at logger.py:129) 
2019-03-02 02:05:32,612 [D] └:C:c:WD_2:mug.c:14	(at logger.py:129) 
2019-03-02 02:05:32,612 [D] ┌:F:n:WD_3:mug.c:17	(at logger.py:129) 
2019-03-02 02:05:32,612 [D] |:F:n:WD_3:mug.c:14	(at logger.py:129) 
2019-03-02 02:05:32,612 [D] └:F:n:WD_3:mug.c:11	(at logger.py:129) 
2019-03-02 02:05:32,612 [D]  : : :pass:mug.c:16	(at logger.py:129) 
2019-03-02 02:05:32,612 [D]  : : :pass:mug.c:15	(at logger.py:129) 
2019-03-02 02:05:32,612 [D] -:C:c:WD_1:mug.c:14	(at logger.py:129) 
2019-03-02 02:05:32,612 [D] ┌:F:n:WD_2:mug.c:14	(at logger.py:129) 
2019-03-02 02:05:32,612 [D] └:F:n:WD_2:mug.c:11	(at logger.py:129) 
2019-03-02 02:05:32,612 [D] ┌:F:n:WD_3:mug.c:14	(at logger.py:129) 
2019-03-02 02:05:32,612 [D] |:F:n:WD_3:mug.c:11	(at logger.py:129) 
2019-03-02 02:05:32,613 [D] └:F:n:WD_3:mug.c:10	(at logger.py:129) 
2019-03-02 02:05:32,613 [D]  : : :pass:mug.c:13	(at logger.py:129) 
2019-03-02 02:05:32,613 [D]  : : :pass:mug.c:12	(at logger.py:129) 
2019-03-02 02:05:32,613 [D] -:F:n:WD_1:mug.c:11	(at logger.py:129) 
2019-03-02 02:05:32,613 [D] ┌:F:n:WD_2:mug.c:11	(at logger.py:129) 
2019-03-02 02:05:32,613 [D] └:F:n:WD_2:mug.c:10	(at logger.py:129) 
2019-03-02 02:05:32,613 [D] ┌:F:n:WD_3:mug.c:11	(at logger.py:129) 
2019-03-02 02:05:32,613 [D] |:F:n:WD_3:mug.c:10	(at logger.py:129) 
2019-03-02 02:05:32,613 [D] └:F:n:WD_3:mug.c:9	(at logger.py:129) 
2019-03-02 02:05:32,613 [D] -:F:n:WD_1:mug.c:10	(at logger.py:129) 
2019-03-02 02:05:32,613 [D] ┌:F:n:WD_2:mug.c:10	(at logger.py:129) 
2019-03-02 02:05:32,613 [D] └:F:n:WD_2:mug.c:9	(at logger.py:129) 
2019-03-02 02:05:32,614 [D] ┌:F:n:WD_3:mug.c:10	(at logger.py:129) 
2019-03-02 02:05:32,614 [D] |:F:n:WD_3:mug.c:9	(at logger.py:129) 
2019-03-02 02:05:32,614 [D] └:F:n:WD_3:mug.c:4	(at logger.py:129) 
2019-03-02 02:05:32,614 [D] -:F:n:WD_1:mug.c:9	(at logger.py:129) 
2019-03-02 02:05:32,614 [D] ┌:F:n:WD_2:mug.c:9	(at logger.py:129) 
2019-03-02 02:05:32,614 [D] └:F:n:WD_2:mug.c:4	(at logger.py:129) 
2019-03-02 02:05:32,614 [D] ┌:F:n:WD_3:mug.c:9	(at logger.py:129) 
2019-03-02 02:05:32,614 [D] |:F:n:WD_3:mug.c:4	(at logger.py:129) 
2019-03-02 02:05:32,614 [D] └:F:n:WD_3:mug.c:3	(at logger.py:129) 
2019-03-02 02:05:32,614 [D]  : : :pass:mug.c:8	(at logger.py:129) 
2019-03-02 02:05:32,614 [D]  : : :pass:mug.c:7	(at logger.py:129) 
2019-03-02 02:05:32,614 [D]  : : :pass:mug.c:6	(at logger.py:129) 
2019-03-02 02:05:32,614 [D]  : : :pass:mug.c:5	(at logger.py:129) 
2019-03-02 02:05:32,615 [D] -:F:n:WD_1:mug.c:4	(at logger.py:129) 
2019-03-02 02:05:32,615 [D] ┌:F:n:WD_2:mug.c:4	(at logger.py:129) 
2019-03-02 02:05:32,615 [D] └:F:n:WD_2:mug.c:3	(at logger.py:129) 
2019-03-02 02:05:32,615 [D] ┌:F:n:WD_3:mug.c:4	(at logger.py:129) 
2019-03-02 02:05:32,615 [D] └:F:n:WD_3:mug.c:3	(at logger.py:129) 
2019-03-02 02:05:32,615 [D] -:F:n:WD_1:mug.c:3	(at logger.py:129) 
2019-03-02 02:05:32,615 [D] -:F:n:WD_2:mug.c:3	(at logger.py:129) 
2019-03-02 02:05:32,615 [D] -:F:n:WD_3:mug.c:3	(at logger.py:129) 
2019-03-02 02:05:32,616 [D]  : : :pass:mug.c:2	(at logger.py:129) 
2019-03-02 02:05:32,616 [D]  : : :pass:mug.c:1	(at logger.py:129) 
2019-03-02 02:05:32,616 [D] comp_cached_cnt:27	(at logger.py:134) 
2019-03-02 02:05:32,616 [D] compile_cnt:51	(at logger.py:134) 
2019-03-02 02:05:32,616 [D] execute_cnt:1	(at logger.py:134) 
2019-03-02 02:05:32,616 [D] fail_del_cnt:15	(at logger.py:134) 
2019-03-02 02:05:32,616 [D] iter_idx:3	(at logger.py:134) 
2019-03-02 02:05:32,616 [D] reuse_cnt:14	(at logger.py:134) 
2019-03-02 02:05:32,616 [D] succ_del_cnt:0	(at logger.py:134) 
2019-03-02 02:05:32,616 [D] time:0.9449572563171387	(at logger.py:134) 
2019-03-02 02:05:32,616 [D] deletion:37	(at logger.py:136) 
2019-03-02 02:05:32,616 [I] Iteration 3 finished	(at orbs.py:87) 
2019-03-02 02:05:32,616 [D] total_lines:63	(at logger.py:74) 
2019-03-02 02:05:32,617 [D] iteration_cnt:3	(at logger.py:75) 
2019-03-02 02:05:32,617 [D] comp_cached_cnt:32	(at logger.py:79) 
2019-03-02 02:05:32,617 [D] compile_cnt:278	(at logger.py:79) 
2019-03-02 02:05:32,617 [D] execute_cnt:39	(at logger.py:79) 
2019-03-02 02:05:32,617 [D] fail_del_cnt:48	(at logger.py:79) 
2019-03-02 02:05:32,617 [D] reuse_cnt:36	(at logger.py:79) 
2019-03-02 02:05:32,617 [D] succ_del_cnt:27	(at logger.py:79) 
2019-03-02 02:05:32,617 [D] time:7.917333364486694	(at logger.py:80) 
2019-03-02 02:05:32,617 [D] deletion:37	(at logger.py:82) 
2019-03-02 02:05:32,617 [I] ORBS fin.	(at orbs.py:91) 
2019-03-02 02:05:32,617 [I] ===== END - RUN ==============================================	(at main.py:95) 
2019-03-02 02:05:32,617 [I] 	(at main.py:96) 
