2019-01-28 18:18:26,597 [I] expr_path: /home/bohrok/Documents/DM/model/mbe/2hot/simple_bayes	(at model.py:163) 
2019-01-28 18:18:27,672 [I] factor_size: 21	(at model.py:115) 
2019-01-28 18:18:27,673 [I] response_size: 16	(at model.py:116) 
2019-01-28 18:18:27,722 [I] Criteria path loaded (path:test/mbe/scripts/test/criteria)	(at model.py:45) 
2019-01-28 18:18:27,753 [I] unique response cnt: 4	(at model.py:174) 
2019-01-28 18:18:27,754 [I] 1 1 0 0 0 0 0 0 0 0 0 0 0 0 0 0	(at model.py:176) 
2019-01-28 18:18:27,754 [I] 1 1 0 0 0 0 0 0 1 1 1 0 0 0 0 1	(at model.py:176) 
2019-01-28 18:18:27,754 [I] 1 0 0 0 0 0 0 0 0 0 0 0 0 0 0 0	(at model.py:176) 
2019-01-28 18:18:27,754 [I] 1 1 1 1 1 1 1 1 1 1 1 1 1 1 1 1	(at model.py:176) 
2019-01-28 18:18:27,754 [I] Criterion ORBS:22:14:j (1): response_idx:2, vector_idx:23	(at model.py:129) 
2019-01-28 18:18:27,755 [I] inferred factor:
[0 0 0 0 0 0 0 0 0 0 1 0 1 0 0 0 0 0 0 0 1]	(at model.py:139) 
2019-01-28 18:18:28,778 [I] succ: True	(at model.py:144) 
2019-01-28 18:18:28,779 [I] response:
[1 1 1 1 1 1 1 1 1 1 1 1 1 1 1 1]	(at model.py:145) 
2019-01-28 18:18:28,779 [I] Criterion ORBS:24:15:k (2): response_idx:3, vector_idx:24	(at model.py:129) 
2019-01-28 18:18:28,780 [I] inferred factor:
[0 0 0 0 0 0 0 0 0 0 1 0 1 0 0 0 0 0 0 0 1]	(at model.py:139) 
2019-01-28 18:18:28,967 [I] succ: True	(at model.py:144) 
2019-01-28 18:18:28,967 [I] response:
[1 1 1 1 1 1 1 1 1 1 1 1 1 1 1 1]	(at model.py:145) 
2019-01-28 18:18:28,967 [I] Criterion ORBS:26:20:k (3): response_idx:4, vector_idx:25	(at model.py:129) 
2019-01-28 18:18:28,968 [I] inferred factor:
[0 0 0 0 0 0 0 0 0 0 1 0 1 0 0 0 0 0 0 0 1]	(at model.py:139) 
2019-01-28 18:18:29,135 [I] succ: True	(at model.py:144) 
2019-01-28 18:18:29,136 [I] response:
[1 1 1 1 1 1 1 1 1 1 1 1 1 1 1 1]	(at model.py:145) 
2019-01-28 18:18:29,136 [I] Criterion ORBS:26:13:k (4): response_idx:5, vector_idx:26	(at model.py:129) 
2019-01-28 18:18:29,137 [I] inferred factor:
[0 0 0 0 0 0 0 0 0 0 1 0 1 0 0 0 0 0 0 0 1]	(at model.py:139) 
2019-01-28 18:18:29,281 [I] succ: True	(at model.py:144) 
2019-01-28 18:18:29,282 [I] response:
[1 1 1 1 1 1 1 1 1 1 1 1 1 1 1 1]	(at model.py:145) 
2019-01-28 18:18:29,282 [I] Criterion ORBS:30:20:k (5): response_idx:6, vector_idx:27	(at model.py:129) 
2019-01-28 18:18:29,282 [I] inferred factor:
[0 0 0 0 0 0 0 0 0 0 1 0 1 0 0 0 0 0 0 0 1]	(at model.py:139) 
2019-01-28 18:18:29,406 [I] succ: True	(at model.py:144) 
2019-01-28 18:18:29,406 [I] response:
[1 1 1 1 1 1 1 1 1 1 1 1 1 1 1 1]	(at model.py:145) 
2019-01-28 18:18:29,407 [I] Criterion ORBS:30:13:k (6): response_idx:7, vector_idx:28	(at model.py:129) 
2019-01-28 18:18:29,407 [I] inferred factor:
[0 0 0 0 0 0 0 0 0 0 1 0 1 0 0 0 0 0 0 0 1]	(at model.py:139) 
2019-01-28 18:18:29,526 [I] succ: True	(at model.py:144) 
2019-01-28 18:18:29,527 [I] response:
[1 1 1 1 1 1 1 1 1 1 1 1 1 1 1 1]	(at model.py:145) 
2019-01-28 18:18:29,527 [I] Criterion ORBS:31:20:j (7): response_idx:8, vector_idx:29	(at model.py:129) 
2019-01-28 18:18:29,527 [I] inferred factor:
[0 1 0 0 0 0 0 0 0 0 1 0 1 0 1 1 0 1 1 0 1]	(at model.py:139) 
2019-01-28 18:18:29,644 [I] succ: True	(at model.py:144) 
2019-01-28 18:18:29,644 [I] response:
[1 1 0 0 0 0 0 0 1 1 1 0 0 0 0 1]	(at model.py:145) 
2019-01-28 18:18:29,644 [I] Criterion ORBS:31:13:j (8): response_idx:9, vector_idx:30	(at model.py:129) 
2019-01-28 18:18:29,645 [I] inferred factor:
[0 1 0 0 0 0 0 0 0 0 1 0 1 0 1 1 0 1 1 0 1]	(at model.py:139) 
2019-01-28 18:18:29,769 [I] succ: True	(at model.py:144) 
2019-01-28 18:18:29,770 [I] response:
[1 1 0 0 0 0 0 0 1 1 1 0 0 0 0 1]	(at model.py:145) 
2019-01-28 18:18:29,770 [I] Criterion ORBS:34:20:j (9): response_idx:10, vector_idx:31	(at model.py:129) 
2019-01-28 18:18:29,770 [I] inferred factor:
[0 1 0 0 0 0 0 0 0 0 1 0 1 0 1 1 0 1 1 0 1]	(at model.py:139) 
2019-01-28 18:18:29,904 [I] succ: True	(at model.py:144) 
2019-01-28 18:18:29,904 [I] response:
[1 1 0 0 0 0 0 0 1 1 1 0 0 0 0 1]	(at model.py:145) 
2019-01-28 18:18:29,904 [I] Criterion ORBS:39:8:j (10): response_idx:11, vector_idx:32	(at model.py:129) 
2019-01-28 18:18:29,905 [I] inferred factor:
[0 0 0 0 0 0 0 0 0 0 1 0 1 0 0 0 0 0 0 0 1]	(at model.py:139) 
2019-01-28 18:18:30,024 [I] succ: True	(at model.py:144) 
2019-01-28 18:18:30,024 [I] response:
[1 1 1 1 1 1 1 1 1 1 1 1 1 1 1 1]	(at model.py:145) 
2019-01-28 18:18:30,025 [I] Criterion ORBS:51:8:k (11): response_idx:12, vector_idx:33	(at model.py:129) 
2019-01-28 18:18:30,025 [I] inferred factor:
[0 0 0 0 0 0 0 0 0 0 1 0 1 0 0 0 0 0 0 0 1]	(at model.py:139) 
2019-01-28 18:18:30,137 [I] succ: True	(at model.py:144) 
2019-01-28 18:18:30,138 [I] response:
[1 1 1 1 1 1 1 1 1 1 1 1 1 1 1 1]	(at model.py:145) 
2019-01-28 18:18:30,138 [I] Criterion ORBS:61:12:k (12): response_idx:13, vector_idx:34	(at model.py:129) 
2019-01-28 18:18:30,138 [I] inferred factor:
[0 0 0 0 0 0 0 0 0 0 1 0 1 0 0 0 0 0 0 0 1]	(at model.py:139) 
2019-01-28 18:18:30,256 [I] succ: True	(at model.py:144) 
2019-01-28 18:18:30,256 [I] response:
[1 1 1 1 1 1 1 1 1 1 1 1 1 1 1 1]	(at model.py:145) 
2019-01-28 18:18:30,257 [I] Criterion ORBS:66:12:k (13): response_idx:14, vector_idx:35	(at model.py:129) 
2019-01-28 18:18:30,257 [I] inferred factor:
[0 0 0 0 0 0 0 0 0 0 1 0 1 0 0 0 0 0 0 0 1]	(at model.py:139) 
2019-01-28 18:18:30,385 [I] succ: True	(at model.py:144) 
2019-01-28 18:18:30,385 [I] response:
[1 1 1 1 1 1 1 1 1 1 1 1 1 1 1 1]	(at model.py:145) 
2019-01-28 18:18:30,385 [I] Criterion ORBS:71:12:j (14): response_idx:15, vector_idx:36	(at model.py:129) 
2019-01-28 18:18:30,386 [I] inferred factor:
[0 1 0 0 0 0 0 0 0 0 1 0 1 0 1 1 0 1 1 0 1]	(at model.py:139) 
2019-01-28 18:18:30,537 [I] succ: True	(at model.py:144) 
2019-01-28 18:18:30,538 [I] response:
[1 1 0 0 0 0 0 0 1 1 1 0 0 0 0 1]	(at model.py:145) 
2019-01-28 18:18:30,538 [I] success rate: 1.0	(at model.py:185) 
