2019-02-12 21:30:06,698 [I] 	(at main.py:29) 
2019-02-12 21:30:06,699 [I] ===== START - RUN ==============================================	(at main.py:32) 
2019-02-12 21:30:06,699 [D] Title: RUN, Job key: RUN_2019-02-12_21:30:06	(at main.py:40) 
2019-02-12 21:30:06,699 [I] Load config file.	(at main.py:56) 
2019-02-12 21:30:06,699 [D] Loading config from ['/home/bohrok/Documents/DM/output/orbs/mbe/8/config/config.ini']	(at config.py:16) 
2019-02-12 21:30:06,699 [D] Load config successfully!	(at config.py:19) 
2019-02-12 21:30:06,699 [D] Initialize directory: .	(at workspace.py:10) 
2019-02-12 21:30:06,699 [I] Initialize workspace.	(at main.py:64) 
2019-02-12 21:30:06,699 [I] Working directory path: /home/bohrok/Documents/DM/output/orbs/mbe/8/work	(at workspace.py:41) 
2019-02-12 21:30:06,714 [D] Record the config on workspace.	(at workspace.py:62) 
2019-02-12 21:30:06,714 [I] No PRE stage.	(at main.py:73) 
2019-02-12 21:30:06,714 [I] Construct SliceSpace.	(at main.py:76) 
2019-02-12 21:30:06,714 [I] Compile the system.	(at slicespace.py:148) 
2019-02-12 21:30:06,754 [I] Execute the system.	(at slicespace.py:160) 
2019-02-12 21:30:06,770 [I] Compile the system again (sanity check).	(at slicespace.py:174) 
2019-02-12 21:30:06,823 [I] Execute the system again (sanity check).	(at slicespace.py:188) 
2019-02-12 21:30:06,834 [I] Construct deletion operators.	(at main.py:80) 
2019-02-12 21:30:06,834 [I] Run ORBS stage.	(at main.py:85) 
2019-02-12 21:30:06,834 [I] ORBS starts...	(at orbs.py:53) 
2019-02-12 21:30:06,849 [D] subprocess cmd: ['source compile.sh /home/bohrok/Documents/DM/output/orbs/mbe/8/work'], stdout: b''	(at ex_script.py:45) 
2019-02-12 21:30:06,849 [D] -:F:n:WD_1:mbe.c:79	(at logger.py:129) 
2019-02-12 21:30:06,865 [D] subprocess cmd: ['source compile.sh /home/bohrok/Documents/DM/output/orbs/mbe/8/work'], stdout: b''	(at ex_script.py:45) 
2019-02-12 21:30:06,865 [D] ┌:F:n:WD_2:mbe.c:79	(at logger.py:129) 
2019-02-12 21:30:06,866 [D] └:F:n:WD_2:mbe.c:78	(at logger.py:129) 
2019-02-12 21:30:06,885 [D] subprocess cmd: ['source compile.sh /home/bohrok/Documents/DM/output/orbs/mbe/8/work'], stdout: b''	(at ex_script.py:45) 
2019-02-12 21:30:06,885 [D] ┌:F:n:WD_3:mbe.c:79	(at logger.py:129) 
2019-02-12 21:30:06,885 [D] |:F:n:WD_3:mbe.c:78	(at logger.py:129) 
2019-02-12 21:30:06,885 [D] └:F:n:WD_3:mbe.c:77	(at logger.py:129) 
2019-02-12 21:30:06,934 [D] -:P:n:WD_1:mbe.c:78	(at logger.py:129) 
2019-02-12 21:30:06,953 [D] subprocess cmd: ['source compile.sh /home/bohrok/Documents/DM/output/orbs/mbe/8/work'], stdout: b''	(at ex_script.py:45) 
2019-02-12 21:30:06,953 [D] -:F:n:WD_1:mbe.c:77	(at logger.py:129) 
2019-02-12 21:30:06,969 [D] subprocess cmd: ['source compile.sh /home/bohrok/Documents/DM/output/orbs/mbe/8/work'], stdout: b''	(at ex_script.py:45) 
2019-02-12 21:30:06,969 [D] ┌:F:n:WD_2:mbe.c:77	(at logger.py:129) 
2019-02-12 21:30:06,969 [D] └:F:n:WD_2:mbe.c:76	(at logger.py:129) 
2019-02-12 21:30:06,986 [D] subprocess cmd: ['source compile.sh /home/bohrok/Documents/DM/output/orbs/mbe/8/work'], stdout: b''	(at ex_script.py:45) 
2019-02-12 21:30:06,986 [D] ┌:F:n:WD_3:mbe.c:77	(at logger.py:129) 
2019-02-12 21:30:06,986 [D] |:F:n:WD_3:mbe.c:76	(at logger.py:129) 
2019-02-12 21:30:06,986 [D] └:F:n:WD_3:mbe.c:75	(at logger.py:129) 
2019-02-12 21:30:07,003 [D] subprocess cmd: ['source compile.sh /home/bohrok/Documents/DM/output/orbs/mbe/8/work'], stdout: b''	(at ex_script.py:45) 
2019-02-12 21:30:07,003 [D] -:F:n:WD_1:mbe.c:76	(at logger.py:129) 
2019-02-12 21:30:07,029 [D] subprocess cmd: ['source compile.sh /home/bohrok/Documents/DM/output/orbs/mbe/8/work'], stdout: b''	(at ex_script.py:45) 
2019-02-12 21:30:07,029 [D] ┌:F:n:WD_2:mbe.c:76	(at logger.py:129) 
2019-02-12 21:30:07,029 [D] └:F:n:WD_2:mbe.c:75	(at logger.py:129) 
2019-02-12 21:30:07,052 [D] subprocess cmd: ['source compile.sh /home/bohrok/Documents/DM/output/orbs/mbe/8/work'], stdout: b''	(at ex_script.py:45) 
2019-02-12 21:30:07,053 [D] ┌:F:n:WD_3:mbe.c:76	(at logger.py:129) 
2019-02-12 21:30:07,053 [D] |:F:n:WD_3:mbe.c:75	(at logger.py:129) 
2019-02-12 21:30:07,053 [D] └:F:n:WD_3:mbe.c:74	(at logger.py:129) 
2019-02-12 21:30:07,095 [D] -:P:c:WD_1:mbe.c:75	(at logger.py:129) 
2019-02-12 21:30:07,114 [D] subprocess cmd: ['source compile.sh /home/bohrok/Documents/DM/output/orbs/mbe/8/work'], stdout: b''	(at ex_script.py:45) 
2019-02-12 21:30:07,114 [D] -:F:n:WD_1:mbe.c:74	(at logger.py:129) 
2019-02-12 21:30:07,132 [D] subprocess cmd: ['source compile.sh /home/bohrok/Documents/DM/output/orbs/mbe/8/work'], stdout: b''	(at ex_script.py:45) 
2019-02-12 21:30:07,132 [D] ┌:F:n:WD_2:mbe.c:74	(at logger.py:129) 
2019-02-12 21:30:07,132 [D] └:F:n:WD_2:mbe.c:73	(at logger.py:129) 
2019-02-12 21:30:07,148 [D] subprocess cmd: ['source compile.sh /home/bohrok/Documents/DM/output/orbs/mbe/8/work'], stdout: b''	(at ex_script.py:45) 
2019-02-12 21:30:07,148 [D] ┌:F:n:WD_3:mbe.c:74	(at logger.py:129) 
2019-02-12 21:30:07,148 [D] |:F:n:WD_3:mbe.c:73	(at logger.py:129) 
2019-02-12 21:30:07,148 [D] └:F:n:WD_3:mbe.c:72	(at logger.py:129) 
2019-02-12 21:30:08,191 [D] -:C:n:WD_1:mbe.c:73	(at logger.py:129) 
2019-02-12 21:30:08,206 [D] subprocess cmd: ['source compile.sh /home/bohrok/Documents/DM/output/orbs/mbe/8/work'], stdout: b''	(at ex_script.py:45) 
2019-02-12 21:30:08,206 [D] ┌:F:n:WD_2:mbe.c:73	(at logger.py:129) 
2019-02-12 21:30:08,207 [D] └:F:n:WD_2:mbe.c:72	(at logger.py:129) 
2019-02-12 21:30:08,222 [D] subprocess cmd: ['source compile.sh /home/bohrok/Documents/DM/output/orbs/mbe/8/work'], stdout: b''	(at ex_script.py:45) 
2019-02-12 21:30:08,222 [D] ┌:F:n:WD_3:mbe.c:73	(at logger.py:129) 
2019-02-12 21:30:08,222 [D] |:F:n:WD_3:mbe.c:72	(at logger.py:129) 
2019-02-12 21:30:08,222 [D] └:F:n:WD_3:mbe.c:71	(at logger.py:129) 
2019-02-12 21:30:08,238 [D] subprocess cmd: ['source compile.sh /home/bohrok/Documents/DM/output/orbs/mbe/8/work'], stdout: b''	(at ex_script.py:45) 
2019-02-12 21:30:08,239 [D] -:F:n:WD_1:mbe.c:72	(at logger.py:129) 
2019-02-12 21:30:08,259 [D] subprocess cmd: ['source compile.sh /home/bohrok/Documents/DM/output/orbs/mbe/8/work'], stdout: b''	(at ex_script.py:45) 
2019-02-12 21:30:08,259 [D] ┌:F:n:WD_2:mbe.c:72	(at logger.py:129) 
2019-02-12 21:30:08,259 [D] └:F:n:WD_2:mbe.c:71	(at logger.py:129) 
2019-02-12 21:30:08,281 [D] subprocess cmd: ['source compile.sh /home/bohrok/Documents/DM/output/orbs/mbe/8/work'], stdout: b''	(at ex_script.py:45) 
2019-02-12 21:30:08,281 [D] ┌:F:n:WD_3:mbe.c:72	(at logger.py:129) 
2019-02-12 21:30:08,281 [D] |:F:n:WD_3:mbe.c:71	(at logger.py:129) 
2019-02-12 21:30:08,281 [D] └:F:n:WD_3:mbe.c:70	(at logger.py:129) 
2019-02-12 21:30:08,309 [D] subprocess cmd: ['source compile.sh /home/bohrok/Documents/DM/output/orbs/mbe/8/work'], stdout: b''	(at ex_script.py:45) 
2019-02-12 21:30:08,309 [D] -:F:n:WD_1:mbe.c:71	(at logger.py:129) 
2019-02-12 21:30:08,328 [D] subprocess cmd: ['source compile.sh /home/bohrok/Documents/DM/output/orbs/mbe/8/work'], stdout: b''	(at ex_script.py:45) 
2019-02-12 21:30:08,329 [D] ┌:F:n:WD_2:mbe.c:71	(at logger.py:129) 
2019-02-12 21:30:08,329 [D] └:F:n:WD_2:mbe.c:70	(at logger.py:129) 
2019-02-12 21:30:08,345 [D] subprocess cmd: ['source compile.sh /home/bohrok/Documents/DM/output/orbs/mbe/8/work'], stdout: b''	(at ex_script.py:45) 
2019-02-12 21:30:08,345 [D] ┌:F:n:WD_3:mbe.c:71	(at logger.py:129) 
2019-02-12 21:30:08,345 [D] |:F:n:WD_3:mbe.c:70	(at logger.py:129) 
2019-02-12 21:30:08,345 [D] └:F:n:WD_3:mbe.c:69	(at logger.py:129) 
2019-02-12 21:30:08,384 [D] -:P:c:WD_1:mbe.c:70	(at logger.py:129) 
2019-02-12 21:30:08,402 [D] subprocess cmd: ['source compile.sh /home/bohrok/Documents/DM/output/orbs/mbe/8/work'], stdout: b''	(at ex_script.py:45) 
2019-02-12 21:30:08,402 [D] -:F:n:WD_1:mbe.c:69	(at logger.py:129) 
2019-02-12 21:30:08,422 [D] subprocess cmd: ['source compile.sh /home/bohrok/Documents/DM/output/orbs/mbe/8/work'], stdout: b''	(at ex_script.py:45) 
2019-02-12 21:30:08,423 [D] ┌:F:n:WD_2:mbe.c:69	(at logger.py:129) 
2019-02-12 21:30:08,423 [D] └:F:n:WD_2:mbe.c:68	(at logger.py:129) 
2019-02-12 21:30:08,443 [D] subprocess cmd: ['source compile.sh /home/bohrok/Documents/DM/output/orbs/mbe/8/work'], stdout: b''	(at ex_script.py:45) 
2019-02-12 21:30:08,444 [D] ┌:F:n:WD_3:mbe.c:69	(at logger.py:129) 
2019-02-12 21:30:08,444 [D] |:F:n:WD_3:mbe.c:68	(at logger.py:129) 
2019-02-12 21:30:08,444 [D] └:F:n:WD_3:mbe.c:67	(at logger.py:129) 
2019-02-12 21:30:08,518 [D] -:P:n:WD_1:mbe.c:68	(at logger.py:129) 
2019-02-12 21:30:08,534 [D] subprocess cmd: ['source compile.sh /home/bohrok/Documents/DM/output/orbs/mbe/8/work'], stdout: b''	(at ex_script.py:45) 
2019-02-12 21:30:08,534 [D] -:F:n:WD_1:mbe.c:67	(at logger.py:129) 
2019-02-12 21:30:08,550 [D] subprocess cmd: ['source compile.sh /home/bohrok/Documents/DM/output/orbs/mbe/8/work'], stdout: b''	(at ex_script.py:45) 
2019-02-12 21:30:08,550 [D] ┌:F:n:WD_2:mbe.c:67	(at logger.py:129) 
2019-02-12 21:30:08,550 [D] └:F:n:WD_2:mbe.c:66	(at logger.py:129) 
2019-02-12 21:30:08,566 [D] subprocess cmd: ['source compile.sh /home/bohrok/Documents/DM/output/orbs/mbe/8/work'], stdout: b''	(at ex_script.py:45) 
2019-02-12 21:30:08,566 [D] ┌:F:n:WD_3:mbe.c:67	(at logger.py:129) 
2019-02-12 21:30:08,566 [D] |:F:n:WD_3:mbe.c:66	(at logger.py:129) 
2019-02-12 21:30:08,566 [D] └:F:n:WD_3:mbe.c:65	(at logger.py:129) 
2019-02-12 21:30:08,586 [D] subprocess cmd: ['source compile.sh /home/bohrok/Documents/DM/output/orbs/mbe/8/work'], stdout: b''	(at ex_script.py:45) 
2019-02-12 21:30:08,586 [D] -:F:n:WD_1:mbe.c:66	(at logger.py:129) 
2019-02-12 21:30:08,605 [D] subprocess cmd: ['source compile.sh /home/bohrok/Documents/DM/output/orbs/mbe/8/work'], stdout: b''	(at ex_script.py:45) 
2019-02-12 21:30:08,605 [D] ┌:F:n:WD_2:mbe.c:66	(at logger.py:129) 
2019-02-12 21:30:08,605 [D] └:F:n:WD_2:mbe.c:65	(at logger.py:129) 
2019-02-12 21:30:08,626 [D] subprocess cmd: ['source compile.sh /home/bohrok/Documents/DM/output/orbs/mbe/8/work'], stdout: b''	(at ex_script.py:45) 
2019-02-12 21:30:08,626 [D] ┌:F:n:WD_3:mbe.c:66	(at logger.py:129) 
2019-02-12 21:30:08,626 [D] |:F:n:WD_3:mbe.c:65	(at logger.py:129) 
2019-02-12 21:30:08,626 [D] └:F:n:WD_3:mbe.c:64	(at logger.py:129) 
2019-02-12 21:30:08,668 [D] -:P:c:WD_1:mbe.c:65	(at logger.py:129) 
2019-02-12 21:30:08,691 [D] subprocess cmd: ['source compile.sh /home/bohrok/Documents/DM/output/orbs/mbe/8/work'], stdout: b''	(at ex_script.py:45) 
2019-02-12 21:30:08,691 [D] -:F:n:WD_1:mbe.c:64	(at logger.py:129) 
2019-02-12 21:30:08,708 [D] subprocess cmd: ['source compile.sh /home/bohrok/Documents/DM/output/orbs/mbe/8/work'], stdout: b''	(at ex_script.py:45) 
2019-02-12 21:30:08,709 [D] ┌:F:n:WD_2:mbe.c:64	(at logger.py:129) 
2019-02-12 21:30:08,709 [D] └:F:n:WD_2:mbe.c:63	(at logger.py:129) 
2019-02-12 21:30:08,728 [D] subprocess cmd: ['source compile.sh /home/bohrok/Documents/DM/output/orbs/mbe/8/work'], stdout: b''	(at ex_script.py:45) 
2019-02-12 21:30:08,728 [D] ┌:F:n:WD_3:mbe.c:64	(at logger.py:129) 
2019-02-12 21:30:08,728 [D] |:F:n:WD_3:mbe.c:63	(at logger.py:129) 
2019-02-12 21:30:08,728 [D] └:F:n:WD_3:mbe.c:62	(at logger.py:129) 
2019-02-12 21:30:09,782 [D] -:C:n:WD_1:mbe.c:63	(at logger.py:129) 
2019-02-12 21:30:09,932 [D] subprocess cmd: ['source compile.sh /home/bohrok/Documents/DM/output/orbs/mbe/8/work'], stdout: b''	(at ex_script.py:45) 
2019-02-12 21:30:09,932 [D] ┌:F:n:WD_2:mbe.c:63	(at logger.py:129) 
2019-02-12 21:30:09,932 [D] └:F:n:WD_2:mbe.c:62	(at logger.py:129) 
2019-02-12 21:30:10,309 [D] subprocess cmd: ['source compile.sh /home/bohrok/Documents/DM/output/orbs/mbe/8/work'], stdout: b''	(at ex_script.py:45) 
2019-02-12 21:30:10,309 [D] ┌:F:n:WD_3:mbe.c:63	(at logger.py:129) 
2019-02-12 21:30:10,309 [D] |:F:n:WD_3:mbe.c:62	(at logger.py:129) 
2019-02-12 21:30:10,309 [D] └:F:n:WD_3:mbe.c:61	(at logger.py:129) 
2019-02-12 21:30:10,447 [D] subprocess cmd: ['source compile.sh /home/bohrok/Documents/DM/output/orbs/mbe/8/work'], stdout: b''	(at ex_script.py:45) 
2019-02-12 21:30:10,447 [D] -:F:n:WD_1:mbe.c:62	(at logger.py:129) 
2019-02-12 21:30:10,664 [D] subprocess cmd: ['source compile.sh /home/bohrok/Documents/DM/output/orbs/mbe/8/work'], stdout: b''	(at ex_script.py:45) 
2019-02-12 21:30:10,665 [D] ┌:F:n:WD_2:mbe.c:62	(at logger.py:129) 
2019-02-12 21:30:10,665 [D] └:F:n:WD_2:mbe.c:61	(at logger.py:129) 
2019-02-12 21:30:10,948 [D] subprocess cmd: ['source compile.sh /home/bohrok/Documents/DM/output/orbs/mbe/8/work'], stdout: b''	(at ex_script.py:45) 
2019-02-12 21:30:10,948 [D] ┌:F:n:WD_3:mbe.c:62	(at logger.py:129) 
2019-02-12 21:30:10,948 [D] |:F:n:WD_3:mbe.c:61	(at logger.py:129) 
2019-02-12 21:30:10,948 [D] └:F:n:WD_3:mbe.c:60	(at logger.py:129) 
2019-02-12 21:30:11,176 [D] subprocess cmd: ['source compile.sh /home/bohrok/Documents/DM/output/orbs/mbe/8/work'], stdout: b''	(at ex_script.py:45) 
2019-02-12 21:30:11,176 [D] -:F:n:WD_1:mbe.c:61	(at logger.py:129) 
2019-02-12 21:30:11,378 [D] subprocess cmd: ['source compile.sh /home/bohrok/Documents/DM/output/orbs/mbe/8/work'], stdout: b''	(at ex_script.py:45) 
2019-02-12 21:30:11,379 [D] ┌:F:n:WD_2:mbe.c:61	(at logger.py:129) 
2019-02-12 21:30:11,379 [D] └:F:n:WD_2:mbe.c:60	(at logger.py:129) 
2019-02-12 21:30:11,406 [D] subprocess cmd: ['source compile.sh /home/bohrok/Documents/DM/output/orbs/mbe/8/work'], stdout: b''	(at ex_script.py:45) 
2019-02-12 21:30:11,406 [D] ┌:F:n:WD_3:mbe.c:61	(at logger.py:129) 
2019-02-12 21:30:11,406 [D] |:F:n:WD_3:mbe.c:60	(at logger.py:129) 
2019-02-12 21:30:11,406 [D] └:F:n:WD_3:mbe.c:59	(at logger.py:129) 
2019-02-12 21:30:11,449 [D] -:P:c:WD_1:mbe.c:60	(at logger.py:129) 
2019-02-12 21:30:11,469 [D] subprocess cmd: ['source compile.sh /home/bohrok/Documents/DM/output/orbs/mbe/8/work'], stdout: b''	(at ex_script.py:45) 
2019-02-12 21:30:11,469 [D] -:F:n:WD_1:mbe.c:59	(at logger.py:129) 
2019-02-12 21:30:11,492 [D] subprocess cmd: ['source compile.sh /home/bohrok/Documents/DM/output/orbs/mbe/8/work'], stdout: b''	(at ex_script.py:45) 
2019-02-12 21:30:11,492 [D] ┌:F:n:WD_2:mbe.c:59	(at logger.py:129) 
2019-02-12 21:30:11,492 [D] └:F:n:WD_2:mbe.c:58	(at logger.py:129) 
2019-02-12 21:30:11,516 [D] subprocess cmd: ['source compile.sh /home/bohrok/Documents/DM/output/orbs/mbe/8/work'], stdout: b''	(at ex_script.py:45) 
2019-02-12 21:30:11,517 [D] ┌:F:n:WD_3:mbe.c:59	(at logger.py:129) 
2019-02-12 21:30:11,517 [D] |:F:n:WD_3:mbe.c:58	(at logger.py:129) 
2019-02-12 21:30:11,517 [D] └:F:n:WD_3:mbe.c:57	(at logger.py:129) 
2019-02-12 21:30:12,573 [D] -:C:n:WD_1:mbe.c:58	(at logger.py:129) 
2019-02-12 21:30:12,614 [D] ┌:C:c:WD_2:mbe.c:58	(at logger.py:129) 
2019-02-12 21:30:12,614 [D] └:C:c:WD_2:mbe.c:57	(at logger.py:129) 
2019-02-12 21:30:12,634 [D] subprocess cmd: ['source compile.sh /home/bohrok/Documents/DM/output/orbs/mbe/8/work'], stdout: b''	(at ex_script.py:45) 
2019-02-12 21:30:12,634 [D] ┌:F:n:WD_3:mbe.c:58	(at logger.py:129) 
2019-02-12 21:30:12,634 [D] |:F:n:WD_3:mbe.c:57	(at logger.py:129) 
2019-02-12 21:30:12,634 [D] └:F:n:WD_3:mbe.c:56	(at logger.py:129) 
2019-02-12 21:30:12,676 [D] -:P:c:WD_1:mbe.c:57	(at logger.py:129) 
2019-02-12 21:30:12,695 [D] subprocess cmd: ['source compile.sh /home/bohrok/Documents/DM/output/orbs/mbe/8/work'], stdout: b''	(at ex_script.py:45) 
2019-02-12 21:30:12,695 [D] -:F:n:WD_1:mbe.c:56	(at logger.py:129) 
2019-02-12 21:30:12,715 [D] subprocess cmd: ['source compile.sh /home/bohrok/Documents/DM/output/orbs/mbe/8/work'], stdout: b''	(at ex_script.py:45) 
2019-02-12 21:30:12,715 [D] ┌:F:n:WD_2:mbe.c:56	(at logger.py:129) 
2019-02-12 21:30:12,715 [D] └:F:n:WD_2:mbe.c:55	(at logger.py:129) 
2019-02-12 21:30:12,777 [D] ┌:P:n:WD_3:mbe.c:56	(at logger.py:129) 
2019-02-12 21:30:12,777 [D] |:P:n:WD_3:mbe.c:55	(at logger.py:129) 
2019-02-12 21:30:12,777 [D] └:P:n:WD_3:mbe.c:54	(at logger.py:129) 
2019-02-12 21:30:12,777 [D]  : : :pass:mbe.c:55	(at logger.py:129) 
2019-02-12 21:30:12,778 [D]  : : :pass:mbe.c:54	(at logger.py:129) 
2019-02-12 21:30:12,838 [D] -:P:n:WD_1:mbe.c:53	(at logger.py:129) 
2019-02-12 21:30:12,860 [D] subprocess cmd: ['source compile.sh /home/bohrok/Documents/DM/output/orbs/mbe/8/work'], stdout: b''	(at ex_script.py:45) 
2019-02-12 21:30:12,860 [D] -:F:n:WD_1:mbe.c:52	(at logger.py:129) 
2019-02-12 21:30:12,879 [D] subprocess cmd: ['source compile.sh /home/bohrok/Documents/DM/output/orbs/mbe/8/work'], stdout: b''	(at ex_script.py:45) 
2019-02-12 21:30:12,879 [D] ┌:F:n:WD_2:mbe.c:52	(at logger.py:129) 
2019-02-12 21:30:12,879 [D] └:F:n:WD_2:mbe.c:51	(at logger.py:129) 
2019-02-12 21:30:12,898 [D] subprocess cmd: ['source compile.sh /home/bohrok/Documents/DM/output/orbs/mbe/8/work'], stdout: b''	(at ex_script.py:45) 
2019-02-12 21:30:12,898 [D] ┌:F:n:WD_3:mbe.c:52	(at logger.py:129) 
2019-02-12 21:30:12,899 [D] |:F:n:WD_3:mbe.c:51	(at logger.py:129) 
2019-02-12 21:30:12,899 [D] └:F:n:WD_3:mbe.c:50	(at logger.py:129) 
2019-02-12 21:30:12,917 [D] subprocess cmd: ['source compile.sh /home/bohrok/Documents/DM/output/orbs/mbe/8/work'], stdout: b''	(at ex_script.py:45) 
2019-02-12 21:30:12,918 [D] -:F:n:WD_1:mbe.c:51	(at logger.py:129) 
2019-02-12 21:30:12,937 [D] subprocess cmd: ['source compile.sh /home/bohrok/Documents/DM/output/orbs/mbe/8/work'], stdout: b''	(at ex_script.py:45) 
2019-02-12 21:30:12,938 [D] ┌:F:n:WD_2:mbe.c:51	(at logger.py:129) 
2019-02-12 21:30:12,938 [D] └:F:n:WD_2:mbe.c:50	(at logger.py:129) 
2019-02-12 21:30:12,957 [D] subprocess cmd: ['source compile.sh /home/bohrok/Documents/DM/output/orbs/mbe/8/work'], stdout: b''	(at ex_script.py:45) 
2019-02-12 21:30:12,958 [D] ┌:F:n:WD_3:mbe.c:51	(at logger.py:129) 
2019-02-12 21:30:12,958 [D] |:F:n:WD_3:mbe.c:50	(at logger.py:129) 
2019-02-12 21:30:12,958 [D] └:F:n:WD_3:mbe.c:49	(at logger.py:129) 
2019-02-12 21:30:13,005 [D] -:P:c:WD_1:mbe.c:50	(at logger.py:129) 
2019-02-12 21:30:13,025 [D] subprocess cmd: ['source compile.sh /home/bohrok/Documents/DM/output/orbs/mbe/8/work'], stdout: b''	(at ex_script.py:45) 
2019-02-12 21:30:13,025 [D] -:F:n:WD_1:mbe.c:49	(at logger.py:129) 
2019-02-12 21:30:13,044 [D] subprocess cmd: ['source compile.sh /home/bohrok/Documents/DM/output/orbs/mbe/8/work'], stdout: b''	(at ex_script.py:45) 
2019-02-12 21:30:13,044 [D] ┌:F:n:WD_2:mbe.c:49	(at logger.py:129) 
2019-02-12 21:30:13,044 [D] └:F:n:WD_2:mbe.c:48	(at logger.py:129) 
2019-02-12 21:30:13,063 [D] subprocess cmd: ['source compile.sh /home/bohrok/Documents/DM/output/orbs/mbe/8/work'], stdout: b''	(at ex_script.py:45) 
2019-02-12 21:30:13,063 [D] ┌:F:n:WD_3:mbe.c:49	(at logger.py:129) 
2019-02-12 21:30:13,063 [D] |:F:n:WD_3:mbe.c:48	(at logger.py:129) 
2019-02-12 21:30:13,063 [D] └:F:n:WD_3:mbe.c:47	(at logger.py:129) 
2019-02-12 21:30:13,084 [D] subprocess cmd: ['source compile.sh /home/bohrok/Documents/DM/output/orbs/mbe/8/work'], stdout: b''	(at ex_script.py:45) 
2019-02-12 21:30:13,084 [D] -:F:n:WD_1:mbe.c:48	(at logger.py:129) 
2019-02-12 21:30:13,103 [D] subprocess cmd: ['source compile.sh /home/bohrok/Documents/DM/output/orbs/mbe/8/work'], stdout: b''	(at ex_script.py:45) 
2019-02-12 21:30:13,103 [D] ┌:F:n:WD_2:mbe.c:48	(at logger.py:129) 
2019-02-12 21:30:13,103 [D] └:F:n:WD_2:mbe.c:47	(at logger.py:129) 
2019-02-12 21:30:13,122 [D] subprocess cmd: ['source compile.sh /home/bohrok/Documents/DM/output/orbs/mbe/8/work'], stdout: b''	(at ex_script.py:45) 
2019-02-12 21:30:13,122 [D] ┌:F:n:WD_3:mbe.c:48	(at logger.py:129) 
2019-02-12 21:30:13,123 [D] |:F:n:WD_3:mbe.c:47	(at logger.py:129) 
2019-02-12 21:30:13,123 [D] └:F:n:WD_3:mbe.c:46	(at logger.py:129) 
2019-02-12 21:30:14,178 [D] -:C:n:WD_1:mbe.c:47	(at logger.py:129) 
2019-02-12 21:30:14,196 [D] subprocess cmd: ['source compile.sh /home/bohrok/Documents/DM/output/orbs/mbe/8/work'], stdout: b''	(at ex_script.py:45) 
2019-02-12 21:30:14,196 [D] ┌:F:n:WD_2:mbe.c:47	(at logger.py:129) 
2019-02-12 21:30:14,196 [D] └:F:n:WD_2:mbe.c:46	(at logger.py:129) 
2019-02-12 21:30:14,216 [D] subprocess cmd: ['source compile.sh /home/bohrok/Documents/DM/output/orbs/mbe/8/work'], stdout: b''	(at ex_script.py:45) 
2019-02-12 21:30:14,217 [D] ┌:F:n:WD_3:mbe.c:47	(at logger.py:129) 
2019-02-12 21:30:14,217 [D] |:F:n:WD_3:mbe.c:46	(at logger.py:129) 
2019-02-12 21:30:14,217 [D] └:F:n:WD_3:mbe.c:45	(at logger.py:129) 
2019-02-12 21:30:14,235 [D] subprocess cmd: ['source compile.sh /home/bohrok/Documents/DM/output/orbs/mbe/8/work'], stdout: b''	(at ex_script.py:45) 
2019-02-12 21:30:14,236 [D] -:F:n:WD_1:mbe.c:46	(at logger.py:129) 
2019-02-12 21:30:14,257 [D] subprocess cmd: ['source compile.sh /home/bohrok/Documents/DM/output/orbs/mbe/8/work'], stdout: b''	(at ex_script.py:45) 
2019-02-12 21:30:14,257 [D] ┌:F:n:WD_2:mbe.c:46	(at logger.py:129) 
2019-02-12 21:30:14,257 [D] └:F:n:WD_2:mbe.c:45	(at logger.py:129) 
2019-02-12 21:30:14,314 [D] ┌:C:c:WD_3:mbe.c:46	(at logger.py:129) 
2019-02-12 21:30:14,315 [D] |:C:c:WD_3:mbe.c:45	(at logger.py:129) 
2019-02-12 21:30:14,315 [D] └:C:c:WD_3:mbe.c:44	(at logger.py:129) 
2019-02-12 21:30:14,374 [D] -:P:c:WD_1:mbe.c:45	(at logger.py:129) 
2019-02-12 21:30:14,396 [D] subprocess cmd: ['source compile.sh /home/bohrok/Documents/DM/output/orbs/mbe/8/work'], stdout: b''	(at ex_script.py:45) 
2019-02-12 21:30:14,396 [D] -:F:n:WD_1:mbe.c:44	(at logger.py:129) 
2019-02-12 21:30:14,417 [D] subprocess cmd: ['source compile.sh /home/bohrok/Documents/DM/output/orbs/mbe/8/work'], stdout: b''	(at ex_script.py:45) 
2019-02-12 21:30:14,418 [D] ┌:F:n:WD_2:mbe.c:44	(at logger.py:129) 
2019-02-12 21:30:14,418 [D] └:F:n:WD_2:mbe.c:43	(at logger.py:129) 
2019-02-12 21:30:14,493 [D] subprocess cmd: ['source execute.sh /home/bohrok/Documents/DM/output/orbs/mbe/8/work'], stdout: b''	(at ex_script.py:45) 
2019-02-12 21:30:14,493 [D] ┌:C:n:WD_3:mbe.c:44	(at logger.py:129) 
2019-02-12 21:30:14,493 [D] |:C:n:WD_3:mbe.c:43	(at logger.py:129) 
2019-02-12 21:30:14,493 [D] └:C:n:WD_3:mbe.c:42	(at logger.py:129) 
2019-02-12 21:30:14,564 [D] subprocess cmd: ['source execute.sh /home/bohrok/Documents/DM/output/orbs/mbe/8/work'], stdout: b''	(at ex_script.py:45) 
2019-02-12 21:30:14,564 [D] -:C:n:WD_1:mbe.c:43	(at logger.py:129) 
2019-02-12 21:30:14,584 [D] subprocess cmd: ['source compile.sh /home/bohrok/Documents/DM/output/orbs/mbe/8/work'], stdout: b''	(at ex_script.py:45) 
2019-02-12 21:30:14,584 [D] ┌:F:n:WD_2:mbe.c:43	(at logger.py:129) 
2019-02-12 21:30:14,584 [D] └:F:n:WD_2:mbe.c:42	(at logger.py:129) 
2019-02-12 21:30:14,604 [D] subprocess cmd: ['source compile.sh /home/bohrok/Documents/DM/output/orbs/mbe/8/work'], stdout: b''	(at ex_script.py:45) 
2019-02-12 21:30:14,604 [D] ┌:F:n:WD_3:mbe.c:43	(at logger.py:129) 
2019-02-12 21:30:14,604 [D] |:F:n:WD_3:mbe.c:42	(at logger.py:129) 
2019-02-12 21:30:14,604 [D] └:F:n:WD_3:mbe.c:41	(at logger.py:129) 
2019-02-12 21:30:14,624 [D] subprocess cmd: ['source compile.sh /home/bohrok/Documents/DM/output/orbs/mbe/8/work'], stdout: b''	(at ex_script.py:45) 
2019-02-12 21:30:14,624 [D] -:F:n:WD_1:mbe.c:42	(at logger.py:129) 
2019-02-12 21:30:14,645 [D] subprocess cmd: ['source compile.sh /home/bohrok/Documents/DM/output/orbs/mbe/8/work'], stdout: b''	(at ex_script.py:45) 
2019-02-12 21:30:14,645 [D] ┌:F:n:WD_2:mbe.c:42	(at logger.py:129) 
2019-02-12 21:30:14,645 [D] └:F:n:WD_2:mbe.c:41	(at logger.py:129) 
2019-02-12 21:30:14,666 [D] subprocess cmd: ['source compile.sh /home/bohrok/Documents/DM/output/orbs/mbe/8/work'], stdout: b''	(at ex_script.py:45) 
2019-02-12 21:30:14,666 [D] ┌:F:n:WD_3:mbe.c:42	(at logger.py:129) 
2019-02-12 21:30:14,667 [D] |:F:n:WD_3:mbe.c:41	(at logger.py:129) 
2019-02-12 21:30:14,667 [D] └:F:n:WD_3:mbe.c:40	(at logger.py:129) 
2019-02-12 21:30:15,719 [D] -:C:n:WD_1:mbe.c:41	(at logger.py:129) 
2019-02-12 21:30:15,736 [D] subprocess cmd: ['source compile.sh /home/bohrok/Documents/DM/output/orbs/mbe/8/work'], stdout: b''	(at ex_script.py:45) 
2019-02-12 21:30:15,736 [D] ┌:F:n:WD_2:mbe.c:41	(at logger.py:129) 
2019-02-12 21:30:15,736 [D] └:F:n:WD_2:mbe.c:40	(at logger.py:129) 
2019-02-12 21:30:15,755 [D] subprocess cmd: ['source compile.sh /home/bohrok/Documents/DM/output/orbs/mbe/8/work'], stdout: b''	(at ex_script.py:45) 
2019-02-12 21:30:15,756 [D] ┌:F:n:WD_3:mbe.c:41	(at logger.py:129) 
2019-02-12 21:30:15,756 [D] |:F:n:WD_3:mbe.c:40	(at logger.py:129) 
2019-02-12 21:30:15,756 [D] └:F:n:WD_3:mbe.c:39	(at logger.py:129) 
2019-02-12 21:30:15,778 [D] subprocess cmd: ['source compile.sh /home/bohrok/Documents/DM/output/orbs/mbe/8/work'], stdout: b''	(at ex_script.py:45) 
2019-02-12 21:30:15,778 [D] -:F:n:WD_1:mbe.c:40	(at logger.py:129) 
2019-02-12 21:30:15,801 [D] subprocess cmd: ['source compile.sh /home/bohrok/Documents/DM/output/orbs/mbe/8/work'], stdout: b''	(at ex_script.py:45) 
2019-02-12 21:30:15,801 [D] ┌:F:n:WD_2:mbe.c:40	(at logger.py:129) 
2019-02-12 21:30:15,801 [D] └:F:n:WD_2:mbe.c:39	(at logger.py:129) 
2019-02-12 21:30:15,824 [D] subprocess cmd: ['source compile.sh /home/bohrok/Documents/DM/output/orbs/mbe/8/work'], stdout: b''	(at ex_script.py:45) 
2019-02-12 21:30:15,824 [D] ┌:F:n:WD_3:mbe.c:40	(at logger.py:129) 
2019-02-12 21:30:15,824 [D] |:F:n:WD_3:mbe.c:39	(at logger.py:129) 
2019-02-12 21:30:15,824 [D] └:F:n:WD_3:mbe.c:38	(at logger.py:129) 
2019-02-12 21:30:15,845 [D] subprocess cmd: ['source compile.sh /home/bohrok/Documents/DM/output/orbs/mbe/8/work'], stdout: b''	(at ex_script.py:45) 
2019-02-12 21:30:15,845 [D] -:F:n:WD_1:mbe.c:39	(at logger.py:129) 
2019-02-12 21:30:15,864 [D] subprocess cmd: ['source compile.sh /home/bohrok/Documents/DM/output/orbs/mbe/8/work'], stdout: b''	(at ex_script.py:45) 
2019-02-12 21:30:15,864 [D] ┌:F:n:WD_2:mbe.c:39	(at logger.py:129) 
2019-02-12 21:30:15,865 [D] └:F:n:WD_2:mbe.c:38	(at logger.py:129) 
2019-02-12 21:30:15,884 [D] subprocess cmd: ['source compile.sh /home/bohrok/Documents/DM/output/orbs/mbe/8/work'], stdout: b''	(at ex_script.py:45) 
2019-02-12 21:30:15,885 [D] ┌:F:n:WD_3:mbe.c:39	(at logger.py:129) 
2019-02-12 21:30:15,885 [D] |:F:n:WD_3:mbe.c:38	(at logger.py:129) 
2019-02-12 21:30:15,885 [D] └:F:n:WD_3:mbe.c:37	(at logger.py:129) 
2019-02-12 21:30:15,930 [D] -:P:c:WD_1:mbe.c:38	(at logger.py:129) 
2019-02-12 21:30:15,950 [D] subprocess cmd: ['source compile.sh /home/bohrok/Documents/DM/output/orbs/mbe/8/work'], stdout: b''	(at ex_script.py:45) 
2019-02-12 21:30:15,950 [D] -:F:n:WD_1:mbe.c:37	(at logger.py:129) 
2019-02-12 21:30:15,968 [D] subprocess cmd: ['source compile.sh /home/bohrok/Documents/DM/output/orbs/mbe/8/work'], stdout: b''	(at ex_script.py:45) 
2019-02-12 21:30:15,969 [D] ┌:F:n:WD_2:mbe.c:37	(at logger.py:129) 
2019-02-12 21:30:15,969 [D] └:F:n:WD_2:mbe.c:36	(at logger.py:129) 
2019-02-12 21:30:15,988 [D] subprocess cmd: ['source compile.sh /home/bohrok/Documents/DM/output/orbs/mbe/8/work'], stdout: b''	(at ex_script.py:45) 
2019-02-12 21:30:15,989 [D] ┌:F:n:WD_3:mbe.c:37	(at logger.py:129) 
2019-02-12 21:30:15,989 [D] |:F:n:WD_3:mbe.c:36	(at logger.py:129) 
2019-02-12 21:30:15,989 [D] └:F:n:WD_3:mbe.c:35	(at logger.py:129) 
2019-02-12 21:30:16,065 [D] -:P:n:WD_1:mbe.c:36	(at logger.py:129) 
2019-02-12 21:30:16,085 [D] subprocess cmd: ['source compile.sh /home/bohrok/Documents/DM/output/orbs/mbe/8/work'], stdout: b''	(at ex_script.py:45) 
2019-02-12 21:30:16,086 [D] -:F:n:WD_1:mbe.c:35	(at logger.py:129) 
2019-02-12 21:30:16,105 [D] subprocess cmd: ['source compile.sh /home/bohrok/Documents/DM/output/orbs/mbe/8/work'], stdout: b''	(at ex_script.py:45) 
2019-02-12 21:30:16,105 [D] ┌:F:n:WD_2:mbe.c:35	(at logger.py:129) 
2019-02-12 21:30:16,105 [D] └:F:n:WD_2:mbe.c:34	(at logger.py:129) 
2019-02-12 21:30:16,125 [D] subprocess cmd: ['source compile.sh /home/bohrok/Documents/DM/output/orbs/mbe/8/work'], stdout: b''	(at ex_script.py:45) 
2019-02-12 21:30:16,125 [D] ┌:F:n:WD_3:mbe.c:35	(at logger.py:129) 
2019-02-12 21:30:16,125 [D] |:F:n:WD_3:mbe.c:34	(at logger.py:129) 
2019-02-12 21:30:16,126 [D] └:F:n:WD_3:mbe.c:33	(at logger.py:129) 
2019-02-12 21:30:16,146 [D] subprocess cmd: ['source compile.sh /home/bohrok/Documents/DM/output/orbs/mbe/8/work'], stdout: b''	(at ex_script.py:45) 
2019-02-12 21:30:16,146 [D] -:F:n:WD_1:mbe.c:34	(at logger.py:129) 
2019-02-12 21:30:16,165 [D] subprocess cmd: ['source compile.sh /home/bohrok/Documents/DM/output/orbs/mbe/8/work'], stdout: b''	(at ex_script.py:45) 
2019-02-12 21:30:16,166 [D] ┌:F:n:WD_2:mbe.c:34	(at logger.py:129) 
2019-02-12 21:30:16,166 [D] └:F:n:WD_2:mbe.c:33	(at logger.py:129) 
2019-02-12 21:30:16,292 [D] subprocess cmd: ['source compile.sh /home/bohrok/Documents/DM/output/orbs/mbe/8/work'], stdout: b''	(at ex_script.py:45) 
2019-02-12 21:30:16,292 [D] ┌:F:n:WD_3:mbe.c:34	(at logger.py:129) 
2019-02-12 21:30:16,292 [D] |:F:n:WD_3:mbe.c:33	(at logger.py:129) 
2019-02-12 21:30:16,292 [D] └:F:n:WD_3:mbe.c:32	(at logger.py:129) 
2019-02-12 21:30:16,582 [D] -:P:c:WD_1:mbe.c:33	(at logger.py:129) 
2019-02-12 21:30:16,934 [D] subprocess cmd: ['source execute.sh /home/bohrok/Documents/DM/output/orbs/mbe/8/work'], stdout: b''	(at ex_script.py:45) 
2019-02-12 21:30:16,935 [D] -:C:n:WD_1:mbe.c:32	(at logger.py:129) 
2019-02-12 21:30:18,502 [D] ┌:C:n:WD_2:mbe.c:32	(at logger.py:129) 
2019-02-12 21:30:18,502 [D] └:C:n:WD_2:mbe.c:31	(at logger.py:129) 
2019-02-12 21:30:19,553 [D] ┌:C:n:WD_3:mbe.c:32	(at logger.py:129) 
2019-02-12 21:30:19,553 [D] |:C:n:WD_3:mbe.c:31	(at logger.py:129) 
2019-02-12 21:30:19,553 [D] └:C:n:WD_3:mbe.c:30	(at logger.py:129) 
2019-02-12 21:30:20,598 [D] -:C:n:WD_1:mbe.c:31	(at logger.py:129) 
2019-02-12 21:30:21,656 [D] ┌:C:n:WD_2:mbe.c:31	(at logger.py:129) 
2019-02-12 21:30:21,657 [D] └:C:n:WD_2:mbe.c:30	(at logger.py:129) 
2019-02-12 21:30:21,674 [D] subprocess cmd: ['source compile.sh /home/bohrok/Documents/DM/output/orbs/mbe/8/work'], stdout: b''	(at ex_script.py:45) 
2019-02-12 21:30:21,674 [D] ┌:F:n:WD_3:mbe.c:31	(at logger.py:129) 
2019-02-12 21:30:21,674 [D] |:F:n:WD_3:mbe.c:30	(at logger.py:129) 
2019-02-12 21:30:21,674 [D] └:F:n:WD_3:mbe.c:29	(at logger.py:129) 
2019-02-12 21:30:21,742 [D] -:P:n:WD_1:mbe.c:30	(at logger.py:129) 
2019-02-12 21:30:21,765 [D] subprocess cmd: ['source compile.sh /home/bohrok/Documents/DM/output/orbs/mbe/8/work'], stdout: b''	(at ex_script.py:45) 
2019-02-12 21:30:21,766 [D] -:F:n:WD_1:mbe.c:29	(at logger.py:129) 
2019-02-12 21:30:21,786 [D] subprocess cmd: ['source compile.sh /home/bohrok/Documents/DM/output/orbs/mbe/8/work'], stdout: b''	(at ex_script.py:45) 
2019-02-12 21:30:21,787 [D] ┌:F:n:WD_2:mbe.c:29	(at logger.py:129) 
2019-02-12 21:30:21,787 [D] └:F:n:WD_2:mbe.c:28	(at logger.py:129) 
2019-02-12 21:30:22,842 [D] ┌:C:n:WD_3:mbe.c:29	(at logger.py:129) 
2019-02-12 21:30:22,842 [D] |:C:n:WD_3:mbe.c:28	(at logger.py:129) 
2019-02-12 21:30:22,842 [D] └:C:n:WD_3:mbe.c:27	(at logger.py:129) 
2019-02-12 21:30:23,017 [D] -:P:n:WD_1:mbe.c:28	(at logger.py:129) 
2019-02-12 21:30:23,397 [D] subprocess cmd: ['source compile.sh /home/bohrok/Documents/DM/output/orbs/mbe/8/work'], stdout: b''	(at ex_script.py:45) 
2019-02-12 21:30:23,397 [D] -:F:n:WD_1:mbe.c:27	(at logger.py:129) 
2019-02-12 21:30:23,609 [D] subprocess cmd: ['source compile.sh /home/bohrok/Documents/DM/output/orbs/mbe/8/work'], stdout: b''	(at ex_script.py:45) 
2019-02-12 21:30:23,610 [D] ┌:F:n:WD_2:mbe.c:27	(at logger.py:129) 
2019-02-12 21:30:23,610 [D] └:F:n:WD_2:mbe.c:26	(at logger.py:129) 
2019-02-12 21:30:24,836 [D] ┌:C:n:WD_3:mbe.c:27	(at logger.py:129) 
2019-02-12 21:30:24,836 [D] |:C:n:WD_3:mbe.c:26	(at logger.py:129) 
2019-02-12 21:30:24,836 [D] └:C:n:WD_3:mbe.c:25	(at logger.py:129) 
2019-02-12 21:30:24,887 [D] -:P:n:WD_1:mbe.c:26	(at logger.py:129) 
2019-02-12 21:30:24,906 [D] subprocess cmd: ['source compile.sh /home/bohrok/Documents/DM/output/orbs/mbe/8/work'], stdout: b''	(at ex_script.py:45) 
2019-02-12 21:30:24,906 [D] -:F:n:WD_1:mbe.c:25	(at logger.py:129) 
2019-02-12 21:30:24,926 [D] subprocess cmd: ['source compile.sh /home/bohrok/Documents/DM/output/orbs/mbe/8/work'], stdout: b''	(at ex_script.py:45) 
2019-02-12 21:30:24,926 [D] ┌:F:n:WD_2:mbe.c:25	(at logger.py:129) 
2019-02-12 21:30:24,926 [D] └:F:n:WD_2:mbe.c:24	(at logger.py:129) 
2019-02-12 21:30:24,944 [D] subprocess cmd: ['source compile.sh /home/bohrok/Documents/DM/output/orbs/mbe/8/work'], stdout: b''	(at ex_script.py:45) 
2019-02-12 21:30:24,944 [D] ┌:F:n:WD_3:mbe.c:25	(at logger.py:129) 
2019-02-12 21:30:24,945 [D] |:F:n:WD_3:mbe.c:24	(at logger.py:129) 
2019-02-12 21:30:24,945 [D] └:F:n:WD_3:mbe.c:23	(at logger.py:129) 
2019-02-12 21:30:25,001 [D] -:P:n:WD_1:mbe.c:24	(at logger.py:129) 
2019-02-12 21:30:25,024 [D] subprocess cmd: ['source compile.sh /home/bohrok/Documents/DM/output/orbs/mbe/8/work'], stdout: b''	(at ex_script.py:45) 
2019-02-12 21:30:25,025 [D] -:F:n:WD_1:mbe.c:23	(at logger.py:129) 
2019-02-12 21:30:25,046 [D] subprocess cmd: ['source compile.sh /home/bohrok/Documents/DM/output/orbs/mbe/8/work'], stdout: b''	(at ex_script.py:45) 
2019-02-12 21:30:25,047 [D] ┌:F:n:WD_2:mbe.c:23	(at logger.py:129) 
2019-02-12 21:30:25,047 [D] └:F:n:WD_2:mbe.c:22	(at logger.py:129) 
2019-02-12 21:30:25,068 [D] subprocess cmd: ['source compile.sh /home/bohrok/Documents/DM/output/orbs/mbe/8/work'], stdout: b''	(at ex_script.py:45) 
2019-02-12 21:30:25,068 [D] ┌:F:n:WD_3:mbe.c:23	(at logger.py:129) 
2019-02-12 21:30:25,068 [D] |:F:n:WD_3:mbe.c:22	(at logger.py:129) 
2019-02-12 21:30:25,068 [D] └:F:n:WD_3:mbe.c:21	(at logger.py:129) 
2019-02-12 21:30:25,126 [D] -:C:n:WD_1:mbe.c:22	(at logger.py:129) 
2019-02-12 21:30:25,171 [D] ┌:C:c:WD_2:mbe.c:22	(at logger.py:129) 
2019-02-12 21:30:25,171 [D] └:C:c:WD_2:mbe.c:21	(at logger.py:129) 
2019-02-12 21:30:25,230 [D] ┌:C:n:WD_3:mbe.c:22	(at logger.py:129) 
2019-02-12 21:30:25,230 [D] |:C:n:WD_3:mbe.c:21	(at logger.py:129) 
2019-02-12 21:30:25,230 [D] └:C:n:WD_3:mbe.c:20	(at logger.py:129) 
2019-02-12 21:30:25,281 [D] -:P:c:WD_1:mbe.c:21	(at logger.py:129) 
2019-02-12 21:30:25,342 [D] -:P:n:WD_1:mbe.c:20	(at logger.py:129) 
2019-02-12 21:30:25,394 [D] subprocess cmd: ['source execute.sh /home/bohrok/Documents/DM/output/orbs/mbe/8/work'], stdout: b''	(at ex_script.py:45) 
2019-02-12 21:30:25,394 [D] -:C:n:WD_1:mbe.c:19	(at logger.py:129) 
2019-02-12 21:30:25,430 [D] ┌:C:c:WD_2:mbe.c:19	(at logger.py:129) 
2019-02-12 21:30:25,430 [D] └:C:c:WD_2:mbe.c:18	(at logger.py:129) 
2019-02-12 21:30:25,471 [D] ┌:C:c:WD_3:mbe.c:19	(at logger.py:129) 
2019-02-12 21:30:25,471 [D] |:C:c:WD_3:mbe.c:18	(at logger.py:129) 
2019-02-12 21:30:25,471 [D] └:C:c:WD_3:mbe.c:17	(at logger.py:129) 
2019-02-12 21:30:25,512 [D] -:P:c:WD_1:mbe.c:18	(at logger.py:129) 
2019-02-12 21:30:25,555 [D] -:P:c:WD_1:mbe.c:17	(at logger.py:129) 
2019-02-12 21:30:25,571 [D] subprocess cmd: ['source compile.sh /home/bohrok/Documents/DM/output/orbs/mbe/8/work'], stdout: b''	(at ex_script.py:45) 
2019-02-12 21:30:25,571 [D] -:F:n:WD_1:mbe.c:16	(at logger.py:129) 
2019-02-12 21:30:25,591 [D] subprocess cmd: ['source compile.sh /home/bohrok/Documents/DM/output/orbs/mbe/8/work'], stdout: b''	(at ex_script.py:45) 
2019-02-12 21:30:25,592 [D] ┌:F:n:WD_2:mbe.c:16	(at logger.py:129) 
2019-02-12 21:30:25,592 [D] └:F:n:WD_2:mbe.c:15	(at logger.py:129) 
2019-02-12 21:30:25,607 [D] subprocess cmd: ['source compile.sh /home/bohrok/Documents/DM/output/orbs/mbe/8/work'], stdout: b''	(at ex_script.py:45) 
2019-02-12 21:30:25,607 [D] ┌:F:n:WD_3:mbe.c:16	(at logger.py:129) 
2019-02-12 21:30:25,607 [D] |:F:n:WD_3:mbe.c:15	(at logger.py:129) 
2019-02-12 21:30:25,607 [D] └:F:n:WD_3:mbe.c:14	(at logger.py:129) 
2019-02-12 21:30:25,625 [D] subprocess cmd: ['source compile.sh /home/bohrok/Documents/DM/output/orbs/mbe/8/work'], stdout: b''	(at ex_script.py:45) 
2019-02-12 21:30:25,625 [D] -:F:n:WD_1:mbe.c:15	(at logger.py:129) 
2019-02-12 21:30:25,643 [D] subprocess cmd: ['source compile.sh /home/bohrok/Documents/DM/output/orbs/mbe/8/work'], stdout: b''	(at ex_script.py:45) 
2019-02-12 21:30:25,643 [D] ┌:F:n:WD_2:mbe.c:15	(at logger.py:129) 
2019-02-12 21:30:25,643 [D] └:F:n:WD_2:mbe.c:14	(at logger.py:129) 
2019-02-12 21:30:25,660 [D] subprocess cmd: ['source compile.sh /home/bohrok/Documents/DM/output/orbs/mbe/8/work'], stdout: b''	(at ex_script.py:45) 
2019-02-12 21:30:25,660 [D] ┌:F:n:WD_3:mbe.c:15	(at logger.py:129) 
2019-02-12 21:30:25,660 [D] |:F:n:WD_3:mbe.c:14	(at logger.py:129) 
2019-02-12 21:30:25,660 [D] └:F:n:WD_3:mbe.c:13	(at logger.py:129) 
2019-02-12 21:30:25,677 [D] subprocess cmd: ['source compile.sh /home/bohrok/Documents/DM/output/orbs/mbe/8/work'], stdout: b''	(at ex_script.py:45) 
2019-02-12 21:30:25,677 [D] -:F:n:WD_1:mbe.c:14	(at logger.py:129) 
2019-02-12 21:30:25,693 [D] subprocess cmd: ['source compile.sh /home/bohrok/Documents/DM/output/orbs/mbe/8/work'], stdout: b''	(at ex_script.py:45) 
2019-02-12 21:30:25,693 [D] ┌:F:n:WD_2:mbe.c:14	(at logger.py:129) 
2019-02-12 21:30:25,693 [D] └:F:n:WD_2:mbe.c:13	(at logger.py:129) 
2019-02-12 21:30:25,709 [D] subprocess cmd: ['source compile.sh /home/bohrok/Documents/DM/output/orbs/mbe/8/work'], stdout: b''	(at ex_script.py:45) 
2019-02-12 21:30:25,709 [D] ┌:F:n:WD_3:mbe.c:14	(at logger.py:129) 
2019-02-12 21:30:25,709 [D] |:F:n:WD_3:mbe.c:13	(at logger.py:129) 
2019-02-12 21:30:25,710 [D] └:F:n:WD_3:mbe.c:12	(at logger.py:129) 
2019-02-12 21:30:25,750 [D] -:P:c:WD_1:mbe.c:13	(at logger.py:129) 
2019-02-12 21:30:25,805 [D] -:P:n:WD_1:mbe.c:12	(at logger.py:129) 
2019-02-12 21:30:25,849 [D] -:P:c:WD_1:mbe.c:11	(at logger.py:129) 
2019-02-12 21:30:25,883 [D] -:P:c:WD_1:mbe.c:10	(at logger.py:129) 
2019-02-12 21:30:25,917 [D] -:P:c:WD_1:mbe.c:9	(at logger.py:129) 
2019-02-12 21:30:25,953 [D] -:P:c:WD_1:mbe.c:8	(at logger.py:129) 
2019-02-12 21:30:26,010 [D] -:P:n:WD_1:mbe.c:7	(at logger.py:129) 
2019-02-12 21:30:26,052 [D] -:P:c:WD_1:mbe.c:6	(at logger.py:129) 
2019-02-12 21:30:26,099 [D] -:P:n:WD_1:mbe.c:5	(at logger.py:129) 
2019-02-12 21:30:26,112 [D] subprocess cmd: ['source compile.sh /home/bohrok/Documents/DM/output/orbs/mbe/8/work'], stdout: b''	(at ex_script.py:45) 
2019-02-12 21:30:26,113 [D] -:F:n:WD_1:mbe.c:4	(at logger.py:129) 
2019-02-12 21:30:26,127 [D] subprocess cmd: ['source compile.sh /home/bohrok/Documents/DM/output/orbs/mbe/8/work'], stdout: b''	(at ex_script.py:45) 
2019-02-12 21:30:26,127 [D] ┌:F:n:WD_2:mbe.c:4	(at logger.py:129) 
2019-02-12 21:30:26,127 [D] └:F:n:WD_2:mbe.c:3	(at logger.py:129) 
2019-02-12 21:30:26,138 [D] subprocess cmd: ['source compile.sh /home/bohrok/Documents/DM/output/orbs/mbe/8/work'], stdout: b''	(at ex_script.py:45) 
2019-02-12 21:30:26,138 [D] ┌:F:n:WD_3:mbe.c:4	(at logger.py:129) 
2019-02-12 21:30:26,138 [D] |:F:n:WD_3:mbe.c:3	(at logger.py:129) 
2019-02-12 21:30:26,139 [D] └:F:n:WD_3:mbe.c:2	(at logger.py:129) 
2019-02-12 21:30:26,152 [D] subprocess cmd: ['source compile.sh /home/bohrok/Documents/DM/output/orbs/mbe/8/work'], stdout: b''	(at ex_script.py:45) 
2019-02-12 21:30:26,152 [D] -:F:n:WD_1:mbe.c:3	(at logger.py:129) 
2019-02-12 21:30:26,165 [D] subprocess cmd: ['source compile.sh /home/bohrok/Documents/DM/output/orbs/mbe/8/work'], stdout: b''	(at ex_script.py:45) 
2019-02-12 21:30:26,165 [D] ┌:F:n:WD_2:mbe.c:3	(at logger.py:129) 
2019-02-12 21:30:26,165 [D] └:F:n:WD_2:mbe.c:2	(at logger.py:129) 
2019-02-12 21:30:26,200 [D] ┌:P:c:WD_3:mbe.c:3	(at logger.py:129) 
2019-02-12 21:30:26,200 [D] |:P:c:WD_3:mbe.c:2	(at logger.py:129) 
2019-02-12 21:30:26,200 [D] └:P:c:WD_3:mbe.c:1	(at logger.py:129) 
2019-02-12 21:30:26,200 [D]  : : :pass:mbe.c:2	(at logger.py:129) 
2019-02-12 21:30:26,200 [D]  : : :pass:mbe.c:1	(at logger.py:129) 
2019-02-12 21:30:26,200 [D] comp_cached_cnt:0	(at logger.py:134) 
2019-02-12 21:30:26,200 [D] compile_cnt:165	(at logger.py:134) 
2019-02-12 21:30:26,200 [D] execute_cnt:30	(at logger.py:134) 
2019-02-12 21:30:26,200 [D] fail_del_cnt:22	(at logger.py:134) 
2019-02-12 21:30:26,200 [D] iter_idx:1	(at logger.py:134) 
2019-02-12 21:30:26,200 [D] reuse_cnt:24	(at logger.py:134) 
2019-02-12 21:30:26,200 [D] succ_del_cnt:32	(at logger.py:134) 
2019-02-12 21:30:26,201 [D] time:19.36548686027527	(at logger.py:134) 
2019-02-12 21:30:26,201 [D] deletion:36	(at logger.py:136) 
2019-02-12 21:30:26,201 [I] Iteration 1 finished	(at orbs.py:87) 
2019-02-12 21:30:26,217 [D] subprocess cmd: ['source compile.sh /home/bohrok/Documents/DM/output/orbs/mbe/8/work'], stdout: b''	(at ex_script.py:45) 
2019-02-12 21:30:26,217 [D] -:F:n:WD_1:mbe.c:79	(at logger.py:129) 
2019-02-12 21:30:26,232 [D] subprocess cmd: ['source compile.sh /home/bohrok/Documents/DM/output/orbs/mbe/8/work'], stdout: b''	(at ex_script.py:45) 
2019-02-12 21:30:26,232 [D] ┌:F:n:WD_2:mbe.c:79	(at logger.py:129) 
2019-02-12 21:30:26,232 [D] └:F:n:WD_2:mbe.c:77	(at logger.py:129) 
2019-02-12 21:30:26,287 [D] ┌:P:n:WD_3:mbe.c:79	(at logger.py:129) 
2019-02-12 21:30:26,287 [D] |:P:n:WD_3:mbe.c:77	(at logger.py:129) 
2019-02-12 21:30:26,287 [D] └:P:n:WD_3:mbe.c:76	(at logger.py:129) 
2019-02-12 21:30:26,287 [D]  : : :pass:mbe.c:78	(at logger.py:129) 
2019-02-12 21:30:26,287 [D]  : : :pass:mbe.c:77	(at logger.py:129) 
2019-02-12 21:30:26,287 [D]  : : :pass:mbe.c:76	(at logger.py:129) 
2019-02-12 21:30:26,287 [D]  : : :pass:mbe.c:75	(at logger.py:129) 
2019-02-12 21:30:26,304 [D] subprocess cmd: ['source compile.sh /home/bohrok/Documents/DM/output/orbs/mbe/8/work'], stdout: b''	(at ex_script.py:45) 
2019-02-12 21:30:26,304 [D] -:F:n:WD_1:mbe.c:74	(at logger.py:129) 
2019-02-12 21:30:26,323 [D] subprocess cmd: ['source compile.sh /home/bohrok/Documents/DM/output/orbs/mbe/8/work'], stdout: b''	(at ex_script.py:45) 
2019-02-12 21:30:26,324 [D] ┌:F:n:WD_2:mbe.c:74	(at logger.py:129) 
2019-02-12 21:30:26,324 [D] └:F:n:WD_2:mbe.c:73	(at logger.py:129) 
2019-02-12 21:30:26,340 [D] subprocess cmd: ['source compile.sh /home/bohrok/Documents/DM/output/orbs/mbe/8/work'], stdout: b''	(at ex_script.py:45) 
2019-02-12 21:30:26,340 [D] ┌:F:n:WD_3:mbe.c:74	(at logger.py:129) 
2019-02-12 21:30:26,341 [D] |:F:n:WD_3:mbe.c:73	(at logger.py:129) 
2019-02-12 21:30:26,341 [D] └:F:n:WD_3:mbe.c:72	(at logger.py:129) 
2019-02-12 21:30:26,385 [D] -:C:n:WD_1:mbe.c:73	(at logger.py:129) 
2019-02-12 21:30:26,400 [D] subprocess cmd: ['source compile.sh /home/bohrok/Documents/DM/output/orbs/mbe/8/work'], stdout: b''	(at ex_script.py:45) 
2019-02-12 21:30:26,400 [D] ┌:F:n:WD_2:mbe.c:73	(at logger.py:129) 
2019-02-12 21:30:26,400 [D] └:F:n:WD_2:mbe.c:72	(at logger.py:129) 
2019-02-12 21:30:26,414 [D] subprocess cmd: ['source compile.sh /home/bohrok/Documents/DM/output/orbs/mbe/8/work'], stdout: b''	(at ex_script.py:45) 
2019-02-12 21:30:26,415 [D] ┌:F:n:WD_3:mbe.c:73	(at logger.py:129) 
2019-02-12 21:30:26,415 [D] |:F:n:WD_3:mbe.c:72	(at logger.py:129) 
2019-02-12 21:30:26,415 [D] └:F:n:WD_3:mbe.c:71	(at logger.py:129) 
2019-02-12 21:30:26,428 [D] subprocess cmd: ['source compile.sh /home/bohrok/Documents/DM/output/orbs/mbe/8/work'], stdout: b''	(at ex_script.py:45) 
2019-02-12 21:30:26,429 [D] -:F:n:WD_1:mbe.c:72	(at logger.py:129) 
2019-02-12 21:30:26,443 [D] subprocess cmd: ['source compile.sh /home/bohrok/Documents/DM/output/orbs/mbe/8/work'], stdout: b''	(at ex_script.py:45) 
2019-02-12 21:30:26,443 [D] ┌:F:n:WD_2:mbe.c:72	(at logger.py:129) 
2019-02-12 21:30:26,443 [D] └:F:n:WD_2:mbe.c:71	(at logger.py:129) 
2019-02-12 21:30:26,458 [D] subprocess cmd: ['source compile.sh /home/bohrok/Documents/DM/output/orbs/mbe/8/work'], stdout: b''	(at ex_script.py:45) 
2019-02-12 21:30:26,458 [D] ┌:F:n:WD_3:mbe.c:72	(at logger.py:129) 
2019-02-12 21:30:26,459 [D] |:F:n:WD_3:mbe.c:71	(at logger.py:129) 
2019-02-12 21:30:26,459 [D] └:F:n:WD_3:mbe.c:69	(at logger.py:129) 
2019-02-12 21:30:26,474 [D] subprocess cmd: ['source compile.sh /home/bohrok/Documents/DM/output/orbs/mbe/8/work'], stdout: b''	(at ex_script.py:45) 
2019-02-12 21:30:26,475 [D] -:F:n:WD_1:mbe.c:71	(at logger.py:129) 
2019-02-12 21:30:26,490 [D] subprocess cmd: ['source compile.sh /home/bohrok/Documents/DM/output/orbs/mbe/8/work'], stdout: b''	(at ex_script.py:45) 
2019-02-12 21:30:26,490 [D] ┌:F:n:WD_2:mbe.c:71	(at logger.py:129) 
2019-02-12 21:30:26,490 [D] └:F:n:WD_2:mbe.c:69	(at logger.py:129) 
2019-02-12 21:30:26,490 [D] ┌:F:n:WD_3:mbe.c:71	(at logger.py:129) 
2019-02-12 21:30:26,491 [D] |:F:n:WD_3:mbe.c:69	(at logger.py:129) 
2019-02-12 21:30:26,491 [D] └:F:n:WD_3:mbe.c:67	(at logger.py:129) 
2019-02-12 21:30:26,491 [D]  : : :pass:mbe.c:70	(at logger.py:129) 
2019-02-12 21:30:26,507 [D] subprocess cmd: ['source compile.sh /home/bohrok/Documents/DM/output/orbs/mbe/8/work'], stdout: b''	(at ex_script.py:45) 
2019-02-12 21:30:26,507 [D] -:F:n:WD_1:mbe.c:69	(at logger.py:129) 
2019-02-12 21:30:26,529 [D] subprocess cmd: ['source compile.sh /home/bohrok/Documents/DM/output/orbs/mbe/8/work'], stdout: b''	(at ex_script.py:45) 
2019-02-12 21:30:26,529 [D] ┌:F:n:WD_2:mbe.c:69	(at logger.py:129) 
2019-02-12 21:30:26,530 [D] └:F:n:WD_2:mbe.c:67	(at logger.py:129) 
2019-02-12 21:30:26,577 [D] ┌:P:n:WD_3:mbe.c:69	(at logger.py:129) 
2019-02-12 21:30:26,578 [D] |:P:n:WD_3:mbe.c:67	(at logger.py:129) 
2019-02-12 21:30:26,578 [D] └:P:n:WD_3:mbe.c:66	(at logger.py:129) 
2019-02-12 21:30:26,578 [D]  : : :pass:mbe.c:68	(at logger.py:129) 
2019-02-12 21:30:26,578 [D]  : : :pass:mbe.c:67	(at logger.py:129) 
2019-02-12 21:30:26,578 [D]  : : :pass:mbe.c:66	(at logger.py:129) 
2019-02-12 21:30:26,578 [D]  : : :pass:mbe.c:65	(at logger.py:129) 
2019-02-12 21:30:26,592 [D] subprocess cmd: ['source compile.sh /home/bohrok/Documents/DM/output/orbs/mbe/8/work'], stdout: b''	(at ex_script.py:45) 
2019-02-12 21:30:26,592 [D] -:F:n:WD_1:mbe.c:64	(at logger.py:129) 
2019-02-12 21:30:26,607 [D] subprocess cmd: ['source compile.sh /home/bohrok/Documents/DM/output/orbs/mbe/8/work'], stdout: b''	(at ex_script.py:45) 
2019-02-12 21:30:26,607 [D] ┌:F:n:WD_2:mbe.c:64	(at logger.py:129) 
2019-02-12 21:30:26,607 [D] └:F:n:WD_2:mbe.c:63	(at logger.py:129) 
2019-02-12 21:30:26,625 [D] subprocess cmd: ['source compile.sh /home/bohrok/Documents/DM/output/orbs/mbe/8/work'], stdout: b''	(at ex_script.py:45) 
2019-02-12 21:30:26,625 [D] ┌:F:n:WD_3:mbe.c:64	(at logger.py:129) 
2019-02-12 21:30:26,625 [D] |:F:n:WD_3:mbe.c:63	(at logger.py:129) 
2019-02-12 21:30:26,625 [D] └:F:n:WD_3:mbe.c:62	(at logger.py:129) 
2019-02-12 21:30:26,675 [D] -:P:n:WD_1:mbe.c:63	(at logger.py:129) 
2019-02-12 21:30:26,690 [D] subprocess cmd: ['source compile.sh /home/bohrok/Documents/DM/output/orbs/mbe/8/work'], stdout: b''	(at ex_script.py:45) 
2019-02-12 21:30:26,690 [D] -:F:n:WD_1:mbe.c:62	(at logger.py:129) 
2019-02-12 21:30:26,706 [D] subprocess cmd: ['source compile.sh /home/bohrok/Documents/DM/output/orbs/mbe/8/work'], stdout: b''	(at ex_script.py:45) 
2019-02-12 21:30:26,706 [D] ┌:F:n:WD_2:mbe.c:62	(at logger.py:129) 
2019-02-12 21:30:26,706 [D] └:F:n:WD_2:mbe.c:61	(at logger.py:129) 
2019-02-12 21:30:26,754 [D] ┌:P:n:WD_3:mbe.c:62	(at logger.py:129) 
2019-02-12 21:30:26,754 [D] |:P:n:WD_3:mbe.c:61	(at logger.py:129) 
2019-02-12 21:30:26,754 [D] └:P:n:WD_3:mbe.c:59	(at logger.py:129) 
2019-02-12 21:30:26,754 [D]  : : :pass:mbe.c:61	(at logger.py:129) 
2019-02-12 21:30:26,754 [D]  : : :pass:mbe.c:60	(at logger.py:129) 
2019-02-12 21:30:26,755 [D]  : : :pass:mbe.c:59	(at logger.py:129) 
2019-02-12 21:30:26,815 [D] -:P:n:WD_1:mbe.c:58	(at logger.py:129) 
2019-02-12 21:30:26,815 [D]  : : :pass:mbe.c:57	(at logger.py:129) 
2019-02-12 21:30:26,815 [D]  : : :pass:mbe.c:56	(at logger.py:129) 
2019-02-12 21:30:26,815 [D]  : : :pass:mbe.c:55	(at logger.py:129) 
2019-02-12 21:30:26,815 [D]  : : :pass:mbe.c:54	(at logger.py:129) 
2019-02-12 21:30:26,815 [D]  : : :pass:mbe.c:53	(at logger.py:129) 
2019-02-12 21:30:26,831 [D] subprocess cmd: ['source compile.sh /home/bohrok/Documents/DM/output/orbs/mbe/8/work'], stdout: b''	(at ex_script.py:45) 
2019-02-12 21:30:26,831 [D] -:F:n:WD_1:mbe.c:52	(at logger.py:129) 
2019-02-12 21:30:26,846 [D] subprocess cmd: ['source compile.sh /home/bohrok/Documents/DM/output/orbs/mbe/8/work'], stdout: b''	(at ex_script.py:45) 
2019-02-12 21:30:26,846 [D] ┌:F:n:WD_2:mbe.c:52	(at logger.py:129) 
2019-02-12 21:30:26,847 [D] └:F:n:WD_2:mbe.c:51	(at logger.py:129) 
2019-02-12 21:30:26,896 [D] ┌:P:n:WD_3:mbe.c:52	(at logger.py:129) 
2019-02-12 21:30:26,896 [D] |:P:n:WD_3:mbe.c:51	(at logger.py:129) 
2019-02-12 21:30:26,896 [D] └:P:n:WD_3:mbe.c:49	(at logger.py:129) 
2019-02-12 21:30:26,896 [D]  : : :pass:mbe.c:51	(at logger.py:129) 
2019-02-12 21:30:26,896 [D]  : : :pass:mbe.c:50	(at logger.py:129) 
2019-02-12 21:30:26,896 [D]  : : :pass:mbe.c:49	(at logger.py:129) 
2019-02-12 21:30:26,911 [D] subprocess cmd: ['source compile.sh /home/bohrok/Documents/DM/output/orbs/mbe/8/work'], stdout: b''	(at ex_script.py:45) 
2019-02-12 21:30:26,911 [D] -:F:n:WD_1:mbe.c:48	(at logger.py:129) 
2019-02-12 21:30:26,926 [D] subprocess cmd: ['source compile.sh /home/bohrok/Documents/DM/output/orbs/mbe/8/work'], stdout: b''	(at ex_script.py:45) 
2019-02-12 21:30:26,926 [D] ┌:F:n:WD_2:mbe.c:48	(at logger.py:129) 
2019-02-12 21:30:26,926 [D] └:F:n:WD_2:mbe.c:47	(at logger.py:129) 
2019-02-12 21:30:26,977 [D] ┌:P:n:WD_3:mbe.c:48	(at logger.py:129) 
2019-02-12 21:30:26,977 [D] |:P:n:WD_3:mbe.c:47	(at logger.py:129) 
2019-02-12 21:30:26,977 [D] └:P:n:WD_3:mbe.c:46	(at logger.py:129) 
2019-02-12 21:30:26,977 [D]  : : :pass:mbe.c:47	(at logger.py:129) 
2019-02-12 21:30:26,977 [D]  : : :pass:mbe.c:46	(at logger.py:129) 
2019-02-12 21:30:26,977 [D]  : : :pass:mbe.c:45	(at logger.py:129) 
2019-02-12 21:30:26,994 [D] subprocess cmd: ['source compile.sh /home/bohrok/Documents/DM/output/orbs/mbe/8/work'], stdout: b''	(at ex_script.py:45) 
2019-02-12 21:30:26,994 [D] -:F:n:WD_1:mbe.c:44	(at logger.py:129) 
2019-02-12 21:30:27,015 [D] subprocess cmd: ['source compile.sh /home/bohrok/Documents/DM/output/orbs/mbe/8/work'], stdout: b''	(at ex_script.py:45) 
2019-02-12 21:30:27,015 [D] ┌:F:n:WD_2:mbe.c:44	(at logger.py:129) 
2019-02-12 21:30:27,015 [D] └:F:n:WD_2:mbe.c:43	(at logger.py:129) 
2019-02-12 21:30:27,031 [D] subprocess cmd: ['source compile.sh /home/bohrok/Documents/DM/output/orbs/mbe/8/work'], stdout: b''	(at ex_script.py:45) 
2019-02-12 21:30:27,031 [D] ┌:F:n:WD_3:mbe.c:44	(at logger.py:129) 
2019-02-12 21:30:27,031 [D] |:F:n:WD_3:mbe.c:43	(at logger.py:129) 
2019-02-12 21:30:27,031 [D] └:F:n:WD_3:mbe.c:42	(at logger.py:129) 
2019-02-12 21:30:27,078 [D] subprocess cmd: ['source execute.sh /home/bohrok/Documents/DM/output/orbs/mbe/8/work'], stdout: b''	(at ex_script.py:45) 
2019-02-12 21:30:27,079 [D] -:C:n:WD_1:mbe.c:43	(at logger.py:129) 
2019-02-12 21:30:27,093 [D] subprocess cmd: ['source compile.sh /home/bohrok/Documents/DM/output/orbs/mbe/8/work'], stdout: b''	(at ex_script.py:45) 
2019-02-12 21:30:27,093 [D] ┌:F:n:WD_2:mbe.c:43	(at logger.py:129) 
2019-02-12 21:30:27,094 [D] └:F:n:WD_2:mbe.c:42	(at logger.py:129) 
2019-02-12 21:30:27,109 [D] subprocess cmd: ['source compile.sh /home/bohrok/Documents/DM/output/orbs/mbe/8/work'], stdout: b''	(at ex_script.py:45) 
2019-02-12 21:30:27,109 [D] ┌:F:n:WD_3:mbe.c:43	(at logger.py:129) 
2019-02-12 21:30:27,109 [D] |:F:n:WD_3:mbe.c:42	(at logger.py:129) 
2019-02-12 21:30:27,110 [D] └:F:n:WD_3:mbe.c:41	(at logger.py:129) 
2019-02-12 21:30:27,124 [D] subprocess cmd: ['source compile.sh /home/bohrok/Documents/DM/output/orbs/mbe/8/work'], stdout: b''	(at ex_script.py:45) 
2019-02-12 21:30:27,125 [D] -:F:n:WD_1:mbe.c:42	(at logger.py:129) 
2019-02-12 21:30:27,139 [D] subprocess cmd: ['source compile.sh /home/bohrok/Documents/DM/output/orbs/mbe/8/work'], stdout: b''	(at ex_script.py:45) 
2019-02-12 21:30:27,140 [D] ┌:F:n:WD_2:mbe.c:42	(at logger.py:129) 
2019-02-12 21:30:27,140 [D] └:F:n:WD_2:mbe.c:41	(at logger.py:129) 
2019-02-12 21:30:27,155 [D] subprocess cmd: ['source compile.sh /home/bohrok/Documents/DM/output/orbs/mbe/8/work'], stdout: b''	(at ex_script.py:45) 
2019-02-12 21:30:27,155 [D] ┌:F:n:WD_3:mbe.c:42	(at logger.py:129) 
2019-02-12 21:30:27,156 [D] |:F:n:WD_3:mbe.c:41	(at logger.py:129) 
2019-02-12 21:30:27,156 [D] └:F:n:WD_3:mbe.c:40	(at logger.py:129) 
2019-02-12 21:30:28,198 [D] -:C:n:WD_1:mbe.c:41	(at logger.py:129) 
2019-02-12 21:30:28,395 [D] subprocess cmd: ['source compile.sh /home/bohrok/Documents/DM/output/orbs/mbe/8/work'], stdout: b''	(at ex_script.py:45) 
2019-02-12 21:30:28,395 [D] ┌:F:n:WD_2:mbe.c:41	(at logger.py:129) 
2019-02-12 21:30:28,395 [D] └:F:n:WD_2:mbe.c:40	(at logger.py:129) 
2019-02-12 21:30:28,428 [D] subprocess cmd: ['source compile.sh /home/bohrok/Documents/DM/output/orbs/mbe/8/work'], stdout: b''	(at ex_script.py:45) 
2019-02-12 21:30:28,429 [D] ┌:F:n:WD_3:mbe.c:41	(at logger.py:129) 
2019-02-12 21:30:28,429 [D] |:F:n:WD_3:mbe.c:40	(at logger.py:129) 
2019-02-12 21:30:28,429 [D] └:F:n:WD_3:mbe.c:39	(at logger.py:129) 
2019-02-12 21:30:28,444 [D] subprocess cmd: ['source compile.sh /home/bohrok/Documents/DM/output/orbs/mbe/8/work'], stdout: b''	(at ex_script.py:45) 
2019-02-12 21:30:28,444 [D] -:F:n:WD_1:mbe.c:40	(at logger.py:129) 
2019-02-12 21:30:28,460 [D] subprocess cmd: ['source compile.sh /home/bohrok/Documents/DM/output/orbs/mbe/8/work'], stdout: b''	(at ex_script.py:45) 
2019-02-12 21:30:28,460 [D] ┌:F:n:WD_2:mbe.c:40	(at logger.py:129) 
2019-02-12 21:30:28,460 [D] └:F:n:WD_2:mbe.c:39	(at logger.py:129) 
2019-02-12 21:30:28,500 [D] subprocess cmd: ['source compile.sh /home/bohrok/Documents/DM/output/orbs/mbe/8/work'], stdout: b''	(at ex_script.py:45) 
2019-02-12 21:30:28,500 [D] ┌:F:n:WD_3:mbe.c:40	(at logger.py:129) 
2019-02-12 21:30:28,500 [D] |:F:n:WD_3:mbe.c:39	(at logger.py:129) 
2019-02-12 21:30:28,500 [D] └:F:n:WD_3:mbe.c:37	(at logger.py:129) 
2019-02-12 21:30:28,520 [D] subprocess cmd: ['source compile.sh /home/bohrok/Documents/DM/output/orbs/mbe/8/work'], stdout: b''	(at ex_script.py:45) 
2019-02-12 21:30:28,520 [D] -:F:n:WD_1:mbe.c:39	(at logger.py:129) 
2019-02-12 21:30:28,536 [D] subprocess cmd: ['source compile.sh /home/bohrok/Documents/DM/output/orbs/mbe/8/work'], stdout: b''	(at ex_script.py:45) 
2019-02-12 21:30:28,536 [D] ┌:F:n:WD_2:mbe.c:39	(at logger.py:129) 
2019-02-12 21:30:28,536 [D] └:F:n:WD_2:mbe.c:37	(at logger.py:129) 
2019-02-12 21:30:28,552 [D] subprocess cmd: ['source compile.sh /home/bohrok/Documents/DM/output/orbs/mbe/8/work'], stdout: b''	(at ex_script.py:45) 
2019-02-12 21:30:28,552 [D] ┌:F:n:WD_3:mbe.c:39	(at logger.py:129) 
2019-02-12 21:30:28,553 [D] |:F:n:WD_3:mbe.c:37	(at logger.py:129) 
2019-02-12 21:30:28,553 [D] └:F:n:WD_3:mbe.c:35	(at logger.py:129) 
2019-02-12 21:30:28,553 [D]  : : :pass:mbe.c:38	(at logger.py:129) 
2019-02-12 21:30:28,569 [D] subprocess cmd: ['source compile.sh /home/bohrok/Documents/DM/output/orbs/mbe/8/work'], stdout: b''	(at ex_script.py:45) 
2019-02-12 21:30:28,569 [D] -:F:n:WD_1:mbe.c:37	(at logger.py:129) 
2019-02-12 21:30:28,586 [D] subprocess cmd: ['source compile.sh /home/bohrok/Documents/DM/output/orbs/mbe/8/work'], stdout: b''	(at ex_script.py:45) 
2019-02-12 21:30:28,586 [D] ┌:F:n:WD_2:mbe.c:37	(at logger.py:129) 
2019-02-12 21:30:28,587 [D] └:F:n:WD_2:mbe.c:35	(at logger.py:129) 
2019-02-12 21:30:28,602 [D] subprocess cmd: ['source compile.sh /home/bohrok/Documents/DM/output/orbs/mbe/8/work'], stdout: b''	(at ex_script.py:45) 
2019-02-12 21:30:28,603 [D] ┌:F:n:WD_3:mbe.c:37	(at logger.py:129) 
2019-02-12 21:30:28,603 [D] |:F:n:WD_3:mbe.c:35	(at logger.py:129) 
2019-02-12 21:30:28,603 [D] └:F:n:WD_3:mbe.c:34	(at logger.py:129) 
2019-02-12 21:30:28,603 [D]  : : :pass:mbe.c:36	(at logger.py:129) 
2019-02-12 21:30:28,619 [D] subprocess cmd: ['source compile.sh /home/bohrok/Documents/DM/output/orbs/mbe/8/work'], stdout: b''	(at ex_script.py:45) 
2019-02-12 21:30:28,619 [D] -:F:n:WD_1:mbe.c:35	(at logger.py:129) 
2019-02-12 21:30:28,634 [D] subprocess cmd: ['source compile.sh /home/bohrok/Documents/DM/output/orbs/mbe/8/work'], stdout: b''	(at ex_script.py:45) 
2019-02-12 21:30:28,634 [D] ┌:F:n:WD_2:mbe.c:35	(at logger.py:129) 
2019-02-12 21:30:28,634 [D] └:F:n:WD_2:mbe.c:34	(at logger.py:129) 
2019-02-12 21:30:28,650 [D] subprocess cmd: ['source compile.sh /home/bohrok/Documents/DM/output/orbs/mbe/8/work'], stdout: b''	(at ex_script.py:45) 
2019-02-12 21:30:28,650 [D] ┌:F:n:WD_3:mbe.c:35	(at logger.py:129) 
2019-02-12 21:30:28,651 [D] |:F:n:WD_3:mbe.c:34	(at logger.py:129) 
2019-02-12 21:30:28,651 [D] └:F:n:WD_3:mbe.c:32	(at logger.py:129) 
2019-02-12 21:30:28,665 [D] subprocess cmd: ['source compile.sh /home/bohrok/Documents/DM/output/orbs/mbe/8/work'], stdout: b''	(at ex_script.py:45) 
2019-02-12 21:30:28,666 [D] -:F:n:WD_1:mbe.c:34	(at logger.py:129) 
2019-02-12 21:30:28,681 [D] subprocess cmd: ['source compile.sh /home/bohrok/Documents/DM/output/orbs/mbe/8/work'], stdout: b''	(at ex_script.py:45) 
2019-02-12 21:30:28,681 [D] ┌:F:n:WD_2:mbe.c:34	(at logger.py:129) 
2019-02-12 21:30:28,681 [D] └:F:n:WD_2:mbe.c:32	(at logger.py:129) 
2019-02-12 21:30:28,697 [D] subprocess cmd: ['source compile.sh /home/bohrok/Documents/DM/output/orbs/mbe/8/work'], stdout: b''	(at ex_script.py:45) 
2019-02-12 21:30:28,697 [D] ┌:F:n:WD_3:mbe.c:34	(at logger.py:129) 
2019-02-12 21:30:28,697 [D] |:F:n:WD_3:mbe.c:32	(at logger.py:129) 
2019-02-12 21:30:28,697 [D] └:F:n:WD_3:mbe.c:31	(at logger.py:129) 
2019-02-12 21:30:28,697 [D]  : : :pass:mbe.c:33	(at logger.py:129) 
2019-02-12 21:30:28,762 [D] subprocess cmd: ['source execute.sh /home/bohrok/Documents/DM/output/orbs/mbe/8/work'], stdout: b''	(at ex_script.py:45) 
2019-02-12 21:30:28,762 [D] -:C:n:WD_1:mbe.c:32	(at logger.py:129) 
2019-02-12 21:30:29,812 [D] ┌:C:n:WD_2:mbe.c:32	(at logger.py:129) 
2019-02-12 21:30:29,812 [D] └:C:n:WD_2:mbe.c:31	(at logger.py:129) 
2019-02-12 21:30:29,831 [D] subprocess cmd: ['source compile.sh /home/bohrok/Documents/DM/output/orbs/mbe/8/work'], stdout: b''	(at ex_script.py:45) 
2019-02-12 21:30:29,831 [D] ┌:F:n:WD_3:mbe.c:32	(at logger.py:129) 
2019-02-12 21:30:29,831 [D] |:F:n:WD_3:mbe.c:31	(at logger.py:129) 
2019-02-12 21:30:29,831 [D] └:F:n:WD_3:mbe.c:29	(at logger.py:129) 
2019-02-12 21:30:30,869 [D] -:C:n:WD_1:mbe.c:31	(at logger.py:129) 
2019-02-12 21:30:30,884 [D] subprocess cmd: ['source compile.sh /home/bohrok/Documents/DM/output/orbs/mbe/8/work'], stdout: b''	(at ex_script.py:45) 
2019-02-12 21:30:30,884 [D] ┌:F:n:WD_2:mbe.c:31	(at logger.py:129) 
2019-02-12 21:30:30,884 [D] └:F:n:WD_2:mbe.c:29	(at logger.py:129) 
2019-02-12 21:30:30,922 [D] ┌:C:c:WD_3:mbe.c:31	(at logger.py:129) 
2019-02-12 21:30:30,922 [D] |:C:c:WD_3:mbe.c:29	(at logger.py:129) 
2019-02-12 21:30:30,922 [D] └:C:c:WD_3:mbe.c:27	(at logger.py:129) 
2019-02-12 21:30:30,922 [D]  : : :pass:mbe.c:30	(at logger.py:129) 
2019-02-12 21:30:30,939 [D] subprocess cmd: ['source compile.sh /home/bohrok/Documents/DM/output/orbs/mbe/8/work'], stdout: b''	(at ex_script.py:45) 
2019-02-12 21:30:30,939 [D] -:F:n:WD_1:mbe.c:29	(at logger.py:129) 
2019-02-12 21:30:30,981 [D] ┌:P:c:WD_2:mbe.c:29	(at logger.py:129) 
2019-02-12 21:30:30,981 [D] └:P:c:WD_2:mbe.c:27	(at logger.py:129) 
2019-02-12 21:30:30,981 [D]  : : :pass:mbe.c:28	(at logger.py:129) 
2019-02-12 21:30:30,981 [D]  : : :pass:mbe.c:27	(at logger.py:129) 
2019-02-12 21:30:30,981 [D]  : : :pass:mbe.c:26	(at logger.py:129) 
2019-02-12 21:30:30,999 [D] subprocess cmd: ['source compile.sh /home/bohrok/Documents/DM/output/orbs/mbe/8/work'], stdout: b''	(at ex_script.py:45) 
2019-02-12 21:30:31,000 [D] -:F:n:WD_1:mbe.c:25	(at logger.py:129) 
2019-02-12 21:30:31,020 [D] subprocess cmd: ['source compile.sh /home/bohrok/Documents/DM/output/orbs/mbe/8/work'], stdout: b''	(at ex_script.py:45) 
2019-02-12 21:30:31,021 [D] ┌:F:n:WD_2:mbe.c:25	(at logger.py:129) 
2019-02-12 21:30:31,021 [D] └:F:n:WD_2:mbe.c:23	(at logger.py:129) 
2019-02-12 21:30:31,040 [D] subprocess cmd: ['source compile.sh /home/bohrok/Documents/DM/output/orbs/mbe/8/work'], stdout: b''	(at ex_script.py:45) 
2019-02-12 21:30:31,040 [D] ┌:F:n:WD_3:mbe.c:25	(at logger.py:129) 
2019-02-12 21:30:31,040 [D] |:F:n:WD_3:mbe.c:23	(at logger.py:129) 
2019-02-12 21:30:31,040 [D] └:F:n:WD_3:mbe.c:22	(at logger.py:129) 
2019-02-12 21:30:31,040 [D]  : : :pass:mbe.c:24	(at logger.py:129) 
2019-02-12 21:30:31,057 [D] subprocess cmd: ['source compile.sh /home/bohrok/Documents/DM/output/orbs/mbe/8/work'], stdout: b''	(at ex_script.py:45) 
2019-02-12 21:30:31,057 [D] -:F:n:WD_1:mbe.c:23	(at logger.py:129) 
2019-02-12 21:30:31,072 [D] subprocess cmd: ['source compile.sh /home/bohrok/Documents/DM/output/orbs/mbe/8/work'], stdout: b''	(at ex_script.py:45) 
2019-02-12 21:30:31,072 [D] ┌:F:n:WD_2:mbe.c:23	(at logger.py:129) 
2019-02-12 21:30:31,072 [D] └:F:n:WD_2:mbe.c:22	(at logger.py:129) 
2019-02-12 21:30:31,089 [D] subprocess cmd: ['source compile.sh /home/bohrok/Documents/DM/output/orbs/mbe/8/work'], stdout: b''	(at ex_script.py:45) 
2019-02-12 21:30:31,089 [D] ┌:F:n:WD_3:mbe.c:23	(at logger.py:129) 
2019-02-12 21:30:31,089 [D] |:F:n:WD_3:mbe.c:22	(at logger.py:129) 
2019-02-12 21:30:31,089 [D] └:F:n:WD_3:mbe.c:19	(at logger.py:129) 
2019-02-12 21:30:31,151 [D] -:C:n:WD_1:mbe.c:22	(at logger.py:129) 
2019-02-12 21:30:31,204 [D] ┌:C:n:WD_2:mbe.c:22	(at logger.py:129) 
2019-02-12 21:30:31,204 [D] └:C:n:WD_2:mbe.c:19	(at logger.py:129) 
2019-02-12 21:30:31,220 [D] subprocess cmd: ['source compile.sh /home/bohrok/Documents/DM/output/orbs/mbe/8/work'], stdout: b''	(at ex_script.py:45) 
2019-02-12 21:30:31,220 [D] ┌:F:n:WD_3:mbe.c:22	(at logger.py:129) 
2019-02-12 21:30:31,220 [D] |:F:n:WD_3:mbe.c:19	(at logger.py:129) 
2019-02-12 21:30:31,220 [D] └:F:n:WD_3:mbe.c:16	(at logger.py:129) 
2019-02-12 21:30:31,220 [D]  : : :pass:mbe.c:21	(at logger.py:129) 
2019-02-12 21:30:31,221 [D]  : : :pass:mbe.c:20	(at logger.py:129) 
2019-02-12 21:30:31,276 [D] subprocess cmd: ['source execute.sh /home/bohrok/Documents/DM/output/orbs/mbe/8/work'], stdout: b''	(at ex_script.py:45) 
2019-02-12 21:30:31,277 [D] -:C:n:WD_1:mbe.c:19	(at logger.py:129) 
2019-02-12 21:30:31,297 [D] subprocess cmd: ['source compile.sh /home/bohrok/Documents/DM/output/orbs/mbe/8/work'], stdout: b''	(at ex_script.py:45) 
2019-02-12 21:30:31,297 [D] ┌:F:n:WD_2:mbe.c:19	(at logger.py:129) 
2019-02-12 21:30:31,298 [D] └:F:n:WD_2:mbe.c:16	(at logger.py:129) 
2019-02-12 21:30:31,318 [D] subprocess cmd: ['source compile.sh /home/bohrok/Documents/DM/output/orbs/mbe/8/work'], stdout: b''	(at ex_script.py:45) 
2019-02-12 21:30:31,318 [D] ┌:F:n:WD_3:mbe.c:19	(at logger.py:129) 
2019-02-12 21:30:31,318 [D] |:F:n:WD_3:mbe.c:16	(at logger.py:129) 
2019-02-12 21:30:31,318 [D] └:F:n:WD_3:mbe.c:15	(at logger.py:129) 
2019-02-12 21:30:31,318 [D]  : : :pass:mbe.c:18	(at logger.py:129) 
2019-02-12 21:30:31,318 [D]  : : :pass:mbe.c:17	(at logger.py:129) 
2019-02-12 21:30:31,336 [D] subprocess cmd: ['source compile.sh /home/bohrok/Documents/DM/output/orbs/mbe/8/work'], stdout: b''	(at ex_script.py:45) 
2019-02-12 21:30:31,336 [D] -:F:n:WD_1:mbe.c:16	(at logger.py:129) 
2019-02-12 21:30:31,354 [D] subprocess cmd: ['source compile.sh /home/bohrok/Documents/DM/output/orbs/mbe/8/work'], stdout: b''	(at ex_script.py:45) 
2019-02-12 21:30:31,354 [D] ┌:F:n:WD_2:mbe.c:16	(at logger.py:129) 
2019-02-12 21:30:31,354 [D] └:F:n:WD_2:mbe.c:15	(at logger.py:129) 
2019-02-12 21:30:31,373 [D] subprocess cmd: ['source compile.sh /home/bohrok/Documents/DM/output/orbs/mbe/8/work'], stdout: b''	(at ex_script.py:45) 
2019-02-12 21:30:31,374 [D] ┌:F:n:WD_3:mbe.c:16	(at logger.py:129) 
2019-02-12 21:30:31,374 [D] |:F:n:WD_3:mbe.c:15	(at logger.py:129) 
2019-02-12 21:30:31,374 [D] └:F:n:WD_3:mbe.c:14	(at logger.py:129) 
2019-02-12 21:30:31,390 [D] subprocess cmd: ['source compile.sh /home/bohrok/Documents/DM/output/orbs/mbe/8/work'], stdout: b''	(at ex_script.py:45) 
2019-02-12 21:30:31,390 [D] -:F:n:WD_1:mbe.c:15	(at logger.py:129) 
2019-02-12 21:30:31,406 [D] subprocess cmd: ['source compile.sh /home/bohrok/Documents/DM/output/orbs/mbe/8/work'], stdout: b''	(at ex_script.py:45) 
2019-02-12 21:30:31,406 [D] ┌:F:n:WD_2:mbe.c:15	(at logger.py:129) 
2019-02-12 21:30:31,407 [D] └:F:n:WD_2:mbe.c:14	(at logger.py:129) 
2019-02-12 21:30:31,421 [D] subprocess cmd: ['source compile.sh /home/bohrok/Documents/DM/output/orbs/mbe/8/work'], stdout: b''	(at ex_script.py:45) 
2019-02-12 21:30:31,421 [D] ┌:F:n:WD_3:mbe.c:15	(at logger.py:129) 
2019-02-12 21:30:31,421 [D] |:F:n:WD_3:mbe.c:14	(at logger.py:129) 
2019-02-12 21:30:31,421 [D] └:F:n:WD_3:mbe.c:4	(at logger.py:129) 
2019-02-12 21:30:31,440 [D] subprocess cmd: ['source compile.sh /home/bohrok/Documents/DM/output/orbs/mbe/8/work'], stdout: b''	(at ex_script.py:45) 
2019-02-12 21:30:31,440 [D] -:F:n:WD_1:mbe.c:14	(at logger.py:129) 
2019-02-12 21:30:31,455 [D] subprocess cmd: ['source compile.sh /home/bohrok/Documents/DM/output/orbs/mbe/8/work'], stdout: b''	(at ex_script.py:45) 
2019-02-12 21:30:31,455 [D] ┌:F:n:WD_2:mbe.c:14	(at logger.py:129) 
2019-02-12 21:30:31,455 [D] └:F:n:WD_2:mbe.c:4	(at logger.py:129) 
2019-02-12 21:30:31,455 [D] ┌:F:n:WD_3:mbe.c:14	(at logger.py:129) 
2019-02-12 21:30:31,455 [D] └:F:n:WD_3:mbe.c:4	(at logger.py:129) 
2019-02-12 21:30:31,456 [D]  : : :pass:mbe.c:13	(at logger.py:129) 
2019-02-12 21:30:31,456 [D]  : : :pass:mbe.c:12	(at logger.py:129) 
2019-02-12 21:30:31,456 [D]  : : :pass:mbe.c:11	(at logger.py:129) 
2019-02-12 21:30:31,456 [D]  : : :pass:mbe.c:10	(at logger.py:129) 
2019-02-12 21:30:31,456 [D]  : : :pass:mbe.c:9	(at logger.py:129) 
2019-02-12 21:30:31,456 [D]  : : :pass:mbe.c:8	(at logger.py:129) 
2019-02-12 21:30:31,456 [D]  : : :pass:mbe.c:7	(at logger.py:129) 
2019-02-12 21:30:31,456 [D]  : : :pass:mbe.c:6	(at logger.py:129) 
2019-02-12 21:30:31,456 [D]  : : :pass:mbe.c:5	(at logger.py:129) 
2019-02-12 21:30:31,472 [D] subprocess cmd: ['source compile.sh /home/bohrok/Documents/DM/output/orbs/mbe/8/work'], stdout: b''	(at ex_script.py:45) 
2019-02-12 21:30:31,472 [D] -:F:n:WD_1:mbe.c:4	(at logger.py:129) 
2019-02-12 21:30:31,473 [D] -:F:n:WD_2:mbe.c:4	(at logger.py:129) 
2019-02-12 21:30:31,473 [D] -:F:n:WD_3:mbe.c:4	(at logger.py:129) 
2019-02-12 21:30:31,473 [D]  : : :pass:mbe.c:3	(at logger.py:129) 
2019-02-12 21:30:31,473 [D]  : : :pass:mbe.c:2	(at logger.py:129) 
2019-02-12 21:30:31,473 [D]  : : :pass:mbe.c:1	(at logger.py:129) 
2019-02-12 21:30:31,473 [D] comp_cached_cnt:4	(at logger.py:134) 
2019-02-12 21:30:31,473 [D] compile_cnt:87	(at logger.py:134) 
2019-02-12 21:30:31,473 [D] execute_cnt:16	(at logger.py:134) 
2019-02-12 21:30:31,473 [D] fail_del_cnt:10	(at logger.py:134) 
2019-02-12 21:30:31,474 [D] iter_idx:2	(at logger.py:134) 
2019-02-12 21:30:31,474 [D] reuse_cnt:2	(at logger.py:134) 
2019-02-12 21:30:31,474 [D] succ_del_cnt:8	(at logger.py:134) 
2019-02-12 21:30:31,474 [D] time:5.272044658660889	(at logger.py:134) 
2019-02-12 21:30:31,474 [D] deletion:55	(at logger.py:136) 
2019-02-12 21:30:31,474 [I] Iteration 2 finished	(at orbs.py:87) 
2019-02-12 21:30:31,475 [D]  : : :pass:mbe.c:79	(at logger.py:129) 
2019-02-12 21:30:31,475 [D]  : : :pass:mbe.c:78	(at logger.py:129) 
2019-02-12 21:30:31,475 [D]  : : :pass:mbe.c:77	(at logger.py:129) 
2019-02-12 21:30:31,475 [D]  : : :pass:mbe.c:76	(at logger.py:129) 
2019-02-12 21:30:31,475 [D]  : : :pass:mbe.c:75	(at logger.py:129) 
2019-02-12 21:30:31,495 [D] subprocess cmd: ['source compile.sh /home/bohrok/Documents/DM/output/orbs/mbe/8/work'], stdout: b''	(at ex_script.py:45) 
2019-02-12 21:30:31,495 [D] -:F:n:WD_1:mbe.c:74	(at logger.py:129) 
2019-02-12 21:30:31,515 [D] subprocess cmd: ['source compile.sh /home/bohrok/Documents/DM/output/orbs/mbe/8/work'], stdout: b''	(at ex_script.py:45) 
2019-02-12 21:30:31,515 [D] ┌:F:n:WD_2:mbe.c:74	(at logger.py:129) 
2019-02-12 21:30:31,515 [D] └:F:n:WD_2:mbe.c:73	(at logger.py:129) 
2019-02-12 21:30:31,536 [D] subprocess cmd: ['source compile.sh /home/bohrok/Documents/DM/output/orbs/mbe/8/work'], stdout: b''	(at ex_script.py:45) 
2019-02-12 21:30:31,536 [D] ┌:F:n:WD_3:mbe.c:74	(at logger.py:129) 
2019-02-12 21:30:31,536 [D] |:F:n:WD_3:mbe.c:73	(at logger.py:129) 
2019-02-12 21:30:31,536 [D] └:F:n:WD_3:mbe.c:72	(at logger.py:129) 
2019-02-12 21:30:31,591 [D] -:C:n:WD_1:mbe.c:73	(at logger.py:129) 
2019-02-12 21:30:31,609 [D] subprocess cmd: ['source compile.sh /home/bohrok/Documents/DM/output/orbs/mbe/8/work'], stdout: b''	(at ex_script.py:45) 
2019-02-12 21:30:31,609 [D] ┌:F:n:WD_2:mbe.c:73	(at logger.py:129) 
2019-02-12 21:30:31,609 [D] └:F:n:WD_2:mbe.c:72	(at logger.py:129) 
2019-02-12 21:30:31,628 [D] subprocess cmd: ['source compile.sh /home/bohrok/Documents/DM/output/orbs/mbe/8/work'], stdout: b''	(at ex_script.py:45) 
2019-02-12 21:30:31,628 [D] ┌:F:n:WD_3:mbe.c:73	(at logger.py:129) 
2019-02-12 21:30:31,628 [D] |:F:n:WD_3:mbe.c:72	(at logger.py:129) 
2019-02-12 21:30:31,628 [D] └:F:n:WD_3:mbe.c:71	(at logger.py:129) 
2019-02-12 21:30:31,646 [D] subprocess cmd: ['source compile.sh /home/bohrok/Documents/DM/output/orbs/mbe/8/work'], stdout: b''	(at ex_script.py:45) 
2019-02-12 21:30:31,646 [D] -:F:n:WD_1:mbe.c:72	(at logger.py:129) 
2019-02-12 21:30:31,662 [D] subprocess cmd: ['source compile.sh /home/bohrok/Documents/DM/output/orbs/mbe/8/work'], stdout: b''	(at ex_script.py:45) 
2019-02-12 21:30:31,663 [D] ┌:F:n:WD_2:mbe.c:72	(at logger.py:129) 
2019-02-12 21:30:31,663 [D] └:F:n:WD_2:mbe.c:71	(at logger.py:129) 
2019-02-12 21:30:31,705 [D] subprocess cmd: ['source compile.sh /home/bohrok/Documents/DM/output/orbs/mbe/8/work'], stdout: b''	(at ex_script.py:45) 
2019-02-12 21:30:31,705 [D] ┌:F:n:WD_3:mbe.c:72	(at logger.py:129) 
2019-02-12 21:30:31,705 [D] |:F:n:WD_3:mbe.c:71	(at logger.py:129) 
2019-02-12 21:30:31,705 [D] └:F:n:WD_3:mbe.c:64	(at logger.py:129) 
2019-02-12 21:30:31,723 [D] subprocess cmd: ['source compile.sh /home/bohrok/Documents/DM/output/orbs/mbe/8/work'], stdout: b''	(at ex_script.py:45) 
2019-02-12 21:30:31,723 [D] -:F:n:WD_1:mbe.c:71	(at logger.py:129) 
2019-02-12 21:30:31,739 [D] subprocess cmd: ['source compile.sh /home/bohrok/Documents/DM/output/orbs/mbe/8/work'], stdout: b''	(at ex_script.py:45) 
2019-02-12 21:30:31,740 [D] ┌:F:n:WD_2:mbe.c:71	(at logger.py:129) 
2019-02-12 21:30:31,740 [D] └:F:n:WD_2:mbe.c:64	(at logger.py:129) 
2019-02-12 21:30:31,757 [D] subprocess cmd: ['source compile.sh /home/bohrok/Documents/DM/output/orbs/mbe/8/work'], stdout: b''	(at ex_script.py:45) 
2019-02-12 21:30:31,757 [D] ┌:F:n:WD_3:mbe.c:71	(at logger.py:129) 
2019-02-12 21:30:31,758 [D] |:F:n:WD_3:mbe.c:64	(at logger.py:129) 
2019-02-12 21:30:31,758 [D] └:F:n:WD_3:mbe.c:44	(at logger.py:129) 
2019-02-12 21:30:31,758 [D]  : : :pass:mbe.c:70	(at logger.py:129) 
2019-02-12 21:30:31,758 [D]  : : :pass:mbe.c:69	(at logger.py:129) 
2019-02-12 21:30:31,758 [D]  : : :pass:mbe.c:68	(at logger.py:129) 
2019-02-12 21:30:31,758 [D]  : : :pass:mbe.c:67	(at logger.py:129) 
2019-02-12 21:30:31,758 [D]  : : :pass:mbe.c:66	(at logger.py:129) 
2019-02-12 21:30:31,758 [D]  : : :pass:mbe.c:65	(at logger.py:129) 
2019-02-12 21:30:31,780 [D] subprocess cmd: ['source compile.sh /home/bohrok/Documents/DM/output/orbs/mbe/8/work'], stdout: b''	(at ex_script.py:45) 
2019-02-12 21:30:31,780 [D] -:F:n:WD_1:mbe.c:64	(at logger.py:129) 
2019-02-12 21:30:31,797 [D] subprocess cmd: ['source compile.sh /home/bohrok/Documents/DM/output/orbs/mbe/8/work'], stdout: b''	(at ex_script.py:45) 
2019-02-12 21:30:31,797 [D] ┌:F:n:WD_2:mbe.c:64	(at logger.py:129) 
2019-02-12 21:30:31,797 [D] └:F:n:WD_2:mbe.c:44	(at logger.py:129) 
2019-02-12 21:30:31,818 [D] subprocess cmd: ['source compile.sh /home/bohrok/Documents/DM/output/orbs/mbe/8/work'], stdout: b''	(at ex_script.py:45) 
2019-02-12 21:30:31,818 [D] ┌:F:n:WD_3:mbe.c:64	(at logger.py:129) 
2019-02-12 21:30:31,818 [D] |:F:n:WD_3:mbe.c:44	(at logger.py:129) 
2019-02-12 21:30:31,819 [D] └:F:n:WD_3:mbe.c:43	(at logger.py:129) 
2019-02-12 21:30:31,819 [D]  : : :pass:mbe.c:63	(at logger.py:129) 
2019-02-12 21:30:31,819 [D]  : : :pass:mbe.c:62	(at logger.py:129) 
2019-02-12 21:30:31,819 [D]  : : :pass:mbe.c:61	(at logger.py:129) 
2019-02-12 21:30:31,819 [D]  : : :pass:mbe.c:60	(at logger.py:129) 
2019-02-12 21:30:31,819 [D]  : : :pass:mbe.c:59	(at logger.py:129) 
2019-02-12 21:30:31,819 [D]  : : :pass:mbe.c:58	(at logger.py:129) 
2019-02-12 21:30:31,819 [D]  : : :pass:mbe.c:57	(at logger.py:129) 
2019-02-12 21:30:31,819 [D]  : : :pass:mbe.c:56	(at logger.py:129) 
2019-02-12 21:30:31,820 [D]  : : :pass:mbe.c:55	(at logger.py:129) 
2019-02-12 21:30:31,820 [D]  : : :pass:mbe.c:54	(at logger.py:129) 
2019-02-12 21:30:31,820 [D]  : : :pass:mbe.c:53	(at logger.py:129) 
2019-02-12 21:30:31,820 [D]  : : :pass:mbe.c:52	(at logger.py:129) 
2019-02-12 21:30:31,820 [D]  : : :pass:mbe.c:51	(at logger.py:129) 
2019-02-12 21:30:31,820 [D]  : : :pass:mbe.c:50	(at logger.py:129) 
2019-02-12 21:30:31,820 [D]  : : :pass:mbe.c:49	(at logger.py:129) 
2019-02-12 21:30:31,820 [D]  : : :pass:mbe.c:48	(at logger.py:129) 
2019-02-12 21:30:31,820 [D]  : : :pass:mbe.c:47	(at logger.py:129) 
2019-02-12 21:30:31,820 [D]  : : :pass:mbe.c:46	(at logger.py:129) 
2019-02-12 21:30:31,821 [D]  : : :pass:mbe.c:45	(at logger.py:129) 
2019-02-12 21:30:31,840 [D] subprocess cmd: ['source compile.sh /home/bohrok/Documents/DM/output/orbs/mbe/8/work'], stdout: b''	(at ex_script.py:45) 
2019-02-12 21:30:31,840 [D] -:F:n:WD_1:mbe.c:44	(at logger.py:129) 
2019-02-12 21:30:31,858 [D] subprocess cmd: ['source compile.sh /home/bohrok/Documents/DM/output/orbs/mbe/8/work'], stdout: b''	(at ex_script.py:45) 
2019-02-12 21:30:31,859 [D] ┌:F:n:WD_2:mbe.c:44	(at logger.py:129) 
2019-02-12 21:30:31,859 [D] └:F:n:WD_2:mbe.c:43	(at logger.py:129) 
2019-02-12 21:30:31,877 [D] subprocess cmd: ['source compile.sh /home/bohrok/Documents/DM/output/orbs/mbe/8/work'], stdout: b''	(at ex_script.py:45) 
2019-02-12 21:30:31,878 [D] ┌:F:n:WD_3:mbe.c:44	(at logger.py:129) 
2019-02-12 21:30:31,878 [D] |:F:n:WD_3:mbe.c:43	(at logger.py:129) 
2019-02-12 21:30:31,878 [D] └:F:n:WD_3:mbe.c:42	(at logger.py:129) 
2019-02-12 21:30:31,923 [D] -:C:c:WD_1:mbe.c:43	(at logger.py:129) 
2019-02-12 21:30:31,944 [D] subprocess cmd: ['source compile.sh /home/bohrok/Documents/DM/output/orbs/mbe/8/work'], stdout: b''	(at ex_script.py:45) 
2019-02-12 21:30:31,944 [D] ┌:F:n:WD_2:mbe.c:43	(at logger.py:129) 
2019-02-12 21:30:31,944 [D] └:F:n:WD_2:mbe.c:42	(at logger.py:129) 
2019-02-12 21:30:31,962 [D] subprocess cmd: ['source compile.sh /home/bohrok/Documents/DM/output/orbs/mbe/8/work'], stdout: b''	(at ex_script.py:45) 
2019-02-12 21:30:31,963 [D] ┌:F:n:WD_3:mbe.c:43	(at logger.py:129) 
2019-02-12 21:30:31,963 [D] |:F:n:WD_3:mbe.c:42	(at logger.py:129) 
2019-02-12 21:30:31,963 [D] └:F:n:WD_3:mbe.c:41	(at logger.py:129) 
2019-02-12 21:30:31,980 [D] subprocess cmd: ['source compile.sh /home/bohrok/Documents/DM/output/orbs/mbe/8/work'], stdout: b''	(at ex_script.py:45) 
2019-02-12 21:30:31,981 [D] -:F:n:WD_1:mbe.c:42	(at logger.py:129) 
2019-02-12 21:30:32,001 [D] subprocess cmd: ['source compile.sh /home/bohrok/Documents/DM/output/orbs/mbe/8/work'], stdout: b''	(at ex_script.py:45) 
2019-02-12 21:30:32,001 [D] ┌:F:n:WD_2:mbe.c:42	(at logger.py:129) 
2019-02-12 21:30:32,001 [D] └:F:n:WD_2:mbe.c:41	(at logger.py:129) 
2019-02-12 21:30:32,021 [D] subprocess cmd: ['source compile.sh /home/bohrok/Documents/DM/output/orbs/mbe/8/work'], stdout: b''	(at ex_script.py:45) 
2019-02-12 21:30:32,022 [D] ┌:F:n:WD_3:mbe.c:42	(at logger.py:129) 
2019-02-12 21:30:32,022 [D] |:F:n:WD_3:mbe.c:41	(at logger.py:129) 
2019-02-12 21:30:32,022 [D] └:F:n:WD_3:mbe.c:40	(at logger.py:129) 
2019-02-12 21:30:32,059 [D] -:C:c:WD_1:mbe.c:41	(at logger.py:129) 
2019-02-12 21:30:32,073 [D] subprocess cmd: ['source compile.sh /home/bohrok/Documents/DM/output/orbs/mbe/8/work'], stdout: b''	(at ex_script.py:45) 
2019-02-12 21:30:32,073 [D] ┌:F:n:WD_2:mbe.c:41	(at logger.py:129) 
2019-02-12 21:30:32,073 [D] └:F:n:WD_2:mbe.c:40	(at logger.py:129) 
2019-02-12 21:30:32,087 [D] subprocess cmd: ['source compile.sh /home/bohrok/Documents/DM/output/orbs/mbe/8/work'], stdout: b''	(at ex_script.py:45) 
2019-02-12 21:30:32,088 [D] ┌:F:n:WD_3:mbe.c:41	(at logger.py:129) 
2019-02-12 21:30:32,088 [D] |:F:n:WD_3:mbe.c:40	(at logger.py:129) 
2019-02-12 21:30:32,088 [D] └:F:n:WD_3:mbe.c:39	(at logger.py:129) 
2019-02-12 21:30:32,102 [D] subprocess cmd: ['source compile.sh /home/bohrok/Documents/DM/output/orbs/mbe/8/work'], stdout: b''	(at ex_script.py:45) 
2019-02-12 21:30:32,103 [D] -:F:n:WD_1:mbe.c:40	(at logger.py:129) 
2019-02-12 21:30:32,118 [D] subprocess cmd: ['source compile.sh /home/bohrok/Documents/DM/output/orbs/mbe/8/work'], stdout: b''	(at ex_script.py:45) 
2019-02-12 21:30:32,119 [D] ┌:F:n:WD_2:mbe.c:40	(at logger.py:129) 
2019-02-12 21:30:32,119 [D] └:F:n:WD_2:mbe.c:39	(at logger.py:129) 
2019-02-12 21:30:32,160 [D] subprocess cmd: ['source compile.sh /home/bohrok/Documents/DM/output/orbs/mbe/8/work'], stdout: b''	(at ex_script.py:45) 
2019-02-12 21:30:32,160 [D] ┌:F:n:WD_3:mbe.c:40	(at logger.py:129) 
2019-02-12 21:30:32,160 [D] |:F:n:WD_3:mbe.c:39	(at logger.py:129) 
2019-02-12 21:30:32,161 [D] └:F:n:WD_3:mbe.c:37	(at logger.py:129) 
2019-02-12 21:30:32,175 [D] subprocess cmd: ['source compile.sh /home/bohrok/Documents/DM/output/orbs/mbe/8/work'], stdout: b''	(at ex_script.py:45) 
2019-02-12 21:30:32,176 [D] -:F:n:WD_1:mbe.c:39	(at logger.py:129) 
2019-02-12 21:30:32,191 [D] subprocess cmd: ['source compile.sh /home/bohrok/Documents/DM/output/orbs/mbe/8/work'], stdout: b''	(at ex_script.py:45) 
2019-02-12 21:30:32,191 [D] ┌:F:n:WD_2:mbe.c:39	(at logger.py:129) 
2019-02-12 21:30:32,191 [D] └:F:n:WD_2:mbe.c:37	(at logger.py:129) 
2019-02-12 21:30:32,204 [D] subprocess cmd: ['source compile.sh /home/bohrok/Documents/DM/output/orbs/mbe/8/work'], stdout: b''	(at ex_script.py:45) 
2019-02-12 21:30:32,204 [D] ┌:F:n:WD_3:mbe.c:39	(at logger.py:129) 
2019-02-12 21:30:32,204 [D] |:F:n:WD_3:mbe.c:37	(at logger.py:129) 
2019-02-12 21:30:32,204 [D] └:F:n:WD_3:mbe.c:35	(at logger.py:129) 
2019-02-12 21:30:32,204 [D]  : : :pass:mbe.c:38	(at logger.py:129) 
2019-02-12 21:30:32,219 [D] subprocess cmd: ['source compile.sh /home/bohrok/Documents/DM/output/orbs/mbe/8/work'], stdout: b''	(at ex_script.py:45) 
2019-02-12 21:30:32,219 [D] -:F:n:WD_1:mbe.c:37	(at logger.py:129) 
2019-02-12 21:30:32,234 [D] subprocess cmd: ['source compile.sh /home/bohrok/Documents/DM/output/orbs/mbe/8/work'], stdout: b''	(at ex_script.py:45) 
2019-02-12 21:30:32,234 [D] ┌:F:n:WD_2:mbe.c:37	(at logger.py:129) 
2019-02-12 21:30:32,234 [D] └:F:n:WD_2:mbe.c:35	(at logger.py:129) 
2019-02-12 21:30:32,250 [D] subprocess cmd: ['source compile.sh /home/bohrok/Documents/DM/output/orbs/mbe/8/work'], stdout: b''	(at ex_script.py:45) 
2019-02-12 21:30:32,250 [D] ┌:F:n:WD_3:mbe.c:37	(at logger.py:129) 
2019-02-12 21:30:32,250 [D] |:F:n:WD_3:mbe.c:35	(at logger.py:129) 
2019-02-12 21:30:32,250 [D] └:F:n:WD_3:mbe.c:34	(at logger.py:129) 
2019-02-12 21:30:32,250 [D]  : : :pass:mbe.c:36	(at logger.py:129) 
2019-02-12 21:30:32,267 [D] subprocess cmd: ['source compile.sh /home/bohrok/Documents/DM/output/orbs/mbe/8/work'], stdout: b''	(at ex_script.py:45) 
2019-02-12 21:30:32,268 [D] -:F:n:WD_1:mbe.c:35	(at logger.py:129) 
2019-02-12 21:30:32,289 [D] subprocess cmd: ['source compile.sh /home/bohrok/Documents/DM/output/orbs/mbe/8/work'], stdout: b''	(at ex_script.py:45) 
2019-02-12 21:30:32,289 [D] ┌:F:n:WD_2:mbe.c:35	(at logger.py:129) 
2019-02-12 21:30:32,289 [D] └:F:n:WD_2:mbe.c:34	(at logger.py:129) 
2019-02-12 21:30:32,306 [D] subprocess cmd: ['source compile.sh /home/bohrok/Documents/DM/output/orbs/mbe/8/work'], stdout: b''	(at ex_script.py:45) 
2019-02-12 21:30:32,307 [D] ┌:F:n:WD_3:mbe.c:35	(at logger.py:129) 
2019-02-12 21:30:32,307 [D] |:F:n:WD_3:mbe.c:34	(at logger.py:129) 
2019-02-12 21:30:32,307 [D] └:F:n:WD_3:mbe.c:32	(at logger.py:129) 
2019-02-12 21:30:32,327 [D] subprocess cmd: ['source compile.sh /home/bohrok/Documents/DM/output/orbs/mbe/8/work'], stdout: b''	(at ex_script.py:45) 
2019-02-12 21:30:32,327 [D] -:F:n:WD_1:mbe.c:34	(at logger.py:129) 
2019-02-12 21:30:32,342 [D] subprocess cmd: ['source compile.sh /home/bohrok/Documents/DM/output/orbs/mbe/8/work'], stdout: b''	(at ex_script.py:45) 
2019-02-12 21:30:32,342 [D] ┌:F:n:WD_2:mbe.c:34	(at logger.py:129) 
2019-02-12 21:30:32,343 [D] └:F:n:WD_2:mbe.c:32	(at logger.py:129) 
2019-02-12 21:30:32,358 [D] subprocess cmd: ['source compile.sh /home/bohrok/Documents/DM/output/orbs/mbe/8/work'], stdout: b''	(at ex_script.py:45) 
2019-02-12 21:30:32,358 [D] ┌:F:n:WD_3:mbe.c:34	(at logger.py:129) 
2019-02-12 21:30:32,359 [D] |:F:n:WD_3:mbe.c:32	(at logger.py:129) 
2019-02-12 21:30:32,359 [D] └:F:n:WD_3:mbe.c:31	(at logger.py:129) 
2019-02-12 21:30:32,359 [D]  : : :pass:mbe.c:33	(at logger.py:129) 
2019-02-12 21:30:32,400 [D] -:C:c:WD_1:mbe.c:32	(at logger.py:129) 
2019-02-12 21:30:32,434 [D] ┌:C:c:WD_2:mbe.c:32	(at logger.py:129) 
2019-02-12 21:30:32,434 [D] └:C:c:WD_2:mbe.c:31	(at logger.py:129) 
2019-02-12 21:30:32,450 [D] subprocess cmd: ['source compile.sh /home/bohrok/Documents/DM/output/orbs/mbe/8/work'], stdout: b''	(at ex_script.py:45) 
2019-02-12 21:30:32,451 [D] ┌:F:n:WD_3:mbe.c:32	(at logger.py:129) 
2019-02-12 21:30:32,451 [D] |:F:n:WD_3:mbe.c:31	(at logger.py:129) 
2019-02-12 21:30:32,451 [D] └:F:n:WD_3:mbe.c:25	(at logger.py:129) 
2019-02-12 21:30:32,451 [D] -:C:c:WD_1:mbe.c:31	(at logger.py:129) 
2019-02-12 21:30:32,466 [D] subprocess cmd: ['source compile.sh /home/bohrok/Documents/DM/output/orbs/mbe/8/work'], stdout: b''	(at ex_script.py:45) 
2019-02-12 21:30:32,467 [D] ┌:F:n:WD_2:mbe.c:31	(at logger.py:129) 
2019-02-12 21:30:32,467 [D] └:F:n:WD_2:mbe.c:25	(at logger.py:129) 
2019-02-12 21:30:32,484 [D] subprocess cmd: ['source compile.sh /home/bohrok/Documents/DM/output/orbs/mbe/8/work'], stdout: b''	(at ex_script.py:45) 
2019-02-12 21:30:32,484 [D] ┌:F:n:WD_3:mbe.c:31	(at logger.py:129) 
2019-02-12 21:30:32,484 [D] |:F:n:WD_3:mbe.c:25	(at logger.py:129) 
2019-02-12 21:30:32,484 [D] └:F:n:WD_3:mbe.c:23	(at logger.py:129) 
2019-02-12 21:30:32,484 [D]  : : :pass:mbe.c:30	(at logger.py:129) 
2019-02-12 21:30:32,484 [D]  : : :pass:mbe.c:29	(at logger.py:129) 
2019-02-12 21:30:32,484 [D]  : : :pass:mbe.c:28	(at logger.py:129) 
2019-02-12 21:30:32,484 [D]  : : :pass:mbe.c:27	(at logger.py:129) 
2019-02-12 21:30:32,484 [D]  : : :pass:mbe.c:26	(at logger.py:129) 
2019-02-12 21:30:32,484 [D] -:F:n:WD_1:mbe.c:25	(at logger.py:129) 
2019-02-12 21:30:32,485 [D] ┌:F:n:WD_2:mbe.c:25	(at logger.py:129) 
2019-02-12 21:30:32,485 [D] └:F:n:WD_2:mbe.c:23	(at logger.py:129) 
2019-02-12 21:30:32,485 [D] ┌:F:n:WD_3:mbe.c:25	(at logger.py:129) 
2019-02-12 21:30:32,485 [D] |:F:n:WD_3:mbe.c:23	(at logger.py:129) 
2019-02-12 21:30:32,485 [D] └:F:n:WD_3:mbe.c:22	(at logger.py:129) 
2019-02-12 21:30:32,485 [D]  : : :pass:mbe.c:24	(at logger.py:129) 
2019-02-12 21:30:32,485 [D] -:F:n:WD_1:mbe.c:23	(at logger.py:129) 
2019-02-12 21:30:32,485 [D] ┌:F:n:WD_2:mbe.c:23	(at logger.py:129) 
2019-02-12 21:30:32,485 [D] └:F:n:WD_2:mbe.c:22	(at logger.py:129) 
2019-02-12 21:30:32,485 [D] ┌:F:n:WD_3:mbe.c:23	(at logger.py:129) 
2019-02-12 21:30:32,485 [D] |:F:n:WD_3:mbe.c:22	(at logger.py:129) 
2019-02-12 21:30:32,485 [D] └:F:n:WD_3:mbe.c:19	(at logger.py:129) 
2019-02-12 21:30:32,486 [D] -:C:c:WD_1:mbe.c:22	(at logger.py:129) 
2019-02-12 21:30:32,486 [D] ┌:C:c:WD_2:mbe.c:22	(at logger.py:129) 
2019-02-12 21:30:32,486 [D] └:C:c:WD_2:mbe.c:19	(at logger.py:129) 
2019-02-12 21:30:32,486 [D] ┌:F:n:WD_3:mbe.c:22	(at logger.py:129) 
2019-02-12 21:30:32,486 [D] |:F:n:WD_3:mbe.c:19	(at logger.py:129) 
2019-02-12 21:30:32,486 [D] └:F:n:WD_3:mbe.c:16	(at logger.py:129) 
2019-02-12 21:30:32,486 [D]  : : :pass:mbe.c:21	(at logger.py:129) 
2019-02-12 21:30:32,486 [D]  : : :pass:mbe.c:20	(at logger.py:129) 
2019-02-12 21:30:32,486 [D] -:C:c:WD_1:mbe.c:19	(at logger.py:129) 
2019-02-12 21:30:32,486 [D] ┌:F:n:WD_2:mbe.c:19	(at logger.py:129) 
2019-02-12 21:30:32,486 [D] └:F:n:WD_2:mbe.c:16	(at logger.py:129) 
2019-02-12 21:30:32,486 [D] ┌:F:n:WD_3:mbe.c:19	(at logger.py:129) 
2019-02-12 21:30:32,486 [D] |:F:n:WD_3:mbe.c:16	(at logger.py:129) 
2019-02-12 21:30:32,487 [D] └:F:n:WD_3:mbe.c:15	(at logger.py:129) 
2019-02-12 21:30:32,487 [D]  : : :pass:mbe.c:18	(at logger.py:129) 
2019-02-12 21:30:32,487 [D]  : : :pass:mbe.c:17	(at logger.py:129) 
2019-02-12 21:30:32,487 [D] -:F:n:WD_1:mbe.c:16	(at logger.py:129) 
2019-02-12 21:30:32,487 [D] ┌:F:n:WD_2:mbe.c:16	(at logger.py:129) 
2019-02-12 21:30:32,487 [D] └:F:n:WD_2:mbe.c:15	(at logger.py:129) 
2019-02-12 21:30:32,487 [D] ┌:F:n:WD_3:mbe.c:16	(at logger.py:129) 
2019-02-12 21:30:32,487 [D] |:F:n:WD_3:mbe.c:15	(at logger.py:129) 
2019-02-12 21:30:32,487 [D] └:F:n:WD_3:mbe.c:14	(at logger.py:129) 
2019-02-12 21:30:32,487 [D] -:F:n:WD_1:mbe.c:15	(at logger.py:129) 
2019-02-12 21:30:32,487 [D] ┌:F:n:WD_2:mbe.c:15	(at logger.py:129) 
2019-02-12 21:30:32,487 [D] └:F:n:WD_2:mbe.c:14	(at logger.py:129) 
2019-02-12 21:30:32,487 [D] ┌:F:n:WD_3:mbe.c:15	(at logger.py:129) 
2019-02-12 21:30:32,488 [D] |:F:n:WD_3:mbe.c:14	(at logger.py:129) 
2019-02-12 21:30:32,488 [D] └:F:n:WD_3:mbe.c:4	(at logger.py:129) 
2019-02-12 21:30:32,488 [D] -:F:n:WD_1:mbe.c:14	(at logger.py:129) 
2019-02-12 21:30:32,488 [D] ┌:F:n:WD_2:mbe.c:14	(at logger.py:129) 
2019-02-12 21:30:32,488 [D] └:F:n:WD_2:mbe.c:4	(at logger.py:129) 
2019-02-12 21:30:32,488 [D] ┌:F:n:WD_3:mbe.c:14	(at logger.py:129) 
2019-02-12 21:30:32,488 [D] └:F:n:WD_3:mbe.c:4	(at logger.py:129) 
2019-02-12 21:30:32,488 [D]  : : :pass:mbe.c:13	(at logger.py:129) 
2019-02-12 21:30:32,488 [D]  : : :pass:mbe.c:12	(at logger.py:129) 
2019-02-12 21:30:32,488 [D]  : : :pass:mbe.c:11	(at logger.py:129) 
2019-02-12 21:30:32,488 [D]  : : :pass:mbe.c:10	(at logger.py:129) 
2019-02-12 21:30:32,488 [D]  : : :pass:mbe.c:9	(at logger.py:129) 
2019-02-12 21:30:32,488 [D]  : : :pass:mbe.c:8	(at logger.py:129) 
2019-02-12 21:30:32,488 [D]  : : :pass:mbe.c:7	(at logger.py:129) 
2019-02-12 21:30:32,489 [D]  : : :pass:mbe.c:6	(at logger.py:129) 
2019-02-12 21:30:32,489 [D]  : : :pass:mbe.c:5	(at logger.py:129) 
2019-02-12 21:30:32,489 [D] -:F:n:WD_1:mbe.c:4	(at logger.py:129) 
2019-02-12 21:30:32,489 [D] -:F:n:WD_2:mbe.c:4	(at logger.py:129) 
2019-02-12 21:30:32,489 [D] -:F:n:WD_3:mbe.c:4	(at logger.py:129) 
2019-02-12 21:30:32,489 [D]  : : :pass:mbe.c:3	(at logger.py:129) 
2019-02-12 21:30:32,489 [D]  : : :pass:mbe.c:2	(at logger.py:129) 
2019-02-12 21:30:32,489 [D]  : : :pass:mbe.c:1	(at logger.py:129) 
2019-02-12 21:30:32,489 [D] comp_cached_cnt:25	(at logger.py:134) 
2019-02-12 21:30:32,489 [D] compile_cnt:47	(at logger.py:134) 
2019-02-12 21:30:32,489 [D] execute_cnt:1	(at logger.py:134) 
2019-02-12 21:30:32,489 [D] fail_del_cnt:9	(at logger.py:134) 
2019-02-12 21:30:32,489 [D] iter_idx:3	(at logger.py:134) 
2019-02-12 21:30:32,489 [D] reuse_cnt:8	(at logger.py:134) 
2019-02-12 21:30:32,489 [D] succ_del_cnt:0	(at logger.py:134) 
2019-02-12 21:30:32,489 [D] time:1.0143213272094727	(at logger.py:134) 
2019-02-12 21:30:32,490 [D] deletion:55	(at logger.py:136) 
2019-02-12 21:30:32,490 [I] Iteration 3 finished	(at orbs.py:87) 
2019-02-12 21:30:32,490 [D] total_lines:79	(at logger.py:74) 
2019-02-12 21:30:32,490 [D] iteration_cnt:3	(at logger.py:75) 
2019-02-12 21:30:32,490 [D] comp_cached_cnt:29	(at logger.py:79) 
2019-02-12 21:30:32,490 [D] compile_cnt:299	(at logger.py:79) 
2019-02-12 21:30:32,490 [D] execute_cnt:47	(at logger.py:79) 
2019-02-12 21:30:32,490 [D] fail_del_cnt:41	(at logger.py:79) 
2019-02-12 21:30:32,490 [D] reuse_cnt:34	(at logger.py:79) 
2019-02-12 21:30:32,490 [D] succ_del_cnt:40	(at logger.py:79) 
2019-02-12 21:30:32,490 [D] time:25.65614914894104	(at logger.py:80) 
2019-02-12 21:30:32,491 [D] deletion:55	(at logger.py:82) 
2019-02-12 21:30:32,491 [I] ORBS fin.	(at orbs.py:91) 
2019-02-12 21:30:32,491 [I] ===== END - RUN ==============================================	(at main.py:95) 
2019-02-12 21:30:32,491 [I] 	(at main.py:96) 
