2019-03-02 02:05:40,500 [D]  : : :pass:mug.c:63	(at logger.py:129) 
2019-03-02 02:05:40,500 [D]  : : :pass:mug.c:62	(at logger.py:129) 
2019-03-02 02:05:40,500 [D]  : : :pass:mug.c:61	(at logger.py:129) 
2019-03-02 02:05:40,500 [D]  : : :pass:mug.c:60	(at logger.py:129) 
2019-03-02 02:05:40,500 [D]  : : :pass:mug.c:59	(at logger.py:129) 
2019-03-02 02:05:40,501 [D]  : : :pass:mug.c:58	(at logger.py:129) 
2019-03-02 02:05:40,501 [D]  : : :pass:mug.c:57	(at logger.py:129) 
2019-03-02 02:05:40,501 [D]  : : :pass:mug.c:56	(at logger.py:129) 
2019-03-02 02:05:40,513 [D] -:F:n:WD_1:mug.c:55	(at logger.py:129) 
2019-03-02 02:05:40,527 [D] ┌:F:n:WD_2:mug.c:55	(at logger.py:129) 
2019-03-02 02:05:40,527 [D] └:F:n:WD_2:mug.c:54	(at logger.py:129) 
2019-03-02 02:05:40,539 [D] ┌:F:n:WD_3:mug.c:55	(at logger.py:129) 
2019-03-02 02:05:40,539 [D] |:F:n:WD_3:mug.c:54	(at logger.py:129) 
2019-03-02 02:05:40,539 [D] └:F:n:WD_3:mug.c:53	(at logger.py:129) 
2019-03-02 02:05:40,585 [D] -:C:n:WD_1:mug.c:54	(at logger.py:129) 
2019-03-02 02:05:40,597 [D] ┌:F:n:WD_2:mug.c:54	(at logger.py:129) 
2019-03-02 02:05:40,597 [D] └:F:n:WD_2:mug.c:53	(at logger.py:129) 
2019-03-02 02:05:40,609 [D] ┌:F:n:WD_3:mug.c:54	(at logger.py:129) 
2019-03-02 02:05:40,609 [D] |:F:n:WD_3:mug.c:53	(at logger.py:129) 
2019-03-02 02:05:40,609 [D] └:F:n:WD_3:mug.c:52	(at logger.py:129) 
2019-03-02 02:05:40,621 [D] -:F:n:WD_1:mug.c:53	(at logger.py:129) 
2019-03-02 02:05:40,633 [D] ┌:F:n:WD_2:mug.c:53	(at logger.py:129) 
2019-03-02 02:05:40,634 [D] └:F:n:WD_2:mug.c:52	(at logger.py:129) 
2019-03-02 02:05:40,668 [D] ┌:F:n:WD_3:mug.c:53	(at logger.py:129) 
2019-03-02 02:05:40,668 [D] |:F:n:WD_3:mug.c:52	(at logger.py:129) 
2019-03-02 02:05:40,668 [D] └:F:n:WD_3:mug.c:51	(at logger.py:129) 
2019-03-02 02:05:40,681 [D] -:F:n:WD_1:mug.c:52	(at logger.py:129) 
2019-03-02 02:05:40,694 [D] ┌:F:n:WD_2:mug.c:52	(at logger.py:129) 
2019-03-02 02:05:40,694 [D] └:F:n:WD_2:mug.c:51	(at logger.py:129) 
2019-03-02 02:05:40,706 [D] ┌:F:n:WD_3:mug.c:52	(at logger.py:129) 
2019-03-02 02:05:40,706 [D] |:F:n:WD_3:mug.c:51	(at logger.py:129) 
2019-03-02 02:05:40,706 [D] └:F:n:WD_3:mug.c:39	(at logger.py:129) 
2019-03-02 02:05:40,718 [D] -:F:n:WD_1:mug.c:51	(at logger.py:129) 
2019-03-02 02:05:40,729 [D] ┌:F:n:WD_2:mug.c:51	(at logger.py:129) 
2019-03-02 02:05:40,729 [D] └:F:n:WD_2:mug.c:39	(at logger.py:129) 
2019-03-02 02:05:40,741 [D] ┌:F:n:WD_3:mug.c:51	(at logger.py:129) 
2019-03-02 02:05:40,741 [D] |:F:n:WD_3:mug.c:39	(at logger.py:129) 
2019-03-02 02:05:40,741 [D] └:F:n:WD_3:mug.c:38	(at logger.py:129) 
2019-03-02 02:05:40,741 [D]  : : :pass:mug.c:50	(at logger.py:129) 
2019-03-02 02:05:40,741 [D]  : : :pass:mug.c:49	(at logger.py:129) 
2019-03-02 02:05:40,742 [D]  : : :pass:mug.c:48	(at logger.py:129) 
2019-03-02 02:05:40,742 [D]  : : :pass:mug.c:47	(at logger.py:129) 
2019-03-02 02:05:40,742 [D]  : : :pass:mug.c:46	(at logger.py:129) 
2019-03-02 02:05:40,742 [D]  : : :pass:mug.c:45	(at logger.py:129) 
2019-03-02 02:05:40,742 [D]  : : :pass:mug.c:44	(at logger.py:129) 
2019-03-02 02:05:40,742 [D]  : : :pass:mug.c:43	(at logger.py:129) 
2019-03-02 02:05:40,742 [D]  : : :pass:mug.c:42	(at logger.py:129) 
2019-03-02 02:05:40,742 [D]  : : :pass:mug.c:41	(at logger.py:129) 
2019-03-02 02:05:40,742 [D]  : : :pass:mug.c:40	(at logger.py:129) 
2019-03-02 02:05:40,755 [D] -:F:n:WD_1:mug.c:39	(at logger.py:129) 
2019-03-02 02:05:40,766 [D] ┌:F:n:WD_2:mug.c:39	(at logger.py:129) 
2019-03-02 02:05:40,766 [D] └:F:n:WD_2:mug.c:38	(at logger.py:129) 
2019-03-02 02:05:40,802 [D] ┌:C:c:WD_3:mug.c:39	(at logger.py:129) 
2019-03-02 02:05:40,802 [D] |:C:c:WD_3:mug.c:38	(at logger.py:129) 
2019-03-02 02:05:40,802 [D] └:C:c:WD_3:mug.c:37	(at logger.py:129) 
2019-03-02 02:05:40,838 [D] -:C:c:WD_1:mug.c:38	(at logger.py:129) 
2019-03-02 02:05:40,851 [D] ┌:F:n:WD_2:mug.c:38	(at logger.py:129) 
2019-03-02 02:05:40,851 [D] └:F:n:WD_2:mug.c:37	(at logger.py:129) 
2019-03-02 02:05:40,851 [D] ┌:C:c:WD_3:mug.c:38	(at logger.py:129) 
2019-03-02 02:05:40,851 [D] |:C:c:WD_3:mug.c:37	(at logger.py:129) 
2019-03-02 02:05:40,852 [D] └:C:c:WD_3:mug.c:35	(at logger.py:129) 
2019-03-02 02:05:40,863 [D] -:F:n:WD_1:mug.c:37	(at logger.py:129) 
2019-03-02 02:05:40,896 [D] ┌:C:c:WD_2:mug.c:37	(at logger.py:129) 
2019-03-02 02:05:40,896 [D] └:C:c:WD_2:mug.c:35	(at logger.py:129) 
2019-03-02 02:05:40,926 [D] ┌:C:c:WD_3:mug.c:37	(at logger.py:129) 
2019-03-02 02:05:40,926 [D] |:C:c:WD_3:mug.c:35	(at logger.py:129) 
2019-03-02 02:05:40,926 [D] └:C:c:WD_3:mug.c:34	(at logger.py:129) 
2019-03-02 02:05:40,926 [D]  : : :pass:mug.c:36	(at logger.py:129) 
2019-03-02 02:05:40,937 [D] -:F:n:WD_1:mug.c:35	(at logger.py:129) 
2019-03-02 02:05:40,947 [D] ┌:F:n:WD_2:mug.c:35	(at logger.py:129) 
2019-03-02 02:05:40,947 [D] └:F:n:WD_2:mug.c:34	(at logger.py:129) 
2019-03-02 02:05:40,947 [D] ┌:C:c:WD_3:mug.c:35	(at logger.py:129) 
2019-03-02 02:05:40,947 [D] |:C:c:WD_3:mug.c:34	(at logger.py:129) 
2019-03-02 02:05:40,947 [D] └:C:c:WD_3:mug.c:33	(at logger.py:129) 
2019-03-02 02:05:40,980 [D] -:C:c:WD_1:mug.c:34	(at logger.py:129) 
2019-03-02 02:05:40,994 [D] ┌:F:n:WD_2:mug.c:34	(at logger.py:129) 
2019-03-02 02:05:40,994 [D] └:F:n:WD_2:mug.c:33	(at logger.py:129) 
2019-03-02 02:05:41,007 [D] ┌:F:n:WD_3:mug.c:34	(at logger.py:129) 
2019-03-02 02:05:41,007 [D] |:F:n:WD_3:mug.c:33	(at logger.py:129) 
2019-03-02 02:05:41,007 [D] └:F:n:WD_3:mug.c:32	(at logger.py:129) 
2019-03-02 02:05:41,019 [D] -:F:n:WD_1:mug.c:33	(at logger.py:129) 
2019-03-02 02:05:41,030 [D] ┌:F:n:WD_2:mug.c:33	(at logger.py:129) 
2019-03-02 02:05:41,030 [D] └:F:n:WD_2:mug.c:32	(at logger.py:129) 
2019-03-02 02:05:41,043 [D] ┌:F:n:WD_3:mug.c:33	(at logger.py:129) 
2019-03-02 02:05:41,043 [D] |:F:n:WD_3:mug.c:32	(at logger.py:129) 
2019-03-02 02:05:41,043 [D] └:F:n:WD_3:mug.c:31	(at logger.py:129) 
2019-03-02 02:05:41,079 [D] -:C:c:WD_1:mug.c:32	(at logger.py:129) 
2019-03-02 02:05:41,092 [D] ┌:F:n:WD_2:mug.c:32	(at logger.py:129) 
2019-03-02 02:05:41,092 [D] └:F:n:WD_2:mug.c:31	(at logger.py:129) 
2019-03-02 02:05:41,103 [D] ┌:F:n:WD_3:mug.c:32	(at logger.py:129) 
2019-03-02 02:05:41,103 [D] |:F:n:WD_3:mug.c:31	(at logger.py:129) 
2019-03-02 02:05:41,103 [D] └:F:n:WD_3:mug.c:30	(at logger.py:129) 
2019-03-02 02:05:41,114 [D] -:F:n:WD_1:mug.c:31	(at logger.py:129) 
2019-03-02 02:05:41,126 [D] ┌:F:n:WD_2:mug.c:31	(at logger.py:129) 
2019-03-02 02:05:41,126 [D] └:F:n:WD_2:mug.c:30	(at logger.py:129) 
2019-03-02 02:05:41,157 [D] ┌:F:n:WD_3:mug.c:31	(at logger.py:129) 
2019-03-02 02:05:41,157 [D] |:F:n:WD_3:mug.c:30	(at logger.py:129) 
2019-03-02 02:05:41,158 [D] └:F:n:WD_3:mug.c:29	(at logger.py:129) 
2019-03-02 02:05:41,169 [D] -:F:n:WD_1:mug.c:30	(at logger.py:129) 
2019-03-02 02:05:41,179 [D] ┌:F:n:WD_2:mug.c:30	(at logger.py:129) 
2019-03-02 02:05:41,180 [D] └:F:n:WD_2:mug.c:29	(at logger.py:129) 
2019-03-02 02:05:41,193 [D] ┌:F:n:WD_3:mug.c:30	(at logger.py:129) 
2019-03-02 02:05:41,193 [D] |:F:n:WD_3:mug.c:29	(at logger.py:129) 
2019-03-02 02:05:41,193 [D] └:F:n:WD_3:mug.c:27	(at logger.py:129) 
2019-03-02 02:05:41,205 [D] -:F:n:WD_1:mug.c:29	(at logger.py:129) 
2019-03-02 02:05:41,216 [D] ┌:F:n:WD_2:mug.c:29	(at logger.py:129) 
2019-03-02 02:05:41,216 [D] └:F:n:WD_2:mug.c:27	(at logger.py:129) 
2019-03-02 02:05:41,228 [D] ┌:F:n:WD_3:mug.c:29	(at logger.py:129) 
2019-03-02 02:05:41,228 [D] |:F:n:WD_3:mug.c:27	(at logger.py:129) 
2019-03-02 02:05:41,228 [D] └:F:n:WD_3:mug.c:25	(at logger.py:129) 
2019-03-02 02:05:41,228 [D]  : : :pass:mug.c:28	(at logger.py:129) 
2019-03-02 02:05:41,240 [D] -:F:n:WD_1:mug.c:27	(at logger.py:129) 
2019-03-02 02:05:41,251 [D] ┌:F:n:WD_2:mug.c:27	(at logger.py:129) 
2019-03-02 02:05:41,251 [D] └:F:n:WD_2:mug.c:25	(at logger.py:129) 
2019-03-02 02:05:41,263 [D] ┌:F:n:WD_3:mug.c:27	(at logger.py:129) 
2019-03-02 02:05:41,263 [D] |:F:n:WD_3:mug.c:25	(at logger.py:129) 
2019-03-02 02:05:41,263 [D] └:F:n:WD_3:mug.c:24	(at logger.py:129) 
2019-03-02 02:05:41,263 [D]  : : :pass:mug.c:26	(at logger.py:129) 
2019-03-02 02:05:41,296 [D] -:C:c:WD_1:mug.c:25	(at logger.py:129) 
2019-03-02 02:05:41,328 [D] ┌:C:c:WD_2:mug.c:25	(at logger.py:129) 
2019-03-02 02:05:41,328 [D] └:C:c:WD_2:mug.c:24	(at logger.py:129) 
2019-03-02 02:05:41,339 [D] ┌:F:n:WD_3:mug.c:25	(at logger.py:129) 
2019-03-02 02:05:41,339 [D] |:F:n:WD_3:mug.c:24	(at logger.py:129) 
2019-03-02 02:05:41,339 [D] └:F:n:WD_3:mug.c:18	(at logger.py:129) 
2019-03-02 02:05:41,339 [D] -:C:c:WD_1:mug.c:24	(at logger.py:129) 
2019-03-02 02:05:41,349 [D] ┌:F:n:WD_2:mug.c:24	(at logger.py:129) 
2019-03-02 02:05:41,349 [D] └:F:n:WD_2:mug.c:18	(at logger.py:129) 
2019-03-02 02:05:41,362 [D] ┌:F:n:WD_3:mug.c:24	(at logger.py:129) 
2019-03-02 02:05:41,362 [D] |:F:n:WD_3:mug.c:18	(at logger.py:129) 
2019-03-02 02:05:41,362 [D] └:F:n:WD_3:mug.c:17	(at logger.py:129) 
2019-03-02 02:05:41,362 [D]  : : :pass:mug.c:23	(at logger.py:129) 
2019-03-02 02:05:41,362 [D]  : : :pass:mug.c:22	(at logger.py:129) 
2019-03-02 02:05:41,362 [D]  : : :pass:mug.c:21	(at logger.py:129) 
2019-03-02 02:05:41,362 [D]  : : :pass:mug.c:20	(at logger.py:129) 
2019-03-02 02:05:41,362 [D]  : : :pass:mug.c:19	(at logger.py:129) 
2019-03-02 02:05:41,362 [D] -:F:n:WD_1:mug.c:18	(at logger.py:129) 
2019-03-02 02:05:41,362 [D] ┌:F:n:WD_2:mug.c:18	(at logger.py:129) 
2019-03-02 02:05:41,362 [D] └:F:n:WD_2:mug.c:17	(at logger.py:129) 
2019-03-02 02:05:41,363 [D] ┌:F:n:WD_3:mug.c:18	(at logger.py:129) 
2019-03-02 02:05:41,363 [D] |:F:n:WD_3:mug.c:17	(at logger.py:129) 
2019-03-02 02:05:41,363 [D] └:F:n:WD_3:mug.c:14	(at logger.py:129) 
2019-03-02 02:05:41,363 [D] -:C:c:WD_1:mug.c:17	(at logger.py:129) 
2019-03-02 02:05:41,363 [D] ┌:C:c:WD_2:mug.c:17	(at logger.py:129) 
2019-03-02 02:05:41,363 [D] └:C:c:WD_2:mug.c:14	(at logger.py:129) 
2019-03-02 02:05:41,363 [D] ┌:F:n:WD_3:mug.c:17	(at logger.py:129) 
2019-03-02 02:05:41,363 [D] |:F:n:WD_3:mug.c:14	(at logger.py:129) 
2019-03-02 02:05:41,363 [D] └:F:n:WD_3:mug.c:11	(at logger.py:129) 
2019-03-02 02:05:41,363 [D]  : : :pass:mug.c:16	(at logger.py:129) 
2019-03-02 02:05:41,363 [D]  : : :pass:mug.c:15	(at logger.py:129) 
2019-03-02 02:05:41,363 [D] -:C:c:WD_1:mug.c:14	(at logger.py:129) 
2019-03-02 02:05:41,363 [D] ┌:F:n:WD_2:mug.c:14	(at logger.py:129) 
2019-03-02 02:05:41,363 [D] └:F:n:WD_2:mug.c:11	(at logger.py:129) 
2019-03-02 02:05:41,364 [D] ┌:F:n:WD_3:mug.c:14	(at logger.py:129) 
2019-03-02 02:05:41,364 [D] |:F:n:WD_3:mug.c:11	(at logger.py:129) 
2019-03-02 02:05:41,364 [D] └:F:n:WD_3:mug.c:10	(at logger.py:129) 
2019-03-02 02:05:41,364 [D]  : : :pass:mug.c:13	(at logger.py:129) 
2019-03-02 02:05:41,364 [D]  : : :pass:mug.c:12	(at logger.py:129) 
2019-03-02 02:05:41,364 [D] -:F:n:WD_1:mug.c:11	(at logger.py:129) 
2019-03-02 02:05:41,364 [D] ┌:F:n:WD_2:mug.c:11	(at logger.py:129) 
2019-03-02 02:05:41,364 [D] └:F:n:WD_2:mug.c:10	(at logger.py:129) 
2019-03-02 02:05:41,364 [D] ┌:F:n:WD_3:mug.c:11	(at logger.py:129) 
2019-03-02 02:05:41,364 [D] |:F:n:WD_3:mug.c:10	(at logger.py:129) 
2019-03-02 02:05:41,364 [D] └:F:n:WD_3:mug.c:9	(at logger.py:129) 
2019-03-02 02:05:41,365 [D] -:F:n:WD_1:mug.c:10	(at logger.py:129) 
2019-03-02 02:05:41,365 [D] ┌:F:n:WD_2:mug.c:10	(at logger.py:129) 
2019-03-02 02:05:41,365 [D] └:F:n:WD_2:mug.c:9	(at logger.py:129) 
2019-03-02 02:05:41,365 [D] ┌:F:n:WD_3:mug.c:10	(at logger.py:129) 
2019-03-02 02:05:41,365 [D] |:F:n:WD_3:mug.c:9	(at logger.py:129) 
2019-03-02 02:05:41,365 [D] └:F:n:WD_3:mug.c:4	(at logger.py:129) 
2019-03-02 02:05:41,366 [D] -:F:n:WD_1:mug.c:9	(at logger.py:129) 
2019-03-02 02:05:41,366 [D] ┌:F:n:WD_2:mug.c:9	(at logger.py:129) 
2019-03-02 02:05:41,366 [D] └:F:n:WD_2:mug.c:4	(at logger.py:129) 
2019-03-02 02:05:41,366 [D] ┌:F:n:WD_3:mug.c:9	(at logger.py:129) 
2019-03-02 02:05:41,366 [D] |:F:n:WD_3:mug.c:4	(at logger.py:129) 
2019-03-02 02:05:41,366 [D] └:F:n:WD_3:mug.c:3	(at logger.py:129) 
2019-03-02 02:05:41,366 [D]  : : :pass:mug.c:8	(at logger.py:129) 
2019-03-02 02:05:41,366 [D]  : : :pass:mug.c:7	(at logger.py:129) 
2019-03-02 02:05:41,366 [D]  : : :pass:mug.c:6	(at logger.py:129) 
2019-03-02 02:05:41,366 [D]  : : :pass:mug.c:5	(at logger.py:129) 
2019-03-02 02:05:41,366 [D] -:F:n:WD_1:mug.c:4	(at logger.py:129) 
2019-03-02 02:05:41,366 [D] ┌:F:n:WD_2:mug.c:4	(at logger.py:129) 
2019-03-02 02:05:41,367 [D] └:F:n:WD_2:mug.c:3	(at logger.py:129) 
2019-03-02 02:05:41,367 [D] ┌:F:n:WD_3:mug.c:4	(at logger.py:129) 
2019-03-02 02:05:41,367 [D] └:F:n:WD_3:mug.c:3	(at logger.py:129) 
2019-03-02 02:05:41,367 [D] -:F:n:WD_1:mug.c:3	(at logger.py:129) 
2019-03-02 02:05:41,367 [D] -:F:n:WD_2:mug.c:3	(at logger.py:129) 
2019-03-02 02:05:41,367 [D] -:F:n:WD_3:mug.c:3	(at logger.py:129) 
2019-03-02 02:05:41,367 [D]  : : :pass:mug.c:2	(at logger.py:129) 
2019-03-02 02:05:41,368 [D]  : : :pass:mug.c:1	(at logger.py:129) 
2019-03-02 02:05:41,368 [D] comp_cached_cnt:27	(at logger.py:134) 
2019-03-02 02:05:41,368 [D] compile_cnt:51	(at logger.py:134) 
2019-03-02 02:05:41,368 [D] execute_cnt:1	(at logger.py:134) 
2019-03-02 02:05:41,368 [D] fail_del_cnt:15	(at logger.py:134) 
2019-03-02 02:05:41,368 [D] iter_idx:3	(at logger.py:134) 
2019-03-02 02:05:41,368 [D] reuse_cnt:14	(at logger.py:134) 
2019-03-02 02:05:41,368 [D] succ_del_cnt:0	(at logger.py:134) 
2019-03-02 02:05:41,368 [D] time:0.8676266670227051	(at logger.py:134) 
2019-03-02 02:05:41,368 [D] deletion:37	(at logger.py:136) 
